[2022-10-29 03:21:59,988] {processor.py:153} INFO - Started process (PID=11541) to work on /home/airflow/.local/lib/python3.7/site-packages/airflow/example_dags/example_xcom.py
[2022-10-29 03:22:00,019] {processor.py:641} INFO - Processing file /home/airflow/.local/lib/python3.7/site-packages/airflow/example_dags/example_xcom.py for tasks to queue
[2022-10-29 03:22:00,051] {logging_mixin.py:115} INFO - [2022-10-29 03:22:00,051] {dagbag.py:507} INFO - Filling up the DagBag from /home/airflow/.local/lib/python3.7/site-packages/airflow/example_dags/example_xcom.py
[2022-10-29 03:22:00,552] {logging_mixin.py:115} INFO - [2022-10-29 03:22:00,538] {dagbag.py:320} ERROR - Failed to import: /home/airflow/.local/lib/python3.7/site-packages/airflow/example_dags/example_xcom.py
Traceback (most recent call last):
  File "/home/airflow/.local/lib/python3.7/site-packages/airflow/models/dagbag.py", line 317, in parse
    loader.exec_module(new_module)
  File "<frozen importlib._bootstrap_external>", line 728, in exec_module
  File "<frozen importlib._bootstrap>", line 219, in _call_with_frames_removed
  File "/home/airflow/.local/lib/python3.7/site-packages/airflow/example_dags/example_xcom.py", line 24, in <module>
    from airflow.operators.bash import BashOperator
  File "/home/airflow/.local/lib/python3.7/site-packages/airflow/operators/bash.py", line 23, in <module>
    from airflow.hooks.subprocess import SubprocessHook
  File "/home/airflow/.local/lib/python3.7/site-packages/airflow/hooks/subprocess.py", line 30, in <module>
    class SubprocessHook(BaseHook):
  File "/home/airflow/.local/lib/python3.7/site-packages/airflow/hooks/subprocess.py", line 30, in SubprocessHook
    class SubprocessHook(BaseHook):
SystemError: unknown opcode
[2022-10-29 03:22:00,553] {processor.py:653} WARNING - No viable dags retrieved from /home/airflow/.local/lib/python3.7/site-packages/airflow/example_dags/example_xcom.py
[2022-10-29 03:22:00,772] {processor.py:161} INFO - Processing /home/airflow/.local/lib/python3.7/site-packages/airflow/example_dags/example_xcom.py took 0.882 seconds
[2022-10-29 03:22:31,716] {processor.py:153} INFO - Started process (PID=11594) to work on /home/airflow/.local/lib/python3.7/site-packages/airflow/example_dags/example_xcom.py
[2022-10-29 03:22:31,717] {processor.py:641} INFO - Processing file /home/airflow/.local/lib/python3.7/site-packages/airflow/example_dags/example_xcom.py for tasks to queue
[2022-10-29 03:22:31,719] {logging_mixin.py:115} INFO - [2022-10-29 03:22:31,719] {dagbag.py:507} INFO - Filling up the DagBag from /home/airflow/.local/lib/python3.7/site-packages/airflow/example_dags/example_xcom.py
[2022-10-29 03:22:31,749] {logging_mixin.py:115} INFO - [2022-10-29 03:22:31,748] {dagbag.py:320} ERROR - Failed to import: /home/airflow/.local/lib/python3.7/site-packages/airflow/example_dags/example_xcom.py
Traceback (most recent call last):
  File "/home/airflow/.local/lib/python3.7/site-packages/airflow/models/dagbag.py", line 317, in parse
    loader.exec_module(new_module)
  File "<frozen importlib._bootstrap_external>", line 728, in exec_module
  File "<frozen importlib._bootstrap>", line 219, in _call_with_frames_removed
  File "/home/airflow/.local/lib/python3.7/site-packages/airflow/example_dags/example_xcom.py", line 24, in <module>
    from airflow.operators.bash import BashOperator
  File "/home/airflow/.local/lib/python3.7/site-packages/airflow/operators/bash.py", line 23, in <module>
    from airflow.hooks.subprocess import SubprocessHook
  File "/home/airflow/.local/lib/python3.7/site-packages/airflow/hooks/subprocess.py", line 30, in <module>
    class SubprocessHook(BaseHook):
  File "/home/airflow/.local/lib/python3.7/site-packages/airflow/hooks/subprocess.py", line 30, in SubprocessHook
    class SubprocessHook(BaseHook):
SystemError: unknown opcode
[2022-10-29 03:22:31,750] {processor.py:653} WARNING - No viable dags retrieved from /home/airflow/.local/lib/python3.7/site-packages/airflow/example_dags/example_xcom.py
[2022-10-29 03:22:31,806] {processor.py:161} INFO - Processing /home/airflow/.local/lib/python3.7/site-packages/airflow/example_dags/example_xcom.py took 0.095 seconds
