[2022-10-29 03:22:12,270] {processor.py:153} INFO - Started process (PID=11574) to work on /home/airflow/.local/lib/python3.7/site-packages/airflow/example_dags/example_subdag_operator.py
[2022-10-29 03:22:12,272] {processor.py:641} INFO - Processing file /home/airflow/.local/lib/python3.7/site-packages/airflow/example_dags/example_subdag_operator.py for tasks to queue
[2022-10-29 03:22:12,274] {logging_mixin.py:115} INFO - [2022-10-29 03:22:12,273] {dagbag.py:507} INFO - Filling up the DagBag from /home/airflow/.local/lib/python3.7/site-packages/airflow/example_dags/example_subdag_operator.py
[2022-10-29 03:22:12,487] {processor.py:651} INFO - DAG(s) dict_keys(['example_subdag_operator.section-1', 'example_subdag_operator.section-2', 'example_subdag_operator']) retrieved from /home/airflow/.local/lib/python3.7/site-packages/airflow/example_dags/example_subdag_operator.py
[2022-10-29 03:22:12,735] {logging_mixin.py:115} INFO - [2022-10-29 03:22:12,734] {dag.py:2371} INFO - Sync 3 DAGs
[2022-10-29 03:22:12,833] {logging_mixin.py:115} INFO - [2022-10-29 03:22:12,832] {dag.py:2919} INFO - Setting next_dagrun for example_subdag_operator to 2022-10-27T00:00:00+00:00, run_after=2022-10-27T00:00:00+00:00
[2022-10-29 03:22:12,833] {logging_mixin.py:115} INFO - [2022-10-29 03:22:12,833] {dag.py:2919} INFO - Setting next_dagrun for example_subdag_operator.section-1 to None, run_after=None
[2022-10-29 03:22:12,834] {logging_mixin.py:115} INFO - [2022-10-29 03:22:12,834] {dag.py:2919} INFO - Setting next_dagrun for example_subdag_operator.section-2 to None, run_after=None
[2022-10-29 03:22:12,894] {logging_mixin.py:115} INFO - [2022-10-29 03:22:12,894] {dag.py:2371} INFO - Sync 2 DAGs
[2022-10-29 03:22:12,915] {logging_mixin.py:115} INFO - [2022-10-29 03:22:12,915] {dag.py:2919} INFO - Setting next_dagrun for example_subdag_operator.section-1 to None, run_after=None
[2022-10-29 03:22:12,917] {logging_mixin.py:115} INFO - [2022-10-29 03:22:12,916] {dag.py:2919} INFO - Setting next_dagrun for example_subdag_operator.section-2 to None, run_after=None
[2022-10-29 03:22:12,954] {processor.py:161} INFO - Processing /home/airflow/.local/lib/python3.7/site-packages/airflow/example_dags/example_subdag_operator.py took 0.702 seconds
[2022-10-29 03:22:43,494] {processor.py:153} INFO - Started process (PID=11628) to work on /home/airflow/.local/lib/python3.7/site-packages/airflow/example_dags/example_subdag_operator.py
[2022-10-29 03:22:43,496] {processor.py:641} INFO - Processing file /home/airflow/.local/lib/python3.7/site-packages/airflow/example_dags/example_subdag_operator.py for tasks to queue
[2022-10-29 03:22:43,497] {logging_mixin.py:115} INFO - [2022-10-29 03:22:43,497] {dagbag.py:507} INFO - Filling up the DagBag from /home/airflow/.local/lib/python3.7/site-packages/airflow/example_dags/example_subdag_operator.py
[2022-10-29 03:22:43,547] {processor.py:651} INFO - DAG(s) dict_keys(['example_subdag_operator.section-1', 'example_subdag_operator.section-2', 'example_subdag_operator']) retrieved from /home/airflow/.local/lib/python3.7/site-packages/airflow/example_dags/example_subdag_operator.py
[2022-10-29 03:22:43,609] {logging_mixin.py:115} INFO - [2022-10-29 03:22:43,609] {dag.py:2371} INFO - Sync 3 DAGs
[2022-10-29 03:22:43,665] {logging_mixin.py:115} INFO - [2022-10-29 03:22:43,665] {dag.py:2919} INFO - Setting next_dagrun for example_subdag_operator to 2022-10-27T00:00:00+00:00, run_after=2022-10-27T00:00:00+00:00
[2022-10-29 03:22:43,667] {logging_mixin.py:115} INFO - [2022-10-29 03:22:43,667] {dag.py:2919} INFO - Setting next_dagrun for example_subdag_operator.section-1 to None, run_after=None
[2022-10-29 03:22:43,669] {logging_mixin.py:115} INFO - [2022-10-29 03:22:43,668] {dag.py:2919} INFO - Setting next_dagrun for example_subdag_operator.section-2 to None, run_after=None
[2022-10-29 03:22:43,692] {logging_mixin.py:115} INFO - [2022-10-29 03:22:43,691] {dag.py:2371} INFO - Sync 2 DAGs
[2022-10-29 03:22:43,713] {logging_mixin.py:115} INFO - [2022-10-29 03:22:43,713] {dag.py:2919} INFO - Setting next_dagrun for example_subdag_operator.section-1 to None, run_after=None
[2022-10-29 03:22:43,715] {logging_mixin.py:115} INFO - [2022-10-29 03:22:43,715] {dag.py:2919} INFO - Setting next_dagrun for example_subdag_operator.section-2 to None, run_after=None
[2022-10-29 03:22:43,740] {processor.py:161} INFO - Processing /home/airflow/.local/lib/python3.7/site-packages/airflow/example_dags/example_subdag_operator.py took 0.251 seconds
