[2022-10-29 03:22:05,012] {processor.py:153} INFO - Started process (PID=11555) to work on /home/airflow/.local/lib/python3.7/site-packages/airflow/example_dags/tutorial.py
[2022-10-29 03:22:05,025] {processor.py:641} INFO - Processing file /home/airflow/.local/lib/python3.7/site-packages/airflow/example_dags/tutorial.py for tasks to queue
[2022-10-29 03:22:05,060] {logging_mixin.py:115} INFO - [2022-10-29 03:22:05,060] {dagbag.py:507} INFO - Filling up the DagBag from /home/airflow/.local/lib/python3.7/site-packages/airflow/example_dags/tutorial.py
[2022-10-29 03:22:05,125] {logging_mixin.py:115} INFO - [2022-10-29 03:22:05,089] {dagbag.py:320} ERROR - Failed to import: /home/airflow/.local/lib/python3.7/site-packages/airflow/example_dags/tutorial.py
Traceback (most recent call last):
  File "/home/airflow/.local/lib/python3.7/site-packages/airflow/models/dagbag.py", line 317, in parse
    loader.exec_module(new_module)
  File "<frozen importlib._bootstrap_external>", line 728, in exec_module
  File "<frozen importlib._bootstrap>", line 219, in _call_with_frames_removed
  File "/home/airflow/.local/lib/python3.7/site-packages/airflow/example_dags/tutorial.py", line 33, in <module>
    from airflow.operators.bash import BashOperator
  File "/home/airflow/.local/lib/python3.7/site-packages/airflow/operators/bash.py", line 23, in <module>
    from airflow.hooks.subprocess import SubprocessHook
  File "/home/airflow/.local/lib/python3.7/site-packages/airflow/hooks/subprocess.py", line 30, in <module>
    class SubprocessHook(BaseHook):
  File "/home/airflow/.local/lib/python3.7/site-packages/airflow/hooks/subprocess.py", line 30, in SubprocessHook
    class SubprocessHook(BaseHook):
SystemError: unknown opcode
[2022-10-29 03:22:05,126] {processor.py:653} WARNING - No viable dags retrieved from /home/airflow/.local/lib/python3.7/site-packages/airflow/example_dags/tutorial.py
[2022-10-29 03:22:05,386] {processor.py:161} INFO - Processing /home/airflow/.local/lib/python3.7/site-packages/airflow/example_dags/tutorial.py took 0.379 seconds
[2022-10-29 03:22:36,724] {processor.py:153} INFO - Started process (PID=11609) to work on /home/airflow/.local/lib/python3.7/site-packages/airflow/example_dags/tutorial.py
[2022-10-29 03:22:36,736] {processor.py:641} INFO - Processing file /home/airflow/.local/lib/python3.7/site-packages/airflow/example_dags/tutorial.py for tasks to queue
[2022-10-29 03:22:36,746] {logging_mixin.py:115} INFO - [2022-10-29 03:22:36,745] {dagbag.py:507} INFO - Filling up the DagBag from /home/airflow/.local/lib/python3.7/site-packages/airflow/example_dags/tutorial.py
[2022-10-29 03:22:36,778] {logging_mixin.py:115} INFO - [2022-10-29 03:22:36,776] {dagbag.py:320} ERROR - Failed to import: /home/airflow/.local/lib/python3.7/site-packages/airflow/example_dags/tutorial.py
Traceback (most recent call last):
  File "/home/airflow/.local/lib/python3.7/site-packages/airflow/models/dagbag.py", line 317, in parse
    loader.exec_module(new_module)
  File "<frozen importlib._bootstrap_external>", line 728, in exec_module
  File "<frozen importlib._bootstrap>", line 219, in _call_with_frames_removed
  File "/home/airflow/.local/lib/python3.7/site-packages/airflow/example_dags/tutorial.py", line 33, in <module>
    from airflow.operators.bash import BashOperator
  File "/home/airflow/.local/lib/python3.7/site-packages/airflow/operators/bash.py", line 23, in <module>
    from airflow.hooks.subprocess import SubprocessHook
  File "/home/airflow/.local/lib/python3.7/site-packages/airflow/hooks/subprocess.py", line 30, in <module>
    class SubprocessHook(BaseHook):
  File "/home/airflow/.local/lib/python3.7/site-packages/airflow/hooks/subprocess.py", line 30, in SubprocessHook
    class SubprocessHook(BaseHook):
SystemError: unknown opcode
[2022-10-29 03:22:36,803] {processor.py:653} WARNING - No viable dags retrieved from /home/airflow/.local/lib/python3.7/site-packages/airflow/example_dags/tutorial.py
[2022-10-29 03:22:36,980] {processor.py:161} INFO - Processing /home/airflow/.local/lib/python3.7/site-packages/airflow/example_dags/tutorial.py took 0.273 seconds
