[2022-10-27 11:02:04,243] {processor.py:153} INFO - Started process (PID=5258) to work on /home/airflow/.local/lib/python3.7/site-packages/airflow/example_dags/example_branch_operator_decorator.py
[2022-10-27 11:02:04,255] {processor.py:641} INFO - Processing file /home/airflow/.local/lib/python3.7/site-packages/airflow/example_dags/example_branch_operator_decorator.py for tasks to queue
[2022-10-27 11:02:04,320] {logging_mixin.py:115} INFO - [2022-10-27 11:02:04,319] {dagbag.py:507} INFO - Filling up the DagBag from /home/airflow/.local/lib/python3.7/site-packages/airflow/example_dags/example_branch_operator_decorator.py
[2022-10-27 11:02:05,112] {processor.py:651} INFO - DAG(s) dict_keys(['example_branch_python_operator_decorator']) retrieved from /home/airflow/.local/lib/python3.7/site-packages/airflow/example_dags/example_branch_operator_decorator.py
[2022-10-27 11:02:06,355] {logging_mixin.py:115} INFO - [2022-10-27 11:02:06,355] {dag.py:2371} INFO - Sync 1 DAGs
[2022-10-27 11:02:07,632] {logging_mixin.py:115} INFO - [2022-10-27 11:02:07,632] {dag.py:2919} INFO - Setting next_dagrun for example_branch_python_operator_decorator to 2022-10-26T00:00:00+00:00, run_after=2022-10-27T00:00:00+00:00
[2022-10-27 11:02:08,180] {processor.py:161} INFO - Processing /home/airflow/.local/lib/python3.7/site-packages/airflow/example_dags/example_branch_operator_decorator.py took 4.068 seconds
[2022-10-27 11:02:39,513] {processor.py:153} INFO - Started process (PID=5304) to work on /home/airflow/.local/lib/python3.7/site-packages/airflow/example_dags/example_branch_operator_decorator.py
[2022-10-27 11:02:39,521] {processor.py:641} INFO - Processing file /home/airflow/.local/lib/python3.7/site-packages/airflow/example_dags/example_branch_operator_decorator.py for tasks to queue
[2022-10-27 11:02:39,522] {logging_mixin.py:115} INFO - [2022-10-27 11:02:39,522] {dagbag.py:507} INFO - Filling up the DagBag from /home/airflow/.local/lib/python3.7/site-packages/airflow/example_dags/example_branch_operator_decorator.py
[2022-10-27 11:02:39,684] {processor.py:651} INFO - DAG(s) dict_keys(['example_branch_python_operator_decorator']) retrieved from /home/airflow/.local/lib/python3.7/site-packages/airflow/example_dags/example_branch_operator_decorator.py
[2022-10-27 11:02:39,944] {logging_mixin.py:115} INFO - [2022-10-27 11:02:39,944] {dag.py:2371} INFO - Sync 1 DAGs
[2022-10-27 11:02:40,128] {logging_mixin.py:115} INFO - [2022-10-27 11:02:40,128] {dag.py:2919} INFO - Setting next_dagrun for example_branch_python_operator_decorator to 2022-10-26T00:00:00+00:00, run_after=2022-10-27T00:00:00+00:00
[2022-10-27 11:02:40,293] {processor.py:161} INFO - Processing /home/airflow/.local/lib/python3.7/site-packages/airflow/example_dags/example_branch_operator_decorator.py took 0.822 seconds
[2022-10-27 11:03:10,766] {processor.py:153} INFO - Started process (PID=5358) to work on /home/airflow/.local/lib/python3.7/site-packages/airflow/example_dags/example_branch_operator_decorator.py
[2022-10-27 11:03:10,768] {processor.py:641} INFO - Processing file /home/airflow/.local/lib/python3.7/site-packages/airflow/example_dags/example_branch_operator_decorator.py for tasks to queue
[2022-10-27 11:03:10,769] {logging_mixin.py:115} INFO - [2022-10-27 11:03:10,769] {dagbag.py:507} INFO - Filling up the DagBag from /home/airflow/.local/lib/python3.7/site-packages/airflow/example_dags/example_branch_operator_decorator.py
[2022-10-27 11:03:10,797] {processor.py:651} INFO - DAG(s) dict_keys(['example_branch_python_operator_decorator']) retrieved from /home/airflow/.local/lib/python3.7/site-packages/airflow/example_dags/example_branch_operator_decorator.py
[2022-10-27 11:03:10,839] {logging_mixin.py:115} INFO - [2022-10-27 11:03:10,839] {dag.py:2371} INFO - Sync 1 DAGs
[2022-10-27 11:03:10,876] {logging_mixin.py:115} INFO - [2022-10-27 11:03:10,875] {dag.py:2919} INFO - Setting next_dagrun for example_branch_python_operator_decorator to 2022-10-26T00:00:00+00:00, run_after=2022-10-27T00:00:00+00:00
[2022-10-27 11:03:10,899] {processor.py:161} INFO - Processing /home/airflow/.local/lib/python3.7/site-packages/airflow/example_dags/example_branch_operator_decorator.py took 0.138 seconds
[2022-10-27 11:03:41,146] {processor.py:153} INFO - Started process (PID=5412) to work on /home/airflow/.local/lib/python3.7/site-packages/airflow/example_dags/example_branch_operator_decorator.py
[2022-10-27 11:03:41,148] {processor.py:641} INFO - Processing file /home/airflow/.local/lib/python3.7/site-packages/airflow/example_dags/example_branch_operator_decorator.py for tasks to queue
[2022-10-27 11:03:41,150] {logging_mixin.py:115} INFO - [2022-10-27 11:03:41,150] {dagbag.py:507} INFO - Filling up the DagBag from /home/airflow/.local/lib/python3.7/site-packages/airflow/example_dags/example_branch_operator_decorator.py
[2022-10-27 11:03:41,230] {processor.py:651} INFO - DAG(s) dict_keys(['example_branch_python_operator_decorator']) retrieved from /home/airflow/.local/lib/python3.7/site-packages/airflow/example_dags/example_branch_operator_decorator.py
[2022-10-27 11:03:41,284] {logging_mixin.py:115} INFO - [2022-10-27 11:03:41,283] {dag.py:2371} INFO - Sync 1 DAGs
[2022-10-27 11:03:41,335] {logging_mixin.py:115} INFO - [2022-10-27 11:03:41,335] {dag.py:2919} INFO - Setting next_dagrun for example_branch_python_operator_decorator to 2022-10-26T00:00:00+00:00, run_after=2022-10-27T00:00:00+00:00
[2022-10-27 11:03:41,378] {processor.py:161} INFO - Processing /home/airflow/.local/lib/python3.7/site-packages/airflow/example_dags/example_branch_operator_decorator.py took 0.239 seconds
[2022-10-27 11:04:11,988] {processor.py:153} INFO - Started process (PID=5466) to work on /home/airflow/.local/lib/python3.7/site-packages/airflow/example_dags/example_branch_operator_decorator.py
[2022-10-27 11:04:11,990] {processor.py:641} INFO - Processing file /home/airflow/.local/lib/python3.7/site-packages/airflow/example_dags/example_branch_operator_decorator.py for tasks to queue
[2022-10-27 11:04:11,991] {logging_mixin.py:115} INFO - [2022-10-27 11:04:11,991] {dagbag.py:507} INFO - Filling up the DagBag from /home/airflow/.local/lib/python3.7/site-packages/airflow/example_dags/example_branch_operator_decorator.py
[2022-10-27 11:04:12,036] {processor.py:651} INFO - DAG(s) dict_keys(['example_branch_python_operator_decorator']) retrieved from /home/airflow/.local/lib/python3.7/site-packages/airflow/example_dags/example_branch_operator_decorator.py
[2022-10-27 11:04:12,103] {logging_mixin.py:115} INFO - [2022-10-27 11:04:12,103] {dag.py:2371} INFO - Sync 1 DAGs
[2022-10-27 11:04:12,244] {logging_mixin.py:115} INFO - [2022-10-27 11:04:12,233] {dag.py:2919} INFO - Setting next_dagrun for example_branch_python_operator_decorator to 2022-10-26T00:00:00+00:00, run_after=2022-10-27T00:00:00+00:00
[2022-10-27 11:04:12,309] {processor.py:161} INFO - Processing /home/airflow/.local/lib/python3.7/site-packages/airflow/example_dags/example_branch_operator_decorator.py took 0.325 seconds
[2022-10-27 11:04:43,262] {processor.py:153} INFO - Started process (PID=5519) to work on /home/airflow/.local/lib/python3.7/site-packages/airflow/example_dags/example_branch_operator_decorator.py
[2022-10-27 11:04:43,267] {processor.py:641} INFO - Processing file /home/airflow/.local/lib/python3.7/site-packages/airflow/example_dags/example_branch_operator_decorator.py for tasks to queue
[2022-10-27 11:04:43,284] {logging_mixin.py:115} INFO - [2022-10-27 11:04:43,283] {dagbag.py:507} INFO - Filling up the DagBag from /home/airflow/.local/lib/python3.7/site-packages/airflow/example_dags/example_branch_operator_decorator.py
[2022-10-27 11:04:43,434] {processor.py:651} INFO - DAG(s) dict_keys(['example_branch_python_operator_decorator']) retrieved from /home/airflow/.local/lib/python3.7/site-packages/airflow/example_dags/example_branch_operator_decorator.py
[2022-10-27 11:04:43,570] {logging_mixin.py:115} INFO - [2022-10-27 11:04:43,570] {dag.py:2371} INFO - Sync 1 DAGs
[2022-10-27 11:04:43,699] {logging_mixin.py:115} INFO - [2022-10-27 11:04:43,698] {dag.py:2919} INFO - Setting next_dagrun for example_branch_python_operator_decorator to 2022-10-26T00:00:00+00:00, run_after=2022-10-27T00:00:00+00:00
[2022-10-27 11:04:43,768] {processor.py:161} INFO - Processing /home/airflow/.local/lib/python3.7/site-packages/airflow/example_dags/example_branch_operator_decorator.py took 0.513 seconds
[2022-10-27 11:05:14,063] {processor.py:153} INFO - Started process (PID=5572) to work on /home/airflow/.local/lib/python3.7/site-packages/airflow/example_dags/example_branch_operator_decorator.py
[2022-10-27 11:05:14,079] {processor.py:641} INFO - Processing file /home/airflow/.local/lib/python3.7/site-packages/airflow/example_dags/example_branch_operator_decorator.py for tasks to queue
[2022-10-27 11:05:14,081] {logging_mixin.py:115} INFO - [2022-10-27 11:05:14,080] {dagbag.py:507} INFO - Filling up the DagBag from /home/airflow/.local/lib/python3.7/site-packages/airflow/example_dags/example_branch_operator_decorator.py
[2022-10-27 11:05:14,231] {processor.py:651} INFO - DAG(s) dict_keys(['example_branch_python_operator_decorator']) retrieved from /home/airflow/.local/lib/python3.7/site-packages/airflow/example_dags/example_branch_operator_decorator.py
[2022-10-27 11:05:14,361] {logging_mixin.py:115} INFO - [2022-10-27 11:05:14,360] {dag.py:2371} INFO - Sync 1 DAGs
[2022-10-27 11:05:14,447] {logging_mixin.py:115} INFO - [2022-10-27 11:05:14,447] {dag.py:2919} INFO - Setting next_dagrun for example_branch_python_operator_decorator to 2022-10-26T00:00:00+00:00, run_after=2022-10-27T00:00:00+00:00
[2022-10-27 11:05:14,525] {processor.py:161} INFO - Processing /home/airflow/.local/lib/python3.7/site-packages/airflow/example_dags/example_branch_operator_decorator.py took 0.467 seconds
[2022-10-27 11:05:45,433] {processor.py:153} INFO - Started process (PID=5625) to work on /home/airflow/.local/lib/python3.7/site-packages/airflow/example_dags/example_branch_operator_decorator.py
[2022-10-27 11:05:45,436] {processor.py:641} INFO - Processing file /home/airflow/.local/lib/python3.7/site-packages/airflow/example_dags/example_branch_operator_decorator.py for tasks to queue
[2022-10-27 11:05:45,453] {logging_mixin.py:115} INFO - [2022-10-27 11:05:45,452] {dagbag.py:507} INFO - Filling up the DagBag from /home/airflow/.local/lib/python3.7/site-packages/airflow/example_dags/example_branch_operator_decorator.py
[2022-10-27 11:05:45,559] {processor.py:651} INFO - DAG(s) dict_keys(['example_branch_python_operator_decorator']) retrieved from /home/airflow/.local/lib/python3.7/site-packages/airflow/example_dags/example_branch_operator_decorator.py
[2022-10-27 11:05:45,707] {logging_mixin.py:115} INFO - [2022-10-27 11:05:45,707] {dag.py:2371} INFO - Sync 1 DAGs
[2022-10-27 11:05:45,829] {logging_mixin.py:115} INFO - [2022-10-27 11:05:45,828] {dag.py:2919} INFO - Setting next_dagrun for example_branch_python_operator_decorator to 2022-10-26T00:00:00+00:00, run_after=2022-10-27T00:00:00+00:00
[2022-10-27 11:05:45,891] {processor.py:161} INFO - Processing /home/airflow/.local/lib/python3.7/site-packages/airflow/example_dags/example_branch_operator_decorator.py took 0.490 seconds
[2022-10-27 11:06:16,077] {processor.py:153} INFO - Started process (PID=5670) to work on /home/airflow/.local/lib/python3.7/site-packages/airflow/example_dags/example_branch_operator_decorator.py
[2022-10-27 11:06:16,090] {processor.py:641} INFO - Processing file /home/airflow/.local/lib/python3.7/site-packages/airflow/example_dags/example_branch_operator_decorator.py for tasks to queue
[2022-10-27 11:06:16,092] {logging_mixin.py:115} INFO - [2022-10-27 11:06:16,092] {dagbag.py:507} INFO - Filling up the DagBag from /home/airflow/.local/lib/python3.7/site-packages/airflow/example_dags/example_branch_operator_decorator.py
[2022-10-27 11:06:16,210] {processor.py:651} INFO - DAG(s) dict_keys(['example_branch_python_operator_decorator']) retrieved from /home/airflow/.local/lib/python3.7/site-packages/airflow/example_dags/example_branch_operator_decorator.py
[2022-10-27 11:06:16,370] {logging_mixin.py:115} INFO - [2022-10-27 11:06:16,370] {dag.py:2371} INFO - Sync 1 DAGs
[2022-10-27 11:06:16,515] {logging_mixin.py:115} INFO - [2022-10-27 11:06:16,514] {dag.py:2919} INFO - Setting next_dagrun for example_branch_python_operator_decorator to 2022-10-26T00:00:00+00:00, run_after=2022-10-27T00:00:00+00:00
[2022-10-27 11:06:16,584] {processor.py:161} INFO - Processing /home/airflow/.local/lib/python3.7/site-packages/airflow/example_dags/example_branch_operator_decorator.py took 0.524 seconds
[2022-10-27 11:06:48,341] {processor.py:153} INFO - Started process (PID=5724) to work on /home/airflow/.local/lib/python3.7/site-packages/airflow/example_dags/example_branch_operator_decorator.py
[2022-10-27 11:06:48,342] {processor.py:641} INFO - Processing file /home/airflow/.local/lib/python3.7/site-packages/airflow/example_dags/example_branch_operator_decorator.py for tasks to queue
[2022-10-27 11:06:48,344] {logging_mixin.py:115} INFO - [2022-10-27 11:06:48,344] {dagbag.py:507} INFO - Filling up the DagBag from /home/airflow/.local/lib/python3.7/site-packages/airflow/example_dags/example_branch_operator_decorator.py
[2022-10-27 11:06:48,519] {processor.py:651} INFO - DAG(s) dict_keys(['example_branch_python_operator_decorator']) retrieved from /home/airflow/.local/lib/python3.7/site-packages/airflow/example_dags/example_branch_operator_decorator.py
[2022-10-27 11:06:48,763] {logging_mixin.py:115} INFO - [2022-10-27 11:06:48,763] {dag.py:2371} INFO - Sync 1 DAGs
[2022-10-27 11:06:48,962] {logging_mixin.py:115} INFO - [2022-10-27 11:06:48,962] {dag.py:2919} INFO - Setting next_dagrun for example_branch_python_operator_decorator to 2022-10-26T00:00:00+00:00, run_after=2022-10-27T00:00:00+00:00
[2022-10-27 11:06:49,104] {processor.py:161} INFO - Processing /home/airflow/.local/lib/python3.7/site-packages/airflow/example_dags/example_branch_operator_decorator.py took 0.789 seconds
[2022-10-27 11:07:19,423] {processor.py:153} INFO - Started process (PID=5768) to work on /home/airflow/.local/lib/python3.7/site-packages/airflow/example_dags/example_branch_operator_decorator.py
[2022-10-27 11:07:19,424] {processor.py:641} INFO - Processing file /home/airflow/.local/lib/python3.7/site-packages/airflow/example_dags/example_branch_operator_decorator.py for tasks to queue
[2022-10-27 11:07:19,426] {logging_mixin.py:115} INFO - [2022-10-27 11:07:19,426] {dagbag.py:507} INFO - Filling up the DagBag from /home/airflow/.local/lib/python3.7/site-packages/airflow/example_dags/example_branch_operator_decorator.py
[2022-10-27 11:07:19,473] {processor.py:651} INFO - DAG(s) dict_keys(['example_branch_python_operator_decorator']) retrieved from /home/airflow/.local/lib/python3.7/site-packages/airflow/example_dags/example_branch_operator_decorator.py
[2022-10-27 11:07:19,524] {logging_mixin.py:115} INFO - [2022-10-27 11:07:19,524] {dag.py:2371} INFO - Sync 1 DAGs
[2022-10-27 11:07:19,569] {logging_mixin.py:115} INFO - [2022-10-27 11:07:19,568] {dag.py:2919} INFO - Setting next_dagrun for example_branch_python_operator_decorator to 2022-10-26T00:00:00+00:00, run_after=2022-10-27T00:00:00+00:00
[2022-10-27 11:07:19,626] {processor.py:161} INFO - Processing /home/airflow/.local/lib/python3.7/site-packages/airflow/example_dags/example_branch_operator_decorator.py took 0.209 seconds
[2022-10-27 11:07:49,864] {processor.py:153} INFO - Started process (PID=5822) to work on /home/airflow/.local/lib/python3.7/site-packages/airflow/example_dags/example_branch_operator_decorator.py
[2022-10-27 11:07:49,865] {processor.py:641} INFO - Processing file /home/airflow/.local/lib/python3.7/site-packages/airflow/example_dags/example_branch_operator_decorator.py for tasks to queue
[2022-10-27 11:07:49,867] {logging_mixin.py:115} INFO - [2022-10-27 11:07:49,867] {dagbag.py:507} INFO - Filling up the DagBag from /home/airflow/.local/lib/python3.7/site-packages/airflow/example_dags/example_branch_operator_decorator.py
[2022-10-27 11:07:49,916] {processor.py:651} INFO - DAG(s) dict_keys(['example_branch_python_operator_decorator']) retrieved from /home/airflow/.local/lib/python3.7/site-packages/airflow/example_dags/example_branch_operator_decorator.py
[2022-10-27 11:07:49,990] {logging_mixin.py:115} INFO - [2022-10-27 11:07:49,990] {dag.py:2371} INFO - Sync 1 DAGs
[2022-10-27 11:07:50,048] {logging_mixin.py:115} INFO - [2022-10-27 11:07:50,048] {dag.py:2919} INFO - Setting next_dagrun for example_branch_python_operator_decorator to 2022-10-26T00:00:00+00:00, run_after=2022-10-27T00:00:00+00:00
[2022-10-27 11:07:50,080] {processor.py:161} INFO - Processing /home/airflow/.local/lib/python3.7/site-packages/airflow/example_dags/example_branch_operator_decorator.py took 0.229 seconds
[2022-10-27 11:08:21,985] {processor.py:153} INFO - Started process (PID=5876) to work on /home/airflow/.local/lib/python3.7/site-packages/airflow/example_dags/example_branch_operator_decorator.py
[2022-10-27 11:08:21,998] {processor.py:641} INFO - Processing file /home/airflow/.local/lib/python3.7/site-packages/airflow/example_dags/example_branch_operator_decorator.py for tasks to queue
[2022-10-27 11:08:22,006] {logging_mixin.py:115} INFO - [2022-10-27 11:08:22,001] {dagbag.py:507} INFO - Filling up the DagBag from /home/airflow/.local/lib/python3.7/site-packages/airflow/example_dags/example_branch_operator_decorator.py
[2022-10-27 11:08:22,174] {processor.py:651} INFO - DAG(s) dict_keys(['example_branch_python_operator_decorator']) retrieved from /home/airflow/.local/lib/python3.7/site-packages/airflow/example_dags/example_branch_operator_decorator.py
[2022-10-27 11:08:22,382] {logging_mixin.py:115} INFO - [2022-10-27 11:08:22,382] {dag.py:2371} INFO - Sync 1 DAGs
[2022-10-27 11:08:22,622] {logging_mixin.py:115} INFO - [2022-10-27 11:08:22,621] {dag.py:2919} INFO - Setting next_dagrun for example_branch_python_operator_decorator to 2022-10-26T00:00:00+00:00, run_after=2022-10-27T00:00:00+00:00
[2022-10-27 11:08:22,810] {processor.py:161} INFO - Processing /home/airflow/.local/lib/python3.7/site-packages/airflow/example_dags/example_branch_operator_decorator.py took 0.846 seconds
[2022-10-27 11:08:55,951] {processor.py:153} INFO - Started process (PID=5929) to work on /home/airflow/.local/lib/python3.7/site-packages/airflow/example_dags/example_branch_operator_decorator.py
[2022-10-27 11:08:55,997] {processor.py:641} INFO - Processing file /home/airflow/.local/lib/python3.7/site-packages/airflow/example_dags/example_branch_operator_decorator.py for tasks to queue
[2022-10-27 11:08:56,014] {logging_mixin.py:115} INFO - [2022-10-27 11:08:56,013] {dagbag.py:507} INFO - Filling up the DagBag from /home/airflow/.local/lib/python3.7/site-packages/airflow/example_dags/example_branch_operator_decorator.py
[2022-10-27 11:08:56,249] {processor.py:651} INFO - DAG(s) dict_keys(['example_branch_python_operator_decorator']) retrieved from /home/airflow/.local/lib/python3.7/site-packages/airflow/example_dags/example_branch_operator_decorator.py
[2022-10-27 11:08:56,607] {logging_mixin.py:115} INFO - [2022-10-27 11:08:56,607] {dag.py:2371} INFO - Sync 1 DAGs
[2022-10-27 11:08:56,799] {logging_mixin.py:115} INFO - [2022-10-27 11:08:56,799] {dag.py:2919} INFO - Setting next_dagrun for example_branch_python_operator_decorator to 2022-10-26T00:00:00+00:00, run_after=2022-10-27T00:00:00+00:00
[2022-10-27 11:08:56,949] {processor.py:161} INFO - Processing /home/airflow/.local/lib/python3.7/site-packages/airflow/example_dags/example_branch_operator_decorator.py took 1.016 seconds
[2022-10-27 11:09:29,063] {processor.py:153} INFO - Started process (PID=5983) to work on /home/airflow/.local/lib/python3.7/site-packages/airflow/example_dags/example_branch_operator_decorator.py
[2022-10-27 11:09:29,091] {processor.py:641} INFO - Processing file /home/airflow/.local/lib/python3.7/site-packages/airflow/example_dags/example_branch_operator_decorator.py for tasks to queue
[2022-10-27 11:09:29,110] {logging_mixin.py:115} INFO - [2022-10-27 11:09:29,110] {dagbag.py:507} INFO - Filling up the DagBag from /home/airflow/.local/lib/python3.7/site-packages/airflow/example_dags/example_branch_operator_decorator.py
[2022-10-27 11:09:29,368] {processor.py:651} INFO - DAG(s) dict_keys(['example_branch_python_operator_decorator']) retrieved from /home/airflow/.local/lib/python3.7/site-packages/airflow/example_dags/example_branch_operator_decorator.py
[2022-10-27 11:09:29,784] {logging_mixin.py:115} INFO - [2022-10-27 11:09:29,773] {dag.py:2371} INFO - Sync 1 DAGs
[2022-10-27 11:09:30,051] {logging_mixin.py:115} INFO - [2022-10-27 11:09:30,050] {dag.py:2919} INFO - Setting next_dagrun for example_branch_python_operator_decorator to 2022-10-26T00:00:00+00:00, run_after=2022-10-27T00:00:00+00:00
[2022-10-27 11:09:30,619] {processor.py:161} INFO - Processing /home/airflow/.local/lib/python3.7/site-packages/airflow/example_dags/example_branch_operator_decorator.py took 1.565 seconds
[2022-10-27 11:10:01,722] {processor.py:153} INFO - Started process (PID=6028) to work on /home/airflow/.local/lib/python3.7/site-packages/airflow/example_dags/example_branch_operator_decorator.py
[2022-10-27 11:10:01,724] {processor.py:641} INFO - Processing file /home/airflow/.local/lib/python3.7/site-packages/airflow/example_dags/example_branch_operator_decorator.py for tasks to queue
[2022-10-27 11:10:01,725] {logging_mixin.py:115} INFO - [2022-10-27 11:10:01,725] {dagbag.py:507} INFO - Filling up the DagBag from /home/airflow/.local/lib/python3.7/site-packages/airflow/example_dags/example_branch_operator_decorator.py
[2022-10-27 11:10:01,763] {processor.py:651} INFO - DAG(s) dict_keys(['example_branch_python_operator_decorator']) retrieved from /home/airflow/.local/lib/python3.7/site-packages/airflow/example_dags/example_branch_operator_decorator.py
[2022-10-27 11:10:01,813] {logging_mixin.py:115} INFO - [2022-10-27 11:10:01,813] {dag.py:2371} INFO - Sync 1 DAGs
[2022-10-27 11:10:01,856] {logging_mixin.py:115} INFO - [2022-10-27 11:10:01,856] {dag.py:2919} INFO - Setting next_dagrun for example_branch_python_operator_decorator to 2022-10-26T00:00:00+00:00, run_after=2022-10-27T00:00:00+00:00
[2022-10-27 11:10:01,892] {processor.py:161} INFO - Processing /home/airflow/.local/lib/python3.7/site-packages/airflow/example_dags/example_branch_operator_decorator.py took 0.176 seconds
[2022-10-27 11:10:32,528] {processor.py:153} INFO - Started process (PID=6083) to work on /home/airflow/.local/lib/python3.7/site-packages/airflow/example_dags/example_branch_operator_decorator.py
[2022-10-27 11:10:32,532] {processor.py:641} INFO - Processing file /home/airflow/.local/lib/python3.7/site-packages/airflow/example_dags/example_branch_operator_decorator.py for tasks to queue
[2022-10-27 11:10:32,541] {logging_mixin.py:115} INFO - [2022-10-27 11:10:32,540] {dagbag.py:507} INFO - Filling up the DagBag from /home/airflow/.local/lib/python3.7/site-packages/airflow/example_dags/example_branch_operator_decorator.py
[2022-10-27 11:10:32,625] {processor.py:651} INFO - DAG(s) dict_keys(['example_branch_python_operator_decorator']) retrieved from /home/airflow/.local/lib/python3.7/site-packages/airflow/example_dags/example_branch_operator_decorator.py
[2022-10-27 11:10:32,743] {logging_mixin.py:115} INFO - [2022-10-27 11:10:32,742] {dag.py:2371} INFO - Sync 1 DAGs
[2022-10-27 11:10:32,792] {logging_mixin.py:115} INFO - [2022-10-27 11:10:32,792] {dag.py:2919} INFO - Setting next_dagrun for example_branch_python_operator_decorator to 2022-10-26T00:00:00+00:00, run_after=2022-10-27T00:00:00+00:00
[2022-10-27 11:10:32,821] {processor.py:161} INFO - Processing /home/airflow/.local/lib/python3.7/site-packages/airflow/example_dags/example_branch_operator_decorator.py took 0.307 seconds
[2022-10-27 11:11:03,303] {processor.py:153} INFO - Started process (PID=6136) to work on /home/airflow/.local/lib/python3.7/site-packages/airflow/example_dags/example_branch_operator_decorator.py
[2022-10-27 11:11:03,318] {processor.py:641} INFO - Processing file /home/airflow/.local/lib/python3.7/site-packages/airflow/example_dags/example_branch_operator_decorator.py for tasks to queue
[2022-10-27 11:11:03,362] {logging_mixin.py:115} INFO - [2022-10-27 11:11:03,362] {dagbag.py:507} INFO - Filling up the DagBag from /home/airflow/.local/lib/python3.7/site-packages/airflow/example_dags/example_branch_operator_decorator.py
[2022-10-27 11:11:03,636] {processor.py:651} INFO - DAG(s) dict_keys(['example_branch_python_operator_decorator']) retrieved from /home/airflow/.local/lib/python3.7/site-packages/airflow/example_dags/example_branch_operator_decorator.py
[2022-10-27 11:11:03,963] {logging_mixin.py:115} INFO - [2022-10-27 11:11:03,962] {dag.py:2371} INFO - Sync 1 DAGs
[2022-10-27 11:11:04,258] {logging_mixin.py:115} INFO - [2022-10-27 11:11:04,258] {dag.py:2919} INFO - Setting next_dagrun for example_branch_python_operator_decorator to 2022-10-26T00:00:00+00:00, run_after=2022-10-27T00:00:00+00:00
[2022-10-27 11:11:04,432] {processor.py:161} INFO - Processing /home/airflow/.local/lib/python3.7/site-packages/airflow/example_dags/example_branch_operator_decorator.py took 1.147 seconds
[2022-10-27 11:11:36,857] {processor.py:153} INFO - Started process (PID=6190) to work on /home/airflow/.local/lib/python3.7/site-packages/airflow/example_dags/example_branch_operator_decorator.py
[2022-10-27 11:11:36,895] {processor.py:641} INFO - Processing file /home/airflow/.local/lib/python3.7/site-packages/airflow/example_dags/example_branch_operator_decorator.py for tasks to queue
[2022-10-27 11:11:36,910] {logging_mixin.py:115} INFO - [2022-10-27 11:11:36,910] {dagbag.py:507} INFO - Filling up the DagBag from /home/airflow/.local/lib/python3.7/site-packages/airflow/example_dags/example_branch_operator_decorator.py
[2022-10-27 11:11:37,093] {processor.py:651} INFO - DAG(s) dict_keys(['example_branch_python_operator_decorator']) retrieved from /home/airflow/.local/lib/python3.7/site-packages/airflow/example_dags/example_branch_operator_decorator.py
[2022-10-27 11:11:37,395] {logging_mixin.py:115} INFO - [2022-10-27 11:11:37,395] {dag.py:2371} INFO - Sync 1 DAGs
[2022-10-27 11:11:37,689] {logging_mixin.py:115} INFO - [2022-10-27 11:11:37,688] {dag.py:2919} INFO - Setting next_dagrun for example_branch_python_operator_decorator to 2022-10-26T00:00:00+00:00, run_after=2022-10-27T00:00:00+00:00
[2022-10-27 11:11:37,847] {processor.py:161} INFO - Processing /home/airflow/.local/lib/python3.7/site-packages/airflow/example_dags/example_branch_operator_decorator.py took 1.009 seconds
[2022-10-27 11:12:08,675] {processor.py:153} INFO - Started process (PID=6242) to work on /home/airflow/.local/lib/python3.7/site-packages/airflow/example_dags/example_branch_operator_decorator.py
[2022-10-27 11:12:08,677] {processor.py:641} INFO - Processing file /home/airflow/.local/lib/python3.7/site-packages/airflow/example_dags/example_branch_operator_decorator.py for tasks to queue
[2022-10-27 11:12:08,680] {logging_mixin.py:115} INFO - [2022-10-27 11:12:08,680] {dagbag.py:507} INFO - Filling up the DagBag from /home/airflow/.local/lib/python3.7/site-packages/airflow/example_dags/example_branch_operator_decorator.py
[2022-10-27 11:12:08,734] {processor.py:651} INFO - DAG(s) dict_keys(['example_branch_python_operator_decorator']) retrieved from /home/airflow/.local/lib/python3.7/site-packages/airflow/example_dags/example_branch_operator_decorator.py
[2022-10-27 11:12:08,812] {logging_mixin.py:115} INFO - [2022-10-27 11:12:08,812] {dag.py:2371} INFO - Sync 1 DAGs
[2022-10-27 11:12:08,858] {logging_mixin.py:115} INFO - [2022-10-27 11:12:08,858] {dag.py:2919} INFO - Setting next_dagrun for example_branch_python_operator_decorator to 2022-10-26T00:00:00+00:00, run_after=2022-10-27T00:00:00+00:00
[2022-10-27 11:12:08,888] {processor.py:161} INFO - Processing /home/airflow/.local/lib/python3.7/site-packages/airflow/example_dags/example_branch_operator_decorator.py took 0.228 seconds
[2022-10-27 11:12:39,352] {processor.py:153} INFO - Started process (PID=6294) to work on /home/airflow/.local/lib/python3.7/site-packages/airflow/example_dags/example_branch_operator_decorator.py
[2022-10-27 11:12:39,354] {processor.py:641} INFO - Processing file /home/airflow/.local/lib/python3.7/site-packages/airflow/example_dags/example_branch_operator_decorator.py for tasks to queue
[2022-10-27 11:12:39,355] {logging_mixin.py:115} INFO - [2022-10-27 11:12:39,355] {dagbag.py:507} INFO - Filling up the DagBag from /home/airflow/.local/lib/python3.7/site-packages/airflow/example_dags/example_branch_operator_decorator.py
[2022-10-27 11:12:39,392] {processor.py:651} INFO - DAG(s) dict_keys(['example_branch_python_operator_decorator']) retrieved from /home/airflow/.local/lib/python3.7/site-packages/airflow/example_dags/example_branch_operator_decorator.py
[2022-10-27 11:12:39,443] {logging_mixin.py:115} INFO - [2022-10-27 11:12:39,443] {dag.py:2371} INFO - Sync 1 DAGs
[2022-10-27 11:12:39,485] {logging_mixin.py:115} INFO - [2022-10-27 11:12:39,485] {dag.py:2919} INFO - Setting next_dagrun for example_branch_python_operator_decorator to 2022-10-26T00:00:00+00:00, run_after=2022-10-27T00:00:00+00:00
[2022-10-27 11:12:39,512] {processor.py:161} INFO - Processing /home/airflow/.local/lib/python3.7/site-packages/airflow/example_dags/example_branch_operator_decorator.py took 0.166 seconds
[2022-10-27 11:13:10,084] {processor.py:153} INFO - Started process (PID=6347) to work on /home/airflow/.local/lib/python3.7/site-packages/airflow/example_dags/example_branch_operator_decorator.py
[2022-10-27 11:13:10,086] {processor.py:641} INFO - Processing file /home/airflow/.local/lib/python3.7/site-packages/airflow/example_dags/example_branch_operator_decorator.py for tasks to queue
[2022-10-27 11:13:10,087] {logging_mixin.py:115} INFO - [2022-10-27 11:13:10,087] {dagbag.py:507} INFO - Filling up the DagBag from /home/airflow/.local/lib/python3.7/site-packages/airflow/example_dags/example_branch_operator_decorator.py
[2022-10-27 11:13:10,119] {processor.py:651} INFO - DAG(s) dict_keys(['example_branch_python_operator_decorator']) retrieved from /home/airflow/.local/lib/python3.7/site-packages/airflow/example_dags/example_branch_operator_decorator.py
[2022-10-27 11:13:10,169] {logging_mixin.py:115} INFO - [2022-10-27 11:13:10,168] {dag.py:2371} INFO - Sync 1 DAGs
[2022-10-27 11:13:10,209] {logging_mixin.py:115} INFO - [2022-10-27 11:13:10,209] {dag.py:2919} INFO - Setting next_dagrun for example_branch_python_operator_decorator to 2022-10-26T00:00:00+00:00, run_after=2022-10-27T00:00:00+00:00
[2022-10-27 11:13:10,245] {processor.py:161} INFO - Processing /home/airflow/.local/lib/python3.7/site-packages/airflow/example_dags/example_branch_operator_decorator.py took 0.166 seconds
[2022-10-27 11:13:42,472] {processor.py:153} INFO - Started process (PID=6401) to work on /home/airflow/.local/lib/python3.7/site-packages/airflow/example_dags/example_branch_operator_decorator.py
[2022-10-27 11:13:42,487] {processor.py:641} INFO - Processing file /home/airflow/.local/lib/python3.7/site-packages/airflow/example_dags/example_branch_operator_decorator.py for tasks to queue
[2022-10-27 11:13:42,505] {logging_mixin.py:115} INFO - [2022-10-27 11:13:42,505] {dagbag.py:507} INFO - Filling up the DagBag from /home/airflow/.local/lib/python3.7/site-packages/airflow/example_dags/example_branch_operator_decorator.py
[2022-10-27 11:13:42,843] {processor.py:651} INFO - DAG(s) dict_keys(['example_branch_python_operator_decorator']) retrieved from /home/airflow/.local/lib/python3.7/site-packages/airflow/example_dags/example_branch_operator_decorator.py
[2022-10-27 11:13:43,460] {logging_mixin.py:115} INFO - [2022-10-27 11:13:43,459] {dag.py:2371} INFO - Sync 1 DAGs
[2022-10-27 11:13:43,882] {logging_mixin.py:115} INFO - [2022-10-27 11:13:43,882] {dag.py:2919} INFO - Setting next_dagrun for example_branch_python_operator_decorator to 2022-10-26T00:00:00+00:00, run_after=2022-10-27T00:00:00+00:00
[2022-10-27 11:13:44,043] {processor.py:161} INFO - Processing /home/airflow/.local/lib/python3.7/site-packages/airflow/example_dags/example_branch_operator_decorator.py took 1.596 seconds
[2022-10-27 11:14:14,489] {processor.py:153} INFO - Started process (PID=6445) to work on /home/airflow/.local/lib/python3.7/site-packages/airflow/example_dags/example_branch_operator_decorator.py
[2022-10-27 11:14:14,500] {processor.py:641} INFO - Processing file /home/airflow/.local/lib/python3.7/site-packages/airflow/example_dags/example_branch_operator_decorator.py for tasks to queue
[2022-10-27 11:14:14,505] {logging_mixin.py:115} INFO - [2022-10-27 11:14:14,505] {dagbag.py:507} INFO - Filling up the DagBag from /home/airflow/.local/lib/python3.7/site-packages/airflow/example_dags/example_branch_operator_decorator.py
[2022-10-27 11:14:14,699] {processor.py:651} INFO - DAG(s) dict_keys(['example_branch_python_operator_decorator']) retrieved from /home/airflow/.local/lib/python3.7/site-packages/airflow/example_dags/example_branch_operator_decorator.py
[2022-10-27 11:14:14,945] {logging_mixin.py:115} INFO - [2022-10-27 11:14:14,944] {dag.py:2371} INFO - Sync 1 DAGs
[2022-10-27 11:14:15,095] {logging_mixin.py:115} INFO - [2022-10-27 11:14:15,095] {dag.py:2919} INFO - Setting next_dagrun for example_branch_python_operator_decorator to 2022-10-26T00:00:00+00:00, run_after=2022-10-27T00:00:00+00:00
[2022-10-27 11:14:15,227] {processor.py:161} INFO - Processing /home/airflow/.local/lib/python3.7/site-packages/airflow/example_dags/example_branch_operator_decorator.py took 0.749 seconds
[2022-10-27 11:14:45,910] {processor.py:153} INFO - Started process (PID=6499) to work on /home/airflow/.local/lib/python3.7/site-packages/airflow/example_dags/example_branch_operator_decorator.py
[2022-10-27 11:14:45,911] {processor.py:641} INFO - Processing file /home/airflow/.local/lib/python3.7/site-packages/airflow/example_dags/example_branch_operator_decorator.py for tasks to queue
[2022-10-27 11:14:45,915] {logging_mixin.py:115} INFO - [2022-10-27 11:14:45,913] {dagbag.py:507} INFO - Filling up the DagBag from /home/airflow/.local/lib/python3.7/site-packages/airflow/example_dags/example_branch_operator_decorator.py
[2022-10-27 11:14:45,968] {processor.py:651} INFO - DAG(s) dict_keys(['example_branch_python_operator_decorator']) retrieved from /home/airflow/.local/lib/python3.7/site-packages/airflow/example_dags/example_branch_operator_decorator.py
[2022-10-27 11:14:46,029] {logging_mixin.py:115} INFO - [2022-10-27 11:14:46,028] {dag.py:2371} INFO - Sync 1 DAGs
[2022-10-27 11:14:46,091] {logging_mixin.py:115} INFO - [2022-10-27 11:14:46,091] {dag.py:2919} INFO - Setting next_dagrun for example_branch_python_operator_decorator to 2022-10-26T00:00:00+00:00, run_after=2022-10-27T00:00:00+00:00
[2022-10-27 11:14:46,119] {processor.py:161} INFO - Processing /home/airflow/.local/lib/python3.7/site-packages/airflow/example_dags/example_branch_operator_decorator.py took 0.216 seconds
[2022-10-27 11:15:16,798] {processor.py:153} INFO - Started process (PID=6560) to work on /home/airflow/.local/lib/python3.7/site-packages/airflow/example_dags/example_branch_operator_decorator.py
[2022-10-27 11:15:16,801] {processor.py:641} INFO - Processing file /home/airflow/.local/lib/python3.7/site-packages/airflow/example_dags/example_branch_operator_decorator.py for tasks to queue
[2022-10-27 11:15:16,803] {logging_mixin.py:115} INFO - [2022-10-27 11:15:16,803] {dagbag.py:507} INFO - Filling up the DagBag from /home/airflow/.local/lib/python3.7/site-packages/airflow/example_dags/example_branch_operator_decorator.py
[2022-10-27 11:15:16,858] {processor.py:651} INFO - DAG(s) dict_keys(['example_branch_python_operator_decorator']) retrieved from /home/airflow/.local/lib/python3.7/site-packages/airflow/example_dags/example_branch_operator_decorator.py
[2022-10-27 11:15:16,943] {logging_mixin.py:115} INFO - [2022-10-27 11:15:16,943] {dag.py:2371} INFO - Sync 1 DAGs
[2022-10-27 11:15:17,011] {logging_mixin.py:115} INFO - [2022-10-27 11:15:17,011] {dag.py:2919} INFO - Setting next_dagrun for example_branch_python_operator_decorator to 2022-10-26T00:00:00+00:00, run_after=2022-10-27T00:00:00+00:00
[2022-10-27 11:15:17,049] {processor.py:161} INFO - Processing /home/airflow/.local/lib/python3.7/site-packages/airflow/example_dags/example_branch_operator_decorator.py took 0.260 seconds
[2022-10-27 11:15:47,238] {processor.py:153} INFO - Started process (PID=6614) to work on /home/airflow/.local/lib/python3.7/site-packages/airflow/example_dags/example_branch_operator_decorator.py
[2022-10-27 11:15:47,240] {processor.py:641} INFO - Processing file /home/airflow/.local/lib/python3.7/site-packages/airflow/example_dags/example_branch_operator_decorator.py for tasks to queue
[2022-10-27 11:15:47,241] {logging_mixin.py:115} INFO - [2022-10-27 11:15:47,241] {dagbag.py:507} INFO - Filling up the DagBag from /home/airflow/.local/lib/python3.7/site-packages/airflow/example_dags/example_branch_operator_decorator.py
[2022-10-27 11:15:47,294] {processor.py:651} INFO - DAG(s) dict_keys(['example_branch_python_operator_decorator']) retrieved from /home/airflow/.local/lib/python3.7/site-packages/airflow/example_dags/example_branch_operator_decorator.py
[2022-10-27 11:15:47,357] {logging_mixin.py:115} INFO - [2022-10-27 11:15:47,357] {dag.py:2371} INFO - Sync 1 DAGs
[2022-10-27 11:15:47,447] {logging_mixin.py:115} INFO - [2022-10-27 11:15:47,447] {dag.py:2919} INFO - Setting next_dagrun for example_branch_python_operator_decorator to 2022-10-26T00:00:00+00:00, run_after=2022-10-27T00:00:00+00:00
[2022-10-27 11:15:47,484] {processor.py:161} INFO - Processing /home/airflow/.local/lib/python3.7/site-packages/airflow/example_dags/example_branch_operator_decorator.py took 0.258 seconds
[2022-10-27 11:16:18,258] {processor.py:153} INFO - Started process (PID=6665) to work on /home/airflow/.local/lib/python3.7/site-packages/airflow/example_dags/example_branch_operator_decorator.py
[2022-10-27 11:16:18,260] {processor.py:641} INFO - Processing file /home/airflow/.local/lib/python3.7/site-packages/airflow/example_dags/example_branch_operator_decorator.py for tasks to queue
[2022-10-27 11:16:18,266] {logging_mixin.py:115} INFO - [2022-10-27 11:16:18,266] {dagbag.py:507} INFO - Filling up the DagBag from /home/airflow/.local/lib/python3.7/site-packages/airflow/example_dags/example_branch_operator_decorator.py
[2022-10-27 11:16:18,424] {processor.py:651} INFO - DAG(s) dict_keys(['example_branch_python_operator_decorator']) retrieved from /home/airflow/.local/lib/python3.7/site-packages/airflow/example_dags/example_branch_operator_decorator.py
[2022-10-27 11:16:18,640] {logging_mixin.py:115} INFO - [2022-10-27 11:16:18,640] {dag.py:2371} INFO - Sync 1 DAGs
[2022-10-27 11:16:18,846] {logging_mixin.py:115} INFO - [2022-10-27 11:16:18,846] {dag.py:2919} INFO - Setting next_dagrun for example_branch_python_operator_decorator to 2022-10-26T00:00:00+00:00, run_after=2022-10-27T00:00:00+00:00
[2022-10-27 11:16:18,947] {processor.py:161} INFO - Processing /home/airflow/.local/lib/python3.7/site-packages/airflow/example_dags/example_branch_operator_decorator.py took 0.706 seconds
[2022-10-27 11:16:49,431] {processor.py:153} INFO - Started process (PID=6718) to work on /home/airflow/.local/lib/python3.7/site-packages/airflow/example_dags/example_branch_operator_decorator.py
[2022-10-27 11:16:49,435] {processor.py:641} INFO - Processing file /home/airflow/.local/lib/python3.7/site-packages/airflow/example_dags/example_branch_operator_decorator.py for tasks to queue
[2022-10-27 11:16:49,441] {logging_mixin.py:115} INFO - [2022-10-27 11:16:49,441] {dagbag.py:507} INFO - Filling up the DagBag from /home/airflow/.local/lib/python3.7/site-packages/airflow/example_dags/example_branch_operator_decorator.py
[2022-10-27 11:16:49,598] {processor.py:651} INFO - DAG(s) dict_keys(['example_branch_python_operator_decorator']) retrieved from /home/airflow/.local/lib/python3.7/site-packages/airflow/example_dags/example_branch_operator_decorator.py
[2022-10-27 11:16:49,767] {logging_mixin.py:115} INFO - [2022-10-27 11:16:49,767] {dag.py:2371} INFO - Sync 1 DAGs
[2022-10-27 11:16:49,880] {logging_mixin.py:115} INFO - [2022-10-27 11:16:49,880] {dag.py:2919} INFO - Setting next_dagrun for example_branch_python_operator_decorator to 2022-10-26T00:00:00+00:00, run_after=2022-10-27T00:00:00+00:00
[2022-10-27 11:16:49,993] {processor.py:161} INFO - Processing /home/airflow/.local/lib/python3.7/site-packages/airflow/example_dags/example_branch_operator_decorator.py took 0.581 seconds
[2022-10-27 11:17:20,929] {processor.py:153} INFO - Started process (PID=6762) to work on /home/airflow/.local/lib/python3.7/site-packages/airflow/example_dags/example_branch_operator_decorator.py
[2022-10-27 11:17:20,943] {processor.py:641} INFO - Processing file /home/airflow/.local/lib/python3.7/site-packages/airflow/example_dags/example_branch_operator_decorator.py for tasks to queue
[2022-10-27 11:17:20,952] {logging_mixin.py:115} INFO - [2022-10-27 11:17:20,951] {dagbag.py:507} INFO - Filling up the DagBag from /home/airflow/.local/lib/python3.7/site-packages/airflow/example_dags/example_branch_operator_decorator.py
[2022-10-27 11:17:21,055] {processor.py:651} INFO - DAG(s) dict_keys(['example_branch_python_operator_decorator']) retrieved from /home/airflow/.local/lib/python3.7/site-packages/airflow/example_dags/example_branch_operator_decorator.py
[2022-10-27 11:17:21,191] {logging_mixin.py:115} INFO - [2022-10-27 11:17:21,191] {dag.py:2371} INFO - Sync 1 DAGs
[2022-10-27 11:17:21,311] {logging_mixin.py:115} INFO - [2022-10-27 11:17:21,311] {dag.py:2919} INFO - Setting next_dagrun for example_branch_python_operator_decorator to 2022-10-26T00:00:00+00:00, run_after=2022-10-27T00:00:00+00:00
[2022-10-27 11:17:21,370] {processor.py:161} INFO - Processing /home/airflow/.local/lib/python3.7/site-packages/airflow/example_dags/example_branch_operator_decorator.py took 0.451 seconds
[2022-10-27 11:17:51,918] {processor.py:153} INFO - Started process (PID=6826) to work on /home/airflow/.local/lib/python3.7/site-packages/airflow/example_dags/example_branch_operator_decorator.py
[2022-10-27 11:17:51,920] {processor.py:641} INFO - Processing file /home/airflow/.local/lib/python3.7/site-packages/airflow/example_dags/example_branch_operator_decorator.py for tasks to queue
[2022-10-27 11:17:51,938] {logging_mixin.py:115} INFO - [2022-10-27 11:17:51,938] {dagbag.py:507} INFO - Filling up the DagBag from /home/airflow/.local/lib/python3.7/site-packages/airflow/example_dags/example_branch_operator_decorator.py
[2022-10-27 11:17:52,070] {processor.py:651} INFO - DAG(s) dict_keys(['example_branch_python_operator_decorator']) retrieved from /home/airflow/.local/lib/python3.7/site-packages/airflow/example_dags/example_branch_operator_decorator.py
[2022-10-27 11:17:52,255] {logging_mixin.py:115} INFO - [2022-10-27 11:17:52,254] {dag.py:2371} INFO - Sync 1 DAGs
[2022-10-27 11:17:52,374] {logging_mixin.py:115} INFO - [2022-10-27 11:17:52,374] {dag.py:2919} INFO - Setting next_dagrun for example_branch_python_operator_decorator to 2022-10-26T00:00:00+00:00, run_after=2022-10-27T00:00:00+00:00
[2022-10-27 11:17:52,445] {processor.py:161} INFO - Processing /home/airflow/.local/lib/python3.7/site-packages/airflow/example_dags/example_branch_operator_decorator.py took 0.543 seconds
[2022-10-27 11:18:22,722] {processor.py:153} INFO - Started process (PID=6879) to work on /home/airflow/.local/lib/python3.7/site-packages/airflow/example_dags/example_branch_operator_decorator.py
[2022-10-27 11:18:22,730] {processor.py:641} INFO - Processing file /home/airflow/.local/lib/python3.7/site-packages/airflow/example_dags/example_branch_operator_decorator.py for tasks to queue
[2022-10-27 11:18:22,738] {logging_mixin.py:115} INFO - [2022-10-27 11:18:22,738] {dagbag.py:507} INFO - Filling up the DagBag from /home/airflow/.local/lib/python3.7/site-packages/airflow/example_dags/example_branch_operator_decorator.py
[2022-10-27 11:18:22,832] {processor.py:651} INFO - DAG(s) dict_keys(['example_branch_python_operator_decorator']) retrieved from /home/airflow/.local/lib/python3.7/site-packages/airflow/example_dags/example_branch_operator_decorator.py
[2022-10-27 11:18:22,981] {logging_mixin.py:115} INFO - [2022-10-27 11:18:22,980] {dag.py:2371} INFO - Sync 1 DAGs
[2022-10-27 11:18:23,071] {logging_mixin.py:115} INFO - [2022-10-27 11:18:23,071] {dag.py:2919} INFO - Setting next_dagrun for example_branch_python_operator_decorator to 2022-10-26T00:00:00+00:00, run_after=2022-10-27T00:00:00+00:00
[2022-10-27 11:18:23,102] {processor.py:161} INFO - Processing /home/airflow/.local/lib/python3.7/site-packages/airflow/example_dags/example_branch_operator_decorator.py took 0.391 seconds
[2022-10-27 11:18:53,778] {processor.py:153} INFO - Started process (PID=6931) to work on /home/airflow/.local/lib/python3.7/site-packages/airflow/example_dags/example_branch_operator_decorator.py
[2022-10-27 11:18:53,780] {processor.py:641} INFO - Processing file /home/airflow/.local/lib/python3.7/site-packages/airflow/example_dags/example_branch_operator_decorator.py for tasks to queue
[2022-10-27 11:18:53,783] {logging_mixin.py:115} INFO - [2022-10-27 11:18:53,783] {dagbag.py:507} INFO - Filling up the DagBag from /home/airflow/.local/lib/python3.7/site-packages/airflow/example_dags/example_branch_operator_decorator.py
[2022-10-27 11:18:53,848] {processor.py:651} INFO - DAG(s) dict_keys(['example_branch_python_operator_decorator']) retrieved from /home/airflow/.local/lib/python3.7/site-packages/airflow/example_dags/example_branch_operator_decorator.py
[2022-10-27 11:18:53,943] {logging_mixin.py:115} INFO - [2022-10-27 11:18:53,943] {dag.py:2371} INFO - Sync 1 DAGs
[2022-10-27 11:18:54,045] {logging_mixin.py:115} INFO - [2022-10-27 11:18:54,045] {dag.py:2919} INFO - Setting next_dagrun for example_branch_python_operator_decorator to 2022-10-26T00:00:00+00:00, run_after=2022-10-27T00:00:00+00:00
[2022-10-27 11:18:54,083] {processor.py:161} INFO - Processing /home/airflow/.local/lib/python3.7/site-packages/airflow/example_dags/example_branch_operator_decorator.py took 0.320 seconds
[2022-10-27 11:19:24,413] {processor.py:153} INFO - Started process (PID=6985) to work on /home/airflow/.local/lib/python3.7/site-packages/airflow/example_dags/example_branch_operator_decorator.py
[2022-10-27 11:19:24,414] {processor.py:641} INFO - Processing file /home/airflow/.local/lib/python3.7/site-packages/airflow/example_dags/example_branch_operator_decorator.py for tasks to queue
[2022-10-27 11:19:24,416] {logging_mixin.py:115} INFO - [2022-10-27 11:19:24,416] {dagbag.py:507} INFO - Filling up the DagBag from /home/airflow/.local/lib/python3.7/site-packages/airflow/example_dags/example_branch_operator_decorator.py
[2022-10-27 11:19:24,475] {processor.py:651} INFO - DAG(s) dict_keys(['example_branch_python_operator_decorator']) retrieved from /home/airflow/.local/lib/python3.7/site-packages/airflow/example_dags/example_branch_operator_decorator.py
[2022-10-27 11:19:24,538] {logging_mixin.py:115} INFO - [2022-10-27 11:19:24,538] {dag.py:2371} INFO - Sync 1 DAGs
[2022-10-27 11:19:24,614] {logging_mixin.py:115} INFO - [2022-10-27 11:19:24,614] {dag.py:2919} INFO - Setting next_dagrun for example_branch_python_operator_decorator to 2022-10-26T00:00:00+00:00, run_after=2022-10-27T00:00:00+00:00
[2022-10-27 11:19:24,662] {processor.py:161} INFO - Processing /home/airflow/.local/lib/python3.7/site-packages/airflow/example_dags/example_branch_operator_decorator.py took 0.262 seconds
[2022-10-27 11:19:55,254] {processor.py:153} INFO - Started process (PID=7038) to work on /home/airflow/.local/lib/python3.7/site-packages/airflow/example_dags/example_branch_operator_decorator.py
[2022-10-27 11:19:55,256] {processor.py:641} INFO - Processing file /home/airflow/.local/lib/python3.7/site-packages/airflow/example_dags/example_branch_operator_decorator.py for tasks to queue
[2022-10-27 11:19:55,257] {logging_mixin.py:115} INFO - [2022-10-27 11:19:55,257] {dagbag.py:507} INFO - Filling up the DagBag from /home/airflow/.local/lib/python3.7/site-packages/airflow/example_dags/example_branch_operator_decorator.py
[2022-10-27 11:19:55,309] {processor.py:651} INFO - DAG(s) dict_keys(['example_branch_python_operator_decorator']) retrieved from /home/airflow/.local/lib/python3.7/site-packages/airflow/example_dags/example_branch_operator_decorator.py
[2022-10-27 11:19:55,387] {logging_mixin.py:115} INFO - [2022-10-27 11:19:55,387] {dag.py:2371} INFO - Sync 1 DAGs
[2022-10-27 11:19:55,452] {logging_mixin.py:115} INFO - [2022-10-27 11:19:55,452] {dag.py:2919} INFO - Setting next_dagrun for example_branch_python_operator_decorator to 2022-10-26T00:00:00+00:00, run_after=2022-10-27T00:00:00+00:00
[2022-10-27 11:19:55,499] {processor.py:161} INFO - Processing /home/airflow/.local/lib/python3.7/site-packages/airflow/example_dags/example_branch_operator_decorator.py took 0.254 seconds
[2022-10-27 11:20:25,687] {processor.py:153} INFO - Started process (PID=7093) to work on /home/airflow/.local/lib/python3.7/site-packages/airflow/example_dags/example_branch_operator_decorator.py
[2022-10-27 11:20:25,688] {processor.py:641} INFO - Processing file /home/airflow/.local/lib/python3.7/site-packages/airflow/example_dags/example_branch_operator_decorator.py for tasks to queue
[2022-10-27 11:20:25,690] {logging_mixin.py:115} INFO - [2022-10-27 11:20:25,689] {dagbag.py:507} INFO - Filling up the DagBag from /home/airflow/.local/lib/python3.7/site-packages/airflow/example_dags/example_branch_operator_decorator.py
[2022-10-27 11:20:25,741] {processor.py:651} INFO - DAG(s) dict_keys(['example_branch_python_operator_decorator']) retrieved from /home/airflow/.local/lib/python3.7/site-packages/airflow/example_dags/example_branch_operator_decorator.py
[2022-10-27 11:20:25,818] {logging_mixin.py:115} INFO - [2022-10-27 11:20:25,818] {dag.py:2371} INFO - Sync 1 DAGs
[2022-10-27 11:20:25,867] {logging_mixin.py:115} INFO - [2022-10-27 11:20:25,867] {dag.py:2919} INFO - Setting next_dagrun for example_branch_python_operator_decorator to 2022-10-26T00:00:00+00:00, run_after=2022-10-27T00:00:00+00:00
[2022-10-27 11:20:25,889] {processor.py:161} INFO - Processing /home/airflow/.local/lib/python3.7/site-packages/airflow/example_dags/example_branch_operator_decorator.py took 0.207 seconds
[2022-10-27 11:20:56,726] {processor.py:153} INFO - Started process (PID=7146) to work on /home/airflow/.local/lib/python3.7/site-packages/airflow/example_dags/example_branch_operator_decorator.py
[2022-10-27 11:20:56,727] {processor.py:641} INFO - Processing file /home/airflow/.local/lib/python3.7/site-packages/airflow/example_dags/example_branch_operator_decorator.py for tasks to queue
[2022-10-27 11:20:56,729] {logging_mixin.py:115} INFO - [2022-10-27 11:20:56,729] {dagbag.py:507} INFO - Filling up the DagBag from /home/airflow/.local/lib/python3.7/site-packages/airflow/example_dags/example_branch_operator_decorator.py
[2022-10-27 11:20:56,786] {processor.py:651} INFO - DAG(s) dict_keys(['example_branch_python_operator_decorator']) retrieved from /home/airflow/.local/lib/python3.7/site-packages/airflow/example_dags/example_branch_operator_decorator.py
[2022-10-27 11:20:56,899] {logging_mixin.py:115} INFO - [2022-10-27 11:20:56,898] {dag.py:2371} INFO - Sync 1 DAGs
[2022-10-27 11:20:57,018] {logging_mixin.py:115} INFO - [2022-10-27 11:20:57,018] {dag.py:2919} INFO - Setting next_dagrun for example_branch_python_operator_decorator to 2022-10-26T00:00:00+00:00, run_after=2022-10-27T00:00:00+00:00
[2022-10-27 11:20:57,053] {processor.py:161} INFO - Processing /home/airflow/.local/lib/python3.7/site-packages/airflow/example_dags/example_branch_operator_decorator.py took 0.333 seconds
[2022-10-27 11:21:27,420] {processor.py:153} INFO - Started process (PID=7201) to work on /home/airflow/.local/lib/python3.7/site-packages/airflow/example_dags/example_branch_operator_decorator.py
[2022-10-27 11:21:27,421] {processor.py:641} INFO - Processing file /home/airflow/.local/lib/python3.7/site-packages/airflow/example_dags/example_branch_operator_decorator.py for tasks to queue
[2022-10-27 11:21:27,425] {logging_mixin.py:115} INFO - [2022-10-27 11:21:27,424] {dagbag.py:507} INFO - Filling up the DagBag from /home/airflow/.local/lib/python3.7/site-packages/airflow/example_dags/example_branch_operator_decorator.py
[2022-10-27 11:21:27,498] {processor.py:651} INFO - DAG(s) dict_keys(['example_branch_python_operator_decorator']) retrieved from /home/airflow/.local/lib/python3.7/site-packages/airflow/example_dags/example_branch_operator_decorator.py
[2022-10-27 11:21:27,581] {logging_mixin.py:115} INFO - [2022-10-27 11:21:27,581] {dag.py:2371} INFO - Sync 1 DAGs
[2022-10-27 11:21:27,645] {logging_mixin.py:115} INFO - [2022-10-27 11:21:27,645] {dag.py:2919} INFO - Setting next_dagrun for example_branch_python_operator_decorator to 2022-10-26T00:00:00+00:00, run_after=2022-10-27T00:00:00+00:00
[2022-10-27 11:21:27,678] {processor.py:161} INFO - Processing /home/airflow/.local/lib/python3.7/site-packages/airflow/example_dags/example_branch_operator_decorator.py took 0.268 seconds
[2022-10-27 11:21:57,769] {processor.py:153} INFO - Started process (PID=7261) to work on /home/airflow/.local/lib/python3.7/site-packages/airflow/example_dags/example_branch_operator_decorator.py
[2022-10-27 11:21:57,770] {processor.py:641} INFO - Processing file /home/airflow/.local/lib/python3.7/site-packages/airflow/example_dags/example_branch_operator_decorator.py for tasks to queue
[2022-10-27 11:21:57,772] {logging_mixin.py:115} INFO - [2022-10-27 11:21:57,772] {dagbag.py:507} INFO - Filling up the DagBag from /home/airflow/.local/lib/python3.7/site-packages/airflow/example_dags/example_branch_operator_decorator.py
[2022-10-27 11:21:57,824] {processor.py:651} INFO - DAG(s) dict_keys(['example_branch_python_operator_decorator']) retrieved from /home/airflow/.local/lib/python3.7/site-packages/airflow/example_dags/example_branch_operator_decorator.py
[2022-10-27 11:21:57,900] {logging_mixin.py:115} INFO - [2022-10-27 11:21:57,900] {dag.py:2371} INFO - Sync 1 DAGs
[2022-10-27 11:21:57,971] {logging_mixin.py:115} INFO - [2022-10-27 11:21:57,971] {dag.py:2919} INFO - Setting next_dagrun for example_branch_python_operator_decorator to 2022-10-26T00:00:00+00:00, run_after=2022-10-27T00:00:00+00:00
[2022-10-27 11:21:58,003] {processor.py:161} INFO - Processing /home/airflow/.local/lib/python3.7/site-packages/airflow/example_dags/example_branch_operator_decorator.py took 0.241 seconds
[2022-10-27 11:22:28,821] {processor.py:153} INFO - Started process (PID=7316) to work on /home/airflow/.local/lib/python3.7/site-packages/airflow/example_dags/example_branch_operator_decorator.py
[2022-10-27 11:22:28,824] {processor.py:641} INFO - Processing file /home/airflow/.local/lib/python3.7/site-packages/airflow/example_dags/example_branch_operator_decorator.py for tasks to queue
[2022-10-27 11:22:28,825] {logging_mixin.py:115} INFO - [2022-10-27 11:22:28,825] {dagbag.py:507} INFO - Filling up the DagBag from /home/airflow/.local/lib/python3.7/site-packages/airflow/example_dags/example_branch_operator_decorator.py
[2022-10-27 11:22:28,909] {processor.py:651} INFO - DAG(s) dict_keys(['example_branch_python_operator_decorator']) retrieved from /home/airflow/.local/lib/python3.7/site-packages/airflow/example_dags/example_branch_operator_decorator.py
[2022-10-27 11:22:29,037] {logging_mixin.py:115} INFO - [2022-10-27 11:22:29,037] {dag.py:2371} INFO - Sync 1 DAGs
[2022-10-27 11:22:29,132] {logging_mixin.py:115} INFO - [2022-10-27 11:22:29,132] {dag.py:2919} INFO - Setting next_dagrun for example_branch_python_operator_decorator to 2022-10-26T00:00:00+00:00, run_after=2022-10-27T00:00:00+00:00
[2022-10-27 11:22:29,180] {processor.py:161} INFO - Processing /home/airflow/.local/lib/python3.7/site-packages/airflow/example_dags/example_branch_operator_decorator.py took 0.368 seconds
[2022-10-27 11:22:59,358] {processor.py:153} INFO - Started process (PID=7372) to work on /home/airflow/.local/lib/python3.7/site-packages/airflow/example_dags/example_branch_operator_decorator.py
[2022-10-27 11:22:59,361] {processor.py:641} INFO - Processing file /home/airflow/.local/lib/python3.7/site-packages/airflow/example_dags/example_branch_operator_decorator.py for tasks to queue
[2022-10-27 11:22:59,363] {logging_mixin.py:115} INFO - [2022-10-27 11:22:59,363] {dagbag.py:507} INFO - Filling up the DagBag from /home/airflow/.local/lib/python3.7/site-packages/airflow/example_dags/example_branch_operator_decorator.py
[2022-10-27 11:22:59,429] {processor.py:651} INFO - DAG(s) dict_keys(['example_branch_python_operator_decorator']) retrieved from /home/airflow/.local/lib/python3.7/site-packages/airflow/example_dags/example_branch_operator_decorator.py
[2022-10-27 11:22:59,495] {logging_mixin.py:115} INFO - [2022-10-27 11:22:59,495] {dag.py:2371} INFO - Sync 1 DAGs
[2022-10-27 11:22:59,564] {logging_mixin.py:115} INFO - [2022-10-27 11:22:59,563] {dag.py:2919} INFO - Setting next_dagrun for example_branch_python_operator_decorator to 2022-10-26T00:00:00+00:00, run_after=2022-10-27T00:00:00+00:00
[2022-10-27 11:22:59,599] {processor.py:161} INFO - Processing /home/airflow/.local/lib/python3.7/site-packages/airflow/example_dags/example_branch_operator_decorator.py took 0.252 seconds
[2022-10-27 11:23:30,205] {processor.py:153} INFO - Started process (PID=7422) to work on /home/airflow/.local/lib/python3.7/site-packages/airflow/example_dags/example_branch_operator_decorator.py
[2022-10-27 11:23:30,206] {processor.py:641} INFO - Processing file /home/airflow/.local/lib/python3.7/site-packages/airflow/example_dags/example_branch_operator_decorator.py for tasks to queue
[2022-10-27 11:23:30,207] {logging_mixin.py:115} INFO - [2022-10-27 11:23:30,207] {dagbag.py:507} INFO - Filling up the DagBag from /home/airflow/.local/lib/python3.7/site-packages/airflow/example_dags/example_branch_operator_decorator.py
[2022-10-27 11:23:30,262] {processor.py:651} INFO - DAG(s) dict_keys(['example_branch_python_operator_decorator']) retrieved from /home/airflow/.local/lib/python3.7/site-packages/airflow/example_dags/example_branch_operator_decorator.py
[2022-10-27 11:23:30,311] {logging_mixin.py:115} INFO - [2022-10-27 11:23:30,310] {dag.py:2371} INFO - Sync 1 DAGs
[2022-10-27 11:23:30,351] {logging_mixin.py:115} INFO - [2022-10-27 11:23:30,351] {dag.py:2919} INFO - Setting next_dagrun for example_branch_python_operator_decorator to 2022-10-26T00:00:00+00:00, run_after=2022-10-27T00:00:00+00:00
[2022-10-27 11:23:30,373] {processor.py:161} INFO - Processing /home/airflow/.local/lib/python3.7/site-packages/airflow/example_dags/example_branch_operator_decorator.py took 0.173 seconds
