[2022-10-27 11:02:30,506] {processor.py:153} INFO - Started process (PID=5293) to work on /home/airflow/.local/lib/python3.7/site-packages/airflow/example_dags/example_subdag_operator.py
[2022-10-27 11:02:30,524] {processor.py:641} INFO - Processing file /home/airflow/.local/lib/python3.7/site-packages/airflow/example_dags/example_subdag_operator.py for tasks to queue
[2022-10-27 11:02:30,526] {logging_mixin.py:115} INFO - [2022-10-27 11:02:30,526] {dagbag.py:507} INFO - Filling up the DagBag from /home/airflow/.local/lib/python3.7/site-packages/airflow/example_dags/example_subdag_operator.py
[2022-10-27 11:02:30,819] {processor.py:651} INFO - DAG(s) dict_keys(['example_subdag_operator.section-1', 'example_subdag_operator.section-2', 'example_subdag_operator']) retrieved from /home/airflow/.local/lib/python3.7/site-packages/airflow/example_dags/example_subdag_operator.py
[2022-10-27 11:02:31,163] {logging_mixin.py:115} INFO - [2022-10-27 11:02:31,163] {dag.py:2371} INFO - Sync 3 DAGs
[2022-10-27 11:02:31,287] {logging_mixin.py:115} INFO - [2022-10-27 11:02:31,286] {dag.py:2919} INFO - Setting next_dagrun for example_subdag_operator to 2022-10-25T00:00:00+00:00, run_after=2022-10-25T00:00:00+00:00
[2022-10-27 11:02:31,290] {logging_mixin.py:115} INFO - [2022-10-27 11:02:31,289] {dag.py:2919} INFO - Setting next_dagrun for example_subdag_operator.section-1 to None, run_after=None
[2022-10-27 11:02:31,293] {logging_mixin.py:115} INFO - [2022-10-27 11:02:31,292] {dag.py:2919} INFO - Setting next_dagrun for example_subdag_operator.section-2 to None, run_after=None
[2022-10-27 11:02:31,351] {logging_mixin.py:115} INFO - [2022-10-27 11:02:31,351] {dag.py:2371} INFO - Sync 2 DAGs
[2022-10-27 11:02:31,364] {logging_mixin.py:115} INFO - [2022-10-27 11:02:31,364] {dag.py:2919} INFO - Setting next_dagrun for example_subdag_operator.section-1 to None, run_after=None
[2022-10-27 11:02:31,367] {logging_mixin.py:115} INFO - [2022-10-27 11:02:31,367] {dag.py:2919} INFO - Setting next_dagrun for example_subdag_operator.section-2 to None, run_after=None
[2022-10-27 11:02:31,398] {processor.py:161} INFO - Processing /home/airflow/.local/lib/python3.7/site-packages/airflow/example_dags/example_subdag_operator.py took 0.908 seconds
[2022-10-27 11:03:01,743] {processor.py:153} INFO - Started process (PID=5340) to work on /home/airflow/.local/lib/python3.7/site-packages/airflow/example_dags/example_subdag_operator.py
[2022-10-27 11:03:01,745] {processor.py:641} INFO - Processing file /home/airflow/.local/lib/python3.7/site-packages/airflow/example_dags/example_subdag_operator.py for tasks to queue
[2022-10-27 11:03:01,746] {logging_mixin.py:115} INFO - [2022-10-27 11:03:01,746] {dagbag.py:507} INFO - Filling up the DagBag from /home/airflow/.local/lib/python3.7/site-packages/airflow/example_dags/example_subdag_operator.py
[2022-10-27 11:03:01,871] {processor.py:651} INFO - DAG(s) dict_keys(['example_subdag_operator.section-1', 'example_subdag_operator.section-2', 'example_subdag_operator']) retrieved from /home/airflow/.local/lib/python3.7/site-packages/airflow/example_dags/example_subdag_operator.py
[2022-10-27 11:03:02,060] {logging_mixin.py:115} INFO - [2022-10-27 11:03:02,060] {dag.py:2371} INFO - Sync 3 DAGs
[2022-10-27 11:03:02,173] {logging_mixin.py:115} INFO - [2022-10-27 11:03:02,173] {dag.py:2919} INFO - Setting next_dagrun for example_subdag_operator to 2022-10-25T00:00:00+00:00, run_after=2022-10-25T00:00:00+00:00
[2022-10-27 11:03:02,174] {logging_mixin.py:115} INFO - [2022-10-27 11:03:02,174] {dag.py:2919} INFO - Setting next_dagrun for example_subdag_operator.section-1 to None, run_after=None
[2022-10-27 11:03:02,183] {logging_mixin.py:115} INFO - [2022-10-27 11:03:02,183] {dag.py:2919} INFO - Setting next_dagrun for example_subdag_operator.section-2 to None, run_after=None
[2022-10-27 11:03:02,240] {logging_mixin.py:115} INFO - [2022-10-27 11:03:02,240] {dag.py:2371} INFO - Sync 2 DAGs
[2022-10-27 11:03:02,289] {logging_mixin.py:115} INFO - [2022-10-27 11:03:02,289] {dag.py:2919} INFO - Setting next_dagrun for example_subdag_operator.section-1 to None, run_after=None
[2022-10-27 11:03:02,290] {logging_mixin.py:115} INFO - [2022-10-27 11:03:02,290] {dag.py:2919} INFO - Setting next_dagrun for example_subdag_operator.section-2 to None, run_after=None
[2022-10-27 11:03:02,345] {processor.py:161} INFO - Processing /home/airflow/.local/lib/python3.7/site-packages/airflow/example_dags/example_subdag_operator.py took 0.617 seconds
[2022-10-27 11:03:32,515] {processor.py:153} INFO - Started process (PID=5405) to work on /home/airflow/.local/lib/python3.7/site-packages/airflow/example_dags/example_subdag_operator.py
[2022-10-27 11:03:32,517] {processor.py:641} INFO - Processing file /home/airflow/.local/lib/python3.7/site-packages/airflow/example_dags/example_subdag_operator.py for tasks to queue
[2022-10-27 11:03:32,518] {logging_mixin.py:115} INFO - [2022-10-27 11:03:32,518] {dagbag.py:507} INFO - Filling up the DagBag from /home/airflow/.local/lib/python3.7/site-packages/airflow/example_dags/example_subdag_operator.py
[2022-10-27 11:03:32,580] {processor.py:651} INFO - DAG(s) dict_keys(['example_subdag_operator.section-1', 'example_subdag_operator.section-2', 'example_subdag_operator']) retrieved from /home/airflow/.local/lib/python3.7/site-packages/airflow/example_dags/example_subdag_operator.py
[2022-10-27 11:03:32,677] {logging_mixin.py:115} INFO - [2022-10-27 11:03:32,675] {dag.py:2371} INFO - Sync 3 DAGs
[2022-10-27 11:03:32,770] {logging_mixin.py:115} INFO - [2022-10-27 11:03:32,769] {dag.py:2919} INFO - Setting next_dagrun for example_subdag_operator to 2022-10-25T00:00:00+00:00, run_after=2022-10-25T00:00:00+00:00
[2022-10-27 11:03:32,771] {logging_mixin.py:115} INFO - [2022-10-27 11:03:32,771] {dag.py:2919} INFO - Setting next_dagrun for example_subdag_operator.section-1 to None, run_after=None
[2022-10-27 11:03:32,772] {logging_mixin.py:115} INFO - [2022-10-27 11:03:32,772] {dag.py:2919} INFO - Setting next_dagrun for example_subdag_operator.section-2 to None, run_after=None
[2022-10-27 11:03:32,793] {logging_mixin.py:115} INFO - [2022-10-27 11:03:32,793] {dag.py:2371} INFO - Sync 2 DAGs
[2022-10-27 11:03:32,826] {logging_mixin.py:115} INFO - [2022-10-27 11:03:32,826] {dag.py:2919} INFO - Setting next_dagrun for example_subdag_operator.section-1 to None, run_after=None
[2022-10-27 11:03:32,827] {logging_mixin.py:115} INFO - [2022-10-27 11:03:32,827] {dag.py:2919} INFO - Setting next_dagrun for example_subdag_operator.section-2 to None, run_after=None
[2022-10-27 11:03:32,895] {processor.py:161} INFO - Processing /home/airflow/.local/lib/python3.7/site-packages/airflow/example_dags/example_subdag_operator.py took 0.385 seconds
[2022-10-27 11:04:02,992] {processor.py:153} INFO - Started process (PID=5459) to work on /home/airflow/.local/lib/python3.7/site-packages/airflow/example_dags/example_subdag_operator.py
[2022-10-27 11:04:02,993] {processor.py:641} INFO - Processing file /home/airflow/.local/lib/python3.7/site-packages/airflow/example_dags/example_subdag_operator.py for tasks to queue
[2022-10-27 11:04:02,995] {logging_mixin.py:115} INFO - [2022-10-27 11:04:02,994] {dagbag.py:507} INFO - Filling up the DagBag from /home/airflow/.local/lib/python3.7/site-packages/airflow/example_dags/example_subdag_operator.py
[2022-10-27 11:04:03,060] {processor.py:651} INFO - DAG(s) dict_keys(['example_subdag_operator.section-1', 'example_subdag_operator.section-2', 'example_subdag_operator']) retrieved from /home/airflow/.local/lib/python3.7/site-packages/airflow/example_dags/example_subdag_operator.py
[2022-10-27 11:04:03,180] {logging_mixin.py:115} INFO - [2022-10-27 11:04:03,180] {dag.py:2371} INFO - Sync 3 DAGs
[2022-10-27 11:04:03,318] {logging_mixin.py:115} INFO - [2022-10-27 11:04:03,317] {dag.py:2919} INFO - Setting next_dagrun for example_subdag_operator to 2022-10-25T00:00:00+00:00, run_after=2022-10-25T00:00:00+00:00
[2022-10-27 11:04:03,319] {logging_mixin.py:115} INFO - [2022-10-27 11:04:03,318] {dag.py:2919} INFO - Setting next_dagrun for example_subdag_operator.section-1 to None, run_after=None
[2022-10-27 11:04:03,320] {logging_mixin.py:115} INFO - [2022-10-27 11:04:03,320] {dag.py:2919} INFO - Setting next_dagrun for example_subdag_operator.section-2 to None, run_after=None
[2022-10-27 11:04:03,355] {logging_mixin.py:115} INFO - [2022-10-27 11:04:03,354] {dag.py:2371} INFO - Sync 2 DAGs
[2022-10-27 11:04:03,388] {logging_mixin.py:115} INFO - [2022-10-27 11:04:03,388] {dag.py:2919} INFO - Setting next_dagrun for example_subdag_operator.section-1 to None, run_after=None
[2022-10-27 11:04:03,391] {logging_mixin.py:115} INFO - [2022-10-27 11:04:03,391] {dag.py:2919} INFO - Setting next_dagrun for example_subdag_operator.section-2 to None, run_after=None
[2022-10-27 11:04:03,449] {processor.py:161} INFO - Processing /home/airflow/.local/lib/python3.7/site-packages/airflow/example_dags/example_subdag_operator.py took 0.464 seconds
[2022-10-27 11:04:35,729] {processor.py:153} INFO - Started process (PID=5515) to work on /home/airflow/.local/lib/python3.7/site-packages/airflow/example_dags/example_subdag_operator.py
[2022-10-27 11:04:35,730] {processor.py:641} INFO - Processing file /home/airflow/.local/lib/python3.7/site-packages/airflow/example_dags/example_subdag_operator.py for tasks to queue
[2022-10-27 11:04:35,731] {logging_mixin.py:115} INFO - [2022-10-27 11:04:35,731] {dagbag.py:507} INFO - Filling up the DagBag from /home/airflow/.local/lib/python3.7/site-packages/airflow/example_dags/example_subdag_operator.py
[2022-10-27 11:04:35,820] {processor.py:651} INFO - DAG(s) dict_keys(['example_subdag_operator.section-1', 'example_subdag_operator.section-2', 'example_subdag_operator']) retrieved from /home/airflow/.local/lib/python3.7/site-packages/airflow/example_dags/example_subdag_operator.py
[2022-10-27 11:04:35,974] {logging_mixin.py:115} INFO - [2022-10-27 11:04:35,974] {dag.py:2371} INFO - Sync 3 DAGs
[2022-10-27 11:04:36,068] {logging_mixin.py:115} INFO - [2022-10-27 11:04:36,067] {dag.py:2919} INFO - Setting next_dagrun for example_subdag_operator to 2022-10-25T00:00:00+00:00, run_after=2022-10-25T00:00:00+00:00
[2022-10-27 11:04:36,071] {logging_mixin.py:115} INFO - [2022-10-27 11:04:36,071] {dag.py:2919} INFO - Setting next_dagrun for example_subdag_operator.section-1 to None, run_after=None
[2022-10-27 11:04:36,072] {logging_mixin.py:115} INFO - [2022-10-27 11:04:36,071] {dag.py:2919} INFO - Setting next_dagrun for example_subdag_operator.section-2 to None, run_after=None
[2022-10-27 11:04:36,091] {logging_mixin.py:115} INFO - [2022-10-27 11:04:36,091] {dag.py:2371} INFO - Sync 2 DAGs
[2022-10-27 11:04:36,123] {logging_mixin.py:115} INFO - [2022-10-27 11:04:36,122] {dag.py:2919} INFO - Setting next_dagrun for example_subdag_operator.section-1 to None, run_after=None
[2022-10-27 11:04:36,135] {logging_mixin.py:115} INFO - [2022-10-27 11:04:36,127] {dag.py:2919} INFO - Setting next_dagrun for example_subdag_operator.section-2 to None, run_after=None
[2022-10-27 11:04:36,187] {processor.py:161} INFO - Processing /home/airflow/.local/lib/python3.7/site-packages/airflow/example_dags/example_subdag_operator.py took 0.475 seconds
[2022-10-27 11:05:06,798] {processor.py:153} INFO - Started process (PID=5559) to work on /home/airflow/.local/lib/python3.7/site-packages/airflow/example_dags/example_subdag_operator.py
[2022-10-27 11:05:06,799] {processor.py:641} INFO - Processing file /home/airflow/.local/lib/python3.7/site-packages/airflow/example_dags/example_subdag_operator.py for tasks to queue
[2022-10-27 11:05:06,826] {logging_mixin.py:115} INFO - [2022-10-27 11:05:06,826] {dagbag.py:507} INFO - Filling up the DagBag from /home/airflow/.local/lib/python3.7/site-packages/airflow/example_dags/example_subdag_operator.py
[2022-10-27 11:05:06,919] {processor.py:651} INFO - DAG(s) dict_keys(['example_subdag_operator.section-1', 'example_subdag_operator.section-2', 'example_subdag_operator']) retrieved from /home/airflow/.local/lib/python3.7/site-packages/airflow/example_dags/example_subdag_operator.py
[2022-10-27 11:05:07,032] {logging_mixin.py:115} INFO - [2022-10-27 11:05:07,032] {dag.py:2371} INFO - Sync 3 DAGs
[2022-10-27 11:05:07,139] {logging_mixin.py:115} INFO - [2022-10-27 11:05:07,139] {dag.py:2919} INFO - Setting next_dagrun for example_subdag_operator to 2022-10-25T00:00:00+00:00, run_after=2022-10-25T00:00:00+00:00
[2022-10-27 11:05:07,141] {logging_mixin.py:115} INFO - [2022-10-27 11:05:07,140] {dag.py:2919} INFO - Setting next_dagrun for example_subdag_operator.section-1 to None, run_after=None
[2022-10-27 11:05:07,142] {logging_mixin.py:115} INFO - [2022-10-27 11:05:07,141] {dag.py:2919} INFO - Setting next_dagrun for example_subdag_operator.section-2 to None, run_after=None
[2022-10-27 11:05:07,167] {logging_mixin.py:115} INFO - [2022-10-27 11:05:07,167] {dag.py:2371} INFO - Sync 2 DAGs
[2022-10-27 11:05:07,191] {logging_mixin.py:115} INFO - [2022-10-27 11:05:07,190] {dag.py:2919} INFO - Setting next_dagrun for example_subdag_operator.section-1 to None, run_after=None
[2022-10-27 11:05:07,192] {logging_mixin.py:115} INFO - [2022-10-27 11:05:07,192] {dag.py:2919} INFO - Setting next_dagrun for example_subdag_operator.section-2 to None, run_after=None
[2022-10-27 11:05:07,225] {processor.py:161} INFO - Processing /home/airflow/.local/lib/python3.7/site-packages/airflow/example_dags/example_subdag_operator.py took 0.434 seconds
[2022-10-27 11:05:37,831] {processor.py:153} INFO - Started process (PID=5612) to work on /home/airflow/.local/lib/python3.7/site-packages/airflow/example_dags/example_subdag_operator.py
[2022-10-27 11:05:37,832] {processor.py:641} INFO - Processing file /home/airflow/.local/lib/python3.7/site-packages/airflow/example_dags/example_subdag_operator.py for tasks to queue
[2022-10-27 11:05:37,834] {logging_mixin.py:115} INFO - [2022-10-27 11:05:37,834] {dagbag.py:507} INFO - Filling up the DagBag from /home/airflow/.local/lib/python3.7/site-packages/airflow/example_dags/example_subdag_operator.py
[2022-10-27 11:05:37,883] {processor.py:651} INFO - DAG(s) dict_keys(['example_subdag_operator.section-1', 'example_subdag_operator.section-2', 'example_subdag_operator']) retrieved from /home/airflow/.local/lib/python3.7/site-packages/airflow/example_dags/example_subdag_operator.py
[2022-10-27 11:05:37,933] {logging_mixin.py:115} INFO - [2022-10-27 11:05:37,932] {dag.py:2371} INFO - Sync 3 DAGs
[2022-10-27 11:05:37,971] {logging_mixin.py:115} INFO - [2022-10-27 11:05:37,971] {dag.py:2919} INFO - Setting next_dagrun for example_subdag_operator to 2022-10-25T00:00:00+00:00, run_after=2022-10-25T00:00:00+00:00
[2022-10-27 11:05:37,972] {logging_mixin.py:115} INFO - [2022-10-27 11:05:37,972] {dag.py:2919} INFO - Setting next_dagrun for example_subdag_operator.section-1 to None, run_after=None
[2022-10-27 11:05:37,972] {logging_mixin.py:115} INFO - [2022-10-27 11:05:37,972] {dag.py:2919} INFO - Setting next_dagrun for example_subdag_operator.section-2 to None, run_after=None
[2022-10-27 11:05:37,987] {logging_mixin.py:115} INFO - [2022-10-27 11:05:37,986] {dag.py:2371} INFO - Sync 2 DAGs
[2022-10-27 11:05:38,010] {logging_mixin.py:115} INFO - [2022-10-27 11:05:38,010] {dag.py:2919} INFO - Setting next_dagrun for example_subdag_operator.section-1 to None, run_after=None
[2022-10-27 11:05:38,028] {logging_mixin.py:115} INFO - [2022-10-27 11:05:38,028] {dag.py:2919} INFO - Setting next_dagrun for example_subdag_operator.section-2 to None, run_after=None
[2022-10-27 11:05:38,058] {processor.py:161} INFO - Processing /home/airflow/.local/lib/python3.7/site-packages/airflow/example_dags/example_subdag_operator.py took 0.233 seconds
[2022-10-27 11:06:12,547] {processor.py:153} INFO - Started process (PID=5666) to work on /home/airflow/.local/lib/python3.7/site-packages/airflow/example_dags/example_subdag_operator.py
[2022-10-27 11:06:12,550] {processor.py:641} INFO - Processing file /home/airflow/.local/lib/python3.7/site-packages/airflow/example_dags/example_subdag_operator.py for tasks to queue
[2022-10-27 11:06:12,552] {logging_mixin.py:115} INFO - [2022-10-27 11:06:12,552] {dagbag.py:507} INFO - Filling up the DagBag from /home/airflow/.local/lib/python3.7/site-packages/airflow/example_dags/example_subdag_operator.py
[2022-10-27 11:06:13,046] {processor.py:651} INFO - DAG(s) dict_keys(['example_subdag_operator.section-1', 'example_subdag_operator.section-2', 'example_subdag_operator']) retrieved from /home/airflow/.local/lib/python3.7/site-packages/airflow/example_dags/example_subdag_operator.py
[2022-10-27 11:06:13,802] {logging_mixin.py:115} INFO - [2022-10-27 11:06:13,802] {dag.py:2371} INFO - Sync 3 DAGs
[2022-10-27 11:06:14,233] {logging_mixin.py:115} INFO - [2022-10-27 11:06:14,233] {dag.py:2919} INFO - Setting next_dagrun for example_subdag_operator to 2022-10-25T00:00:00+00:00, run_after=2022-10-25T00:00:00+00:00
[2022-10-27 11:06:14,234] {logging_mixin.py:115} INFO - [2022-10-27 11:06:14,234] {dag.py:2919} INFO - Setting next_dagrun for example_subdag_operator.section-1 to None, run_after=None
[2022-10-27 11:06:14,235] {logging_mixin.py:115} INFO - [2022-10-27 11:06:14,235] {dag.py:2919} INFO - Setting next_dagrun for example_subdag_operator.section-2 to None, run_after=None
[2022-10-27 11:06:14,455] {logging_mixin.py:115} INFO - [2022-10-27 11:06:14,455] {dag.py:2371} INFO - Sync 2 DAGs
[2022-10-27 11:06:14,501] {logging_mixin.py:115} INFO - [2022-10-27 11:06:14,501] {dag.py:2919} INFO - Setting next_dagrun for example_subdag_operator.section-1 to None, run_after=None
[2022-10-27 11:06:14,517] {logging_mixin.py:115} INFO - [2022-10-27 11:06:14,517] {dag.py:2919} INFO - Setting next_dagrun for example_subdag_operator.section-2 to None, run_after=None
[2022-10-27 11:06:14,581] {processor.py:161} INFO - Processing /home/airflow/.local/lib/python3.7/site-packages/airflow/example_dags/example_subdag_operator.py took 2.064 seconds
[2022-10-27 11:06:46,165] {processor.py:153} INFO - Started process (PID=5722) to work on /home/airflow/.local/lib/python3.7/site-packages/airflow/example_dags/example_subdag_operator.py
[2022-10-27 11:06:46,177] {processor.py:641} INFO - Processing file /home/airflow/.local/lib/python3.7/site-packages/airflow/example_dags/example_subdag_operator.py for tasks to queue
[2022-10-27 11:06:46,179] {logging_mixin.py:115} INFO - [2022-10-27 11:06:46,179] {dagbag.py:507} INFO - Filling up the DagBag from /home/airflow/.local/lib/python3.7/site-packages/airflow/example_dags/example_subdag_operator.py
[2022-10-27 11:06:46,731] {processor.py:651} INFO - DAG(s) dict_keys(['example_subdag_operator.section-1', 'example_subdag_operator.section-2', 'example_subdag_operator']) retrieved from /home/airflow/.local/lib/python3.7/site-packages/airflow/example_dags/example_subdag_operator.py
[2022-10-27 11:06:47,566] {logging_mixin.py:115} INFO - [2022-10-27 11:06:47,566] {dag.py:2371} INFO - Sync 3 DAGs
[2022-10-27 11:06:47,878] {logging_mixin.py:115} INFO - [2022-10-27 11:06:47,878] {dag.py:2919} INFO - Setting next_dagrun for example_subdag_operator to 2022-10-25T00:00:00+00:00, run_after=2022-10-25T00:00:00+00:00
[2022-10-27 11:06:47,880] {logging_mixin.py:115} INFO - [2022-10-27 11:06:47,880] {dag.py:2919} INFO - Setting next_dagrun for example_subdag_operator.section-1 to None, run_after=None
[2022-10-27 11:06:47,891] {logging_mixin.py:115} INFO - [2022-10-27 11:06:47,891] {dag.py:2919} INFO - Setting next_dagrun for example_subdag_operator.section-2 to None, run_after=None
[2022-10-27 11:06:47,977] {logging_mixin.py:115} INFO - [2022-10-27 11:06:47,977] {dag.py:2371} INFO - Sync 2 DAGs
[2022-10-27 11:06:48,042] {logging_mixin.py:115} INFO - [2022-10-27 11:06:48,042] {dag.py:2919} INFO - Setting next_dagrun for example_subdag_operator.section-1 to None, run_after=None
[2022-10-27 11:06:48,067] {logging_mixin.py:115} INFO - [2022-10-27 11:06:48,066] {dag.py:2919} INFO - Setting next_dagrun for example_subdag_operator.section-2 to None, run_after=None
[2022-10-27 11:06:48,147] {processor.py:161} INFO - Processing /home/airflow/.local/lib/python3.7/site-packages/airflow/example_dags/example_subdag_operator.py took 2.019 seconds
[2022-10-27 11:07:18,424] {processor.py:153} INFO - Started process (PID=5767) to work on /home/airflow/.local/lib/python3.7/site-packages/airflow/example_dags/example_subdag_operator.py
[2022-10-27 11:07:18,436] {processor.py:641} INFO - Processing file /home/airflow/.local/lib/python3.7/site-packages/airflow/example_dags/example_subdag_operator.py for tasks to queue
[2022-10-27 11:07:18,438] {logging_mixin.py:115} INFO - [2022-10-27 11:07:18,438] {dagbag.py:507} INFO - Filling up the DagBag from /home/airflow/.local/lib/python3.7/site-packages/airflow/example_dags/example_subdag_operator.py
[2022-10-27 11:07:18,529] {processor.py:651} INFO - DAG(s) dict_keys(['example_subdag_operator.section-1', 'example_subdag_operator.section-2', 'example_subdag_operator']) retrieved from /home/airflow/.local/lib/python3.7/site-packages/airflow/example_dags/example_subdag_operator.py
[2022-10-27 11:07:18,598] {logging_mixin.py:115} INFO - [2022-10-27 11:07:18,597] {dag.py:2371} INFO - Sync 3 DAGs
[2022-10-27 11:07:18,630] {logging_mixin.py:115} INFO - [2022-10-27 11:07:18,629] {dag.py:2919} INFO - Setting next_dagrun for example_subdag_operator to 2022-10-25T00:00:00+00:00, run_after=2022-10-25T00:00:00+00:00
[2022-10-27 11:07:18,630] {logging_mixin.py:115} INFO - [2022-10-27 11:07:18,630] {dag.py:2919} INFO - Setting next_dagrun for example_subdag_operator.section-1 to None, run_after=None
[2022-10-27 11:07:18,631] {logging_mixin.py:115} INFO - [2022-10-27 11:07:18,631] {dag.py:2919} INFO - Setting next_dagrun for example_subdag_operator.section-2 to None, run_after=None
[2022-10-27 11:07:18,640] {logging_mixin.py:115} INFO - [2022-10-27 11:07:18,640] {dag.py:2371} INFO - Sync 2 DAGs
[2022-10-27 11:07:18,650] {logging_mixin.py:115} INFO - [2022-10-27 11:07:18,650] {dag.py:2919} INFO - Setting next_dagrun for example_subdag_operator.section-1 to None, run_after=None
[2022-10-27 11:07:18,651] {logging_mixin.py:115} INFO - [2022-10-27 11:07:18,651] {dag.py:2919} INFO - Setting next_dagrun for example_subdag_operator.section-2 to None, run_after=None
[2022-10-27 11:07:18,666] {processor.py:161} INFO - Processing /home/airflow/.local/lib/python3.7/site-packages/airflow/example_dags/example_subdag_operator.py took 0.248 seconds
[2022-10-27 11:07:48,772] {processor.py:153} INFO - Started process (PID=5821) to work on /home/airflow/.local/lib/python3.7/site-packages/airflow/example_dags/example_subdag_operator.py
[2022-10-27 11:07:48,773] {processor.py:641} INFO - Processing file /home/airflow/.local/lib/python3.7/site-packages/airflow/example_dags/example_subdag_operator.py for tasks to queue
[2022-10-27 11:07:48,774] {logging_mixin.py:115} INFO - [2022-10-27 11:07:48,774] {dagbag.py:507} INFO - Filling up the DagBag from /home/airflow/.local/lib/python3.7/site-packages/airflow/example_dags/example_subdag_operator.py
[2022-10-27 11:07:48,824] {processor.py:651} INFO - DAG(s) dict_keys(['example_subdag_operator.section-1', 'example_subdag_operator.section-2', 'example_subdag_operator']) retrieved from /home/airflow/.local/lib/python3.7/site-packages/airflow/example_dags/example_subdag_operator.py
[2022-10-27 11:07:48,905] {logging_mixin.py:115} INFO - [2022-10-27 11:07:48,905] {dag.py:2371} INFO - Sync 3 DAGs
[2022-10-27 11:07:48,948] {logging_mixin.py:115} INFO - [2022-10-27 11:07:48,948] {dag.py:2919} INFO - Setting next_dagrun for example_subdag_operator to 2022-10-25T00:00:00+00:00, run_after=2022-10-25T00:00:00+00:00
[2022-10-27 11:07:48,950] {logging_mixin.py:115} INFO - [2022-10-27 11:07:48,949] {dag.py:2919} INFO - Setting next_dagrun for example_subdag_operator.section-1 to None, run_after=None
[2022-10-27 11:07:48,950] {logging_mixin.py:115} INFO - [2022-10-27 11:07:48,950] {dag.py:2919} INFO - Setting next_dagrun for example_subdag_operator.section-2 to None, run_after=None
[2022-10-27 11:07:48,963] {logging_mixin.py:115} INFO - [2022-10-27 11:07:48,963] {dag.py:2371} INFO - Sync 2 DAGs
[2022-10-27 11:07:48,976] {logging_mixin.py:115} INFO - [2022-10-27 11:07:48,976] {dag.py:2919} INFO - Setting next_dagrun for example_subdag_operator.section-1 to None, run_after=None
[2022-10-27 11:07:48,977] {logging_mixin.py:115} INFO - [2022-10-27 11:07:48,977] {dag.py:2919} INFO - Setting next_dagrun for example_subdag_operator.section-2 to None, run_after=None
[2022-10-27 11:07:48,994] {processor.py:161} INFO - Processing /home/airflow/.local/lib/python3.7/site-packages/airflow/example_dags/example_subdag_operator.py took 0.230 seconds
[2022-10-27 11:08:21,754] {processor.py:153} INFO - Started process (PID=5875) to work on /home/airflow/.local/lib/python3.7/site-packages/airflow/example_dags/example_subdag_operator.py
[2022-10-27 11:08:21,764] {processor.py:641} INFO - Processing file /home/airflow/.local/lib/python3.7/site-packages/airflow/example_dags/example_subdag_operator.py for tasks to queue
[2022-10-27 11:08:21,776] {logging_mixin.py:115} INFO - [2022-10-27 11:08:21,776] {dagbag.py:507} INFO - Filling up the DagBag from /home/airflow/.local/lib/python3.7/site-packages/airflow/example_dags/example_subdag_operator.py
[2022-10-27 11:08:21,974] {processor.py:651} INFO - DAG(s) dict_keys(['example_subdag_operator.section-1', 'example_subdag_operator.section-2', 'example_subdag_operator']) retrieved from /home/airflow/.local/lib/python3.7/site-packages/airflow/example_dags/example_subdag_operator.py
[2022-10-27 11:08:22,259] {logging_mixin.py:115} INFO - [2022-10-27 11:08:22,259] {dag.py:2371} INFO - Sync 3 DAGs
[2022-10-27 11:08:22,488] {logging_mixin.py:115} INFO - [2022-10-27 11:08:22,487] {dag.py:2919} INFO - Setting next_dagrun for example_subdag_operator to 2022-10-25T00:00:00+00:00, run_after=2022-10-25T00:00:00+00:00
[2022-10-27 11:08:22,515] {logging_mixin.py:115} INFO - [2022-10-27 11:08:22,515] {dag.py:2919} INFO - Setting next_dagrun for example_subdag_operator.section-1 to None, run_after=None
[2022-10-27 11:08:22,581] {logging_mixin.py:115} INFO - [2022-10-27 11:08:22,581] {dag.py:2919} INFO - Setting next_dagrun for example_subdag_operator.section-2 to None, run_after=None
[2022-10-27 11:08:22,689] {logging_mixin.py:115} INFO - [2022-10-27 11:08:22,676] {dag.py:2371} INFO - Sync 2 DAGs
[2022-10-27 11:08:22,786] {logging_mixin.py:115} INFO - [2022-10-27 11:08:22,785] {dag.py:2919} INFO - Setting next_dagrun for example_subdag_operator.section-1 to None, run_after=None
[2022-10-27 11:08:22,809] {logging_mixin.py:115} INFO - [2022-10-27 11:08:22,809] {dag.py:2919} INFO - Setting next_dagrun for example_subdag_operator.section-2 to None, run_after=None
[2022-10-27 11:08:22,881] {processor.py:161} INFO - Processing /home/airflow/.local/lib/python3.7/site-packages/airflow/example_dags/example_subdag_operator.py took 1.154 seconds
[2022-10-27 11:08:56,294] {processor.py:153} INFO - Started process (PID=5930) to work on /home/airflow/.local/lib/python3.7/site-packages/airflow/example_dags/example_subdag_operator.py
[2022-10-27 11:08:56,308] {processor.py:641} INFO - Processing file /home/airflow/.local/lib/python3.7/site-packages/airflow/example_dags/example_subdag_operator.py for tasks to queue
[2022-10-27 11:08:56,323] {logging_mixin.py:115} INFO - [2022-10-27 11:08:56,323] {dagbag.py:507} INFO - Filling up the DagBag from /home/airflow/.local/lib/python3.7/site-packages/airflow/example_dags/example_subdag_operator.py
[2022-10-27 11:08:56,701] {processor.py:651} INFO - DAG(s) dict_keys(['example_subdag_operator.section-1', 'example_subdag_operator.section-2', 'example_subdag_operator']) retrieved from /home/airflow/.local/lib/python3.7/site-packages/airflow/example_dags/example_subdag_operator.py
[2022-10-27 11:08:57,066] {logging_mixin.py:115} INFO - [2022-10-27 11:08:57,065] {dag.py:2371} INFO - Sync 3 DAGs
[2022-10-27 11:08:57,226] {logging_mixin.py:115} INFO - [2022-10-27 11:08:57,226] {dag.py:2919} INFO - Setting next_dagrun for example_subdag_operator to 2022-10-25T00:00:00+00:00, run_after=2022-10-25T00:00:00+00:00
[2022-10-27 11:08:57,227] {logging_mixin.py:115} INFO - [2022-10-27 11:08:57,227] {dag.py:2919} INFO - Setting next_dagrun for example_subdag_operator.section-1 to None, run_after=None
[2022-10-27 11:08:57,231] {logging_mixin.py:115} INFO - [2022-10-27 11:08:57,230] {dag.py:2919} INFO - Setting next_dagrun for example_subdag_operator.section-2 to None, run_after=None
[2022-10-27 11:08:57,300] {logging_mixin.py:115} INFO - [2022-10-27 11:08:57,299] {dag.py:2371} INFO - Sync 2 DAGs
[2022-10-27 11:08:57,354] {logging_mixin.py:115} INFO - [2022-10-27 11:08:57,353] {dag.py:2919} INFO - Setting next_dagrun for example_subdag_operator.section-1 to None, run_after=None
[2022-10-27 11:08:57,355] {logging_mixin.py:115} INFO - [2022-10-27 11:08:57,355] {dag.py:2919} INFO - Setting next_dagrun for example_subdag_operator.section-2 to None, run_after=None
[2022-10-27 11:08:57,434] {processor.py:161} INFO - Processing /home/airflow/.local/lib/python3.7/site-packages/airflow/example_dags/example_subdag_operator.py took 1.165 seconds
[2022-10-27 11:09:29,047] {processor.py:153} INFO - Started process (PID=5984) to work on /home/airflow/.local/lib/python3.7/site-packages/airflow/example_dags/example_subdag_operator.py
[2022-10-27 11:09:29,075] {processor.py:641} INFO - Processing file /home/airflow/.local/lib/python3.7/site-packages/airflow/example_dags/example_subdag_operator.py for tasks to queue
[2022-10-27 11:09:29,091] {logging_mixin.py:115} INFO - [2022-10-27 11:09:29,091] {dagbag.py:507} INFO - Filling up the DagBag from /home/airflow/.local/lib/python3.7/site-packages/airflow/example_dags/example_subdag_operator.py
[2022-10-27 11:09:29,544] {processor.py:651} INFO - DAG(s) dict_keys(['example_subdag_operator.section-1', 'example_subdag_operator.section-2', 'example_subdag_operator']) retrieved from /home/airflow/.local/lib/python3.7/site-packages/airflow/example_dags/example_subdag_operator.py
[2022-10-27 11:09:30,744] {logging_mixin.py:115} INFO - [2022-10-27 11:09:30,744] {dag.py:2371} INFO - Sync 3 DAGs
[2022-10-27 11:09:31,059] {logging_mixin.py:115} INFO - [2022-10-27 11:09:31,059] {dag.py:2919} INFO - Setting next_dagrun for example_subdag_operator to 2022-10-25T00:00:00+00:00, run_after=2022-10-25T00:00:00+00:00
[2022-10-27 11:09:31,140] {logging_mixin.py:115} INFO - [2022-10-27 11:09:31,140] {dag.py:2919} INFO - Setting next_dagrun for example_subdag_operator.section-1 to None, run_after=None
[2022-10-27 11:09:31,168] {logging_mixin.py:115} INFO - [2022-10-27 11:09:31,168] {dag.py:2919} INFO - Setting next_dagrun for example_subdag_operator.section-2 to None, run_after=None
[2022-10-27 11:09:31,279] {logging_mixin.py:115} INFO - [2022-10-27 11:09:31,279] {dag.py:2371} INFO - Sync 2 DAGs
[2022-10-27 11:09:31,361] {logging_mixin.py:115} INFO - [2022-10-27 11:09:31,361] {dag.py:2919} INFO - Setting next_dagrun for example_subdag_operator.section-1 to None, run_after=None
[2022-10-27 11:09:31,391] {logging_mixin.py:115} INFO - [2022-10-27 11:09:31,390] {dag.py:2919} INFO - Setting next_dagrun for example_subdag_operator.section-2 to None, run_after=None
[2022-10-27 11:09:31,561] {processor.py:161} INFO - Processing /home/airflow/.local/lib/python3.7/site-packages/airflow/example_dags/example_subdag_operator.py took 2.521 seconds
[2022-10-27 11:10:01,942] {processor.py:153} INFO - Started process (PID=6029) to work on /home/airflow/.local/lib/python3.7/site-packages/airflow/example_dags/example_subdag_operator.py
[2022-10-27 11:10:01,943] {processor.py:641} INFO - Processing file /home/airflow/.local/lib/python3.7/site-packages/airflow/example_dags/example_subdag_operator.py for tasks to queue
[2022-10-27 11:10:01,943] {logging_mixin.py:115} INFO - [2022-10-27 11:10:01,943] {dagbag.py:507} INFO - Filling up the DagBag from /home/airflow/.local/lib/python3.7/site-packages/airflow/example_dags/example_subdag_operator.py
[2022-10-27 11:10:01,998] {processor.py:651} INFO - DAG(s) dict_keys(['example_subdag_operator.section-1', 'example_subdag_operator.section-2', 'example_subdag_operator']) retrieved from /home/airflow/.local/lib/python3.7/site-packages/airflow/example_dags/example_subdag_operator.py
[2022-10-27 11:10:02,059] {logging_mixin.py:115} INFO - [2022-10-27 11:10:02,058] {dag.py:2371} INFO - Sync 3 DAGs
[2022-10-27 11:10:02,100] {logging_mixin.py:115} INFO - [2022-10-27 11:10:02,099] {dag.py:2919} INFO - Setting next_dagrun for example_subdag_operator to 2022-10-25T00:00:00+00:00, run_after=2022-10-25T00:00:00+00:00
[2022-10-27 11:10:02,100] {logging_mixin.py:115} INFO - [2022-10-27 11:10:02,100] {dag.py:2919} INFO - Setting next_dagrun for example_subdag_operator.section-1 to None, run_after=None
[2022-10-27 11:10:02,101] {logging_mixin.py:115} INFO - [2022-10-27 11:10:02,101] {dag.py:2919} INFO - Setting next_dagrun for example_subdag_operator.section-2 to None, run_after=None
[2022-10-27 11:10:02,113] {logging_mixin.py:115} INFO - [2022-10-27 11:10:02,113] {dag.py:2371} INFO - Sync 2 DAGs
[2022-10-27 11:10:02,127] {logging_mixin.py:115} INFO - [2022-10-27 11:10:02,126] {dag.py:2919} INFO - Setting next_dagrun for example_subdag_operator.section-1 to None, run_after=None
[2022-10-27 11:10:02,127] {logging_mixin.py:115} INFO - [2022-10-27 11:10:02,127] {dag.py:2919} INFO - Setting next_dagrun for example_subdag_operator.section-2 to None, run_after=None
[2022-10-27 11:10:02,143] {processor.py:161} INFO - Processing /home/airflow/.local/lib/python3.7/site-packages/airflow/example_dags/example_subdag_operator.py took 0.206 seconds
[2022-10-27 11:10:32,531] {processor.py:153} INFO - Started process (PID=6084) to work on /home/airflow/.local/lib/python3.7/site-packages/airflow/example_dags/example_subdag_operator.py
[2022-10-27 11:10:32,534] {processor.py:641} INFO - Processing file /home/airflow/.local/lib/python3.7/site-packages/airflow/example_dags/example_subdag_operator.py for tasks to queue
[2022-10-27 11:10:32,540] {logging_mixin.py:115} INFO - [2022-10-27 11:10:32,539] {dagbag.py:507} INFO - Filling up the DagBag from /home/airflow/.local/lib/python3.7/site-packages/airflow/example_dags/example_subdag_operator.py
[2022-10-27 11:10:32,670] {processor.py:651} INFO - DAG(s) dict_keys(['example_subdag_operator.section-1', 'example_subdag_operator.section-2', 'example_subdag_operator']) retrieved from /home/airflow/.local/lib/python3.7/site-packages/airflow/example_dags/example_subdag_operator.py
[2022-10-27 11:10:32,776] {logging_mixin.py:115} INFO - [2022-10-27 11:10:32,775] {dag.py:2371} INFO - Sync 3 DAGs
[2022-10-27 11:10:32,825] {logging_mixin.py:115} INFO - [2022-10-27 11:10:32,825] {dag.py:2919} INFO - Setting next_dagrun for example_subdag_operator to 2022-10-25T00:00:00+00:00, run_after=2022-10-25T00:00:00+00:00
[2022-10-27 11:10:32,827] {logging_mixin.py:115} INFO - [2022-10-27 11:10:32,826] {dag.py:2919} INFO - Setting next_dagrun for example_subdag_operator.section-1 to None, run_after=None
[2022-10-27 11:10:32,828] {logging_mixin.py:115} INFO - [2022-10-27 11:10:32,828] {dag.py:2919} INFO - Setting next_dagrun for example_subdag_operator.section-2 to None, run_after=None
[2022-10-27 11:10:32,841] {logging_mixin.py:115} INFO - [2022-10-27 11:10:32,840] {dag.py:2371} INFO - Sync 2 DAGs
[2022-10-27 11:10:32,852] {logging_mixin.py:115} INFO - [2022-10-27 11:10:32,852] {dag.py:2919} INFO - Setting next_dagrun for example_subdag_operator.section-1 to None, run_after=None
[2022-10-27 11:10:32,854] {logging_mixin.py:115} INFO - [2022-10-27 11:10:32,853] {dag.py:2919} INFO - Setting next_dagrun for example_subdag_operator.section-2 to None, run_after=None
[2022-10-27 11:10:32,872] {processor.py:161} INFO - Processing /home/airflow/.local/lib/python3.7/site-packages/airflow/example_dags/example_subdag_operator.py took 0.358 seconds
[2022-10-27 11:11:03,288] {processor.py:153} INFO - Started process (PID=6137) to work on /home/airflow/.local/lib/python3.7/site-packages/airflow/example_dags/example_subdag_operator.py
[2022-10-27 11:11:03,316] {processor.py:641} INFO - Processing file /home/airflow/.local/lib/python3.7/site-packages/airflow/example_dags/example_subdag_operator.py for tasks to queue
[2022-10-27 11:11:03,349] {logging_mixin.py:115} INFO - [2022-10-27 11:11:03,348] {dagbag.py:507} INFO - Filling up the DagBag from /home/airflow/.local/lib/python3.7/site-packages/airflow/example_dags/example_subdag_operator.py
[2022-10-27 11:11:03,762] {processor.py:651} INFO - DAG(s) dict_keys(['example_subdag_operator.section-1', 'example_subdag_operator.section-2', 'example_subdag_operator']) retrieved from /home/airflow/.local/lib/python3.7/site-packages/airflow/example_dags/example_subdag_operator.py
[2022-10-27 11:11:04,558] {logging_mixin.py:115} INFO - [2022-10-27 11:11:04,558] {dag.py:2371} INFO - Sync 3 DAGs
[2022-10-27 11:11:04,782] {logging_mixin.py:115} INFO - [2022-10-27 11:11:04,782] {dag.py:2919} INFO - Setting next_dagrun for example_subdag_operator to 2022-10-25T00:00:00+00:00, run_after=2022-10-25T00:00:00+00:00
[2022-10-27 11:11:04,827] {logging_mixin.py:115} INFO - [2022-10-27 11:11:04,827] {dag.py:2919} INFO - Setting next_dagrun for example_subdag_operator.section-1 to None, run_after=None
[2022-10-27 11:11:04,844] {logging_mixin.py:115} INFO - [2022-10-27 11:11:04,844] {dag.py:2919} INFO - Setting next_dagrun for example_subdag_operator.section-2 to None, run_after=None
[2022-10-27 11:11:04,911] {logging_mixin.py:115} INFO - [2022-10-27 11:11:04,911] {dag.py:2371} INFO - Sync 2 DAGs
[2022-10-27 11:11:04,967] {logging_mixin.py:115} INFO - [2022-10-27 11:11:04,966] {dag.py:2919} INFO - Setting next_dagrun for example_subdag_operator.section-1 to None, run_after=None
[2022-10-27 11:11:05,019] {logging_mixin.py:115} INFO - [2022-10-27 11:11:05,019] {dag.py:2919} INFO - Setting next_dagrun for example_subdag_operator.section-2 to None, run_after=None
[2022-10-27 11:11:05,137] {processor.py:161} INFO - Processing /home/airflow/.local/lib/python3.7/site-packages/airflow/example_dags/example_subdag_operator.py took 1.885 seconds
[2022-10-27 11:11:36,860] {processor.py:153} INFO - Started process (PID=6191) to work on /home/airflow/.local/lib/python3.7/site-packages/airflow/example_dags/example_subdag_operator.py
[2022-10-27 11:11:36,896] {processor.py:641} INFO - Processing file /home/airflow/.local/lib/python3.7/site-packages/airflow/example_dags/example_subdag_operator.py for tasks to queue
[2022-10-27 11:11:36,912] {logging_mixin.py:115} INFO - [2022-10-27 11:11:36,912] {dagbag.py:507} INFO - Filling up the DagBag from /home/airflow/.local/lib/python3.7/site-packages/airflow/example_dags/example_subdag_operator.py
[2022-10-27 11:11:37,110] {processor.py:651} INFO - DAG(s) dict_keys(['example_subdag_operator.section-1', 'example_subdag_operator.section-2', 'example_subdag_operator']) retrieved from /home/airflow/.local/lib/python3.7/site-packages/airflow/example_dags/example_subdag_operator.py
[2022-10-27 11:11:37,817] {logging_mixin.py:115} INFO - [2022-10-27 11:11:37,816] {dag.py:2371} INFO - Sync 3 DAGs
[2022-10-27 11:11:38,163] {logging_mixin.py:115} INFO - [2022-10-27 11:11:38,162] {dag.py:2919} INFO - Setting next_dagrun for example_subdag_operator to 2022-10-25T00:00:00+00:00, run_after=2022-10-25T00:00:00+00:00
[2022-10-27 11:11:38,171] {logging_mixin.py:115} INFO - [2022-10-27 11:11:38,171] {dag.py:2919} INFO - Setting next_dagrun for example_subdag_operator.section-1 to None, run_after=None
[2022-10-27 11:11:38,194] {logging_mixin.py:115} INFO - [2022-10-27 11:11:38,194] {dag.py:2919} INFO - Setting next_dagrun for example_subdag_operator.section-2 to None, run_after=None
[2022-10-27 11:11:38,274] {logging_mixin.py:115} INFO - [2022-10-27 11:11:38,273] {dag.py:2371} INFO - Sync 2 DAGs
[2022-10-27 11:11:38,436] {logging_mixin.py:115} INFO - [2022-10-27 11:11:38,435] {dag.py:2919} INFO - Setting next_dagrun for example_subdag_operator.section-1 to None, run_after=None
[2022-10-27 11:11:38,516] {logging_mixin.py:115} INFO - [2022-10-27 11:11:38,516] {dag.py:2919} INFO - Setting next_dagrun for example_subdag_operator.section-2 to None, run_after=None
[2022-10-27 11:11:38,711] {processor.py:161} INFO - Processing /home/airflow/.local/lib/python3.7/site-packages/airflow/example_dags/example_subdag_operator.py took 1.859 seconds
[2022-10-27 11:12:09,829] {processor.py:153} INFO - Started process (PID=6243) to work on /home/airflow/.local/lib/python3.7/site-packages/airflow/example_dags/example_subdag_operator.py
[2022-10-27 11:12:09,832] {processor.py:641} INFO - Processing file /home/airflow/.local/lib/python3.7/site-packages/airflow/example_dags/example_subdag_operator.py for tasks to queue
[2022-10-27 11:12:09,834] {logging_mixin.py:115} INFO - [2022-10-27 11:12:09,834] {dagbag.py:507} INFO - Filling up the DagBag from /home/airflow/.local/lib/python3.7/site-packages/airflow/example_dags/example_subdag_operator.py
[2022-10-27 11:12:09,920] {processor.py:651} INFO - DAG(s) dict_keys(['example_subdag_operator.section-1', 'example_subdag_operator.section-2', 'example_subdag_operator']) retrieved from /home/airflow/.local/lib/python3.7/site-packages/airflow/example_dags/example_subdag_operator.py
[2022-10-27 11:12:10,013] {logging_mixin.py:115} INFO - [2022-10-27 11:12:10,012] {dag.py:2371} INFO - Sync 3 DAGs
[2022-10-27 11:12:10,063] {logging_mixin.py:115} INFO - [2022-10-27 11:12:10,063] {dag.py:2919} INFO - Setting next_dagrun for example_subdag_operator to 2022-10-25T00:00:00+00:00, run_after=2022-10-25T00:00:00+00:00
[2022-10-27 11:12:10,065] {logging_mixin.py:115} INFO - [2022-10-27 11:12:10,064] {dag.py:2919} INFO - Setting next_dagrun for example_subdag_operator.section-1 to None, run_after=None
[2022-10-27 11:12:10,065] {logging_mixin.py:115} INFO - [2022-10-27 11:12:10,065] {dag.py:2919} INFO - Setting next_dagrun for example_subdag_operator.section-2 to None, run_after=None
[2022-10-27 11:12:10,077] {logging_mixin.py:115} INFO - [2022-10-27 11:12:10,077] {dag.py:2371} INFO - Sync 2 DAGs
[2022-10-27 11:12:10,090] {logging_mixin.py:115} INFO - [2022-10-27 11:12:10,090] {dag.py:2919} INFO - Setting next_dagrun for example_subdag_operator.section-1 to None, run_after=None
[2022-10-27 11:12:10,091] {logging_mixin.py:115} INFO - [2022-10-27 11:12:10,090] {dag.py:2919} INFO - Setting next_dagrun for example_subdag_operator.section-2 to None, run_after=None
[2022-10-27 11:12:10,109] {processor.py:161} INFO - Processing /home/airflow/.local/lib/python3.7/site-packages/airflow/example_dags/example_subdag_operator.py took 0.288 seconds
[2022-10-27 11:12:40,347] {processor.py:153} INFO - Started process (PID=6295) to work on /home/airflow/.local/lib/python3.7/site-packages/airflow/example_dags/example_subdag_operator.py
[2022-10-27 11:12:40,350] {processor.py:641} INFO - Processing file /home/airflow/.local/lib/python3.7/site-packages/airflow/example_dags/example_subdag_operator.py for tasks to queue
[2022-10-27 11:12:40,351] {logging_mixin.py:115} INFO - [2022-10-27 11:12:40,351] {dagbag.py:507} INFO - Filling up the DagBag from /home/airflow/.local/lib/python3.7/site-packages/airflow/example_dags/example_subdag_operator.py
[2022-10-27 11:12:40,401] {processor.py:651} INFO - DAG(s) dict_keys(['example_subdag_operator.section-1', 'example_subdag_operator.section-2', 'example_subdag_operator']) retrieved from /home/airflow/.local/lib/python3.7/site-packages/airflow/example_dags/example_subdag_operator.py
[2022-10-27 11:12:40,461] {logging_mixin.py:115} INFO - [2022-10-27 11:12:40,461] {dag.py:2371} INFO - Sync 3 DAGs
[2022-10-27 11:12:40,503] {logging_mixin.py:115} INFO - [2022-10-27 11:12:40,503] {dag.py:2919} INFO - Setting next_dagrun for example_subdag_operator to 2022-10-25T00:00:00+00:00, run_after=2022-10-25T00:00:00+00:00
[2022-10-27 11:12:40,504] {logging_mixin.py:115} INFO - [2022-10-27 11:12:40,504] {dag.py:2919} INFO - Setting next_dagrun for example_subdag_operator.section-1 to None, run_after=None
[2022-10-27 11:12:40,505] {logging_mixin.py:115} INFO - [2022-10-27 11:12:40,505] {dag.py:2919} INFO - Setting next_dagrun for example_subdag_operator.section-2 to None, run_after=None
[2022-10-27 11:12:40,517] {logging_mixin.py:115} INFO - [2022-10-27 11:12:40,517] {dag.py:2371} INFO - Sync 2 DAGs
[2022-10-27 11:12:40,526] {logging_mixin.py:115} INFO - [2022-10-27 11:12:40,525] {dag.py:2919} INFO - Setting next_dagrun for example_subdag_operator.section-1 to None, run_after=None
[2022-10-27 11:12:40,528] {logging_mixin.py:115} INFO - [2022-10-27 11:12:40,527] {dag.py:2919} INFO - Setting next_dagrun for example_subdag_operator.section-2 to None, run_after=None
[2022-10-27 11:12:40,548] {processor.py:161} INFO - Processing /home/airflow/.local/lib/python3.7/site-packages/airflow/example_dags/example_subdag_operator.py took 0.206 seconds
[2022-10-27 11:13:11,240] {processor.py:153} INFO - Started process (PID=6348) to work on /home/airflow/.local/lib/python3.7/site-packages/airflow/example_dags/example_subdag_operator.py
[2022-10-27 11:13:11,242] {processor.py:641} INFO - Processing file /home/airflow/.local/lib/python3.7/site-packages/airflow/example_dags/example_subdag_operator.py for tasks to queue
[2022-10-27 11:13:11,243] {logging_mixin.py:115} INFO - [2022-10-27 11:13:11,243] {dagbag.py:507} INFO - Filling up the DagBag from /home/airflow/.local/lib/python3.7/site-packages/airflow/example_dags/example_subdag_operator.py
[2022-10-27 11:13:11,293] {processor.py:651} INFO - DAG(s) dict_keys(['example_subdag_operator.section-1', 'example_subdag_operator.section-2', 'example_subdag_operator']) retrieved from /home/airflow/.local/lib/python3.7/site-packages/airflow/example_dags/example_subdag_operator.py
[2022-10-27 11:13:11,352] {logging_mixin.py:115} INFO - [2022-10-27 11:13:11,351] {dag.py:2371} INFO - Sync 3 DAGs
[2022-10-27 11:13:11,396] {logging_mixin.py:115} INFO - [2022-10-27 11:13:11,395] {dag.py:2919} INFO - Setting next_dagrun for example_subdag_operator to 2022-10-25T00:00:00+00:00, run_after=2022-10-25T00:00:00+00:00
[2022-10-27 11:13:11,399] {logging_mixin.py:115} INFO - [2022-10-27 11:13:11,399] {dag.py:2919} INFO - Setting next_dagrun for example_subdag_operator.section-1 to None, run_after=None
[2022-10-27 11:13:11,400] {logging_mixin.py:115} INFO - [2022-10-27 11:13:11,400] {dag.py:2919} INFO - Setting next_dagrun for example_subdag_operator.section-2 to None, run_after=None
[2022-10-27 11:13:11,417] {logging_mixin.py:115} INFO - [2022-10-27 11:13:11,417] {dag.py:2371} INFO - Sync 2 DAGs
[2022-10-27 11:13:11,432] {logging_mixin.py:115} INFO - [2022-10-27 11:13:11,432] {dag.py:2919} INFO - Setting next_dagrun for example_subdag_operator.section-1 to None, run_after=None
[2022-10-27 11:13:11,435] {logging_mixin.py:115} INFO - [2022-10-27 11:13:11,435] {dag.py:2919} INFO - Setting next_dagrun for example_subdag_operator.section-2 to None, run_after=None
[2022-10-27 11:13:11,453] {processor.py:161} INFO - Processing /home/airflow/.local/lib/python3.7/site-packages/airflow/example_dags/example_subdag_operator.py took 0.217 seconds
[2022-10-27 11:13:42,602] {processor.py:153} INFO - Started process (PID=6402) to work on /home/airflow/.local/lib/python3.7/site-packages/airflow/example_dags/example_subdag_operator.py
[2022-10-27 11:13:42,618] {processor.py:641} INFO - Processing file /home/airflow/.local/lib/python3.7/site-packages/airflow/example_dags/example_subdag_operator.py for tasks to queue
[2022-10-27 11:13:42,634] {logging_mixin.py:115} INFO - [2022-10-27 11:13:42,634] {dagbag.py:507} INFO - Filling up the DagBag from /home/airflow/.local/lib/python3.7/site-packages/airflow/example_dags/example_subdag_operator.py
[2022-10-27 11:13:43,102] {processor.py:651} INFO - DAG(s) dict_keys(['example_subdag_operator.section-1', 'example_subdag_operator.section-2', 'example_subdag_operator']) retrieved from /home/airflow/.local/lib/python3.7/site-packages/airflow/example_dags/example_subdag_operator.py
[2022-10-27 11:13:43,734] {logging_mixin.py:115} INFO - [2022-10-27 11:13:43,733] {dag.py:2371} INFO - Sync 3 DAGs
[2022-10-27 11:13:44,062] {logging_mixin.py:115} INFO - [2022-10-27 11:13:44,062] {dag.py:2919} INFO - Setting next_dagrun for example_subdag_operator to 2022-10-25T00:00:00+00:00, run_after=2022-10-25T00:00:00+00:00
[2022-10-27 11:13:44,075] {logging_mixin.py:115} INFO - [2022-10-27 11:13:44,074] {dag.py:2919} INFO - Setting next_dagrun for example_subdag_operator.section-1 to None, run_after=None
[2022-10-27 11:13:44,091] {logging_mixin.py:115} INFO - [2022-10-27 11:13:44,091] {dag.py:2919} INFO - Setting next_dagrun for example_subdag_operator.section-2 to None, run_after=None
[2022-10-27 11:13:44,235] {logging_mixin.py:115} INFO - [2022-10-27 11:13:44,235] {dag.py:2371} INFO - Sync 2 DAGs
[2022-10-27 11:13:44,264] {logging_mixin.py:115} INFO - [2022-10-27 11:13:44,263] {dag.py:2919} INFO - Setting next_dagrun for example_subdag_operator.section-1 to None, run_after=None
[2022-10-27 11:13:44,276] {logging_mixin.py:115} INFO - [2022-10-27 11:13:44,276] {dag.py:2919} INFO - Setting next_dagrun for example_subdag_operator.section-2 to None, run_after=None
[2022-10-27 11:13:44,360] {processor.py:161} INFO - Processing /home/airflow/.local/lib/python3.7/site-packages/airflow/example_dags/example_subdag_operator.py took 1.784 seconds
[2022-10-27 11:14:17,934] {processor.py:153} INFO - Started process (PID=6456) to work on /home/airflow/.local/lib/python3.7/site-packages/airflow/example_dags/example_subdag_operator.py
[2022-10-27 11:14:18,012] {processor.py:641} INFO - Processing file /home/airflow/.local/lib/python3.7/site-packages/airflow/example_dags/example_subdag_operator.py for tasks to queue
[2022-10-27 11:14:18,030] {logging_mixin.py:115} INFO - [2022-10-27 11:14:18,029] {dagbag.py:507} INFO - Filling up the DagBag from /home/airflow/.local/lib/python3.7/site-packages/airflow/example_dags/example_subdag_operator.py
[2022-10-27 11:14:18,302] {processor.py:651} INFO - DAG(s) dict_keys(['example_subdag_operator.section-1', 'example_subdag_operator.section-2', 'example_subdag_operator']) retrieved from /home/airflow/.local/lib/python3.7/site-packages/airflow/example_dags/example_subdag_operator.py
[2022-10-27 11:14:19,497] {logging_mixin.py:115} INFO - [2022-10-27 11:14:19,497] {dag.py:2371} INFO - Sync 3 DAGs
[2022-10-27 11:14:20,048] {logging_mixin.py:115} INFO - [2022-10-27 11:14:20,048] {dag.py:2919} INFO - Setting next_dagrun for example_subdag_operator to 2022-10-25T00:00:00+00:00, run_after=2022-10-25T00:00:00+00:00
[2022-10-27 11:14:20,055] {logging_mixin.py:115} INFO - [2022-10-27 11:14:20,055] {dag.py:2919} INFO - Setting next_dagrun for example_subdag_operator.section-1 to None, run_after=None
[2022-10-27 11:14:20,057] {logging_mixin.py:115} INFO - [2022-10-27 11:14:20,056] {dag.py:2919} INFO - Setting next_dagrun for example_subdag_operator.section-2 to None, run_after=None
[2022-10-27 11:14:20,231] {logging_mixin.py:115} INFO - [2022-10-27 11:14:20,231] {dag.py:2371} INFO - Sync 2 DAGs
[2022-10-27 11:14:20,327] {logging_mixin.py:115} INFO - [2022-10-27 11:14:20,327] {dag.py:2919} INFO - Setting next_dagrun for example_subdag_operator.section-1 to None, run_after=None
[2022-10-27 11:14:20,344] {logging_mixin.py:115} INFO - [2022-10-27 11:14:20,344] {dag.py:2919} INFO - Setting next_dagrun for example_subdag_operator.section-2 to None, run_after=None
[2022-10-27 11:14:20,495] {processor.py:161} INFO - Processing /home/airflow/.local/lib/python3.7/site-packages/airflow/example_dags/example_subdag_operator.py took 2.570 seconds
[2022-10-27 11:14:51,330] {processor.py:153} INFO - Started process (PID=6513) to work on /home/airflow/.local/lib/python3.7/site-packages/airflow/example_dags/example_subdag_operator.py
[2022-10-27 11:14:51,335] {processor.py:641} INFO - Processing file /home/airflow/.local/lib/python3.7/site-packages/airflow/example_dags/example_subdag_operator.py for tasks to queue
[2022-10-27 11:14:51,338] {logging_mixin.py:115} INFO - [2022-10-27 11:14:51,337] {dagbag.py:507} INFO - Filling up the DagBag from /home/airflow/.local/lib/python3.7/site-packages/airflow/example_dags/example_subdag_operator.py
[2022-10-27 11:14:51,431] {processor.py:651} INFO - DAG(s) dict_keys(['example_subdag_operator.section-1', 'example_subdag_operator.section-2', 'example_subdag_operator']) retrieved from /home/airflow/.local/lib/python3.7/site-packages/airflow/example_dags/example_subdag_operator.py
[2022-10-27 11:14:51,510] {logging_mixin.py:115} INFO - [2022-10-27 11:14:51,510] {dag.py:2371} INFO - Sync 3 DAGs
[2022-10-27 11:14:51,563] {logging_mixin.py:115} INFO - [2022-10-27 11:14:51,563] {dag.py:2919} INFO - Setting next_dagrun for example_subdag_operator to 2022-10-25T00:00:00+00:00, run_after=2022-10-25T00:00:00+00:00
[2022-10-27 11:14:51,568] {logging_mixin.py:115} INFO - [2022-10-27 11:14:51,568] {dag.py:2919} INFO - Setting next_dagrun for example_subdag_operator.section-1 to None, run_after=None
[2022-10-27 11:14:51,570] {logging_mixin.py:115} INFO - [2022-10-27 11:14:51,569] {dag.py:2919} INFO - Setting next_dagrun for example_subdag_operator.section-2 to None, run_after=None
[2022-10-27 11:14:51,583] {logging_mixin.py:115} INFO - [2022-10-27 11:14:51,583] {dag.py:2371} INFO - Sync 2 DAGs
[2022-10-27 11:14:51,603] {logging_mixin.py:115} INFO - [2022-10-27 11:14:51,602] {dag.py:2919} INFO - Setting next_dagrun for example_subdag_operator.section-1 to None, run_after=None
[2022-10-27 11:14:51,604] {logging_mixin.py:115} INFO - [2022-10-27 11:14:51,603] {dag.py:2919} INFO - Setting next_dagrun for example_subdag_operator.section-2 to None, run_after=None
[2022-10-27 11:14:51,624] {processor.py:161} INFO - Processing /home/airflow/.local/lib/python3.7/site-packages/airflow/example_dags/example_subdag_operator.py took 0.300 seconds
[2022-10-27 11:15:21,771] {processor.py:153} INFO - Started process (PID=6567) to work on /home/airflow/.local/lib/python3.7/site-packages/airflow/example_dags/example_subdag_operator.py
[2022-10-27 11:15:21,772] {processor.py:641} INFO - Processing file /home/airflow/.local/lib/python3.7/site-packages/airflow/example_dags/example_subdag_operator.py for tasks to queue
[2022-10-27 11:15:21,774] {logging_mixin.py:115} INFO - [2022-10-27 11:15:21,774] {dagbag.py:507} INFO - Filling up the DagBag from /home/airflow/.local/lib/python3.7/site-packages/airflow/example_dags/example_subdag_operator.py
[2022-10-27 11:15:21,845] {processor.py:651} INFO - DAG(s) dict_keys(['example_subdag_operator.section-1', 'example_subdag_operator.section-2', 'example_subdag_operator']) retrieved from /home/airflow/.local/lib/python3.7/site-packages/airflow/example_dags/example_subdag_operator.py
[2022-10-27 11:15:21,941] {logging_mixin.py:115} INFO - [2022-10-27 11:15:21,941] {dag.py:2371} INFO - Sync 3 DAGs
[2022-10-27 11:15:22,093] {logging_mixin.py:115} INFO - [2022-10-27 11:15:22,093] {dag.py:2919} INFO - Setting next_dagrun for example_subdag_operator to 2022-10-25T00:00:00+00:00, run_after=2022-10-25T00:00:00+00:00
[2022-10-27 11:15:22,136] {logging_mixin.py:115} INFO - [2022-10-27 11:15:22,136] {dag.py:2919} INFO - Setting next_dagrun for example_subdag_operator.section-1 to None, run_after=None
[2022-10-27 11:15:22,143] {logging_mixin.py:115} INFO - [2022-10-27 11:15:22,143] {dag.py:2919} INFO - Setting next_dagrun for example_subdag_operator.section-2 to None, run_after=None
[2022-10-27 11:15:22,200] {logging_mixin.py:115} INFO - [2022-10-27 11:15:22,200] {dag.py:2371} INFO - Sync 2 DAGs
[2022-10-27 11:15:22,254] {logging_mixin.py:115} INFO - [2022-10-27 11:15:22,245] {dag.py:2919} INFO - Setting next_dagrun for example_subdag_operator.section-1 to None, run_after=None
[2022-10-27 11:15:22,276] {logging_mixin.py:115} INFO - [2022-10-27 11:15:22,276] {dag.py:2919} INFO - Setting next_dagrun for example_subdag_operator.section-2 to None, run_after=None
[2022-10-27 11:15:22,338] {processor.py:161} INFO - Processing /home/airflow/.local/lib/python3.7/site-packages/airflow/example_dags/example_subdag_operator.py took 0.578 seconds
[2022-10-27 11:15:52,988] {processor.py:153} INFO - Started process (PID=6620) to work on /home/airflow/.local/lib/python3.7/site-packages/airflow/example_dags/example_subdag_operator.py
[2022-10-27 11:15:52,990] {processor.py:641} INFO - Processing file /home/airflow/.local/lib/python3.7/site-packages/airflow/example_dags/example_subdag_operator.py for tasks to queue
[2022-10-27 11:15:52,992] {logging_mixin.py:115} INFO - [2022-10-27 11:15:52,991] {dagbag.py:507} INFO - Filling up the DagBag from /home/airflow/.local/lib/python3.7/site-packages/airflow/example_dags/example_subdag_operator.py
[2022-10-27 11:15:53,074] {processor.py:651} INFO - DAG(s) dict_keys(['example_subdag_operator.section-1', 'example_subdag_operator.section-2', 'example_subdag_operator']) retrieved from /home/airflow/.local/lib/python3.7/site-packages/airflow/example_dags/example_subdag_operator.py
[2022-10-27 11:15:53,189] {logging_mixin.py:115} INFO - [2022-10-27 11:15:53,189] {dag.py:2371} INFO - Sync 3 DAGs
[2022-10-27 11:15:53,278] {logging_mixin.py:115} INFO - [2022-10-27 11:15:53,277] {dag.py:2919} INFO - Setting next_dagrun for example_subdag_operator to 2022-10-25T00:00:00+00:00, run_after=2022-10-25T00:00:00+00:00
[2022-10-27 11:15:53,279] {logging_mixin.py:115} INFO - [2022-10-27 11:15:53,279] {dag.py:2919} INFO - Setting next_dagrun for example_subdag_operator.section-1 to None, run_after=None
[2022-10-27 11:15:53,281] {logging_mixin.py:115} INFO - [2022-10-27 11:15:53,281] {dag.py:2919} INFO - Setting next_dagrun for example_subdag_operator.section-2 to None, run_after=None
[2022-10-27 11:15:53,307] {logging_mixin.py:115} INFO - [2022-10-27 11:15:53,306] {dag.py:2371} INFO - Sync 2 DAGs
[2022-10-27 11:15:53,325] {logging_mixin.py:115} INFO - [2022-10-27 11:15:53,325] {dag.py:2919} INFO - Setting next_dagrun for example_subdag_operator.section-1 to None, run_after=None
[2022-10-27 11:15:53,326] {logging_mixin.py:115} INFO - [2022-10-27 11:15:53,326] {dag.py:2919} INFO - Setting next_dagrun for example_subdag_operator.section-2 to None, run_after=None
[2022-10-27 11:15:53,352] {processor.py:161} INFO - Processing /home/airflow/.local/lib/python3.7/site-packages/airflow/example_dags/example_subdag_operator.py took 0.368 seconds
[2022-10-27 11:16:23,751] {processor.py:153} INFO - Started process (PID=6673) to work on /home/airflow/.local/lib/python3.7/site-packages/airflow/example_dags/example_subdag_operator.py
[2022-10-27 11:16:23,752] {processor.py:641} INFO - Processing file /home/airflow/.local/lib/python3.7/site-packages/airflow/example_dags/example_subdag_operator.py for tasks to queue
[2022-10-27 11:16:23,754] {logging_mixin.py:115} INFO - [2022-10-27 11:16:23,754] {dagbag.py:507} INFO - Filling up the DagBag from /home/airflow/.local/lib/python3.7/site-packages/airflow/example_dags/example_subdag_operator.py
[2022-10-27 11:16:23,822] {processor.py:651} INFO - DAG(s) dict_keys(['example_subdag_operator.section-1', 'example_subdag_operator.section-2', 'example_subdag_operator']) retrieved from /home/airflow/.local/lib/python3.7/site-packages/airflow/example_dags/example_subdag_operator.py
[2022-10-27 11:16:23,950] {logging_mixin.py:115} INFO - [2022-10-27 11:16:23,950] {dag.py:2371} INFO - Sync 3 DAGs
[2022-10-27 11:16:24,041] {logging_mixin.py:115} INFO - [2022-10-27 11:16:24,041] {dag.py:2919} INFO - Setting next_dagrun for example_subdag_operator to 2022-10-25T00:00:00+00:00, run_after=2022-10-25T00:00:00+00:00
[2022-10-27 11:16:24,043] {logging_mixin.py:115} INFO - [2022-10-27 11:16:24,043] {dag.py:2919} INFO - Setting next_dagrun for example_subdag_operator.section-1 to None, run_after=None
[2022-10-27 11:16:24,048] {logging_mixin.py:115} INFO - [2022-10-27 11:16:24,048] {dag.py:2919} INFO - Setting next_dagrun for example_subdag_operator.section-2 to None, run_after=None
[2022-10-27 11:16:24,070] {logging_mixin.py:115} INFO - [2022-10-27 11:16:24,070] {dag.py:2371} INFO - Sync 2 DAGs
[2022-10-27 11:16:24,087] {logging_mixin.py:115} INFO - [2022-10-27 11:16:24,086] {dag.py:2919} INFO - Setting next_dagrun for example_subdag_operator.section-1 to None, run_after=None
[2022-10-27 11:16:24,088] {logging_mixin.py:115} INFO - [2022-10-27 11:16:24,087] {dag.py:2919} INFO - Setting next_dagrun for example_subdag_operator.section-2 to None, run_after=None
[2022-10-27 11:16:24,115] {processor.py:161} INFO - Processing /home/airflow/.local/lib/python3.7/site-packages/airflow/example_dags/example_subdag_operator.py took 0.368 seconds
[2022-10-27 11:16:54,488] {processor.py:153} INFO - Started process (PID=6726) to work on /home/airflow/.local/lib/python3.7/site-packages/airflow/example_dags/example_subdag_operator.py
[2022-10-27 11:16:54,501] {processor.py:641} INFO - Processing file /home/airflow/.local/lib/python3.7/site-packages/airflow/example_dags/example_subdag_operator.py for tasks to queue
[2022-10-27 11:16:54,509] {logging_mixin.py:115} INFO - [2022-10-27 11:16:54,508] {dagbag.py:507} INFO - Filling up the DagBag from /home/airflow/.local/lib/python3.7/site-packages/airflow/example_dags/example_subdag_operator.py
[2022-10-27 11:16:54,765] {processor.py:651} INFO - DAG(s) dict_keys(['example_subdag_operator.section-1', 'example_subdag_operator.section-2', 'example_subdag_operator']) retrieved from /home/airflow/.local/lib/python3.7/site-packages/airflow/example_dags/example_subdag_operator.py
[2022-10-27 11:16:55,091] {logging_mixin.py:115} INFO - [2022-10-27 11:16:55,091] {dag.py:2371} INFO - Sync 3 DAGs
[2022-10-27 11:16:55,282] {logging_mixin.py:115} INFO - [2022-10-27 11:16:55,282] {dag.py:2919} INFO - Setting next_dagrun for example_subdag_operator to 2022-10-25T00:00:00+00:00, run_after=2022-10-25T00:00:00+00:00
[2022-10-27 11:16:55,283] {logging_mixin.py:115} INFO - [2022-10-27 11:16:55,283] {dag.py:2919} INFO - Setting next_dagrun for example_subdag_operator.section-1 to None, run_after=None
[2022-10-27 11:16:55,284] {logging_mixin.py:115} INFO - [2022-10-27 11:16:55,284] {dag.py:2919} INFO - Setting next_dagrun for example_subdag_operator.section-2 to None, run_after=None
[2022-10-27 11:16:55,334] {logging_mixin.py:115} INFO - [2022-10-27 11:16:55,334] {dag.py:2371} INFO - Sync 2 DAGs
[2022-10-27 11:16:55,378] {logging_mixin.py:115} INFO - [2022-10-27 11:16:55,378] {dag.py:2919} INFO - Setting next_dagrun for example_subdag_operator.section-1 to None, run_after=None
[2022-10-27 11:16:55,384] {logging_mixin.py:115} INFO - [2022-10-27 11:16:55,384] {dag.py:2919} INFO - Setting next_dagrun for example_subdag_operator.section-2 to None, run_after=None
[2022-10-27 11:16:55,444] {processor.py:161} INFO - Processing /home/airflow/.local/lib/python3.7/site-packages/airflow/example_dags/example_subdag_operator.py took 0.971 seconds
[2022-10-27 11:17:26,300] {processor.py:153} INFO - Started process (PID=6779) to work on /home/airflow/.local/lib/python3.7/site-packages/airflow/example_dags/example_subdag_operator.py
[2022-10-27 11:17:26,301] {processor.py:641} INFO - Processing file /home/airflow/.local/lib/python3.7/site-packages/airflow/example_dags/example_subdag_operator.py for tasks to queue
[2022-10-27 11:17:26,302] {logging_mixin.py:115} INFO - [2022-10-27 11:17:26,302] {dagbag.py:507} INFO - Filling up the DagBag from /home/airflow/.local/lib/python3.7/site-packages/airflow/example_dags/example_subdag_operator.py
[2022-10-27 11:17:26,351] {processor.py:651} INFO - DAG(s) dict_keys(['example_subdag_operator.section-1', 'example_subdag_operator.section-2', 'example_subdag_operator']) retrieved from /home/airflow/.local/lib/python3.7/site-packages/airflow/example_dags/example_subdag_operator.py
[2022-10-27 11:17:26,428] {logging_mixin.py:115} INFO - [2022-10-27 11:17:26,428] {dag.py:2371} INFO - Sync 3 DAGs
[2022-10-27 11:17:26,471] {logging_mixin.py:115} INFO - [2022-10-27 11:17:26,470] {dag.py:2919} INFO - Setting next_dagrun for example_subdag_operator to 2022-10-25T00:00:00+00:00, run_after=2022-10-25T00:00:00+00:00
[2022-10-27 11:17:26,471] {logging_mixin.py:115} INFO - [2022-10-27 11:17:26,471] {dag.py:2919} INFO - Setting next_dagrun for example_subdag_operator.section-1 to None, run_after=None
[2022-10-27 11:17:26,472] {logging_mixin.py:115} INFO - [2022-10-27 11:17:26,472] {dag.py:2919} INFO - Setting next_dagrun for example_subdag_operator.section-2 to None, run_after=None
[2022-10-27 11:17:26,486] {logging_mixin.py:115} INFO - [2022-10-27 11:17:26,486] {dag.py:2371} INFO - Sync 2 DAGs
[2022-10-27 11:17:26,498] {logging_mixin.py:115} INFO - [2022-10-27 11:17:26,498] {dag.py:2919} INFO - Setting next_dagrun for example_subdag_operator.section-1 to None, run_after=None
[2022-10-27 11:17:26,499] {logging_mixin.py:115} INFO - [2022-10-27 11:17:26,499] {dag.py:2919} INFO - Setting next_dagrun for example_subdag_operator.section-2 to None, run_after=None
[2022-10-27 11:17:26,516] {processor.py:161} INFO - Processing /home/airflow/.local/lib/python3.7/site-packages/airflow/example_dags/example_subdag_operator.py took 0.224 seconds
[2022-10-27 11:17:57,352] {processor.py:153} INFO - Started process (PID=6833) to work on /home/airflow/.local/lib/python3.7/site-packages/airflow/example_dags/example_subdag_operator.py
[2022-10-27 11:17:57,353] {processor.py:641} INFO - Processing file /home/airflow/.local/lib/python3.7/site-packages/airflow/example_dags/example_subdag_operator.py for tasks to queue
[2022-10-27 11:17:57,354] {logging_mixin.py:115} INFO - [2022-10-27 11:17:57,354] {dagbag.py:507} INFO - Filling up the DagBag from /home/airflow/.local/lib/python3.7/site-packages/airflow/example_dags/example_subdag_operator.py
[2022-10-27 11:17:57,437] {processor.py:651} INFO - DAG(s) dict_keys(['example_subdag_operator.section-1', 'example_subdag_operator.section-2', 'example_subdag_operator']) retrieved from /home/airflow/.local/lib/python3.7/site-packages/airflow/example_dags/example_subdag_operator.py
[2022-10-27 11:17:57,556] {logging_mixin.py:115} INFO - [2022-10-27 11:17:57,556] {dag.py:2371} INFO - Sync 3 DAGs
[2022-10-27 11:17:57,650] {logging_mixin.py:115} INFO - [2022-10-27 11:17:57,649] {dag.py:2919} INFO - Setting next_dagrun for example_subdag_operator to 2022-10-25T00:00:00+00:00, run_after=2022-10-25T00:00:00+00:00
[2022-10-27 11:17:57,651] {logging_mixin.py:115} INFO - [2022-10-27 11:17:57,651] {dag.py:2919} INFO - Setting next_dagrun for example_subdag_operator.section-1 to None, run_after=None
[2022-10-27 11:17:57,651] {logging_mixin.py:115} INFO - [2022-10-27 11:17:57,651] {dag.py:2919} INFO - Setting next_dagrun for example_subdag_operator.section-2 to None, run_after=None
[2022-10-27 11:17:57,673] {logging_mixin.py:115} INFO - [2022-10-27 11:17:57,672] {dag.py:2371} INFO - Sync 2 DAGs
[2022-10-27 11:17:57,696] {logging_mixin.py:115} INFO - [2022-10-27 11:17:57,694] {dag.py:2919} INFO - Setting next_dagrun for example_subdag_operator.section-1 to None, run_after=None
[2022-10-27 11:17:57,697] {logging_mixin.py:115} INFO - [2022-10-27 11:17:57,697] {dag.py:2919} INFO - Setting next_dagrun for example_subdag_operator.section-2 to None, run_after=None
[2022-10-27 11:17:57,734] {processor.py:161} INFO - Processing /home/airflow/.local/lib/python3.7/site-packages/airflow/example_dags/example_subdag_operator.py took 0.388 seconds
[2022-10-27 11:18:28,731] {processor.py:153} INFO - Started process (PID=6886) to work on /home/airflow/.local/lib/python3.7/site-packages/airflow/example_dags/example_subdag_operator.py
[2022-10-27 11:18:28,732] {processor.py:641} INFO - Processing file /home/airflow/.local/lib/python3.7/site-packages/airflow/example_dags/example_subdag_operator.py for tasks to queue
[2022-10-27 11:18:28,733] {logging_mixin.py:115} INFO - [2022-10-27 11:18:28,733] {dagbag.py:507} INFO - Filling up the DagBag from /home/airflow/.local/lib/python3.7/site-packages/airflow/example_dags/example_subdag_operator.py
[2022-10-27 11:18:28,780] {processor.py:651} INFO - DAG(s) dict_keys(['example_subdag_operator.section-1', 'example_subdag_operator.section-2', 'example_subdag_operator']) retrieved from /home/airflow/.local/lib/python3.7/site-packages/airflow/example_dags/example_subdag_operator.py
[2022-10-27 11:18:28,839] {logging_mixin.py:115} INFO - [2022-10-27 11:18:28,839] {dag.py:2371} INFO - Sync 3 DAGs
[2022-10-27 11:18:28,887] {logging_mixin.py:115} INFO - [2022-10-27 11:18:28,887] {dag.py:2919} INFO - Setting next_dagrun for example_subdag_operator to 2022-10-25T00:00:00+00:00, run_after=2022-10-25T00:00:00+00:00
[2022-10-27 11:18:28,888] {logging_mixin.py:115} INFO - [2022-10-27 11:18:28,888] {dag.py:2919} INFO - Setting next_dagrun for example_subdag_operator.section-1 to None, run_after=None
[2022-10-27 11:18:28,888] {logging_mixin.py:115} INFO - [2022-10-27 11:18:28,888] {dag.py:2919} INFO - Setting next_dagrun for example_subdag_operator.section-2 to None, run_after=None
[2022-10-27 11:18:28,903] {logging_mixin.py:115} INFO - [2022-10-27 11:18:28,903] {dag.py:2371} INFO - Sync 2 DAGs
[2022-10-27 11:18:28,917] {logging_mixin.py:115} INFO - [2022-10-27 11:18:28,917] {dag.py:2919} INFO - Setting next_dagrun for example_subdag_operator.section-1 to None, run_after=None
[2022-10-27 11:18:28,918] {logging_mixin.py:115} INFO - [2022-10-27 11:18:28,918] {dag.py:2919} INFO - Setting next_dagrun for example_subdag_operator.section-2 to None, run_after=None
[2022-10-27 11:18:28,935] {processor.py:161} INFO - Processing /home/airflow/.local/lib/python3.7/site-packages/airflow/example_dags/example_subdag_operator.py took 0.211 seconds
[2022-10-27 11:18:59,457] {processor.py:153} INFO - Started process (PID=6939) to work on /home/airflow/.local/lib/python3.7/site-packages/airflow/example_dags/example_subdag_operator.py
[2022-10-27 11:18:59,458] {processor.py:641} INFO - Processing file /home/airflow/.local/lib/python3.7/site-packages/airflow/example_dags/example_subdag_operator.py for tasks to queue
[2022-10-27 11:18:59,460] {logging_mixin.py:115} INFO - [2022-10-27 11:18:59,460] {dagbag.py:507} INFO - Filling up the DagBag from /home/airflow/.local/lib/python3.7/site-packages/airflow/example_dags/example_subdag_operator.py
[2022-10-27 11:18:59,552] {processor.py:651} INFO - DAG(s) dict_keys(['example_subdag_operator.section-1', 'example_subdag_operator.section-2', 'example_subdag_operator']) retrieved from /home/airflow/.local/lib/python3.7/site-packages/airflow/example_dags/example_subdag_operator.py
[2022-10-27 11:18:59,690] {logging_mixin.py:115} INFO - [2022-10-27 11:18:59,690] {dag.py:2371} INFO - Sync 3 DAGs
[2022-10-27 11:18:59,827] {logging_mixin.py:115} INFO - [2022-10-27 11:18:59,827] {dag.py:2919} INFO - Setting next_dagrun for example_subdag_operator to 2022-10-25T00:00:00+00:00, run_after=2022-10-25T00:00:00+00:00
[2022-10-27 11:18:59,830] {logging_mixin.py:115} INFO - [2022-10-27 11:18:59,830] {dag.py:2919} INFO - Setting next_dagrun for example_subdag_operator.section-1 to None, run_after=None
[2022-10-27 11:18:59,832] {logging_mixin.py:115} INFO - [2022-10-27 11:18:59,832] {dag.py:2919} INFO - Setting next_dagrun for example_subdag_operator.section-2 to None, run_after=None
[2022-10-27 11:18:59,852] {logging_mixin.py:115} INFO - [2022-10-27 11:18:59,851] {dag.py:2371} INFO - Sync 2 DAGs
[2022-10-27 11:18:59,880] {logging_mixin.py:115} INFO - [2022-10-27 11:18:59,879] {dag.py:2919} INFO - Setting next_dagrun for example_subdag_operator.section-1 to None, run_after=None
[2022-10-27 11:18:59,891] {logging_mixin.py:115} INFO - [2022-10-27 11:18:59,890] {dag.py:2919} INFO - Setting next_dagrun for example_subdag_operator.section-2 to None, run_after=None
[2022-10-27 11:18:59,918] {processor.py:161} INFO - Processing /home/airflow/.local/lib/python3.7/site-packages/airflow/example_dags/example_subdag_operator.py took 0.467 seconds
[2022-10-27 11:19:30,204] {processor.py:153} INFO - Started process (PID=7000) to work on /home/airflow/.local/lib/python3.7/site-packages/airflow/example_dags/example_subdag_operator.py
[2022-10-27 11:19:30,207] {processor.py:641} INFO - Processing file /home/airflow/.local/lib/python3.7/site-packages/airflow/example_dags/example_subdag_operator.py for tasks to queue
[2022-10-27 11:19:30,213] {logging_mixin.py:115} INFO - [2022-10-27 11:19:30,213] {dagbag.py:507} INFO - Filling up the DagBag from /home/airflow/.local/lib/python3.7/site-packages/airflow/example_dags/example_subdag_operator.py
[2022-10-27 11:19:30,364] {processor.py:651} INFO - DAG(s) dict_keys(['example_subdag_operator.section-1', 'example_subdag_operator.section-2', 'example_subdag_operator']) retrieved from /home/airflow/.local/lib/python3.7/site-packages/airflow/example_dags/example_subdag_operator.py
[2022-10-27 11:19:30,535] {logging_mixin.py:115} INFO - [2022-10-27 11:19:30,535] {dag.py:2371} INFO - Sync 3 DAGs
[2022-10-27 11:19:30,610] {logging_mixin.py:115} INFO - [2022-10-27 11:19:30,610] {dag.py:2919} INFO - Setting next_dagrun for example_subdag_operator to 2022-10-25T00:00:00+00:00, run_after=2022-10-25T00:00:00+00:00
[2022-10-27 11:19:30,612] {logging_mixin.py:115} INFO - [2022-10-27 11:19:30,611] {dag.py:2919} INFO - Setting next_dagrun for example_subdag_operator.section-1 to None, run_after=None
[2022-10-27 11:19:30,613] {logging_mixin.py:115} INFO - [2022-10-27 11:19:30,612] {dag.py:2919} INFO - Setting next_dagrun for example_subdag_operator.section-2 to None, run_after=None
[2022-10-27 11:19:30,634] {logging_mixin.py:115} INFO - [2022-10-27 11:19:30,634] {dag.py:2371} INFO - Sync 2 DAGs
[2022-10-27 11:19:30,654] {logging_mixin.py:115} INFO - [2022-10-27 11:19:30,654] {dag.py:2919} INFO - Setting next_dagrun for example_subdag_operator.section-1 to None, run_after=None
[2022-10-27 11:19:30,656] {logging_mixin.py:115} INFO - [2022-10-27 11:19:30,655] {dag.py:2919} INFO - Setting next_dagrun for example_subdag_operator.section-2 to None, run_after=None
[2022-10-27 11:19:30,692] {processor.py:161} INFO - Processing /home/airflow/.local/lib/python3.7/site-packages/airflow/example_dags/example_subdag_operator.py took 0.494 seconds
[2022-10-27 11:20:01,260] {processor.py:153} INFO - Started process (PID=7055) to work on /home/airflow/.local/lib/python3.7/site-packages/airflow/example_dags/example_subdag_operator.py
[2022-10-27 11:20:01,265] {processor.py:641} INFO - Processing file /home/airflow/.local/lib/python3.7/site-packages/airflow/example_dags/example_subdag_operator.py for tasks to queue
[2022-10-27 11:20:01,272] {logging_mixin.py:115} INFO - [2022-10-27 11:20:01,272] {dagbag.py:507} INFO - Filling up the DagBag from /home/airflow/.local/lib/python3.7/site-packages/airflow/example_dags/example_subdag_operator.py
[2022-10-27 11:20:01,369] {processor.py:651} INFO - DAG(s) dict_keys(['example_subdag_operator.section-1', 'example_subdag_operator.section-2', 'example_subdag_operator']) retrieved from /home/airflow/.local/lib/python3.7/site-packages/airflow/example_dags/example_subdag_operator.py
[2022-10-27 11:20:01,483] {logging_mixin.py:115} INFO - [2022-10-27 11:20:01,483] {dag.py:2371} INFO - Sync 3 DAGs
[2022-10-27 11:20:01,572] {logging_mixin.py:115} INFO - [2022-10-27 11:20:01,572] {dag.py:2919} INFO - Setting next_dagrun for example_subdag_operator to 2022-10-25T00:00:00+00:00, run_after=2022-10-25T00:00:00+00:00
[2022-10-27 11:20:01,573] {logging_mixin.py:115} INFO - [2022-10-27 11:20:01,573] {dag.py:2919} INFO - Setting next_dagrun for example_subdag_operator.section-1 to None, run_after=None
[2022-10-27 11:20:01,574] {logging_mixin.py:115} INFO - [2022-10-27 11:20:01,574] {dag.py:2919} INFO - Setting next_dagrun for example_subdag_operator.section-2 to None, run_after=None
[2022-10-27 11:20:01,595] {logging_mixin.py:115} INFO - [2022-10-27 11:20:01,595] {dag.py:2371} INFO - Sync 2 DAGs
[2022-10-27 11:20:01,615] {logging_mixin.py:115} INFO - [2022-10-27 11:20:01,615] {dag.py:2919} INFO - Setting next_dagrun for example_subdag_operator.section-1 to None, run_after=None
[2022-10-27 11:20:01,618] {logging_mixin.py:115} INFO - [2022-10-27 11:20:01,618] {dag.py:2919} INFO - Setting next_dagrun for example_subdag_operator.section-2 to None, run_after=None
[2022-10-27 11:20:01,656] {processor.py:161} INFO - Processing /home/airflow/.local/lib/python3.7/site-packages/airflow/example_dags/example_subdag_operator.py took 0.414 seconds
[2022-10-27 11:20:31,874] {processor.py:153} INFO - Started process (PID=7110) to work on /home/airflow/.local/lib/python3.7/site-packages/airflow/example_dags/example_subdag_operator.py
[2022-10-27 11:20:31,876] {processor.py:641} INFO - Processing file /home/airflow/.local/lib/python3.7/site-packages/airflow/example_dags/example_subdag_operator.py for tasks to queue
[2022-10-27 11:20:31,879] {logging_mixin.py:115} INFO - [2022-10-27 11:20:31,879] {dagbag.py:507} INFO - Filling up the DagBag from /home/airflow/.local/lib/python3.7/site-packages/airflow/example_dags/example_subdag_operator.py
[2022-10-27 11:20:31,964] {processor.py:651} INFO - DAG(s) dict_keys(['example_subdag_operator.section-1', 'example_subdag_operator.section-2', 'example_subdag_operator']) retrieved from /home/airflow/.local/lib/python3.7/site-packages/airflow/example_dags/example_subdag_operator.py
[2022-10-27 11:20:32,076] {logging_mixin.py:115} INFO - [2022-10-27 11:20:32,076] {dag.py:2371} INFO - Sync 3 DAGs
[2022-10-27 11:20:32,144] {logging_mixin.py:115} INFO - [2022-10-27 11:20:32,144] {dag.py:2919} INFO - Setting next_dagrun for example_subdag_operator to 2022-10-25T00:00:00+00:00, run_after=2022-10-25T00:00:00+00:00
[2022-10-27 11:20:32,145] {logging_mixin.py:115} INFO - [2022-10-27 11:20:32,145] {dag.py:2919} INFO - Setting next_dagrun for example_subdag_operator.section-1 to None, run_after=None
[2022-10-27 11:20:32,146] {logging_mixin.py:115} INFO - [2022-10-27 11:20:32,146] {dag.py:2919} INFO - Setting next_dagrun for example_subdag_operator.section-2 to None, run_after=None
[2022-10-27 11:20:32,176] {logging_mixin.py:115} INFO - [2022-10-27 11:20:32,176] {dag.py:2371} INFO - Sync 2 DAGs
[2022-10-27 11:20:32,202] {logging_mixin.py:115} INFO - [2022-10-27 11:20:32,202] {dag.py:2919} INFO - Setting next_dagrun for example_subdag_operator.section-1 to None, run_after=None
[2022-10-27 11:20:32,203] {logging_mixin.py:115} INFO - [2022-10-27 11:20:32,203] {dag.py:2919} INFO - Setting next_dagrun for example_subdag_operator.section-2 to None, run_after=None
[2022-10-27 11:20:32,246] {processor.py:161} INFO - Processing /home/airflow/.local/lib/python3.7/site-packages/airflow/example_dags/example_subdag_operator.py took 0.378 seconds
[2022-10-27 11:21:02,950] {processor.py:153} INFO - Started process (PID=7163) to work on /home/airflow/.local/lib/python3.7/site-packages/airflow/example_dags/example_subdag_operator.py
[2022-10-27 11:21:02,952] {processor.py:641} INFO - Processing file /home/airflow/.local/lib/python3.7/site-packages/airflow/example_dags/example_subdag_operator.py for tasks to queue
[2022-10-27 11:21:02,954] {logging_mixin.py:115} INFO - [2022-10-27 11:21:02,953] {dagbag.py:507} INFO - Filling up the DagBag from /home/airflow/.local/lib/python3.7/site-packages/airflow/example_dags/example_subdag_operator.py
[2022-10-27 11:21:03,040] {processor.py:651} INFO - DAG(s) dict_keys(['example_subdag_operator.section-1', 'example_subdag_operator.section-2', 'example_subdag_operator']) retrieved from /home/airflow/.local/lib/python3.7/site-packages/airflow/example_dags/example_subdag_operator.py
[2022-10-27 11:21:03,180] {logging_mixin.py:115} INFO - [2022-10-27 11:21:03,180] {dag.py:2371} INFO - Sync 3 DAGs
[2022-10-27 11:21:03,305] {logging_mixin.py:115} INFO - [2022-10-27 11:21:03,305] {dag.py:2919} INFO - Setting next_dagrun for example_subdag_operator to 2022-10-25T00:00:00+00:00, run_after=2022-10-25T00:00:00+00:00
[2022-10-27 11:21:03,307] {logging_mixin.py:115} INFO - [2022-10-27 11:21:03,307] {dag.py:2919} INFO - Setting next_dagrun for example_subdag_operator.section-1 to None, run_after=None
[2022-10-27 11:21:03,321] {logging_mixin.py:115} INFO - [2022-10-27 11:21:03,321] {dag.py:2919} INFO - Setting next_dagrun for example_subdag_operator.section-2 to None, run_after=None
[2022-10-27 11:21:03,375] {logging_mixin.py:115} INFO - [2022-10-27 11:21:03,375] {dag.py:2371} INFO - Sync 2 DAGs
[2022-10-27 11:21:03,410] {logging_mixin.py:115} INFO - [2022-10-27 11:21:03,399] {dag.py:2919} INFO - Setting next_dagrun for example_subdag_operator.section-1 to None, run_after=None
[2022-10-27 11:21:03,416] {logging_mixin.py:115} INFO - [2022-10-27 11:21:03,416] {dag.py:2919} INFO - Setting next_dagrun for example_subdag_operator.section-2 to None, run_after=None
[2022-10-27 11:21:03,466] {processor.py:161} INFO - Processing /home/airflow/.local/lib/python3.7/site-packages/airflow/example_dags/example_subdag_operator.py took 0.530 seconds
[2022-10-27 11:21:34,160] {processor.py:153} INFO - Started process (PID=7217) to work on /home/airflow/.local/lib/python3.7/site-packages/airflow/example_dags/example_subdag_operator.py
[2022-10-27 11:21:34,162] {processor.py:641} INFO - Processing file /home/airflow/.local/lib/python3.7/site-packages/airflow/example_dags/example_subdag_operator.py for tasks to queue
[2022-10-27 11:21:34,163] {logging_mixin.py:115} INFO - [2022-10-27 11:21:34,163] {dagbag.py:507} INFO - Filling up the DagBag from /home/airflow/.local/lib/python3.7/site-packages/airflow/example_dags/example_subdag_operator.py
[2022-10-27 11:21:34,232] {processor.py:651} INFO - DAG(s) dict_keys(['example_subdag_operator.section-1', 'example_subdag_operator.section-2', 'example_subdag_operator']) retrieved from /home/airflow/.local/lib/python3.7/site-packages/airflow/example_dags/example_subdag_operator.py
[2022-10-27 11:21:34,322] {logging_mixin.py:115} INFO - [2022-10-27 11:21:34,321] {dag.py:2371} INFO - Sync 3 DAGs
[2022-10-27 11:21:34,379] {logging_mixin.py:115} INFO - [2022-10-27 11:21:34,378] {dag.py:2919} INFO - Setting next_dagrun for example_subdag_operator to 2022-10-25T00:00:00+00:00, run_after=2022-10-25T00:00:00+00:00
[2022-10-27 11:21:34,380] {logging_mixin.py:115} INFO - [2022-10-27 11:21:34,380] {dag.py:2919} INFO - Setting next_dagrun for example_subdag_operator.section-1 to None, run_after=None
[2022-10-27 11:21:34,381] {logging_mixin.py:115} INFO - [2022-10-27 11:21:34,381] {dag.py:2919} INFO - Setting next_dagrun for example_subdag_operator.section-2 to None, run_after=None
[2022-10-27 11:21:34,399] {logging_mixin.py:115} INFO - [2022-10-27 11:21:34,399] {dag.py:2371} INFO - Sync 2 DAGs
[2022-10-27 11:21:34,413] {logging_mixin.py:115} INFO - [2022-10-27 11:21:34,413] {dag.py:2919} INFO - Setting next_dagrun for example_subdag_operator.section-1 to None, run_after=None
[2022-10-27 11:21:34,416] {logging_mixin.py:115} INFO - [2022-10-27 11:21:34,414] {dag.py:2919} INFO - Setting next_dagrun for example_subdag_operator.section-2 to None, run_after=None
[2022-10-27 11:21:34,447] {processor.py:161} INFO - Processing /home/airflow/.local/lib/python3.7/site-packages/airflow/example_dags/example_subdag_operator.py took 0.298 seconds
[2022-10-27 11:22:04,916] {processor.py:153} INFO - Started process (PID=7270) to work on /home/airflow/.local/lib/python3.7/site-packages/airflow/example_dags/example_subdag_operator.py
[2022-10-27 11:22:04,918] {processor.py:641} INFO - Processing file /home/airflow/.local/lib/python3.7/site-packages/airflow/example_dags/example_subdag_operator.py for tasks to queue
[2022-10-27 11:22:04,919] {logging_mixin.py:115} INFO - [2022-10-27 11:22:04,919] {dagbag.py:507} INFO - Filling up the DagBag from /home/airflow/.local/lib/python3.7/site-packages/airflow/example_dags/example_subdag_operator.py
[2022-10-27 11:22:04,988] {processor.py:651} INFO - DAG(s) dict_keys(['example_subdag_operator.section-1', 'example_subdag_operator.section-2', 'example_subdag_operator']) retrieved from /home/airflow/.local/lib/python3.7/site-packages/airflow/example_dags/example_subdag_operator.py
[2022-10-27 11:22:05,083] {logging_mixin.py:115} INFO - [2022-10-27 11:22:05,083] {dag.py:2371} INFO - Sync 3 DAGs
[2022-10-27 11:22:05,128] {logging_mixin.py:115} INFO - [2022-10-27 11:22:05,128] {dag.py:2919} INFO - Setting next_dagrun for example_subdag_operator to 2022-10-25T00:00:00+00:00, run_after=2022-10-25T00:00:00+00:00
[2022-10-27 11:22:05,129] {logging_mixin.py:115} INFO - [2022-10-27 11:22:05,129] {dag.py:2919} INFO - Setting next_dagrun for example_subdag_operator.section-1 to None, run_after=None
[2022-10-27 11:22:05,129] {logging_mixin.py:115} INFO - [2022-10-27 11:22:05,129] {dag.py:2919} INFO - Setting next_dagrun for example_subdag_operator.section-2 to None, run_after=None
[2022-10-27 11:22:05,144] {logging_mixin.py:115} INFO - [2022-10-27 11:22:05,144] {dag.py:2371} INFO - Sync 2 DAGs
[2022-10-27 11:22:05,157] {logging_mixin.py:115} INFO - [2022-10-27 11:22:05,157] {dag.py:2919} INFO - Setting next_dagrun for example_subdag_operator.section-1 to None, run_after=None
[2022-10-27 11:22:05,158] {logging_mixin.py:115} INFO - [2022-10-27 11:22:05,158] {dag.py:2919} INFO - Setting next_dagrun for example_subdag_operator.section-2 to None, run_after=None
[2022-10-27 11:22:05,178] {processor.py:161} INFO - Processing /home/airflow/.local/lib/python3.7/site-packages/airflow/example_dags/example_subdag_operator.py took 0.268 seconds
[2022-10-27 11:22:35,631] {processor.py:153} INFO - Started process (PID=7324) to work on /home/airflow/.local/lib/python3.7/site-packages/airflow/example_dags/example_subdag_operator.py
[2022-10-27 11:22:35,632] {processor.py:641} INFO - Processing file /home/airflow/.local/lib/python3.7/site-packages/airflow/example_dags/example_subdag_operator.py for tasks to queue
[2022-10-27 11:22:35,633] {logging_mixin.py:115} INFO - [2022-10-27 11:22:35,633] {dagbag.py:507} INFO - Filling up the DagBag from /home/airflow/.local/lib/python3.7/site-packages/airflow/example_dags/example_subdag_operator.py
[2022-10-27 11:22:35,697] {processor.py:651} INFO - DAG(s) dict_keys(['example_subdag_operator.section-1', 'example_subdag_operator.section-2', 'example_subdag_operator']) retrieved from /home/airflow/.local/lib/python3.7/site-packages/airflow/example_dags/example_subdag_operator.py
[2022-10-27 11:22:35,773] {logging_mixin.py:115} INFO - [2022-10-27 11:22:35,773] {dag.py:2371} INFO - Sync 3 DAGs
[2022-10-27 11:22:35,825] {logging_mixin.py:115} INFO - [2022-10-27 11:22:35,824] {dag.py:2919} INFO - Setting next_dagrun for example_subdag_operator to 2022-10-25T00:00:00+00:00, run_after=2022-10-25T00:00:00+00:00
[2022-10-27 11:22:35,826] {logging_mixin.py:115} INFO - [2022-10-27 11:22:35,825] {dag.py:2919} INFO - Setting next_dagrun for example_subdag_operator.section-1 to None, run_after=None
[2022-10-27 11:22:35,827] {logging_mixin.py:115} INFO - [2022-10-27 11:22:35,827] {dag.py:2919} INFO - Setting next_dagrun for example_subdag_operator.section-2 to None, run_after=None
[2022-10-27 11:22:35,843] {logging_mixin.py:115} INFO - [2022-10-27 11:22:35,842] {dag.py:2371} INFO - Sync 2 DAGs
[2022-10-27 11:22:35,861] {logging_mixin.py:115} INFO - [2022-10-27 11:22:35,860] {dag.py:2919} INFO - Setting next_dagrun for example_subdag_operator.section-1 to None, run_after=None
[2022-10-27 11:22:35,862] {logging_mixin.py:115} INFO - [2022-10-27 11:22:35,861] {dag.py:2919} INFO - Setting next_dagrun for example_subdag_operator.section-2 to None, run_after=None
[2022-10-27 11:22:35,892] {processor.py:161} INFO - Processing /home/airflow/.local/lib/python3.7/site-packages/airflow/example_dags/example_subdag_operator.py took 0.268 seconds
[2022-10-27 11:23:06,417] {processor.py:153} INFO - Started process (PID=7378) to work on /home/airflow/.local/lib/python3.7/site-packages/airflow/example_dags/example_subdag_operator.py
[2022-10-27 11:23:06,419] {processor.py:641} INFO - Processing file /home/airflow/.local/lib/python3.7/site-packages/airflow/example_dags/example_subdag_operator.py for tasks to queue
[2022-10-27 11:23:06,425] {logging_mixin.py:115} INFO - [2022-10-27 11:23:06,424] {dagbag.py:507} INFO - Filling up the DagBag from /home/airflow/.local/lib/python3.7/site-packages/airflow/example_dags/example_subdag_operator.py
[2022-10-27 11:23:06,510] {processor.py:651} INFO - DAG(s) dict_keys(['example_subdag_operator.section-1', 'example_subdag_operator.section-2', 'example_subdag_operator']) retrieved from /home/airflow/.local/lib/python3.7/site-packages/airflow/example_dags/example_subdag_operator.py
[2022-10-27 11:23:06,623] {logging_mixin.py:115} INFO - [2022-10-27 11:23:06,619] {dag.py:2371} INFO - Sync 3 DAGs
[2022-10-27 11:23:06,668] {logging_mixin.py:115} INFO - [2022-10-27 11:23:06,668] {dag.py:2919} INFO - Setting next_dagrun for example_subdag_operator to 2022-10-25T00:00:00+00:00, run_after=2022-10-25T00:00:00+00:00
[2022-10-27 11:23:06,669] {logging_mixin.py:115} INFO - [2022-10-27 11:23:06,669] {dag.py:2919} INFO - Setting next_dagrun for example_subdag_operator.section-1 to None, run_after=None
[2022-10-27 11:23:06,671] {logging_mixin.py:115} INFO - [2022-10-27 11:23:06,671] {dag.py:2919} INFO - Setting next_dagrun for example_subdag_operator.section-2 to None, run_after=None
[2022-10-27 11:23:06,685] {logging_mixin.py:115} INFO - [2022-10-27 11:23:06,685] {dag.py:2371} INFO - Sync 2 DAGs
[2022-10-27 11:23:06,697] {logging_mixin.py:115} INFO - [2022-10-27 11:23:06,697] {dag.py:2919} INFO - Setting next_dagrun for example_subdag_operator.section-1 to None, run_after=None
[2022-10-27 11:23:06,698] {logging_mixin.py:115} INFO - [2022-10-27 11:23:06,698] {dag.py:2919} INFO - Setting next_dagrun for example_subdag_operator.section-2 to None, run_after=None
[2022-10-27 11:23:06,716] {processor.py:161} INFO - Processing /home/airflow/.local/lib/python3.7/site-packages/airflow/example_dags/example_subdag_operator.py took 0.313 seconds
[2022-10-27 11:23:37,057] {processor.py:153} INFO - Started process (PID=7439) to work on /home/airflow/.local/lib/python3.7/site-packages/airflow/example_dags/example_subdag_operator.py
[2022-10-27 11:23:37,059] {processor.py:641} INFO - Processing file /home/airflow/.local/lib/python3.7/site-packages/airflow/example_dags/example_subdag_operator.py for tasks to queue
[2022-10-27 11:23:37,061] {logging_mixin.py:115} INFO - [2022-10-27 11:23:37,060] {dagbag.py:507} INFO - Filling up the DagBag from /home/airflow/.local/lib/python3.7/site-packages/airflow/example_dags/example_subdag_operator.py
[2022-10-27 11:23:37,174] {processor.py:651} INFO - DAG(s) dict_keys(['example_subdag_operator.section-1', 'example_subdag_operator.section-2', 'example_subdag_operator']) retrieved from /home/airflow/.local/lib/python3.7/site-packages/airflow/example_dags/example_subdag_operator.py
[2022-10-27 11:23:37,304] {logging_mixin.py:115} INFO - [2022-10-27 11:23:37,304] {dag.py:2371} INFO - Sync 3 DAGs
[2022-10-27 11:23:37,371] {logging_mixin.py:115} INFO - [2022-10-27 11:23:37,371] {dag.py:2919} INFO - Setting next_dagrun for example_subdag_operator to 2022-10-25T00:00:00+00:00, run_after=2022-10-25T00:00:00+00:00
[2022-10-27 11:23:37,380] {logging_mixin.py:115} INFO - [2022-10-27 11:23:37,380] {dag.py:2919} INFO - Setting next_dagrun for example_subdag_operator.section-1 to None, run_after=None
[2022-10-27 11:23:37,381] {logging_mixin.py:115} INFO - [2022-10-27 11:23:37,381] {dag.py:2919} INFO - Setting next_dagrun for example_subdag_operator.section-2 to None, run_after=None
[2022-10-27 11:23:37,399] {logging_mixin.py:115} INFO - [2022-10-27 11:23:37,398] {dag.py:2371} INFO - Sync 2 DAGs
[2022-10-27 11:23:37,418] {logging_mixin.py:115} INFO - [2022-10-27 11:23:37,418] {dag.py:2919} INFO - Setting next_dagrun for example_subdag_operator.section-1 to None, run_after=None
[2022-10-27 11:23:37,419] {logging_mixin.py:115} INFO - [2022-10-27 11:23:37,419] {dag.py:2919} INFO - Setting next_dagrun for example_subdag_operator.section-2 to None, run_after=None
[2022-10-27 11:23:37,442] {processor.py:161} INFO - Processing /home/airflow/.local/lib/python3.7/site-packages/airflow/example_dags/example_subdag_operator.py took 0.394 seconds
