[2022-10-27 11:02:24,146] {processor.py:153} INFO - Started process (PID=5282) to work on /home/airflow/.local/lib/python3.7/site-packages/airflow/example_dags/example_time_delta_sensor_async.py
[2022-10-27 11:02:24,165] {processor.py:641} INFO - Processing file /home/airflow/.local/lib/python3.7/site-packages/airflow/example_dags/example_time_delta_sensor_async.py for tasks to queue
[2022-10-27 11:02:24,210] {logging_mixin.py:115} INFO - [2022-10-27 11:02:24,210] {dagbag.py:507} INFO - Filling up the DagBag from /home/airflow/.local/lib/python3.7/site-packages/airflow/example_dags/example_time_delta_sensor_async.py
[2022-10-27 11:02:24,369] {processor.py:651} INFO - DAG(s) dict_keys(['example_time_delta_sensor_async']) retrieved from /home/airflow/.local/lib/python3.7/site-packages/airflow/example_dags/example_time_delta_sensor_async.py
[2022-10-27 11:02:25,269] {logging_mixin.py:115} INFO - [2022-10-27 11:02:25,269] {dag.py:2371} INFO - Sync 1 DAGs
[2022-10-27 11:02:25,784] {logging_mixin.py:115} INFO - [2022-10-27 11:02:25,783] {dag.py:2919} INFO - Setting next_dagrun for example_time_delta_sensor_async to None, run_after=None
[2022-10-27 11:02:25,926] {processor.py:161} INFO - Processing /home/airflow/.local/lib/python3.7/site-packages/airflow/example_dags/example_time_delta_sensor_async.py took 1.842 seconds
[2022-10-27 11:02:56,382] {processor.py:153} INFO - Started process (PID=5329) to work on /home/airflow/.local/lib/python3.7/site-packages/airflow/example_dags/example_time_delta_sensor_async.py
[2022-10-27 11:02:56,386] {processor.py:641} INFO - Processing file /home/airflow/.local/lib/python3.7/site-packages/airflow/example_dags/example_time_delta_sensor_async.py for tasks to queue
[2022-10-27 11:02:56,395] {logging_mixin.py:115} INFO - [2022-10-27 11:02:56,395] {dagbag.py:507} INFO - Filling up the DagBag from /home/airflow/.local/lib/python3.7/site-packages/airflow/example_dags/example_time_delta_sensor_async.py
[2022-10-27 11:02:56,415] {processor.py:651} INFO - DAG(s) dict_keys(['example_time_delta_sensor_async']) retrieved from /home/airflow/.local/lib/python3.7/site-packages/airflow/example_dags/example_time_delta_sensor_async.py
[2022-10-27 11:02:56,625] {logging_mixin.py:115} INFO - [2022-10-27 11:02:56,625] {dag.py:2371} INFO - Sync 1 DAGs
[2022-10-27 11:02:56,742] {logging_mixin.py:115} INFO - [2022-10-27 11:02:56,741] {dag.py:2919} INFO - Setting next_dagrun for example_time_delta_sensor_async to None, run_after=None
[2022-10-27 11:02:56,820] {processor.py:161} INFO - Processing /home/airflow/.local/lib/python3.7/site-packages/airflow/example_dags/example_time_delta_sensor_async.py took 0.444 seconds
[2022-10-27 11:03:27,231] {processor.py:153} INFO - Started process (PID=5382) to work on /home/airflow/.local/lib/python3.7/site-packages/airflow/example_dags/example_time_delta_sensor_async.py
[2022-10-27 11:03:27,232] {processor.py:641} INFO - Processing file /home/airflow/.local/lib/python3.7/site-packages/airflow/example_dags/example_time_delta_sensor_async.py for tasks to queue
[2022-10-27 11:03:27,234] {logging_mixin.py:115} INFO - [2022-10-27 11:03:27,233] {dagbag.py:507} INFO - Filling up the DagBag from /home/airflow/.local/lib/python3.7/site-packages/airflow/example_dags/example_time_delta_sensor_async.py
[2022-10-27 11:03:27,244] {processor.py:651} INFO - DAG(s) dict_keys(['example_time_delta_sensor_async']) retrieved from /home/airflow/.local/lib/python3.7/site-packages/airflow/example_dags/example_time_delta_sensor_async.py
[2022-10-27 11:03:27,342] {logging_mixin.py:115} INFO - [2022-10-27 11:03:27,342] {dag.py:2371} INFO - Sync 1 DAGs
[2022-10-27 11:03:27,393] {logging_mixin.py:115} INFO - [2022-10-27 11:03:27,393] {dag.py:2919} INFO - Setting next_dagrun for example_time_delta_sensor_async to None, run_after=None
[2022-10-27 11:03:27,437] {processor.py:161} INFO - Processing /home/airflow/.local/lib/python3.7/site-packages/airflow/example_dags/example_time_delta_sensor_async.py took 0.214 seconds
[2022-10-27 11:03:57,658] {processor.py:153} INFO - Started process (PID=5437) to work on /home/airflow/.local/lib/python3.7/site-packages/airflow/example_dags/example_time_delta_sensor_async.py
[2022-10-27 11:03:57,659] {processor.py:641} INFO - Processing file /home/airflow/.local/lib/python3.7/site-packages/airflow/example_dags/example_time_delta_sensor_async.py for tasks to queue
[2022-10-27 11:03:57,662] {logging_mixin.py:115} INFO - [2022-10-27 11:03:57,662] {dagbag.py:507} INFO - Filling up the DagBag from /home/airflow/.local/lib/python3.7/site-packages/airflow/example_dags/example_time_delta_sensor_async.py
[2022-10-27 11:03:57,680] {processor.py:651} INFO - DAG(s) dict_keys(['example_time_delta_sensor_async']) retrieved from /home/airflow/.local/lib/python3.7/site-packages/airflow/example_dags/example_time_delta_sensor_async.py
[2022-10-27 11:03:57,784] {logging_mixin.py:115} INFO - [2022-10-27 11:03:57,784] {dag.py:2371} INFO - Sync 1 DAGs
[2022-10-27 11:03:57,866] {logging_mixin.py:115} INFO - [2022-10-27 11:03:57,865] {dag.py:2919} INFO - Setting next_dagrun for example_time_delta_sensor_async to None, run_after=None
[2022-10-27 11:03:57,917] {processor.py:161} INFO - Processing /home/airflow/.local/lib/python3.7/site-packages/airflow/example_dags/example_time_delta_sensor_async.py took 0.267 seconds
[2022-10-27 11:04:28,791] {processor.py:153} INFO - Started process (PID=5490) to work on /home/airflow/.local/lib/python3.7/site-packages/airflow/example_dags/example_time_delta_sensor_async.py
[2022-10-27 11:04:28,824] {processor.py:641} INFO - Processing file /home/airflow/.local/lib/python3.7/site-packages/airflow/example_dags/example_time_delta_sensor_async.py for tasks to queue
[2022-10-27 11:04:28,832] {logging_mixin.py:115} INFO - [2022-10-27 11:04:28,832] {dagbag.py:507} INFO - Filling up the DagBag from /home/airflow/.local/lib/python3.7/site-packages/airflow/example_dags/example_time_delta_sensor_async.py
[2022-10-27 11:04:28,885] {processor.py:651} INFO - DAG(s) dict_keys(['example_time_delta_sensor_async']) retrieved from /home/airflow/.local/lib/python3.7/site-packages/airflow/example_dags/example_time_delta_sensor_async.py
[2022-10-27 11:04:29,163] {logging_mixin.py:115} INFO - [2022-10-27 11:04:29,163] {dag.py:2371} INFO - Sync 1 DAGs
[2022-10-27 11:04:29,224] {logging_mixin.py:115} INFO - [2022-10-27 11:04:29,224] {dag.py:2919} INFO - Setting next_dagrun for example_time_delta_sensor_async to None, run_after=None
[2022-10-27 11:04:29,252] {processor.py:161} INFO - Processing /home/airflow/.local/lib/python3.7/site-packages/airflow/example_dags/example_time_delta_sensor_async.py took 0.471 seconds
[2022-10-27 11:04:59,463] {processor.py:153} INFO - Started process (PID=5542) to work on /home/airflow/.local/lib/python3.7/site-packages/airflow/example_dags/example_time_delta_sensor_async.py
[2022-10-27 11:04:59,465] {processor.py:641} INFO - Processing file /home/airflow/.local/lib/python3.7/site-packages/airflow/example_dags/example_time_delta_sensor_async.py for tasks to queue
[2022-10-27 11:04:59,476] {logging_mixin.py:115} INFO - [2022-10-27 11:04:59,475] {dagbag.py:507} INFO - Filling up the DagBag from /home/airflow/.local/lib/python3.7/site-packages/airflow/example_dags/example_time_delta_sensor_async.py
[2022-10-27 11:04:59,539] {processor.py:651} INFO - DAG(s) dict_keys(['example_time_delta_sensor_async']) retrieved from /home/airflow/.local/lib/python3.7/site-packages/airflow/example_dags/example_time_delta_sensor_async.py
[2022-10-27 11:04:59,860] {logging_mixin.py:115} INFO - [2022-10-27 11:04:59,860] {dag.py:2371} INFO - Sync 1 DAGs
[2022-10-27 11:05:00,080] {logging_mixin.py:115} INFO - [2022-10-27 11:05:00,080] {dag.py:2919} INFO - Setting next_dagrun for example_time_delta_sensor_async to None, run_after=None
[2022-10-27 11:05:00,181] {processor.py:161} INFO - Processing /home/airflow/.local/lib/python3.7/site-packages/airflow/example_dags/example_time_delta_sensor_async.py took 0.733 seconds
[2022-10-27 11:05:30,765] {processor.py:153} INFO - Started process (PID=5595) to work on /home/airflow/.local/lib/python3.7/site-packages/airflow/example_dags/example_time_delta_sensor_async.py
[2022-10-27 11:05:30,767] {processor.py:641} INFO - Processing file /home/airflow/.local/lib/python3.7/site-packages/airflow/example_dags/example_time_delta_sensor_async.py for tasks to queue
[2022-10-27 11:05:30,769] {logging_mixin.py:115} INFO - [2022-10-27 11:05:30,769] {dagbag.py:507} INFO - Filling up the DagBag from /home/airflow/.local/lib/python3.7/site-packages/airflow/example_dags/example_time_delta_sensor_async.py
[2022-10-27 11:05:30,780] {processor.py:651} INFO - DAG(s) dict_keys(['example_time_delta_sensor_async']) retrieved from /home/airflow/.local/lib/python3.7/site-packages/airflow/example_dags/example_time_delta_sensor_async.py
[2022-10-27 11:05:31,313] {logging_mixin.py:115} INFO - [2022-10-27 11:05:31,313] {dag.py:2371} INFO - Sync 1 DAGs
[2022-10-27 11:05:31,560] {logging_mixin.py:115} INFO - [2022-10-27 11:05:31,560] {dag.py:2919} INFO - Setting next_dagrun for example_time_delta_sensor_async to None, run_after=None
[2022-10-27 11:05:31,675] {processor.py:161} INFO - Processing /home/airflow/.local/lib/python3.7/site-packages/airflow/example_dags/example_time_delta_sensor_async.py took 0.916 seconds
[2022-10-27 11:06:02,076] {processor.py:153} INFO - Started process (PID=5646) to work on /home/airflow/.local/lib/python3.7/site-packages/airflow/example_dags/example_time_delta_sensor_async.py
[2022-10-27 11:06:02,095] {processor.py:641} INFO - Processing file /home/airflow/.local/lib/python3.7/site-packages/airflow/example_dags/example_time_delta_sensor_async.py for tasks to queue
[2022-10-27 11:06:02,109] {logging_mixin.py:115} INFO - [2022-10-27 11:06:02,109] {dagbag.py:507} INFO - Filling up the DagBag from /home/airflow/.local/lib/python3.7/site-packages/airflow/example_dags/example_time_delta_sensor_async.py
[2022-10-27 11:06:02,206] {processor.py:651} INFO - DAG(s) dict_keys(['example_time_delta_sensor_async']) retrieved from /home/airflow/.local/lib/python3.7/site-packages/airflow/example_dags/example_time_delta_sensor_async.py
[2022-10-27 11:06:02,523] {logging_mixin.py:115} INFO - [2022-10-27 11:06:02,523] {dag.py:2371} INFO - Sync 1 DAGs
[2022-10-27 11:06:02,656] {logging_mixin.py:115} INFO - [2022-10-27 11:06:02,656] {dag.py:2919} INFO - Setting next_dagrun for example_time_delta_sensor_async to None, run_after=None
[2022-10-27 11:06:02,751] {processor.py:161} INFO - Processing /home/airflow/.local/lib/python3.7/site-packages/airflow/example_dags/example_time_delta_sensor_async.py took 0.682 seconds
[2022-10-27 11:06:33,789] {processor.py:153} INFO - Started process (PID=5693) to work on /home/airflow/.local/lib/python3.7/site-packages/airflow/example_dags/example_time_delta_sensor_async.py
[2022-10-27 11:06:33,827] {processor.py:641} INFO - Processing file /home/airflow/.local/lib/python3.7/site-packages/airflow/example_dags/example_time_delta_sensor_async.py for tasks to queue
[2022-10-27 11:06:33,846] {logging_mixin.py:115} INFO - [2022-10-27 11:06:33,846] {dagbag.py:507} INFO - Filling up the DagBag from /home/airflow/.local/lib/python3.7/site-packages/airflow/example_dags/example_time_delta_sensor_async.py
[2022-10-27 11:06:33,875] {processor.py:651} INFO - DAG(s) dict_keys(['example_time_delta_sensor_async']) retrieved from /home/airflow/.local/lib/python3.7/site-packages/airflow/example_dags/example_time_delta_sensor_async.py
[2022-10-27 11:06:34,293] {logging_mixin.py:115} INFO - [2022-10-27 11:06:34,293] {dag.py:2371} INFO - Sync 1 DAGs
[2022-10-27 11:06:34,472] {logging_mixin.py:115} INFO - [2022-10-27 11:06:34,472] {dag.py:2919} INFO - Setting next_dagrun for example_time_delta_sensor_async to None, run_after=None
[2022-10-27 11:06:34,622] {processor.py:161} INFO - Processing /home/airflow/.local/lib/python3.7/site-packages/airflow/example_dags/example_time_delta_sensor_async.py took 0.850 seconds
[2022-10-27 11:07:05,899] {processor.py:153} INFO - Started process (PID=5746) to work on /home/airflow/.local/lib/python3.7/site-packages/airflow/example_dags/example_time_delta_sensor_async.py
[2022-10-27 11:07:05,901] {processor.py:641} INFO - Processing file /home/airflow/.local/lib/python3.7/site-packages/airflow/example_dags/example_time_delta_sensor_async.py for tasks to queue
[2022-10-27 11:07:05,917] {logging_mixin.py:115} INFO - [2022-10-27 11:07:05,917] {dagbag.py:507} INFO - Filling up the DagBag from /home/airflow/.local/lib/python3.7/site-packages/airflow/example_dags/example_time_delta_sensor_async.py
[2022-10-27 11:07:05,935] {processor.py:651} INFO - DAG(s) dict_keys(['example_time_delta_sensor_async']) retrieved from /home/airflow/.local/lib/python3.7/site-packages/airflow/example_dags/example_time_delta_sensor_async.py
[2022-10-27 11:07:06,236] {logging_mixin.py:115} INFO - [2022-10-27 11:07:06,236] {dag.py:2371} INFO - Sync 1 DAGs
[2022-10-27 11:07:06,420] {logging_mixin.py:115} INFO - [2022-10-27 11:07:06,420] {dag.py:2919} INFO - Setting next_dagrun for example_time_delta_sensor_async to None, run_after=None
[2022-10-27 11:07:06,499] {processor.py:161} INFO - Processing /home/airflow/.local/lib/python3.7/site-packages/airflow/example_dags/example_time_delta_sensor_async.py took 0.663 seconds
[2022-10-27 11:07:36,847] {processor.py:153} INFO - Started process (PID=5800) to work on /home/airflow/.local/lib/python3.7/site-packages/airflow/example_dags/example_time_delta_sensor_async.py
[2022-10-27 11:07:36,850] {processor.py:641} INFO - Processing file /home/airflow/.local/lib/python3.7/site-packages/airflow/example_dags/example_time_delta_sensor_async.py for tasks to queue
[2022-10-27 11:07:36,860] {logging_mixin.py:115} INFO - [2022-10-27 11:07:36,860] {dagbag.py:507} INFO - Filling up the DagBag from /home/airflow/.local/lib/python3.7/site-packages/airflow/example_dags/example_time_delta_sensor_async.py
[2022-10-27 11:07:36,898] {processor.py:651} INFO - DAG(s) dict_keys(['example_time_delta_sensor_async']) retrieved from /home/airflow/.local/lib/python3.7/site-packages/airflow/example_dags/example_time_delta_sensor_async.py
[2022-10-27 11:07:37,136] {logging_mixin.py:115} INFO - [2022-10-27 11:07:37,136] {dag.py:2371} INFO - Sync 1 DAGs
[2022-10-27 11:07:37,236] {logging_mixin.py:115} INFO - [2022-10-27 11:07:37,236] {dag.py:2919} INFO - Setting next_dagrun for example_time_delta_sensor_async to None, run_after=None
[2022-10-27 11:07:37,286] {processor.py:161} INFO - Processing /home/airflow/.local/lib/python3.7/site-packages/airflow/example_dags/example_time_delta_sensor_async.py took 0.469 seconds
[2022-10-27 11:08:07,739] {processor.py:153} INFO - Started process (PID=5854) to work on /home/airflow/.local/lib/python3.7/site-packages/airflow/example_dags/example_time_delta_sensor_async.py
[2022-10-27 11:08:07,759] {processor.py:641} INFO - Processing file /home/airflow/.local/lib/python3.7/site-packages/airflow/example_dags/example_time_delta_sensor_async.py for tasks to queue
[2022-10-27 11:08:07,768] {logging_mixin.py:115} INFO - [2022-10-27 11:08:07,768] {dagbag.py:507} INFO - Filling up the DagBag from /home/airflow/.local/lib/python3.7/site-packages/airflow/example_dags/example_time_delta_sensor_async.py
[2022-10-27 11:08:07,810] {processor.py:651} INFO - DAG(s) dict_keys(['example_time_delta_sensor_async']) retrieved from /home/airflow/.local/lib/python3.7/site-packages/airflow/example_dags/example_time_delta_sensor_async.py
[2022-10-27 11:08:08,084] {logging_mixin.py:115} INFO - [2022-10-27 11:08:08,084] {dag.py:2371} INFO - Sync 1 DAGs
[2022-10-27 11:08:08,579] {logging_mixin.py:115} INFO - [2022-10-27 11:08:08,579] {dag.py:2919} INFO - Setting next_dagrun for example_time_delta_sensor_async to None, run_after=None
[2022-10-27 11:08:08,776] {processor.py:161} INFO - Processing /home/airflow/.local/lib/python3.7/site-packages/airflow/example_dags/example_time_delta_sensor_async.py took 1.059 seconds
[2022-10-27 11:08:39,526] {processor.py:153} INFO - Started process (PID=5900) to work on /home/airflow/.local/lib/python3.7/site-packages/airflow/example_dags/example_time_delta_sensor_async.py
[2022-10-27 11:08:39,532] {processor.py:641} INFO - Processing file /home/airflow/.local/lib/python3.7/site-packages/airflow/example_dags/example_time_delta_sensor_async.py for tasks to queue
[2022-10-27 11:08:39,539] {logging_mixin.py:115} INFO - [2022-10-27 11:08:39,539] {dagbag.py:507} INFO - Filling up the DagBag from /home/airflow/.local/lib/python3.7/site-packages/airflow/example_dags/example_time_delta_sensor_async.py
[2022-10-27 11:08:39,576] {processor.py:651} INFO - DAG(s) dict_keys(['example_time_delta_sensor_async']) retrieved from /home/airflow/.local/lib/python3.7/site-packages/airflow/example_dags/example_time_delta_sensor_async.py
[2022-10-27 11:08:39,986] {logging_mixin.py:115} INFO - [2022-10-27 11:08:39,976] {dag.py:2371} INFO - Sync 1 DAGs
[2022-10-27 11:08:40,150] {logging_mixin.py:115} INFO - [2022-10-27 11:08:40,150] {dag.py:2919} INFO - Setting next_dagrun for example_time_delta_sensor_async to None, run_after=None
[2022-10-27 11:08:40,248] {processor.py:161} INFO - Processing /home/airflow/.local/lib/python3.7/site-packages/airflow/example_dags/example_time_delta_sensor_async.py took 0.739 seconds
[2022-10-27 11:09:10,625] {processor.py:153} INFO - Started process (PID=5954) to work on /home/airflow/.local/lib/python3.7/site-packages/airflow/example_dags/example_time_delta_sensor_async.py
[2022-10-27 11:09:10,636] {processor.py:641} INFO - Processing file /home/airflow/.local/lib/python3.7/site-packages/airflow/example_dags/example_time_delta_sensor_async.py for tasks to queue
[2022-10-27 11:09:10,637] {logging_mixin.py:115} INFO - [2022-10-27 11:09:10,637] {dagbag.py:507} INFO - Filling up the DagBag from /home/airflow/.local/lib/python3.7/site-packages/airflow/example_dags/example_time_delta_sensor_async.py
[2022-10-27 11:09:10,675] {processor.py:651} INFO - DAG(s) dict_keys(['example_time_delta_sensor_async']) retrieved from /home/airflow/.local/lib/python3.7/site-packages/airflow/example_dags/example_time_delta_sensor_async.py
[2022-10-27 11:09:11,006] {logging_mixin.py:115} INFO - [2022-10-27 11:09:11,006] {dag.py:2371} INFO - Sync 1 DAGs
[2022-10-27 11:09:11,171] {logging_mixin.py:115} INFO - [2022-10-27 11:09:11,170] {dag.py:2919} INFO - Setting next_dagrun for example_time_delta_sensor_async to None, run_after=None
[2022-10-27 11:09:11,256] {processor.py:161} INFO - Processing /home/airflow/.local/lib/python3.7/site-packages/airflow/example_dags/example_time_delta_sensor_async.py took 0.650 seconds
[2022-10-27 11:09:42,156] {processor.py:153} INFO - Started process (PID=5998) to work on /home/airflow/.local/lib/python3.7/site-packages/airflow/example_dags/example_time_delta_sensor_async.py
[2022-10-27 11:09:42,159] {processor.py:641} INFO - Processing file /home/airflow/.local/lib/python3.7/site-packages/airflow/example_dags/example_time_delta_sensor_async.py for tasks to queue
[2022-10-27 11:09:42,161] {logging_mixin.py:115} INFO - [2022-10-27 11:09:42,161] {dagbag.py:507} INFO - Filling up the DagBag from /home/airflow/.local/lib/python3.7/site-packages/airflow/example_dags/example_time_delta_sensor_async.py
[2022-10-27 11:09:42,194] {processor.py:651} INFO - DAG(s) dict_keys(['example_time_delta_sensor_async']) retrieved from /home/airflow/.local/lib/python3.7/site-packages/airflow/example_dags/example_time_delta_sensor_async.py
[2022-10-27 11:09:42,591] {logging_mixin.py:115} INFO - [2022-10-27 11:09:42,590] {dag.py:2371} INFO - Sync 1 DAGs
[2022-10-27 11:09:42,865] {logging_mixin.py:115} INFO - [2022-10-27 11:09:42,865] {dag.py:2919} INFO - Setting next_dagrun for example_time_delta_sensor_async to None, run_after=None
[2022-10-27 11:09:42,999] {processor.py:161} INFO - Processing /home/airflow/.local/lib/python3.7/site-packages/airflow/example_dags/example_time_delta_sensor_async.py took 0.874 seconds
[2022-10-27 11:10:14,030] {processor.py:153} INFO - Started process (PID=6053) to work on /home/airflow/.local/lib/python3.7/site-packages/airflow/example_dags/example_time_delta_sensor_async.py
[2022-10-27 11:10:14,032] {processor.py:641} INFO - Processing file /home/airflow/.local/lib/python3.7/site-packages/airflow/example_dags/example_time_delta_sensor_async.py for tasks to queue
[2022-10-27 11:10:14,035] {logging_mixin.py:115} INFO - [2022-10-27 11:10:14,034] {dagbag.py:507} INFO - Filling up the DagBag from /home/airflow/.local/lib/python3.7/site-packages/airflow/example_dags/example_time_delta_sensor_async.py
[2022-10-27 11:10:14,045] {processor.py:651} INFO - DAG(s) dict_keys(['example_time_delta_sensor_async']) retrieved from /home/airflow/.local/lib/python3.7/site-packages/airflow/example_dags/example_time_delta_sensor_async.py
[2022-10-27 11:10:14,157] {logging_mixin.py:115} INFO - [2022-10-27 11:10:14,157] {dag.py:2371} INFO - Sync 1 DAGs
[2022-10-27 11:10:14,207] {logging_mixin.py:115} INFO - [2022-10-27 11:10:14,207] {dag.py:2919} INFO - Setting next_dagrun for example_time_delta_sensor_async to None, run_after=None
[2022-10-27 11:10:14,240] {processor.py:161} INFO - Processing /home/airflow/.local/lib/python3.7/site-packages/airflow/example_dags/example_time_delta_sensor_async.py took 0.220 seconds
[2022-10-27 11:10:45,371] {processor.py:153} INFO - Started process (PID=6107) to work on /home/airflow/.local/lib/python3.7/site-packages/airflow/example_dags/example_time_delta_sensor_async.py
[2022-10-27 11:10:45,379] {processor.py:641} INFO - Processing file /home/airflow/.local/lib/python3.7/site-packages/airflow/example_dags/example_time_delta_sensor_async.py for tasks to queue
[2022-10-27 11:10:45,381] {logging_mixin.py:115} INFO - [2022-10-27 11:10:45,381] {dagbag.py:507} INFO - Filling up the DagBag from /home/airflow/.local/lib/python3.7/site-packages/airflow/example_dags/example_time_delta_sensor_async.py
[2022-10-27 11:10:45,455] {processor.py:651} INFO - DAG(s) dict_keys(['example_time_delta_sensor_async']) retrieved from /home/airflow/.local/lib/python3.7/site-packages/airflow/example_dags/example_time_delta_sensor_async.py
[2022-10-27 11:10:45,839] {logging_mixin.py:115} INFO - [2022-10-27 11:10:45,839] {dag.py:2371} INFO - Sync 1 DAGs
[2022-10-27 11:10:45,946] {logging_mixin.py:115} INFO - [2022-10-27 11:10:45,946] {dag.py:2919} INFO - Setting next_dagrun for example_time_delta_sensor_async to None, run_after=None
[2022-10-27 11:10:45,978] {processor.py:161} INFO - Processing /home/airflow/.local/lib/python3.7/site-packages/airflow/example_dags/example_time_delta_sensor_async.py took 0.618 seconds
[2022-10-27 11:11:18,359] {processor.py:153} INFO - Started process (PID=6160) to work on /home/airflow/.local/lib/python3.7/site-packages/airflow/example_dags/example_time_delta_sensor_async.py
[2022-10-27 11:11:18,362] {processor.py:641} INFO - Processing file /home/airflow/.local/lib/python3.7/site-packages/airflow/example_dags/example_time_delta_sensor_async.py for tasks to queue
[2022-10-27 11:11:18,377] {logging_mixin.py:115} INFO - [2022-10-27 11:11:18,377] {dagbag.py:507} INFO - Filling up the DagBag from /home/airflow/.local/lib/python3.7/site-packages/airflow/example_dags/example_time_delta_sensor_async.py
[2022-10-27 11:11:18,424] {processor.py:651} INFO - DAG(s) dict_keys(['example_time_delta_sensor_async']) retrieved from /home/airflow/.local/lib/python3.7/site-packages/airflow/example_dags/example_time_delta_sensor_async.py
[2022-10-27 11:11:19,169] {logging_mixin.py:115} INFO - [2022-10-27 11:11:19,169] {dag.py:2371} INFO - Sync 1 DAGs
[2022-10-27 11:11:20,089] {logging_mixin.py:115} INFO - [2022-10-27 11:11:20,089] {dag.py:2919} INFO - Setting next_dagrun for example_time_delta_sensor_async to None, run_after=None
[2022-10-27 11:11:20,378] {processor.py:161} INFO - Processing /home/airflow/.local/lib/python3.7/site-packages/airflow/example_dags/example_time_delta_sensor_async.py took 1.969 seconds
[2022-10-27 11:11:50,905] {processor.py:153} INFO - Started process (PID=6215) to work on /home/airflow/.local/lib/python3.7/site-packages/airflow/example_dags/example_time_delta_sensor_async.py
[2022-10-27 11:11:50,908] {processor.py:641} INFO - Processing file /home/airflow/.local/lib/python3.7/site-packages/airflow/example_dags/example_time_delta_sensor_async.py for tasks to queue
[2022-10-27 11:11:50,910] {logging_mixin.py:115} INFO - [2022-10-27 11:11:50,910] {dagbag.py:507} INFO - Filling up the DagBag from /home/airflow/.local/lib/python3.7/site-packages/airflow/example_dags/example_time_delta_sensor_async.py
[2022-10-27 11:11:50,928] {processor.py:651} INFO - DAG(s) dict_keys(['example_time_delta_sensor_async']) retrieved from /home/airflow/.local/lib/python3.7/site-packages/airflow/example_dags/example_time_delta_sensor_async.py
[2022-10-27 11:11:51,035] {logging_mixin.py:115} INFO - [2022-10-27 11:11:51,034] {dag.py:2371} INFO - Sync 1 DAGs
[2022-10-27 11:11:51,089] {logging_mixin.py:115} INFO - [2022-10-27 11:11:51,089] {dag.py:2919} INFO - Setting next_dagrun for example_time_delta_sensor_async to None, run_after=None
[2022-10-27 11:11:51,123] {processor.py:161} INFO - Processing /home/airflow/.local/lib/python3.7/site-packages/airflow/example_dags/example_time_delta_sensor_async.py took 0.227 seconds
[2022-10-27 11:12:21,317] {processor.py:153} INFO - Started process (PID=6266) to work on /home/airflow/.local/lib/python3.7/site-packages/airflow/example_dags/example_time_delta_sensor_async.py
[2022-10-27 11:12:21,319] {processor.py:641} INFO - Processing file /home/airflow/.local/lib/python3.7/site-packages/airflow/example_dags/example_time_delta_sensor_async.py for tasks to queue
[2022-10-27 11:12:21,320] {logging_mixin.py:115} INFO - [2022-10-27 11:12:21,320] {dagbag.py:507} INFO - Filling up the DagBag from /home/airflow/.local/lib/python3.7/site-packages/airflow/example_dags/example_time_delta_sensor_async.py
[2022-10-27 11:12:21,333] {processor.py:651} INFO - DAG(s) dict_keys(['example_time_delta_sensor_async']) retrieved from /home/airflow/.local/lib/python3.7/site-packages/airflow/example_dags/example_time_delta_sensor_async.py
[2022-10-27 11:12:21,444] {logging_mixin.py:115} INFO - [2022-10-27 11:12:21,444] {dag.py:2371} INFO - Sync 1 DAGs
[2022-10-27 11:12:21,522] {logging_mixin.py:115} INFO - [2022-10-27 11:12:21,521] {dag.py:2919} INFO - Setting next_dagrun for example_time_delta_sensor_async to None, run_after=None
[2022-10-27 11:12:21,633] {processor.py:161} INFO - Processing /home/airflow/.local/lib/python3.7/site-packages/airflow/example_dags/example_time_delta_sensor_async.py took 0.327 seconds
[2022-10-27 11:12:52,030] {processor.py:153} INFO - Started process (PID=6318) to work on /home/airflow/.local/lib/python3.7/site-packages/airflow/example_dags/example_time_delta_sensor_async.py
[2022-10-27 11:12:52,034] {processor.py:641} INFO - Processing file /home/airflow/.local/lib/python3.7/site-packages/airflow/example_dags/example_time_delta_sensor_async.py for tasks to queue
[2022-10-27 11:12:52,036] {logging_mixin.py:115} INFO - [2022-10-27 11:12:52,036] {dagbag.py:507} INFO - Filling up the DagBag from /home/airflow/.local/lib/python3.7/site-packages/airflow/example_dags/example_time_delta_sensor_async.py
[2022-10-27 11:12:52,051] {processor.py:651} INFO - DAG(s) dict_keys(['example_time_delta_sensor_async']) retrieved from /home/airflow/.local/lib/python3.7/site-packages/airflow/example_dags/example_time_delta_sensor_async.py
[2022-10-27 11:12:52,192] {logging_mixin.py:115} INFO - [2022-10-27 11:12:52,192] {dag.py:2371} INFO - Sync 1 DAGs
[2022-10-27 11:12:52,292] {logging_mixin.py:115} INFO - [2022-10-27 11:12:52,292] {dag.py:2919} INFO - Setting next_dagrun for example_time_delta_sensor_async to None, run_after=None
[2022-10-27 11:12:52,333] {processor.py:161} INFO - Processing /home/airflow/.local/lib/python3.7/site-packages/airflow/example_dags/example_time_delta_sensor_async.py took 0.312 seconds
[2022-10-27 11:13:22,689] {processor.py:153} INFO - Started process (PID=6371) to work on /home/airflow/.local/lib/python3.7/site-packages/airflow/example_dags/example_time_delta_sensor_async.py
[2022-10-27 11:13:22,701] {processor.py:641} INFO - Processing file /home/airflow/.local/lib/python3.7/site-packages/airflow/example_dags/example_time_delta_sensor_async.py for tasks to queue
[2022-10-27 11:13:22,703] {logging_mixin.py:115} INFO - [2022-10-27 11:13:22,703] {dagbag.py:507} INFO - Filling up the DagBag from /home/airflow/.local/lib/python3.7/site-packages/airflow/example_dags/example_time_delta_sensor_async.py
[2022-10-27 11:13:22,725] {processor.py:651} INFO - DAG(s) dict_keys(['example_time_delta_sensor_async']) retrieved from /home/airflow/.local/lib/python3.7/site-packages/airflow/example_dags/example_time_delta_sensor_async.py
[2022-10-27 11:13:22,927] {logging_mixin.py:115} INFO - [2022-10-27 11:13:22,926] {dag.py:2371} INFO - Sync 1 DAGs
[2022-10-27 11:13:23,149] {logging_mixin.py:115} INFO - [2022-10-27 11:13:23,149] {dag.py:2919} INFO - Setting next_dagrun for example_time_delta_sensor_async to None, run_after=None
[2022-10-27 11:13:23,252] {processor.py:161} INFO - Processing /home/airflow/.local/lib/python3.7/site-packages/airflow/example_dags/example_time_delta_sensor_async.py took 0.571 seconds
[2022-10-27 11:13:55,377] {processor.py:153} INFO - Started process (PID=6420) to work on /home/airflow/.local/lib/python3.7/site-packages/airflow/example_dags/example_time_delta_sensor_async.py
[2022-10-27 11:13:55,391] {processor.py:641} INFO - Processing file /home/airflow/.local/lib/python3.7/site-packages/airflow/example_dags/example_time_delta_sensor_async.py for tasks to queue
[2022-10-27 11:13:55,399] {logging_mixin.py:115} INFO - [2022-10-27 11:13:55,399] {dagbag.py:507} INFO - Filling up the DagBag from /home/airflow/.local/lib/python3.7/site-packages/airflow/example_dags/example_time_delta_sensor_async.py
[2022-10-27 11:13:55,462] {processor.py:651} INFO - DAG(s) dict_keys(['example_time_delta_sensor_async']) retrieved from /home/airflow/.local/lib/python3.7/site-packages/airflow/example_dags/example_time_delta_sensor_async.py
[2022-10-27 11:13:55,918] {logging_mixin.py:115} INFO - [2022-10-27 11:13:55,918] {dag.py:2371} INFO - Sync 1 DAGs
[2022-10-27 11:13:56,272] {logging_mixin.py:115} INFO - [2022-10-27 11:13:56,272] {dag.py:2919} INFO - Setting next_dagrun for example_time_delta_sensor_async to None, run_after=None
[2022-10-27 11:13:56,384] {processor.py:161} INFO - Processing /home/airflow/.local/lib/python3.7/site-packages/airflow/example_dags/example_time_delta_sensor_async.py took 1.041 seconds
[2022-10-27 11:14:28,907] {processor.py:153} INFO - Started process (PID=6469) to work on /home/airflow/.local/lib/python3.7/site-packages/airflow/example_dags/example_time_delta_sensor_async.py
[2022-10-27 11:14:28,910] {processor.py:641} INFO - Processing file /home/airflow/.local/lib/python3.7/site-packages/airflow/example_dags/example_time_delta_sensor_async.py for tasks to queue
[2022-10-27 11:14:28,920] {logging_mixin.py:115} INFO - [2022-10-27 11:14:28,920] {dagbag.py:507} INFO - Filling up the DagBag from /home/airflow/.local/lib/python3.7/site-packages/airflow/example_dags/example_time_delta_sensor_async.py
[2022-10-27 11:14:28,946] {processor.py:651} INFO - DAG(s) dict_keys(['example_time_delta_sensor_async']) retrieved from /home/airflow/.local/lib/python3.7/site-packages/airflow/example_dags/example_time_delta_sensor_async.py
[2022-10-27 11:14:29,146] {logging_mixin.py:115} INFO - [2022-10-27 11:14:29,146] {dag.py:2371} INFO - Sync 1 DAGs
[2022-10-27 11:14:29,285] {logging_mixin.py:115} INFO - [2022-10-27 11:14:29,285] {dag.py:2919} INFO - Setting next_dagrun for example_time_delta_sensor_async to None, run_after=None
[2022-10-27 11:14:29,349] {processor.py:161} INFO - Processing /home/airflow/.local/lib/python3.7/site-packages/airflow/example_dags/example_time_delta_sensor_async.py took 0.448 seconds
[2022-10-27 11:15:00,286] {processor.py:153} INFO - Started process (PID=6522) to work on /home/airflow/.local/lib/python3.7/site-packages/airflow/example_dags/example_time_delta_sensor_async.py
[2022-10-27 11:15:00,296] {processor.py:641} INFO - Processing file /home/airflow/.local/lib/python3.7/site-packages/airflow/example_dags/example_time_delta_sensor_async.py for tasks to queue
[2022-10-27 11:15:00,301] {logging_mixin.py:115} INFO - [2022-10-27 11:15:00,300] {dagbag.py:507} INFO - Filling up the DagBag from /home/airflow/.local/lib/python3.7/site-packages/airflow/example_dags/example_time_delta_sensor_async.py
[2022-10-27 11:15:00,323] {processor.py:651} INFO - DAG(s) dict_keys(['example_time_delta_sensor_async']) retrieved from /home/airflow/.local/lib/python3.7/site-packages/airflow/example_dags/example_time_delta_sensor_async.py
[2022-10-27 11:15:00,522] {logging_mixin.py:115} INFO - [2022-10-27 11:15:00,522] {dag.py:2371} INFO - Sync 1 DAGs
[2022-10-27 11:15:00,621] {logging_mixin.py:115} INFO - [2022-10-27 11:15:00,621] {dag.py:2919} INFO - Setting next_dagrun for example_time_delta_sensor_async to None, run_after=None
[2022-10-27 11:15:00,675] {processor.py:161} INFO - Processing /home/airflow/.local/lib/python3.7/site-packages/airflow/example_dags/example_time_delta_sensor_async.py took 0.409 seconds
[2022-10-27 11:15:31,542] {processor.py:153} INFO - Started process (PID=6586) to work on /home/airflow/.local/lib/python3.7/site-packages/airflow/example_dags/example_time_delta_sensor_async.py
[2022-10-27 11:15:31,544] {processor.py:641} INFO - Processing file /home/airflow/.local/lib/python3.7/site-packages/airflow/example_dags/example_time_delta_sensor_async.py for tasks to queue
[2022-10-27 11:15:31,546] {logging_mixin.py:115} INFO - [2022-10-27 11:15:31,545] {dagbag.py:507} INFO - Filling up the DagBag from /home/airflow/.local/lib/python3.7/site-packages/airflow/example_dags/example_time_delta_sensor_async.py
[2022-10-27 11:15:31,560] {processor.py:651} INFO - DAG(s) dict_keys(['example_time_delta_sensor_async']) retrieved from /home/airflow/.local/lib/python3.7/site-packages/airflow/example_dags/example_time_delta_sensor_async.py
[2022-10-27 11:15:31,668] {logging_mixin.py:115} INFO - [2022-10-27 11:15:31,668] {dag.py:2371} INFO - Sync 1 DAGs
[2022-10-27 11:15:31,728] {logging_mixin.py:115} INFO - [2022-10-27 11:15:31,727] {dag.py:2919} INFO - Setting next_dagrun for example_time_delta_sensor_async to None, run_after=None
[2022-10-27 11:15:31,782] {processor.py:161} INFO - Processing /home/airflow/.local/lib/python3.7/site-packages/airflow/example_dags/example_time_delta_sensor_async.py took 0.247 seconds
[2022-10-27 11:16:02,188] {processor.py:153} INFO - Started process (PID=6640) to work on /home/airflow/.local/lib/python3.7/site-packages/airflow/example_dags/example_time_delta_sensor_async.py
[2022-10-27 11:16:02,190] {processor.py:641} INFO - Processing file /home/airflow/.local/lib/python3.7/site-packages/airflow/example_dags/example_time_delta_sensor_async.py for tasks to queue
[2022-10-27 11:16:02,191] {logging_mixin.py:115} INFO - [2022-10-27 11:16:02,191] {dagbag.py:507} INFO - Filling up the DagBag from /home/airflow/.local/lib/python3.7/site-packages/airflow/example_dags/example_time_delta_sensor_async.py
[2022-10-27 11:16:02,205] {processor.py:651} INFO - DAG(s) dict_keys(['example_time_delta_sensor_async']) retrieved from /home/airflow/.local/lib/python3.7/site-packages/airflow/example_dags/example_time_delta_sensor_async.py
[2022-10-27 11:16:02,323] {logging_mixin.py:115} INFO - [2022-10-27 11:16:02,322] {dag.py:2371} INFO - Sync 1 DAGs
[2022-10-27 11:16:02,425] {logging_mixin.py:115} INFO - [2022-10-27 11:16:02,424] {dag.py:2919} INFO - Setting next_dagrun for example_time_delta_sensor_async to None, run_after=None
[2022-10-27 11:16:02,482] {processor.py:161} INFO - Processing /home/airflow/.local/lib/python3.7/site-packages/airflow/example_dags/example_time_delta_sensor_async.py took 0.302 seconds
[2022-10-27 11:16:35,178] {processor.py:153} INFO - Started process (PID=6694) to work on /home/airflow/.local/lib/python3.7/site-packages/airflow/example_dags/example_time_delta_sensor_async.py
[2022-10-27 11:16:35,190] {processor.py:641} INFO - Processing file /home/airflow/.local/lib/python3.7/site-packages/airflow/example_dags/example_time_delta_sensor_async.py for tasks to queue
[2022-10-27 11:16:35,215] {logging_mixin.py:115} INFO - [2022-10-27 11:16:35,215] {dagbag.py:507} INFO - Filling up the DagBag from /home/airflow/.local/lib/python3.7/site-packages/airflow/example_dags/example_time_delta_sensor_async.py
[2022-10-27 11:16:35,440] {processor.py:651} INFO - DAG(s) dict_keys(['example_time_delta_sensor_async']) retrieved from /home/airflow/.local/lib/python3.7/site-packages/airflow/example_dags/example_time_delta_sensor_async.py
[2022-10-27 11:16:36,050] {logging_mixin.py:115} INFO - [2022-10-27 11:16:36,048] {dag.py:2371} INFO - Sync 1 DAGs
[2022-10-27 11:16:36,277] {logging_mixin.py:115} INFO - [2022-10-27 11:16:36,276] {dag.py:2919} INFO - Setting next_dagrun for example_time_delta_sensor_async to None, run_after=None
[2022-10-27 11:16:36,396] {processor.py:161} INFO - Processing /home/airflow/.local/lib/python3.7/site-packages/airflow/example_dags/example_time_delta_sensor_async.py took 1.260 seconds
[2022-10-27 11:17:06,652] {processor.py:153} INFO - Started process (PID=6738) to work on /home/airflow/.local/lib/python3.7/site-packages/airflow/example_dags/example_time_delta_sensor_async.py
[2022-10-27 11:17:06,659] {processor.py:641} INFO - Processing file /home/airflow/.local/lib/python3.7/site-packages/airflow/example_dags/example_time_delta_sensor_async.py for tasks to queue
[2022-10-27 11:17:06,663] {logging_mixin.py:115} INFO - [2022-10-27 11:17:06,663] {dagbag.py:507} INFO - Filling up the DagBag from /home/airflow/.local/lib/python3.7/site-packages/airflow/example_dags/example_time_delta_sensor_async.py
[2022-10-27 11:17:06,677] {processor.py:651} INFO - DAG(s) dict_keys(['example_time_delta_sensor_async']) retrieved from /home/airflow/.local/lib/python3.7/site-packages/airflow/example_dags/example_time_delta_sensor_async.py
[2022-10-27 11:17:06,973] {logging_mixin.py:115} INFO - [2022-10-27 11:17:06,972] {dag.py:2371} INFO - Sync 1 DAGs
[2022-10-27 11:17:07,164] {logging_mixin.py:115} INFO - [2022-10-27 11:17:07,164] {dag.py:2919} INFO - Setting next_dagrun for example_time_delta_sensor_async to None, run_after=None
[2022-10-27 11:17:07,336] {processor.py:161} INFO - Processing /home/airflow/.local/lib/python3.7/site-packages/airflow/example_dags/example_time_delta_sensor_async.py took 0.691 seconds
[2022-10-27 11:17:38,271] {processor.py:153} INFO - Started process (PID=6801) to work on /home/airflow/.local/lib/python3.7/site-packages/airflow/example_dags/example_time_delta_sensor_async.py
[2022-10-27 11:17:38,276] {processor.py:641} INFO - Processing file /home/airflow/.local/lib/python3.7/site-packages/airflow/example_dags/example_time_delta_sensor_async.py for tasks to queue
[2022-10-27 11:17:38,278] {logging_mixin.py:115} INFO - [2022-10-27 11:17:38,278] {dagbag.py:507} INFO - Filling up the DagBag from /home/airflow/.local/lib/python3.7/site-packages/airflow/example_dags/example_time_delta_sensor_async.py
[2022-10-27 11:17:38,304] {processor.py:651} INFO - DAG(s) dict_keys(['example_time_delta_sensor_async']) retrieved from /home/airflow/.local/lib/python3.7/site-packages/airflow/example_dags/example_time_delta_sensor_async.py
[2022-10-27 11:17:38,541] {logging_mixin.py:115} INFO - [2022-10-27 11:17:38,541] {dag.py:2371} INFO - Sync 1 DAGs
[2022-10-27 11:17:38,670] {logging_mixin.py:115} INFO - [2022-10-27 11:17:38,670] {dag.py:2919} INFO - Setting next_dagrun for example_time_delta_sensor_async to None, run_after=None
[2022-10-27 11:17:38,730] {processor.py:161} INFO - Processing /home/airflow/.local/lib/python3.7/site-packages/airflow/example_dags/example_time_delta_sensor_async.py took 0.472 seconds
[2022-10-27 11:18:09,472] {processor.py:153} INFO - Started process (PID=6854) to work on /home/airflow/.local/lib/python3.7/site-packages/airflow/example_dags/example_time_delta_sensor_async.py
[2022-10-27 11:18:09,474] {processor.py:641} INFO - Processing file /home/airflow/.local/lib/python3.7/site-packages/airflow/example_dags/example_time_delta_sensor_async.py for tasks to queue
[2022-10-27 11:18:09,480] {logging_mixin.py:115} INFO - [2022-10-27 11:18:09,480] {dagbag.py:507} INFO - Filling up the DagBag from /home/airflow/.local/lib/python3.7/site-packages/airflow/example_dags/example_time_delta_sensor_async.py
[2022-10-27 11:18:09,497] {processor.py:651} INFO - DAG(s) dict_keys(['example_time_delta_sensor_async']) retrieved from /home/airflow/.local/lib/python3.7/site-packages/airflow/example_dags/example_time_delta_sensor_async.py
[2022-10-27 11:18:09,624] {logging_mixin.py:115} INFO - [2022-10-27 11:18:09,624] {dag.py:2371} INFO - Sync 1 DAGs
[2022-10-27 11:18:09,740] {logging_mixin.py:115} INFO - [2022-10-27 11:18:09,739] {dag.py:2919} INFO - Setting next_dagrun for example_time_delta_sensor_async to None, run_after=None
[2022-10-27 11:18:09,832] {processor.py:161} INFO - Processing /home/airflow/.local/lib/python3.7/site-packages/airflow/example_dags/example_time_delta_sensor_async.py took 0.368 seconds
[2022-10-27 11:18:40,012] {processor.py:153} INFO - Started process (PID=6907) to work on /home/airflow/.local/lib/python3.7/site-packages/airflow/example_dags/example_time_delta_sensor_async.py
[2022-10-27 11:18:40,014] {processor.py:641} INFO - Processing file /home/airflow/.local/lib/python3.7/site-packages/airflow/example_dags/example_time_delta_sensor_async.py for tasks to queue
[2022-10-27 11:18:40,019] {logging_mixin.py:115} INFO - [2022-10-27 11:18:40,018] {dagbag.py:507} INFO - Filling up the DagBag from /home/airflow/.local/lib/python3.7/site-packages/airflow/example_dags/example_time_delta_sensor_async.py
[2022-10-27 11:18:40,032] {processor.py:651} INFO - DAG(s) dict_keys(['example_time_delta_sensor_async']) retrieved from /home/airflow/.local/lib/python3.7/site-packages/airflow/example_dags/example_time_delta_sensor_async.py
[2022-10-27 11:18:40,206] {logging_mixin.py:115} INFO - [2022-10-27 11:18:40,205] {dag.py:2371} INFO - Sync 1 DAGs
[2022-10-27 11:18:40,282] {logging_mixin.py:115} INFO - [2022-10-27 11:18:40,282] {dag.py:2919} INFO - Setting next_dagrun for example_time_delta_sensor_async to None, run_after=None
[2022-10-27 11:18:40,330] {processor.py:161} INFO - Processing /home/airflow/.local/lib/python3.7/site-packages/airflow/example_dags/example_time_delta_sensor_async.py took 0.328 seconds
[2022-10-27 11:19:10,655] {processor.py:153} INFO - Started process (PID=6961) to work on /home/airflow/.local/lib/python3.7/site-packages/airflow/example_dags/example_time_delta_sensor_async.py
[2022-10-27 11:19:10,657] {processor.py:641} INFO - Processing file /home/airflow/.local/lib/python3.7/site-packages/airflow/example_dags/example_time_delta_sensor_async.py for tasks to queue
[2022-10-27 11:19:10,659] {logging_mixin.py:115} INFO - [2022-10-27 11:19:10,659] {dagbag.py:507} INFO - Filling up the DagBag from /home/airflow/.local/lib/python3.7/site-packages/airflow/example_dags/example_time_delta_sensor_async.py
[2022-10-27 11:19:10,669] {processor.py:651} INFO - DAG(s) dict_keys(['example_time_delta_sensor_async']) retrieved from /home/airflow/.local/lib/python3.7/site-packages/airflow/example_dags/example_time_delta_sensor_async.py
[2022-10-27 11:19:10,756] {logging_mixin.py:115} INFO - [2022-10-27 11:19:10,756] {dag.py:2371} INFO - Sync 1 DAGs
[2022-10-27 11:19:10,812] {logging_mixin.py:115} INFO - [2022-10-27 11:19:10,812] {dag.py:2919} INFO - Setting next_dagrun for example_time_delta_sensor_async to None, run_after=None
[2022-10-27 11:19:10,844] {processor.py:161} INFO - Processing /home/airflow/.local/lib/python3.7/site-packages/airflow/example_dags/example_time_delta_sensor_async.py took 0.195 seconds
[2022-10-27 11:19:41,002] {processor.py:153} INFO - Started process (PID=7014) to work on /home/airflow/.local/lib/python3.7/site-packages/airflow/example_dags/example_time_delta_sensor_async.py
[2022-10-27 11:19:41,003] {processor.py:641} INFO - Processing file /home/airflow/.local/lib/python3.7/site-packages/airflow/example_dags/example_time_delta_sensor_async.py for tasks to queue
[2022-10-27 11:19:41,005] {logging_mixin.py:115} INFO - [2022-10-27 11:19:41,005] {dagbag.py:507} INFO - Filling up the DagBag from /home/airflow/.local/lib/python3.7/site-packages/airflow/example_dags/example_time_delta_sensor_async.py
[2022-10-27 11:19:41,017] {processor.py:651} INFO - DAG(s) dict_keys(['example_time_delta_sensor_async']) retrieved from /home/airflow/.local/lib/python3.7/site-packages/airflow/example_dags/example_time_delta_sensor_async.py
[2022-10-27 11:19:41,139] {logging_mixin.py:115} INFO - [2022-10-27 11:19:41,138] {dag.py:2371} INFO - Sync 1 DAGs
[2022-10-27 11:19:41,194] {logging_mixin.py:115} INFO - [2022-10-27 11:19:41,193] {dag.py:2919} INFO - Setting next_dagrun for example_time_delta_sensor_async to None, run_after=None
[2022-10-27 11:19:41,236] {processor.py:161} INFO - Processing /home/airflow/.local/lib/python3.7/site-packages/airflow/example_dags/example_time_delta_sensor_async.py took 0.240 seconds
[2022-10-27 11:20:11,350] {processor.py:153} INFO - Started process (PID=7067) to work on /home/airflow/.local/lib/python3.7/site-packages/airflow/example_dags/example_time_delta_sensor_async.py
[2022-10-27 11:20:11,351] {processor.py:641} INFO - Processing file /home/airflow/.local/lib/python3.7/site-packages/airflow/example_dags/example_time_delta_sensor_async.py for tasks to queue
[2022-10-27 11:20:11,352] {logging_mixin.py:115} INFO - [2022-10-27 11:20:11,352] {dagbag.py:507} INFO - Filling up the DagBag from /home/airflow/.local/lib/python3.7/site-packages/airflow/example_dags/example_time_delta_sensor_async.py
[2022-10-27 11:20:11,365] {processor.py:651} INFO - DAG(s) dict_keys(['example_time_delta_sensor_async']) retrieved from /home/airflow/.local/lib/python3.7/site-packages/airflow/example_dags/example_time_delta_sensor_async.py
[2022-10-27 11:20:11,527] {logging_mixin.py:115} INFO - [2022-10-27 11:20:11,527] {dag.py:2371} INFO - Sync 1 DAGs
[2022-10-27 11:20:11,599] {logging_mixin.py:115} INFO - [2022-10-27 11:20:11,598] {dag.py:2919} INFO - Setting next_dagrun for example_time_delta_sensor_async to None, run_after=None
[2022-10-27 11:20:11,629] {processor.py:161} INFO - Processing /home/airflow/.local/lib/python3.7/site-packages/airflow/example_dags/example_time_delta_sensor_async.py took 0.286 seconds
[2022-10-27 11:20:42,201] {processor.py:153} INFO - Started process (PID=7122) to work on /home/airflow/.local/lib/python3.7/site-packages/airflow/example_dags/example_time_delta_sensor_async.py
[2022-10-27 11:20:42,203] {processor.py:641} INFO - Processing file /home/airflow/.local/lib/python3.7/site-packages/airflow/example_dags/example_time_delta_sensor_async.py for tasks to queue
[2022-10-27 11:20:42,204] {logging_mixin.py:115} INFO - [2022-10-27 11:20:42,204] {dagbag.py:507} INFO - Filling up the DagBag from /home/airflow/.local/lib/python3.7/site-packages/airflow/example_dags/example_time_delta_sensor_async.py
[2022-10-27 11:20:42,217] {processor.py:651} INFO - DAG(s) dict_keys(['example_time_delta_sensor_async']) retrieved from /home/airflow/.local/lib/python3.7/site-packages/airflow/example_dags/example_time_delta_sensor_async.py
[2022-10-27 11:20:42,322] {logging_mixin.py:115} INFO - [2022-10-27 11:20:42,321] {dag.py:2371} INFO - Sync 1 DAGs
[2022-10-27 11:20:42,398] {logging_mixin.py:115} INFO - [2022-10-27 11:20:42,398] {dag.py:2919} INFO - Setting next_dagrun for example_time_delta_sensor_async to None, run_after=None
[2022-10-27 11:20:42,441] {processor.py:161} INFO - Processing /home/airflow/.local/lib/python3.7/site-packages/airflow/example_dags/example_time_delta_sensor_async.py took 0.246 seconds
[2022-10-27 11:21:13,290] {processor.py:153} INFO - Started process (PID=7175) to work on /home/airflow/.local/lib/python3.7/site-packages/airflow/example_dags/example_time_delta_sensor_async.py
[2022-10-27 11:21:13,291] {processor.py:641} INFO - Processing file /home/airflow/.local/lib/python3.7/site-packages/airflow/example_dags/example_time_delta_sensor_async.py for tasks to queue
[2022-10-27 11:21:13,293] {logging_mixin.py:115} INFO - [2022-10-27 11:21:13,293] {dagbag.py:507} INFO - Filling up the DagBag from /home/airflow/.local/lib/python3.7/site-packages/airflow/example_dags/example_time_delta_sensor_async.py
[2022-10-27 11:21:13,315] {processor.py:651} INFO - DAG(s) dict_keys(['example_time_delta_sensor_async']) retrieved from /home/airflow/.local/lib/python3.7/site-packages/airflow/example_dags/example_time_delta_sensor_async.py
[2022-10-27 11:21:13,571] {logging_mixin.py:115} INFO - [2022-10-27 11:21:13,570] {dag.py:2371} INFO - Sync 1 DAGs
[2022-10-27 11:21:13,698] {logging_mixin.py:115} INFO - [2022-10-27 11:21:13,698] {dag.py:2919} INFO - Setting next_dagrun for example_time_delta_sensor_async to None, run_after=None
[2022-10-27 11:21:13,754] {processor.py:161} INFO - Processing /home/airflow/.local/lib/python3.7/site-packages/airflow/example_dags/example_time_delta_sensor_async.py took 0.484 seconds
[2022-10-27 11:21:43,915] {processor.py:153} INFO - Started process (PID=7238) to work on /home/airflow/.local/lib/python3.7/site-packages/airflow/example_dags/example_time_delta_sensor_async.py
[2022-10-27 11:21:43,917] {processor.py:641} INFO - Processing file /home/airflow/.local/lib/python3.7/site-packages/airflow/example_dags/example_time_delta_sensor_async.py for tasks to queue
[2022-10-27 11:21:43,919] {logging_mixin.py:115} INFO - [2022-10-27 11:21:43,919] {dagbag.py:507} INFO - Filling up the DagBag from /home/airflow/.local/lib/python3.7/site-packages/airflow/example_dags/example_time_delta_sensor_async.py
[2022-10-27 11:21:43,948] {processor.py:651} INFO - DAG(s) dict_keys(['example_time_delta_sensor_async']) retrieved from /home/airflow/.local/lib/python3.7/site-packages/airflow/example_dags/example_time_delta_sensor_async.py
[2022-10-27 11:21:44,161] {logging_mixin.py:115} INFO - [2022-10-27 11:21:44,161] {dag.py:2371} INFO - Sync 1 DAGs
[2022-10-27 11:21:44,243] {logging_mixin.py:115} INFO - [2022-10-27 11:21:44,243] {dag.py:2919} INFO - Setting next_dagrun for example_time_delta_sensor_async to None, run_after=None
[2022-10-27 11:21:44,283] {processor.py:161} INFO - Processing /home/airflow/.local/lib/python3.7/site-packages/airflow/example_dags/example_time_delta_sensor_async.py took 0.375 seconds
[2022-10-27 11:22:14,741] {processor.py:153} INFO - Started process (PID=7291) to work on /home/airflow/.local/lib/python3.7/site-packages/airflow/example_dags/example_time_delta_sensor_async.py
[2022-10-27 11:22:14,743] {processor.py:641} INFO - Processing file /home/airflow/.local/lib/python3.7/site-packages/airflow/example_dags/example_time_delta_sensor_async.py for tasks to queue
[2022-10-27 11:22:14,745] {logging_mixin.py:115} INFO - [2022-10-27 11:22:14,745] {dagbag.py:507} INFO - Filling up the DagBag from /home/airflow/.local/lib/python3.7/site-packages/airflow/example_dags/example_time_delta_sensor_async.py
[2022-10-27 11:22:14,775] {processor.py:651} INFO - DAG(s) dict_keys(['example_time_delta_sensor_async']) retrieved from /home/airflow/.local/lib/python3.7/site-packages/airflow/example_dags/example_time_delta_sensor_async.py
[2022-10-27 11:22:15,244] {logging_mixin.py:115} INFO - [2022-10-27 11:22:15,244] {dag.py:2371} INFO - Sync 1 DAGs
[2022-10-27 11:22:15,407] {logging_mixin.py:115} INFO - [2022-10-27 11:22:15,407] {dag.py:2919} INFO - Setting next_dagrun for example_time_delta_sensor_async to None, run_after=None
[2022-10-27 11:22:15,503] {processor.py:161} INFO - Processing /home/airflow/.local/lib/python3.7/site-packages/airflow/example_dags/example_time_delta_sensor_async.py took 0.807 seconds
[2022-10-27 11:22:45,650] {processor.py:153} INFO - Started process (PID=7346) to work on /home/airflow/.local/lib/python3.7/site-packages/airflow/example_dags/example_time_delta_sensor_async.py
[2022-10-27 11:22:45,652] {processor.py:641} INFO - Processing file /home/airflow/.local/lib/python3.7/site-packages/airflow/example_dags/example_time_delta_sensor_async.py for tasks to queue
[2022-10-27 11:22:45,657] {logging_mixin.py:115} INFO - [2022-10-27 11:22:45,657] {dagbag.py:507} INFO - Filling up the DagBag from /home/airflow/.local/lib/python3.7/site-packages/airflow/example_dags/example_time_delta_sensor_async.py
[2022-10-27 11:22:45,675] {processor.py:651} INFO - DAG(s) dict_keys(['example_time_delta_sensor_async']) retrieved from /home/airflow/.local/lib/python3.7/site-packages/airflow/example_dags/example_time_delta_sensor_async.py
[2022-10-27 11:22:45,875] {logging_mixin.py:115} INFO - [2022-10-27 11:22:45,875] {dag.py:2371} INFO - Sync 1 DAGs
[2022-10-27 11:22:45,999] {logging_mixin.py:115} INFO - [2022-10-27 11:22:45,998] {dag.py:2919} INFO - Setting next_dagrun for example_time_delta_sensor_async to None, run_after=None
[2022-10-27 11:22:46,100] {processor.py:161} INFO - Processing /home/airflow/.local/lib/python3.7/site-packages/airflow/example_dags/example_time_delta_sensor_async.py took 0.459 seconds
[2022-10-27 11:23:16,518] {processor.py:153} INFO - Started process (PID=7398) to work on /home/airflow/.local/lib/python3.7/site-packages/airflow/example_dags/example_time_delta_sensor_async.py
[2022-10-27 11:23:16,521] {processor.py:641} INFO - Processing file /home/airflow/.local/lib/python3.7/site-packages/airflow/example_dags/example_time_delta_sensor_async.py for tasks to queue
[2022-10-27 11:23:16,527] {logging_mixin.py:115} INFO - [2022-10-27 11:23:16,526] {dagbag.py:507} INFO - Filling up the DagBag from /home/airflow/.local/lib/python3.7/site-packages/airflow/example_dags/example_time_delta_sensor_async.py
[2022-10-27 11:23:16,538] {processor.py:651} INFO - DAG(s) dict_keys(['example_time_delta_sensor_async']) retrieved from /home/airflow/.local/lib/python3.7/site-packages/airflow/example_dags/example_time_delta_sensor_async.py
[2022-10-27 11:23:16,682] {logging_mixin.py:115} INFO - [2022-10-27 11:23:16,682] {dag.py:2371} INFO - Sync 1 DAGs
[2022-10-27 11:23:16,734] {logging_mixin.py:115} INFO - [2022-10-27 11:23:16,733] {dag.py:2919} INFO - Setting next_dagrun for example_time_delta_sensor_async to None, run_after=None
[2022-10-27 11:23:16,770] {processor.py:161} INFO - Processing /home/airflow/.local/lib/python3.7/site-packages/airflow/example_dags/example_time_delta_sensor_async.py took 0.259 seconds
