[2022-10-27 11:02:18,815] {processor.py:153} INFO - Started process (PID=5272) to work on /home/airflow/.local/lib/python3.7/site-packages/airflow/example_dags/example_sla_dag.py
[2022-10-27 11:02:18,839] {processor.py:641} INFO - Processing file /home/airflow/.local/lib/python3.7/site-packages/airflow/example_dags/example_sla_dag.py for tasks to queue
[2022-10-27 11:02:18,860] {logging_mixin.py:115} INFO - [2022-10-27 11:02:18,859] {dagbag.py:507} INFO - Filling up the DagBag from /home/airflow/.local/lib/python3.7/site-packages/airflow/example_dags/example_sla_dag.py
[2022-10-27 11:02:19,487] {processor.py:651} INFO - DAG(s) dict_keys(['example_sla_dag']) retrieved from /home/airflow/.local/lib/python3.7/site-packages/airflow/example_dags/example_sla_dag.py
[2022-10-27 11:02:20,025] {logging_mixin.py:115} INFO - [2022-10-27 11:02:20,025] {dag.py:2371} INFO - Sync 1 DAGs
[2022-10-27 11:02:20,765] {logging_mixin.py:115} INFO - [2022-10-27 11:02:20,765] {dag.py:2919} INFO - Setting next_dagrun for example_sla_dag to 2022-10-27T11:00:00+00:00, run_after=2022-10-27T11:02:00+00:00
[2022-10-27 11:02:20,926] {processor.py:161} INFO - Processing /home/airflow/.local/lib/python3.7/site-packages/airflow/example_dags/example_sla_dag.py took 2.226 seconds
[2022-10-27 11:02:51,199] {processor.py:153} INFO - Started process (PID=5325) to work on /home/airflow/.local/lib/python3.7/site-packages/airflow/example_dags/example_sla_dag.py
[2022-10-27 11:02:51,203] {processor.py:641} INFO - Processing file /home/airflow/.local/lib/python3.7/site-packages/airflow/example_dags/example_sla_dag.py for tasks to queue
[2022-10-27 11:02:51,208] {logging_mixin.py:115} INFO - [2022-10-27 11:02:51,207] {dagbag.py:507} INFO - Filling up the DagBag from /home/airflow/.local/lib/python3.7/site-packages/airflow/example_dags/example_sla_dag.py
[2022-10-27 11:02:51,255] {processor.py:651} INFO - DAG(s) dict_keys(['example_sla_dag']) retrieved from /home/airflow/.local/lib/python3.7/site-packages/airflow/example_dags/example_sla_dag.py
[2022-10-27 11:02:51,338] {logging_mixin.py:115} INFO - [2022-10-27 11:02:51,338] {dag.py:2371} INFO - Sync 1 DAGs
[2022-10-27 11:02:51,472] {logging_mixin.py:115} INFO - [2022-10-27 11:02:51,472] {dag.py:2919} INFO - Setting next_dagrun for example_sla_dag to 2022-10-27T11:00:00+00:00, run_after=2022-10-27T11:02:00+00:00
[2022-10-27 11:02:51,529] {processor.py:161} INFO - Processing /home/airflow/.local/lib/python3.7/site-packages/airflow/example_dags/example_sla_dag.py took 0.338 seconds
[2022-10-27 11:03:21,879] {processor.py:153} INFO - Started process (PID=5378) to work on /home/airflow/.local/lib/python3.7/site-packages/airflow/example_dags/example_sla_dag.py
[2022-10-27 11:03:21,881] {processor.py:641} INFO - Processing file /home/airflow/.local/lib/python3.7/site-packages/airflow/example_dags/example_sla_dag.py for tasks to queue
[2022-10-27 11:03:21,882] {logging_mixin.py:115} INFO - [2022-10-27 11:03:21,882] {dagbag.py:507} INFO - Filling up the DagBag from /home/airflow/.local/lib/python3.7/site-packages/airflow/example_dags/example_sla_dag.py
[2022-10-27 11:03:21,921] {processor.py:651} INFO - DAG(s) dict_keys(['example_sla_dag']) retrieved from /home/airflow/.local/lib/python3.7/site-packages/airflow/example_dags/example_sla_dag.py
[2022-10-27 11:03:21,963] {logging_mixin.py:115} INFO - [2022-10-27 11:03:21,962] {dag.py:2371} INFO - Sync 1 DAGs
[2022-10-27 11:03:22,011] {logging_mixin.py:115} INFO - [2022-10-27 11:03:22,011] {dag.py:2919} INFO - Setting next_dagrun for example_sla_dag to 2022-10-27T11:00:00+00:00, run_after=2022-10-27T11:02:00+00:00
[2022-10-27 11:03:22,033] {processor.py:161} INFO - Processing /home/airflow/.local/lib/python3.7/site-packages/airflow/example_dags/example_sla_dag.py took 0.160 seconds
[2022-10-27 11:03:52,177] {processor.py:153} INFO - Started process (PID=5433) to work on /home/airflow/.local/lib/python3.7/site-packages/airflow/example_dags/example_sla_dag.py
[2022-10-27 11:03:52,180] {processor.py:641} INFO - Processing file /home/airflow/.local/lib/python3.7/site-packages/airflow/example_dags/example_sla_dag.py for tasks to queue
[2022-10-27 11:03:52,184] {logging_mixin.py:115} INFO - [2022-10-27 11:03:52,184] {dagbag.py:507} INFO - Filling up the DagBag from /home/airflow/.local/lib/python3.7/site-packages/airflow/example_dags/example_sla_dag.py
[2022-10-27 11:03:52,264] {processor.py:651} INFO - DAG(s) dict_keys(['example_sla_dag']) retrieved from /home/airflow/.local/lib/python3.7/site-packages/airflow/example_dags/example_sla_dag.py
[2022-10-27 11:03:52,357] {logging_mixin.py:115} INFO - [2022-10-27 11:03:52,357] {dag.py:2371} INFO - Sync 1 DAGs
[2022-10-27 11:03:52,475] {logging_mixin.py:115} INFO - [2022-10-27 11:03:52,475] {dag.py:2919} INFO - Setting next_dagrun for example_sla_dag to 2022-10-27T11:00:00+00:00, run_after=2022-10-27T11:02:00+00:00
[2022-10-27 11:03:52,516] {processor.py:161} INFO - Processing /home/airflow/.local/lib/python3.7/site-packages/airflow/example_dags/example_sla_dag.py took 0.376 seconds
[2022-10-27 11:04:24,455] {processor.py:153} INFO - Started process (PID=5486) to work on /home/airflow/.local/lib/python3.7/site-packages/airflow/example_dags/example_sla_dag.py
[2022-10-27 11:04:24,457] {processor.py:641} INFO - Processing file /home/airflow/.local/lib/python3.7/site-packages/airflow/example_dags/example_sla_dag.py for tasks to queue
[2022-10-27 11:04:24,458] {logging_mixin.py:115} INFO - [2022-10-27 11:04:24,458] {dagbag.py:507} INFO - Filling up the DagBag from /home/airflow/.local/lib/python3.7/site-packages/airflow/example_dags/example_sla_dag.py
[2022-10-27 11:04:24,551] {processor.py:651} INFO - DAG(s) dict_keys(['example_sla_dag']) retrieved from /home/airflow/.local/lib/python3.7/site-packages/airflow/example_dags/example_sla_dag.py
[2022-10-27 11:04:24,722] {logging_mixin.py:115} INFO - [2022-10-27 11:04:24,722] {dag.py:2371} INFO - Sync 1 DAGs
[2022-10-27 11:04:24,875] {logging_mixin.py:115} INFO - [2022-10-27 11:04:24,875] {dag.py:2919} INFO - Setting next_dagrun for example_sla_dag to 2022-10-27T11:02:00+00:00, run_after=2022-10-27T11:04:00+00:00
[2022-10-27 11:04:24,942] {processor.py:161} INFO - Processing /home/airflow/.local/lib/python3.7/site-packages/airflow/example_dags/example_sla_dag.py took 0.505 seconds
[2022-10-27 11:04:55,856] {processor.py:153} INFO - Started process (PID=5538) to work on /home/airflow/.local/lib/python3.7/site-packages/airflow/example_dags/example_sla_dag.py
[2022-10-27 11:04:55,857] {processor.py:641} INFO - Processing file /home/airflow/.local/lib/python3.7/site-packages/airflow/example_dags/example_sla_dag.py for tasks to queue
[2022-10-27 11:04:55,859] {logging_mixin.py:115} INFO - [2022-10-27 11:04:55,859] {dagbag.py:507} INFO - Filling up the DagBag from /home/airflow/.local/lib/python3.7/site-packages/airflow/example_dags/example_sla_dag.py
[2022-10-27 11:04:56,005] {processor.py:651} INFO - DAG(s) dict_keys(['example_sla_dag']) retrieved from /home/airflow/.local/lib/python3.7/site-packages/airflow/example_dags/example_sla_dag.py
[2022-10-27 11:04:56,331] {logging_mixin.py:115} INFO - [2022-10-27 11:04:56,330] {dag.py:2371} INFO - Sync 1 DAGs
[2022-10-27 11:04:56,682] {logging_mixin.py:115} INFO - [2022-10-27 11:04:56,681] {dag.py:2919} INFO - Setting next_dagrun for example_sla_dag to 2022-10-27T11:02:00+00:00, run_after=2022-10-27T11:04:00+00:00
[2022-10-27 11:04:56,775] {processor.py:161} INFO - Processing /home/airflow/.local/lib/python3.7/site-packages/airflow/example_dags/example_sla_dag.py took 0.946 seconds
[2022-10-27 11:05:27,140] {processor.py:153} INFO - Started process (PID=5589) to work on /home/airflow/.local/lib/python3.7/site-packages/airflow/example_dags/example_sla_dag.py
[2022-10-27 11:05:27,142] {processor.py:641} INFO - Processing file /home/airflow/.local/lib/python3.7/site-packages/airflow/example_dags/example_sla_dag.py for tasks to queue
[2022-10-27 11:05:27,143] {logging_mixin.py:115} INFO - [2022-10-27 11:05:27,143] {dagbag.py:507} INFO - Filling up the DagBag from /home/airflow/.local/lib/python3.7/site-packages/airflow/example_dags/example_sla_dag.py
[2022-10-27 11:05:27,194] {processor.py:651} INFO - DAG(s) dict_keys(['example_sla_dag']) retrieved from /home/airflow/.local/lib/python3.7/site-packages/airflow/example_dags/example_sla_dag.py
[2022-10-27 11:05:27,251] {logging_mixin.py:115} INFO - [2022-10-27 11:05:27,250] {dag.py:2371} INFO - Sync 1 DAGs
[2022-10-27 11:05:27,321] {logging_mixin.py:115} INFO - [2022-10-27 11:05:27,320] {dag.py:2919} INFO - Setting next_dagrun for example_sla_dag to 2022-10-27T11:02:00+00:00, run_after=2022-10-27T11:04:00+00:00
[2022-10-27 11:05:27,357] {processor.py:161} INFO - Processing /home/airflow/.local/lib/python3.7/site-packages/airflow/example_dags/example_sla_dag.py took 0.223 seconds
[2022-10-27 11:05:57,551] {processor.py:153} INFO - Started process (PID=5635) to work on /home/airflow/.local/lib/python3.7/site-packages/airflow/example_dags/example_sla_dag.py
[2022-10-27 11:05:57,556] {processor.py:641} INFO - Processing file /home/airflow/.local/lib/python3.7/site-packages/airflow/example_dags/example_sla_dag.py for tasks to queue
[2022-10-27 11:05:57,558] {logging_mixin.py:115} INFO - [2022-10-27 11:05:57,558] {dagbag.py:507} INFO - Filling up the DagBag from /home/airflow/.local/lib/python3.7/site-packages/airflow/example_dags/example_sla_dag.py
[2022-10-27 11:05:57,602] {processor.py:651} INFO - DAG(s) dict_keys(['example_sla_dag']) retrieved from /home/airflow/.local/lib/python3.7/site-packages/airflow/example_dags/example_sla_dag.py
[2022-10-27 11:05:57,650] {logging_mixin.py:115} INFO - [2022-10-27 11:05:57,650] {dag.py:2371} INFO - Sync 1 DAGs
[2022-10-27 11:05:57,716] {logging_mixin.py:115} INFO - [2022-10-27 11:05:57,716] {dag.py:2919} INFO - Setting next_dagrun for example_sla_dag to 2022-10-27T11:02:00+00:00, run_after=2022-10-27T11:04:00+00:00
[2022-10-27 11:05:57,739] {processor.py:161} INFO - Processing /home/airflow/.local/lib/python3.7/site-packages/airflow/example_dags/example_sla_dag.py took 0.195 seconds
[2022-10-27 11:06:29,438] {processor.py:153} INFO - Started process (PID=5689) to work on /home/airflow/.local/lib/python3.7/site-packages/airflow/example_dags/example_sla_dag.py
[2022-10-27 11:06:29,451] {processor.py:641} INFO - Processing file /home/airflow/.local/lib/python3.7/site-packages/airflow/example_dags/example_sla_dag.py for tasks to queue
[2022-10-27 11:06:29,468] {logging_mixin.py:115} INFO - [2022-10-27 11:06:29,468] {dagbag.py:507} INFO - Filling up the DagBag from /home/airflow/.local/lib/python3.7/site-packages/airflow/example_dags/example_sla_dag.py
[2022-10-27 11:06:29,664] {processor.py:651} INFO - DAG(s) dict_keys(['example_sla_dag']) retrieved from /home/airflow/.local/lib/python3.7/site-packages/airflow/example_dags/example_sla_dag.py
[2022-10-27 11:06:29,880] {logging_mixin.py:115} INFO - [2022-10-27 11:06:29,880] {dag.py:2371} INFO - Sync 1 DAGs
[2022-10-27 11:06:30,105] {logging_mixin.py:115} INFO - [2022-10-27 11:06:30,104] {dag.py:2919} INFO - Setting next_dagrun for example_sla_dag to 2022-10-27T11:04:00+00:00, run_after=2022-10-27T11:06:00+00:00
[2022-10-27 11:06:30,308] {processor.py:161} INFO - Processing /home/airflow/.local/lib/python3.7/site-packages/airflow/example_dags/example_sla_dag.py took 0.904 seconds
[2022-10-27 11:07:00,516] {processor.py:153} INFO - Started process (PID=5733) to work on /home/airflow/.local/lib/python3.7/site-packages/airflow/example_dags/example_sla_dag.py
[2022-10-27 11:07:00,526] {processor.py:641} INFO - Processing file /home/airflow/.local/lib/python3.7/site-packages/airflow/example_dags/example_sla_dag.py for tasks to queue
[2022-10-27 11:07:00,528] {logging_mixin.py:115} INFO - [2022-10-27 11:07:00,528] {dagbag.py:507} INFO - Filling up the DagBag from /home/airflow/.local/lib/python3.7/site-packages/airflow/example_dags/example_sla_dag.py
[2022-10-27 11:07:00,627] {processor.py:651} INFO - DAG(s) dict_keys(['example_sla_dag']) retrieved from /home/airflow/.local/lib/python3.7/site-packages/airflow/example_dags/example_sla_dag.py
[2022-10-27 11:07:00,757] {logging_mixin.py:115} INFO - [2022-10-27 11:07:00,757] {dag.py:2371} INFO - Sync 1 DAGs
[2022-10-27 11:07:00,834] {logging_mixin.py:115} INFO - [2022-10-27 11:07:00,833] {dag.py:2919} INFO - Setting next_dagrun for example_sla_dag to 2022-10-27T11:04:00+00:00, run_after=2022-10-27T11:06:00+00:00
[2022-10-27 11:07:00,888] {processor.py:161} INFO - Processing /home/airflow/.local/lib/python3.7/site-packages/airflow/example_dags/example_sla_dag.py took 0.379 seconds
[2022-10-27 11:07:31,483] {processor.py:153} INFO - Started process (PID=5786) to work on /home/airflow/.local/lib/python3.7/site-packages/airflow/example_dags/example_sla_dag.py
[2022-10-27 11:07:31,485] {processor.py:641} INFO - Processing file /home/airflow/.local/lib/python3.7/site-packages/airflow/example_dags/example_sla_dag.py for tasks to queue
[2022-10-27 11:07:31,491] {logging_mixin.py:115} INFO - [2022-10-27 11:07:31,491] {dagbag.py:507} INFO - Filling up the DagBag from /home/airflow/.local/lib/python3.7/site-packages/airflow/example_dags/example_sla_dag.py
[2022-10-27 11:07:31,618] {processor.py:651} INFO - DAG(s) dict_keys(['example_sla_dag']) retrieved from /home/airflow/.local/lib/python3.7/site-packages/airflow/example_dags/example_sla_dag.py
[2022-10-27 11:07:31,746] {logging_mixin.py:115} INFO - [2022-10-27 11:07:31,746] {dag.py:2371} INFO - Sync 1 DAGs
[2022-10-27 11:07:31,858] {logging_mixin.py:115} INFO - [2022-10-27 11:07:31,857] {dag.py:2919} INFO - Setting next_dagrun for example_sla_dag to 2022-10-27T11:04:00+00:00, run_after=2022-10-27T11:06:00+00:00
[2022-10-27 11:07:31,928] {processor.py:161} INFO - Processing /home/airflow/.local/lib/python3.7/site-packages/airflow/example_dags/example_sla_dag.py took 0.463 seconds
[2022-10-27 11:08:02,777] {processor.py:153} INFO - Started process (PID=5840) to work on /home/airflow/.local/lib/python3.7/site-packages/airflow/example_dags/example_sla_dag.py
[2022-10-27 11:08:02,780] {processor.py:641} INFO - Processing file /home/airflow/.local/lib/python3.7/site-packages/airflow/example_dags/example_sla_dag.py for tasks to queue
[2022-10-27 11:08:02,792] {logging_mixin.py:115} INFO - [2022-10-27 11:08:02,792] {dagbag.py:507} INFO - Filling up the DagBag from /home/airflow/.local/lib/python3.7/site-packages/airflow/example_dags/example_sla_dag.py
[2022-10-27 11:08:02,851] {processor.py:651} INFO - DAG(s) dict_keys(['example_sla_dag']) retrieved from /home/airflow/.local/lib/python3.7/site-packages/airflow/example_dags/example_sla_dag.py
[2022-10-27 11:08:02,956] {logging_mixin.py:115} INFO - [2022-10-27 11:08:02,953] {dag.py:2371} INFO - Sync 1 DAGs
[2022-10-27 11:08:03,106] {logging_mixin.py:115} INFO - [2022-10-27 11:08:03,106] {dag.py:2919} INFO - Setting next_dagrun for example_sla_dag to 2022-10-27T11:06:00+00:00, run_after=2022-10-27T11:08:00+00:00
[2022-10-27 11:08:03,182] {processor.py:161} INFO - Processing /home/airflow/.local/lib/python3.7/site-packages/airflow/example_dags/example_sla_dag.py took 0.410 seconds
[2022-10-27 11:08:33,869] {processor.py:153} INFO - Started process (PID=5895) to work on /home/airflow/.local/lib/python3.7/site-packages/airflow/example_dags/example_sla_dag.py
[2022-10-27 11:08:33,878] {processor.py:641} INFO - Processing file /home/airflow/.local/lib/python3.7/site-packages/airflow/example_dags/example_sla_dag.py for tasks to queue
[2022-10-27 11:08:33,920] {logging_mixin.py:115} INFO - [2022-10-27 11:08:33,920] {dagbag.py:507} INFO - Filling up the DagBag from /home/airflow/.local/lib/python3.7/site-packages/airflow/example_dags/example_sla_dag.py
[2022-10-27 11:08:34,159] {processor.py:651} INFO - DAG(s) dict_keys(['example_sla_dag']) retrieved from /home/airflow/.local/lib/python3.7/site-packages/airflow/example_dags/example_sla_dag.py
[2022-10-27 11:08:34,543] {logging_mixin.py:115} INFO - [2022-10-27 11:08:34,543] {dag.py:2371} INFO - Sync 1 DAGs
[2022-10-27 11:08:34,718] {logging_mixin.py:115} INFO - [2022-10-27 11:08:34,718] {dag.py:2919} INFO - Setting next_dagrun for example_sla_dag to 2022-10-27T11:06:00+00:00, run_after=2022-10-27T11:08:00+00:00
[2022-10-27 11:08:34,832] {processor.py:161} INFO - Processing /home/airflow/.local/lib/python3.7/site-packages/airflow/example_dags/example_sla_dag.py took 0.982 seconds
[2022-10-27 11:09:05,105] {processor.py:153} INFO - Started process (PID=5946) to work on /home/airflow/.local/lib/python3.7/site-packages/airflow/example_dags/example_sla_dag.py
[2022-10-27 11:09:05,107] {processor.py:641} INFO - Processing file /home/airflow/.local/lib/python3.7/site-packages/airflow/example_dags/example_sla_dag.py for tasks to queue
[2022-10-27 11:09:05,109] {logging_mixin.py:115} INFO - [2022-10-27 11:09:05,109] {dagbag.py:507} INFO - Filling up the DagBag from /home/airflow/.local/lib/python3.7/site-packages/airflow/example_dags/example_sla_dag.py
[2022-10-27 11:09:05,202] {processor.py:651} INFO - DAG(s) dict_keys(['example_sla_dag']) retrieved from /home/airflow/.local/lib/python3.7/site-packages/airflow/example_dags/example_sla_dag.py
[2022-10-27 11:09:05,316] {logging_mixin.py:115} INFO - [2022-10-27 11:09:05,315] {dag.py:2371} INFO - Sync 1 DAGs
[2022-10-27 11:09:05,444] {logging_mixin.py:115} INFO - [2022-10-27 11:09:05,444] {dag.py:2919} INFO - Setting next_dagrun for example_sla_dag to 2022-10-27T11:06:00+00:00, run_after=2022-10-27T11:08:00+00:00
[2022-10-27 11:09:05,505] {processor.py:161} INFO - Processing /home/airflow/.local/lib/python3.7/site-packages/airflow/example_dags/example_sla_dag.py took 0.418 seconds
[2022-10-27 11:09:37,981] {processor.py:153} INFO - Started process (PID=5992) to work on /home/airflow/.local/lib/python3.7/site-packages/airflow/example_dags/example_sla_dag.py
[2022-10-27 11:09:38,017] {processor.py:641} INFO - Processing file /home/airflow/.local/lib/python3.7/site-packages/airflow/example_dags/example_sla_dag.py for tasks to queue
[2022-10-27 11:09:38,030] {logging_mixin.py:115} INFO - [2022-10-27 11:09:38,030] {dagbag.py:507} INFO - Filling up the DagBag from /home/airflow/.local/lib/python3.7/site-packages/airflow/example_dags/example_sla_dag.py
[2022-10-27 11:09:38,317] {processor.py:651} INFO - DAG(s) dict_keys(['example_sla_dag']) retrieved from /home/airflow/.local/lib/python3.7/site-packages/airflow/example_dags/example_sla_dag.py
[2022-10-27 11:09:38,785] {logging_mixin.py:115} INFO - [2022-10-27 11:09:38,785] {dag.py:2371} INFO - Sync 1 DAGs
[2022-10-27 11:09:39,530] {logging_mixin.py:115} INFO - [2022-10-27 11:09:39,529] {dag.py:2919} INFO - Setting next_dagrun for example_sla_dag to 2022-10-27T11:06:00+00:00, run_after=2022-10-27T11:08:00+00:00
[2022-10-27 11:09:39,662] {processor.py:161} INFO - Processing /home/airflow/.local/lib/python3.7/site-packages/airflow/example_dags/example_sla_dag.py took 1.820 seconds
[2022-10-27 11:10:10,026] {processor.py:153} INFO - Started process (PID=6047) to work on /home/airflow/.local/lib/python3.7/site-packages/airflow/example_dags/example_sla_dag.py
[2022-10-27 11:10:10,028] {processor.py:641} INFO - Processing file /home/airflow/.local/lib/python3.7/site-packages/airflow/example_dags/example_sla_dag.py for tasks to queue
[2022-10-27 11:10:10,029] {logging_mixin.py:115} INFO - [2022-10-27 11:10:10,029] {dagbag.py:507} INFO - Filling up the DagBag from /home/airflow/.local/lib/python3.7/site-packages/airflow/example_dags/example_sla_dag.py
[2022-10-27 11:10:10,096] {processor.py:651} INFO - DAG(s) dict_keys(['example_sla_dag']) retrieved from /home/airflow/.local/lib/python3.7/site-packages/airflow/example_dags/example_sla_dag.py
[2022-10-27 11:10:10,179] {logging_mixin.py:115} INFO - [2022-10-27 11:10:10,179] {dag.py:2371} INFO - Sync 1 DAGs
[2022-10-27 11:10:10,287] {logging_mixin.py:115} INFO - [2022-10-27 11:10:10,287] {dag.py:2919} INFO - Setting next_dagrun for example_sla_dag to 2022-10-27T11:08:00+00:00, run_after=2022-10-27T11:10:00+00:00
[2022-10-27 11:10:10,365] {processor.py:161} INFO - Processing /home/airflow/.local/lib/python3.7/site-packages/airflow/example_dags/example_sla_dag.py took 0.347 seconds
[2022-10-27 11:10:41,463] {processor.py:153} INFO - Started process (PID=6101) to work on /home/airflow/.local/lib/python3.7/site-packages/airflow/example_dags/example_sla_dag.py
[2022-10-27 11:10:41,472] {processor.py:641} INFO - Processing file /home/airflow/.local/lib/python3.7/site-packages/airflow/example_dags/example_sla_dag.py for tasks to queue
[2022-10-27 11:10:41,477] {logging_mixin.py:115} INFO - [2022-10-27 11:10:41,477] {dagbag.py:507} INFO - Filling up the DagBag from /home/airflow/.local/lib/python3.7/site-packages/airflow/example_dags/example_sla_dag.py
[2022-10-27 11:10:41,562] {processor.py:651} INFO - DAG(s) dict_keys(['example_sla_dag']) retrieved from /home/airflow/.local/lib/python3.7/site-packages/airflow/example_dags/example_sla_dag.py
[2022-10-27 11:10:41,688] {logging_mixin.py:115} INFO - [2022-10-27 11:10:41,688] {dag.py:2371} INFO - Sync 1 DAGs
[2022-10-27 11:10:41,863] {logging_mixin.py:115} INFO - [2022-10-27 11:10:41,863] {dag.py:2919} INFO - Setting next_dagrun for example_sla_dag to 2022-10-27T11:08:00+00:00, run_after=2022-10-27T11:10:00+00:00
[2022-10-27 11:10:41,953] {processor.py:161} INFO - Processing /home/airflow/.local/lib/python3.7/site-packages/airflow/example_dags/example_sla_dag.py took 0.507 seconds
[2022-10-27 11:11:13,733] {processor.py:153} INFO - Started process (PID=6154) to work on /home/airflow/.local/lib/python3.7/site-packages/airflow/example_dags/example_sla_dag.py
[2022-10-27 11:11:13,765] {processor.py:641} INFO - Processing file /home/airflow/.local/lib/python3.7/site-packages/airflow/example_dags/example_sla_dag.py for tasks to queue
[2022-10-27 11:11:13,800] {logging_mixin.py:115} INFO - [2022-10-27 11:11:13,800] {dagbag.py:507} INFO - Filling up the DagBag from /home/airflow/.local/lib/python3.7/site-packages/airflow/example_dags/example_sla_dag.py
[2022-10-27 11:11:14,164] {processor.py:651} INFO - DAG(s) dict_keys(['example_sla_dag']) retrieved from /home/airflow/.local/lib/python3.7/site-packages/airflow/example_dags/example_sla_dag.py
[2022-10-27 11:11:14,411] {logging_mixin.py:115} INFO - [2022-10-27 11:11:14,411] {dag.py:2371} INFO - Sync 1 DAGs
[2022-10-27 11:11:14,710] {logging_mixin.py:115} INFO - [2022-10-27 11:11:14,710] {dag.py:2919} INFO - Setting next_dagrun for example_sla_dag to 2022-10-27T11:08:00+00:00, run_after=2022-10-27T11:10:00+00:00
[2022-10-27 11:11:14,984] {processor.py:161} INFO - Processing /home/airflow/.local/lib/python3.7/site-packages/airflow/example_dags/example_sla_dag.py took 1.321 seconds
[2022-10-27 11:11:45,695] {processor.py:153} INFO - Started process (PID=6206) to work on /home/airflow/.local/lib/python3.7/site-packages/airflow/example_dags/example_sla_dag.py
[2022-10-27 11:11:45,729] {processor.py:641} INFO - Processing file /home/airflow/.local/lib/python3.7/site-packages/airflow/example_dags/example_sla_dag.py for tasks to queue
[2022-10-27 11:11:45,739] {logging_mixin.py:115} INFO - [2022-10-27 11:11:45,739] {dagbag.py:507} INFO - Filling up the DagBag from /home/airflow/.local/lib/python3.7/site-packages/airflow/example_dags/example_sla_dag.py
[2022-10-27 11:11:46,149] {processor.py:651} INFO - DAG(s) dict_keys(['example_sla_dag']) retrieved from /home/airflow/.local/lib/python3.7/site-packages/airflow/example_dags/example_sla_dag.py
[2022-10-27 11:11:46,369] {logging_mixin.py:115} INFO - [2022-10-27 11:11:46,368] {dag.py:2371} INFO - Sync 1 DAGs
[2022-10-27 11:11:46,578] {logging_mixin.py:115} INFO - [2022-10-27 11:11:46,577] {dag.py:2919} INFO - Setting next_dagrun for example_sla_dag to 2022-10-27T11:08:00+00:00, run_after=2022-10-27T11:10:00+00:00
[2022-10-27 11:11:46,646] {processor.py:161} INFO - Processing /home/airflow/.local/lib/python3.7/site-packages/airflow/example_dags/example_sla_dag.py took 0.994 seconds
[2022-10-27 11:12:17,141] {processor.py:153} INFO - Started process (PID=6259) to work on /home/airflow/.local/lib/python3.7/site-packages/airflow/example_dags/example_sla_dag.py
[2022-10-27 11:12:17,143] {processor.py:641} INFO - Processing file /home/airflow/.local/lib/python3.7/site-packages/airflow/example_dags/example_sla_dag.py for tasks to queue
[2022-10-27 11:12:17,153] {logging_mixin.py:115} INFO - [2022-10-27 11:12:17,151] {dagbag.py:507} INFO - Filling up the DagBag from /home/airflow/.local/lib/python3.7/site-packages/airflow/example_dags/example_sla_dag.py
[2022-10-27 11:12:17,230] {processor.py:651} INFO - DAG(s) dict_keys(['example_sla_dag']) retrieved from /home/airflow/.local/lib/python3.7/site-packages/airflow/example_dags/example_sla_dag.py
[2022-10-27 11:12:17,334] {logging_mixin.py:115} INFO - [2022-10-27 11:12:17,334] {dag.py:2371} INFO - Sync 1 DAGs
[2022-10-27 11:12:17,437] {logging_mixin.py:115} INFO - [2022-10-27 11:12:17,437] {dag.py:2919} INFO - Setting next_dagrun for example_sla_dag to 2022-10-27T11:10:00+00:00, run_after=2022-10-27T11:12:00+00:00
[2022-10-27 11:12:17,482] {processor.py:161} INFO - Processing /home/airflow/.local/lib/python3.7/site-packages/airflow/example_dags/example_sla_dag.py took 0.364 seconds
[2022-10-27 11:12:47,705] {processor.py:153} INFO - Started process (PID=6312) to work on /home/airflow/.local/lib/python3.7/site-packages/airflow/example_dags/example_sla_dag.py
[2022-10-27 11:12:47,711] {processor.py:641} INFO - Processing file /home/airflow/.local/lib/python3.7/site-packages/airflow/example_dags/example_sla_dag.py for tasks to queue
[2022-10-27 11:12:47,712] {logging_mixin.py:115} INFO - [2022-10-27 11:12:47,712] {dagbag.py:507} INFO - Filling up the DagBag from /home/airflow/.local/lib/python3.7/site-packages/airflow/example_dags/example_sla_dag.py
[2022-10-27 11:12:47,773] {processor.py:651} INFO - DAG(s) dict_keys(['example_sla_dag']) retrieved from /home/airflow/.local/lib/python3.7/site-packages/airflow/example_dags/example_sla_dag.py
[2022-10-27 11:12:47,859] {logging_mixin.py:115} INFO - [2022-10-27 11:12:47,859] {dag.py:2371} INFO - Sync 1 DAGs
[2022-10-27 11:12:47,959] {logging_mixin.py:115} INFO - [2022-10-27 11:12:47,959] {dag.py:2919} INFO - Setting next_dagrun for example_sla_dag to 2022-10-27T11:10:00+00:00, run_after=2022-10-27T11:12:00+00:00
[2022-10-27 11:12:47,994] {processor.py:161} INFO - Processing /home/airflow/.local/lib/python3.7/site-packages/airflow/example_dags/example_sla_dag.py took 0.295 seconds
[2022-10-27 11:13:19,136] {processor.py:153} INFO - Started process (PID=6365) to work on /home/airflow/.local/lib/python3.7/site-packages/airflow/example_dags/example_sla_dag.py
[2022-10-27 11:13:19,139] {processor.py:641} INFO - Processing file /home/airflow/.local/lib/python3.7/site-packages/airflow/example_dags/example_sla_dag.py for tasks to queue
[2022-10-27 11:13:19,148] {logging_mixin.py:115} INFO - [2022-10-27 11:13:19,148] {dagbag.py:507} INFO - Filling up the DagBag from /home/airflow/.local/lib/python3.7/site-packages/airflow/example_dags/example_sla_dag.py
[2022-10-27 11:13:19,315] {processor.py:651} INFO - DAG(s) dict_keys(['example_sla_dag']) retrieved from /home/airflow/.local/lib/python3.7/site-packages/airflow/example_dags/example_sla_dag.py
[2022-10-27 11:13:19,683] {logging_mixin.py:115} INFO - [2022-10-27 11:13:19,683] {dag.py:2371} INFO - Sync 1 DAGs
[2022-10-27 11:13:20,153] {logging_mixin.py:115} INFO - [2022-10-27 11:13:20,152] {dag.py:2919} INFO - Setting next_dagrun for example_sla_dag to 2022-10-27T11:10:00+00:00, run_after=2022-10-27T11:12:00+00:00
[2022-10-27 11:13:20,344] {processor.py:161} INFO - Processing /home/airflow/.local/lib/python3.7/site-packages/airflow/example_dags/example_sla_dag.py took 1.171 seconds
[2022-10-27 11:13:51,507] {processor.py:153} INFO - Started process (PID=6411) to work on /home/airflow/.local/lib/python3.7/site-packages/airflow/example_dags/example_sla_dag.py
[2022-10-27 11:13:51,517] {processor.py:641} INFO - Processing file /home/airflow/.local/lib/python3.7/site-packages/airflow/example_dags/example_sla_dag.py for tasks to queue
[2022-10-27 11:13:51,531] {logging_mixin.py:115} INFO - [2022-10-27 11:13:51,531] {dagbag.py:507} INFO - Filling up the DagBag from /home/airflow/.local/lib/python3.7/site-packages/airflow/example_dags/example_sla_dag.py
[2022-10-27 11:13:51,682] {processor.py:651} INFO - DAG(s) dict_keys(['example_sla_dag']) retrieved from /home/airflow/.local/lib/python3.7/site-packages/airflow/example_dags/example_sla_dag.py
[2022-10-27 11:13:51,882] {logging_mixin.py:115} INFO - [2022-10-27 11:13:51,882] {dag.py:2371} INFO - Sync 1 DAGs
[2022-10-27 11:13:52,162] {logging_mixin.py:115} INFO - [2022-10-27 11:13:52,162] {dag.py:2919} INFO - Setting next_dagrun for example_sla_dag to 2022-10-27T11:10:00+00:00, run_after=2022-10-27T11:12:00+00:00
[2022-10-27 11:13:52,410] {processor.py:161} INFO - Processing /home/airflow/.local/lib/python3.7/site-packages/airflow/example_dags/example_sla_dag.py took 0.912 seconds
[2022-10-27 11:14:24,545] {processor.py:153} INFO - Started process (PID=6465) to work on /home/airflow/.local/lib/python3.7/site-packages/airflow/example_dags/example_sla_dag.py
[2022-10-27 11:14:24,622] {processor.py:641} INFO - Processing file /home/airflow/.local/lib/python3.7/site-packages/airflow/example_dags/example_sla_dag.py for tasks to queue
[2022-10-27 11:14:24,657] {logging_mixin.py:115} INFO - [2022-10-27 11:14:24,656] {dagbag.py:507} INFO - Filling up the DagBag from /home/airflow/.local/lib/python3.7/site-packages/airflow/example_dags/example_sla_dag.py
[2022-10-27 11:14:25,118] {processor.py:651} INFO - DAG(s) dict_keys(['example_sla_dag']) retrieved from /home/airflow/.local/lib/python3.7/site-packages/airflow/example_dags/example_sla_dag.py
[2022-10-27 11:14:25,773] {logging_mixin.py:115} INFO - [2022-10-27 11:14:25,773] {dag.py:2371} INFO - Sync 1 DAGs
[2022-10-27 11:14:26,312] {logging_mixin.py:115} INFO - [2022-10-27 11:14:26,312] {dag.py:2919} INFO - Setting next_dagrun for example_sla_dag to 2022-10-27T11:12:00+00:00, run_after=2022-10-27T11:14:00+00:00
[2022-10-27 11:14:26,640] {processor.py:161} INFO - Processing /home/airflow/.local/lib/python3.7/site-packages/airflow/example_dags/example_sla_dag.py took 2.117 seconds
[2022-10-27 11:14:57,310] {processor.py:153} INFO - Started process (PID=6518) to work on /home/airflow/.local/lib/python3.7/site-packages/airflow/example_dags/example_sla_dag.py
[2022-10-27 11:14:57,311] {processor.py:641} INFO - Processing file /home/airflow/.local/lib/python3.7/site-packages/airflow/example_dags/example_sla_dag.py for tasks to queue
[2022-10-27 11:14:57,313] {logging_mixin.py:115} INFO - [2022-10-27 11:14:57,313] {dagbag.py:507} INFO - Filling up the DagBag from /home/airflow/.local/lib/python3.7/site-packages/airflow/example_dags/example_sla_dag.py
[2022-10-27 11:14:57,356] {processor.py:651} INFO - DAG(s) dict_keys(['example_sla_dag']) retrieved from /home/airflow/.local/lib/python3.7/site-packages/airflow/example_dags/example_sla_dag.py
[2022-10-27 11:14:57,420] {logging_mixin.py:115} INFO - [2022-10-27 11:14:57,420] {dag.py:2371} INFO - Sync 1 DAGs
[2022-10-27 11:14:57,474] {logging_mixin.py:115} INFO - [2022-10-27 11:14:57,474] {dag.py:2919} INFO - Setting next_dagrun for example_sla_dag to 2022-10-27T11:12:00+00:00, run_after=2022-10-27T11:14:00+00:00
[2022-10-27 11:14:57,509] {processor.py:161} INFO - Processing /home/airflow/.local/lib/python3.7/site-packages/airflow/example_dags/example_sla_dag.py took 0.207 seconds
[2022-10-27 11:15:28,231] {processor.py:153} INFO - Started process (PID=6572) to work on /home/airflow/.local/lib/python3.7/site-packages/airflow/example_dags/example_sla_dag.py
[2022-10-27 11:15:28,233] {processor.py:641} INFO - Processing file /home/airflow/.local/lib/python3.7/site-packages/airflow/example_dags/example_sla_dag.py for tasks to queue
[2022-10-27 11:15:28,235] {logging_mixin.py:115} INFO - [2022-10-27 11:15:28,234] {dagbag.py:507} INFO - Filling up the DagBag from /home/airflow/.local/lib/python3.7/site-packages/airflow/example_dags/example_sla_dag.py
[2022-10-27 11:15:28,284] {processor.py:651} INFO - DAG(s) dict_keys(['example_sla_dag']) retrieved from /home/airflow/.local/lib/python3.7/site-packages/airflow/example_dags/example_sla_dag.py
[2022-10-27 11:15:28,386] {logging_mixin.py:115} INFO - [2022-10-27 11:15:28,385] {dag.py:2371} INFO - Sync 1 DAGs
[2022-10-27 11:15:28,522] {logging_mixin.py:115} INFO - [2022-10-27 11:15:28,522] {dag.py:2919} INFO - Setting next_dagrun for example_sla_dag to 2022-10-27T11:12:00+00:00, run_after=2022-10-27T11:14:00+00:00
[2022-10-27 11:15:28,560] {processor.py:161} INFO - Processing /home/airflow/.local/lib/python3.7/site-packages/airflow/example_dags/example_sla_dag.py took 0.338 seconds
[2022-10-27 11:15:58,904] {processor.py:153} INFO - Started process (PID=6624) to work on /home/airflow/.local/lib/python3.7/site-packages/airflow/example_dags/example_sla_dag.py
[2022-10-27 11:15:58,905] {processor.py:641} INFO - Processing file /home/airflow/.local/lib/python3.7/site-packages/airflow/example_dags/example_sla_dag.py for tasks to queue
[2022-10-27 11:15:58,907] {logging_mixin.py:115} INFO - [2022-10-27 11:15:58,907] {dagbag.py:507} INFO - Filling up the DagBag from /home/airflow/.local/lib/python3.7/site-packages/airflow/example_dags/example_sla_dag.py
[2022-10-27 11:15:58,942] {processor.py:651} INFO - DAG(s) dict_keys(['example_sla_dag']) retrieved from /home/airflow/.local/lib/python3.7/site-packages/airflow/example_dags/example_sla_dag.py
[2022-10-27 11:15:59,015] {logging_mixin.py:115} INFO - [2022-10-27 11:15:59,015] {dag.py:2371} INFO - Sync 1 DAGs
[2022-10-27 11:15:59,084] {logging_mixin.py:115} INFO - [2022-10-27 11:15:59,084] {dag.py:2919} INFO - Setting next_dagrun for example_sla_dag to 2022-10-27T11:12:00+00:00, run_after=2022-10-27T11:14:00+00:00
[2022-10-27 11:15:59,120] {processor.py:161} INFO - Processing /home/airflow/.local/lib/python3.7/site-packages/airflow/example_dags/example_sla_dag.py took 0.223 seconds
[2022-10-27 11:16:29,762] {processor.py:153} INFO - Started process (PID=6686) to work on /home/airflow/.local/lib/python3.7/site-packages/airflow/example_dags/example_sla_dag.py
[2022-10-27 11:16:29,764] {processor.py:641} INFO - Processing file /home/airflow/.local/lib/python3.7/site-packages/airflow/example_dags/example_sla_dag.py for tasks to queue
[2022-10-27 11:16:29,772] {logging_mixin.py:115} INFO - [2022-10-27 11:16:29,771] {dagbag.py:507} INFO - Filling up the DagBag from /home/airflow/.local/lib/python3.7/site-packages/airflow/example_dags/example_sla_dag.py
[2022-10-27 11:16:29,922] {processor.py:651} INFO - DAG(s) dict_keys(['example_sla_dag']) retrieved from /home/airflow/.local/lib/python3.7/site-packages/airflow/example_dags/example_sla_dag.py
[2022-10-27 11:16:30,097] {logging_mixin.py:115} INFO - [2022-10-27 11:16:30,097] {dag.py:2371} INFO - Sync 1 DAGs
[2022-10-27 11:16:30,300] {logging_mixin.py:115} INFO - [2022-10-27 11:16:30,299] {dag.py:2919} INFO - Setting next_dagrun for example_sla_dag to 2022-10-27T11:14:00+00:00, run_after=2022-10-27T11:16:00+00:00
[2022-10-27 11:16:30,378] {processor.py:161} INFO - Processing /home/airflow/.local/lib/python3.7/site-packages/airflow/example_dags/example_sla_dag.py took 0.637 seconds
[2022-10-27 11:17:00,830] {processor.py:153} INFO - Started process (PID=6730) to work on /home/airflow/.local/lib/python3.7/site-packages/airflow/example_dags/example_sla_dag.py
[2022-10-27 11:17:00,843] {processor.py:641} INFO - Processing file /home/airflow/.local/lib/python3.7/site-packages/airflow/example_dags/example_sla_dag.py for tasks to queue
[2022-10-27 11:17:00,845] {logging_mixin.py:115} INFO - [2022-10-27 11:17:00,844] {dagbag.py:507} INFO - Filling up the DagBag from /home/airflow/.local/lib/python3.7/site-packages/airflow/example_dags/example_sla_dag.py
[2022-10-27 11:17:01,031] {processor.py:651} INFO - DAG(s) dict_keys(['example_sla_dag']) retrieved from /home/airflow/.local/lib/python3.7/site-packages/airflow/example_dags/example_sla_dag.py
[2022-10-27 11:17:01,285] {logging_mixin.py:115} INFO - [2022-10-27 11:17:01,285] {dag.py:2371} INFO - Sync 1 DAGs
[2022-10-27 11:17:01,547] {logging_mixin.py:115} INFO - [2022-10-27 11:17:01,547] {dag.py:2919} INFO - Setting next_dagrun for example_sla_dag to 2022-10-27T11:14:00+00:00, run_after=2022-10-27T11:16:00+00:00
[2022-10-27 11:17:01,630] {processor.py:161} INFO - Processing /home/airflow/.local/lib/python3.7/site-packages/airflow/example_dags/example_sla_dag.py took 0.815 seconds
[2022-10-27 11:17:31,983] {processor.py:153} INFO - Started process (PID=6783) to work on /home/airflow/.local/lib/python3.7/site-packages/airflow/example_dags/example_sla_dag.py
[2022-10-27 11:17:31,984] {processor.py:641} INFO - Processing file /home/airflow/.local/lib/python3.7/site-packages/airflow/example_dags/example_sla_dag.py for tasks to queue
[2022-10-27 11:17:31,987] {logging_mixin.py:115} INFO - [2022-10-27 11:17:31,987] {dagbag.py:507} INFO - Filling up the DagBag from /home/airflow/.local/lib/python3.7/site-packages/airflow/example_dags/example_sla_dag.py
[2022-10-27 11:17:32,025] {processor.py:651} INFO - DAG(s) dict_keys(['example_sla_dag']) retrieved from /home/airflow/.local/lib/python3.7/site-packages/airflow/example_dags/example_sla_dag.py
[2022-10-27 11:17:32,096] {logging_mixin.py:115} INFO - [2022-10-27 11:17:32,096] {dag.py:2371} INFO - Sync 1 DAGs
[2022-10-27 11:17:32,157] {logging_mixin.py:115} INFO - [2022-10-27 11:17:32,157] {dag.py:2919} INFO - Setting next_dagrun for example_sla_dag to 2022-10-27T11:14:00+00:00, run_after=2022-10-27T11:16:00+00:00
[2022-10-27 11:17:32,196] {processor.py:161} INFO - Processing /home/airflow/.local/lib/python3.7/site-packages/airflow/example_dags/example_sla_dag.py took 0.226 seconds
[2022-10-27 11:18:02,769] {processor.py:153} INFO - Started process (PID=6837) to work on /home/airflow/.local/lib/python3.7/site-packages/airflow/example_dags/example_sla_dag.py
[2022-10-27 11:18:02,770] {processor.py:641} INFO - Processing file /home/airflow/.local/lib/python3.7/site-packages/airflow/example_dags/example_sla_dag.py for tasks to queue
[2022-10-27 11:18:02,772] {logging_mixin.py:115} INFO - [2022-10-27 11:18:02,771] {dagbag.py:507} INFO - Filling up the DagBag from /home/airflow/.local/lib/python3.7/site-packages/airflow/example_dags/example_sla_dag.py
[2022-10-27 11:18:02,833] {processor.py:651} INFO - DAG(s) dict_keys(['example_sla_dag']) retrieved from /home/airflow/.local/lib/python3.7/site-packages/airflow/example_dags/example_sla_dag.py
[2022-10-27 11:18:02,949] {logging_mixin.py:115} INFO - [2022-10-27 11:18:02,948] {dag.py:2371} INFO - Sync 1 DAGs
[2022-10-27 11:18:03,082] {logging_mixin.py:115} INFO - [2022-10-27 11:18:03,082] {dag.py:2919} INFO - Setting next_dagrun for example_sla_dag to 2022-10-27T11:16:00+00:00, run_after=2022-10-27T11:18:00+00:00
[2022-10-27 11:18:03,162] {processor.py:161} INFO - Processing /home/airflow/.local/lib/python3.7/site-packages/airflow/example_dags/example_sla_dag.py took 0.400 seconds
[2022-10-27 11:18:33,406] {processor.py:153} INFO - Started process (PID=6897) to work on /home/airflow/.local/lib/python3.7/site-packages/airflow/example_dags/example_sla_dag.py
[2022-10-27 11:18:33,418] {processor.py:641} INFO - Processing file /home/airflow/.local/lib/python3.7/site-packages/airflow/example_dags/example_sla_dag.py for tasks to queue
[2022-10-27 11:18:33,428] {logging_mixin.py:115} INFO - [2022-10-27 11:18:33,428] {dagbag.py:507} INFO - Filling up the DagBag from /home/airflow/.local/lib/python3.7/site-packages/airflow/example_dags/example_sla_dag.py
[2022-10-27 11:18:33,583] {processor.py:651} INFO - DAG(s) dict_keys(['example_sla_dag']) retrieved from /home/airflow/.local/lib/python3.7/site-packages/airflow/example_dags/example_sla_dag.py
[2022-10-27 11:18:33,731] {logging_mixin.py:115} INFO - [2022-10-27 11:18:33,730] {dag.py:2371} INFO - Sync 1 DAGs
[2022-10-27 11:18:33,846] {logging_mixin.py:115} INFO - [2022-10-27 11:18:33,846] {dag.py:2919} INFO - Setting next_dagrun for example_sla_dag to 2022-10-27T11:16:00+00:00, run_after=2022-10-27T11:18:00+00:00
[2022-10-27 11:18:33,886] {processor.py:161} INFO - Processing /home/airflow/.local/lib/python3.7/site-packages/airflow/example_dags/example_sla_dag.py took 0.502 seconds
[2022-10-27 11:19:04,113] {processor.py:153} INFO - Started process (PID=6952) to work on /home/airflow/.local/lib/python3.7/site-packages/airflow/example_dags/example_sla_dag.py
[2022-10-27 11:19:04,115] {processor.py:641} INFO - Processing file /home/airflow/.local/lib/python3.7/site-packages/airflow/example_dags/example_sla_dag.py for tasks to queue
[2022-10-27 11:19:04,117] {logging_mixin.py:115} INFO - [2022-10-27 11:19:04,117] {dagbag.py:507} INFO - Filling up the DagBag from /home/airflow/.local/lib/python3.7/site-packages/airflow/example_dags/example_sla_dag.py
[2022-10-27 11:19:04,196] {processor.py:651} INFO - DAG(s) dict_keys(['example_sla_dag']) retrieved from /home/airflow/.local/lib/python3.7/site-packages/airflow/example_dags/example_sla_dag.py
[2022-10-27 11:19:04,260] {logging_mixin.py:115} INFO - [2022-10-27 11:19:04,260] {dag.py:2371} INFO - Sync 1 DAGs
[2022-10-27 11:19:04,332] {logging_mixin.py:115} INFO - [2022-10-27 11:19:04,332] {dag.py:2919} INFO - Setting next_dagrun for example_sla_dag to 2022-10-27T11:16:00+00:00, run_after=2022-10-27T11:18:00+00:00
[2022-10-27 11:19:04,393] {processor.py:161} INFO - Processing /home/airflow/.local/lib/python3.7/site-packages/airflow/example_dags/example_sla_dag.py took 0.288 seconds
[2022-10-27 11:19:34,968] {processor.py:153} INFO - Started process (PID=7007) to work on /home/airflow/.local/lib/python3.7/site-packages/airflow/example_dags/example_sla_dag.py
[2022-10-27 11:19:34,971] {processor.py:641} INFO - Processing file /home/airflow/.local/lib/python3.7/site-packages/airflow/example_dags/example_sla_dag.py for tasks to queue
[2022-10-27 11:19:34,973] {logging_mixin.py:115} INFO - [2022-10-27 11:19:34,972] {dagbag.py:507} INFO - Filling up the DagBag from /home/airflow/.local/lib/python3.7/site-packages/airflow/example_dags/example_sla_dag.py
[2022-10-27 11:19:35,062] {processor.py:651} INFO - DAG(s) dict_keys(['example_sla_dag']) retrieved from /home/airflow/.local/lib/python3.7/site-packages/airflow/example_dags/example_sla_dag.py
[2022-10-27 11:19:35,205] {logging_mixin.py:115} INFO - [2022-10-27 11:19:35,205] {dag.py:2371} INFO - Sync 1 DAGs
[2022-10-27 11:19:35,324] {logging_mixin.py:115} INFO - [2022-10-27 11:19:35,324] {dag.py:2919} INFO - Setting next_dagrun for example_sla_dag to 2022-10-27T11:16:00+00:00, run_after=2022-10-27T11:18:00+00:00
[2022-10-27 11:19:35,395] {processor.py:161} INFO - Processing /home/airflow/.local/lib/python3.7/site-packages/airflow/example_dags/example_sla_dag.py took 0.446 seconds
[2022-10-27 11:20:05,570] {processor.py:153} INFO - Started process (PID=7060) to work on /home/airflow/.local/lib/python3.7/site-packages/airflow/example_dags/example_sla_dag.py
[2022-10-27 11:20:05,572] {processor.py:641} INFO - Processing file /home/airflow/.local/lib/python3.7/site-packages/airflow/example_dags/example_sla_dag.py for tasks to queue
[2022-10-27 11:20:05,573] {logging_mixin.py:115} INFO - [2022-10-27 11:20:05,573] {dagbag.py:507} INFO - Filling up the DagBag from /home/airflow/.local/lib/python3.7/site-packages/airflow/example_dags/example_sla_dag.py
[2022-10-27 11:20:05,624] {processor.py:651} INFO - DAG(s) dict_keys(['example_sla_dag']) retrieved from /home/airflow/.local/lib/python3.7/site-packages/airflow/example_dags/example_sla_dag.py
[2022-10-27 11:20:05,689] {logging_mixin.py:115} INFO - [2022-10-27 11:20:05,689] {dag.py:2371} INFO - Sync 1 DAGs
[2022-10-27 11:20:05,764] {logging_mixin.py:115} INFO - [2022-10-27 11:20:05,763] {dag.py:2919} INFO - Setting next_dagrun for example_sla_dag to 2022-10-27T11:18:00+00:00, run_after=2022-10-27T11:20:00+00:00
[2022-10-27 11:20:05,800] {processor.py:161} INFO - Processing /home/airflow/.local/lib/python3.7/site-packages/airflow/example_dags/example_sla_dag.py took 0.237 seconds
[2022-10-27 11:20:36,606] {processor.py:153} INFO - Started process (PID=7115) to work on /home/airflow/.local/lib/python3.7/site-packages/airflow/example_dags/example_sla_dag.py
[2022-10-27 11:20:36,607] {processor.py:641} INFO - Processing file /home/airflow/.local/lib/python3.7/site-packages/airflow/example_dags/example_sla_dag.py for tasks to queue
[2022-10-27 11:20:36,608] {logging_mixin.py:115} INFO - [2022-10-27 11:20:36,608] {dagbag.py:507} INFO - Filling up the DagBag from /home/airflow/.local/lib/python3.7/site-packages/airflow/example_dags/example_sla_dag.py
[2022-10-27 11:20:36,644] {processor.py:651} INFO - DAG(s) dict_keys(['example_sla_dag']) retrieved from /home/airflow/.local/lib/python3.7/site-packages/airflow/example_dags/example_sla_dag.py
[2022-10-27 11:20:36,694] {logging_mixin.py:115} INFO - [2022-10-27 11:20:36,694] {dag.py:2371} INFO - Sync 1 DAGs
[2022-10-27 11:20:36,747] {logging_mixin.py:115} INFO - [2022-10-27 11:20:36,746] {dag.py:2919} INFO - Setting next_dagrun for example_sla_dag to 2022-10-27T11:18:00+00:00, run_after=2022-10-27T11:20:00+00:00
[2022-10-27 11:20:36,769] {processor.py:161} INFO - Processing /home/airflow/.local/lib/python3.7/site-packages/airflow/example_dags/example_sla_dag.py took 0.169 seconds
[2022-10-27 11:21:07,508] {processor.py:153} INFO - Started process (PID=7168) to work on /home/airflow/.local/lib/python3.7/site-packages/airflow/example_dags/example_sla_dag.py
[2022-10-27 11:21:07,509] {processor.py:641} INFO - Processing file /home/airflow/.local/lib/python3.7/site-packages/airflow/example_dags/example_sla_dag.py for tasks to queue
[2022-10-27 11:21:07,511] {logging_mixin.py:115} INFO - [2022-10-27 11:21:07,511] {dagbag.py:507} INFO - Filling up the DagBag from /home/airflow/.local/lib/python3.7/site-packages/airflow/example_dags/example_sla_dag.py
[2022-10-27 11:21:07,548] {processor.py:651} INFO - DAG(s) dict_keys(['example_sla_dag']) retrieved from /home/airflow/.local/lib/python3.7/site-packages/airflow/example_dags/example_sla_dag.py
[2022-10-27 11:21:07,594] {logging_mixin.py:115} INFO - [2022-10-27 11:21:07,594] {dag.py:2371} INFO - Sync 1 DAGs
[2022-10-27 11:21:07,639] {logging_mixin.py:115} INFO - [2022-10-27 11:21:07,639] {dag.py:2919} INFO - Setting next_dagrun for example_sla_dag to 2022-10-27T11:18:00+00:00, run_after=2022-10-27T11:20:00+00:00
[2022-10-27 11:21:07,664] {processor.py:161} INFO - Processing /home/airflow/.local/lib/python3.7/site-packages/airflow/example_dags/example_sla_dag.py took 0.161 seconds
[2022-10-27 11:21:38,060] {processor.py:153} INFO - Started process (PID=7222) to work on /home/airflow/.local/lib/python3.7/site-packages/airflow/example_dags/example_sla_dag.py
[2022-10-27 11:21:38,062] {processor.py:641} INFO - Processing file /home/airflow/.local/lib/python3.7/site-packages/airflow/example_dags/example_sla_dag.py for tasks to queue
[2022-10-27 11:21:38,063] {logging_mixin.py:115} INFO - [2022-10-27 11:21:38,063] {dagbag.py:507} INFO - Filling up the DagBag from /home/airflow/.local/lib/python3.7/site-packages/airflow/example_dags/example_sla_dag.py
[2022-10-27 11:21:38,102] {processor.py:651} INFO - DAG(s) dict_keys(['example_sla_dag']) retrieved from /home/airflow/.local/lib/python3.7/site-packages/airflow/example_dags/example_sla_dag.py
[2022-10-27 11:21:38,177] {logging_mixin.py:115} INFO - [2022-10-27 11:21:38,177] {dag.py:2371} INFO - Sync 1 DAGs
[2022-10-27 11:21:38,273] {logging_mixin.py:115} INFO - [2022-10-27 11:21:38,273] {dag.py:2919} INFO - Setting next_dagrun for example_sla_dag to 2022-10-27T11:18:00+00:00, run_after=2022-10-27T11:20:00+00:00
[2022-10-27 11:21:38,314] {processor.py:161} INFO - Processing /home/airflow/.local/lib/python3.7/site-packages/airflow/example_dags/example_sla_dag.py took 0.263 seconds
[2022-10-27 11:22:08,601] {processor.py:153} INFO - Started process (PID=7275) to work on /home/airflow/.local/lib/python3.7/site-packages/airflow/example_dags/example_sla_dag.py
[2022-10-27 11:22:08,603] {processor.py:641} INFO - Processing file /home/airflow/.local/lib/python3.7/site-packages/airflow/example_dags/example_sla_dag.py for tasks to queue
[2022-10-27 11:22:08,611] {logging_mixin.py:115} INFO - [2022-10-27 11:22:08,611] {dagbag.py:507} INFO - Filling up the DagBag from /home/airflow/.local/lib/python3.7/site-packages/airflow/example_dags/example_sla_dag.py
[2022-10-27 11:22:08,657] {processor.py:651} INFO - DAG(s) dict_keys(['example_sla_dag']) retrieved from /home/airflow/.local/lib/python3.7/site-packages/airflow/example_dags/example_sla_dag.py
[2022-10-27 11:22:08,715] {logging_mixin.py:115} INFO - [2022-10-27 11:22:08,715] {dag.py:2371} INFO - Sync 1 DAGs
[2022-10-27 11:22:08,781] {logging_mixin.py:115} INFO - [2022-10-27 11:22:08,780] {dag.py:2919} INFO - Setting next_dagrun for example_sla_dag to 2022-10-27T11:20:00+00:00, run_after=2022-10-27T11:22:00+00:00
[2022-10-27 11:22:08,816] {processor.py:161} INFO - Processing /home/airflow/.local/lib/python3.7/site-packages/airflow/example_dags/example_sla_dag.py took 0.224 seconds
[2022-10-27 11:22:39,112] {processor.py:153} INFO - Started process (PID=7337) to work on /home/airflow/.local/lib/python3.7/site-packages/airflow/example_dags/example_sla_dag.py
[2022-10-27 11:22:39,113] {processor.py:641} INFO - Processing file /home/airflow/.local/lib/python3.7/site-packages/airflow/example_dags/example_sla_dag.py for tasks to queue
[2022-10-27 11:22:39,114] {logging_mixin.py:115} INFO - [2022-10-27 11:22:39,114] {dagbag.py:507} INFO - Filling up the DagBag from /home/airflow/.local/lib/python3.7/site-packages/airflow/example_dags/example_sla_dag.py
[2022-10-27 11:22:39,152] {processor.py:651} INFO - DAG(s) dict_keys(['example_sla_dag']) retrieved from /home/airflow/.local/lib/python3.7/site-packages/airflow/example_dags/example_sla_dag.py
[2022-10-27 11:22:39,208] {logging_mixin.py:115} INFO - [2022-10-27 11:22:39,208] {dag.py:2371} INFO - Sync 1 DAGs
[2022-10-27 11:22:39,265] {logging_mixin.py:115} INFO - [2022-10-27 11:22:39,264] {dag.py:2919} INFO - Setting next_dagrun for example_sla_dag to 2022-10-27T11:20:00+00:00, run_after=2022-10-27T11:22:00+00:00
[2022-10-27 11:22:39,293] {processor.py:161} INFO - Processing /home/airflow/.local/lib/python3.7/site-packages/airflow/example_dags/example_sla_dag.py took 0.185 seconds
[2022-10-27 11:23:10,145] {processor.py:153} INFO - Started process (PID=7391) to work on /home/airflow/.local/lib/python3.7/site-packages/airflow/example_dags/example_sla_dag.py
[2022-10-27 11:23:10,146] {processor.py:641} INFO - Processing file /home/airflow/.local/lib/python3.7/site-packages/airflow/example_dags/example_sla_dag.py for tasks to queue
[2022-10-27 11:23:10,151] {logging_mixin.py:115} INFO - [2022-10-27 11:23:10,151] {dagbag.py:507} INFO - Filling up the DagBag from /home/airflow/.local/lib/python3.7/site-packages/airflow/example_dags/example_sla_dag.py
[2022-10-27 11:23:10,219] {processor.py:651} INFO - DAG(s) dict_keys(['example_sla_dag']) retrieved from /home/airflow/.local/lib/python3.7/site-packages/airflow/example_dags/example_sla_dag.py
[2022-10-27 11:23:10,314] {logging_mixin.py:115} INFO - [2022-10-27 11:23:10,314] {dag.py:2371} INFO - Sync 1 DAGs
[2022-10-27 11:23:10,393] {logging_mixin.py:115} INFO - [2022-10-27 11:23:10,393] {dag.py:2919} INFO - Setting next_dagrun for example_sla_dag to 2022-10-27T11:20:00+00:00, run_after=2022-10-27T11:22:00+00:00
[2022-10-27 11:23:10,429] {processor.py:161} INFO - Processing /home/airflow/.local/lib/python3.7/site-packages/airflow/example_dags/example_sla_dag.py took 0.294 seconds
[2022-10-27 11:23:40,984] {processor.py:153} INFO - Started process (PID=7444) to work on /home/airflow/.local/lib/python3.7/site-packages/airflow/example_dags/example_sla_dag.py
[2022-10-27 11:23:40,985] {processor.py:641} INFO - Processing file /home/airflow/.local/lib/python3.7/site-packages/airflow/example_dags/example_sla_dag.py for tasks to queue
[2022-10-27 11:23:40,987] {logging_mixin.py:115} INFO - [2022-10-27 11:23:40,987] {dagbag.py:507} INFO - Filling up the DagBag from /home/airflow/.local/lib/python3.7/site-packages/airflow/example_dags/example_sla_dag.py
[2022-10-27 11:23:41,027] {processor.py:651} INFO - DAG(s) dict_keys(['example_sla_dag']) retrieved from /home/airflow/.local/lib/python3.7/site-packages/airflow/example_dags/example_sla_dag.py
[2022-10-27 11:23:41,120] {logging_mixin.py:115} INFO - [2022-10-27 11:23:41,120] {dag.py:2371} INFO - Sync 1 DAGs
[2022-10-27 11:23:41,267] {logging_mixin.py:115} INFO - [2022-10-27 11:23:41,267] {dag.py:2919} INFO - Setting next_dagrun for example_sla_dag to 2022-10-27T11:20:00+00:00, run_after=2022-10-27T11:22:00+00:00
[2022-10-27 11:23:41,368] {processor.py:161} INFO - Processing /home/airflow/.local/lib/python3.7/site-packages/airflow/example_dags/example_sla_dag.py took 0.399 seconds
