[2022-10-27 11:01:52,673] {processor.py:153} INFO - Started process (PID=5248) to work on /home/airflow/.local/lib/python3.7/site-packages/airflow/example_dags/example_short_circuit_operator.py
[2022-10-27 11:01:52,687] {processor.py:641} INFO - Processing file /home/airflow/.local/lib/python3.7/site-packages/airflow/example_dags/example_short_circuit_operator.py for tasks to queue
[2022-10-27 11:01:52,689] {logging_mixin.py:115} INFO - [2022-10-27 11:01:52,689] {dagbag.py:507} INFO - Filling up the DagBag from /home/airflow/.local/lib/python3.7/site-packages/airflow/example_dags/example_short_circuit_operator.py
[2022-10-27 11:01:53,095] {processor.py:651} INFO - DAG(s) dict_keys(['example_short_circuit_operator']) retrieved from /home/airflow/.local/lib/python3.7/site-packages/airflow/example_dags/example_short_circuit_operator.py
[2022-10-27 11:01:55,998] {logging_mixin.py:115} INFO - [2022-10-27 11:01:55,998] {dag.py:2371} INFO - Sync 1 DAGs
[2022-10-27 11:01:56,899] {logging_mixin.py:115} INFO - [2022-10-27 11:01:56,899] {dag.py:2919} INFO - Setting next_dagrun for example_short_circuit_operator to 2022-10-26T11:01:56.896191+00:00, run_after=2022-10-27T11:01:56.896191+00:00
[2022-10-27 11:01:57,393] {processor.py:161} INFO - Processing /home/airflow/.local/lib/python3.7/site-packages/airflow/example_dags/example_short_circuit_operator.py took 4.782 seconds
[2022-10-27 11:02:32,362] {processor.py:153} INFO - Started process (PID=5300) to work on /home/airflow/.local/lib/python3.7/site-packages/airflow/example_dags/example_short_circuit_operator.py
[2022-10-27 11:02:32,376] {processor.py:641} INFO - Processing file /home/airflow/.local/lib/python3.7/site-packages/airflow/example_dags/example_short_circuit_operator.py for tasks to queue
[2022-10-27 11:02:32,380] {logging_mixin.py:115} INFO - [2022-10-27 11:02:32,379] {dagbag.py:507} INFO - Filling up the DagBag from /home/airflow/.local/lib/python3.7/site-packages/airflow/example_dags/example_short_circuit_operator.py
[2022-10-27 11:02:32,443] {processor.py:651} INFO - DAG(s) dict_keys(['example_short_circuit_operator']) retrieved from /home/airflow/.local/lib/python3.7/site-packages/airflow/example_dags/example_short_circuit_operator.py
[2022-10-27 11:02:32,538] {logging_mixin.py:115} INFO - [2022-10-27 11:02:32,537] {dag.py:2371} INFO - Sync 1 DAGs
[2022-10-27 11:02:32,608] {logging_mixin.py:115} INFO - [2022-10-27 11:02:32,608] {dag.py:2919} INFO - Setting next_dagrun for example_short_circuit_operator to 2022-10-26T11:02:32.608005+00:00, run_after=2022-10-27T11:02:32.608005+00:00
[2022-10-27 11:02:32,669] {processor.py:161} INFO - Processing /home/airflow/.local/lib/python3.7/site-packages/airflow/example_dags/example_short_circuit_operator.py took 0.316 seconds
[2022-10-27 11:03:02,788] {processor.py:153} INFO - Started process (PID=5352) to work on /home/airflow/.local/lib/python3.7/site-packages/airflow/example_dags/example_short_circuit_operator.py
[2022-10-27 11:03:02,792] {processor.py:641} INFO - Processing file /home/airflow/.local/lib/python3.7/site-packages/airflow/example_dags/example_short_circuit_operator.py for tasks to queue
[2022-10-27 11:03:02,793] {logging_mixin.py:115} INFO - [2022-10-27 11:03:02,793] {dagbag.py:507} INFO - Filling up the DagBag from /home/airflow/.local/lib/python3.7/site-packages/airflow/example_dags/example_short_circuit_operator.py
[2022-10-27 11:03:02,819] {processor.py:651} INFO - DAG(s) dict_keys(['example_short_circuit_operator']) retrieved from /home/airflow/.local/lib/python3.7/site-packages/airflow/example_dags/example_short_circuit_operator.py
[2022-10-27 11:03:02,904] {logging_mixin.py:115} INFO - [2022-10-27 11:03:02,903] {dag.py:2371} INFO - Sync 1 DAGs
[2022-10-27 11:03:02,980] {logging_mixin.py:115} INFO - [2022-10-27 11:03:02,979] {dag.py:2919} INFO - Setting next_dagrun for example_short_circuit_operator to 2022-10-26T11:03:02.979408+00:00, run_after=2022-10-27T11:03:02.979408+00:00
[2022-10-27 11:03:03,015] {processor.py:161} INFO - Processing /home/airflow/.local/lib/python3.7/site-packages/airflow/example_dags/example_short_circuit_operator.py took 0.241 seconds
[2022-10-27 11:03:33,218] {processor.py:153} INFO - Started process (PID=5409) to work on /home/airflow/.local/lib/python3.7/site-packages/airflow/example_dags/example_short_circuit_operator.py
[2022-10-27 11:03:33,227] {processor.py:641} INFO - Processing file /home/airflow/.local/lib/python3.7/site-packages/airflow/example_dags/example_short_circuit_operator.py for tasks to queue
[2022-10-27 11:03:33,231] {logging_mixin.py:115} INFO - [2022-10-27 11:03:33,230] {dagbag.py:507} INFO - Filling up the DagBag from /home/airflow/.local/lib/python3.7/site-packages/airflow/example_dags/example_short_circuit_operator.py
[2022-10-27 11:03:33,303] {processor.py:651} INFO - DAG(s) dict_keys(['example_short_circuit_operator']) retrieved from /home/airflow/.local/lib/python3.7/site-packages/airflow/example_dags/example_short_circuit_operator.py
[2022-10-27 11:03:33,437] {logging_mixin.py:115} INFO - [2022-10-27 11:03:33,436] {dag.py:2371} INFO - Sync 1 DAGs
[2022-10-27 11:03:33,583] {logging_mixin.py:115} INFO - [2022-10-27 11:03:33,583] {dag.py:2919} INFO - Setting next_dagrun for example_short_circuit_operator to 2022-10-26T11:03:33.583048+00:00, run_after=2022-10-27T11:03:33.583048+00:00
[2022-10-27 11:03:33,652] {processor.py:161} INFO - Processing /home/airflow/.local/lib/python3.7/site-packages/airflow/example_dags/example_short_circuit_operator.py took 0.469 seconds
[2022-10-27 11:04:03,719] {processor.py:153} INFO - Started process (PID=5463) to work on /home/airflow/.local/lib/python3.7/site-packages/airflow/example_dags/example_short_circuit_operator.py
[2022-10-27 11:04:03,720] {processor.py:641} INFO - Processing file /home/airflow/.local/lib/python3.7/site-packages/airflow/example_dags/example_short_circuit_operator.py for tasks to queue
[2022-10-27 11:04:03,722] {logging_mixin.py:115} INFO - [2022-10-27 11:04:03,722] {dagbag.py:507} INFO - Filling up the DagBag from /home/airflow/.local/lib/python3.7/site-packages/airflow/example_dags/example_short_circuit_operator.py
[2022-10-27 11:04:03,740] {processor.py:651} INFO - DAG(s) dict_keys(['example_short_circuit_operator']) retrieved from /home/airflow/.local/lib/python3.7/site-packages/airflow/example_dags/example_short_circuit_operator.py
[2022-10-27 11:04:03,783] {logging_mixin.py:115} INFO - [2022-10-27 11:04:03,783] {dag.py:2371} INFO - Sync 1 DAGs
[2022-10-27 11:04:03,816] {logging_mixin.py:115} INFO - [2022-10-27 11:04:03,816] {dag.py:2919} INFO - Setting next_dagrun for example_short_circuit_operator to 2022-10-26T11:04:03.815786+00:00, run_after=2022-10-27T11:04:03.815786+00:00
[2022-10-27 11:04:03,838] {processor.py:161} INFO - Processing /home/airflow/.local/lib/python3.7/site-packages/airflow/example_dags/example_short_circuit_operator.py took 0.124 seconds
[2022-10-27 11:04:34,990] {processor.py:153} INFO - Started process (PID=5513) to work on /home/airflow/.local/lib/python3.7/site-packages/airflow/example_dags/example_short_circuit_operator.py
[2022-10-27 11:04:35,008] {processor.py:641} INFO - Processing file /home/airflow/.local/lib/python3.7/site-packages/airflow/example_dags/example_short_circuit_operator.py for tasks to queue
[2022-10-27 11:04:35,036] {logging_mixin.py:115} INFO - [2022-10-27 11:04:35,036] {dagbag.py:507} INFO - Filling up the DagBag from /home/airflow/.local/lib/python3.7/site-packages/airflow/example_dags/example_short_circuit_operator.py
[2022-10-27 11:04:35,112] {processor.py:651} INFO - DAG(s) dict_keys(['example_short_circuit_operator']) retrieved from /home/airflow/.local/lib/python3.7/site-packages/airflow/example_dags/example_short_circuit_operator.py
[2022-10-27 11:04:35,356] {logging_mixin.py:115} INFO - [2022-10-27 11:04:35,356] {dag.py:2371} INFO - Sync 1 DAGs
[2022-10-27 11:04:35,503] {logging_mixin.py:115} INFO - [2022-10-27 11:04:35,503] {dag.py:2919} INFO - Setting next_dagrun for example_short_circuit_operator to 2022-10-26T11:04:35.502377+00:00, run_after=2022-10-27T11:04:35.502377+00:00
[2022-10-27 11:04:35,588] {processor.py:161} INFO - Processing /home/airflow/.local/lib/python3.7/site-packages/airflow/example_dags/example_short_circuit_operator.py took 0.612 seconds
[2022-10-27 11:05:06,541] {processor.py:153} INFO - Started process (PID=5557) to work on /home/airflow/.local/lib/python3.7/site-packages/airflow/example_dags/example_short_circuit_operator.py
[2022-10-27 11:05:06,545] {processor.py:641} INFO - Processing file /home/airflow/.local/lib/python3.7/site-packages/airflow/example_dags/example_short_circuit_operator.py for tasks to queue
[2022-10-27 11:05:06,552] {logging_mixin.py:115} INFO - [2022-10-27 11:05:06,552] {dagbag.py:507} INFO - Filling up the DagBag from /home/airflow/.local/lib/python3.7/site-packages/airflow/example_dags/example_short_circuit_operator.py
[2022-10-27 11:05:06,593] {processor.py:651} INFO - DAG(s) dict_keys(['example_short_circuit_operator']) retrieved from /home/airflow/.local/lib/python3.7/site-packages/airflow/example_dags/example_short_circuit_operator.py
[2022-10-27 11:05:06,714] {logging_mixin.py:115} INFO - [2022-10-27 11:05:06,713] {dag.py:2371} INFO - Sync 1 DAGs
[2022-10-27 11:05:06,810] {logging_mixin.py:115} INFO - [2022-10-27 11:05:06,810] {dag.py:2919} INFO - Setting next_dagrun for example_short_circuit_operator to 2022-10-26T11:05:06.809640+00:00, run_after=2022-10-27T11:05:06.809640+00:00
[2022-10-27 11:05:06,865] {processor.py:161} INFO - Processing /home/airflow/.local/lib/python3.7/site-packages/airflow/example_dags/example_short_circuit_operator.py took 0.330 seconds
[2022-10-27 11:05:37,723] {processor.py:153} INFO - Started process (PID=5610) to work on /home/airflow/.local/lib/python3.7/site-packages/airflow/example_dags/example_short_circuit_operator.py
[2022-10-27 11:05:37,725] {processor.py:641} INFO - Processing file /home/airflow/.local/lib/python3.7/site-packages/airflow/example_dags/example_short_circuit_operator.py for tasks to queue
[2022-10-27 11:05:37,726] {logging_mixin.py:115} INFO - [2022-10-27 11:05:37,726] {dagbag.py:507} INFO - Filling up the DagBag from /home/airflow/.local/lib/python3.7/site-packages/airflow/example_dags/example_short_circuit_operator.py
[2022-10-27 11:05:37,742] {processor.py:651} INFO - DAG(s) dict_keys(['example_short_circuit_operator']) retrieved from /home/airflow/.local/lib/python3.7/site-packages/airflow/example_dags/example_short_circuit_operator.py
[2022-10-27 11:05:37,798] {logging_mixin.py:115} INFO - [2022-10-27 11:05:37,798] {dag.py:2371} INFO - Sync 1 DAGs
[2022-10-27 11:05:37,843] {logging_mixin.py:115} INFO - [2022-10-27 11:05:37,843] {dag.py:2919} INFO - Setting next_dagrun for example_short_circuit_operator to 2022-10-26T11:05:37.843349+00:00, run_after=2022-10-27T11:05:37.843349+00:00
[2022-10-27 11:05:37,871] {processor.py:161} INFO - Processing /home/airflow/.local/lib/python3.7/site-packages/airflow/example_dags/example_short_circuit_operator.py took 0.153 seconds
[2022-10-27 11:06:10,852] {processor.py:153} INFO - Started process (PID=5663) to work on /home/airflow/.local/lib/python3.7/site-packages/airflow/example_dags/example_short_circuit_operator.py
[2022-10-27 11:06:10,865] {processor.py:641} INFO - Processing file /home/airflow/.local/lib/python3.7/site-packages/airflow/example_dags/example_short_circuit_operator.py for tasks to queue
[2022-10-27 11:06:10,866] {logging_mixin.py:115} INFO - [2022-10-27 11:06:10,866] {dagbag.py:507} INFO - Filling up the DagBag from /home/airflow/.local/lib/python3.7/site-packages/airflow/example_dags/example_short_circuit_operator.py
[2022-10-27 11:06:11,099] {processor.py:651} INFO - DAG(s) dict_keys(['example_short_circuit_operator']) retrieved from /home/airflow/.local/lib/python3.7/site-packages/airflow/example_dags/example_short_circuit_operator.py
[2022-10-27 11:06:11,590] {logging_mixin.py:115} INFO - [2022-10-27 11:06:11,590] {dag.py:2371} INFO - Sync 1 DAGs
[2022-10-27 11:06:12,044] {logging_mixin.py:115} INFO - [2022-10-27 11:06:12,044] {dag.py:2919} INFO - Setting next_dagrun for example_short_circuit_operator to 2022-10-26T11:06:12.043831+00:00, run_after=2022-10-27T11:06:12.043831+00:00
[2022-10-27 11:06:12,235] {processor.py:161} INFO - Processing /home/airflow/.local/lib/python3.7/site-packages/airflow/example_dags/example_short_circuit_operator.py took 1.432 seconds
[2022-10-27 11:06:42,753] {processor.py:153} INFO - Started process (PID=5718) to work on /home/airflow/.local/lib/python3.7/site-packages/airflow/example_dags/example_short_circuit_operator.py
[2022-10-27 11:06:42,759] {processor.py:641} INFO - Processing file /home/airflow/.local/lib/python3.7/site-packages/airflow/example_dags/example_short_circuit_operator.py for tasks to queue
[2022-10-27 11:06:42,766] {logging_mixin.py:115} INFO - [2022-10-27 11:06:42,766] {dagbag.py:507} INFO - Filling up the DagBag from /home/airflow/.local/lib/python3.7/site-packages/airflow/example_dags/example_short_circuit_operator.py
[2022-10-27 11:06:42,846] {processor.py:651} INFO - DAG(s) dict_keys(['example_short_circuit_operator']) retrieved from /home/airflow/.local/lib/python3.7/site-packages/airflow/example_dags/example_short_circuit_operator.py
[2022-10-27 11:06:42,998] {logging_mixin.py:115} INFO - [2022-10-27 11:06:42,998] {dag.py:2371} INFO - Sync 1 DAGs
[2022-10-27 11:06:43,198] {logging_mixin.py:115} INFO - [2022-10-27 11:06:43,197] {dag.py:2919} INFO - Setting next_dagrun for example_short_circuit_operator to 2022-10-26T11:06:43.187678+00:00, run_after=2022-10-27T11:06:43.187678+00:00
[2022-10-27 11:06:43,303] {processor.py:161} INFO - Processing /home/airflow/.local/lib/python3.7/site-packages/airflow/example_dags/example_short_circuit_operator.py took 0.558 seconds
[2022-10-27 11:07:13,488] {processor.py:153} INFO - Started process (PID=5762) to work on /home/airflow/.local/lib/python3.7/site-packages/airflow/example_dags/example_short_circuit_operator.py
[2022-10-27 11:07:13,490] {processor.py:641} INFO - Processing file /home/airflow/.local/lib/python3.7/site-packages/airflow/example_dags/example_short_circuit_operator.py for tasks to queue
[2022-10-27 11:07:13,492] {logging_mixin.py:115} INFO - [2022-10-27 11:07:13,492] {dagbag.py:507} INFO - Filling up the DagBag from /home/airflow/.local/lib/python3.7/site-packages/airflow/example_dags/example_short_circuit_operator.py
[2022-10-27 11:07:13,537] {processor.py:651} INFO - DAG(s) dict_keys(['example_short_circuit_operator']) retrieved from /home/airflow/.local/lib/python3.7/site-packages/airflow/example_dags/example_short_circuit_operator.py
[2022-10-27 11:07:13,639] {logging_mixin.py:115} INFO - [2022-10-27 11:07:13,639] {dag.py:2371} INFO - Sync 1 DAGs
[2022-10-27 11:07:13,730] {logging_mixin.py:115} INFO - [2022-10-27 11:07:13,730] {dag.py:2919} INFO - Setting next_dagrun for example_short_circuit_operator to 2022-10-26T11:07:13.729944+00:00, run_after=2022-10-27T11:07:13.729944+00:00
[2022-10-27 11:07:13,781] {processor.py:161} INFO - Processing /home/airflow/.local/lib/python3.7/site-packages/airflow/example_dags/example_short_circuit_operator.py took 0.300 seconds
[2022-10-27 11:07:44,591] {processor.py:153} INFO - Started process (PID=5816) to work on /home/airflow/.local/lib/python3.7/site-packages/airflow/example_dags/example_short_circuit_operator.py
[2022-10-27 11:07:44,595] {processor.py:641} INFO - Processing file /home/airflow/.local/lib/python3.7/site-packages/airflow/example_dags/example_short_circuit_operator.py for tasks to queue
[2022-10-27 11:07:44,598] {logging_mixin.py:115} INFO - [2022-10-27 11:07:44,598] {dagbag.py:507} INFO - Filling up the DagBag from /home/airflow/.local/lib/python3.7/site-packages/airflow/example_dags/example_short_circuit_operator.py
[2022-10-27 11:07:44,625] {processor.py:651} INFO - DAG(s) dict_keys(['example_short_circuit_operator']) retrieved from /home/airflow/.local/lib/python3.7/site-packages/airflow/example_dags/example_short_circuit_operator.py
[2022-10-27 11:07:44,706] {logging_mixin.py:115} INFO - [2022-10-27 11:07:44,706] {dag.py:2371} INFO - Sync 1 DAGs
[2022-10-27 11:07:44,818] {logging_mixin.py:115} INFO - [2022-10-27 11:07:44,818] {dag.py:2919} INFO - Setting next_dagrun for example_short_circuit_operator to 2022-10-26T11:07:44.817793+00:00, run_after=2022-10-27T11:07:44.817793+00:00
[2022-10-27 11:07:44,893] {processor.py:161} INFO - Processing /home/airflow/.local/lib/python3.7/site-packages/airflow/example_dags/example_short_circuit_operator.py took 0.309 seconds
[2022-10-27 11:08:19,538] {processor.py:153} INFO - Started process (PID=5869) to work on /home/airflow/.local/lib/python3.7/site-packages/airflow/example_dags/example_short_circuit_operator.py
[2022-10-27 11:08:19,539] {processor.py:641} INFO - Processing file /home/airflow/.local/lib/python3.7/site-packages/airflow/example_dags/example_short_circuit_operator.py for tasks to queue
[2022-10-27 11:08:19,541] {logging_mixin.py:115} INFO - [2022-10-27 11:08:19,541] {dagbag.py:507} INFO - Filling up the DagBag from /home/airflow/.local/lib/python3.7/site-packages/airflow/example_dags/example_short_circuit_operator.py
[2022-10-27 11:08:19,617] {processor.py:651} INFO - DAG(s) dict_keys(['example_short_circuit_operator']) retrieved from /home/airflow/.local/lib/python3.7/site-packages/airflow/example_dags/example_short_circuit_operator.py
[2022-10-27 11:08:19,998] {logging_mixin.py:115} INFO - [2022-10-27 11:08:19,997] {dag.py:2371} INFO - Sync 1 DAGs
[2022-10-27 11:08:20,432] {logging_mixin.py:115} INFO - [2022-10-27 11:08:20,432] {dag.py:2919} INFO - Setting next_dagrun for example_short_circuit_operator to 2022-10-26T11:08:20.432035+00:00, run_after=2022-10-27T11:08:20.432035+00:00
[2022-10-27 11:08:20,643] {processor.py:161} INFO - Processing /home/airflow/.local/lib/python3.7/site-packages/airflow/example_dags/example_short_circuit_operator.py took 1.125 seconds
[2022-10-27 11:08:52,238] {processor.py:153} INFO - Started process (PID=5924) to work on /home/airflow/.local/lib/python3.7/site-packages/airflow/example_dags/example_short_circuit_operator.py
[2022-10-27 11:08:52,251] {processor.py:641} INFO - Processing file /home/airflow/.local/lib/python3.7/site-packages/airflow/example_dags/example_short_circuit_operator.py for tasks to queue
[2022-10-27 11:08:52,253] {logging_mixin.py:115} INFO - [2022-10-27 11:08:52,253] {dagbag.py:507} INFO - Filling up the DagBag from /home/airflow/.local/lib/python3.7/site-packages/airflow/example_dags/example_short_circuit_operator.py
[2022-10-27 11:08:52,363] {processor.py:651} INFO - DAG(s) dict_keys(['example_short_circuit_operator']) retrieved from /home/airflow/.local/lib/python3.7/site-packages/airflow/example_dags/example_short_circuit_operator.py
[2022-10-27 11:08:52,828] {logging_mixin.py:115} INFO - [2022-10-27 11:08:52,828] {dag.py:2371} INFO - Sync 1 DAGs
[2022-10-27 11:08:53,055] {logging_mixin.py:115} INFO - [2022-10-27 11:08:53,055] {dag.py:2919} INFO - Setting next_dagrun for example_short_circuit_operator to 2022-10-26T11:08:53.054821+00:00, run_after=2022-10-27T11:08:53.054821+00:00
[2022-10-27 11:08:53,277] {processor.py:161} INFO - Processing /home/airflow/.local/lib/python3.7/site-packages/airflow/example_dags/example_short_circuit_operator.py took 1.117 seconds
[2022-10-27 11:09:23,834] {processor.py:153} INFO - Started process (PID=5976) to work on /home/airflow/.local/lib/python3.7/site-packages/airflow/example_dags/example_short_circuit_operator.py
[2022-10-27 11:09:23,839] {processor.py:641} INFO - Processing file /home/airflow/.local/lib/python3.7/site-packages/airflow/example_dags/example_short_circuit_operator.py for tasks to queue
[2022-10-27 11:09:23,841] {logging_mixin.py:115} INFO - [2022-10-27 11:09:23,841] {dagbag.py:507} INFO - Filling up the DagBag from /home/airflow/.local/lib/python3.7/site-packages/airflow/example_dags/example_short_circuit_operator.py
[2022-10-27 11:09:23,897] {processor.py:651} INFO - DAG(s) dict_keys(['example_short_circuit_operator']) retrieved from /home/airflow/.local/lib/python3.7/site-packages/airflow/example_dags/example_short_circuit_operator.py
[2022-10-27 11:09:24,012] {logging_mixin.py:115} INFO - [2022-10-27 11:09:24,012] {dag.py:2371} INFO - Sync 1 DAGs
[2022-10-27 11:09:24,103] {logging_mixin.py:115} INFO - [2022-10-27 11:09:24,102] {dag.py:2919} INFO - Setting next_dagrun for example_short_circuit_operator to 2022-10-26T11:09:24.102077+00:00, run_after=2022-10-27T11:09:24.102077+00:00
[2022-10-27 11:09:24,139] {processor.py:161} INFO - Processing /home/airflow/.local/lib/python3.7/site-packages/airflow/example_dags/example_short_circuit_operator.py took 0.312 seconds
[2022-10-27 11:09:55,024] {processor.py:153} INFO - Started process (PID=6023) to work on /home/airflow/.local/lib/python3.7/site-packages/airflow/example_dags/example_short_circuit_operator.py
[2022-10-27 11:09:55,026] {processor.py:641} INFO - Processing file /home/airflow/.local/lib/python3.7/site-packages/airflow/example_dags/example_short_circuit_operator.py for tasks to queue
[2022-10-27 11:09:55,029] {logging_mixin.py:115} INFO - [2022-10-27 11:09:55,028] {dagbag.py:507} INFO - Filling up the DagBag from /home/airflow/.local/lib/python3.7/site-packages/airflow/example_dags/example_short_circuit_operator.py
[2022-10-27 11:09:55,058] {processor.py:651} INFO - DAG(s) dict_keys(['example_short_circuit_operator']) retrieved from /home/airflow/.local/lib/python3.7/site-packages/airflow/example_dags/example_short_circuit_operator.py
[2022-10-27 11:09:55,125] {logging_mixin.py:115} INFO - [2022-10-27 11:09:55,124] {dag.py:2371} INFO - Sync 1 DAGs
[2022-10-27 11:09:55,197] {logging_mixin.py:115} INFO - [2022-10-27 11:09:55,197] {dag.py:2919} INFO - Setting next_dagrun for example_short_circuit_operator to 2022-10-26T11:09:55.196886+00:00, run_after=2022-10-27T11:09:55.196886+00:00
[2022-10-27 11:09:55,239] {processor.py:161} INFO - Processing /home/airflow/.local/lib/python3.7/site-packages/airflow/example_dags/example_short_circuit_operator.py took 0.230 seconds
[2022-10-27 11:10:26,354] {processor.py:153} INFO - Started process (PID=6078) to work on /home/airflow/.local/lib/python3.7/site-packages/airflow/example_dags/example_short_circuit_operator.py
[2022-10-27 11:10:26,366] {processor.py:641} INFO - Processing file /home/airflow/.local/lib/python3.7/site-packages/airflow/example_dags/example_short_circuit_operator.py for tasks to queue
[2022-10-27 11:10:26,369] {logging_mixin.py:115} INFO - [2022-10-27 11:10:26,369] {dagbag.py:507} INFO - Filling up the DagBag from /home/airflow/.local/lib/python3.7/site-packages/airflow/example_dags/example_short_circuit_operator.py
[2022-10-27 11:10:26,444] {processor.py:651} INFO - DAG(s) dict_keys(['example_short_circuit_operator']) retrieved from /home/airflow/.local/lib/python3.7/site-packages/airflow/example_dags/example_short_circuit_operator.py
[2022-10-27 11:10:26,688] {logging_mixin.py:115} INFO - [2022-10-27 11:10:26,688] {dag.py:2371} INFO - Sync 1 DAGs
[2022-10-27 11:10:26,926] {logging_mixin.py:115} INFO - [2022-10-27 11:10:26,925] {dag.py:2919} INFO - Setting next_dagrun for example_short_circuit_operator to 2022-10-26T11:10:26.925340+00:00, run_after=2022-10-27T11:10:26.925340+00:00
[2022-10-27 11:10:27,031] {processor.py:161} INFO - Processing /home/airflow/.local/lib/python3.7/site-packages/airflow/example_dags/example_short_circuit_operator.py took 0.687 seconds
[2022-10-27 11:10:58,032] {processor.py:153} INFO - Started process (PID=6131) to work on /home/airflow/.local/lib/python3.7/site-packages/airflow/example_dags/example_short_circuit_operator.py
[2022-10-27 11:10:58,045] {processor.py:641} INFO - Processing file /home/airflow/.local/lib/python3.7/site-packages/airflow/example_dags/example_short_circuit_operator.py for tasks to queue
[2022-10-27 11:10:58,047] {logging_mixin.py:115} INFO - [2022-10-27 11:10:58,046] {dagbag.py:507} INFO - Filling up the DagBag from /home/airflow/.local/lib/python3.7/site-packages/airflow/example_dags/example_short_circuit_operator.py
[2022-10-27 11:10:58,162] {processor.py:651} INFO - DAG(s) dict_keys(['example_short_circuit_operator']) retrieved from /home/airflow/.local/lib/python3.7/site-packages/airflow/example_dags/example_short_circuit_operator.py
[2022-10-27 11:10:58,452] {logging_mixin.py:115} INFO - [2022-10-27 11:10:58,452] {dag.py:2371} INFO - Sync 1 DAGs
[2022-10-27 11:10:58,676] {logging_mixin.py:115} INFO - [2022-10-27 11:10:58,676] {dag.py:2919} INFO - Setting next_dagrun for example_short_circuit_operator to 2022-10-26T11:10:58.675957+00:00, run_after=2022-10-27T11:10:58.675957+00:00
[2022-10-27 11:10:58,847] {processor.py:161} INFO - Processing /home/airflow/.local/lib/python3.7/site-packages/airflow/example_dags/example_short_circuit_operator.py took 0.848 seconds
[2022-10-27 11:11:30,113] {processor.py:153} INFO - Started process (PID=6182) to work on /home/airflow/.local/lib/python3.7/site-packages/airflow/example_dags/example_short_circuit_operator.py
[2022-10-27 11:11:30,122] {processor.py:641} INFO - Processing file /home/airflow/.local/lib/python3.7/site-packages/airflow/example_dags/example_short_circuit_operator.py for tasks to queue
[2022-10-27 11:11:30,140] {logging_mixin.py:115} INFO - [2022-10-27 11:11:30,139] {dagbag.py:507} INFO - Filling up the DagBag from /home/airflow/.local/lib/python3.7/site-packages/airflow/example_dags/example_short_circuit_operator.py
[2022-10-27 11:11:30,224] {processor.py:651} INFO - DAG(s) dict_keys(['example_short_circuit_operator']) retrieved from /home/airflow/.local/lib/python3.7/site-packages/airflow/example_dags/example_short_circuit_operator.py
[2022-10-27 11:11:30,420] {logging_mixin.py:115} INFO - [2022-10-27 11:11:30,419] {dag.py:2371} INFO - Sync 1 DAGs
[2022-10-27 11:11:30,591] {logging_mixin.py:115} INFO - [2022-10-27 11:11:30,591] {dag.py:2919} INFO - Setting next_dagrun for example_short_circuit_operator to 2022-10-26T11:11:30.590725+00:00, run_after=2022-10-27T11:11:30.590725+00:00
[2022-10-27 11:11:30,738] {processor.py:161} INFO - Processing /home/airflow/.local/lib/python3.7/site-packages/airflow/example_dags/example_short_circuit_operator.py took 0.648 seconds
[2022-10-27 11:12:01,646] {processor.py:153} INFO - Started process (PID=6234) to work on /home/airflow/.local/lib/python3.7/site-packages/airflow/example_dags/example_short_circuit_operator.py
[2022-10-27 11:12:01,663] {processor.py:641} INFO - Processing file /home/airflow/.local/lib/python3.7/site-packages/airflow/example_dags/example_short_circuit_operator.py for tasks to queue
[2022-10-27 11:12:01,671] {logging_mixin.py:115} INFO - [2022-10-27 11:12:01,671] {dagbag.py:507} INFO - Filling up the DagBag from /home/airflow/.local/lib/python3.7/site-packages/airflow/example_dags/example_short_circuit_operator.py
[2022-10-27 11:12:01,717] {processor.py:651} INFO - DAG(s) dict_keys(['example_short_circuit_operator']) retrieved from /home/airflow/.local/lib/python3.7/site-packages/airflow/example_dags/example_short_circuit_operator.py
[2022-10-27 11:12:01,841] {logging_mixin.py:115} INFO - [2022-10-27 11:12:01,840] {dag.py:2371} INFO - Sync 1 DAGs
[2022-10-27 11:12:01,990] {logging_mixin.py:115} INFO - [2022-10-27 11:12:01,990] {dag.py:2919} INFO - Setting next_dagrun for example_short_circuit_operator to 2022-10-26T11:12:01.989774+00:00, run_after=2022-10-27T11:12:01.989774+00:00
[2022-10-27 11:12:02,045] {processor.py:161} INFO - Processing /home/airflow/.local/lib/python3.7/site-packages/airflow/example_dags/example_short_circuit_operator.py took 0.407 seconds
[2022-10-27 11:12:32,257] {processor.py:153} INFO - Started process (PID=6287) to work on /home/airflow/.local/lib/python3.7/site-packages/airflow/example_dags/example_short_circuit_operator.py
[2022-10-27 11:12:32,259] {processor.py:641} INFO - Processing file /home/airflow/.local/lib/python3.7/site-packages/airflow/example_dags/example_short_circuit_operator.py for tasks to queue
[2022-10-27 11:12:32,261] {logging_mixin.py:115} INFO - [2022-10-27 11:12:32,261] {dagbag.py:507} INFO - Filling up the DagBag from /home/airflow/.local/lib/python3.7/site-packages/airflow/example_dags/example_short_circuit_operator.py
[2022-10-27 11:12:32,308] {processor.py:651} INFO - DAG(s) dict_keys(['example_short_circuit_operator']) retrieved from /home/airflow/.local/lib/python3.7/site-packages/airflow/example_dags/example_short_circuit_operator.py
[2022-10-27 11:12:32,402] {logging_mixin.py:115} INFO - [2022-10-27 11:12:32,402] {dag.py:2371} INFO - Sync 1 DAGs
[2022-10-27 11:12:32,503] {logging_mixin.py:115} INFO - [2022-10-27 11:12:32,502] {dag.py:2919} INFO - Setting next_dagrun for example_short_circuit_operator to 2022-10-26T11:12:32.498457+00:00, run_after=2022-10-27T11:12:32.498457+00:00
[2022-10-27 11:12:32,568] {processor.py:161} INFO - Processing /home/airflow/.local/lib/python3.7/site-packages/airflow/example_dags/example_short_circuit_operator.py took 0.326 seconds
[2022-10-27 11:13:02,813] {processor.py:153} INFO - Started process (PID=6339) to work on /home/airflow/.local/lib/python3.7/site-packages/airflow/example_dags/example_short_circuit_operator.py
[2022-10-27 11:13:02,818] {processor.py:641} INFO - Processing file /home/airflow/.local/lib/python3.7/site-packages/airflow/example_dags/example_short_circuit_operator.py for tasks to queue
[2022-10-27 11:13:02,820] {logging_mixin.py:115} INFO - [2022-10-27 11:13:02,820] {dagbag.py:507} INFO - Filling up the DagBag from /home/airflow/.local/lib/python3.7/site-packages/airflow/example_dags/example_short_circuit_operator.py
[2022-10-27 11:13:02,854] {processor.py:651} INFO - DAG(s) dict_keys(['example_short_circuit_operator']) retrieved from /home/airflow/.local/lib/python3.7/site-packages/airflow/example_dags/example_short_circuit_operator.py
[2022-10-27 11:13:03,052] {logging_mixin.py:115} INFO - [2022-10-27 11:13:03,052] {dag.py:2371} INFO - Sync 1 DAGs
[2022-10-27 11:13:03,237] {logging_mixin.py:115} INFO - [2022-10-27 11:13:03,237] {dag.py:2919} INFO - Setting next_dagrun for example_short_circuit_operator to 2022-10-26T11:13:03.236818+00:00, run_after=2022-10-27T11:13:03.236818+00:00
[2022-10-27 11:13:03,320] {processor.py:161} INFO - Processing /home/airflow/.local/lib/python3.7/site-packages/airflow/example_dags/example_short_circuit_operator.py took 0.517 seconds
[2022-10-27 11:13:34,030] {processor.py:153} INFO - Started process (PID=6383) to work on /home/airflow/.local/lib/python3.7/site-packages/airflow/example_dags/example_short_circuit_operator.py
[2022-10-27 11:13:34,032] {processor.py:641} INFO - Processing file /home/airflow/.local/lib/python3.7/site-packages/airflow/example_dags/example_short_circuit_operator.py for tasks to queue
[2022-10-27 11:13:34,033] {logging_mixin.py:115} INFO - [2022-10-27 11:13:34,033] {dagbag.py:507} INFO - Filling up the DagBag from /home/airflow/.local/lib/python3.7/site-packages/airflow/example_dags/example_short_circuit_operator.py
[2022-10-27 11:13:34,055] {processor.py:651} INFO - DAG(s) dict_keys(['example_short_circuit_operator']) retrieved from /home/airflow/.local/lib/python3.7/site-packages/airflow/example_dags/example_short_circuit_operator.py
[2022-10-27 11:13:34,132] {logging_mixin.py:115} INFO - [2022-10-27 11:13:34,132] {dag.py:2371} INFO - Sync 1 DAGs
[2022-10-27 11:13:34,182] {logging_mixin.py:115} INFO - [2022-10-27 11:13:34,181] {dag.py:2919} INFO - Setting next_dagrun for example_short_circuit_operator to 2022-10-26T11:13:34.181567+00:00, run_after=2022-10-27T11:13:34.181567+00:00
[2022-10-27 11:13:34,211] {processor.py:161} INFO - Processing /home/airflow/.local/lib/python3.7/site-packages/airflow/example_dags/example_short_circuit_operator.py took 0.187 seconds
[2022-10-27 11:14:07,450] {processor.py:153} INFO - Started process (PID=6437) to work on /home/airflow/.local/lib/python3.7/site-packages/airflow/example_dags/example_short_circuit_operator.py
[2022-10-27 11:14:07,675] {processor.py:641} INFO - Processing file /home/airflow/.local/lib/python3.7/site-packages/airflow/example_dags/example_short_circuit_operator.py for tasks to queue
[2022-10-27 11:14:07,801] {logging_mixin.py:115} INFO - [2022-10-27 11:14:07,801] {dagbag.py:507} INFO - Filling up the DagBag from /home/airflow/.local/lib/python3.7/site-packages/airflow/example_dags/example_short_circuit_operator.py
[2022-10-27 11:14:08,197] {processor.py:651} INFO - DAG(s) dict_keys(['example_short_circuit_operator']) retrieved from /home/airflow/.local/lib/python3.7/site-packages/airflow/example_dags/example_short_circuit_operator.py
[2022-10-27 11:14:08,800] {logging_mixin.py:115} INFO - [2022-10-27 11:14:08,799] {dag.py:2371} INFO - Sync 1 DAGs
[2022-10-27 11:14:09,256] {logging_mixin.py:115} INFO - [2022-10-27 11:14:09,256] {dag.py:2919} INFO - Setting next_dagrun for example_short_circuit_operator to 2022-10-26T11:14:09.254796+00:00, run_after=2022-10-27T11:14:09.254796+00:00
[2022-10-27 11:14:09,479] {processor.py:161} INFO - Processing /home/airflow/.local/lib/python3.7/site-packages/airflow/example_dags/example_short_circuit_operator.py took 2.047 seconds
[2022-10-27 11:14:39,695] {processor.py:153} INFO - Started process (PID=6491) to work on /home/airflow/.local/lib/python3.7/site-packages/airflow/example_dags/example_short_circuit_operator.py
[2022-10-27 11:14:39,697] {processor.py:641} INFO - Processing file /home/airflow/.local/lib/python3.7/site-packages/airflow/example_dags/example_short_circuit_operator.py for tasks to queue
[2022-10-27 11:14:39,698] {logging_mixin.py:115} INFO - [2022-10-27 11:14:39,698] {dagbag.py:507} INFO - Filling up the DagBag from /home/airflow/.local/lib/python3.7/site-packages/airflow/example_dags/example_short_circuit_operator.py
[2022-10-27 11:14:39,721] {processor.py:651} INFO - DAG(s) dict_keys(['example_short_circuit_operator']) retrieved from /home/airflow/.local/lib/python3.7/site-packages/airflow/example_dags/example_short_circuit_operator.py
[2022-10-27 11:14:39,840] {logging_mixin.py:115} INFO - [2022-10-27 11:14:39,840] {dag.py:2371} INFO - Sync 1 DAGs
[2022-10-27 11:14:39,975] {logging_mixin.py:115} INFO - [2022-10-27 11:14:39,975] {dag.py:2919} INFO - Setting next_dagrun for example_short_circuit_operator to 2022-10-26T11:14:39.974492+00:00, run_after=2022-10-27T11:14:39.974492+00:00
[2022-10-27 11:14:40,086] {processor.py:161} INFO - Processing /home/airflow/.local/lib/python3.7/site-packages/airflow/example_dags/example_short_circuit_operator.py took 0.399 seconds
[2022-10-27 11:15:10,233] {processor.py:153} INFO - Started process (PID=6545) to work on /home/airflow/.local/lib/python3.7/site-packages/airflow/example_dags/example_short_circuit_operator.py
[2022-10-27 11:15:10,234] {processor.py:641} INFO - Processing file /home/airflow/.local/lib/python3.7/site-packages/airflow/example_dags/example_short_circuit_operator.py for tasks to queue
[2022-10-27 11:15:10,235] {logging_mixin.py:115} INFO - [2022-10-27 11:15:10,235] {dagbag.py:507} INFO - Filling up the DagBag from /home/airflow/.local/lib/python3.7/site-packages/airflow/example_dags/example_short_circuit_operator.py
[2022-10-27 11:15:10,253] {processor.py:651} INFO - DAG(s) dict_keys(['example_short_circuit_operator']) retrieved from /home/airflow/.local/lib/python3.7/site-packages/airflow/example_dags/example_short_circuit_operator.py
[2022-10-27 11:15:10,305] {logging_mixin.py:115} INFO - [2022-10-27 11:15:10,305] {dag.py:2371} INFO - Sync 1 DAGs
[2022-10-27 11:15:10,349] {logging_mixin.py:115} INFO - [2022-10-27 11:15:10,348] {dag.py:2919} INFO - Setting next_dagrun for example_short_circuit_operator to 2022-10-26T11:15:10.347140+00:00, run_after=2022-10-27T11:15:10.347140+00:00
[2022-10-27 11:15:10,383] {processor.py:161} INFO - Processing /home/airflow/.local/lib/python3.7/site-packages/airflow/example_dags/example_short_circuit_operator.py took 0.157 seconds
[2022-10-27 11:15:40,512] {processor.py:153} INFO - Started process (PID=6598) to work on /home/airflow/.local/lib/python3.7/site-packages/airflow/example_dags/example_short_circuit_operator.py
[2022-10-27 11:15:40,513] {processor.py:641} INFO - Processing file /home/airflow/.local/lib/python3.7/site-packages/airflow/example_dags/example_short_circuit_operator.py for tasks to queue
[2022-10-27 11:15:40,515] {logging_mixin.py:115} INFO - [2022-10-27 11:15:40,514] {dagbag.py:507} INFO - Filling up the DagBag from /home/airflow/.local/lib/python3.7/site-packages/airflow/example_dags/example_short_circuit_operator.py
[2022-10-27 11:15:40,545] {processor.py:651} INFO - DAG(s) dict_keys(['example_short_circuit_operator']) retrieved from /home/airflow/.local/lib/python3.7/site-packages/airflow/example_dags/example_short_circuit_operator.py
[2022-10-27 11:15:40,610] {logging_mixin.py:115} INFO - [2022-10-27 11:15:40,610] {dag.py:2371} INFO - Sync 1 DAGs
[2022-10-27 11:15:40,704] {logging_mixin.py:115} INFO - [2022-10-27 11:15:40,704] {dag.py:2919} INFO - Setting next_dagrun for example_short_circuit_operator to 2022-10-26T11:15:40.704296+00:00, run_after=2022-10-27T11:15:40.704296+00:00
[2022-10-27 11:15:40,759] {processor.py:161} INFO - Processing /home/airflow/.local/lib/python3.7/site-packages/airflow/example_dags/example_short_circuit_operator.py took 0.253 seconds
[2022-10-27 11:16:11,268] {processor.py:153} INFO - Started process (PID=6650) to work on /home/airflow/.local/lib/python3.7/site-packages/airflow/example_dags/example_short_circuit_operator.py
[2022-10-27 11:16:11,270] {processor.py:641} INFO - Processing file /home/airflow/.local/lib/python3.7/site-packages/airflow/example_dags/example_short_circuit_operator.py for tasks to queue
[2022-10-27 11:16:11,272] {logging_mixin.py:115} INFO - [2022-10-27 11:16:11,272] {dagbag.py:507} INFO - Filling up the DagBag from /home/airflow/.local/lib/python3.7/site-packages/airflow/example_dags/example_short_circuit_operator.py
[2022-10-27 11:16:11,299] {processor.py:651} INFO - DAG(s) dict_keys(['example_short_circuit_operator']) retrieved from /home/airflow/.local/lib/python3.7/site-packages/airflow/example_dags/example_short_circuit_operator.py
[2022-10-27 11:16:11,384] {logging_mixin.py:115} INFO - [2022-10-27 11:16:11,384] {dag.py:2371} INFO - Sync 1 DAGs
[2022-10-27 11:16:11,470] {logging_mixin.py:115} INFO - [2022-10-27 11:16:11,470] {dag.py:2919} INFO - Setting next_dagrun for example_short_circuit_operator to 2022-10-26T11:16:11.469396+00:00, run_after=2022-10-27T11:16:11.469396+00:00
[2022-10-27 11:16:11,506] {processor.py:161} INFO - Processing /home/airflow/.local/lib/python3.7/site-packages/airflow/example_dags/example_short_circuit_operator.py took 0.249 seconds
[2022-10-27 11:16:42,413] {processor.py:153} INFO - Started process (PID=6704) to work on /home/airflow/.local/lib/python3.7/site-packages/airflow/example_dags/example_short_circuit_operator.py
[2022-10-27 11:16:42,433] {processor.py:641} INFO - Processing file /home/airflow/.local/lib/python3.7/site-packages/airflow/example_dags/example_short_circuit_operator.py for tasks to queue
[2022-10-27 11:16:42,439] {logging_mixin.py:115} INFO - [2022-10-27 11:16:42,439] {dagbag.py:507} INFO - Filling up the DagBag from /home/airflow/.local/lib/python3.7/site-packages/airflow/example_dags/example_short_circuit_operator.py
[2022-10-27 11:16:42,504] {processor.py:651} INFO - DAG(s) dict_keys(['example_short_circuit_operator']) retrieved from /home/airflow/.local/lib/python3.7/site-packages/airflow/example_dags/example_short_circuit_operator.py
[2022-10-27 11:16:42,642] {logging_mixin.py:115} INFO - [2022-10-27 11:16:42,642] {dag.py:2371} INFO - Sync 1 DAGs
[2022-10-27 11:16:42,763] {logging_mixin.py:115} INFO - [2022-10-27 11:16:42,763] {dag.py:2919} INFO - Setting next_dagrun for example_short_circuit_operator to 2022-10-26T11:16:42.762733+00:00, run_after=2022-10-27T11:16:42.762733+00:00
[2022-10-27 11:16:42,850] {processor.py:161} INFO - Processing /home/airflow/.local/lib/python3.7/site-packages/airflow/example_dags/example_short_circuit_operator.py took 0.458 seconds
[2022-10-27 11:17:13,267] {processor.py:153} INFO - Started process (PID=6755) to work on /home/airflow/.local/lib/python3.7/site-packages/airflow/example_dags/example_short_circuit_operator.py
[2022-10-27 11:17:13,269] {processor.py:641} INFO - Processing file /home/airflow/.local/lib/python3.7/site-packages/airflow/example_dags/example_short_circuit_operator.py for tasks to queue
[2022-10-27 11:17:13,273] {logging_mixin.py:115} INFO - [2022-10-27 11:17:13,272] {dagbag.py:507} INFO - Filling up the DagBag from /home/airflow/.local/lib/python3.7/site-packages/airflow/example_dags/example_short_circuit_operator.py
[2022-10-27 11:17:13,358] {processor.py:651} INFO - DAG(s) dict_keys(['example_short_circuit_operator']) retrieved from /home/airflow/.local/lib/python3.7/site-packages/airflow/example_dags/example_short_circuit_operator.py
[2022-10-27 11:17:13,677] {logging_mixin.py:115} INFO - [2022-10-27 11:17:13,677] {dag.py:2371} INFO - Sync 1 DAGs
[2022-10-27 11:17:13,760] {logging_mixin.py:115} INFO - [2022-10-27 11:17:13,759] {dag.py:2919} INFO - Setting next_dagrun for example_short_circuit_operator to 2022-10-26T11:17:13.758397+00:00, run_after=2022-10-27T11:17:13.758397+00:00
[2022-10-27 11:17:13,794] {processor.py:161} INFO - Processing /home/airflow/.local/lib/python3.7/site-packages/airflow/example_dags/example_short_circuit_operator.py took 0.550 seconds
[2022-10-27 11:17:43,865] {processor.py:153} INFO - Started process (PID=6810) to work on /home/airflow/.local/lib/python3.7/site-packages/airflow/example_dags/example_short_circuit_operator.py
[2022-10-27 11:17:43,867] {processor.py:641} INFO - Processing file /home/airflow/.local/lib/python3.7/site-packages/airflow/example_dags/example_short_circuit_operator.py for tasks to queue
[2022-10-27 11:17:43,869] {logging_mixin.py:115} INFO - [2022-10-27 11:17:43,869] {dagbag.py:507} INFO - Filling up the DagBag from /home/airflow/.local/lib/python3.7/site-packages/airflow/example_dags/example_short_circuit_operator.py
[2022-10-27 11:17:43,900] {processor.py:651} INFO - DAG(s) dict_keys(['example_short_circuit_operator']) retrieved from /home/airflow/.local/lib/python3.7/site-packages/airflow/example_dags/example_short_circuit_operator.py
[2022-10-27 11:17:43,985] {logging_mixin.py:115} INFO - [2022-10-27 11:17:43,985] {dag.py:2371} INFO - Sync 1 DAGs
[2022-10-27 11:17:44,078] {logging_mixin.py:115} INFO - [2022-10-27 11:17:44,074] {dag.py:2919} INFO - Setting next_dagrun for example_short_circuit_operator to 2022-10-26T11:17:44.074099+00:00, run_after=2022-10-27T11:17:44.074099+00:00
[2022-10-27 11:17:44,129] {processor.py:161} INFO - Processing /home/airflow/.local/lib/python3.7/site-packages/airflow/example_dags/example_short_circuit_operator.py took 0.273 seconds
[2022-10-27 11:18:14,934] {processor.py:153} INFO - Started process (PID=6863) to work on /home/airflow/.local/lib/python3.7/site-packages/airflow/example_dags/example_short_circuit_operator.py
[2022-10-27 11:18:14,935] {processor.py:641} INFO - Processing file /home/airflow/.local/lib/python3.7/site-packages/airflow/example_dags/example_short_circuit_operator.py for tasks to queue
[2022-10-27 11:18:14,937] {logging_mixin.py:115} INFO - [2022-10-27 11:18:14,937] {dagbag.py:507} INFO - Filling up the DagBag from /home/airflow/.local/lib/python3.7/site-packages/airflow/example_dags/example_short_circuit_operator.py
[2022-10-27 11:18:14,969] {processor.py:651} INFO - DAG(s) dict_keys(['example_short_circuit_operator']) retrieved from /home/airflow/.local/lib/python3.7/site-packages/airflow/example_dags/example_short_circuit_operator.py
[2022-10-27 11:18:15,030] {logging_mixin.py:115} INFO - [2022-10-27 11:18:15,030] {dag.py:2371} INFO - Sync 1 DAGs
[2022-10-27 11:18:15,071] {logging_mixin.py:115} INFO - [2022-10-27 11:18:15,071] {dag.py:2919} INFO - Setting next_dagrun for example_short_circuit_operator to 2022-10-26T11:18:15.070743+00:00, run_after=2022-10-27T11:18:15.070743+00:00
[2022-10-27 11:18:15,096] {processor.py:161} INFO - Processing /home/airflow/.local/lib/python3.7/site-packages/airflow/example_dags/example_short_circuit_operator.py took 0.168 seconds
[2022-10-27 11:18:45,588] {processor.py:153} INFO - Started process (PID=6916) to work on /home/airflow/.local/lib/python3.7/site-packages/airflow/example_dags/example_short_circuit_operator.py
[2022-10-27 11:18:45,590] {processor.py:641} INFO - Processing file /home/airflow/.local/lib/python3.7/site-packages/airflow/example_dags/example_short_circuit_operator.py for tasks to queue
[2022-10-27 11:18:45,591] {logging_mixin.py:115} INFO - [2022-10-27 11:18:45,591] {dagbag.py:507} INFO - Filling up the DagBag from /home/airflow/.local/lib/python3.7/site-packages/airflow/example_dags/example_short_circuit_operator.py
[2022-10-27 11:18:45,618] {processor.py:651} INFO - DAG(s) dict_keys(['example_short_circuit_operator']) retrieved from /home/airflow/.local/lib/python3.7/site-packages/airflow/example_dags/example_short_circuit_operator.py
[2022-10-27 11:18:45,703] {logging_mixin.py:115} INFO - [2022-10-27 11:18:45,703] {dag.py:2371} INFO - Sync 1 DAGs
[2022-10-27 11:18:45,764] {logging_mixin.py:115} INFO - [2022-10-27 11:18:45,764] {dag.py:2919} INFO - Setting next_dagrun for example_short_circuit_operator to 2022-10-26T11:18:45.763808+00:00, run_after=2022-10-27T11:18:45.763808+00:00
[2022-10-27 11:18:45,805] {processor.py:161} INFO - Processing /home/airflow/.local/lib/python3.7/site-packages/airflow/example_dags/example_short_circuit_operator.py took 0.224 seconds
[2022-10-27 11:19:16,612] {processor.py:153} INFO - Started process (PID=6979) to work on /home/airflow/.local/lib/python3.7/site-packages/airflow/example_dags/example_short_circuit_operator.py
[2022-10-27 11:19:16,614] {processor.py:641} INFO - Processing file /home/airflow/.local/lib/python3.7/site-packages/airflow/example_dags/example_short_circuit_operator.py for tasks to queue
[2022-10-27 11:19:16,617] {logging_mixin.py:115} INFO - [2022-10-27 11:19:16,616] {dagbag.py:507} INFO - Filling up the DagBag from /home/airflow/.local/lib/python3.7/site-packages/airflow/example_dags/example_short_circuit_operator.py
[2022-10-27 11:19:16,656] {processor.py:651} INFO - DAG(s) dict_keys(['example_short_circuit_operator']) retrieved from /home/airflow/.local/lib/python3.7/site-packages/airflow/example_dags/example_short_circuit_operator.py
[2022-10-27 11:19:16,746] {logging_mixin.py:115} INFO - [2022-10-27 11:19:16,746] {dag.py:2371} INFO - Sync 1 DAGs
[2022-10-27 11:19:16,831] {logging_mixin.py:115} INFO - [2022-10-27 11:19:16,831] {dag.py:2919} INFO - Setting next_dagrun for example_short_circuit_operator to 2022-10-26T11:19:16.830682+00:00, run_after=2022-10-27T11:19:16.830682+00:00
[2022-10-27 11:19:16,880] {processor.py:161} INFO - Processing /home/airflow/.local/lib/python3.7/site-packages/airflow/example_dags/example_short_circuit_operator.py took 0.278 seconds
[2022-10-27 11:19:47,306] {processor.py:153} INFO - Started process (PID=7032) to work on /home/airflow/.local/lib/python3.7/site-packages/airflow/example_dags/example_short_circuit_operator.py
[2022-10-27 11:19:47,319] {processor.py:641} INFO - Processing file /home/airflow/.local/lib/python3.7/site-packages/airflow/example_dags/example_short_circuit_operator.py for tasks to queue
[2022-10-27 11:19:47,323] {logging_mixin.py:115} INFO - [2022-10-27 11:19:47,323] {dagbag.py:507} INFO - Filling up the DagBag from /home/airflow/.local/lib/python3.7/site-packages/airflow/example_dags/example_short_circuit_operator.py
[2022-10-27 11:19:47,364] {processor.py:651} INFO - DAG(s) dict_keys(['example_short_circuit_operator']) retrieved from /home/airflow/.local/lib/python3.7/site-packages/airflow/example_dags/example_short_circuit_operator.py
[2022-10-27 11:19:47,483] {logging_mixin.py:115} INFO - [2022-10-27 11:19:47,483] {dag.py:2371} INFO - Sync 1 DAGs
[2022-10-27 11:19:47,583] {logging_mixin.py:115} INFO - [2022-10-27 11:19:47,583] {dag.py:2919} INFO - Setting next_dagrun for example_short_circuit_operator to 2022-10-26T11:19:47.582880+00:00, run_after=2022-10-27T11:19:47.582880+00:00
[2022-10-27 11:19:47,644] {processor.py:161} INFO - Processing /home/airflow/.local/lib/python3.7/site-packages/airflow/example_dags/example_short_circuit_operator.py took 0.347 seconds
[2022-10-27 11:20:18,210] {processor.py:153} INFO - Started process (PID=7086) to work on /home/airflow/.local/lib/python3.7/site-packages/airflow/example_dags/example_short_circuit_operator.py
[2022-10-27 11:20:18,227] {processor.py:641} INFO - Processing file /home/airflow/.local/lib/python3.7/site-packages/airflow/example_dags/example_short_circuit_operator.py for tasks to queue
[2022-10-27 11:20:18,230] {logging_mixin.py:115} INFO - [2022-10-27 11:20:18,230] {dagbag.py:507} INFO - Filling up the DagBag from /home/airflow/.local/lib/python3.7/site-packages/airflow/example_dags/example_short_circuit_operator.py
[2022-10-27 11:20:18,311] {processor.py:651} INFO - DAG(s) dict_keys(['example_short_circuit_operator']) retrieved from /home/airflow/.local/lib/python3.7/site-packages/airflow/example_dags/example_short_circuit_operator.py
[2022-10-27 11:20:18,547] {logging_mixin.py:115} INFO - [2022-10-27 11:20:18,547] {dag.py:2371} INFO - Sync 1 DAGs
[2022-10-27 11:20:18,805] {logging_mixin.py:115} INFO - [2022-10-27 11:20:18,805] {dag.py:2919} INFO - Setting next_dagrun for example_short_circuit_operator to 2022-10-26T11:20:18.804983+00:00, run_after=2022-10-27T11:20:18.804983+00:00
[2022-10-27 11:20:18,962] {processor.py:161} INFO - Processing /home/airflow/.local/lib/python3.7/site-packages/airflow/example_dags/example_short_circuit_operator.py took 0.777 seconds
[2022-10-27 11:20:49,460] {processor.py:153} INFO - Started process (PID=7140) to work on /home/airflow/.local/lib/python3.7/site-packages/airflow/example_dags/example_short_circuit_operator.py
[2022-10-27 11:20:49,464] {processor.py:641} INFO - Processing file /home/airflow/.local/lib/python3.7/site-packages/airflow/example_dags/example_short_circuit_operator.py for tasks to queue
[2022-10-27 11:20:49,466] {logging_mixin.py:115} INFO - [2022-10-27 11:20:49,466] {dagbag.py:507} INFO - Filling up the DagBag from /home/airflow/.local/lib/python3.7/site-packages/airflow/example_dags/example_short_circuit_operator.py
[2022-10-27 11:20:49,523] {processor.py:651} INFO - DAG(s) dict_keys(['example_short_circuit_operator']) retrieved from /home/airflow/.local/lib/python3.7/site-packages/airflow/example_dags/example_short_circuit_operator.py
[2022-10-27 11:20:49,646] {logging_mixin.py:115} INFO - [2022-10-27 11:20:49,646] {dag.py:2371} INFO - Sync 1 DAGs
[2022-10-27 11:20:49,736] {logging_mixin.py:115} INFO - [2022-10-27 11:20:49,735] {dag.py:2919} INFO - Setting next_dagrun for example_short_circuit_operator to 2022-10-26T11:20:49.735389+00:00, run_after=2022-10-27T11:20:49.735389+00:00
[2022-10-27 11:20:49,801] {processor.py:161} INFO - Processing /home/airflow/.local/lib/python3.7/site-packages/airflow/example_dags/example_short_circuit_operator.py took 0.351 seconds
[2022-10-27 11:21:20,147] {processor.py:153} INFO - Started process (PID=7194) to work on /home/airflow/.local/lib/python3.7/site-packages/airflow/example_dags/example_short_circuit_operator.py
[2022-10-27 11:21:20,148] {processor.py:641} INFO - Processing file /home/airflow/.local/lib/python3.7/site-packages/airflow/example_dags/example_short_circuit_operator.py for tasks to queue
[2022-10-27 11:21:20,161] {logging_mixin.py:115} INFO - [2022-10-27 11:21:20,160] {dagbag.py:507} INFO - Filling up the DagBag from /home/airflow/.local/lib/python3.7/site-packages/airflow/example_dags/example_short_circuit_operator.py
[2022-10-27 11:21:20,204] {processor.py:651} INFO - DAG(s) dict_keys(['example_short_circuit_operator']) retrieved from /home/airflow/.local/lib/python3.7/site-packages/airflow/example_dags/example_short_circuit_operator.py
[2022-10-27 11:21:20,303] {logging_mixin.py:115} INFO - [2022-10-27 11:21:20,302] {dag.py:2371} INFO - Sync 1 DAGs
[2022-10-27 11:21:20,442] {logging_mixin.py:115} INFO - [2022-10-27 11:21:20,442] {dag.py:2919} INFO - Setting next_dagrun for example_short_circuit_operator to 2022-10-26T11:21:20.441699+00:00, run_after=2022-10-27T11:21:20.441699+00:00
[2022-10-27 11:21:20,506] {processor.py:161} INFO - Processing /home/airflow/.local/lib/python3.7/site-packages/airflow/example_dags/example_short_circuit_operator.py took 0.372 seconds
[2022-10-27 11:21:50,715] {processor.py:153} INFO - Started process (PID=7247) to work on /home/airflow/.local/lib/python3.7/site-packages/airflow/example_dags/example_short_circuit_operator.py
[2022-10-27 11:21:50,716] {processor.py:641} INFO - Processing file /home/airflow/.local/lib/python3.7/site-packages/airflow/example_dags/example_short_circuit_operator.py for tasks to queue
[2022-10-27 11:21:50,717] {logging_mixin.py:115} INFO - [2022-10-27 11:21:50,717] {dagbag.py:507} INFO - Filling up the DagBag from /home/airflow/.local/lib/python3.7/site-packages/airflow/example_dags/example_short_circuit_operator.py
[2022-10-27 11:21:50,735] {processor.py:651} INFO - DAG(s) dict_keys(['example_short_circuit_operator']) retrieved from /home/airflow/.local/lib/python3.7/site-packages/airflow/example_dags/example_short_circuit_operator.py
[2022-10-27 11:21:50,781] {logging_mixin.py:115} INFO - [2022-10-27 11:21:50,781] {dag.py:2371} INFO - Sync 1 DAGs
[2022-10-27 11:21:50,823] {logging_mixin.py:115} INFO - [2022-10-27 11:21:50,823] {dag.py:2919} INFO - Setting next_dagrun for example_short_circuit_operator to 2022-10-26T11:21:50.822595+00:00, run_after=2022-10-27T11:21:50.822595+00:00
[2022-10-27 11:21:50,846] {processor.py:161} INFO - Processing /home/airflow/.local/lib/python3.7/site-packages/airflow/example_dags/example_short_circuit_operator.py took 0.136 seconds
[2022-10-27 11:22:21,580] {processor.py:153} INFO - Started process (PID=7300) to work on /home/airflow/.local/lib/python3.7/site-packages/airflow/example_dags/example_short_circuit_operator.py
[2022-10-27 11:22:21,583] {processor.py:641} INFO - Processing file /home/airflow/.local/lib/python3.7/site-packages/airflow/example_dags/example_short_circuit_operator.py for tasks to queue
[2022-10-27 11:22:21,585] {logging_mixin.py:115} INFO - [2022-10-27 11:22:21,585] {dagbag.py:507} INFO - Filling up the DagBag from /home/airflow/.local/lib/python3.7/site-packages/airflow/example_dags/example_short_circuit_operator.py
[2022-10-27 11:22:21,614] {processor.py:651} INFO - DAG(s) dict_keys(['example_short_circuit_operator']) retrieved from /home/airflow/.local/lib/python3.7/site-packages/airflow/example_dags/example_short_circuit_operator.py
[2022-10-27 11:22:21,695] {logging_mixin.py:115} INFO - [2022-10-27 11:22:21,694] {dag.py:2371} INFO - Sync 1 DAGs
[2022-10-27 11:22:21,777] {logging_mixin.py:115} INFO - [2022-10-27 11:22:21,776] {dag.py:2919} INFO - Setting next_dagrun for example_short_circuit_operator to 2022-10-26T11:22:21.776406+00:00, run_after=2022-10-27T11:22:21.776406+00:00
[2022-10-27 11:22:21,813] {processor.py:161} INFO - Processing /home/airflow/.local/lib/python3.7/site-packages/airflow/example_dags/example_short_circuit_operator.py took 0.239 seconds
[2022-10-27 11:22:52,255] {processor.py:153} INFO - Started process (PID=7355) to work on /home/airflow/.local/lib/python3.7/site-packages/airflow/example_dags/example_short_circuit_operator.py
[2022-10-27 11:22:52,260] {processor.py:641} INFO - Processing file /home/airflow/.local/lib/python3.7/site-packages/airflow/example_dags/example_short_circuit_operator.py for tasks to queue
[2022-10-27 11:22:52,263] {logging_mixin.py:115} INFO - [2022-10-27 11:22:52,263] {dagbag.py:507} INFO - Filling up the DagBag from /home/airflow/.local/lib/python3.7/site-packages/airflow/example_dags/example_short_circuit_operator.py
[2022-10-27 11:22:52,288] {processor.py:651} INFO - DAG(s) dict_keys(['example_short_circuit_operator']) retrieved from /home/airflow/.local/lib/python3.7/site-packages/airflow/example_dags/example_short_circuit_operator.py
[2022-10-27 11:22:52,407] {logging_mixin.py:115} INFO - [2022-10-27 11:22:52,406] {dag.py:2371} INFO - Sync 1 DAGs
[2022-10-27 11:22:52,483] {logging_mixin.py:115} INFO - [2022-10-27 11:22:52,482] {dag.py:2919} INFO - Setting next_dagrun for example_short_circuit_operator to 2022-10-26T11:22:52.482410+00:00, run_after=2022-10-27T11:22:52.482410+00:00
[2022-10-27 11:22:52,541] {processor.py:161} INFO - Processing /home/airflow/.local/lib/python3.7/site-packages/airflow/example_dags/example_short_circuit_operator.py took 0.293 seconds
[2022-10-27 11:23:23,429] {processor.py:153} INFO - Started process (PID=7416) to work on /home/airflow/.local/lib/python3.7/site-packages/airflow/example_dags/example_short_circuit_operator.py
[2022-10-27 11:23:23,432] {processor.py:641} INFO - Processing file /home/airflow/.local/lib/python3.7/site-packages/airflow/example_dags/example_short_circuit_operator.py for tasks to queue
[2022-10-27 11:23:23,435] {logging_mixin.py:115} INFO - [2022-10-27 11:23:23,435] {dagbag.py:507} INFO - Filling up the DagBag from /home/airflow/.local/lib/python3.7/site-packages/airflow/example_dags/example_short_circuit_operator.py
[2022-10-27 11:23:23,488] {processor.py:651} INFO - DAG(s) dict_keys(['example_short_circuit_operator']) retrieved from /home/airflow/.local/lib/python3.7/site-packages/airflow/example_dags/example_short_circuit_operator.py
[2022-10-27 11:23:23,602] {logging_mixin.py:115} INFO - [2022-10-27 11:23:23,602] {dag.py:2371} INFO - Sync 1 DAGs
[2022-10-27 11:23:23,685] {logging_mixin.py:115} INFO - [2022-10-27 11:23:23,685] {dag.py:2919} INFO - Setting next_dagrun for example_short_circuit_operator to 2022-10-26T11:23:23.685217+00:00, run_after=2022-10-27T11:23:23.685217+00:00
[2022-10-27 11:23:23,733] {processor.py:161} INFO - Processing /home/airflow/.local/lib/python3.7/site-packages/airflow/example_dags/example_short_circuit_operator.py took 0.321 seconds
