[2022-10-27 11:02:12,179] {processor.py:153} INFO - Started process (PID=5266) to work on /home/airflow/.local/lib/python3.7/site-packages/airflow/example_dags/example_skip_dag.py
[2022-10-27 11:02:12,199] {processor.py:641} INFO - Processing file /home/airflow/.local/lib/python3.7/site-packages/airflow/example_dags/example_skip_dag.py for tasks to queue
[2022-10-27 11:02:12,251] {logging_mixin.py:115} INFO - [2022-10-27 11:02:12,251] {dagbag.py:507} INFO - Filling up the DagBag from /home/airflow/.local/lib/python3.7/site-packages/airflow/example_dags/example_skip_dag.py
[2022-10-27 11:02:12,280] {processor.py:651} INFO - DAG(s) dict_keys(['example_skip_dag']) retrieved from /home/airflow/.local/lib/python3.7/site-packages/airflow/example_dags/example_skip_dag.py
[2022-10-27 11:02:12,596] {logging_mixin.py:115} INFO - [2022-10-27 11:02:12,595] {dag.py:2371} INFO - Sync 1 DAGs
[2022-10-27 11:02:12,912] {logging_mixin.py:115} INFO - [2022-10-27 11:02:12,912] {dag.py:2919} INFO - Setting next_dagrun for example_skip_dag to 2022-10-26T11:02:12.910876+00:00, run_after=2022-10-27T11:02:12.910876+00:00
[2022-10-27 11:02:13,129] {processor.py:161} INFO - Processing /home/airflow/.local/lib/python3.7/site-packages/airflow/example_dags/example_skip_dag.py took 0.957 seconds
[2022-10-27 11:02:43,992] {processor.py:153} INFO - Started process (PID=5317) to work on /home/airflow/.local/lib/python3.7/site-packages/airflow/example_dags/example_skip_dag.py
[2022-10-27 11:02:43,995] {processor.py:641} INFO - Processing file /home/airflow/.local/lib/python3.7/site-packages/airflow/example_dags/example_skip_dag.py for tasks to queue
[2022-10-27 11:02:44,003] {logging_mixin.py:115} INFO - [2022-10-27 11:02:44,003] {dagbag.py:507} INFO - Filling up the DagBag from /home/airflow/.local/lib/python3.7/site-packages/airflow/example_dags/example_skip_dag.py
[2022-10-27 11:02:44,042] {processor.py:651} INFO - DAG(s) dict_keys(['example_skip_dag']) retrieved from /home/airflow/.local/lib/python3.7/site-packages/airflow/example_dags/example_skip_dag.py
[2022-10-27 11:02:44,288] {logging_mixin.py:115} INFO - [2022-10-27 11:02:44,288] {dag.py:2371} INFO - Sync 1 DAGs
[2022-10-27 11:02:44,590] {logging_mixin.py:115} INFO - [2022-10-27 11:02:44,590] {dag.py:2919} INFO - Setting next_dagrun for example_skip_dag to 2022-10-26T11:02:44.590025+00:00, run_after=2022-10-27T11:02:44.590025+00:00
[2022-10-27 11:02:44,743] {processor.py:161} INFO - Processing /home/airflow/.local/lib/python3.7/site-packages/airflow/example_dags/example_skip_dag.py took 0.789 seconds
[2022-10-27 11:03:15,414] {processor.py:153} INFO - Started process (PID=5363) to work on /home/airflow/.local/lib/python3.7/site-packages/airflow/example_dags/example_skip_dag.py
[2022-10-27 11:03:15,416] {processor.py:641} INFO - Processing file /home/airflow/.local/lib/python3.7/site-packages/airflow/example_dags/example_skip_dag.py for tasks to queue
[2022-10-27 11:03:15,418] {logging_mixin.py:115} INFO - [2022-10-27 11:03:15,417] {dagbag.py:507} INFO - Filling up the DagBag from /home/airflow/.local/lib/python3.7/site-packages/airflow/example_dags/example_skip_dag.py
[2022-10-27 11:03:15,427] {processor.py:651} INFO - DAG(s) dict_keys(['example_skip_dag']) retrieved from /home/airflow/.local/lib/python3.7/site-packages/airflow/example_dags/example_skip_dag.py
[2022-10-27 11:03:15,479] {logging_mixin.py:115} INFO - [2022-10-27 11:03:15,479] {dag.py:2371} INFO - Sync 1 DAGs
[2022-10-27 11:03:15,515] {logging_mixin.py:115} INFO - [2022-10-27 11:03:15,514] {dag.py:2919} INFO - Setting next_dagrun for example_skip_dag to 2022-10-26T11:03:15.514441+00:00, run_after=2022-10-27T11:03:15.514441+00:00
[2022-10-27 11:03:15,545] {processor.py:161} INFO - Processing /home/airflow/.local/lib/python3.7/site-packages/airflow/example_dags/example_skip_dag.py took 0.137 seconds
[2022-10-27 11:03:46,258] {processor.py:153} INFO - Started process (PID=5427) to work on /home/airflow/.local/lib/python3.7/site-packages/airflow/example_dags/example_skip_dag.py
[2022-10-27 11:03:46,269] {processor.py:641} INFO - Processing file /home/airflow/.local/lib/python3.7/site-packages/airflow/example_dags/example_skip_dag.py for tasks to queue
[2022-10-27 11:03:46,271] {logging_mixin.py:115} INFO - [2022-10-27 11:03:46,271] {dagbag.py:507} INFO - Filling up the DagBag from /home/airflow/.local/lib/python3.7/site-packages/airflow/example_dags/example_skip_dag.py
[2022-10-27 11:03:46,295] {processor.py:651} INFO - DAG(s) dict_keys(['example_skip_dag']) retrieved from /home/airflow/.local/lib/python3.7/site-packages/airflow/example_dags/example_skip_dag.py
[2022-10-27 11:03:46,520] {logging_mixin.py:115} INFO - [2022-10-27 11:03:46,520] {dag.py:2371} INFO - Sync 1 DAGs
[2022-10-27 11:03:46,734] {logging_mixin.py:115} INFO - [2022-10-27 11:03:46,734] {dag.py:2919} INFO - Setting next_dagrun for example_skip_dag to 2022-10-26T11:03:46.733777+00:00, run_after=2022-10-27T11:03:46.733777+00:00
[2022-10-27 11:03:46,901] {processor.py:161} INFO - Processing /home/airflow/.local/lib/python3.7/site-packages/airflow/example_dags/example_skip_dag.py took 0.651 seconds
[2022-10-27 11:04:17,223] {processor.py:153} INFO - Started process (PID=5481) to work on /home/airflow/.local/lib/python3.7/site-packages/airflow/example_dags/example_skip_dag.py
[2022-10-27 11:04:17,224] {processor.py:641} INFO - Processing file /home/airflow/.local/lib/python3.7/site-packages/airflow/example_dags/example_skip_dag.py for tasks to queue
[2022-10-27 11:04:17,228] {logging_mixin.py:115} INFO - [2022-10-27 11:04:17,227] {dagbag.py:507} INFO - Filling up the DagBag from /home/airflow/.local/lib/python3.7/site-packages/airflow/example_dags/example_skip_dag.py
[2022-10-27 11:04:17,271] {processor.py:651} INFO - DAG(s) dict_keys(['example_skip_dag']) retrieved from /home/airflow/.local/lib/python3.7/site-packages/airflow/example_dags/example_skip_dag.py
[2022-10-27 11:04:17,434] {logging_mixin.py:115} INFO - [2022-10-27 11:04:17,434] {dag.py:2371} INFO - Sync 1 DAGs
[2022-10-27 11:04:17,612] {logging_mixin.py:115} INFO - [2022-10-27 11:04:17,612] {dag.py:2919} INFO - Setting next_dagrun for example_skip_dag to 2022-10-26T11:04:17.612117+00:00, run_after=2022-10-27T11:04:17.612117+00:00
[2022-10-27 11:04:17,705] {processor.py:161} INFO - Processing /home/airflow/.local/lib/python3.7/site-packages/airflow/example_dags/example_skip_dag.py took 0.499 seconds
[2022-10-27 11:04:47,804] {processor.py:153} INFO - Started process (PID=5524) to work on /home/airflow/.local/lib/python3.7/site-packages/airflow/example_dags/example_skip_dag.py
[2022-10-27 11:04:47,806] {processor.py:641} INFO - Processing file /home/airflow/.local/lib/python3.7/site-packages/airflow/example_dags/example_skip_dag.py for tasks to queue
[2022-10-27 11:04:47,807] {logging_mixin.py:115} INFO - [2022-10-27 11:04:47,807] {dagbag.py:507} INFO - Filling up the DagBag from /home/airflow/.local/lib/python3.7/site-packages/airflow/example_dags/example_skip_dag.py
[2022-10-27 11:04:47,818] {processor.py:651} INFO - DAG(s) dict_keys(['example_skip_dag']) retrieved from /home/airflow/.local/lib/python3.7/site-packages/airflow/example_dags/example_skip_dag.py
[2022-10-27 11:04:47,890] {logging_mixin.py:115} INFO - [2022-10-27 11:04:47,890] {dag.py:2371} INFO - Sync 1 DAGs
[2022-10-27 11:04:47,980] {logging_mixin.py:115} INFO - [2022-10-27 11:04:47,980] {dag.py:2919} INFO - Setting next_dagrun for example_skip_dag to 2022-10-26T11:04:47.979874+00:00, run_after=2022-10-27T11:04:47.979874+00:00
[2022-10-27 11:04:48,024] {processor.py:161} INFO - Processing /home/airflow/.local/lib/python3.7/site-packages/airflow/example_dags/example_skip_dag.py took 0.229 seconds
[2022-10-27 11:05:18,893] {processor.py:153} INFO - Started process (PID=5577) to work on /home/airflow/.local/lib/python3.7/site-packages/airflow/example_dags/example_skip_dag.py
[2022-10-27 11:05:18,894] {processor.py:641} INFO - Processing file /home/airflow/.local/lib/python3.7/site-packages/airflow/example_dags/example_skip_dag.py for tasks to queue
[2022-10-27 11:05:18,897] {logging_mixin.py:115} INFO - [2022-10-27 11:05:18,897] {dagbag.py:507} INFO - Filling up the DagBag from /home/airflow/.local/lib/python3.7/site-packages/airflow/example_dags/example_skip_dag.py
[2022-10-27 11:05:18,919] {processor.py:651} INFO - DAG(s) dict_keys(['example_skip_dag']) retrieved from /home/airflow/.local/lib/python3.7/site-packages/airflow/example_dags/example_skip_dag.py
[2022-10-27 11:05:18,977] {logging_mixin.py:115} INFO - [2022-10-27 11:05:18,977] {dag.py:2371} INFO - Sync 1 DAGs
[2022-10-27 11:05:19,051] {logging_mixin.py:115} INFO - [2022-10-27 11:05:19,051] {dag.py:2919} INFO - Setting next_dagrun for example_skip_dag to 2022-10-26T11:05:19.051190+00:00, run_after=2022-10-27T11:05:19.051190+00:00
[2022-10-27 11:05:19,105] {processor.py:161} INFO - Processing /home/airflow/.local/lib/python3.7/site-packages/airflow/example_dags/example_skip_dag.py took 0.226 seconds
[2022-10-27 11:05:49,372] {processor.py:153} INFO - Started process (PID=5630) to work on /home/airflow/.local/lib/python3.7/site-packages/airflow/example_dags/example_skip_dag.py
[2022-10-27 11:05:49,374] {processor.py:641} INFO - Processing file /home/airflow/.local/lib/python3.7/site-packages/airflow/example_dags/example_skip_dag.py for tasks to queue
[2022-10-27 11:05:49,376] {logging_mixin.py:115} INFO - [2022-10-27 11:05:49,375] {dagbag.py:507} INFO - Filling up the DagBag from /home/airflow/.local/lib/python3.7/site-packages/airflow/example_dags/example_skip_dag.py
[2022-10-27 11:05:49,395] {processor.py:651} INFO - DAG(s) dict_keys(['example_skip_dag']) retrieved from /home/airflow/.local/lib/python3.7/site-packages/airflow/example_dags/example_skip_dag.py
[2022-10-27 11:05:49,495] {logging_mixin.py:115} INFO - [2022-10-27 11:05:49,494] {dag.py:2371} INFO - Sync 1 DAGs
[2022-10-27 11:05:49,614] {logging_mixin.py:115} INFO - [2022-10-27 11:05:49,614] {dag.py:2919} INFO - Setting next_dagrun for example_skip_dag to 2022-10-26T11:05:49.613713+00:00, run_after=2022-10-27T11:05:49.613713+00:00
[2022-10-27 11:05:49,686] {processor.py:161} INFO - Processing /home/airflow/.local/lib/python3.7/site-packages/airflow/example_dags/example_skip_dag.py took 0.325 seconds
[2022-10-27 11:06:20,317] {processor.py:153} INFO - Started process (PID=5673) to work on /home/airflow/.local/lib/python3.7/site-packages/airflow/example_dags/example_skip_dag.py
[2022-10-27 11:06:20,319] {processor.py:641} INFO - Processing file /home/airflow/.local/lib/python3.7/site-packages/airflow/example_dags/example_skip_dag.py for tasks to queue
[2022-10-27 11:06:20,323] {logging_mixin.py:115} INFO - [2022-10-27 11:06:20,322] {dagbag.py:507} INFO - Filling up the DagBag from /home/airflow/.local/lib/python3.7/site-packages/airflow/example_dags/example_skip_dag.py
[2022-10-27 11:06:20,364] {processor.py:651} INFO - DAG(s) dict_keys(['example_skip_dag']) retrieved from /home/airflow/.local/lib/python3.7/site-packages/airflow/example_dags/example_skip_dag.py
[2022-10-27 11:06:20,512] {logging_mixin.py:115} INFO - [2022-10-27 11:06:20,502] {dag.py:2371} INFO - Sync 1 DAGs
[2022-10-27 11:06:20,675] {logging_mixin.py:115} INFO - [2022-10-27 11:06:20,674] {dag.py:2919} INFO - Setting next_dagrun for example_skip_dag to 2022-10-26T11:06:20.674403+00:00, run_after=2022-10-27T11:06:20.674403+00:00
[2022-10-27 11:06:20,771] {processor.py:161} INFO - Processing /home/airflow/.local/lib/python3.7/site-packages/airflow/example_dags/example_skip_dag.py took 0.472 seconds
[2022-10-27 11:06:52,722] {processor.py:153} INFO - Started process (PID=5727) to work on /home/airflow/.local/lib/python3.7/site-packages/airflow/example_dags/example_skip_dag.py
[2022-10-27 11:06:52,723] {processor.py:641} INFO - Processing file /home/airflow/.local/lib/python3.7/site-packages/airflow/example_dags/example_skip_dag.py for tasks to queue
[2022-10-27 11:06:52,726] {logging_mixin.py:115} INFO - [2022-10-27 11:06:52,725] {dagbag.py:507} INFO - Filling up the DagBag from /home/airflow/.local/lib/python3.7/site-packages/airflow/example_dags/example_skip_dag.py
[2022-10-27 11:06:52,834] {processor.py:651} INFO - DAG(s) dict_keys(['example_skip_dag']) retrieved from /home/airflow/.local/lib/python3.7/site-packages/airflow/example_dags/example_skip_dag.py
[2022-10-27 11:06:53,412] {logging_mixin.py:115} INFO - [2022-10-27 11:06:53,411] {dag.py:2371} INFO - Sync 1 DAGs
[2022-10-27 11:06:53,980] {logging_mixin.py:115} INFO - [2022-10-27 11:06:53,980] {dag.py:2919} INFO - Setting next_dagrun for example_skip_dag to 2022-10-26T11:06:53.979815+00:00, run_after=2022-10-27T11:06:53.979815+00:00
[2022-10-27 11:06:54,179] {processor.py:161} INFO - Processing /home/airflow/.local/lib/python3.7/site-packages/airflow/example_dags/example_skip_dag.py took 1.490 seconds
[2022-10-27 11:07:25,054] {processor.py:153} INFO - Started process (PID=5780) to work on /home/airflow/.local/lib/python3.7/site-packages/airflow/example_dags/example_skip_dag.py
[2022-10-27 11:07:25,065] {processor.py:641} INFO - Processing file /home/airflow/.local/lib/python3.7/site-packages/airflow/example_dags/example_skip_dag.py for tasks to queue
[2022-10-27 11:07:25,072] {logging_mixin.py:115} INFO - [2022-10-27 11:07:25,068] {dagbag.py:507} INFO - Filling up the DagBag from /home/airflow/.local/lib/python3.7/site-packages/airflow/example_dags/example_skip_dag.py
[2022-10-27 11:07:25,122] {processor.py:651} INFO - DAG(s) dict_keys(['example_skip_dag']) retrieved from /home/airflow/.local/lib/python3.7/site-packages/airflow/example_dags/example_skip_dag.py
[2022-10-27 11:07:25,315] {logging_mixin.py:115} INFO - [2022-10-27 11:07:25,315] {dag.py:2371} INFO - Sync 1 DAGs
[2022-10-27 11:07:25,412] {logging_mixin.py:115} INFO - [2022-10-27 11:07:25,411] {dag.py:2919} INFO - Setting next_dagrun for example_skip_dag to 2022-10-26T11:07:25.407810+00:00, run_after=2022-10-27T11:07:25.407810+00:00
[2022-10-27 11:07:25,464] {processor.py:161} INFO - Processing /home/airflow/.local/lib/python3.7/site-packages/airflow/example_dags/example_skip_dag.py took 0.432 seconds
[2022-10-27 11:07:55,608] {processor.py:153} INFO - Started process (PID=5834) to work on /home/airflow/.local/lib/python3.7/site-packages/airflow/example_dags/example_skip_dag.py
[2022-10-27 11:07:55,609] {processor.py:641} INFO - Processing file /home/airflow/.local/lib/python3.7/site-packages/airflow/example_dags/example_skip_dag.py for tasks to queue
[2022-10-27 11:07:55,612] {logging_mixin.py:115} INFO - [2022-10-27 11:07:55,612] {dagbag.py:507} INFO - Filling up the DagBag from /home/airflow/.local/lib/python3.7/site-packages/airflow/example_dags/example_skip_dag.py
[2022-10-27 11:07:55,646] {processor.py:651} INFO - DAG(s) dict_keys(['example_skip_dag']) retrieved from /home/airflow/.local/lib/python3.7/site-packages/airflow/example_dags/example_skip_dag.py
[2022-10-27 11:07:55,775] {logging_mixin.py:115} INFO - [2022-10-27 11:07:55,773] {dag.py:2371} INFO - Sync 1 DAGs
[2022-10-27 11:07:55,860] {logging_mixin.py:115} INFO - [2022-10-27 11:07:55,860] {dag.py:2919} INFO - Setting next_dagrun for example_skip_dag to 2022-10-26T11:07:55.859570+00:00, run_after=2022-10-27T11:07:55.859570+00:00
[2022-10-27 11:07:55,898] {processor.py:161} INFO - Processing /home/airflow/.local/lib/python3.7/site-packages/airflow/example_dags/example_skip_dag.py took 0.306 seconds
[2022-10-27 11:08:26,855] {processor.py:153} INFO - Started process (PID=5887) to work on /home/airflow/.local/lib/python3.7/site-packages/airflow/example_dags/example_skip_dag.py
[2022-10-27 11:08:26,881] {processor.py:641} INFO - Processing file /home/airflow/.local/lib/python3.7/site-packages/airflow/example_dags/example_skip_dag.py for tasks to queue
[2022-10-27 11:08:26,899] {logging_mixin.py:115} INFO - [2022-10-27 11:08:26,899] {dagbag.py:507} INFO - Filling up the DagBag from /home/airflow/.local/lib/python3.7/site-packages/airflow/example_dags/example_skip_dag.py
[2022-10-27 11:08:26,957] {processor.py:651} INFO - DAG(s) dict_keys(['example_skip_dag']) retrieved from /home/airflow/.local/lib/python3.7/site-packages/airflow/example_dags/example_skip_dag.py
[2022-10-27 11:08:27,350] {logging_mixin.py:115} INFO - [2022-10-27 11:08:27,350] {dag.py:2371} INFO - Sync 1 DAGs
[2022-10-27 11:08:27,568] {logging_mixin.py:115} INFO - [2022-10-27 11:08:27,568] {dag.py:2919} INFO - Setting next_dagrun for example_skip_dag to 2022-10-26T11:08:27.568089+00:00, run_after=2022-10-27T11:08:27.568089+00:00
[2022-10-27 11:08:27,661] {processor.py:161} INFO - Processing /home/airflow/.local/lib/python3.7/site-packages/airflow/example_dags/example_skip_dag.py took 0.814 seconds
[2022-10-27 11:08:58,316] {processor.py:153} INFO - Started process (PID=5933) to work on /home/airflow/.local/lib/python3.7/site-packages/airflow/example_dags/example_skip_dag.py
[2022-10-27 11:08:58,325] {processor.py:641} INFO - Processing file /home/airflow/.local/lib/python3.7/site-packages/airflow/example_dags/example_skip_dag.py for tasks to queue
[2022-10-27 11:08:58,337] {logging_mixin.py:115} INFO - [2022-10-27 11:08:58,337] {dagbag.py:507} INFO - Filling up the DagBag from /home/airflow/.local/lib/python3.7/site-packages/airflow/example_dags/example_skip_dag.py
[2022-10-27 11:08:58,405] {processor.py:651} INFO - DAG(s) dict_keys(['example_skip_dag']) retrieved from /home/airflow/.local/lib/python3.7/site-packages/airflow/example_dags/example_skip_dag.py
[2022-10-27 11:08:58,617] {logging_mixin.py:115} INFO - [2022-10-27 11:08:58,617] {dag.py:2371} INFO - Sync 1 DAGs
[2022-10-27 11:08:58,788] {logging_mixin.py:115} INFO - [2022-10-27 11:08:58,788] {dag.py:2919} INFO - Setting next_dagrun for example_skip_dag to 2022-10-26T11:08:58.787543+00:00, run_after=2022-10-27T11:08:58.787543+00:00
[2022-10-27 11:08:58,903] {processor.py:161} INFO - Processing /home/airflow/.local/lib/python3.7/site-packages/airflow/example_dags/example_skip_dag.py took 0.615 seconds
[2022-10-27 11:09:33,143] {processor.py:153} INFO - Started process (PID=5987) to work on /home/airflow/.local/lib/python3.7/site-packages/airflow/example_dags/example_skip_dag.py
[2022-10-27 11:09:33,204] {processor.py:641} INFO - Processing file /home/airflow/.local/lib/python3.7/site-packages/airflow/example_dags/example_skip_dag.py for tasks to queue
[2022-10-27 11:09:33,220] {logging_mixin.py:115} INFO - [2022-10-27 11:09:33,220] {dagbag.py:507} INFO - Filling up the DagBag from /home/airflow/.local/lib/python3.7/site-packages/airflow/example_dags/example_skip_dag.py
[2022-10-27 11:09:33,482] {processor.py:651} INFO - DAG(s) dict_keys(['example_skip_dag']) retrieved from /home/airflow/.local/lib/python3.7/site-packages/airflow/example_dags/example_skip_dag.py
[2022-10-27 11:09:34,179] {logging_mixin.py:115} INFO - [2022-10-27 11:09:34,179] {dag.py:2371} INFO - Sync 1 DAGs
[2022-10-27 11:09:34,597] {logging_mixin.py:115} INFO - [2022-10-27 11:09:34,597] {dag.py:2919} INFO - Setting next_dagrun for example_skip_dag to 2022-10-26T11:09:34.592549+00:00, run_after=2022-10-27T11:09:34.592549+00:00
[2022-10-27 11:09:34,957] {processor.py:161} INFO - Processing /home/airflow/.local/lib/python3.7/site-packages/airflow/example_dags/example_skip_dag.py took 1.832 seconds
[2022-10-27 11:10:05,421] {processor.py:153} INFO - Started process (PID=6042) to work on /home/airflow/.local/lib/python3.7/site-packages/airflow/example_dags/example_skip_dag.py
[2022-10-27 11:10:05,436] {processor.py:641} INFO - Processing file /home/airflow/.local/lib/python3.7/site-packages/airflow/example_dags/example_skip_dag.py for tasks to queue
[2022-10-27 11:10:05,440] {logging_mixin.py:115} INFO - [2022-10-27 11:10:05,440] {dagbag.py:507} INFO - Filling up the DagBag from /home/airflow/.local/lib/python3.7/site-packages/airflow/example_dags/example_skip_dag.py
[2022-10-27 11:10:05,456] {processor.py:651} INFO - DAG(s) dict_keys(['example_skip_dag']) retrieved from /home/airflow/.local/lib/python3.7/site-packages/airflow/example_dags/example_skip_dag.py
[2022-10-27 11:10:05,664] {logging_mixin.py:115} INFO - [2022-10-27 11:10:05,663] {dag.py:2371} INFO - Sync 1 DAGs
[2022-10-27 11:10:05,755] {logging_mixin.py:115} INFO - [2022-10-27 11:10:05,755] {dag.py:2919} INFO - Setting next_dagrun for example_skip_dag to 2022-10-26T11:10:05.754612+00:00, run_after=2022-10-27T11:10:05.754612+00:00
[2022-10-27 11:10:05,812] {processor.py:161} INFO - Processing /home/airflow/.local/lib/python3.7/site-packages/airflow/example_dags/example_skip_dag.py took 0.398 seconds
[2022-10-27 11:10:36,365] {processor.py:153} INFO - Started process (PID=6096) to work on /home/airflow/.local/lib/python3.7/site-packages/airflow/example_dags/example_skip_dag.py
[2022-10-27 11:10:36,372] {processor.py:641} INFO - Processing file /home/airflow/.local/lib/python3.7/site-packages/airflow/example_dags/example_skip_dag.py for tasks to queue
[2022-10-27 11:10:36,375] {logging_mixin.py:115} INFO - [2022-10-27 11:10:36,375] {dagbag.py:507} INFO - Filling up the DagBag from /home/airflow/.local/lib/python3.7/site-packages/airflow/example_dags/example_skip_dag.py
[2022-10-27 11:10:36,401] {processor.py:651} INFO - DAG(s) dict_keys(['example_skip_dag']) retrieved from /home/airflow/.local/lib/python3.7/site-packages/airflow/example_dags/example_skip_dag.py
[2022-10-27 11:10:36,514] {logging_mixin.py:115} INFO - [2022-10-27 11:10:36,513] {dag.py:2371} INFO - Sync 1 DAGs
[2022-10-27 11:10:36,580] {logging_mixin.py:115} INFO - [2022-10-27 11:10:36,580] {dag.py:2919} INFO - Setting next_dagrun for example_skip_dag to 2022-10-26T11:10:36.579826+00:00, run_after=2022-10-27T11:10:36.579826+00:00
[2022-10-27 11:10:36,623] {processor.py:161} INFO - Processing /home/airflow/.local/lib/python3.7/site-packages/airflow/example_dags/example_skip_dag.py took 0.265 seconds
[2022-10-27 11:11:08,373] {processor.py:153} INFO - Started process (PID=6150) to work on /home/airflow/.local/lib/python3.7/site-packages/airflow/example_dags/example_skip_dag.py
[2022-10-27 11:11:08,379] {processor.py:641} INFO - Processing file /home/airflow/.local/lib/python3.7/site-packages/airflow/example_dags/example_skip_dag.py for tasks to queue
[2022-10-27 11:11:08,394] {logging_mixin.py:115} INFO - [2022-10-27 11:11:08,394] {dagbag.py:507} INFO - Filling up the DagBag from /home/airflow/.local/lib/python3.7/site-packages/airflow/example_dags/example_skip_dag.py
[2022-10-27 11:11:08,440] {processor.py:651} INFO - DAG(s) dict_keys(['example_skip_dag']) retrieved from /home/airflow/.local/lib/python3.7/site-packages/airflow/example_dags/example_skip_dag.py
[2022-10-27 11:11:08,673] {logging_mixin.py:115} INFO - [2022-10-27 11:11:08,673] {dag.py:2371} INFO - Sync 1 DAGs
[2022-10-27 11:11:08,925] {logging_mixin.py:115} INFO - [2022-10-27 11:11:08,924] {dag.py:2919} INFO - Setting next_dagrun for example_skip_dag to 2022-10-26T11:11:08.924342+00:00, run_after=2022-10-27T11:11:08.924342+00:00
[2022-10-27 11:11:09,090] {processor.py:161} INFO - Processing /home/airflow/.local/lib/python3.7/site-packages/airflow/example_dags/example_skip_dag.py took 0.746 seconds
[2022-10-27 11:11:41,791] {processor.py:153} INFO - Started process (PID=6195) to work on /home/airflow/.local/lib/python3.7/site-packages/airflow/example_dags/example_skip_dag.py
[2022-10-27 11:11:41,802] {processor.py:641} INFO - Processing file /home/airflow/.local/lib/python3.7/site-packages/airflow/example_dags/example_skip_dag.py for tasks to queue
[2022-10-27 11:11:41,820] {logging_mixin.py:115} INFO - [2022-10-27 11:11:41,820] {dagbag.py:507} INFO - Filling up the DagBag from /home/airflow/.local/lib/python3.7/site-packages/airflow/example_dags/example_skip_dag.py
[2022-10-27 11:11:41,872] {processor.py:651} INFO - DAG(s) dict_keys(['example_skip_dag']) retrieved from /home/airflow/.local/lib/python3.7/site-packages/airflow/example_dags/example_skip_dag.py
[2022-10-27 11:11:42,077] {logging_mixin.py:115} INFO - [2022-10-27 11:11:42,077] {dag.py:2371} INFO - Sync 1 DAGs
[2022-10-27 11:11:42,354] {logging_mixin.py:115} INFO - [2022-10-27 11:11:42,326] {dag.py:2919} INFO - Setting next_dagrun for example_skip_dag to 2022-10-26T11:11:42.325997+00:00, run_after=2022-10-27T11:11:42.325997+00:00
[2022-10-27 11:11:42,561] {processor.py:161} INFO - Processing /home/airflow/.local/lib/python3.7/site-packages/airflow/example_dags/example_skip_dag.py took 0.788 seconds
[2022-10-27 11:12:13,393] {processor.py:153} INFO - Started process (PID=6247) to work on /home/airflow/.local/lib/python3.7/site-packages/airflow/example_dags/example_skip_dag.py
[2022-10-27 11:12:13,394] {processor.py:641} INFO - Processing file /home/airflow/.local/lib/python3.7/site-packages/airflow/example_dags/example_skip_dag.py for tasks to queue
[2022-10-27 11:12:13,406] {logging_mixin.py:115} INFO - [2022-10-27 11:12:13,405] {dagbag.py:507} INFO - Filling up the DagBag from /home/airflow/.local/lib/python3.7/site-packages/airflow/example_dags/example_skip_dag.py
[2022-10-27 11:12:13,436] {processor.py:651} INFO - DAG(s) dict_keys(['example_skip_dag']) retrieved from /home/airflow/.local/lib/python3.7/site-packages/airflow/example_dags/example_skip_dag.py
[2022-10-27 11:12:13,541] {logging_mixin.py:115} INFO - [2022-10-27 11:12:13,541] {dag.py:2371} INFO - Sync 1 DAGs
[2022-10-27 11:12:13,646] {logging_mixin.py:115} INFO - [2022-10-27 11:12:13,645] {dag.py:2919} INFO - Setting next_dagrun for example_skip_dag to 2022-10-26T11:12:13.644867+00:00, run_after=2022-10-27T11:12:13.644867+00:00
[2022-10-27 11:12:13,682] {processor.py:161} INFO - Processing /home/airflow/.local/lib/python3.7/site-packages/airflow/example_dags/example_skip_dag.py took 0.308 seconds
[2022-10-27 11:12:43,744] {processor.py:153} INFO - Started process (PID=6299) to work on /home/airflow/.local/lib/python3.7/site-packages/airflow/example_dags/example_skip_dag.py
[2022-10-27 11:12:43,746] {processor.py:641} INFO - Processing file /home/airflow/.local/lib/python3.7/site-packages/airflow/example_dags/example_skip_dag.py for tasks to queue
[2022-10-27 11:12:43,749] {logging_mixin.py:115} INFO - [2022-10-27 11:12:43,749] {dagbag.py:507} INFO - Filling up the DagBag from /home/airflow/.local/lib/python3.7/site-packages/airflow/example_dags/example_skip_dag.py
[2022-10-27 11:12:43,761] {processor.py:651} INFO - DAG(s) dict_keys(['example_skip_dag']) retrieved from /home/airflow/.local/lib/python3.7/site-packages/airflow/example_dags/example_skip_dag.py
[2022-10-27 11:12:43,819] {logging_mixin.py:115} INFO - [2022-10-27 11:12:43,819] {dag.py:2371} INFO - Sync 1 DAGs
[2022-10-27 11:12:43,883] {logging_mixin.py:115} INFO - [2022-10-27 11:12:43,882] {dag.py:2919} INFO - Setting next_dagrun for example_skip_dag to 2022-10-26T11:12:43.880208+00:00, run_after=2022-10-27T11:12:43.880208+00:00
[2022-10-27 11:12:43,931] {processor.py:161} INFO - Processing /home/airflow/.local/lib/python3.7/site-packages/airflow/example_dags/example_skip_dag.py took 0.191 seconds
[2022-10-27 11:13:14,890] {processor.py:153} INFO - Started process (PID=6352) to work on /home/airflow/.local/lib/python3.7/site-packages/airflow/example_dags/example_skip_dag.py
[2022-10-27 11:13:14,919] {processor.py:641} INFO - Processing file /home/airflow/.local/lib/python3.7/site-packages/airflow/example_dags/example_skip_dag.py for tasks to queue
[2022-10-27 11:13:14,925] {logging_mixin.py:115} INFO - [2022-10-27 11:13:14,925] {dagbag.py:507} INFO - Filling up the DagBag from /home/airflow/.local/lib/python3.7/site-packages/airflow/example_dags/example_skip_dag.py
[2022-10-27 11:13:14,993] {processor.py:651} INFO - DAG(s) dict_keys(['example_skip_dag']) retrieved from /home/airflow/.local/lib/python3.7/site-packages/airflow/example_dags/example_skip_dag.py
[2022-10-27 11:13:15,144] {logging_mixin.py:115} INFO - [2022-10-27 11:13:15,143] {dag.py:2371} INFO - Sync 1 DAGs
[2022-10-27 11:13:15,318] {logging_mixin.py:115} INFO - [2022-10-27 11:13:15,317] {dag.py:2919} INFO - Setting next_dagrun for example_skip_dag to 2022-10-26T11:13:15.316071+00:00, run_after=2022-10-27T11:13:15.316071+00:00
[2022-10-27 11:13:15,543] {processor.py:161} INFO - Processing /home/airflow/.local/lib/python3.7/site-packages/airflow/example_dags/example_skip_dag.py took 0.661 seconds
[2022-10-27 11:13:46,341] {processor.py:153} INFO - Started process (PID=6406) to work on /home/airflow/.local/lib/python3.7/site-packages/airflow/example_dags/example_skip_dag.py
[2022-10-27 11:13:46,343] {processor.py:641} INFO - Processing file /home/airflow/.local/lib/python3.7/site-packages/airflow/example_dags/example_skip_dag.py for tasks to queue
[2022-10-27 11:13:46,345] {logging_mixin.py:115} INFO - [2022-10-27 11:13:46,345] {dagbag.py:507} INFO - Filling up the DagBag from /home/airflow/.local/lib/python3.7/site-packages/airflow/example_dags/example_skip_dag.py
[2022-10-27 11:13:46,410] {processor.py:651} INFO - DAG(s) dict_keys(['example_skip_dag']) retrieved from /home/airflow/.local/lib/python3.7/site-packages/airflow/example_dags/example_skip_dag.py
[2022-10-27 11:13:46,718] {logging_mixin.py:115} INFO - [2022-10-27 11:13:46,717] {dag.py:2371} INFO - Sync 1 DAGs
[2022-10-27 11:13:46,925] {logging_mixin.py:115} INFO - [2022-10-27 11:13:46,925] {dag.py:2919} INFO - Setting next_dagrun for example_skip_dag to 2022-10-26T11:13:46.924897+00:00, run_after=2022-10-27T11:13:46.924897+00:00
[2022-10-27 11:13:47,142] {processor.py:161} INFO - Processing /home/airflow/.local/lib/python3.7/site-packages/airflow/example_dags/example_skip_dag.py took 0.818 seconds
[2022-10-27 11:14:18,314] {processor.py:153} INFO - Started process (PID=6459) to work on /home/airflow/.local/lib/python3.7/site-packages/airflow/example_dags/example_skip_dag.py
[2022-10-27 11:14:18,361] {processor.py:641} INFO - Processing file /home/airflow/.local/lib/python3.7/site-packages/airflow/example_dags/example_skip_dag.py for tasks to queue
[2022-10-27 11:14:18,395] {logging_mixin.py:115} INFO - [2022-10-27 11:14:18,394] {dagbag.py:507} INFO - Filling up the DagBag from /home/airflow/.local/lib/python3.7/site-packages/airflow/example_dags/example_skip_dag.py
[2022-10-27 11:14:18,640] {processor.py:651} INFO - DAG(s) dict_keys(['example_skip_dag']) retrieved from /home/airflow/.local/lib/python3.7/site-packages/airflow/example_dags/example_skip_dag.py
[2022-10-27 11:14:19,267] {logging_mixin.py:115} INFO - [2022-10-27 11:14:19,266] {dag.py:2371} INFO - Sync 1 DAGs
[2022-10-27 11:14:19,785] {logging_mixin.py:115} INFO - [2022-10-27 11:14:19,785] {dag.py:2919} INFO - Setting next_dagrun for example_skip_dag to 2022-10-26T11:14:19.784421+00:00, run_after=2022-10-27T11:14:19.784421+00:00
[2022-10-27 11:14:20,138] {processor.py:161} INFO - Processing /home/airflow/.local/lib/python3.7/site-packages/airflow/example_dags/example_skip_dag.py took 1.817 seconds
[2022-10-27 11:14:50,280] {processor.py:153} INFO - Started process (PID=6511) to work on /home/airflow/.local/lib/python3.7/site-packages/airflow/example_dags/example_skip_dag.py
[2022-10-27 11:14:50,283] {processor.py:641} INFO - Processing file /home/airflow/.local/lib/python3.7/site-packages/airflow/example_dags/example_skip_dag.py for tasks to queue
[2022-10-27 11:14:50,285] {logging_mixin.py:115} INFO - [2022-10-27 11:14:50,285] {dagbag.py:507} INFO - Filling up the DagBag from /home/airflow/.local/lib/python3.7/site-packages/airflow/example_dags/example_skip_dag.py
[2022-10-27 11:14:50,294] {processor.py:651} INFO - DAG(s) dict_keys(['example_skip_dag']) retrieved from /home/airflow/.local/lib/python3.7/site-packages/airflow/example_dags/example_skip_dag.py
[2022-10-27 11:14:50,356] {logging_mixin.py:115} INFO - [2022-10-27 11:14:50,356] {dag.py:2371} INFO - Sync 1 DAGs
[2022-10-27 11:14:50,408] {logging_mixin.py:115} INFO - [2022-10-27 11:14:50,408] {dag.py:2919} INFO - Setting next_dagrun for example_skip_dag to 2022-10-26T11:14:50.407827+00:00, run_after=2022-10-27T11:14:50.407827+00:00
[2022-10-27 11:14:50,438] {processor.py:161} INFO - Processing /home/airflow/.local/lib/python3.7/site-packages/airflow/example_dags/example_skip_dag.py took 0.163 seconds
[2022-10-27 11:15:21,294] {processor.py:153} INFO - Started process (PID=6565) to work on /home/airflow/.local/lib/python3.7/site-packages/airflow/example_dags/example_skip_dag.py
[2022-10-27 11:15:21,299] {processor.py:641} INFO - Processing file /home/airflow/.local/lib/python3.7/site-packages/airflow/example_dags/example_skip_dag.py for tasks to queue
[2022-10-27 11:15:21,300] {logging_mixin.py:115} INFO - [2022-10-27 11:15:21,300] {dagbag.py:507} INFO - Filling up the DagBag from /home/airflow/.local/lib/python3.7/site-packages/airflow/example_dags/example_skip_dag.py
[2022-10-27 11:15:21,311] {processor.py:651} INFO - DAG(s) dict_keys(['example_skip_dag']) retrieved from /home/airflow/.local/lib/python3.7/site-packages/airflow/example_dags/example_skip_dag.py
[2022-10-27 11:15:21,392] {logging_mixin.py:115} INFO - [2022-10-27 11:15:21,392] {dag.py:2371} INFO - Sync 1 DAGs
[2022-10-27 11:15:21,469] {logging_mixin.py:115} INFO - [2022-10-27 11:15:21,468] {dag.py:2919} INFO - Setting next_dagrun for example_skip_dag to 2022-10-26T11:15:21.468177+00:00, run_after=2022-10-27T11:15:21.468177+00:00
[2022-10-27 11:15:21,520] {processor.py:161} INFO - Processing /home/airflow/.local/lib/python3.7/site-packages/airflow/example_dags/example_skip_dag.py took 0.233 seconds
[2022-10-27 11:15:51,819] {processor.py:153} INFO - Started process (PID=6617) to work on /home/airflow/.local/lib/python3.7/site-packages/airflow/example_dags/example_skip_dag.py
[2022-10-27 11:15:51,820] {processor.py:641} INFO - Processing file /home/airflow/.local/lib/python3.7/site-packages/airflow/example_dags/example_skip_dag.py for tasks to queue
[2022-10-27 11:15:51,821] {logging_mixin.py:115} INFO - [2022-10-27 11:15:51,821] {dagbag.py:507} INFO - Filling up the DagBag from /home/airflow/.local/lib/python3.7/site-packages/airflow/example_dags/example_skip_dag.py
[2022-10-27 11:15:51,838] {processor.py:651} INFO - DAG(s) dict_keys(['example_skip_dag']) retrieved from /home/airflow/.local/lib/python3.7/site-packages/airflow/example_dags/example_skip_dag.py
[2022-10-27 11:15:51,941] {logging_mixin.py:115} INFO - [2022-10-27 11:15:51,940] {dag.py:2371} INFO - Sync 1 DAGs
[2022-10-27 11:15:52,001] {logging_mixin.py:115} INFO - [2022-10-27 11:15:52,001] {dag.py:2919} INFO - Setting next_dagrun for example_skip_dag to 2022-10-26T11:15:52.000504+00:00, run_after=2022-10-27T11:15:52.000504+00:00
[2022-10-27 11:15:52,039] {processor.py:161} INFO - Processing /home/airflow/.local/lib/python3.7/site-packages/airflow/example_dags/example_skip_dag.py took 0.230 seconds
[2022-10-27 11:16:22,129] {processor.py:153} INFO - Started process (PID=6671) to work on /home/airflow/.local/lib/python3.7/site-packages/airflow/example_dags/example_skip_dag.py
[2022-10-27 11:16:22,131] {processor.py:641} INFO - Processing file /home/airflow/.local/lib/python3.7/site-packages/airflow/example_dags/example_skip_dag.py for tasks to queue
[2022-10-27 11:16:22,132] {logging_mixin.py:115} INFO - [2022-10-27 11:16:22,132] {dagbag.py:507} INFO - Filling up the DagBag from /home/airflow/.local/lib/python3.7/site-packages/airflow/example_dags/example_skip_dag.py
[2022-10-27 11:16:22,152] {processor.py:651} INFO - DAG(s) dict_keys(['example_skip_dag']) retrieved from /home/airflow/.local/lib/python3.7/site-packages/airflow/example_dags/example_skip_dag.py
[2022-10-27 11:16:22,220] {logging_mixin.py:115} INFO - [2022-10-27 11:16:22,219] {dag.py:2371} INFO - Sync 1 DAGs
[2022-10-27 11:16:22,284] {logging_mixin.py:115} INFO - [2022-10-27 11:16:22,284] {dag.py:2919} INFO - Setting next_dagrun for example_skip_dag to 2022-10-26T11:16:22.283880+00:00, run_after=2022-10-27T11:16:22.283880+00:00
[2022-10-27 11:16:22,318] {processor.py:161} INFO - Processing /home/airflow/.local/lib/python3.7/site-packages/airflow/example_dags/example_skip_dag.py took 0.199 seconds
[2022-10-27 11:16:53,404] {processor.py:153} INFO - Started process (PID=6723) to work on /home/airflow/.local/lib/python3.7/site-packages/airflow/example_dags/example_skip_dag.py
[2022-10-27 11:16:53,419] {processor.py:641} INFO - Processing file /home/airflow/.local/lib/python3.7/site-packages/airflow/example_dags/example_skip_dag.py for tasks to queue
[2022-10-27 11:16:53,432] {logging_mixin.py:115} INFO - [2022-10-27 11:16:53,431] {dagbag.py:507} INFO - Filling up the DagBag from /home/airflow/.local/lib/python3.7/site-packages/airflow/example_dags/example_skip_dag.py
[2022-10-27 11:16:53,473] {processor.py:651} INFO - DAG(s) dict_keys(['example_skip_dag']) retrieved from /home/airflow/.local/lib/python3.7/site-packages/airflow/example_dags/example_skip_dag.py
[2022-10-27 11:16:53,756] {logging_mixin.py:115} INFO - [2022-10-27 11:16:53,756] {dag.py:2371} INFO - Sync 1 DAGs
[2022-10-27 11:16:54,029] {logging_mixin.py:115} INFO - [2022-10-27 11:16:54,029] {dag.py:2919} INFO - Setting next_dagrun for example_skip_dag to 2022-10-26T11:16:54.028955+00:00, run_after=2022-10-27T11:16:54.028955+00:00
[2022-10-27 11:16:54,149] {processor.py:161} INFO - Processing /home/airflow/.local/lib/python3.7/site-packages/airflow/example_dags/example_skip_dag.py took 0.763 seconds
[2022-10-27 11:17:24,903] {processor.py:153} INFO - Started process (PID=6777) to work on /home/airflow/.local/lib/python3.7/site-packages/airflow/example_dags/example_skip_dag.py
[2022-10-27 11:17:24,905] {processor.py:641} INFO - Processing file /home/airflow/.local/lib/python3.7/site-packages/airflow/example_dags/example_skip_dag.py for tasks to queue
[2022-10-27 11:17:24,907] {logging_mixin.py:115} INFO - [2022-10-27 11:17:24,907] {dagbag.py:507} INFO - Filling up the DagBag from /home/airflow/.local/lib/python3.7/site-packages/airflow/example_dags/example_skip_dag.py
[2022-10-27 11:17:24,925] {processor.py:651} INFO - DAG(s) dict_keys(['example_skip_dag']) retrieved from /home/airflow/.local/lib/python3.7/site-packages/airflow/example_dags/example_skip_dag.py
[2022-10-27 11:17:25,012] {logging_mixin.py:115} INFO - [2022-10-27 11:17:25,012] {dag.py:2371} INFO - Sync 1 DAGs
[2022-10-27 11:17:25,125] {logging_mixin.py:115} INFO - [2022-10-27 11:17:25,125] {dag.py:2919} INFO - Setting next_dagrun for example_skip_dag to 2022-10-26T11:17:25.124719+00:00, run_after=2022-10-27T11:17:25.124719+00:00
[2022-10-27 11:17:25,214] {processor.py:161} INFO - Processing /home/airflow/.local/lib/python3.7/site-packages/airflow/example_dags/example_skip_dag.py took 0.323 seconds
[2022-10-27 11:17:56,040] {processor.py:153} INFO - Started process (PID=6831) to work on /home/airflow/.local/lib/python3.7/site-packages/airflow/example_dags/example_skip_dag.py
[2022-10-27 11:17:56,041] {processor.py:641} INFO - Processing file /home/airflow/.local/lib/python3.7/site-packages/airflow/example_dags/example_skip_dag.py for tasks to queue
[2022-10-27 11:17:56,043] {logging_mixin.py:115} INFO - [2022-10-27 11:17:56,043] {dagbag.py:507} INFO - Filling up the DagBag from /home/airflow/.local/lib/python3.7/site-packages/airflow/example_dags/example_skip_dag.py
[2022-10-27 11:17:56,066] {processor.py:651} INFO - DAG(s) dict_keys(['example_skip_dag']) retrieved from /home/airflow/.local/lib/python3.7/site-packages/airflow/example_dags/example_skip_dag.py
[2022-10-27 11:17:56,157] {logging_mixin.py:115} INFO - [2022-10-27 11:17:56,157] {dag.py:2371} INFO - Sync 1 DAGs
[2022-10-27 11:17:56,242] {logging_mixin.py:115} INFO - [2022-10-27 11:17:56,242] {dag.py:2919} INFO - Setting next_dagrun for example_skip_dag to 2022-10-26T11:17:56.241900+00:00, run_after=2022-10-27T11:17:56.241900+00:00
[2022-10-27 11:17:56,283] {processor.py:161} INFO - Processing /home/airflow/.local/lib/python3.7/site-packages/airflow/example_dags/example_skip_dag.py took 0.259 seconds
[2022-10-27 11:18:26,440] {processor.py:153} INFO - Started process (PID=6884) to work on /home/airflow/.local/lib/python3.7/site-packages/airflow/example_dags/example_skip_dag.py
[2022-10-27 11:18:26,441] {processor.py:641} INFO - Processing file /home/airflow/.local/lib/python3.7/site-packages/airflow/example_dags/example_skip_dag.py for tasks to queue
[2022-10-27 11:18:26,443] {logging_mixin.py:115} INFO - [2022-10-27 11:18:26,443] {dagbag.py:507} INFO - Filling up the DagBag from /home/airflow/.local/lib/python3.7/site-packages/airflow/example_dags/example_skip_dag.py
[2022-10-27 11:18:26,459] {processor.py:651} INFO - DAG(s) dict_keys(['example_skip_dag']) retrieved from /home/airflow/.local/lib/python3.7/site-packages/airflow/example_dags/example_skip_dag.py
[2022-10-27 11:18:26,544] {logging_mixin.py:115} INFO - [2022-10-27 11:18:26,543] {dag.py:2371} INFO - Sync 1 DAGs
[2022-10-27 11:18:26,622] {logging_mixin.py:115} INFO - [2022-10-27 11:18:26,622] {dag.py:2919} INFO - Setting next_dagrun for example_skip_dag to 2022-10-26T11:18:26.621906+00:00, run_after=2022-10-27T11:18:26.621906+00:00
[2022-10-27 11:18:26,673] {processor.py:161} INFO - Processing /home/airflow/.local/lib/python3.7/site-packages/airflow/example_dags/example_skip_dag.py took 0.241 seconds
[2022-10-27 11:18:57,343] {processor.py:153} INFO - Started process (PID=6937) to work on /home/airflow/.local/lib/python3.7/site-packages/airflow/example_dags/example_skip_dag.py
[2022-10-27 11:18:57,344] {processor.py:641} INFO - Processing file /home/airflow/.local/lib/python3.7/site-packages/airflow/example_dags/example_skip_dag.py for tasks to queue
[2022-10-27 11:18:57,345] {logging_mixin.py:115} INFO - [2022-10-27 11:18:57,345] {dagbag.py:507} INFO - Filling up the DagBag from /home/airflow/.local/lib/python3.7/site-packages/airflow/example_dags/example_skip_dag.py
[2022-10-27 11:18:57,355] {processor.py:651} INFO - DAG(s) dict_keys(['example_skip_dag']) retrieved from /home/airflow/.local/lib/python3.7/site-packages/airflow/example_dags/example_skip_dag.py
[2022-10-27 11:18:57,420] {logging_mixin.py:115} INFO - [2022-10-27 11:18:57,420] {dag.py:2371} INFO - Sync 1 DAGs
[2022-10-27 11:18:57,468] {logging_mixin.py:115} INFO - [2022-10-27 11:18:57,468] {dag.py:2919} INFO - Setting next_dagrun for example_skip_dag to 2022-10-26T11:18:57.467949+00:00, run_after=2022-10-27T11:18:57.467949+00:00
[2022-10-27 11:18:57,501] {processor.py:161} INFO - Processing /home/airflow/.local/lib/python3.7/site-packages/airflow/example_dags/example_skip_dag.py took 0.164 seconds
[2022-10-27 11:19:27,949] {processor.py:153} INFO - Started process (PID=6991) to work on /home/airflow/.local/lib/python3.7/site-packages/airflow/example_dags/example_skip_dag.py
[2022-10-27 11:19:27,951] {processor.py:641} INFO - Processing file /home/airflow/.local/lib/python3.7/site-packages/airflow/example_dags/example_skip_dag.py for tasks to queue
[2022-10-27 11:19:27,954] {logging_mixin.py:115} INFO - [2022-10-27 11:19:27,953] {dagbag.py:507} INFO - Filling up the DagBag from /home/airflow/.local/lib/python3.7/site-packages/airflow/example_dags/example_skip_dag.py
[2022-10-27 11:19:27,969] {processor.py:651} INFO - DAG(s) dict_keys(['example_skip_dag']) retrieved from /home/airflow/.local/lib/python3.7/site-packages/airflow/example_dags/example_skip_dag.py
[2022-10-27 11:19:28,065] {logging_mixin.py:115} INFO - [2022-10-27 11:19:28,065] {dag.py:2371} INFO - Sync 1 DAGs
[2022-10-27 11:19:28,137] {logging_mixin.py:115} INFO - [2022-10-27 11:19:28,137] {dag.py:2919} INFO - Setting next_dagrun for example_skip_dag to 2022-10-26T11:19:28.136807+00:00, run_after=2022-10-27T11:19:28.136807+00:00
[2022-10-27 11:19:28,207] {processor.py:161} INFO - Processing /home/airflow/.local/lib/python3.7/site-packages/airflow/example_dags/example_skip_dag.py took 0.265 seconds
[2022-10-27 11:19:58,916] {processor.py:153} INFO - Started process (PID=7044) to work on /home/airflow/.local/lib/python3.7/site-packages/airflow/example_dags/example_skip_dag.py
[2022-10-27 11:19:58,920] {processor.py:641} INFO - Processing file /home/airflow/.local/lib/python3.7/site-packages/airflow/example_dags/example_skip_dag.py for tasks to queue
[2022-10-27 11:19:58,929] {logging_mixin.py:115} INFO - [2022-10-27 11:19:58,928] {dagbag.py:507} INFO - Filling up the DagBag from /home/airflow/.local/lib/python3.7/site-packages/airflow/example_dags/example_skip_dag.py
[2022-10-27 11:19:58,946] {processor.py:651} INFO - DAG(s) dict_keys(['example_skip_dag']) retrieved from /home/airflow/.local/lib/python3.7/site-packages/airflow/example_dags/example_skip_dag.py
[2022-10-27 11:19:59,020] {logging_mixin.py:115} INFO - [2022-10-27 11:19:59,020] {dag.py:2371} INFO - Sync 1 DAGs
[2022-10-27 11:19:59,084] {logging_mixin.py:115} INFO - [2022-10-27 11:19:59,084] {dag.py:2919} INFO - Setting next_dagrun for example_skip_dag to 2022-10-26T11:19:59.083693+00:00, run_after=2022-10-27T11:19:59.083693+00:00
[2022-10-27 11:19:59,131] {processor.py:161} INFO - Processing /home/airflow/.local/lib/python3.7/site-packages/airflow/example_dags/example_skip_dag.py took 0.221 seconds
[2022-10-27 11:20:29,379] {processor.py:153} INFO - Started process (PID=7099) to work on /home/airflow/.local/lib/python3.7/site-packages/airflow/example_dags/example_skip_dag.py
[2022-10-27 11:20:29,381] {processor.py:641} INFO - Processing file /home/airflow/.local/lib/python3.7/site-packages/airflow/example_dags/example_skip_dag.py for tasks to queue
[2022-10-27 11:20:29,382] {logging_mixin.py:115} INFO - [2022-10-27 11:20:29,382] {dagbag.py:507} INFO - Filling up the DagBag from /home/airflow/.local/lib/python3.7/site-packages/airflow/example_dags/example_skip_dag.py
[2022-10-27 11:20:29,401] {processor.py:651} INFO - DAG(s) dict_keys(['example_skip_dag']) retrieved from /home/airflow/.local/lib/python3.7/site-packages/airflow/example_dags/example_skip_dag.py
[2022-10-27 11:20:29,533] {logging_mixin.py:115} INFO - [2022-10-27 11:20:29,532] {dag.py:2371} INFO - Sync 1 DAGs
[2022-10-27 11:20:29,696] {logging_mixin.py:115} INFO - [2022-10-27 11:20:29,690] {dag.py:2919} INFO - Setting next_dagrun for example_skip_dag to 2022-10-26T11:20:29.687474+00:00, run_after=2022-10-27T11:20:29.687474+00:00
[2022-10-27 11:20:29,756] {processor.py:161} INFO - Processing /home/airflow/.local/lib/python3.7/site-packages/airflow/example_dags/example_skip_dag.py took 0.387 seconds
[2022-10-27 11:21:00,461] {processor.py:153} INFO - Started process (PID=7159) to work on /home/airflow/.local/lib/python3.7/site-packages/airflow/example_dags/example_skip_dag.py
[2022-10-27 11:21:00,463] {processor.py:641} INFO - Processing file /home/airflow/.local/lib/python3.7/site-packages/airflow/example_dags/example_skip_dag.py for tasks to queue
[2022-10-27 11:21:00,465] {logging_mixin.py:115} INFO - [2022-10-27 11:21:00,465] {dagbag.py:507} INFO - Filling up the DagBag from /home/airflow/.local/lib/python3.7/site-packages/airflow/example_dags/example_skip_dag.py
[2022-10-27 11:21:00,480] {processor.py:651} INFO - DAG(s) dict_keys(['example_skip_dag']) retrieved from /home/airflow/.local/lib/python3.7/site-packages/airflow/example_dags/example_skip_dag.py
[2022-10-27 11:21:00,593] {logging_mixin.py:115} INFO - [2022-10-27 11:21:00,592] {dag.py:2371} INFO - Sync 1 DAGs
[2022-10-27 11:21:00,676] {logging_mixin.py:115} INFO - [2022-10-27 11:21:00,676] {dag.py:2919} INFO - Setting next_dagrun for example_skip_dag to 2022-10-26T11:21:00.675765+00:00, run_after=2022-10-27T11:21:00.675765+00:00
[2022-10-27 11:21:00,747] {processor.py:161} INFO - Processing /home/airflow/.local/lib/python3.7/site-packages/airflow/example_dags/example_skip_dag.py took 0.282 seconds
[2022-10-27 11:21:31,051] {processor.py:153} INFO - Started process (PID=7215) to work on /home/airflow/.local/lib/python3.7/site-packages/airflow/example_dags/example_skip_dag.py
[2022-10-27 11:21:31,053] {processor.py:641} INFO - Processing file /home/airflow/.local/lib/python3.7/site-packages/airflow/example_dags/example_skip_dag.py for tasks to queue
[2022-10-27 11:21:31,055] {logging_mixin.py:115} INFO - [2022-10-27 11:21:31,055] {dagbag.py:507} INFO - Filling up the DagBag from /home/airflow/.local/lib/python3.7/site-packages/airflow/example_dags/example_skip_dag.py
[2022-10-27 11:21:31,076] {processor.py:651} INFO - DAG(s) dict_keys(['example_skip_dag']) retrieved from /home/airflow/.local/lib/python3.7/site-packages/airflow/example_dags/example_skip_dag.py
[2022-10-27 11:21:31,155] {logging_mixin.py:115} INFO - [2022-10-27 11:21:31,155] {dag.py:2371} INFO - Sync 1 DAGs
[2022-10-27 11:21:31,222] {logging_mixin.py:115} INFO - [2022-10-27 11:21:31,222] {dag.py:2919} INFO - Setting next_dagrun for example_skip_dag to 2022-10-26T11:21:31.221672+00:00, run_after=2022-10-27T11:21:31.221672+00:00
[2022-10-27 11:21:31,268] {processor.py:161} INFO - Processing /home/airflow/.local/lib/python3.7/site-packages/airflow/example_dags/example_skip_dag.py took 0.224 seconds
[2022-10-27 11:22:01,591] {processor.py:153} INFO - Started process (PID=7268) to work on /home/airflow/.local/lib/python3.7/site-packages/airflow/example_dags/example_skip_dag.py
[2022-10-27 11:22:01,594] {processor.py:641} INFO - Processing file /home/airflow/.local/lib/python3.7/site-packages/airflow/example_dags/example_skip_dag.py for tasks to queue
[2022-10-27 11:22:01,598] {logging_mixin.py:115} INFO - [2022-10-27 11:22:01,598] {dagbag.py:507} INFO - Filling up the DagBag from /home/airflow/.local/lib/python3.7/site-packages/airflow/example_dags/example_skip_dag.py
[2022-10-27 11:22:01,620] {processor.py:651} INFO - DAG(s) dict_keys(['example_skip_dag']) retrieved from /home/airflow/.local/lib/python3.7/site-packages/airflow/example_dags/example_skip_dag.py
[2022-10-27 11:22:01,710] {logging_mixin.py:115} INFO - [2022-10-27 11:22:01,710] {dag.py:2371} INFO - Sync 1 DAGs
[2022-10-27 11:22:01,779] {logging_mixin.py:115} INFO - [2022-10-27 11:22:01,778] {dag.py:2919} INFO - Setting next_dagrun for example_skip_dag to 2022-10-26T11:22:01.778196+00:00, run_after=2022-10-27T11:22:01.778196+00:00
[2022-10-27 11:22:01,820] {processor.py:161} INFO - Processing /home/airflow/.local/lib/python3.7/site-packages/airflow/example_dags/example_skip_dag.py took 0.250 seconds
[2022-10-27 11:22:32,306] {processor.py:153} INFO - Started process (PID=7322) to work on /home/airflow/.local/lib/python3.7/site-packages/airflow/example_dags/example_skip_dag.py
[2022-10-27 11:22:32,310] {processor.py:641} INFO - Processing file /home/airflow/.local/lib/python3.7/site-packages/airflow/example_dags/example_skip_dag.py for tasks to queue
[2022-10-27 11:22:32,312] {logging_mixin.py:115} INFO - [2022-10-27 11:22:32,312] {dagbag.py:507} INFO - Filling up the DagBag from /home/airflow/.local/lib/python3.7/site-packages/airflow/example_dags/example_skip_dag.py
[2022-10-27 11:22:32,332] {processor.py:651} INFO - DAG(s) dict_keys(['example_skip_dag']) retrieved from /home/airflow/.local/lib/python3.7/site-packages/airflow/example_dags/example_skip_dag.py
[2022-10-27 11:22:32,418] {logging_mixin.py:115} INFO - [2022-10-27 11:22:32,418] {dag.py:2371} INFO - Sync 1 DAGs
[2022-10-27 11:22:32,491] {logging_mixin.py:115} INFO - [2022-10-27 11:22:32,491] {dag.py:2919} INFO - Setting next_dagrun for example_skip_dag to 2022-10-26T11:22:32.490364+00:00, run_after=2022-10-27T11:22:32.490364+00:00
[2022-10-27 11:22:32,532] {processor.py:161} INFO - Processing /home/airflow/.local/lib/python3.7/site-packages/airflow/example_dags/example_skip_dag.py took 0.232 seconds
[2022-10-27 11:23:03,366] {processor.py:153} INFO - Started process (PID=7376) to work on /home/airflow/.local/lib/python3.7/site-packages/airflow/example_dags/example_skip_dag.py
[2022-10-27 11:23:03,378] {processor.py:641} INFO - Processing file /home/airflow/.local/lib/python3.7/site-packages/airflow/example_dags/example_skip_dag.py for tasks to queue
[2022-10-27 11:23:03,381] {logging_mixin.py:115} INFO - [2022-10-27 11:23:03,380] {dagbag.py:507} INFO - Filling up the DagBag from /home/airflow/.local/lib/python3.7/site-packages/airflow/example_dags/example_skip_dag.py
[2022-10-27 11:23:03,418] {processor.py:651} INFO - DAG(s) dict_keys(['example_skip_dag']) retrieved from /home/airflow/.local/lib/python3.7/site-packages/airflow/example_dags/example_skip_dag.py
[2022-10-27 11:23:03,561] {logging_mixin.py:115} INFO - [2022-10-27 11:23:03,561] {dag.py:2371} INFO - Sync 1 DAGs
[2022-10-27 11:23:03,670] {logging_mixin.py:115} INFO - [2022-10-27 11:23:03,669] {dag.py:2919} INFO - Setting next_dagrun for example_skip_dag to 2022-10-26T11:23:03.669087+00:00, run_after=2022-10-27T11:23:03.669087+00:00
[2022-10-27 11:23:03,756] {processor.py:161} INFO - Processing /home/airflow/.local/lib/python3.7/site-packages/airflow/example_dags/example_skip_dag.py took 0.395 seconds
[2022-10-27 11:23:33,899] {processor.py:153} INFO - Started process (PID=7428) to work on /home/airflow/.local/lib/python3.7/site-packages/airflow/example_dags/example_skip_dag.py
[2022-10-27 11:23:33,900] {processor.py:641} INFO - Processing file /home/airflow/.local/lib/python3.7/site-packages/airflow/example_dags/example_skip_dag.py for tasks to queue
[2022-10-27 11:23:33,901] {logging_mixin.py:115} INFO - [2022-10-27 11:23:33,901] {dagbag.py:507} INFO - Filling up the DagBag from /home/airflow/.local/lib/python3.7/site-packages/airflow/example_dags/example_skip_dag.py
[2022-10-27 11:23:33,913] {processor.py:651} INFO - DAG(s) dict_keys(['example_skip_dag']) retrieved from /home/airflow/.local/lib/python3.7/site-packages/airflow/example_dags/example_skip_dag.py
[2022-10-27 11:23:33,968] {logging_mixin.py:115} INFO - [2022-10-27 11:23:33,968] {dag.py:2371} INFO - Sync 1 DAGs
[2022-10-27 11:23:34,010] {logging_mixin.py:115} INFO - [2022-10-27 11:23:34,010] {dag.py:2919} INFO - Setting next_dagrun for example_skip_dag to 2022-10-26T11:23:34.009637+00:00, run_after=2022-10-27T11:23:34.009637+00:00
[2022-10-27 11:23:34,044] {processor.py:161} INFO - Processing /home/airflow/.local/lib/python3.7/site-packages/airflow/example_dags/example_skip_dag.py took 0.151 seconds
