[2022-10-27 11:02:15,921] {processor.py:153} INFO - Started process (PID=5270) to work on /home/airflow/.local/lib/python3.7/site-packages/airflow/example_dags/example_latest_only.py
[2022-10-27 11:02:15,940] {processor.py:641} INFO - Processing file /home/airflow/.local/lib/python3.7/site-packages/airflow/example_dags/example_latest_only.py for tasks to queue
[2022-10-27 11:02:15,942] {logging_mixin.py:115} INFO - [2022-10-27 11:02:15,942] {dagbag.py:507} INFO - Filling up the DagBag from /home/airflow/.local/lib/python3.7/site-packages/airflow/example_dags/example_latest_only.py
[2022-10-27 11:02:16,142] {processor.py:651} INFO - DAG(s) dict_keys(['latest_only']) retrieved from /home/airflow/.local/lib/python3.7/site-packages/airflow/example_dags/example_latest_only.py
[2022-10-27 11:02:17,083] {logging_mixin.py:115} INFO - [2022-10-27 11:02:17,082] {dag.py:2371} INFO - Sync 1 DAGs
[2022-10-27 11:02:17,616] {logging_mixin.py:115} INFO - [2022-10-27 11:02:17,616] {dag.py:2919} INFO - Setting next_dagrun for latest_only to 2022-10-27T07:02:17.616043+00:00, run_after=2022-10-27T11:02:17.616043+00:00
[2022-10-27 11:02:18,100] {processor.py:161} INFO - Processing /home/airflow/.local/lib/python3.7/site-packages/airflow/example_dags/example_latest_only.py took 2.250 seconds
[2022-10-27 11:02:49,206] {processor.py:153} INFO - Started process (PID=5323) to work on /home/airflow/.local/lib/python3.7/site-packages/airflow/example_dags/example_latest_only.py
[2022-10-27 11:02:49,220] {processor.py:641} INFO - Processing file /home/airflow/.local/lib/python3.7/site-packages/airflow/example_dags/example_latest_only.py for tasks to queue
[2022-10-27 11:02:49,239] {logging_mixin.py:115} INFO - [2022-10-27 11:02:49,239] {dagbag.py:507} INFO - Filling up the DagBag from /home/airflow/.local/lib/python3.7/site-packages/airflow/example_dags/example_latest_only.py
[2022-10-27 11:02:49,443] {processor.py:651} INFO - DAG(s) dict_keys(['latest_only']) retrieved from /home/airflow/.local/lib/python3.7/site-packages/airflow/example_dags/example_latest_only.py
[2022-10-27 11:02:49,692] {logging_mixin.py:115} INFO - [2022-10-27 11:02:49,692] {dag.py:2371} INFO - Sync 1 DAGs
[2022-10-27 11:02:49,932] {logging_mixin.py:115} INFO - [2022-10-27 11:02:49,932] {dag.py:2919} INFO - Setting next_dagrun for latest_only to 2022-10-27T07:02:49.931914+00:00, run_after=2022-10-27T11:02:49.931914+00:00
[2022-10-27 11:02:50,027] {processor.py:161} INFO - Processing /home/airflow/.local/lib/python3.7/site-packages/airflow/example_dags/example_latest_only.py took 0.847 seconds
[2022-10-27 11:03:20,516] {processor.py:153} INFO - Started process (PID=5376) to work on /home/airflow/.local/lib/python3.7/site-packages/airflow/example_dags/example_latest_only.py
[2022-10-27 11:03:20,517] {processor.py:641} INFO - Processing file /home/airflow/.local/lib/python3.7/site-packages/airflow/example_dags/example_latest_only.py for tasks to queue
[2022-10-27 11:03:20,519] {logging_mixin.py:115} INFO - [2022-10-27 11:03:20,519] {dagbag.py:507} INFO - Filling up the DagBag from /home/airflow/.local/lib/python3.7/site-packages/airflow/example_dags/example_latest_only.py
[2022-10-27 11:03:20,540] {processor.py:651} INFO - DAG(s) dict_keys(['latest_only']) retrieved from /home/airflow/.local/lib/python3.7/site-packages/airflow/example_dags/example_latest_only.py
[2022-10-27 11:03:20,639] {logging_mixin.py:115} INFO - [2022-10-27 11:03:20,639] {dag.py:2371} INFO - Sync 1 DAGs
[2022-10-27 11:03:20,733] {logging_mixin.py:115} INFO - [2022-10-27 11:03:20,732] {dag.py:2919} INFO - Setting next_dagrun for latest_only to 2022-10-27T07:03:20.732408+00:00, run_after=2022-10-27T11:03:20.732408+00:00
[2022-10-27 11:03:20,780] {processor.py:161} INFO - Processing /home/airflow/.local/lib/python3.7/site-packages/airflow/example_dags/example_latest_only.py took 0.275 seconds
[2022-10-27 11:03:51,694] {processor.py:153} INFO - Started process (PID=5431) to work on /home/airflow/.local/lib/python3.7/site-packages/airflow/example_dags/example_latest_only.py
[2022-10-27 11:03:51,695] {processor.py:641} INFO - Processing file /home/airflow/.local/lib/python3.7/site-packages/airflow/example_dags/example_latest_only.py for tasks to queue
[2022-10-27 11:03:51,700] {logging_mixin.py:115} INFO - [2022-10-27 11:03:51,700] {dagbag.py:507} INFO - Filling up the DagBag from /home/airflow/.local/lib/python3.7/site-packages/airflow/example_dags/example_latest_only.py
[2022-10-27 11:03:51,746] {processor.py:651} INFO - DAG(s) dict_keys(['latest_only']) retrieved from /home/airflow/.local/lib/python3.7/site-packages/airflow/example_dags/example_latest_only.py
[2022-10-27 11:03:51,844] {logging_mixin.py:115} INFO - [2022-10-27 11:03:51,844] {dag.py:2371} INFO - Sync 1 DAGs
[2022-10-27 11:03:51,937] {logging_mixin.py:115} INFO - [2022-10-27 11:03:51,937] {dag.py:2919} INFO - Setting next_dagrun for latest_only to 2022-10-27T07:03:51.936820+00:00, run_after=2022-10-27T11:03:51.936820+00:00
[2022-10-27 11:03:52,004] {processor.py:161} INFO - Processing /home/airflow/.local/lib/python3.7/site-packages/airflow/example_dags/example_latest_only.py took 0.316 seconds
[2022-10-27 11:04:23,373] {processor.py:153} INFO - Started process (PID=5484) to work on /home/airflow/.local/lib/python3.7/site-packages/airflow/example_dags/example_latest_only.py
[2022-10-27 11:04:23,382] {processor.py:641} INFO - Processing file /home/airflow/.local/lib/python3.7/site-packages/airflow/example_dags/example_latest_only.py for tasks to queue
[2022-10-27 11:04:23,384] {logging_mixin.py:115} INFO - [2022-10-27 11:04:23,384] {dagbag.py:507} INFO - Filling up the DagBag from /home/airflow/.local/lib/python3.7/site-packages/airflow/example_dags/example_latest_only.py
[2022-10-27 11:04:23,424] {processor.py:651} INFO - DAG(s) dict_keys(['latest_only']) retrieved from /home/airflow/.local/lib/python3.7/site-packages/airflow/example_dags/example_latest_only.py
[2022-10-27 11:04:23,684] {logging_mixin.py:115} INFO - [2022-10-27 11:04:23,683] {dag.py:2371} INFO - Sync 1 DAGs
[2022-10-27 11:04:24,034] {logging_mixin.py:115} INFO - [2022-10-27 11:04:24,034] {dag.py:2919} INFO - Setting next_dagrun for latest_only to 2022-10-27T07:04:24.033630+00:00, run_after=2022-10-27T11:04:24.033630+00:00
[2022-10-27 11:04:24,253] {processor.py:161} INFO - Processing /home/airflow/.local/lib/python3.7/site-packages/airflow/example_dags/example_latest_only.py took 0.905 seconds
[2022-10-27 11:04:55,061] {processor.py:153} INFO - Started process (PID=5536) to work on /home/airflow/.local/lib/python3.7/site-packages/airflow/example_dags/example_latest_only.py
[2022-10-27 11:04:55,079] {processor.py:641} INFO - Processing file /home/airflow/.local/lib/python3.7/site-packages/airflow/example_dags/example_latest_only.py for tasks to queue
[2022-10-27 11:04:55,081] {logging_mixin.py:115} INFO - [2022-10-27 11:04:55,080] {dagbag.py:507} INFO - Filling up the DagBag from /home/airflow/.local/lib/python3.7/site-packages/airflow/example_dags/example_latest_only.py
[2022-10-27 11:04:55,128] {processor.py:651} INFO - DAG(s) dict_keys(['latest_only']) retrieved from /home/airflow/.local/lib/python3.7/site-packages/airflow/example_dags/example_latest_only.py
[2022-10-27 11:04:55,360] {logging_mixin.py:115} INFO - [2022-10-27 11:04:55,360] {dag.py:2371} INFO - Sync 1 DAGs
[2022-10-27 11:04:55,534] {logging_mixin.py:115} INFO - [2022-10-27 11:04:55,523] {dag.py:2919} INFO - Setting next_dagrun for latest_only to 2022-10-27T07:04:55.523359+00:00, run_after=2022-10-27T11:04:55.523359+00:00
[2022-10-27 11:04:55,618] {processor.py:161} INFO - Processing /home/airflow/.local/lib/python3.7/site-packages/airflow/example_dags/example_latest_only.py took 0.602 seconds
[2022-10-27 11:05:26,496] {processor.py:153} INFO - Started process (PID=5582) to work on /home/airflow/.local/lib/python3.7/site-packages/airflow/example_dags/example_latest_only.py
[2022-10-27 11:05:26,499] {processor.py:641} INFO - Processing file /home/airflow/.local/lib/python3.7/site-packages/airflow/example_dags/example_latest_only.py for tasks to queue
[2022-10-27 11:05:26,501] {logging_mixin.py:115} INFO - [2022-10-27 11:05:26,501] {dagbag.py:507} INFO - Filling up the DagBag from /home/airflow/.local/lib/python3.7/site-packages/airflow/example_dags/example_latest_only.py
[2022-10-27 11:05:26,524] {processor.py:651} INFO - DAG(s) dict_keys(['latest_only']) retrieved from /home/airflow/.local/lib/python3.7/site-packages/airflow/example_dags/example_latest_only.py
[2022-10-27 11:05:26,611] {logging_mixin.py:115} INFO - [2022-10-27 11:05:26,610] {dag.py:2371} INFO - Sync 1 DAGs
[2022-10-27 11:05:26,697] {logging_mixin.py:115} INFO - [2022-10-27 11:05:26,696] {dag.py:2919} INFO - Setting next_dagrun for latest_only to 2022-10-27T07:05:26.696186+00:00, run_after=2022-10-27T11:05:26.696186+00:00
[2022-10-27 11:05:26,733] {processor.py:161} INFO - Processing /home/airflow/.local/lib/python3.7/site-packages/airflow/example_dags/example_latest_only.py took 0.250 seconds
[2022-10-27 11:05:57,096] {processor.py:153} INFO - Started process (PID=5633) to work on /home/airflow/.local/lib/python3.7/site-packages/airflow/example_dags/example_latest_only.py
[2022-10-27 11:05:57,098] {processor.py:641} INFO - Processing file /home/airflow/.local/lib/python3.7/site-packages/airflow/example_dags/example_latest_only.py for tasks to queue
[2022-10-27 11:05:57,099] {logging_mixin.py:115} INFO - [2022-10-27 11:05:57,099] {dagbag.py:507} INFO - Filling up the DagBag from /home/airflow/.local/lib/python3.7/site-packages/airflow/example_dags/example_latest_only.py
[2022-10-27 11:05:57,111] {processor.py:651} INFO - DAG(s) dict_keys(['latest_only']) retrieved from /home/airflow/.local/lib/python3.7/site-packages/airflow/example_dags/example_latest_only.py
[2022-10-27 11:05:57,165] {logging_mixin.py:115} INFO - [2022-10-27 11:05:57,165] {dag.py:2371} INFO - Sync 1 DAGs
[2022-10-27 11:05:57,227] {logging_mixin.py:115} INFO - [2022-10-27 11:05:57,227] {dag.py:2919} INFO - Setting next_dagrun for latest_only to 2022-10-27T07:05:57.226824+00:00, run_after=2022-10-27T11:05:57.226824+00:00
[2022-10-27 11:05:57,269] {processor.py:161} INFO - Processing /home/airflow/.local/lib/python3.7/site-packages/airflow/example_dags/example_latest_only.py took 0.179 seconds
[2022-10-27 11:06:28,161] {processor.py:153} INFO - Started process (PID=5687) to work on /home/airflow/.local/lib/python3.7/site-packages/airflow/example_dags/example_latest_only.py
[2022-10-27 11:06:28,174] {processor.py:641} INFO - Processing file /home/airflow/.local/lib/python3.7/site-packages/airflow/example_dags/example_latest_only.py for tasks to queue
[2022-10-27 11:06:28,178] {logging_mixin.py:115} INFO - [2022-10-27 11:06:28,178] {dagbag.py:507} INFO - Filling up the DagBag from /home/airflow/.local/lib/python3.7/site-packages/airflow/example_dags/example_latest_only.py
[2022-10-27 11:06:28,399] {processor.py:651} INFO - DAG(s) dict_keys(['latest_only']) retrieved from /home/airflow/.local/lib/python3.7/site-packages/airflow/example_dags/example_latest_only.py
[2022-10-27 11:06:28,741] {logging_mixin.py:115} INFO - [2022-10-27 11:06:28,741] {dag.py:2371} INFO - Sync 1 DAGs
[2022-10-27 11:06:28,976] {logging_mixin.py:115} INFO - [2022-10-27 11:06:28,975] {dag.py:2919} INFO - Setting next_dagrun for latest_only to 2022-10-27T07:06:28.975476+00:00, run_after=2022-10-27T11:06:28.975476+00:00
[2022-10-27 11:06:29,122] {processor.py:161} INFO - Processing /home/airflow/.local/lib/python3.7/site-packages/airflow/example_dags/example_latest_only.py took 0.980 seconds
[2022-10-27 11:06:59,762] {processor.py:153} INFO - Started process (PID=5731) to work on /home/airflow/.local/lib/python3.7/site-packages/airflow/example_dags/example_latest_only.py
[2022-10-27 11:06:59,763] {processor.py:641} INFO - Processing file /home/airflow/.local/lib/python3.7/site-packages/airflow/example_dags/example_latest_only.py for tasks to queue
[2022-10-27 11:06:59,775] {logging_mixin.py:115} INFO - [2022-10-27 11:06:59,774] {dagbag.py:507} INFO - Filling up the DagBag from /home/airflow/.local/lib/python3.7/site-packages/airflow/example_dags/example_latest_only.py
[2022-10-27 11:06:59,808] {processor.py:651} INFO - DAG(s) dict_keys(['latest_only']) retrieved from /home/airflow/.local/lib/python3.7/site-packages/airflow/example_dags/example_latest_only.py
[2022-10-27 11:06:59,984] {logging_mixin.py:115} INFO - [2022-10-27 11:06:59,984] {dag.py:2371} INFO - Sync 1 DAGs
[2022-10-27 11:07:00,146] {logging_mixin.py:115} INFO - [2022-10-27 11:07:00,146] {dag.py:2919} INFO - Setting next_dagrun for latest_only to 2022-10-27T07:07:00.145761+00:00, run_after=2022-10-27T11:07:00.145761+00:00
[2022-10-27 11:07:00,243] {processor.py:161} INFO - Processing /home/airflow/.local/lib/python3.7/site-packages/airflow/example_dags/example_latest_only.py took 0.495 seconds
[2022-10-27 11:07:30,737] {processor.py:153} INFO - Started process (PID=5784) to work on /home/airflow/.local/lib/python3.7/site-packages/airflow/example_dags/example_latest_only.py
[2022-10-27 11:07:30,741] {processor.py:641} INFO - Processing file /home/airflow/.local/lib/python3.7/site-packages/airflow/example_dags/example_latest_only.py for tasks to queue
[2022-10-27 11:07:30,750] {logging_mixin.py:115} INFO - [2022-10-27 11:07:30,748] {dagbag.py:507} INFO - Filling up the DagBag from /home/airflow/.local/lib/python3.7/site-packages/airflow/example_dags/example_latest_only.py
[2022-10-27 11:07:30,772] {processor.py:651} INFO - DAG(s) dict_keys(['latest_only']) retrieved from /home/airflow/.local/lib/python3.7/site-packages/airflow/example_dags/example_latest_only.py
[2022-10-27 11:07:30,993] {logging_mixin.py:115} INFO - [2022-10-27 11:07:30,993] {dag.py:2371} INFO - Sync 1 DAGs
[2022-10-27 11:07:31,227] {logging_mixin.py:115} INFO - [2022-10-27 11:07:31,226] {dag.py:2919} INFO - Setting next_dagrun for latest_only to 2022-10-27T07:07:31.226065+00:00, run_after=2022-10-27T11:07:31.226065+00:00
[2022-10-27 11:07:31,313] {processor.py:161} INFO - Processing /home/airflow/.local/lib/python3.7/site-packages/airflow/example_dags/example_latest_only.py took 0.584 seconds
[2022-10-27 11:08:01,482] {processor.py:153} INFO - Started process (PID=5838) to work on /home/airflow/.local/lib/python3.7/site-packages/airflow/example_dags/example_latest_only.py
[2022-10-27 11:08:01,483] {processor.py:641} INFO - Processing file /home/airflow/.local/lib/python3.7/site-packages/airflow/example_dags/example_latest_only.py for tasks to queue
[2022-10-27 11:08:01,485] {logging_mixin.py:115} INFO - [2022-10-27 11:08:01,484] {dagbag.py:507} INFO - Filling up the DagBag from /home/airflow/.local/lib/python3.7/site-packages/airflow/example_dags/example_latest_only.py
[2022-10-27 11:08:01,496] {processor.py:651} INFO - DAG(s) dict_keys(['latest_only']) retrieved from /home/airflow/.local/lib/python3.7/site-packages/airflow/example_dags/example_latest_only.py
[2022-10-27 11:08:01,544] {logging_mixin.py:115} INFO - [2022-10-27 11:08:01,544] {dag.py:2371} INFO - Sync 1 DAGs
[2022-10-27 11:08:01,589] {logging_mixin.py:115} INFO - [2022-10-27 11:08:01,589] {dag.py:2919} INFO - Setting next_dagrun for latest_only to 2022-10-27T07:08:01.589110+00:00, run_after=2022-10-27T11:08:01.589110+00:00
[2022-10-27 11:08:01,618] {processor.py:161} INFO - Processing /home/airflow/.local/lib/python3.7/site-packages/airflow/example_dags/example_latest_only.py took 0.142 seconds
[2022-10-27 11:08:32,448] {processor.py:153} INFO - Started process (PID=5893) to work on /home/airflow/.local/lib/python3.7/site-packages/airflow/example_dags/example_latest_only.py
[2022-10-27 11:08:32,451] {processor.py:641} INFO - Processing file /home/airflow/.local/lib/python3.7/site-packages/airflow/example_dags/example_latest_only.py for tasks to queue
[2022-10-27 11:08:32,454] {logging_mixin.py:115} INFO - [2022-10-27 11:08:32,454] {dagbag.py:507} INFO - Filling up the DagBag from /home/airflow/.local/lib/python3.7/site-packages/airflow/example_dags/example_latest_only.py
[2022-10-27 11:08:32,484] {processor.py:651} INFO - DAG(s) dict_keys(['latest_only']) retrieved from /home/airflow/.local/lib/python3.7/site-packages/airflow/example_dags/example_latest_only.py
[2022-10-27 11:08:32,652] {logging_mixin.py:115} INFO - [2022-10-27 11:08:32,652] {dag.py:2371} INFO - Sync 1 DAGs
[2022-10-27 11:08:32,775] {logging_mixin.py:115} INFO - [2022-10-27 11:08:32,774] {dag.py:2919} INFO - Setting next_dagrun for latest_only to 2022-10-27T07:08:32.774297+00:00, run_after=2022-10-27T11:08:32.774297+00:00
[2022-10-27 11:08:32,899] {processor.py:161} INFO - Processing /home/airflow/.local/lib/python3.7/site-packages/airflow/example_dags/example_latest_only.py took 0.470 seconds
[2022-10-27 11:09:03,538] {processor.py:153} INFO - Started process (PID=5937) to work on /home/airflow/.local/lib/python3.7/site-packages/airflow/example_dags/example_latest_only.py
[2022-10-27 11:09:03,543] {processor.py:641} INFO - Processing file /home/airflow/.local/lib/python3.7/site-packages/airflow/example_dags/example_latest_only.py for tasks to queue
[2022-10-27 11:09:03,549] {logging_mixin.py:115} INFO - [2022-10-27 11:09:03,549] {dagbag.py:507} INFO - Filling up the DagBag from /home/airflow/.local/lib/python3.7/site-packages/airflow/example_dags/example_latest_only.py
[2022-10-27 11:09:03,571] {processor.py:651} INFO - DAG(s) dict_keys(['latest_only']) retrieved from /home/airflow/.local/lib/python3.7/site-packages/airflow/example_dags/example_latest_only.py
[2022-10-27 11:09:03,709] {logging_mixin.py:115} INFO - [2022-10-27 11:09:03,709] {dag.py:2371} INFO - Sync 1 DAGs
[2022-10-27 11:09:03,820] {logging_mixin.py:115} INFO - [2022-10-27 11:09:03,820] {dag.py:2919} INFO - Setting next_dagrun for latest_only to 2022-10-27T07:09:03.819323+00:00, run_after=2022-10-27T11:09:03.819323+00:00
[2022-10-27 11:09:03,910] {processor.py:161} INFO - Processing /home/airflow/.local/lib/python3.7/site-packages/airflow/example_dags/example_latest_only.py took 0.380 seconds
[2022-10-27 11:09:37,320] {processor.py:153} INFO - Started process (PID=5991) to work on /home/airflow/.local/lib/python3.7/site-packages/airflow/example_dags/example_latest_only.py
[2022-10-27 11:09:37,333] {processor.py:641} INFO - Processing file /home/airflow/.local/lib/python3.7/site-packages/airflow/example_dags/example_latest_only.py for tasks to queue
[2022-10-27 11:09:37,348] {logging_mixin.py:115} INFO - [2022-10-27 11:09:37,344] {dagbag.py:507} INFO - Filling up the DagBag from /home/airflow/.local/lib/python3.7/site-packages/airflow/example_dags/example_latest_only.py
[2022-10-27 11:09:37,407] {processor.py:651} INFO - DAG(s) dict_keys(['latest_only']) retrieved from /home/airflow/.local/lib/python3.7/site-packages/airflow/example_dags/example_latest_only.py
[2022-10-27 11:09:37,807] {logging_mixin.py:115} INFO - [2022-10-27 11:09:37,807] {dag.py:2371} INFO - Sync 1 DAGs
[2022-10-27 11:09:38,135] {logging_mixin.py:115} INFO - [2022-10-27 11:09:38,134] {dag.py:2919} INFO - Setting next_dagrun for latest_only to 2022-10-27T07:09:38.134206+00:00, run_after=2022-10-27T11:09:38.134206+00:00
[2022-10-27 11:09:38,477] {processor.py:161} INFO - Processing /home/airflow/.local/lib/python3.7/site-packages/airflow/example_dags/example_latest_only.py took 1.228 seconds
[2022-10-27 11:10:08,976] {processor.py:153} INFO - Started process (PID=6046) to work on /home/airflow/.local/lib/python3.7/site-packages/airflow/example_dags/example_latest_only.py
[2022-10-27 11:10:08,978] {processor.py:641} INFO - Processing file /home/airflow/.local/lib/python3.7/site-packages/airflow/example_dags/example_latest_only.py for tasks to queue
[2022-10-27 11:10:08,979] {logging_mixin.py:115} INFO - [2022-10-27 11:10:08,979] {dagbag.py:507} INFO - Filling up the DagBag from /home/airflow/.local/lib/python3.7/site-packages/airflow/example_dags/example_latest_only.py
[2022-10-27 11:10:08,994] {processor.py:651} INFO - DAG(s) dict_keys(['latest_only']) retrieved from /home/airflow/.local/lib/python3.7/site-packages/airflow/example_dags/example_latest_only.py
[2022-10-27 11:10:09,105] {logging_mixin.py:115} INFO - [2022-10-27 11:10:09,105] {dag.py:2371} INFO - Sync 1 DAGs
[2022-10-27 11:10:09,181] {logging_mixin.py:115} INFO - [2022-10-27 11:10:09,181] {dag.py:2919} INFO - Setting next_dagrun for latest_only to 2022-10-27T07:10:09.180696+00:00, run_after=2022-10-27T11:10:09.180696+00:00
[2022-10-27 11:10:09,215] {processor.py:161} INFO - Processing /home/airflow/.local/lib/python3.7/site-packages/airflow/example_dags/example_latest_only.py took 0.245 seconds
[2022-10-27 11:10:39,731] {processor.py:153} INFO - Started process (PID=6100) to work on /home/airflow/.local/lib/python3.7/site-packages/airflow/example_dags/example_latest_only.py
[2022-10-27 11:10:39,737] {processor.py:641} INFO - Processing file /home/airflow/.local/lib/python3.7/site-packages/airflow/example_dags/example_latest_only.py for tasks to queue
[2022-10-27 11:10:39,739] {logging_mixin.py:115} INFO - [2022-10-27 11:10:39,739] {dagbag.py:507} INFO - Filling up the DagBag from /home/airflow/.local/lib/python3.7/site-packages/airflow/example_dags/example_latest_only.py
[2022-10-27 11:10:39,760] {processor.py:651} INFO - DAG(s) dict_keys(['latest_only']) retrieved from /home/airflow/.local/lib/python3.7/site-packages/airflow/example_dags/example_latest_only.py
[2022-10-27 11:10:39,941] {logging_mixin.py:115} INFO - [2022-10-27 11:10:39,941] {dag.py:2371} INFO - Sync 1 DAGs
[2022-10-27 11:10:40,143] {logging_mixin.py:115} INFO - [2022-10-27 11:10:40,143] {dag.py:2919} INFO - Setting next_dagrun for latest_only to 2022-10-27T07:10:40.143111+00:00, run_after=2022-10-27T11:10:40.143111+00:00
[2022-10-27 11:10:40,252] {processor.py:161} INFO - Processing /home/airflow/.local/lib/python3.7/site-packages/airflow/example_dags/example_latest_only.py took 0.530 seconds
[2022-10-27 11:11:11,690] {processor.py:153} INFO - Started process (PID=6153) to work on /home/airflow/.local/lib/python3.7/site-packages/airflow/example_dags/example_latest_only.py
[2022-10-27 11:11:11,734] {processor.py:641} INFO - Processing file /home/airflow/.local/lib/python3.7/site-packages/airflow/example_dags/example_latest_only.py for tasks to queue
[2022-10-27 11:11:11,763] {logging_mixin.py:115} INFO - [2022-10-27 11:11:11,763] {dagbag.py:507} INFO - Filling up the DagBag from /home/airflow/.local/lib/python3.7/site-packages/airflow/example_dags/example_latest_only.py
[2022-10-27 11:11:11,833] {processor.py:651} INFO - DAG(s) dict_keys(['latest_only']) retrieved from /home/airflow/.local/lib/python3.7/site-packages/airflow/example_dags/example_latest_only.py
[2022-10-27 11:11:12,129] {logging_mixin.py:115} INFO - [2022-10-27 11:11:12,129] {dag.py:2371} INFO - Sync 1 DAGs
[2022-10-27 11:11:12,463] {logging_mixin.py:115} INFO - [2022-10-27 11:11:12,463] {dag.py:2919} INFO - Setting next_dagrun for latest_only to 2022-10-27T07:11:12.434486+00:00, run_after=2022-10-27T11:11:12.434486+00:00
[2022-10-27 11:11:12,870] {processor.py:161} INFO - Processing /home/airflow/.local/lib/python3.7/site-packages/airflow/example_dags/example_latest_only.py took 1.229 seconds
[2022-10-27 11:11:44,854] {processor.py:153} INFO - Started process (PID=6197) to work on /home/airflow/.local/lib/python3.7/site-packages/airflow/example_dags/example_latest_only.py
[2022-10-27 11:11:44,865] {processor.py:641} INFO - Processing file /home/airflow/.local/lib/python3.7/site-packages/airflow/example_dags/example_latest_only.py for tasks to queue
[2022-10-27 11:11:44,877] {logging_mixin.py:115} INFO - [2022-10-27 11:11:44,876] {dagbag.py:507} INFO - Filling up the DagBag from /home/airflow/.local/lib/python3.7/site-packages/airflow/example_dags/example_latest_only.py
[2022-10-27 11:11:44,928] {processor.py:651} INFO - DAG(s) dict_keys(['latest_only']) retrieved from /home/airflow/.local/lib/python3.7/site-packages/airflow/example_dags/example_latest_only.py
[2022-10-27 11:11:45,113] {logging_mixin.py:115} INFO - [2022-10-27 11:11:45,112] {dag.py:2371} INFO - Sync 1 DAGs
[2022-10-27 11:11:45,252] {logging_mixin.py:115} INFO - [2022-10-27 11:11:45,252] {dag.py:2919} INFO - Setting next_dagrun for latest_only to 2022-10-27T07:11:45.249040+00:00, run_after=2022-10-27T11:11:45.249040+00:00
[2022-10-27 11:11:45,392] {processor.py:161} INFO - Processing /home/airflow/.local/lib/python3.7/site-packages/airflow/example_dags/example_latest_only.py took 0.546 seconds
[2022-10-27 11:12:15,782] {processor.py:153} INFO - Started process (PID=6257) to work on /home/airflow/.local/lib/python3.7/site-packages/airflow/example_dags/example_latest_only.py
[2022-10-27 11:12:15,784] {processor.py:641} INFO - Processing file /home/airflow/.local/lib/python3.7/site-packages/airflow/example_dags/example_latest_only.py for tasks to queue
[2022-10-27 11:12:15,785] {logging_mixin.py:115} INFO - [2022-10-27 11:12:15,785] {dagbag.py:507} INFO - Filling up the DagBag from /home/airflow/.local/lib/python3.7/site-packages/airflow/example_dags/example_latest_only.py
[2022-10-27 11:12:15,802] {processor.py:651} INFO - DAG(s) dict_keys(['latest_only']) retrieved from /home/airflow/.local/lib/python3.7/site-packages/airflow/example_dags/example_latest_only.py
[2022-10-27 11:12:15,925] {logging_mixin.py:115} INFO - [2022-10-27 11:12:15,924] {dag.py:2371} INFO - Sync 1 DAGs
[2022-10-27 11:12:15,997] {logging_mixin.py:115} INFO - [2022-10-27 11:12:15,997] {dag.py:2919} INFO - Setting next_dagrun for latest_only to 2022-10-27T07:12:15.996684+00:00, run_after=2022-10-27T11:12:15.996684+00:00
[2022-10-27 11:12:16,052] {processor.py:161} INFO - Processing /home/airflow/.local/lib/python3.7/site-packages/airflow/example_dags/example_latest_only.py took 0.275 seconds
[2022-10-27 11:12:47,069] {processor.py:153} INFO - Started process (PID=6310) to work on /home/airflow/.local/lib/python3.7/site-packages/airflow/example_dags/example_latest_only.py
[2022-10-27 11:12:47,070] {processor.py:641} INFO - Processing file /home/airflow/.local/lib/python3.7/site-packages/airflow/example_dags/example_latest_only.py for tasks to queue
[2022-10-27 11:12:47,072] {logging_mixin.py:115} INFO - [2022-10-27 11:12:47,072] {dagbag.py:507} INFO - Filling up the DagBag from /home/airflow/.local/lib/python3.7/site-packages/airflow/example_dags/example_latest_only.py
[2022-10-27 11:12:47,088] {processor.py:651} INFO - DAG(s) dict_keys(['latest_only']) retrieved from /home/airflow/.local/lib/python3.7/site-packages/airflow/example_dags/example_latest_only.py
[2022-10-27 11:12:47,190] {logging_mixin.py:115} INFO - [2022-10-27 11:12:47,189] {dag.py:2371} INFO - Sync 1 DAGs
[2022-10-27 11:12:47,294] {logging_mixin.py:115} INFO - [2022-10-27 11:12:47,293] {dag.py:2919} INFO - Setting next_dagrun for latest_only to 2022-10-27T07:12:47.293509+00:00, run_after=2022-10-27T11:12:47.293509+00:00
[2022-10-27 11:12:47,329] {processor.py:161} INFO - Processing /home/airflow/.local/lib/python3.7/site-packages/airflow/example_dags/example_latest_only.py took 0.267 seconds
[2022-10-27 11:13:17,849] {processor.py:153} INFO - Started process (PID=6364) to work on /home/airflow/.local/lib/python3.7/site-packages/airflow/example_dags/example_latest_only.py
[2022-10-27 11:13:17,851] {processor.py:641} INFO - Processing file /home/airflow/.local/lib/python3.7/site-packages/airflow/example_dags/example_latest_only.py for tasks to queue
[2022-10-27 11:13:17,853] {logging_mixin.py:115} INFO - [2022-10-27 11:13:17,853] {dagbag.py:507} INFO - Filling up the DagBag from /home/airflow/.local/lib/python3.7/site-packages/airflow/example_dags/example_latest_only.py
[2022-10-27 11:13:17,887] {processor.py:651} INFO - DAG(s) dict_keys(['latest_only']) retrieved from /home/airflow/.local/lib/python3.7/site-packages/airflow/example_dags/example_latest_only.py
[2022-10-27 11:13:18,024] {logging_mixin.py:115} INFO - [2022-10-27 11:13:18,024] {dag.py:2371} INFO - Sync 1 DAGs
[2022-10-27 11:13:18,177] {logging_mixin.py:115} INFO - [2022-10-27 11:13:18,176] {dag.py:2919} INFO - Setting next_dagrun for latest_only to 2022-10-27T07:13:18.169487+00:00, run_after=2022-10-27T11:13:18.169487+00:00
[2022-10-27 11:13:18,448] {processor.py:161} INFO - Processing /home/airflow/.local/lib/python3.7/site-packages/airflow/example_dags/example_latest_only.py took 0.625 seconds
[2022-10-27 11:13:49,532] {processor.py:153} INFO - Started process (PID=6409) to work on /home/airflow/.local/lib/python3.7/site-packages/airflow/example_dags/example_latest_only.py
[2022-10-27 11:13:49,536] {processor.py:641} INFO - Processing file /home/airflow/.local/lib/python3.7/site-packages/airflow/example_dags/example_latest_only.py for tasks to queue
[2022-10-27 11:13:49,543] {logging_mixin.py:115} INFO - [2022-10-27 11:13:49,543] {dagbag.py:507} INFO - Filling up the DagBag from /home/airflow/.local/lib/python3.7/site-packages/airflow/example_dags/example_latest_only.py
[2022-10-27 11:13:49,582] {processor.py:651} INFO - DAG(s) dict_keys(['latest_only']) retrieved from /home/airflow/.local/lib/python3.7/site-packages/airflow/example_dags/example_latest_only.py
[2022-10-27 11:13:49,806] {logging_mixin.py:115} INFO - [2022-10-27 11:13:49,805] {dag.py:2371} INFO - Sync 1 DAGs
[2022-10-27 11:13:50,005] {logging_mixin.py:115} INFO - [2022-10-27 11:13:49,995] {dag.py:2919} INFO - Setting next_dagrun for latest_only to 2022-10-27T07:13:49.995066+00:00, run_after=2022-10-27T11:13:49.995066+00:00
[2022-10-27 11:13:50,137] {processor.py:161} INFO - Processing /home/airflow/.local/lib/python3.7/site-packages/airflow/example_dags/example_latest_only.py took 0.678 seconds
[2022-10-27 11:14:22,015] {processor.py:153} INFO - Started process (PID=6463) to work on /home/airflow/.local/lib/python3.7/site-packages/airflow/example_dags/example_latest_only.py
[2022-10-27 11:14:22,039] {processor.py:641} INFO - Processing file /home/airflow/.local/lib/python3.7/site-packages/airflow/example_dags/example_latest_only.py for tasks to queue
[2022-10-27 11:14:22,074] {logging_mixin.py:115} INFO - [2022-10-27 11:14:22,066] {dagbag.py:507} INFO - Filling up the DagBag from /home/airflow/.local/lib/python3.7/site-packages/airflow/example_dags/example_latest_only.py
[2022-10-27 11:14:22,250] {processor.py:651} INFO - DAG(s) dict_keys(['latest_only']) retrieved from /home/airflow/.local/lib/python3.7/site-packages/airflow/example_dags/example_latest_only.py
[2022-10-27 11:14:22,838] {logging_mixin.py:115} INFO - [2022-10-27 11:14:22,838] {dag.py:2371} INFO - Sync 1 DAGs
[2022-10-27 11:14:23,439] {logging_mixin.py:115} INFO - [2022-10-27 11:14:23,439] {dag.py:2919} INFO - Setting next_dagrun for latest_only to 2022-10-27T07:14:23.438525+00:00, run_after=2022-10-27T11:14:23.438525+00:00
[2022-10-27 11:14:23,638] {processor.py:161} INFO - Processing /home/airflow/.local/lib/python3.7/site-packages/airflow/example_dags/example_latest_only.py took 1.632 seconds
[2022-10-27 11:14:53,873] {processor.py:153} INFO - Started process (PID=6516) to work on /home/airflow/.local/lib/python3.7/site-packages/airflow/example_dags/example_latest_only.py
[2022-10-27 11:14:53,875] {processor.py:641} INFO - Processing file /home/airflow/.local/lib/python3.7/site-packages/airflow/example_dags/example_latest_only.py for tasks to queue
[2022-10-27 11:14:53,876] {logging_mixin.py:115} INFO - [2022-10-27 11:14:53,876] {dagbag.py:507} INFO - Filling up the DagBag from /home/airflow/.local/lib/python3.7/site-packages/airflow/example_dags/example_latest_only.py
[2022-10-27 11:14:53,893] {processor.py:651} INFO - DAG(s) dict_keys(['latest_only']) retrieved from /home/airflow/.local/lib/python3.7/site-packages/airflow/example_dags/example_latest_only.py
[2022-10-27 11:14:53,986] {logging_mixin.py:115} INFO - [2022-10-27 11:14:53,985] {dag.py:2371} INFO - Sync 1 DAGs
[2022-10-27 11:14:54,062] {logging_mixin.py:115} INFO - [2022-10-27 11:14:54,061] {dag.py:2919} INFO - Setting next_dagrun for latest_only to 2022-10-27T07:14:54.060690+00:00, run_after=2022-10-27T11:14:54.060690+00:00
[2022-10-27 11:14:54,107] {processor.py:161} INFO - Processing /home/airflow/.local/lib/python3.7/site-packages/airflow/example_dags/example_latest_only.py took 0.242 seconds
[2022-10-27 11:15:24,879] {processor.py:153} INFO - Started process (PID=6570) to work on /home/airflow/.local/lib/python3.7/site-packages/airflow/example_dags/example_latest_only.py
[2022-10-27 11:15:24,881] {processor.py:641} INFO - Processing file /home/airflow/.local/lib/python3.7/site-packages/airflow/example_dags/example_latest_only.py for tasks to queue
[2022-10-27 11:15:24,883] {logging_mixin.py:115} INFO - [2022-10-27 11:15:24,882] {dagbag.py:507} INFO - Filling up the DagBag from /home/airflow/.local/lib/python3.7/site-packages/airflow/example_dags/example_latest_only.py
[2022-10-27 11:15:24,901] {processor.py:651} INFO - DAG(s) dict_keys(['latest_only']) retrieved from /home/airflow/.local/lib/python3.7/site-packages/airflow/example_dags/example_latest_only.py
[2022-10-27 11:15:24,971] {logging_mixin.py:115} INFO - [2022-10-27 11:15:24,971] {dag.py:2371} INFO - Sync 1 DAGs
[2022-10-27 11:15:25,034] {logging_mixin.py:115} INFO - [2022-10-27 11:15:25,034] {dag.py:2919} INFO - Setting next_dagrun for latest_only to 2022-10-27T07:15:25.032166+00:00, run_after=2022-10-27T11:15:25.032166+00:00
[2022-10-27 11:15:25,082] {processor.py:161} INFO - Processing /home/airflow/.local/lib/python3.7/site-packages/airflow/example_dags/example_latest_only.py took 0.212 seconds
[2022-10-27 11:15:55,308] {processor.py:153} INFO - Started process (PID=6622) to work on /home/airflow/.local/lib/python3.7/site-packages/airflow/example_dags/example_latest_only.py
[2022-10-27 11:15:55,310] {processor.py:641} INFO - Processing file /home/airflow/.local/lib/python3.7/site-packages/airflow/example_dags/example_latest_only.py for tasks to queue
[2022-10-27 11:15:55,312] {logging_mixin.py:115} INFO - [2022-10-27 11:15:55,312] {dagbag.py:507} INFO - Filling up the DagBag from /home/airflow/.local/lib/python3.7/site-packages/airflow/example_dags/example_latest_only.py
[2022-10-27 11:15:55,324] {processor.py:651} INFO - DAG(s) dict_keys(['latest_only']) retrieved from /home/airflow/.local/lib/python3.7/site-packages/airflow/example_dags/example_latest_only.py
[2022-10-27 11:15:55,394] {logging_mixin.py:115} INFO - [2022-10-27 11:15:55,394] {dag.py:2371} INFO - Sync 1 DAGs
[2022-10-27 11:15:55,468] {logging_mixin.py:115} INFO - [2022-10-27 11:15:55,463] {dag.py:2919} INFO - Setting next_dagrun for latest_only to 2022-10-27T07:15:55.463225+00:00, run_after=2022-10-27T11:15:55.463225+00:00
[2022-10-27 11:15:55,504] {processor.py:161} INFO - Processing /home/airflow/.local/lib/python3.7/site-packages/airflow/example_dags/example_latest_only.py took 0.201 seconds
[2022-10-27 11:16:25,800] {processor.py:153} INFO - Started process (PID=6675) to work on /home/airflow/.local/lib/python3.7/site-packages/airflow/example_dags/example_latest_only.py
[2022-10-27 11:16:25,802] {processor.py:641} INFO - Processing file /home/airflow/.local/lib/python3.7/site-packages/airflow/example_dags/example_latest_only.py for tasks to queue
[2022-10-27 11:16:25,804] {logging_mixin.py:115} INFO - [2022-10-27 11:16:25,804] {dagbag.py:507} INFO - Filling up the DagBag from /home/airflow/.local/lib/python3.7/site-packages/airflow/example_dags/example_latest_only.py
[2022-10-27 11:16:25,823] {processor.py:651} INFO - DAG(s) dict_keys(['latest_only']) retrieved from /home/airflow/.local/lib/python3.7/site-packages/airflow/example_dags/example_latest_only.py
[2022-10-27 11:16:25,921] {logging_mixin.py:115} INFO - [2022-10-27 11:16:25,921] {dag.py:2371} INFO - Sync 1 DAGs
[2022-10-27 11:16:25,997] {logging_mixin.py:115} INFO - [2022-10-27 11:16:25,997] {dag.py:2919} INFO - Setting next_dagrun for latest_only to 2022-10-27T07:16:25.996779+00:00, run_after=2022-10-27T11:16:25.996779+00:00
[2022-10-27 11:16:26,034] {processor.py:161} INFO - Processing /home/airflow/.local/lib/python3.7/site-packages/airflow/example_dags/example_latest_only.py took 0.245 seconds
[2022-10-27 11:16:56,736] {processor.py:153} INFO - Started process (PID=6728) to work on /home/airflow/.local/lib/python3.7/site-packages/airflow/example_dags/example_latest_only.py
[2022-10-27 11:16:56,740] {processor.py:641} INFO - Processing file /home/airflow/.local/lib/python3.7/site-packages/airflow/example_dags/example_latest_only.py for tasks to queue
[2022-10-27 11:16:56,768] {logging_mixin.py:115} INFO - [2022-10-27 11:16:56,764] {dagbag.py:507} INFO - Filling up the DagBag from /home/airflow/.local/lib/python3.7/site-packages/airflow/example_dags/example_latest_only.py
[2022-10-27 11:16:56,862] {processor.py:651} INFO - DAG(s) dict_keys(['latest_only']) retrieved from /home/airflow/.local/lib/python3.7/site-packages/airflow/example_dags/example_latest_only.py
[2022-10-27 11:16:57,218] {logging_mixin.py:115} INFO - [2022-10-27 11:16:57,215] {dag.py:2371} INFO - Sync 1 DAGs
[2022-10-27 11:16:57,457] {logging_mixin.py:115} INFO - [2022-10-27 11:16:57,457] {dag.py:2919} INFO - Setting next_dagrun for latest_only to 2022-10-27T07:16:57.457162+00:00, run_after=2022-10-27T11:16:57.457162+00:00
[2022-10-27 11:16:57,580] {processor.py:161} INFO - Processing /home/airflow/.local/lib/python3.7/site-packages/airflow/example_dags/example_latest_only.py took 0.873 seconds
[2022-10-27 11:17:28,570] {processor.py:153} INFO - Started process (PID=6781) to work on /home/airflow/.local/lib/python3.7/site-packages/airflow/example_dags/example_latest_only.py
[2022-10-27 11:17:28,573] {processor.py:641} INFO - Processing file /home/airflow/.local/lib/python3.7/site-packages/airflow/example_dags/example_latest_only.py for tasks to queue
[2022-10-27 11:17:28,579] {logging_mixin.py:115} INFO - [2022-10-27 11:17:28,579] {dagbag.py:507} INFO - Filling up the DagBag from /home/airflow/.local/lib/python3.7/site-packages/airflow/example_dags/example_latest_only.py
[2022-10-27 11:17:28,602] {processor.py:651} INFO - DAG(s) dict_keys(['latest_only']) retrieved from /home/airflow/.local/lib/python3.7/site-packages/airflow/example_dags/example_latest_only.py
[2022-10-27 11:17:28,711] {logging_mixin.py:115} INFO - [2022-10-27 11:17:28,710] {dag.py:2371} INFO - Sync 1 DAGs
[2022-10-27 11:17:28,802] {logging_mixin.py:115} INFO - [2022-10-27 11:17:28,802] {dag.py:2919} INFO - Setting next_dagrun for latest_only to 2022-10-27T07:17:28.801535+00:00, run_after=2022-10-27T11:17:28.801535+00:00
[2022-10-27 11:17:28,848] {processor.py:161} INFO - Processing /home/airflow/.local/lib/python3.7/site-packages/airflow/example_dags/example_latest_only.py took 0.284 seconds
[2022-10-27 11:17:59,405] {processor.py:153} INFO - Started process (PID=6835) to work on /home/airflow/.local/lib/python3.7/site-packages/airflow/example_dags/example_latest_only.py
[2022-10-27 11:17:59,412] {processor.py:641} INFO - Processing file /home/airflow/.local/lib/python3.7/site-packages/airflow/example_dags/example_latest_only.py for tasks to queue
[2022-10-27 11:17:59,414] {logging_mixin.py:115} INFO - [2022-10-27 11:17:59,413] {dagbag.py:507} INFO - Filling up the DagBag from /home/airflow/.local/lib/python3.7/site-packages/airflow/example_dags/example_latest_only.py
[2022-10-27 11:17:59,426] {processor.py:651} INFO - DAG(s) dict_keys(['latest_only']) retrieved from /home/airflow/.local/lib/python3.7/site-packages/airflow/example_dags/example_latest_only.py
[2022-10-27 11:17:59,516] {logging_mixin.py:115} INFO - [2022-10-27 11:17:59,516] {dag.py:2371} INFO - Sync 1 DAGs
[2022-10-27 11:17:59,595] {logging_mixin.py:115} INFO - [2022-10-27 11:17:59,595] {dag.py:2919} INFO - Setting next_dagrun for latest_only to 2022-10-27T07:17:59.594549+00:00, run_after=2022-10-27T11:17:59.594549+00:00
[2022-10-27 11:17:59,629] {processor.py:161} INFO - Processing /home/airflow/.local/lib/python3.7/site-packages/airflow/example_dags/example_latest_only.py took 0.231 seconds
[2022-10-27 11:18:29,842] {processor.py:153} INFO - Started process (PID=6888) to work on /home/airflow/.local/lib/python3.7/site-packages/airflow/example_dags/example_latest_only.py
[2022-10-27 11:18:29,843] {processor.py:641} INFO - Processing file /home/airflow/.local/lib/python3.7/site-packages/airflow/example_dags/example_latest_only.py for tasks to queue
[2022-10-27 11:18:29,854] {logging_mixin.py:115} INFO - [2022-10-27 11:18:29,854] {dagbag.py:507} INFO - Filling up the DagBag from /home/airflow/.local/lib/python3.7/site-packages/airflow/example_dags/example_latest_only.py
[2022-10-27 11:18:29,876] {processor.py:651} INFO - DAG(s) dict_keys(['latest_only']) retrieved from /home/airflow/.local/lib/python3.7/site-packages/airflow/example_dags/example_latest_only.py
[2022-10-27 11:18:30,002] {logging_mixin.py:115} INFO - [2022-10-27 11:18:30,002] {dag.py:2371} INFO - Sync 1 DAGs
[2022-10-27 11:18:30,146] {logging_mixin.py:115} INFO - [2022-10-27 11:18:30,146] {dag.py:2919} INFO - Setting next_dagrun for latest_only to 2022-10-27T07:18:30.145738+00:00, run_after=2022-10-27T11:18:30.145738+00:00
[2022-10-27 11:18:30,212] {processor.py:161} INFO - Processing /home/airflow/.local/lib/python3.7/site-packages/airflow/example_dags/example_latest_only.py took 0.377 seconds
[2022-10-27 11:19:00,641] {processor.py:153} INFO - Started process (PID=6941) to work on /home/airflow/.local/lib/python3.7/site-packages/airflow/example_dags/example_latest_only.py
[2022-10-27 11:19:00,643] {processor.py:641} INFO - Processing file /home/airflow/.local/lib/python3.7/site-packages/airflow/example_dags/example_latest_only.py for tasks to queue
[2022-10-27 11:19:00,647] {logging_mixin.py:115} INFO - [2022-10-27 11:19:00,647] {dagbag.py:507} INFO - Filling up the DagBag from /home/airflow/.local/lib/python3.7/site-packages/airflow/example_dags/example_latest_only.py
[2022-10-27 11:19:00,662] {processor.py:651} INFO - DAG(s) dict_keys(['latest_only']) retrieved from /home/airflow/.local/lib/python3.7/site-packages/airflow/example_dags/example_latest_only.py
[2022-10-27 11:19:00,751] {logging_mixin.py:115} INFO - [2022-10-27 11:19:00,751] {dag.py:2371} INFO - Sync 1 DAGs
[2022-10-27 11:19:00,857] {logging_mixin.py:115} INFO - [2022-10-27 11:19:00,857] {dag.py:2919} INFO - Setting next_dagrun for latest_only to 2022-10-27T07:19:00.853986+00:00, run_after=2022-10-27T11:19:00.853986+00:00
[2022-10-27 11:19:00,912] {processor.py:161} INFO - Processing /home/airflow/.local/lib/python3.7/site-packages/airflow/example_dags/example_latest_only.py took 0.279 seconds
[2022-10-27 11:19:31,473] {processor.py:153} INFO - Started process (PID=7004) to work on /home/airflow/.local/lib/python3.7/site-packages/airflow/example_dags/example_latest_only.py
[2022-10-27 11:19:31,484] {processor.py:641} INFO - Processing file /home/airflow/.local/lib/python3.7/site-packages/airflow/example_dags/example_latest_only.py for tasks to queue
[2022-10-27 11:19:31,498] {logging_mixin.py:115} INFO - [2022-10-27 11:19:31,498] {dagbag.py:507} INFO - Filling up the DagBag from /home/airflow/.local/lib/python3.7/site-packages/airflow/example_dags/example_latest_only.py
[2022-10-27 11:19:31,523] {processor.py:651} INFO - DAG(s) dict_keys(['latest_only']) retrieved from /home/airflow/.local/lib/python3.7/site-packages/airflow/example_dags/example_latest_only.py
[2022-10-27 11:19:31,618] {logging_mixin.py:115} INFO - [2022-10-27 11:19:31,618] {dag.py:2371} INFO - Sync 1 DAGs
[2022-10-27 11:19:31,709] {logging_mixin.py:115} INFO - [2022-10-27 11:19:31,709] {dag.py:2919} INFO - Setting next_dagrun for latest_only to 2022-10-27T07:19:31.706255+00:00, run_after=2022-10-27T11:19:31.706255+00:00
[2022-10-27 11:19:31,751] {processor.py:161} INFO - Processing /home/airflow/.local/lib/python3.7/site-packages/airflow/example_dags/example_latest_only.py took 0.297 seconds
[2022-10-27 11:20:02,396] {processor.py:153} INFO - Started process (PID=7057) to work on /home/airflow/.local/lib/python3.7/site-packages/airflow/example_dags/example_latest_only.py
[2022-10-27 11:20:02,412] {processor.py:641} INFO - Processing file /home/airflow/.local/lib/python3.7/site-packages/airflow/example_dags/example_latest_only.py for tasks to queue
[2022-10-27 11:20:02,414] {logging_mixin.py:115} INFO - [2022-10-27 11:20:02,414] {dagbag.py:507} INFO - Filling up the DagBag from /home/airflow/.local/lib/python3.7/site-packages/airflow/example_dags/example_latest_only.py
[2022-10-27 11:20:02,473] {processor.py:651} INFO - DAG(s) dict_keys(['latest_only']) retrieved from /home/airflow/.local/lib/python3.7/site-packages/airflow/example_dags/example_latest_only.py
[2022-10-27 11:20:02,683] {logging_mixin.py:115} INFO - [2022-10-27 11:20:02,682] {dag.py:2371} INFO - Sync 1 DAGs
[2022-10-27 11:20:02,830] {logging_mixin.py:115} INFO - [2022-10-27 11:20:02,830] {dag.py:2919} INFO - Setting next_dagrun for latest_only to 2022-10-27T07:20:02.823167+00:00, run_after=2022-10-27T11:20:02.823167+00:00
[2022-10-27 11:20:02,945] {processor.py:161} INFO - Processing /home/airflow/.local/lib/python3.7/site-packages/airflow/example_dags/example_latest_only.py took 0.583 seconds
[2022-10-27 11:20:33,387] {processor.py:153} INFO - Started process (PID=7112) to work on /home/airflow/.local/lib/python3.7/site-packages/airflow/example_dags/example_latest_only.py
[2022-10-27 11:20:33,388] {processor.py:641} INFO - Processing file /home/airflow/.local/lib/python3.7/site-packages/airflow/example_dags/example_latest_only.py for tasks to queue
[2022-10-27 11:20:33,390] {logging_mixin.py:115} INFO - [2022-10-27 11:20:33,390] {dagbag.py:507} INFO - Filling up the DagBag from /home/airflow/.local/lib/python3.7/site-packages/airflow/example_dags/example_latest_only.py
[2022-10-27 11:20:33,436] {processor.py:651} INFO - DAG(s) dict_keys(['latest_only']) retrieved from /home/airflow/.local/lib/python3.7/site-packages/airflow/example_dags/example_latest_only.py
[2022-10-27 11:20:33,655] {logging_mixin.py:115} INFO - [2022-10-27 11:20:33,655] {dag.py:2371} INFO - Sync 1 DAGs
[2022-10-27 11:20:33,816] {logging_mixin.py:115} INFO - [2022-10-27 11:20:33,816] {dag.py:2919} INFO - Setting next_dagrun for latest_only to 2022-10-27T07:20:33.815571+00:00, run_after=2022-10-27T11:20:33.815571+00:00
[2022-10-27 11:20:33,889] {processor.py:161} INFO - Processing /home/airflow/.local/lib/python3.7/site-packages/airflow/example_dags/example_latest_only.py took 0.520 seconds
[2022-10-27 11:21:04,600] {processor.py:153} INFO - Started process (PID=7165) to work on /home/airflow/.local/lib/python3.7/site-packages/airflow/example_dags/example_latest_only.py
[2022-10-27 11:21:04,605] {processor.py:641} INFO - Processing file /home/airflow/.local/lib/python3.7/site-packages/airflow/example_dags/example_latest_only.py for tasks to queue
[2022-10-27 11:21:04,606] {logging_mixin.py:115} INFO - [2022-10-27 11:21:04,606] {dagbag.py:507} INFO - Filling up the DagBag from /home/airflow/.local/lib/python3.7/site-packages/airflow/example_dags/example_latest_only.py
[2022-10-27 11:21:04,630] {processor.py:651} INFO - DAG(s) dict_keys(['latest_only']) retrieved from /home/airflow/.local/lib/python3.7/site-packages/airflow/example_dags/example_latest_only.py
[2022-10-27 11:21:04,775] {logging_mixin.py:115} INFO - [2022-10-27 11:21:04,774] {dag.py:2371} INFO - Sync 1 DAGs
[2022-10-27 11:21:05,074] {logging_mixin.py:115} INFO - [2022-10-27 11:21:05,074] {dag.py:2919} INFO - Setting next_dagrun for latest_only to 2022-10-27T07:21:05.073674+00:00, run_after=2022-10-27T11:21:05.073674+00:00
[2022-10-27 11:21:05,168] {processor.py:161} INFO - Processing /home/airflow/.local/lib/python3.7/site-packages/airflow/example_dags/example_latest_only.py took 0.576 seconds
[2022-10-27 11:21:35,372] {processor.py:153} INFO - Started process (PID=7219) to work on /home/airflow/.local/lib/python3.7/site-packages/airflow/example_dags/example_latest_only.py
[2022-10-27 11:21:35,375] {processor.py:641} INFO - Processing file /home/airflow/.local/lib/python3.7/site-packages/airflow/example_dags/example_latest_only.py for tasks to queue
[2022-10-27 11:21:35,378] {logging_mixin.py:115} INFO - [2022-10-27 11:21:35,378] {dagbag.py:507} INFO - Filling up the DagBag from /home/airflow/.local/lib/python3.7/site-packages/airflow/example_dags/example_latest_only.py
[2022-10-27 11:21:35,396] {processor.py:651} INFO - DAG(s) dict_keys(['latest_only']) retrieved from /home/airflow/.local/lib/python3.7/site-packages/airflow/example_dags/example_latest_only.py
[2022-10-27 11:21:35,483] {logging_mixin.py:115} INFO - [2022-10-27 11:21:35,482] {dag.py:2371} INFO - Sync 1 DAGs
[2022-10-27 11:21:35,554] {logging_mixin.py:115} INFO - [2022-10-27 11:21:35,554] {dag.py:2919} INFO - Setting next_dagrun for latest_only to 2022-10-27T07:21:35.553258+00:00, run_after=2022-10-27T11:21:35.553258+00:00
[2022-10-27 11:21:35,604] {processor.py:161} INFO - Processing /home/airflow/.local/lib/python3.7/site-packages/airflow/example_dags/example_latest_only.py took 0.242 seconds
[2022-10-27 11:22:06,043] {processor.py:153} INFO - Started process (PID=7272) to work on /home/airflow/.local/lib/python3.7/site-packages/airflow/example_dags/example_latest_only.py
[2022-10-27 11:22:06,054] {processor.py:641} INFO - Processing file /home/airflow/.local/lib/python3.7/site-packages/airflow/example_dags/example_latest_only.py for tasks to queue
[2022-10-27 11:22:06,058] {logging_mixin.py:115} INFO - [2022-10-27 11:22:06,058] {dagbag.py:507} INFO - Filling up the DagBag from /home/airflow/.local/lib/python3.7/site-packages/airflow/example_dags/example_latest_only.py
[2022-10-27 11:22:06,081] {processor.py:651} INFO - DAG(s) dict_keys(['latest_only']) retrieved from /home/airflow/.local/lib/python3.7/site-packages/airflow/example_dags/example_latest_only.py
[2022-10-27 11:22:06,164] {logging_mixin.py:115} INFO - [2022-10-27 11:22:06,164] {dag.py:2371} INFO - Sync 1 DAGs
[2022-10-27 11:22:06,231] {logging_mixin.py:115} INFO - [2022-10-27 11:22:06,231] {dag.py:2919} INFO - Setting next_dagrun for latest_only to 2022-10-27T07:22:06.230397+00:00, run_after=2022-10-27T11:22:06.230397+00:00
[2022-10-27 11:22:06,264] {processor.py:161} INFO - Processing /home/airflow/.local/lib/python3.7/site-packages/airflow/example_dags/example_latest_only.py took 0.233 seconds
[2022-10-27 11:22:36,661] {processor.py:153} INFO - Started process (PID=7326) to work on /home/airflow/.local/lib/python3.7/site-packages/airflow/example_dags/example_latest_only.py
[2022-10-27 11:22:36,664] {processor.py:641} INFO - Processing file /home/airflow/.local/lib/python3.7/site-packages/airflow/example_dags/example_latest_only.py for tasks to queue
[2022-10-27 11:22:36,669] {logging_mixin.py:115} INFO - [2022-10-27 11:22:36,669] {dagbag.py:507} INFO - Filling up the DagBag from /home/airflow/.local/lib/python3.7/site-packages/airflow/example_dags/example_latest_only.py
[2022-10-27 11:22:36,683] {processor.py:651} INFO - DAG(s) dict_keys(['latest_only']) retrieved from /home/airflow/.local/lib/python3.7/site-packages/airflow/example_dags/example_latest_only.py
[2022-10-27 11:22:36,760] {logging_mixin.py:115} INFO - [2022-10-27 11:22:36,760] {dag.py:2371} INFO - Sync 1 DAGs
[2022-10-27 11:22:36,833] {logging_mixin.py:115} INFO - [2022-10-27 11:22:36,833] {dag.py:2919} INFO - Setting next_dagrun for latest_only to 2022-10-27T07:22:36.832414+00:00, run_after=2022-10-27T11:22:36.832414+00:00
[2022-10-27 11:22:36,883] {processor.py:161} INFO - Processing /home/airflow/.local/lib/python3.7/site-packages/airflow/example_dags/example_latest_only.py took 0.228 seconds
[2022-10-27 11:23:07,499] {processor.py:153} INFO - Started process (PID=7386) to work on /home/airflow/.local/lib/python3.7/site-packages/airflow/example_dags/example_latest_only.py
[2022-10-27 11:23:07,501] {processor.py:641} INFO - Processing file /home/airflow/.local/lib/python3.7/site-packages/airflow/example_dags/example_latest_only.py for tasks to queue
[2022-10-27 11:23:07,502] {logging_mixin.py:115} INFO - [2022-10-27 11:23:07,502] {dagbag.py:507} INFO - Filling up the DagBag from /home/airflow/.local/lib/python3.7/site-packages/airflow/example_dags/example_latest_only.py
[2022-10-27 11:23:07,523] {processor.py:651} INFO - DAG(s) dict_keys(['latest_only']) retrieved from /home/airflow/.local/lib/python3.7/site-packages/airflow/example_dags/example_latest_only.py
[2022-10-27 11:23:07,613] {logging_mixin.py:115} INFO - [2022-10-27 11:23:07,613] {dag.py:2371} INFO - Sync 1 DAGs
[2022-10-27 11:23:07,712] {logging_mixin.py:115} INFO - [2022-10-27 11:23:07,712] {dag.py:2919} INFO - Setting next_dagrun for latest_only to 2022-10-27T07:23:07.711491+00:00, run_after=2022-10-27T11:23:07.711491+00:00
[2022-10-27 11:23:07,758] {processor.py:161} INFO - Processing /home/airflow/.local/lib/python3.7/site-packages/airflow/example_dags/example_latest_only.py took 0.289 seconds
[2022-10-27 11:23:38,244] {processor.py:153} INFO - Started process (PID=7441) to work on /home/airflow/.local/lib/python3.7/site-packages/airflow/example_dags/example_latest_only.py
[2022-10-27 11:23:38,246] {processor.py:641} INFO - Processing file /home/airflow/.local/lib/python3.7/site-packages/airflow/example_dags/example_latest_only.py for tasks to queue
[2022-10-27 11:23:38,248] {logging_mixin.py:115} INFO - [2022-10-27 11:23:38,247] {dagbag.py:507} INFO - Filling up the DagBag from /home/airflow/.local/lib/python3.7/site-packages/airflow/example_dags/example_latest_only.py
[2022-10-27 11:23:38,262] {processor.py:651} INFO - DAG(s) dict_keys(['latest_only']) retrieved from /home/airflow/.local/lib/python3.7/site-packages/airflow/example_dags/example_latest_only.py
[2022-10-27 11:23:38,339] {logging_mixin.py:115} INFO - [2022-10-27 11:23:38,338] {dag.py:2371} INFO - Sync 1 DAGs
[2022-10-27 11:23:38,431] {logging_mixin.py:115} INFO - [2022-10-27 11:23:38,430] {dag.py:2919} INFO - Setting next_dagrun for latest_only to 2022-10-27T07:23:38.430232+00:00, run_after=2022-10-27T11:23:38.430232+00:00
[2022-10-27 11:23:38,479] {processor.py:161} INFO - Processing /home/airflow/.local/lib/python3.7/site-packages/airflow/example_dags/example_latest_only.py took 0.242 seconds
