[2022-10-27 11:02:26,736] {processor.py:153} INFO - Started process (PID=5285) to work on /home/airflow/.local/lib/python3.7/site-packages/airflow/example_dags/example_task_group_decorator.py
[2022-10-27 11:02:26,757] {processor.py:641} INFO - Processing file /home/airflow/.local/lib/python3.7/site-packages/airflow/example_dags/example_task_group_decorator.py for tasks to queue
[2022-10-27 11:02:26,775] {logging_mixin.py:115} INFO - [2022-10-27 11:02:26,774] {dagbag.py:507} INFO - Filling up the DagBag from /home/airflow/.local/lib/python3.7/site-packages/airflow/example_dags/example_task_group_decorator.py
[2022-10-27 11:02:27,114] {processor.py:651} INFO - DAG(s) dict_keys(['example_task_group_decorator']) retrieved from /home/airflow/.local/lib/python3.7/site-packages/airflow/example_dags/example_task_group_decorator.py
[2022-10-27 11:02:28,003] {logging_mixin.py:115} INFO - [2022-10-27 11:02:28,002] {dag.py:2371} INFO - Sync 1 DAGs
[2022-10-27 11:02:28,436] {logging_mixin.py:115} INFO - [2022-10-27 11:02:28,436] {dag.py:2919} INFO - Setting next_dagrun for example_task_group_decorator to 2022-10-26T11:02:28.435942+00:00, run_after=2022-10-27T11:02:28.435942+00:00
[2022-10-27 11:02:28,679] {processor.py:161} INFO - Processing /home/airflow/.local/lib/python3.7/site-packages/airflow/example_dags/example_task_group_decorator.py took 1.951 seconds
[2022-10-27 11:02:59,268] {processor.py:153} INFO - Started process (PID=5332) to work on /home/airflow/.local/lib/python3.7/site-packages/airflow/example_dags/example_task_group_decorator.py
[2022-10-27 11:02:59,282] {processor.py:641} INFO - Processing file /home/airflow/.local/lib/python3.7/site-packages/airflow/example_dags/example_task_group_decorator.py for tasks to queue
[2022-10-27 11:02:59,283] {logging_mixin.py:115} INFO - [2022-10-27 11:02:59,283] {dagbag.py:507} INFO - Filling up the DagBag from /home/airflow/.local/lib/python3.7/site-packages/airflow/example_dags/example_task_group_decorator.py
[2022-10-27 11:02:59,455] {processor.py:651} INFO - DAG(s) dict_keys(['example_task_group_decorator']) retrieved from /home/airflow/.local/lib/python3.7/site-packages/airflow/example_dags/example_task_group_decorator.py
[2022-10-27 11:03:00,152] {logging_mixin.py:115} INFO - [2022-10-27 11:03:00,152] {dag.py:2371} INFO - Sync 1 DAGs
[2022-10-27 11:03:00,262] {logging_mixin.py:115} INFO - [2022-10-27 11:03:00,262] {dag.py:2919} INFO - Setting next_dagrun for example_task_group_decorator to 2022-10-26T11:03:00.262042+00:00, run_after=2022-10-27T11:03:00.262042+00:00
[2022-10-27 11:03:00,332] {processor.py:161} INFO - Processing /home/airflow/.local/lib/python3.7/site-packages/airflow/example_dags/example_task_group_decorator.py took 1.072 seconds
[2022-10-27 11:03:30,600] {processor.py:153} INFO - Started process (PID=5385) to work on /home/airflow/.local/lib/python3.7/site-packages/airflow/example_dags/example_task_group_decorator.py
[2022-10-27 11:03:30,601] {processor.py:641} INFO - Processing file /home/airflow/.local/lib/python3.7/site-packages/airflow/example_dags/example_task_group_decorator.py for tasks to queue
[2022-10-27 11:03:30,602] {logging_mixin.py:115} INFO - [2022-10-27 11:03:30,602] {dagbag.py:507} INFO - Filling up the DagBag from /home/airflow/.local/lib/python3.7/site-packages/airflow/example_dags/example_task_group_decorator.py
[2022-10-27 11:03:30,670] {processor.py:651} INFO - DAG(s) dict_keys(['example_task_group_decorator']) retrieved from /home/airflow/.local/lib/python3.7/site-packages/airflow/example_dags/example_task_group_decorator.py
[2022-10-27 11:03:30,831] {logging_mixin.py:115} INFO - [2022-10-27 11:03:30,830] {dag.py:2371} INFO - Sync 1 DAGs
[2022-10-27 11:03:30,881] {logging_mixin.py:115} INFO - [2022-10-27 11:03:30,881] {dag.py:2919} INFO - Setting next_dagrun for example_task_group_decorator to 2022-10-26T11:03:30.880753+00:00, run_after=2022-10-27T11:03:30.880753+00:00
[2022-10-27 11:03:30,916] {processor.py:161} INFO - Processing /home/airflow/.local/lib/python3.7/site-packages/airflow/example_dags/example_task_group_decorator.py took 0.323 seconds
[2022-10-27 11:04:01,066] {processor.py:153} INFO - Started process (PID=5449) to work on /home/airflow/.local/lib/python3.7/site-packages/airflow/example_dags/example_task_group_decorator.py
[2022-10-27 11:04:01,068] {processor.py:641} INFO - Processing file /home/airflow/.local/lib/python3.7/site-packages/airflow/example_dags/example_task_group_decorator.py for tasks to queue
[2022-10-27 11:04:01,069] {logging_mixin.py:115} INFO - [2022-10-27 11:04:01,069] {dagbag.py:507} INFO - Filling up the DagBag from /home/airflow/.local/lib/python3.7/site-packages/airflow/example_dags/example_task_group_decorator.py
[2022-10-27 11:04:01,153] {processor.py:651} INFO - DAG(s) dict_keys(['example_task_group_decorator']) retrieved from /home/airflow/.local/lib/python3.7/site-packages/airflow/example_dags/example_task_group_decorator.py
[2022-10-27 11:04:01,261] {logging_mixin.py:115} INFO - [2022-10-27 11:04:01,261] {dag.py:2371} INFO - Sync 1 DAGs
[2022-10-27 11:04:01,296] {logging_mixin.py:115} INFO - [2022-10-27 11:04:01,296] {dag.py:2919} INFO - Setting next_dagrun for example_task_group_decorator to 2022-10-26T11:04:01.295959+00:00, run_after=2022-10-27T11:04:01.295959+00:00
[2022-10-27 11:04:01,330] {processor.py:161} INFO - Processing /home/airflow/.local/lib/python3.7/site-packages/airflow/example_dags/example_task_group_decorator.py took 0.270 seconds
[2022-10-27 11:04:31,741] {processor.py:153} INFO - Started process (PID=5494) to work on /home/airflow/.local/lib/python3.7/site-packages/airflow/example_dags/example_task_group_decorator.py
[2022-10-27 11:04:31,746] {processor.py:641} INFO - Processing file /home/airflow/.local/lib/python3.7/site-packages/airflow/example_dags/example_task_group_decorator.py for tasks to queue
[2022-10-27 11:04:31,759] {logging_mixin.py:115} INFO - [2022-10-27 11:04:31,758] {dagbag.py:507} INFO - Filling up the DagBag from /home/airflow/.local/lib/python3.7/site-packages/airflow/example_dags/example_task_group_decorator.py
[2022-10-27 11:04:31,978] {processor.py:651} INFO - DAG(s) dict_keys(['example_task_group_decorator']) retrieved from /home/airflow/.local/lib/python3.7/site-packages/airflow/example_dags/example_task_group_decorator.py
[2022-10-27 11:04:32,365] {logging_mixin.py:115} INFO - [2022-10-27 11:04:32,364] {dag.py:2371} INFO - Sync 1 DAGs
[2022-10-27 11:04:32,529] {logging_mixin.py:115} INFO - [2022-10-27 11:04:32,529] {dag.py:2919} INFO - Setting next_dagrun for example_task_group_decorator to 2022-10-26T11:04:32.528369+00:00, run_after=2022-10-27T11:04:32.528369+00:00
[2022-10-27 11:04:32,667] {processor.py:161} INFO - Processing /home/airflow/.local/lib/python3.7/site-packages/airflow/example_dags/example_task_group_decorator.py took 0.932 seconds
[2022-10-27 11:05:03,080] {processor.py:153} INFO - Started process (PID=5546) to work on /home/airflow/.local/lib/python3.7/site-packages/airflow/example_dags/example_task_group_decorator.py
[2022-10-27 11:05:03,081] {processor.py:641} INFO - Processing file /home/airflow/.local/lib/python3.7/site-packages/airflow/example_dags/example_task_group_decorator.py for tasks to queue
[2022-10-27 11:05:03,082] {logging_mixin.py:115} INFO - [2022-10-27 11:05:03,082] {dagbag.py:507} INFO - Filling up the DagBag from /home/airflow/.local/lib/python3.7/site-packages/airflow/example_dags/example_task_group_decorator.py
[2022-10-27 11:05:03,278] {processor.py:651} INFO - DAG(s) dict_keys(['example_task_group_decorator']) retrieved from /home/airflow/.local/lib/python3.7/site-packages/airflow/example_dags/example_task_group_decorator.py
[2022-10-27 11:05:03,915] {logging_mixin.py:115} INFO - [2022-10-27 11:05:03,915] {dag.py:2371} INFO - Sync 1 DAGs
[2022-10-27 11:05:04,067] {logging_mixin.py:115} INFO - [2022-10-27 11:05:04,067] {dag.py:2919} INFO - Setting next_dagrun for example_task_group_decorator to 2022-10-26T11:05:04.065778+00:00, run_after=2022-10-27T11:05:04.065778+00:00
[2022-10-27 11:05:04,162] {processor.py:161} INFO - Processing /home/airflow/.local/lib/python3.7/site-packages/airflow/example_dags/example_task_group_decorator.py took 1.091 seconds
[2022-10-27 11:05:34,381] {processor.py:153} INFO - Started process (PID=5600) to work on /home/airflow/.local/lib/python3.7/site-packages/airflow/example_dags/example_task_group_decorator.py
[2022-10-27 11:05:34,383] {processor.py:641} INFO - Processing file /home/airflow/.local/lib/python3.7/site-packages/airflow/example_dags/example_task_group_decorator.py for tasks to queue
[2022-10-27 11:05:34,385] {logging_mixin.py:115} INFO - [2022-10-27 11:05:34,384] {dagbag.py:507} INFO - Filling up the DagBag from /home/airflow/.local/lib/python3.7/site-packages/airflow/example_dags/example_task_group_decorator.py
[2022-10-27 11:05:34,453] {processor.py:651} INFO - DAG(s) dict_keys(['example_task_group_decorator']) retrieved from /home/airflow/.local/lib/python3.7/site-packages/airflow/example_dags/example_task_group_decorator.py
[2022-10-27 11:05:34,515] {logging_mixin.py:115} INFO - [2022-10-27 11:05:34,514] {dag.py:2371} INFO - Sync 1 DAGs
[2022-10-27 11:05:34,638] {logging_mixin.py:115} INFO - [2022-10-27 11:05:34,638] {dag.py:2919} INFO - Setting next_dagrun for example_task_group_decorator to 2022-10-26T11:05:34.638057+00:00, run_after=2022-10-27T11:05:34.638057+00:00
[2022-10-27 11:05:34,807] {processor.py:161} INFO - Processing /home/airflow/.local/lib/python3.7/site-packages/airflow/example_dags/example_task_group_decorator.py took 0.431 seconds
[2022-10-27 11:06:05,450] {processor.py:153} INFO - Started process (PID=5653) to work on /home/airflow/.local/lib/python3.7/site-packages/airflow/example_dags/example_task_group_decorator.py
[2022-10-27 11:06:05,479] {processor.py:641} INFO - Processing file /home/airflow/.local/lib/python3.7/site-packages/airflow/example_dags/example_task_group_decorator.py for tasks to queue
[2022-10-27 11:06:05,481] {logging_mixin.py:115} INFO - [2022-10-27 11:06:05,481] {dagbag.py:507} INFO - Filling up the DagBag from /home/airflow/.local/lib/python3.7/site-packages/airflow/example_dags/example_task_group_decorator.py
[2022-10-27 11:06:05,802] {processor.py:651} INFO - DAG(s) dict_keys(['example_task_group_decorator']) retrieved from /home/airflow/.local/lib/python3.7/site-packages/airflow/example_dags/example_task_group_decorator.py
[2022-10-27 11:06:06,554] {logging_mixin.py:115} INFO - [2022-10-27 11:06:06,554] {dag.py:2371} INFO - Sync 1 DAGs
[2022-10-27 11:06:06,798] {logging_mixin.py:115} INFO - [2022-10-27 11:06:06,798] {dag.py:2919} INFO - Setting next_dagrun for example_task_group_decorator to 2022-10-26T11:06:06.798246+00:00, run_after=2022-10-27T11:06:06.798246+00:00
[2022-10-27 11:06:07,029] {processor.py:161} INFO - Processing /home/airflow/.local/lib/python3.7/site-packages/airflow/example_dags/example_task_group_decorator.py took 1.614 seconds
[2022-10-27 11:06:37,399] {processor.py:153} INFO - Started process (PID=5699) to work on /home/airflow/.local/lib/python3.7/site-packages/airflow/example_dags/example_task_group_decorator.py
[2022-10-27 11:06:37,401] {processor.py:641} INFO - Processing file /home/airflow/.local/lib/python3.7/site-packages/airflow/example_dags/example_task_group_decorator.py for tasks to queue
[2022-10-27 11:06:37,403] {logging_mixin.py:115} INFO - [2022-10-27 11:06:37,403] {dagbag.py:507} INFO - Filling up the DagBag from /home/airflow/.local/lib/python3.7/site-packages/airflow/example_dags/example_task_group_decorator.py
[2022-10-27 11:06:37,628] {processor.py:651} INFO - DAG(s) dict_keys(['example_task_group_decorator']) retrieved from /home/airflow/.local/lib/python3.7/site-packages/airflow/example_dags/example_task_group_decorator.py
[2022-10-27 11:06:37,798] {logging_mixin.py:115} INFO - [2022-10-27 11:06:37,798] {dag.py:2371} INFO - Sync 1 DAGs
[2022-10-27 11:06:37,955] {logging_mixin.py:115} INFO - [2022-10-27 11:06:37,954] {dag.py:2919} INFO - Setting next_dagrun for example_task_group_decorator to 2022-10-26T11:06:37.953873+00:00, run_after=2022-10-27T11:06:37.953873+00:00
[2022-10-27 11:06:38,033] {processor.py:161} INFO - Processing /home/airflow/.local/lib/python3.7/site-packages/airflow/example_dags/example_task_group_decorator.py took 0.652 seconds
[2022-10-27 11:07:08,707] {processor.py:153} INFO - Started process (PID=5752) to work on /home/airflow/.local/lib/python3.7/site-packages/airflow/example_dags/example_task_group_decorator.py
[2022-10-27 11:07:08,724] {processor.py:641} INFO - Processing file /home/airflow/.local/lib/python3.7/site-packages/airflow/example_dags/example_task_group_decorator.py for tasks to queue
[2022-10-27 11:07:08,725] {logging_mixin.py:115} INFO - [2022-10-27 11:07:08,725] {dagbag.py:507} INFO - Filling up the DagBag from /home/airflow/.local/lib/python3.7/site-packages/airflow/example_dags/example_task_group_decorator.py
[2022-10-27 11:07:08,919] {processor.py:651} INFO - DAG(s) dict_keys(['example_task_group_decorator']) retrieved from /home/airflow/.local/lib/python3.7/site-packages/airflow/example_dags/example_task_group_decorator.py
[2022-10-27 11:07:09,008] {logging_mixin.py:115} INFO - [2022-10-27 11:07:09,008] {dag.py:2371} INFO - Sync 1 DAGs
[2022-10-27 11:07:09,109] {logging_mixin.py:115} INFO - [2022-10-27 11:07:09,109] {dag.py:2919} INFO - Setting next_dagrun for example_task_group_decorator to 2022-10-26T11:07:09.108574+00:00, run_after=2022-10-27T11:07:09.108574+00:00
[2022-10-27 11:07:09,178] {processor.py:161} INFO - Processing /home/airflow/.local/lib/python3.7/site-packages/airflow/example_dags/example_task_group_decorator.py took 0.505 seconds
[2022-10-27 11:07:40,836] {processor.py:153} INFO - Started process (PID=5808) to work on /home/airflow/.local/lib/python3.7/site-packages/airflow/example_dags/example_task_group_decorator.py
[2022-10-27 11:07:40,838] {processor.py:641} INFO - Processing file /home/airflow/.local/lib/python3.7/site-packages/airflow/example_dags/example_task_group_decorator.py for tasks to queue
[2022-10-27 11:07:40,840] {logging_mixin.py:115} INFO - [2022-10-27 11:07:40,840] {dagbag.py:507} INFO - Filling up the DagBag from /home/airflow/.local/lib/python3.7/site-packages/airflow/example_dags/example_task_group_decorator.py
[2022-10-27 11:07:41,012] {processor.py:651} INFO - DAG(s) dict_keys(['example_task_group_decorator']) retrieved from /home/airflow/.local/lib/python3.7/site-packages/airflow/example_dags/example_task_group_decorator.py
[2022-10-27 11:07:41,171] {logging_mixin.py:115} INFO - [2022-10-27 11:07:41,170] {dag.py:2371} INFO - Sync 1 DAGs
[2022-10-27 11:07:41,361] {logging_mixin.py:115} INFO - [2022-10-27 11:07:41,361] {dag.py:2919} INFO - Setting next_dagrun for example_task_group_decorator to 2022-10-26T11:07:41.360525+00:00, run_after=2022-10-27T11:07:41.360525+00:00
[2022-10-27 11:07:41,441] {processor.py:161} INFO - Processing /home/airflow/.local/lib/python3.7/site-packages/airflow/example_dags/example_task_group_decorator.py took 0.614 seconds
[2022-10-27 11:08:15,550] {processor.py:153} INFO - Started process (PID=5862) to work on /home/airflow/.local/lib/python3.7/site-packages/airflow/example_dags/example_task_group_decorator.py
[2022-10-27 11:08:15,566] {processor.py:641} INFO - Processing file /home/airflow/.local/lib/python3.7/site-packages/airflow/example_dags/example_task_group_decorator.py for tasks to queue
[2022-10-27 11:08:15,582] {logging_mixin.py:115} INFO - [2022-10-27 11:08:15,582] {dagbag.py:507} INFO - Filling up the DagBag from /home/airflow/.local/lib/python3.7/site-packages/airflow/example_dags/example_task_group_decorator.py
[2022-10-27 11:08:15,949] {processor.py:651} INFO - DAG(s) dict_keys(['example_task_group_decorator']) retrieved from /home/airflow/.local/lib/python3.7/site-packages/airflow/example_dags/example_task_group_decorator.py
[2022-10-27 11:08:16,326] {logging_mixin.py:115} INFO - [2022-10-27 11:08:16,326] {dag.py:2371} INFO - Sync 1 DAGs
[2022-10-27 11:08:16,590] {logging_mixin.py:115} INFO - [2022-10-27 11:08:16,590] {dag.py:2919} INFO - Setting next_dagrun for example_task_group_decorator to 2022-10-26T11:08:16.589713+00:00, run_after=2022-10-27T11:08:16.589713+00:00
[2022-10-27 11:08:16,923] {processor.py:161} INFO - Processing /home/airflow/.local/lib/python3.7/site-packages/airflow/example_dags/example_task_group_decorator.py took 1.427 seconds
[2022-10-27 11:08:47,299] {processor.py:153} INFO - Started process (PID=5916) to work on /home/airflow/.local/lib/python3.7/site-packages/airflow/example_dags/example_task_group_decorator.py
[2022-10-27 11:08:47,316] {processor.py:641} INFO - Processing file /home/airflow/.local/lib/python3.7/site-packages/airflow/example_dags/example_task_group_decorator.py for tasks to queue
[2022-10-27 11:08:47,330] {logging_mixin.py:115} INFO - [2022-10-27 11:08:47,330] {dagbag.py:507} INFO - Filling up the DagBag from /home/airflow/.local/lib/python3.7/site-packages/airflow/example_dags/example_task_group_decorator.py
[2022-10-27 11:08:47,598] {processor.py:651} INFO - DAG(s) dict_keys(['example_task_group_decorator']) retrieved from /home/airflow/.local/lib/python3.7/site-packages/airflow/example_dags/example_task_group_decorator.py
[2022-10-27 11:08:48,233] {logging_mixin.py:115} INFO - [2022-10-27 11:08:48,233] {dag.py:2371} INFO - Sync 1 DAGs
[2022-10-27 11:08:48,389] {logging_mixin.py:115} INFO - [2022-10-27 11:08:48,389] {dag.py:2919} INFO - Setting next_dagrun for example_task_group_decorator to 2022-10-26T11:08:48.388918+00:00, run_after=2022-10-27T11:08:48.388918+00:00
[2022-10-27 11:08:48,526] {processor.py:161} INFO - Processing /home/airflow/.local/lib/python3.7/site-packages/airflow/example_dags/example_task_group_decorator.py took 1.247 seconds
[2022-10-27 11:09:19,390] {processor.py:153} INFO - Started process (PID=5961) to work on /home/airflow/.local/lib/python3.7/site-packages/airflow/example_dags/example_task_group_decorator.py
[2022-10-27 11:09:19,391] {processor.py:641} INFO - Processing file /home/airflow/.local/lib/python3.7/site-packages/airflow/example_dags/example_task_group_decorator.py for tasks to queue
[2022-10-27 11:09:19,393] {logging_mixin.py:115} INFO - [2022-10-27 11:09:19,392] {dagbag.py:507} INFO - Filling up the DagBag from /home/airflow/.local/lib/python3.7/site-packages/airflow/example_dags/example_task_group_decorator.py
[2022-10-27 11:09:19,452] {processor.py:651} INFO - DAG(s) dict_keys(['example_task_group_decorator']) retrieved from /home/airflow/.local/lib/python3.7/site-packages/airflow/example_dags/example_task_group_decorator.py
[2022-10-27 11:09:19,508] {logging_mixin.py:115} INFO - [2022-10-27 11:09:19,508] {dag.py:2371} INFO - Sync 1 DAGs
[2022-10-27 11:09:19,546] {logging_mixin.py:115} INFO - [2022-10-27 11:09:19,545] {dag.py:2919} INFO - Setting next_dagrun for example_task_group_decorator to 2022-10-26T11:09:19.545595+00:00, run_after=2022-10-27T11:09:19.545595+00:00
[2022-10-27 11:09:19,585] {processor.py:161} INFO - Processing /home/airflow/.local/lib/python3.7/site-packages/airflow/example_dags/example_task_group_decorator.py took 0.200 seconds
[2022-10-27 11:09:49,865] {processor.py:153} INFO - Started process (PID=6015) to work on /home/airflow/.local/lib/python3.7/site-packages/airflow/example_dags/example_task_group_decorator.py
[2022-10-27 11:09:49,871] {processor.py:641} INFO - Processing file /home/airflow/.local/lib/python3.7/site-packages/airflow/example_dags/example_task_group_decorator.py for tasks to queue
[2022-10-27 11:09:49,874] {logging_mixin.py:115} INFO - [2022-10-27 11:09:49,873] {dagbag.py:507} INFO - Filling up the DagBag from /home/airflow/.local/lib/python3.7/site-packages/airflow/example_dags/example_task_group_decorator.py
[2022-10-27 11:09:50,157] {processor.py:651} INFO - DAG(s) dict_keys(['example_task_group_decorator']) retrieved from /home/airflow/.local/lib/python3.7/site-packages/airflow/example_dags/example_task_group_decorator.py
[2022-10-27 11:09:50,508] {logging_mixin.py:115} INFO - [2022-10-27 11:09:50,507] {dag.py:2371} INFO - Sync 1 DAGs
[2022-10-27 11:09:50,648] {logging_mixin.py:115} INFO - [2022-10-27 11:09:50,647] {dag.py:2919} INFO - Setting next_dagrun for example_task_group_decorator to 2022-10-26T11:09:50.641896+00:00, run_after=2022-10-27T11:09:50.641896+00:00
[2022-10-27 11:09:50,794] {processor.py:161} INFO - Processing /home/airflow/.local/lib/python3.7/site-packages/airflow/example_dags/example_task_group_decorator.py took 0.953 seconds
[2022-10-27 11:10:20,983] {processor.py:153} INFO - Started process (PID=6070) to work on /home/airflow/.local/lib/python3.7/site-packages/airflow/example_dags/example_task_group_decorator.py
[2022-10-27 11:10:20,987] {processor.py:641} INFO - Processing file /home/airflow/.local/lib/python3.7/site-packages/airflow/example_dags/example_task_group_decorator.py for tasks to queue
[2022-10-27 11:10:20,991] {logging_mixin.py:115} INFO - [2022-10-27 11:10:20,990] {dagbag.py:507} INFO - Filling up the DagBag from /home/airflow/.local/lib/python3.7/site-packages/airflow/example_dags/example_task_group_decorator.py
[2022-10-27 11:10:21,192] {processor.py:651} INFO - DAG(s) dict_keys(['example_task_group_decorator']) retrieved from /home/airflow/.local/lib/python3.7/site-packages/airflow/example_dags/example_task_group_decorator.py
[2022-10-27 11:10:21,319] {logging_mixin.py:115} INFO - [2022-10-27 11:10:21,319] {dag.py:2371} INFO - Sync 1 DAGs
[2022-10-27 11:10:21,425] {logging_mixin.py:115} INFO - [2022-10-27 11:10:21,425] {dag.py:2919} INFO - Setting next_dagrun for example_task_group_decorator to 2022-10-26T11:10:21.424741+00:00, run_after=2022-10-27T11:10:21.424741+00:00
[2022-10-27 11:10:21,490] {processor.py:161} INFO - Processing /home/airflow/.local/lib/python3.7/site-packages/airflow/example_dags/example_task_group_decorator.py took 0.519 seconds
[2022-10-27 11:10:51,760] {processor.py:153} INFO - Started process (PID=6123) to work on /home/airflow/.local/lib/python3.7/site-packages/airflow/example_dags/example_task_group_decorator.py
[2022-10-27 11:10:51,761] {processor.py:641} INFO - Processing file /home/airflow/.local/lib/python3.7/site-packages/airflow/example_dags/example_task_group_decorator.py for tasks to queue
[2022-10-27 11:10:51,763] {logging_mixin.py:115} INFO - [2022-10-27 11:10:51,763] {dagbag.py:507} INFO - Filling up the DagBag from /home/airflow/.local/lib/python3.7/site-packages/airflow/example_dags/example_task_group_decorator.py
[2022-10-27 11:10:51,873] {processor.py:651} INFO - DAG(s) dict_keys(['example_task_group_decorator']) retrieved from /home/airflow/.local/lib/python3.7/site-packages/airflow/example_dags/example_task_group_decorator.py
[2022-10-27 11:10:51,994] {logging_mixin.py:115} INFO - [2022-10-27 11:10:51,994] {dag.py:2371} INFO - Sync 1 DAGs
[2022-10-27 11:10:52,099] {logging_mixin.py:115} INFO - [2022-10-27 11:10:52,098] {dag.py:2919} INFO - Setting next_dagrun for example_task_group_decorator to 2022-10-26T11:10:52.097984+00:00, run_after=2022-10-27T11:10:52.097984+00:00
[2022-10-27 11:10:52,189] {processor.py:161} INFO - Processing /home/airflow/.local/lib/python3.7/site-packages/airflow/example_dags/example_task_group_decorator.py took 0.437 seconds
[2022-10-27 11:11:26,732] {processor.py:153} INFO - Started process (PID=6175) to work on /home/airflow/.local/lib/python3.7/site-packages/airflow/example_dags/example_task_group_decorator.py
[2022-10-27 11:11:26,778] {processor.py:641} INFO - Processing file /home/airflow/.local/lib/python3.7/site-packages/airflow/example_dags/example_task_group_decorator.py for tasks to queue
[2022-10-27 11:11:26,841] {logging_mixin.py:115} INFO - [2022-10-27 11:11:26,841] {dagbag.py:507} INFO - Filling up the DagBag from /home/airflow/.local/lib/python3.7/site-packages/airflow/example_dags/example_task_group_decorator.py
[2022-10-27 11:11:27,480] {processor.py:651} INFO - DAG(s) dict_keys(['example_task_group_decorator']) retrieved from /home/airflow/.local/lib/python3.7/site-packages/airflow/example_dags/example_task_group_decorator.py
[2022-10-27 11:11:28,222] {logging_mixin.py:115} INFO - [2022-10-27 11:11:28,217] {dag.py:2371} INFO - Sync 1 DAGs
[2022-10-27 11:11:28,504] {logging_mixin.py:115} INFO - [2022-10-27 11:11:28,504] {dag.py:2919} INFO - Setting next_dagrun for example_task_group_decorator to 2022-10-26T11:11:28.503823+00:00, run_after=2022-10-27T11:11:28.503823+00:00
[2022-10-27 11:11:28,752] {processor.py:161} INFO - Processing /home/airflow/.local/lib/python3.7/site-packages/airflow/example_dags/example_task_group_decorator.py took 2.039 seconds
[2022-10-27 11:11:58,942] {processor.py:153} INFO - Started process (PID=6222) to work on /home/airflow/.local/lib/python3.7/site-packages/airflow/example_dags/example_task_group_decorator.py
[2022-10-27 11:11:58,944] {processor.py:641} INFO - Processing file /home/airflow/.local/lib/python3.7/site-packages/airflow/example_dags/example_task_group_decorator.py for tasks to queue
[2022-10-27 11:11:58,945] {logging_mixin.py:115} INFO - [2022-10-27 11:11:58,945] {dagbag.py:507} INFO - Filling up the DagBag from /home/airflow/.local/lib/python3.7/site-packages/airflow/example_dags/example_task_group_decorator.py
[2022-10-27 11:11:59,017] {processor.py:651} INFO - DAG(s) dict_keys(['example_task_group_decorator']) retrieved from /home/airflow/.local/lib/python3.7/site-packages/airflow/example_dags/example_task_group_decorator.py
[2022-10-27 11:11:59,184] {logging_mixin.py:115} INFO - [2022-10-27 11:11:59,184] {dag.py:2371} INFO - Sync 1 DAGs
[2022-10-27 11:11:59,243] {logging_mixin.py:115} INFO - [2022-10-27 11:11:59,242] {dag.py:2919} INFO - Setting next_dagrun for example_task_group_decorator to 2022-10-26T11:11:59.242380+00:00, run_after=2022-10-27T11:11:59.242380+00:00
[2022-10-27 11:11:59,290] {processor.py:161} INFO - Processing /home/airflow/.local/lib/python3.7/site-packages/airflow/example_dags/example_task_group_decorator.py took 0.354 seconds
[2022-10-27 11:12:30,273] {processor.py:153} INFO - Started process (PID=6279) to work on /home/airflow/.local/lib/python3.7/site-packages/airflow/example_dags/example_task_group_decorator.py
[2022-10-27 11:12:30,275] {processor.py:641} INFO - Processing file /home/airflow/.local/lib/python3.7/site-packages/airflow/example_dags/example_task_group_decorator.py for tasks to queue
[2022-10-27 11:12:30,294] {logging_mixin.py:115} INFO - [2022-10-27 11:12:30,294] {dagbag.py:507} INFO - Filling up the DagBag from /home/airflow/.local/lib/python3.7/site-packages/airflow/example_dags/example_task_group_decorator.py
[2022-10-27 11:12:30,556] {processor.py:651} INFO - DAG(s) dict_keys(['example_task_group_decorator']) retrieved from /home/airflow/.local/lib/python3.7/site-packages/airflow/example_dags/example_task_group_decorator.py
[2022-10-27 11:12:30,688] {logging_mixin.py:115} INFO - [2022-10-27 11:12:30,688] {dag.py:2371} INFO - Sync 1 DAGs
[2022-10-27 11:12:30,793] {logging_mixin.py:115} INFO - [2022-10-27 11:12:30,793] {dag.py:2919} INFO - Setting next_dagrun for example_task_group_decorator to 2022-10-26T11:12:30.793152+00:00, run_after=2022-10-27T11:12:30.793152+00:00
[2022-10-27 11:12:30,844] {processor.py:161} INFO - Processing /home/airflow/.local/lib/python3.7/site-packages/airflow/example_dags/example_task_group_decorator.py took 0.587 seconds
[2022-10-27 11:13:01,080] {processor.py:153} INFO - Started process (PID=6333) to work on /home/airflow/.local/lib/python3.7/site-packages/airflow/example_dags/example_task_group_decorator.py
[2022-10-27 11:13:01,081] {processor.py:641} INFO - Processing file /home/airflow/.local/lib/python3.7/site-packages/airflow/example_dags/example_task_group_decorator.py for tasks to queue
[2022-10-27 11:13:01,083] {logging_mixin.py:115} INFO - [2022-10-27 11:13:01,082] {dagbag.py:507} INFO - Filling up the DagBag from /home/airflow/.local/lib/python3.7/site-packages/airflow/example_dags/example_task_group_decorator.py
[2022-10-27 11:13:01,219] {processor.py:651} INFO - DAG(s) dict_keys(['example_task_group_decorator']) retrieved from /home/airflow/.local/lib/python3.7/site-packages/airflow/example_dags/example_task_group_decorator.py
[2022-10-27 11:13:01,343] {logging_mixin.py:115} INFO - [2022-10-27 11:13:01,342] {dag.py:2371} INFO - Sync 1 DAGs
[2022-10-27 11:13:01,466] {logging_mixin.py:115} INFO - [2022-10-27 11:13:01,465] {dag.py:2919} INFO - Setting next_dagrun for example_task_group_decorator to 2022-10-26T11:13:01.465186+00:00, run_after=2022-10-27T11:13:01.465186+00:00
[2022-10-27 11:13:01,550] {processor.py:161} INFO - Processing /home/airflow/.local/lib/python3.7/site-packages/airflow/example_dags/example_task_group_decorator.py took 0.481 seconds
[2022-10-27 11:13:31,663] {processor.py:153} INFO - Started process (PID=6379) to work on /home/airflow/.local/lib/python3.7/site-packages/airflow/example_dags/example_task_group_decorator.py
[2022-10-27 11:13:31,664] {processor.py:641} INFO - Processing file /home/airflow/.local/lib/python3.7/site-packages/airflow/example_dags/example_task_group_decorator.py for tasks to queue
[2022-10-27 11:13:31,665] {logging_mixin.py:115} INFO - [2022-10-27 11:13:31,665] {dagbag.py:507} INFO - Filling up the DagBag from /home/airflow/.local/lib/python3.7/site-packages/airflow/example_dags/example_task_group_decorator.py
[2022-10-27 11:13:31,726] {processor.py:651} INFO - DAG(s) dict_keys(['example_task_group_decorator']) retrieved from /home/airflow/.local/lib/python3.7/site-packages/airflow/example_dags/example_task_group_decorator.py
[2022-10-27 11:13:31,787] {logging_mixin.py:115} INFO - [2022-10-27 11:13:31,787] {dag.py:2371} INFO - Sync 1 DAGs
[2022-10-27 11:13:31,841] {logging_mixin.py:115} INFO - [2022-10-27 11:13:31,841] {dag.py:2919} INFO - Setting next_dagrun for example_task_group_decorator to 2022-10-26T11:13:31.841000+00:00, run_after=2022-10-27T11:13:31.841000+00:00
[2022-10-27 11:13:31,874] {processor.py:161} INFO - Processing /home/airflow/.local/lib/python3.7/site-packages/airflow/example_dags/example_task_group_decorator.py took 0.216 seconds
[2022-10-27 11:14:03,250] {processor.py:153} INFO - Started process (PID=6433) to work on /home/airflow/.local/lib/python3.7/site-packages/airflow/example_dags/example_task_group_decorator.py
[2022-10-27 11:14:03,442] {processor.py:641} INFO - Processing file /home/airflow/.local/lib/python3.7/site-packages/airflow/example_dags/example_task_group_decorator.py for tasks to queue
[2022-10-27 11:14:03,489] {logging_mixin.py:115} INFO - [2022-10-27 11:14:03,488] {dagbag.py:507} INFO - Filling up the DagBag from /home/airflow/.local/lib/python3.7/site-packages/airflow/example_dags/example_task_group_decorator.py
[2022-10-27 11:14:04,393] {processor.py:651} INFO - DAG(s) dict_keys(['example_task_group_decorator']) retrieved from /home/airflow/.local/lib/python3.7/site-packages/airflow/example_dags/example_task_group_decorator.py
[2022-10-27 11:14:05,845] {logging_mixin.py:115} INFO - [2022-10-27 11:14:05,845] {dag.py:2371} INFO - Sync 1 DAGs
[2022-10-27 11:14:06,208] {logging_mixin.py:115} INFO - [2022-10-27 11:14:06,208] {dag.py:2919} INFO - Setting next_dagrun for example_task_group_decorator to 2022-10-26T11:14:06.194989+00:00, run_after=2022-10-27T11:14:06.194989+00:00
[2022-10-27 11:14:06,538] {processor.py:161} INFO - Processing /home/airflow/.local/lib/python3.7/site-packages/airflow/example_dags/example_task_group_decorator.py took 3.307 seconds
[2022-10-27 11:14:37,413] {processor.py:153} INFO - Started process (PID=6488) to work on /home/airflow/.local/lib/python3.7/site-packages/airflow/example_dags/example_task_group_decorator.py
[2022-10-27 11:14:37,427] {processor.py:641} INFO - Processing file /home/airflow/.local/lib/python3.7/site-packages/airflow/example_dags/example_task_group_decorator.py for tasks to queue
[2022-10-27 11:14:37,429] {logging_mixin.py:115} INFO - [2022-10-27 11:14:37,429] {dagbag.py:507} INFO - Filling up the DagBag from /home/airflow/.local/lib/python3.7/site-packages/airflow/example_dags/example_task_group_decorator.py
[2022-10-27 11:14:37,571] {processor.py:651} INFO - DAG(s) dict_keys(['example_task_group_decorator']) retrieved from /home/airflow/.local/lib/python3.7/site-packages/airflow/example_dags/example_task_group_decorator.py
[2022-10-27 11:14:37,913] {logging_mixin.py:115} INFO - [2022-10-27 11:14:37,913] {dag.py:2371} INFO - Sync 1 DAGs
[2022-10-27 11:14:38,004] {logging_mixin.py:115} INFO - [2022-10-27 11:14:38,003] {dag.py:2919} INFO - Setting next_dagrun for example_task_group_decorator to 2022-10-26T11:14:38.003380+00:00, run_after=2022-10-27T11:14:38.003380+00:00
[2022-10-27 11:14:38,055] {processor.py:161} INFO - Processing /home/airflow/.local/lib/python3.7/site-packages/airflow/example_dags/example_task_group_decorator.py took 0.706 seconds
[2022-10-27 11:15:08,827] {processor.py:153} INFO - Started process (PID=6543) to work on /home/airflow/.local/lib/python3.7/site-packages/airflow/example_dags/example_task_group_decorator.py
[2022-10-27 11:15:08,829] {processor.py:641} INFO - Processing file /home/airflow/.local/lib/python3.7/site-packages/airflow/example_dags/example_task_group_decorator.py for tasks to queue
[2022-10-27 11:15:08,834] {logging_mixin.py:115} INFO - [2022-10-27 11:15:08,834] {dagbag.py:507} INFO - Filling up the DagBag from /home/airflow/.local/lib/python3.7/site-packages/airflow/example_dags/example_task_group_decorator.py
[2022-10-27 11:15:08,914] {processor.py:651} INFO - DAG(s) dict_keys(['example_task_group_decorator']) retrieved from /home/airflow/.local/lib/python3.7/site-packages/airflow/example_dags/example_task_group_decorator.py
[2022-10-27 11:15:08,986] {logging_mixin.py:115} INFO - [2022-10-27 11:15:08,986] {dag.py:2371} INFO - Sync 1 DAGs
[2022-10-27 11:15:09,071] {logging_mixin.py:115} INFO - [2022-10-27 11:15:09,071] {dag.py:2919} INFO - Setting next_dagrun for example_task_group_decorator to 2022-10-26T11:15:09.069746+00:00, run_after=2022-10-27T11:15:09.069746+00:00
[2022-10-27 11:15:09,139] {processor.py:161} INFO - Processing /home/airflow/.local/lib/python3.7/site-packages/airflow/example_dags/example_task_group_decorator.py took 0.317 seconds
[2022-10-27 11:15:39,349] {processor.py:153} INFO - Started process (PID=6596) to work on /home/airflow/.local/lib/python3.7/site-packages/airflow/example_dags/example_task_group_decorator.py
[2022-10-27 11:15:39,350] {processor.py:641} INFO - Processing file /home/airflow/.local/lib/python3.7/site-packages/airflow/example_dags/example_task_group_decorator.py for tasks to queue
[2022-10-27 11:15:39,352] {logging_mixin.py:115} INFO - [2022-10-27 11:15:39,352] {dagbag.py:507} INFO - Filling up the DagBag from /home/airflow/.local/lib/python3.7/site-packages/airflow/example_dags/example_task_group_decorator.py
[2022-10-27 11:15:39,420] {processor.py:651} INFO - DAG(s) dict_keys(['example_task_group_decorator']) retrieved from /home/airflow/.local/lib/python3.7/site-packages/airflow/example_dags/example_task_group_decorator.py
[2022-10-27 11:15:39,488] {logging_mixin.py:115} INFO - [2022-10-27 11:15:39,488] {dag.py:2371} INFO - Sync 1 DAGs
[2022-10-27 11:15:39,527] {logging_mixin.py:115} INFO - [2022-10-27 11:15:39,527] {dag.py:2919} INFO - Setting next_dagrun for example_task_group_decorator to 2022-10-26T11:15:39.526658+00:00, run_after=2022-10-27T11:15:39.526658+00:00
[2022-10-27 11:15:39,556] {processor.py:161} INFO - Processing /home/airflow/.local/lib/python3.7/site-packages/airflow/example_dags/example_task_group_decorator.py took 0.214 seconds
[2022-10-27 11:16:09,790] {processor.py:153} INFO - Started process (PID=6648) to work on /home/airflow/.local/lib/python3.7/site-packages/airflow/example_dags/example_task_group_decorator.py
[2022-10-27 11:16:09,792] {processor.py:641} INFO - Processing file /home/airflow/.local/lib/python3.7/site-packages/airflow/example_dags/example_task_group_decorator.py for tasks to queue
[2022-10-27 11:16:09,799] {logging_mixin.py:115} INFO - [2022-10-27 11:16:09,799] {dagbag.py:507} INFO - Filling up the DagBag from /home/airflow/.local/lib/python3.7/site-packages/airflow/example_dags/example_task_group_decorator.py
[2022-10-27 11:16:10,047] {processor.py:651} INFO - DAG(s) dict_keys(['example_task_group_decorator']) retrieved from /home/airflow/.local/lib/python3.7/site-packages/airflow/example_dags/example_task_group_decorator.py
[2022-10-27 11:16:10,215] {logging_mixin.py:115} INFO - [2022-10-27 11:16:10,215] {dag.py:2371} INFO - Sync 1 DAGs
[2022-10-27 11:16:10,294] {logging_mixin.py:115} INFO - [2022-10-27 11:16:10,294] {dag.py:2919} INFO - Setting next_dagrun for example_task_group_decorator to 2022-10-26T11:16:10.293595+00:00, run_after=2022-10-27T11:16:10.293595+00:00
[2022-10-27 11:16:10,347] {processor.py:161} INFO - Processing /home/airflow/.local/lib/python3.7/site-packages/airflow/example_dags/example_task_group_decorator.py took 0.576 seconds
[2022-10-27 11:16:40,971] {processor.py:153} INFO - Started process (PID=6701) to work on /home/airflow/.local/lib/python3.7/site-packages/airflow/example_dags/example_task_group_decorator.py
[2022-10-27 11:16:40,972] {processor.py:641} INFO - Processing file /home/airflow/.local/lib/python3.7/site-packages/airflow/example_dags/example_task_group_decorator.py for tasks to queue
[2022-10-27 11:16:40,977] {logging_mixin.py:115} INFO - [2022-10-27 11:16:40,977] {dagbag.py:507} INFO - Filling up the DagBag from /home/airflow/.local/lib/python3.7/site-packages/airflow/example_dags/example_task_group_decorator.py
[2022-10-27 11:16:41,416] {processor.py:651} INFO - DAG(s) dict_keys(['example_task_group_decorator']) retrieved from /home/airflow/.local/lib/python3.7/site-packages/airflow/example_dags/example_task_group_decorator.py
[2022-10-27 11:16:42,271] {logging_mixin.py:115} INFO - [2022-10-27 11:16:42,270] {dag.py:2371} INFO - Sync 1 DAGs
[2022-10-27 11:16:42,454] {logging_mixin.py:115} INFO - [2022-10-27 11:16:42,454] {dag.py:2919} INFO - Setting next_dagrun for example_task_group_decorator to 2022-10-26T11:16:42.453363+00:00, run_after=2022-10-27T11:16:42.453363+00:00
[2022-10-27 11:16:42,539] {processor.py:161} INFO - Processing /home/airflow/.local/lib/python3.7/site-packages/airflow/example_dags/example_task_group_decorator.py took 1.588 seconds
[2022-10-27 11:17:13,686] {processor.py:153} INFO - Started process (PID=6757) to work on /home/airflow/.local/lib/python3.7/site-packages/airflow/example_dags/example_task_group_decorator.py
[2022-10-27 11:17:13,701] {processor.py:641} INFO - Processing file /home/airflow/.local/lib/python3.7/site-packages/airflow/example_dags/example_task_group_decorator.py for tasks to queue
[2022-10-27 11:17:13,707] {logging_mixin.py:115} INFO - [2022-10-27 11:17:13,706] {dagbag.py:507} INFO - Filling up the DagBag from /home/airflow/.local/lib/python3.7/site-packages/airflow/example_dags/example_task_group_decorator.py
[2022-10-27 11:17:13,785] {processor.py:651} INFO - DAG(s) dict_keys(['example_task_group_decorator']) retrieved from /home/airflow/.local/lib/python3.7/site-packages/airflow/example_dags/example_task_group_decorator.py
[2022-10-27 11:17:14,002] {logging_mixin.py:115} INFO - [2022-10-27 11:17:14,002] {dag.py:2371} INFO - Sync 1 DAGs
[2022-10-27 11:17:14,051] {logging_mixin.py:115} INFO - [2022-10-27 11:17:14,051] {dag.py:2919} INFO - Setting next_dagrun for example_task_group_decorator to 2022-10-26T11:17:14.050712+00:00, run_after=2022-10-27T11:17:14.050712+00:00
[2022-10-27 11:17:14,090] {processor.py:161} INFO - Processing /home/airflow/.local/lib/python3.7/site-packages/airflow/example_dags/example_task_group_decorator.py took 0.422 seconds
[2022-10-27 11:17:44,283] {processor.py:153} INFO - Started process (PID=6811) to work on /home/airflow/.local/lib/python3.7/site-packages/airflow/example_dags/example_task_group_decorator.py
[2022-10-27 11:17:44,285] {processor.py:641} INFO - Processing file /home/airflow/.local/lib/python3.7/site-packages/airflow/example_dags/example_task_group_decorator.py for tasks to queue
[2022-10-27 11:17:44,289] {logging_mixin.py:115} INFO - [2022-10-27 11:17:44,289] {dagbag.py:507} INFO - Filling up the DagBag from /home/airflow/.local/lib/python3.7/site-packages/airflow/example_dags/example_task_group_decorator.py
[2022-10-27 11:17:44,448] {processor.py:651} INFO - DAG(s) dict_keys(['example_task_group_decorator']) retrieved from /home/airflow/.local/lib/python3.7/site-packages/airflow/example_dags/example_task_group_decorator.py
[2022-10-27 11:17:44,935] {logging_mixin.py:115} INFO - [2022-10-27 11:17:44,935] {dag.py:2371} INFO - Sync 1 DAGs
[2022-10-27 11:17:45,053] {logging_mixin.py:115} INFO - [2022-10-27 11:17:45,052] {dag.py:2919} INFO - Setting next_dagrun for example_task_group_decorator to 2022-10-26T11:17:45.052469+00:00, run_after=2022-10-27T11:17:45.052469+00:00
[2022-10-27 11:17:45,109] {processor.py:161} INFO - Processing /home/airflow/.local/lib/python3.7/site-packages/airflow/example_dags/example_task_group_decorator.py took 0.834 seconds
[2022-10-27 11:18:15,229] {processor.py:153} INFO - Started process (PID=6866) to work on /home/airflow/.local/lib/python3.7/site-packages/airflow/example_dags/example_task_group_decorator.py
[2022-10-27 11:18:15,231] {processor.py:641} INFO - Processing file /home/airflow/.local/lib/python3.7/site-packages/airflow/example_dags/example_task_group_decorator.py for tasks to queue
[2022-10-27 11:18:15,233] {logging_mixin.py:115} INFO - [2022-10-27 11:18:15,232] {dagbag.py:507} INFO - Filling up the DagBag from /home/airflow/.local/lib/python3.7/site-packages/airflow/example_dags/example_task_group_decorator.py
[2022-10-27 11:18:15,285] {processor.py:651} INFO - DAG(s) dict_keys(['example_task_group_decorator']) retrieved from /home/airflow/.local/lib/python3.7/site-packages/airflow/example_dags/example_task_group_decorator.py
[2022-10-27 11:18:15,358] {logging_mixin.py:115} INFO - [2022-10-27 11:18:15,357] {dag.py:2371} INFO - Sync 1 DAGs
[2022-10-27 11:18:15,401] {logging_mixin.py:115} INFO - [2022-10-27 11:18:15,401] {dag.py:2919} INFO - Setting next_dagrun for example_task_group_decorator to 2022-10-26T11:18:15.401387+00:00, run_after=2022-10-27T11:18:15.401387+00:00
[2022-10-27 11:18:15,436] {processor.py:161} INFO - Processing /home/airflow/.local/lib/python3.7/site-packages/airflow/example_dags/example_task_group_decorator.py took 0.212 seconds
[2022-10-27 11:18:45,588] {processor.py:153} INFO - Started process (PID=6917) to work on /home/airflow/.local/lib/python3.7/site-packages/airflow/example_dags/example_task_group_decorator.py
[2022-10-27 11:18:45,590] {processor.py:641} INFO - Processing file /home/airflow/.local/lib/python3.7/site-packages/airflow/example_dags/example_task_group_decorator.py for tasks to queue
[2022-10-27 11:18:45,593] {logging_mixin.py:115} INFO - [2022-10-27 11:18:45,591] {dagbag.py:507} INFO - Filling up the DagBag from /home/airflow/.local/lib/python3.7/site-packages/airflow/example_dags/example_task_group_decorator.py
[2022-10-27 11:18:45,666] {processor.py:651} INFO - DAG(s) dict_keys(['example_task_group_decorator']) retrieved from /home/airflow/.local/lib/python3.7/site-packages/airflow/example_dags/example_task_group_decorator.py
[2022-10-27 11:18:45,873] {logging_mixin.py:115} INFO - [2022-10-27 11:18:45,872] {dag.py:2371} INFO - Sync 1 DAGs
[2022-10-27 11:18:46,011] {logging_mixin.py:115} INFO - [2022-10-27 11:18:46,011] {dag.py:2919} INFO - Setting next_dagrun for example_task_group_decorator to 2022-10-26T11:18:46.010791+00:00, run_after=2022-10-27T11:18:46.010791+00:00
[2022-10-27 11:18:46,078] {processor.py:161} INFO - Processing /home/airflow/.local/lib/python3.7/site-packages/airflow/example_dags/example_task_group_decorator.py took 0.497 seconds
[2022-10-27 11:19:16,629] {processor.py:153} INFO - Started process (PID=6980) to work on /home/airflow/.local/lib/python3.7/site-packages/airflow/example_dags/example_task_group_decorator.py
[2022-10-27 11:19:16,630] {processor.py:641} INFO - Processing file /home/airflow/.local/lib/python3.7/site-packages/airflow/example_dags/example_task_group_decorator.py for tasks to queue
[2022-10-27 11:19:16,632] {logging_mixin.py:115} INFO - [2022-10-27 11:19:16,632] {dagbag.py:507} INFO - Filling up the DagBag from /home/airflow/.local/lib/python3.7/site-packages/airflow/example_dags/example_task_group_decorator.py
[2022-10-27 11:19:16,734] {processor.py:651} INFO - DAG(s) dict_keys(['example_task_group_decorator']) retrieved from /home/airflow/.local/lib/python3.7/site-packages/airflow/example_dags/example_task_group_decorator.py
[2022-10-27 11:19:16,833] {logging_mixin.py:115} INFO - [2022-10-27 11:19:16,833] {dag.py:2371} INFO - Sync 1 DAGs
[2022-10-27 11:19:16,981] {logging_mixin.py:115} INFO - [2022-10-27 11:19:16,980] {dag.py:2919} INFO - Setting next_dagrun for example_task_group_decorator to 2022-10-26T11:19:16.980311+00:00, run_after=2022-10-27T11:19:16.980311+00:00
[2022-10-27 11:19:17,031] {processor.py:161} INFO - Processing /home/airflow/.local/lib/python3.7/site-packages/airflow/example_dags/example_task_group_decorator.py took 0.428 seconds
[2022-10-27 11:19:47,314] {processor.py:153} INFO - Started process (PID=7033) to work on /home/airflow/.local/lib/python3.7/site-packages/airflow/example_dags/example_task_group_decorator.py
[2022-10-27 11:19:47,321] {processor.py:641} INFO - Processing file /home/airflow/.local/lib/python3.7/site-packages/airflow/example_dags/example_task_group_decorator.py for tasks to queue
[2022-10-27 11:19:47,324] {logging_mixin.py:115} INFO - [2022-10-27 11:19:47,324] {dagbag.py:507} INFO - Filling up the DagBag from /home/airflow/.local/lib/python3.7/site-packages/airflow/example_dags/example_task_group_decorator.py
[2022-10-27 11:19:47,469] {processor.py:651} INFO - DAG(s) dict_keys(['example_task_group_decorator']) retrieved from /home/airflow/.local/lib/python3.7/site-packages/airflow/example_dags/example_task_group_decorator.py
[2022-10-27 11:19:47,563] {logging_mixin.py:115} INFO - [2022-10-27 11:19:47,563] {dag.py:2371} INFO - Sync 1 DAGs
[2022-10-27 11:19:47,652] {logging_mixin.py:115} INFO - [2022-10-27 11:19:47,651] {dag.py:2919} INFO - Setting next_dagrun for example_task_group_decorator to 2022-10-26T11:19:47.651186+00:00, run_after=2022-10-27T11:19:47.651186+00:00
[2022-10-27 11:19:47,752] {processor.py:161} INFO - Processing /home/airflow/.local/lib/python3.7/site-packages/airflow/example_dags/example_task_group_decorator.py took 0.455 seconds
[2022-10-27 11:20:18,289] {processor.py:153} INFO - Started process (PID=7087) to work on /home/airflow/.local/lib/python3.7/site-packages/airflow/example_dags/example_task_group_decorator.py
[2022-10-27 11:20:18,296] {processor.py:641} INFO - Processing file /home/airflow/.local/lib/python3.7/site-packages/airflow/example_dags/example_task_group_decorator.py for tasks to queue
[2022-10-27 11:20:18,297] {logging_mixin.py:115} INFO - [2022-10-27 11:20:18,297] {dagbag.py:507} INFO - Filling up the DagBag from /home/airflow/.local/lib/python3.7/site-packages/airflow/example_dags/example_task_group_decorator.py
[2022-10-27 11:20:18,621] {processor.py:651} INFO - DAG(s) dict_keys(['example_task_group_decorator']) retrieved from /home/airflow/.local/lib/python3.7/site-packages/airflow/example_dags/example_task_group_decorator.py
[2022-10-27 11:20:18,924] {logging_mixin.py:115} INFO - [2022-10-27 11:20:18,923] {dag.py:2371} INFO - Sync 1 DAGs
[2022-10-27 11:20:19,041] {logging_mixin.py:115} INFO - [2022-10-27 11:20:19,040] {dag.py:2919} INFO - Setting next_dagrun for example_task_group_decorator to 2022-10-26T11:20:19.039313+00:00, run_after=2022-10-27T11:20:19.039313+00:00
[2022-10-27 11:20:19,160] {processor.py:161} INFO - Processing /home/airflow/.local/lib/python3.7/site-packages/airflow/example_dags/example_task_group_decorator.py took 0.940 seconds
[2022-10-27 11:20:49,468] {processor.py:153} INFO - Started process (PID=7141) to work on /home/airflow/.local/lib/python3.7/site-packages/airflow/example_dags/example_task_group_decorator.py
[2022-10-27 11:20:49,473] {processor.py:641} INFO - Processing file /home/airflow/.local/lib/python3.7/site-packages/airflow/example_dags/example_task_group_decorator.py for tasks to queue
[2022-10-27 11:20:49,476] {logging_mixin.py:115} INFO - [2022-10-27 11:20:49,475] {dagbag.py:507} INFO - Filling up the DagBag from /home/airflow/.local/lib/python3.7/site-packages/airflow/example_dags/example_task_group_decorator.py
[2022-10-27 11:20:49,639] {processor.py:651} INFO - DAG(s) dict_keys(['example_task_group_decorator']) retrieved from /home/airflow/.local/lib/python3.7/site-packages/airflow/example_dags/example_task_group_decorator.py
[2022-10-27 11:20:49,766] {logging_mixin.py:115} INFO - [2022-10-27 11:20:49,766] {dag.py:2371} INFO - Sync 1 DAGs
[2022-10-27 11:20:49,883] {logging_mixin.py:115} INFO - [2022-10-27 11:20:49,883] {dag.py:2919} INFO - Setting next_dagrun for example_task_group_decorator to 2022-10-26T11:20:49.882882+00:00, run_after=2022-10-27T11:20:49.882882+00:00
[2022-10-27 11:20:50,011] {processor.py:161} INFO - Processing /home/airflow/.local/lib/python3.7/site-packages/airflow/example_dags/example_task_group_decorator.py took 0.554 seconds
[2022-10-27 11:21:20,328] {processor.py:153} INFO - Started process (PID=7195) to work on /home/airflow/.local/lib/python3.7/site-packages/airflow/example_dags/example_task_group_decorator.py
[2022-10-27 11:21:20,347] {processor.py:641} INFO - Processing file /home/airflow/.local/lib/python3.7/site-packages/airflow/example_dags/example_task_group_decorator.py for tasks to queue
[2022-10-27 11:21:20,349] {logging_mixin.py:115} INFO - [2022-10-27 11:21:20,349] {dagbag.py:507} INFO - Filling up the DagBag from /home/airflow/.local/lib/python3.7/site-packages/airflow/example_dags/example_task_group_decorator.py
[2022-10-27 11:21:20,537] {processor.py:651} INFO - DAG(s) dict_keys(['example_task_group_decorator']) retrieved from /home/airflow/.local/lib/python3.7/site-packages/airflow/example_dags/example_task_group_decorator.py
[2022-10-27 11:21:20,718] {logging_mixin.py:115} INFO - [2022-10-27 11:21:20,718] {dag.py:2371} INFO - Sync 1 DAGs
[2022-10-27 11:21:20,817] {logging_mixin.py:115} INFO - [2022-10-27 11:21:20,816] {dag.py:2919} INFO - Setting next_dagrun for example_task_group_decorator to 2022-10-26T11:21:20.816505+00:00, run_after=2022-10-27T11:21:20.816505+00:00
[2022-10-27 11:21:20,884] {processor.py:161} INFO - Processing /home/airflow/.local/lib/python3.7/site-packages/airflow/example_dags/example_task_group_decorator.py took 0.569 seconds
[2022-10-27 11:21:50,982] {processor.py:153} INFO - Started process (PID=7249) to work on /home/airflow/.local/lib/python3.7/site-packages/airflow/example_dags/example_task_group_decorator.py
[2022-10-27 11:21:50,983] {processor.py:641} INFO - Processing file /home/airflow/.local/lib/python3.7/site-packages/airflow/example_dags/example_task_group_decorator.py for tasks to queue
[2022-10-27 11:21:50,985] {logging_mixin.py:115} INFO - [2022-10-27 11:21:50,984] {dagbag.py:507} INFO - Filling up the DagBag from /home/airflow/.local/lib/python3.7/site-packages/airflow/example_dags/example_task_group_decorator.py
[2022-10-27 11:21:51,055] {processor.py:651} INFO - DAG(s) dict_keys(['example_task_group_decorator']) retrieved from /home/airflow/.local/lib/python3.7/site-packages/airflow/example_dags/example_task_group_decorator.py
[2022-10-27 11:21:51,191] {logging_mixin.py:115} INFO - [2022-10-27 11:21:51,191] {dag.py:2371} INFO - Sync 1 DAGs
[2022-10-27 11:21:51,227] {logging_mixin.py:115} INFO - [2022-10-27 11:21:51,227] {dag.py:2919} INFO - Setting next_dagrun for example_task_group_decorator to 2022-10-26T11:21:51.226341+00:00, run_after=2022-10-27T11:21:51.226341+00:00
[2022-10-27 11:21:51,264] {processor.py:161} INFO - Processing /home/airflow/.local/lib/python3.7/site-packages/airflow/example_dags/example_task_group_decorator.py took 0.289 seconds
[2022-10-27 11:22:21,584] {processor.py:153} INFO - Started process (PID=7301) to work on /home/airflow/.local/lib/python3.7/site-packages/airflow/example_dags/example_task_group_decorator.py
[2022-10-27 11:22:21,585] {processor.py:641} INFO - Processing file /home/airflow/.local/lib/python3.7/site-packages/airflow/example_dags/example_task_group_decorator.py for tasks to queue
[2022-10-27 11:22:21,590] {logging_mixin.py:115} INFO - [2022-10-27 11:22:21,590] {dagbag.py:507} INFO - Filling up the DagBag from /home/airflow/.local/lib/python3.7/site-packages/airflow/example_dags/example_task_group_decorator.py
[2022-10-27 11:22:21,675] {processor.py:651} INFO - DAG(s) dict_keys(['example_task_group_decorator']) retrieved from /home/airflow/.local/lib/python3.7/site-packages/airflow/example_dags/example_task_group_decorator.py
[2022-10-27 11:22:21,922] {logging_mixin.py:115} INFO - [2022-10-27 11:22:21,922] {dag.py:2371} INFO - Sync 1 DAGs
[2022-10-27 11:22:21,997] {logging_mixin.py:115} INFO - [2022-10-27 11:22:21,996] {dag.py:2919} INFO - Setting next_dagrun for example_task_group_decorator to 2022-10-26T11:22:21.995822+00:00, run_after=2022-10-27T11:22:21.995822+00:00
[2022-10-27 11:22:22,040] {processor.py:161} INFO - Processing /home/airflow/.local/lib/python3.7/site-packages/airflow/example_dags/example_task_group_decorator.py took 0.466 seconds
[2022-10-27 11:22:52,260] {processor.py:153} INFO - Started process (PID=7356) to work on /home/airflow/.local/lib/python3.7/site-packages/airflow/example_dags/example_task_group_decorator.py
[2022-10-27 11:22:52,262] {processor.py:641} INFO - Processing file /home/airflow/.local/lib/python3.7/site-packages/airflow/example_dags/example_task_group_decorator.py for tasks to queue
[2022-10-27 11:22:52,264] {logging_mixin.py:115} INFO - [2022-10-27 11:22:52,263] {dagbag.py:507} INFO - Filling up the DagBag from /home/airflow/.local/lib/python3.7/site-packages/airflow/example_dags/example_task_group_decorator.py
[2022-10-27 11:22:52,342] {processor.py:651} INFO - DAG(s) dict_keys(['example_task_group_decorator']) retrieved from /home/airflow/.local/lib/python3.7/site-packages/airflow/example_dags/example_task_group_decorator.py
[2022-10-27 11:22:52,596] {logging_mixin.py:115} INFO - [2022-10-27 11:22:52,596] {dag.py:2371} INFO - Sync 1 DAGs
[2022-10-27 11:22:52,650] {logging_mixin.py:115} INFO - [2022-10-27 11:22:52,649] {dag.py:2919} INFO - Setting next_dagrun for example_task_group_decorator to 2022-10-26T11:22:52.648351+00:00, run_after=2022-10-27T11:22:52.648351+00:00
[2022-10-27 11:22:52,709] {processor.py:161} INFO - Processing /home/airflow/.local/lib/python3.7/site-packages/airflow/example_dags/example_task_group_decorator.py took 0.463 seconds
[2022-10-27 11:23:23,446] {processor.py:153} INFO - Started process (PID=7417) to work on /home/airflow/.local/lib/python3.7/site-packages/airflow/example_dags/example_task_group_decorator.py
[2022-10-27 11:23:23,450] {processor.py:641} INFO - Processing file /home/airflow/.local/lib/python3.7/site-packages/airflow/example_dags/example_task_group_decorator.py for tasks to queue
[2022-10-27 11:23:23,452] {logging_mixin.py:115} INFO - [2022-10-27 11:23:23,452] {dagbag.py:507} INFO - Filling up the DagBag from /home/airflow/.local/lib/python3.7/site-packages/airflow/example_dags/example_task_group_decorator.py
[2022-10-27 11:23:23,597] {processor.py:651} INFO - DAG(s) dict_keys(['example_task_group_decorator']) retrieved from /home/airflow/.local/lib/python3.7/site-packages/airflow/example_dags/example_task_group_decorator.py
[2022-10-27 11:23:23,688] {logging_mixin.py:115} INFO - [2022-10-27 11:23:23,688] {dag.py:2371} INFO - Sync 1 DAGs
[2022-10-27 11:23:23,749] {logging_mixin.py:115} INFO - [2022-10-27 11:23:23,749] {dag.py:2919} INFO - Setting next_dagrun for example_task_group_decorator to 2022-10-26T11:23:23.749426+00:00, run_after=2022-10-27T11:23:23.749426+00:00
[2022-10-27 11:23:23,780] {processor.py:161} INFO - Processing /home/airflow/.local/lib/python3.7/site-packages/airflow/example_dags/example_task_group_decorator.py took 0.367 seconds
