[2022-10-27 11:02:27,310] {processor.py:153} INFO - Started process (PID=5286) to work on /home/airflow/.local/lib/python3.7/site-packages/airflow/example_dags/example_branch_python_dop_operator_3.py
[2022-10-27 11:02:27,335] {processor.py:641} INFO - Processing file /home/airflow/.local/lib/python3.7/site-packages/airflow/example_dags/example_branch_python_dop_operator_3.py for tasks to queue
[2022-10-27 11:02:27,336] {logging_mixin.py:115} INFO - [2022-10-27 11:02:27,336] {dagbag.py:507} INFO - Filling up the DagBag from /home/airflow/.local/lib/python3.7/site-packages/airflow/example_dags/example_branch_python_dop_operator_3.py
[2022-10-27 11:02:27,447] {processor.py:651} INFO - DAG(s) dict_keys(['example_branch_dop_operator_v3']) retrieved from /home/airflow/.local/lib/python3.7/site-packages/airflow/example_dags/example_branch_python_dop_operator_3.py
[2022-10-27 11:02:27,668] {logging_mixin.py:115} INFO - [2022-10-27 11:02:27,668] {dag.py:2371} INFO - Sync 1 DAGs
[2022-10-27 11:02:28,220] {logging_mixin.py:115} INFO - [2022-10-27 11:02:28,183] {dag.py:2919} INFO - Setting next_dagrun for example_branch_dop_operator_v3 to 2022-10-27T11:01:00+00:00, run_after=2022-10-27T11:02:00+00:00
[2022-10-27 11:02:28,415] {processor.py:161} INFO - Processing /home/airflow/.local/lib/python3.7/site-packages/airflow/example_dags/example_branch_python_dop_operator_3.py took 1.120 seconds
[2022-10-27 11:02:59,279] {processor.py:153} INFO - Started process (PID=5333) to work on /home/airflow/.local/lib/python3.7/site-packages/airflow/example_dags/example_branch_python_dop_operator_3.py
[2022-10-27 11:02:59,282] {processor.py:641} INFO - Processing file /home/airflow/.local/lib/python3.7/site-packages/airflow/example_dags/example_branch_python_dop_operator_3.py for tasks to queue
[2022-10-27 11:02:59,294] {logging_mixin.py:115} INFO - [2022-10-27 11:02:59,294] {dagbag.py:507} INFO - Filling up the DagBag from /home/airflow/.local/lib/python3.7/site-packages/airflow/example_dags/example_branch_python_dop_operator_3.py
[2022-10-27 11:02:59,352] {processor.py:651} INFO - DAG(s) dict_keys(['example_branch_dop_operator_v3']) retrieved from /home/airflow/.local/lib/python3.7/site-packages/airflow/example_dags/example_branch_python_dop_operator_3.py
[2022-10-27 11:02:59,501] {logging_mixin.py:115} INFO - [2022-10-27 11:02:59,501] {dag.py:2371} INFO - Sync 1 DAGs
[2022-10-27 11:02:59,754] {logging_mixin.py:115} INFO - [2022-10-27 11:02:59,754] {dag.py:2919} INFO - Setting next_dagrun for example_branch_dop_operator_v3 to 2022-10-27T11:01:00+00:00, run_after=2022-10-27T11:02:00+00:00
[2022-10-27 11:02:59,905] {processor.py:161} INFO - Processing /home/airflow/.local/lib/python3.7/site-packages/airflow/example_dags/example_branch_python_dop_operator_3.py took 0.643 seconds
[2022-10-27 11:03:30,607] {processor.py:153} INFO - Started process (PID=5386) to work on /home/airflow/.local/lib/python3.7/site-packages/airflow/example_dags/example_branch_python_dop_operator_3.py
[2022-10-27 11:03:30,609] {processor.py:641} INFO - Processing file /home/airflow/.local/lib/python3.7/site-packages/airflow/example_dags/example_branch_python_dop_operator_3.py for tasks to queue
[2022-10-27 11:03:30,610] {logging_mixin.py:115} INFO - [2022-10-27 11:03:30,609] {dagbag.py:507} INFO - Filling up the DagBag from /home/airflow/.local/lib/python3.7/site-packages/airflow/example_dags/example_branch_python_dop_operator_3.py
[2022-10-27 11:03:30,637] {processor.py:651} INFO - DAG(s) dict_keys(['example_branch_dop_operator_v3']) retrieved from /home/airflow/.local/lib/python3.7/site-packages/airflow/example_dags/example_branch_python_dop_operator_3.py
[2022-10-27 11:03:30,685] {logging_mixin.py:115} INFO - [2022-10-27 11:03:30,684] {dag.py:2371} INFO - Sync 1 DAGs
[2022-10-27 11:03:30,746] {logging_mixin.py:115} INFO - [2022-10-27 11:03:30,745] {dag.py:2919} INFO - Setting next_dagrun for example_branch_dop_operator_v3 to 2022-10-27T11:02:00+00:00, run_after=2022-10-27T11:03:00+00:00
[2022-10-27 11:03:30,777] {processor.py:161} INFO - Processing /home/airflow/.local/lib/python3.7/site-packages/airflow/example_dags/example_branch_python_dop_operator_3.py took 0.178 seconds
[2022-10-27 11:04:01,068] {processor.py:153} INFO - Started process (PID=5450) to work on /home/airflow/.local/lib/python3.7/site-packages/airflow/example_dags/example_branch_python_dop_operator_3.py
[2022-10-27 11:04:01,069] {processor.py:641} INFO - Processing file /home/airflow/.local/lib/python3.7/site-packages/airflow/example_dags/example_branch_python_dop_operator_3.py for tasks to queue
[2022-10-27 11:04:01,071] {logging_mixin.py:115} INFO - [2022-10-27 11:04:01,071] {dagbag.py:507} INFO - Filling up the DagBag from /home/airflow/.local/lib/python3.7/site-packages/airflow/example_dags/example_branch_python_dop_operator_3.py
[2022-10-27 11:04:01,095] {processor.py:651} INFO - DAG(s) dict_keys(['example_branch_dop_operator_v3']) retrieved from /home/airflow/.local/lib/python3.7/site-packages/airflow/example_dags/example_branch_python_dop_operator_3.py
[2022-10-27 11:04:01,191] {logging_mixin.py:115} INFO - [2022-10-27 11:04:01,191] {dag.py:2371} INFO - Sync 1 DAGs
[2022-10-27 11:04:01,276] {logging_mixin.py:115} INFO - [2022-10-27 11:04:01,275] {dag.py:2919} INFO - Setting next_dagrun for example_branch_dop_operator_v3 to 2022-10-27T11:03:00+00:00, run_after=2022-10-27T11:04:00+00:00
[2022-10-27 11:04:01,301] {processor.py:161} INFO - Processing /home/airflow/.local/lib/python3.7/site-packages/airflow/example_dags/example_branch_python_dop_operator_3.py took 0.239 seconds
[2022-10-27 11:04:31,410] {processor.py:153} INFO - Started process (PID=5493) to work on /home/airflow/.local/lib/python3.7/site-packages/airflow/example_dags/example_branch_python_dop_operator_3.py
[2022-10-27 11:04:31,419] {processor.py:641} INFO - Processing file /home/airflow/.local/lib/python3.7/site-packages/airflow/example_dags/example_branch_python_dop_operator_3.py for tasks to queue
[2022-10-27 11:04:31,421] {logging_mixin.py:115} INFO - [2022-10-27 11:04:31,421] {dagbag.py:507} INFO - Filling up the DagBag from /home/airflow/.local/lib/python3.7/site-packages/airflow/example_dags/example_branch_python_dop_operator_3.py
[2022-10-27 11:04:31,454] {processor.py:651} INFO - DAG(s) dict_keys(['example_branch_dop_operator_v3']) retrieved from /home/airflow/.local/lib/python3.7/site-packages/airflow/example_dags/example_branch_python_dop_operator_3.py
[2022-10-27 11:04:31,587] {logging_mixin.py:115} INFO - [2022-10-27 11:04:31,586] {dag.py:2371} INFO - Sync 1 DAGs
[2022-10-27 11:04:31,796] {logging_mixin.py:115} INFO - [2022-10-27 11:04:31,795] {dag.py:2919} INFO - Setting next_dagrun for example_branch_dop_operator_v3 to 2022-10-27T11:03:00+00:00, run_after=2022-10-27T11:04:00+00:00
[2022-10-27 11:04:31,904] {processor.py:161} INFO - Processing /home/airflow/.local/lib/python3.7/site-packages/airflow/example_dags/example_branch_python_dop_operator_3.py took 0.500 seconds
[2022-10-27 11:05:02,053] {processor.py:153} INFO - Started process (PID=5545) to work on /home/airflow/.local/lib/python3.7/site-packages/airflow/example_dags/example_branch_python_dop_operator_3.py
[2022-10-27 11:05:02,058] {processor.py:641} INFO - Processing file /home/airflow/.local/lib/python3.7/site-packages/airflow/example_dags/example_branch_python_dop_operator_3.py for tasks to queue
[2022-10-27 11:05:02,067] {logging_mixin.py:115} INFO - [2022-10-27 11:05:02,067] {dagbag.py:507} INFO - Filling up the DagBag from /home/airflow/.local/lib/python3.7/site-packages/airflow/example_dags/example_branch_python_dop_operator_3.py
[2022-10-27 11:05:02,130] {processor.py:651} INFO - DAG(s) dict_keys(['example_branch_dop_operator_v3']) retrieved from /home/airflow/.local/lib/python3.7/site-packages/airflow/example_dags/example_branch_python_dop_operator_3.py
[2022-10-27 11:05:02,246] {logging_mixin.py:115} INFO - [2022-10-27 11:05:02,246] {dag.py:2371} INFO - Sync 1 DAGs
[2022-10-27 11:05:02,391] {logging_mixin.py:115} INFO - [2022-10-27 11:05:02,391] {dag.py:2919} INFO - Setting next_dagrun for example_branch_dop_operator_v3 to 2022-10-27T11:04:00+00:00, run_after=2022-10-27T11:05:00+00:00
[2022-10-27 11:05:02,444] {processor.py:161} INFO - Processing /home/airflow/.local/lib/python3.7/site-packages/airflow/example_dags/example_branch_python_dop_operator_3.py took 0.398 seconds
[2022-10-27 11:05:32,894] {processor.py:153} INFO - Started process (PID=5598) to work on /home/airflow/.local/lib/python3.7/site-packages/airflow/example_dags/example_branch_python_dop_operator_3.py
[2022-10-27 11:05:32,895] {processor.py:641} INFO - Processing file /home/airflow/.local/lib/python3.7/site-packages/airflow/example_dags/example_branch_python_dop_operator_3.py for tasks to queue
[2022-10-27 11:05:32,896] {logging_mixin.py:115} INFO - [2022-10-27 11:05:32,896] {dagbag.py:507} INFO - Filling up the DagBag from /home/airflow/.local/lib/python3.7/site-packages/airflow/example_dags/example_branch_python_dop_operator_3.py
[2022-10-27 11:05:32,924] {processor.py:651} INFO - DAG(s) dict_keys(['example_branch_dop_operator_v3']) retrieved from /home/airflow/.local/lib/python3.7/site-packages/airflow/example_dags/example_branch_python_dop_operator_3.py
[2022-10-27 11:05:32,982] {logging_mixin.py:115} INFO - [2022-10-27 11:05:32,982] {dag.py:2371} INFO - Sync 1 DAGs
[2022-10-27 11:05:33,062] {logging_mixin.py:115} INFO - [2022-10-27 11:05:33,061] {dag.py:2919} INFO - Setting next_dagrun for example_branch_dop_operator_v3 to 2022-10-27T11:04:00+00:00, run_after=2022-10-27T11:05:00+00:00
[2022-10-27 11:05:33,093] {processor.py:161} INFO - Processing /home/airflow/.local/lib/python3.7/site-packages/airflow/example_dags/example_branch_python_dop_operator_3.py took 0.205 seconds
[2022-10-27 11:06:03,223] {processor.py:153} INFO - Started process (PID=5651) to work on /home/airflow/.local/lib/python3.7/site-packages/airflow/example_dags/example_branch_python_dop_operator_3.py
[2022-10-27 11:06:03,234] {processor.py:641} INFO - Processing file /home/airflow/.local/lib/python3.7/site-packages/airflow/example_dags/example_branch_python_dop_operator_3.py for tasks to queue
[2022-10-27 11:06:03,251] {logging_mixin.py:115} INFO - [2022-10-27 11:06:03,251] {dagbag.py:507} INFO - Filling up the DagBag from /home/airflow/.local/lib/python3.7/site-packages/airflow/example_dags/example_branch_python_dop_operator_3.py
[2022-10-27 11:06:03,334] {processor.py:651} INFO - DAG(s) dict_keys(['example_branch_dop_operator_v3']) retrieved from /home/airflow/.local/lib/python3.7/site-packages/airflow/example_dags/example_branch_python_dop_operator_3.py
[2022-10-27 11:06:03,748] {logging_mixin.py:115} INFO - [2022-10-27 11:06:03,748] {dag.py:2371} INFO - Sync 1 DAGs
[2022-10-27 11:06:03,987] {logging_mixin.py:115} INFO - [2022-10-27 11:06:03,986] {dag.py:2919} INFO - Setting next_dagrun for example_branch_dop_operator_v3 to 2022-10-27T11:05:00+00:00, run_after=2022-10-27T11:06:00+00:00
[2022-10-27 11:06:04,103] {processor.py:161} INFO - Processing /home/airflow/.local/lib/python3.7/site-packages/airflow/example_dags/example_branch_python_dop_operator_3.py took 0.896 seconds
[2022-10-27 11:06:35,857] {processor.py:153} INFO - Started process (PID=5696) to work on /home/airflow/.local/lib/python3.7/site-packages/airflow/example_dags/example_branch_python_dop_operator_3.py
[2022-10-27 11:06:35,861] {processor.py:641} INFO - Processing file /home/airflow/.local/lib/python3.7/site-packages/airflow/example_dags/example_branch_python_dop_operator_3.py for tasks to queue
[2022-10-27 11:06:35,868] {logging_mixin.py:115} INFO - [2022-10-27 11:06:35,868] {dagbag.py:507} INFO - Filling up the DagBag from /home/airflow/.local/lib/python3.7/site-packages/airflow/example_dags/example_branch_python_dop_operator_3.py
[2022-10-27 11:06:35,977] {processor.py:651} INFO - DAG(s) dict_keys(['example_branch_dop_operator_v3']) retrieved from /home/airflow/.local/lib/python3.7/site-packages/airflow/example_dags/example_branch_python_dop_operator_3.py
[2022-10-27 11:06:36,175] {logging_mixin.py:115} INFO - [2022-10-27 11:06:36,174] {dag.py:2371} INFO - Sync 1 DAGs
[2022-10-27 11:06:36,545] {logging_mixin.py:115} INFO - [2022-10-27 11:06:36,534] {dag.py:2919} INFO - Setting next_dagrun for example_branch_dop_operator_v3 to 2022-10-27T11:05:00+00:00, run_after=2022-10-27T11:06:00+00:00
[2022-10-27 11:06:36,645] {processor.py:161} INFO - Processing /home/airflow/.local/lib/python3.7/site-packages/airflow/example_dags/example_branch_python_dop_operator_3.py took 0.797 seconds
[2022-10-27 11:07:07,514] {processor.py:153} INFO - Started process (PID=5749) to work on /home/airflow/.local/lib/python3.7/site-packages/airflow/example_dags/example_branch_python_dop_operator_3.py
[2022-10-27 11:07:07,521] {processor.py:641} INFO - Processing file /home/airflow/.local/lib/python3.7/site-packages/airflow/example_dags/example_branch_python_dop_operator_3.py for tasks to queue
[2022-10-27 11:07:07,523] {logging_mixin.py:115} INFO - [2022-10-27 11:07:07,523] {dagbag.py:507} INFO - Filling up the DagBag from /home/airflow/.local/lib/python3.7/site-packages/airflow/example_dags/example_branch_python_dop_operator_3.py
[2022-10-27 11:07:07,563] {processor.py:651} INFO - DAG(s) dict_keys(['example_branch_dop_operator_v3']) retrieved from /home/airflow/.local/lib/python3.7/site-packages/airflow/example_dags/example_branch_python_dop_operator_3.py
[2022-10-27 11:07:07,909] {logging_mixin.py:115} INFO - [2022-10-27 11:07:07,908] {dag.py:2371} INFO - Sync 1 DAGs
[2022-10-27 11:07:08,377] {logging_mixin.py:115} INFO - [2022-10-27 11:07:08,376] {dag.py:2919} INFO - Setting next_dagrun for example_branch_dop_operator_v3 to 2022-10-27T11:06:00+00:00, run_after=2022-10-27T11:07:00+00:00
[2022-10-27 11:07:08,459] {processor.py:161} INFO - Processing /home/airflow/.local/lib/python3.7/site-packages/airflow/example_dags/example_branch_python_dop_operator_3.py took 0.951 seconds
[2022-10-27 11:07:39,123] {processor.py:153} INFO - Started process (PID=5803) to work on /home/airflow/.local/lib/python3.7/site-packages/airflow/example_dags/example_branch_python_dop_operator_3.py
[2022-10-27 11:07:39,138] {processor.py:641} INFO - Processing file /home/airflow/.local/lib/python3.7/site-packages/airflow/example_dags/example_branch_python_dop_operator_3.py for tasks to queue
[2022-10-27 11:07:39,159] {logging_mixin.py:115} INFO - [2022-10-27 11:07:39,159] {dagbag.py:507} INFO - Filling up the DagBag from /home/airflow/.local/lib/python3.7/site-packages/airflow/example_dags/example_branch_python_dop_operator_3.py
[2022-10-27 11:07:39,243] {processor.py:651} INFO - DAG(s) dict_keys(['example_branch_dop_operator_v3']) retrieved from /home/airflow/.local/lib/python3.7/site-packages/airflow/example_dags/example_branch_python_dop_operator_3.py
[2022-10-27 11:07:39,534] {logging_mixin.py:115} INFO - [2022-10-27 11:07:39,533] {dag.py:2371} INFO - Sync 1 DAGs
[2022-10-27 11:07:39,714] {logging_mixin.py:115} INFO - [2022-10-27 11:07:39,714] {dag.py:2919} INFO - Setting next_dagrun for example_branch_dop_operator_v3 to 2022-10-27T11:06:00+00:00, run_after=2022-10-27T11:07:00+00:00
[2022-10-27 11:07:39,784] {processor.py:161} INFO - Processing /home/airflow/.local/lib/python3.7/site-packages/airflow/example_dags/example_branch_python_dop_operator_3.py took 0.689 seconds
[2022-10-27 11:08:10,267] {processor.py:153} INFO - Started process (PID=5857) to work on /home/airflow/.local/lib/python3.7/site-packages/airflow/example_dags/example_branch_python_dop_operator_3.py
[2022-10-27 11:08:10,274] {processor.py:641} INFO - Processing file /home/airflow/.local/lib/python3.7/site-packages/airflow/example_dags/example_branch_python_dop_operator_3.py for tasks to queue
[2022-10-27 11:08:10,276] {logging_mixin.py:115} INFO - [2022-10-27 11:08:10,275] {dagbag.py:507} INFO - Filling up the DagBag from /home/airflow/.local/lib/python3.7/site-packages/airflow/example_dags/example_branch_python_dop_operator_3.py
[2022-10-27 11:08:10,376] {processor.py:651} INFO - DAG(s) dict_keys(['example_branch_dop_operator_v3']) retrieved from /home/airflow/.local/lib/python3.7/site-packages/airflow/example_dags/example_branch_python_dop_operator_3.py
[2022-10-27 11:08:11,166] {logging_mixin.py:115} INFO - [2022-10-27 11:08:11,165] {dag.py:2371} INFO - Sync 1 DAGs
[2022-10-27 11:08:11,672] {logging_mixin.py:115} INFO - [2022-10-27 11:08:11,671] {dag.py:2919} INFO - Setting next_dagrun for example_branch_dop_operator_v3 to 2022-10-27T11:07:00+00:00, run_after=2022-10-27T11:08:00+00:00
[2022-10-27 11:08:12,318] {processor.py:161} INFO - Processing /home/airflow/.local/lib/python3.7/site-packages/airflow/example_dags/example_branch_python_dop_operator_3.py took 2.068 seconds
[2022-10-27 11:08:42,769] {processor.py:153} INFO - Started process (PID=5902) to work on /home/airflow/.local/lib/python3.7/site-packages/airflow/example_dags/example_branch_python_dop_operator_3.py
[2022-10-27 11:08:42,771] {processor.py:641} INFO - Processing file /home/airflow/.local/lib/python3.7/site-packages/airflow/example_dags/example_branch_python_dop_operator_3.py for tasks to queue
[2022-10-27 11:08:42,773] {logging_mixin.py:115} INFO - [2022-10-27 11:08:42,772] {dagbag.py:507} INFO - Filling up the DagBag from /home/airflow/.local/lib/python3.7/site-packages/airflow/example_dags/example_branch_python_dop_operator_3.py
[2022-10-27 11:08:42,830] {processor.py:651} INFO - DAG(s) dict_keys(['example_branch_dop_operator_v3']) retrieved from /home/airflow/.local/lib/python3.7/site-packages/airflow/example_dags/example_branch_python_dop_operator_3.py
[2022-10-27 11:08:43,034] {logging_mixin.py:115} INFO - [2022-10-27 11:08:43,034] {dag.py:2371} INFO - Sync 1 DAGs
[2022-10-27 11:08:43,324] {logging_mixin.py:115} INFO - [2022-10-27 11:08:43,324] {dag.py:2919} INFO - Setting next_dagrun for example_branch_dop_operator_v3 to 2022-10-27T11:07:00+00:00, run_after=2022-10-27T11:08:00+00:00
[2022-10-27 11:08:43,468] {processor.py:161} INFO - Processing /home/airflow/.local/lib/python3.7/site-packages/airflow/example_dags/example_branch_python_dop_operator_3.py took 0.723 seconds
[2022-10-27 11:09:14,437] {processor.py:153} INFO - Started process (PID=5956) to work on /home/airflow/.local/lib/python3.7/site-packages/airflow/example_dags/example_branch_python_dop_operator_3.py
[2022-10-27 11:09:14,439] {processor.py:641} INFO - Processing file /home/airflow/.local/lib/python3.7/site-packages/airflow/example_dags/example_branch_python_dop_operator_3.py for tasks to queue
[2022-10-27 11:09:14,441] {logging_mixin.py:115} INFO - [2022-10-27 11:09:14,441] {dagbag.py:507} INFO - Filling up the DagBag from /home/airflow/.local/lib/python3.7/site-packages/airflow/example_dags/example_branch_python_dop_operator_3.py
[2022-10-27 11:09:14,478] {processor.py:651} INFO - DAG(s) dict_keys(['example_branch_dop_operator_v3']) retrieved from /home/airflow/.local/lib/python3.7/site-packages/airflow/example_dags/example_branch_python_dop_operator_3.py
[2022-10-27 11:09:14,580] {logging_mixin.py:115} INFO - [2022-10-27 11:09:14,579] {dag.py:2371} INFO - Sync 1 DAGs
[2022-10-27 11:09:14,690] {logging_mixin.py:115} INFO - [2022-10-27 11:09:14,690] {dag.py:2919} INFO - Setting next_dagrun for example_branch_dop_operator_v3 to 2022-10-27T11:08:00+00:00, run_after=2022-10-27T11:09:00+00:00
[2022-10-27 11:09:14,765] {processor.py:161} INFO - Processing /home/airflow/.local/lib/python3.7/site-packages/airflow/example_dags/example_branch_python_dop_operator_3.py took 0.338 seconds
[2022-10-27 11:09:45,855] {processor.py:153} INFO - Started process (PID=6010) to work on /home/airflow/.local/lib/python3.7/site-packages/airflow/example_dags/example_branch_python_dop_operator_3.py
[2022-10-27 11:09:45,866] {processor.py:641} INFO - Processing file /home/airflow/.local/lib/python3.7/site-packages/airflow/example_dags/example_branch_python_dop_operator_3.py for tasks to queue
[2022-10-27 11:09:45,870] {logging_mixin.py:115} INFO - [2022-10-27 11:09:45,869] {dagbag.py:507} INFO - Filling up the DagBag from /home/airflow/.local/lib/python3.7/site-packages/airflow/example_dags/example_branch_python_dop_operator_3.py
[2022-10-27 11:09:45,988] {processor.py:651} INFO - DAG(s) dict_keys(['example_branch_dop_operator_v3']) retrieved from /home/airflow/.local/lib/python3.7/site-packages/airflow/example_dags/example_branch_python_dop_operator_3.py
[2022-10-27 11:09:46,326] {logging_mixin.py:115} INFO - [2022-10-27 11:09:46,326] {dag.py:2371} INFO - Sync 1 DAGs
[2022-10-27 11:09:46,801] {logging_mixin.py:115} INFO - [2022-10-27 11:09:46,800] {dag.py:2919} INFO - Setting next_dagrun for example_branch_dop_operator_v3 to 2022-10-27T11:08:00+00:00, run_after=2022-10-27T11:09:00+00:00
[2022-10-27 11:09:46,978] {processor.py:161} INFO - Processing /home/airflow/.local/lib/python3.7/site-packages/airflow/example_dags/example_branch_python_dop_operator_3.py took 1.147 seconds
[2022-10-27 11:10:17,314] {processor.py:153} INFO - Started process (PID=6055) to work on /home/airflow/.local/lib/python3.7/site-packages/airflow/example_dags/example_branch_python_dop_operator_3.py
[2022-10-27 11:10:17,315] {processor.py:641} INFO - Processing file /home/airflow/.local/lib/python3.7/site-packages/airflow/example_dags/example_branch_python_dop_operator_3.py for tasks to queue
[2022-10-27 11:10:17,317] {logging_mixin.py:115} INFO - [2022-10-27 11:10:17,317] {dagbag.py:507} INFO - Filling up the DagBag from /home/airflow/.local/lib/python3.7/site-packages/airflow/example_dags/example_branch_python_dop_operator_3.py
[2022-10-27 11:10:17,340] {processor.py:651} INFO - DAG(s) dict_keys(['example_branch_dop_operator_v3']) retrieved from /home/airflow/.local/lib/python3.7/site-packages/airflow/example_dags/example_branch_python_dop_operator_3.py
[2022-10-27 11:10:17,408] {logging_mixin.py:115} INFO - [2022-10-27 11:10:17,408] {dag.py:2371} INFO - Sync 1 DAGs
[2022-10-27 11:10:17,533] {logging_mixin.py:115} INFO - [2022-10-27 11:10:17,533] {dag.py:2919} INFO - Setting next_dagrun for example_branch_dop_operator_v3 to 2022-10-27T11:09:00+00:00, run_after=2022-10-27T11:10:00+00:00
[2022-10-27 11:10:17,567] {processor.py:161} INFO - Processing /home/airflow/.local/lib/python3.7/site-packages/airflow/example_dags/example_branch_python_dop_operator_3.py took 0.260 seconds
[2022-10-27 11:10:48,137] {processor.py:153} INFO - Started process (PID=6111) to work on /home/airflow/.local/lib/python3.7/site-packages/airflow/example_dags/example_branch_python_dop_operator_3.py
[2022-10-27 11:10:48,139] {processor.py:641} INFO - Processing file /home/airflow/.local/lib/python3.7/site-packages/airflow/example_dags/example_branch_python_dop_operator_3.py for tasks to queue
[2022-10-27 11:10:48,140] {logging_mixin.py:115} INFO - [2022-10-27 11:10:48,140] {dagbag.py:507} INFO - Filling up the DagBag from /home/airflow/.local/lib/python3.7/site-packages/airflow/example_dags/example_branch_python_dop_operator_3.py
[2022-10-27 11:10:48,176] {processor.py:651} INFO - DAG(s) dict_keys(['example_branch_dop_operator_v3']) retrieved from /home/airflow/.local/lib/python3.7/site-packages/airflow/example_dags/example_branch_python_dop_operator_3.py
[2022-10-27 11:10:48,239] {logging_mixin.py:115} INFO - [2022-10-27 11:10:48,239] {dag.py:2371} INFO - Sync 1 DAGs
[2022-10-27 11:10:48,322] {logging_mixin.py:115} INFO - [2022-10-27 11:10:48,322] {dag.py:2919} INFO - Setting next_dagrun for example_branch_dop_operator_v3 to 2022-10-27T11:09:00+00:00, run_after=2022-10-27T11:10:00+00:00
[2022-10-27 11:10:48,361] {processor.py:161} INFO - Processing /home/airflow/.local/lib/python3.7/site-packages/airflow/example_dags/example_branch_python_dop_operator_3.py took 0.233 seconds
[2022-10-27 11:11:23,574] {processor.py:153} INFO - Started process (PID=6164) to work on /home/airflow/.local/lib/python3.7/site-packages/airflow/example_dags/example_branch_python_dop_operator_3.py
[2022-10-27 11:11:23,579] {processor.py:641} INFO - Processing file /home/airflow/.local/lib/python3.7/site-packages/airflow/example_dags/example_branch_python_dop_operator_3.py for tasks to queue
[2022-10-27 11:11:23,581] {logging_mixin.py:115} INFO - [2022-10-27 11:11:23,581] {dagbag.py:507} INFO - Filling up the DagBag from /home/airflow/.local/lib/python3.7/site-packages/airflow/example_dags/example_branch_python_dop_operator_3.py
[2022-10-27 11:11:23,630] {processor.py:651} INFO - DAG(s) dict_keys(['example_branch_dop_operator_v3']) retrieved from /home/airflow/.local/lib/python3.7/site-packages/airflow/example_dags/example_branch_python_dop_operator_3.py
[2022-10-27 11:11:23,888] {logging_mixin.py:115} INFO - [2022-10-27 11:11:23,887] {dag.py:2371} INFO - Sync 1 DAGs
[2022-10-27 11:11:24,840] {logging_mixin.py:115} INFO - [2022-10-27 11:11:24,840] {dag.py:2919} INFO - Setting next_dagrun for example_branch_dop_operator_v3 to 2022-10-27T11:10:00+00:00, run_after=2022-10-27T11:11:00+00:00
[2022-10-27 11:11:25,049] {processor.py:161} INFO - Processing /home/airflow/.local/lib/python3.7/site-packages/airflow/example_dags/example_branch_python_dop_operator_3.py took 1.485 seconds
[2022-10-27 11:11:55,300] {processor.py:153} INFO - Started process (PID=6218) to work on /home/airflow/.local/lib/python3.7/site-packages/airflow/example_dags/example_branch_python_dop_operator_3.py
[2022-10-27 11:11:55,302] {processor.py:641} INFO - Processing file /home/airflow/.local/lib/python3.7/site-packages/airflow/example_dags/example_branch_python_dop_operator_3.py for tasks to queue
[2022-10-27 11:11:55,305] {logging_mixin.py:115} INFO - [2022-10-27 11:11:55,304] {dagbag.py:507} INFO - Filling up the DagBag from /home/airflow/.local/lib/python3.7/site-packages/airflow/example_dags/example_branch_python_dop_operator_3.py
[2022-10-27 11:11:55,344] {processor.py:651} INFO - DAG(s) dict_keys(['example_branch_dop_operator_v3']) retrieved from /home/airflow/.local/lib/python3.7/site-packages/airflow/example_dags/example_branch_python_dop_operator_3.py
[2022-10-27 11:11:55,424] {logging_mixin.py:115} INFO - [2022-10-27 11:11:55,423] {dag.py:2371} INFO - Sync 1 DAGs
[2022-10-27 11:11:55,492] {logging_mixin.py:115} INFO - [2022-10-27 11:11:55,492] {dag.py:2919} INFO - Setting next_dagrun for example_branch_dop_operator_v3 to 2022-10-27T11:10:00+00:00, run_after=2022-10-27T11:11:00+00:00
[2022-10-27 11:11:55,526] {processor.py:161} INFO - Processing /home/airflow/.local/lib/python3.7/site-packages/airflow/example_dags/example_branch_python_dop_operator_3.py took 0.234 seconds
[2022-10-27 11:12:26,414] {processor.py:153} INFO - Started process (PID=6269) to work on /home/airflow/.local/lib/python3.7/site-packages/airflow/example_dags/example_branch_python_dop_operator_3.py
[2022-10-27 11:12:26,417] {processor.py:641} INFO - Processing file /home/airflow/.local/lib/python3.7/site-packages/airflow/example_dags/example_branch_python_dop_operator_3.py for tasks to queue
[2022-10-27 11:12:26,418] {logging_mixin.py:115} INFO - [2022-10-27 11:12:26,418] {dagbag.py:507} INFO - Filling up the DagBag from /home/airflow/.local/lib/python3.7/site-packages/airflow/example_dags/example_branch_python_dop_operator_3.py
[2022-10-27 11:12:26,440] {processor.py:651} INFO - DAG(s) dict_keys(['example_branch_dop_operator_v3']) retrieved from /home/airflow/.local/lib/python3.7/site-packages/airflow/example_dags/example_branch_python_dop_operator_3.py
[2022-10-27 11:12:26,491] {logging_mixin.py:115} INFO - [2022-10-27 11:12:26,490] {dag.py:2371} INFO - Sync 1 DAGs
[2022-10-27 11:12:26,546] {logging_mixin.py:115} INFO - [2022-10-27 11:12:26,546] {dag.py:2919} INFO - Setting next_dagrun for example_branch_dop_operator_v3 to 2022-10-27T11:11:00+00:00, run_after=2022-10-27T11:12:00+00:00
[2022-10-27 11:12:26,573] {processor.py:161} INFO - Processing /home/airflow/.local/lib/python3.7/site-packages/airflow/example_dags/example_branch_python_dop_operator_3.py took 0.164 seconds
[2022-10-27 11:12:57,226] {processor.py:153} INFO - Started process (PID=6322) to work on /home/airflow/.local/lib/python3.7/site-packages/airflow/example_dags/example_branch_python_dop_operator_3.py
[2022-10-27 11:12:57,228] {processor.py:641} INFO - Processing file /home/airflow/.local/lib/python3.7/site-packages/airflow/example_dags/example_branch_python_dop_operator_3.py for tasks to queue
[2022-10-27 11:12:57,232] {logging_mixin.py:115} INFO - [2022-10-27 11:12:57,232] {dagbag.py:507} INFO - Filling up the DagBag from /home/airflow/.local/lib/python3.7/site-packages/airflow/example_dags/example_branch_python_dop_operator_3.py
[2022-10-27 11:12:57,253] {processor.py:651} INFO - DAG(s) dict_keys(['example_branch_dop_operator_v3']) retrieved from /home/airflow/.local/lib/python3.7/site-packages/airflow/example_dags/example_branch_python_dop_operator_3.py
[2022-10-27 11:12:57,307] {logging_mixin.py:115} INFO - [2022-10-27 11:12:57,307] {dag.py:2371} INFO - Sync 1 DAGs
[2022-10-27 11:12:57,366] {logging_mixin.py:115} INFO - [2022-10-27 11:12:57,366] {dag.py:2919} INFO - Setting next_dagrun for example_branch_dop_operator_v3 to 2022-10-27T11:11:00+00:00, run_after=2022-10-27T11:12:00+00:00
[2022-10-27 11:12:57,397] {processor.py:161} INFO - Processing /home/airflow/.local/lib/python3.7/site-packages/airflow/example_dags/example_branch_python_dop_operator_3.py took 0.178 seconds
[2022-10-27 11:13:27,930] {processor.py:153} INFO - Started process (PID=6375) to work on /home/airflow/.local/lib/python3.7/site-packages/airflow/example_dags/example_branch_python_dop_operator_3.py
[2022-10-27 11:13:27,931] {processor.py:641} INFO - Processing file /home/airflow/.local/lib/python3.7/site-packages/airflow/example_dags/example_branch_python_dop_operator_3.py for tasks to queue
[2022-10-27 11:13:27,933] {logging_mixin.py:115} INFO - [2022-10-27 11:13:27,932] {dagbag.py:507} INFO - Filling up the DagBag from /home/airflow/.local/lib/python3.7/site-packages/airflow/example_dags/example_branch_python_dop_operator_3.py
[2022-10-27 11:13:27,959] {processor.py:651} INFO - DAG(s) dict_keys(['example_branch_dop_operator_v3']) retrieved from /home/airflow/.local/lib/python3.7/site-packages/airflow/example_dags/example_branch_python_dop_operator_3.py
[2022-10-27 11:13:28,012] {logging_mixin.py:115} INFO - [2022-10-27 11:13:28,012] {dag.py:2371} INFO - Sync 1 DAGs
[2022-10-27 11:13:28,076] {logging_mixin.py:115} INFO - [2022-10-27 11:13:28,075] {dag.py:2919} INFO - Setting next_dagrun for example_branch_dop_operator_v3 to 2022-10-27T11:12:00+00:00, run_after=2022-10-27T11:13:00+00:00
[2022-10-27 11:13:28,104] {processor.py:161} INFO - Processing /home/airflow/.local/lib/python3.7/site-packages/airflow/example_dags/example_branch_python_dop_operator_3.py took 0.181 seconds
[2022-10-27 11:14:00,301] {processor.py:153} INFO - Started process (PID=6429) to work on /home/airflow/.local/lib/python3.7/site-packages/airflow/example_dags/example_branch_python_dop_operator_3.py
[2022-10-27 11:14:00,359] {processor.py:641} INFO - Processing file /home/airflow/.local/lib/python3.7/site-packages/airflow/example_dags/example_branch_python_dop_operator_3.py for tasks to queue
[2022-10-27 11:14:00,375] {logging_mixin.py:115} INFO - [2022-10-27 11:14:00,375] {dagbag.py:507} INFO - Filling up the DagBag from /home/airflow/.local/lib/python3.7/site-packages/airflow/example_dags/example_branch_python_dop_operator_3.py
[2022-10-27 11:14:00,460] {processor.py:651} INFO - DAG(s) dict_keys(['example_branch_dop_operator_v3']) retrieved from /home/airflow/.local/lib/python3.7/site-packages/airflow/example_dags/example_branch_python_dop_operator_3.py
[2022-10-27 11:14:00,793] {logging_mixin.py:115} INFO - [2022-10-27 11:14:00,793] {dag.py:2371} INFO - Sync 1 DAGs
[2022-10-27 11:14:01,278] {logging_mixin.py:115} INFO - [2022-10-27 11:14:01,278] {dag.py:2919} INFO - Setting next_dagrun for example_branch_dop_operator_v3 to 2022-10-27T11:13:00+00:00, run_after=2022-10-27T11:14:00+00:00
[2022-10-27 11:14:01,481] {processor.py:161} INFO - Processing /home/airflow/.local/lib/python3.7/site-packages/airflow/example_dags/example_branch_python_dop_operator_3.py took 1.189 seconds
[2022-10-27 11:14:31,653] {processor.py:153} INFO - Started process (PID=6475) to work on /home/airflow/.local/lib/python3.7/site-packages/airflow/example_dags/example_branch_python_dop_operator_3.py
[2022-10-27 11:14:31,660] {processor.py:641} INFO - Processing file /home/airflow/.local/lib/python3.7/site-packages/airflow/example_dags/example_branch_python_dop_operator_3.py for tasks to queue
[2022-10-27 11:14:31,662] {logging_mixin.py:115} INFO - [2022-10-27 11:14:31,662] {dagbag.py:507} INFO - Filling up the DagBag from /home/airflow/.local/lib/python3.7/site-packages/airflow/example_dags/example_branch_python_dop_operator_3.py
[2022-10-27 11:14:31,707] {processor.py:651} INFO - DAG(s) dict_keys(['example_branch_dop_operator_v3']) retrieved from /home/airflow/.local/lib/python3.7/site-packages/airflow/example_dags/example_branch_python_dop_operator_3.py
[2022-10-27 11:14:31,799] {logging_mixin.py:115} INFO - [2022-10-27 11:14:31,799] {dag.py:2371} INFO - Sync 1 DAGs
[2022-10-27 11:14:31,882] {logging_mixin.py:115} INFO - [2022-10-27 11:14:31,882] {dag.py:2919} INFO - Setting next_dagrun for example_branch_dop_operator_v3 to 2022-10-27T11:13:00+00:00, run_after=2022-10-27T11:14:00+00:00
[2022-10-27 11:14:31,928] {processor.py:161} INFO - Processing /home/airflow/.local/lib/python3.7/site-packages/airflow/example_dags/example_branch_python_dop_operator_3.py took 0.275 seconds
[2022-10-27 11:15:02,010] {processor.py:153} INFO - Started process (PID=6528) to work on /home/airflow/.local/lib/python3.7/site-packages/airflow/example_dags/example_branch_python_dop_operator_3.py
[2022-10-27 11:15:02,012] {processor.py:641} INFO - Processing file /home/airflow/.local/lib/python3.7/site-packages/airflow/example_dags/example_branch_python_dop_operator_3.py for tasks to queue
[2022-10-27 11:15:02,014] {logging_mixin.py:115} INFO - [2022-10-27 11:15:02,014] {dagbag.py:507} INFO - Filling up the DagBag from /home/airflow/.local/lib/python3.7/site-packages/airflow/example_dags/example_branch_python_dop_operator_3.py
[2022-10-27 11:15:02,039] {processor.py:651} INFO - DAG(s) dict_keys(['example_branch_dop_operator_v3']) retrieved from /home/airflow/.local/lib/python3.7/site-packages/airflow/example_dags/example_branch_python_dop_operator_3.py
[2022-10-27 11:15:02,103] {logging_mixin.py:115} INFO - [2022-10-27 11:15:02,103] {dag.py:2371} INFO - Sync 1 DAGs
[2022-10-27 11:15:02,180] {logging_mixin.py:115} INFO - [2022-10-27 11:15:02,180] {dag.py:2919} INFO - Setting next_dagrun for example_branch_dop_operator_v3 to 2022-10-27T11:14:00+00:00, run_after=2022-10-27T11:15:00+00:00
[2022-10-27 11:15:02,220] {processor.py:161} INFO - Processing /home/airflow/.local/lib/python3.7/site-packages/airflow/example_dags/example_branch_python_dop_operator_3.py took 0.215 seconds
[2022-10-27 11:15:32,418] {processor.py:153} INFO - Started process (PID=6591) to work on /home/airflow/.local/lib/python3.7/site-packages/airflow/example_dags/example_branch_python_dop_operator_3.py
[2022-10-27 11:15:32,420] {processor.py:641} INFO - Processing file /home/airflow/.local/lib/python3.7/site-packages/airflow/example_dags/example_branch_python_dop_operator_3.py for tasks to queue
[2022-10-27 11:15:32,421] {logging_mixin.py:115} INFO - [2022-10-27 11:15:32,421] {dagbag.py:507} INFO - Filling up the DagBag from /home/airflow/.local/lib/python3.7/site-packages/airflow/example_dags/example_branch_python_dop_operator_3.py
[2022-10-27 11:15:32,451] {processor.py:651} INFO - DAG(s) dict_keys(['example_branch_dop_operator_v3']) retrieved from /home/airflow/.local/lib/python3.7/site-packages/airflow/example_dags/example_branch_python_dop_operator_3.py
[2022-10-27 11:15:32,509] {logging_mixin.py:115} INFO - [2022-10-27 11:15:32,509] {dag.py:2371} INFO - Sync 1 DAGs
[2022-10-27 11:15:32,588] {logging_mixin.py:115} INFO - [2022-10-27 11:15:32,588] {dag.py:2919} INFO - Setting next_dagrun for example_branch_dop_operator_v3 to 2022-10-27T11:14:00+00:00, run_after=2022-10-27T11:15:00+00:00
[2022-10-27 11:15:32,628] {processor.py:161} INFO - Processing /home/airflow/.local/lib/python3.7/site-packages/airflow/example_dags/example_branch_python_dop_operator_3.py took 0.224 seconds
[2022-10-27 11:16:02,881] {processor.py:153} INFO - Started process (PID=6643) to work on /home/airflow/.local/lib/python3.7/site-packages/airflow/example_dags/example_branch_python_dop_operator_3.py
[2022-10-27 11:16:02,901] {processor.py:641} INFO - Processing file /home/airflow/.local/lib/python3.7/site-packages/airflow/example_dags/example_branch_python_dop_operator_3.py for tasks to queue
[2022-10-27 11:16:02,903] {logging_mixin.py:115} INFO - [2022-10-27 11:16:02,903] {dagbag.py:507} INFO - Filling up the DagBag from /home/airflow/.local/lib/python3.7/site-packages/airflow/example_dags/example_branch_python_dop_operator_3.py
[2022-10-27 11:16:02,956] {processor.py:651} INFO - DAG(s) dict_keys(['example_branch_dop_operator_v3']) retrieved from /home/airflow/.local/lib/python3.7/site-packages/airflow/example_dags/example_branch_python_dop_operator_3.py
[2022-10-27 11:16:03,102] {logging_mixin.py:115} INFO - [2022-10-27 11:16:03,102] {dag.py:2371} INFO - Sync 1 DAGs
[2022-10-27 11:16:03,292] {logging_mixin.py:115} INFO - [2022-10-27 11:16:03,291] {dag.py:2919} INFO - Setting next_dagrun for example_branch_dop_operator_v3 to 2022-10-27T11:15:00+00:00, run_after=2022-10-27T11:16:00+00:00
[2022-10-27 11:16:03,373] {processor.py:161} INFO - Processing /home/airflow/.local/lib/python3.7/site-packages/airflow/example_dags/example_branch_python_dop_operator_3.py took 0.521 seconds
[2022-10-27 11:16:36,496] {processor.py:153} INFO - Started process (PID=6696) to work on /home/airflow/.local/lib/python3.7/site-packages/airflow/example_dags/example_branch_python_dop_operator_3.py
[2022-10-27 11:16:36,515] {processor.py:641} INFO - Processing file /home/airflow/.local/lib/python3.7/site-packages/airflow/example_dags/example_branch_python_dop_operator_3.py for tasks to queue
[2022-10-27 11:16:36,531] {logging_mixin.py:115} INFO - [2022-10-27 11:16:36,530] {dagbag.py:507} INFO - Filling up the DagBag from /home/airflow/.local/lib/python3.7/site-packages/airflow/example_dags/example_branch_python_dop_operator_3.py
[2022-10-27 11:16:36,612] {processor.py:651} INFO - DAG(s) dict_keys(['example_branch_dop_operator_v3']) retrieved from /home/airflow/.local/lib/python3.7/site-packages/airflow/example_dags/example_branch_python_dop_operator_3.py
[2022-10-27 11:16:36,740] {logging_mixin.py:115} INFO - [2022-10-27 11:16:36,740] {dag.py:2371} INFO - Sync 1 DAGs
[2022-10-27 11:16:36,879] {logging_mixin.py:115} INFO - [2022-10-27 11:16:36,879] {dag.py:2919} INFO - Setting next_dagrun for example_branch_dop_operator_v3 to 2022-10-27T11:15:00+00:00, run_after=2022-10-27T11:16:00+00:00
[2022-10-27 11:16:36,952] {processor.py:161} INFO - Processing /home/airflow/.local/lib/python3.7/site-packages/airflow/example_dags/example_branch_python_dop_operator_3.py took 0.500 seconds
[2022-10-27 11:17:07,406] {processor.py:153} INFO - Started process (PID=6747) to work on /home/airflow/.local/lib/python3.7/site-packages/airflow/example_dags/example_branch_python_dop_operator_3.py
[2022-10-27 11:17:07,410] {processor.py:641} INFO - Processing file /home/airflow/.local/lib/python3.7/site-packages/airflow/example_dags/example_branch_python_dop_operator_3.py for tasks to queue
[2022-10-27 11:17:07,412] {logging_mixin.py:115} INFO - [2022-10-27 11:17:07,412] {dagbag.py:507} INFO - Filling up the DagBag from /home/airflow/.local/lib/python3.7/site-packages/airflow/example_dags/example_branch_python_dop_operator_3.py
[2022-10-27 11:17:07,481] {processor.py:651} INFO - DAG(s) dict_keys(['example_branch_dop_operator_v3']) retrieved from /home/airflow/.local/lib/python3.7/site-packages/airflow/example_dags/example_branch_python_dop_operator_3.py
[2022-10-27 11:17:07,634] {logging_mixin.py:115} INFO - [2022-10-27 11:17:07,634] {dag.py:2371} INFO - Sync 1 DAGs
[2022-10-27 11:17:07,825] {logging_mixin.py:115} INFO - [2022-10-27 11:17:07,825] {dag.py:2919} INFO - Setting next_dagrun for example_branch_dop_operator_v3 to 2022-10-27T11:16:00+00:00, run_after=2022-10-27T11:17:00+00:00
[2022-10-27 11:17:07,898] {processor.py:161} INFO - Processing /home/airflow/.local/lib/python3.7/site-packages/airflow/example_dags/example_branch_python_dop_operator_3.py took 0.502 seconds
[2022-10-27 11:17:38,800] {processor.py:153} INFO - Started process (PID=6803) to work on /home/airflow/.local/lib/python3.7/site-packages/airflow/example_dags/example_branch_python_dop_operator_3.py
[2022-10-27 11:17:38,808] {processor.py:641} INFO - Processing file /home/airflow/.local/lib/python3.7/site-packages/airflow/example_dags/example_branch_python_dop_operator_3.py for tasks to queue
[2022-10-27 11:17:38,811] {logging_mixin.py:115} INFO - [2022-10-27 11:17:38,811] {dagbag.py:507} INFO - Filling up the DagBag from /home/airflow/.local/lib/python3.7/site-packages/airflow/example_dags/example_branch_python_dop_operator_3.py
[2022-10-27 11:17:38,845] {processor.py:651} INFO - DAG(s) dict_keys(['example_branch_dop_operator_v3']) retrieved from /home/airflow/.local/lib/python3.7/site-packages/airflow/example_dags/example_branch_python_dop_operator_3.py
[2022-10-27 11:17:38,952] {logging_mixin.py:115} INFO - [2022-10-27 11:17:38,952] {dag.py:2371} INFO - Sync 1 DAGs
[2022-10-27 11:17:39,056] {logging_mixin.py:115} INFO - [2022-10-27 11:17:39,056] {dag.py:2919} INFO - Setting next_dagrun for example_branch_dop_operator_v3 to 2022-10-27T11:16:00+00:00, run_after=2022-10-27T11:17:00+00:00
[2022-10-27 11:17:39,099] {processor.py:161} INFO - Processing /home/airflow/.local/lib/python3.7/site-packages/airflow/example_dags/example_branch_python_dop_operator_3.py took 0.308 seconds
[2022-10-27 11:18:09,850] {processor.py:153} INFO - Started process (PID=6856) to work on /home/airflow/.local/lib/python3.7/site-packages/airflow/example_dags/example_branch_python_dop_operator_3.py
[2022-10-27 11:18:09,852] {processor.py:641} INFO - Processing file /home/airflow/.local/lib/python3.7/site-packages/airflow/example_dags/example_branch_python_dop_operator_3.py for tasks to queue
[2022-10-27 11:18:09,855] {logging_mixin.py:115} INFO - [2022-10-27 11:18:09,854] {dagbag.py:507} INFO - Filling up the DagBag from /home/airflow/.local/lib/python3.7/site-packages/airflow/example_dags/example_branch_python_dop_operator_3.py
[2022-10-27 11:18:09,908] {processor.py:651} INFO - DAG(s) dict_keys(['example_branch_dop_operator_v3']) retrieved from /home/airflow/.local/lib/python3.7/site-packages/airflow/example_dags/example_branch_python_dop_operator_3.py
[2022-10-27 11:18:10,024] {logging_mixin.py:115} INFO - [2022-10-27 11:18:10,023] {dag.py:2371} INFO - Sync 1 DAGs
[2022-10-27 11:18:10,157] {logging_mixin.py:115} INFO - [2022-10-27 11:18:10,157] {dag.py:2919} INFO - Setting next_dagrun for example_branch_dop_operator_v3 to 2022-10-27T11:17:00+00:00, run_after=2022-10-27T11:18:00+00:00
[2022-10-27 11:18:10,220] {processor.py:161} INFO - Processing /home/airflow/.local/lib/python3.7/site-packages/airflow/example_dags/example_branch_python_dop_operator_3.py took 0.389 seconds
[2022-10-27 11:18:40,378] {processor.py:153} INFO - Started process (PID=6909) to work on /home/airflow/.local/lib/python3.7/site-packages/airflow/example_dags/example_branch_python_dop_operator_3.py
[2022-10-27 11:18:40,380] {processor.py:641} INFO - Processing file /home/airflow/.local/lib/python3.7/site-packages/airflow/example_dags/example_branch_python_dop_operator_3.py for tasks to queue
[2022-10-27 11:18:40,381] {logging_mixin.py:115} INFO - [2022-10-27 11:18:40,381] {dagbag.py:507} INFO - Filling up the DagBag from /home/airflow/.local/lib/python3.7/site-packages/airflow/example_dags/example_branch_python_dop_operator_3.py
[2022-10-27 11:18:40,406] {processor.py:651} INFO - DAG(s) dict_keys(['example_branch_dop_operator_v3']) retrieved from /home/airflow/.local/lib/python3.7/site-packages/airflow/example_dags/example_branch_python_dop_operator_3.py
[2022-10-27 11:18:40,472] {logging_mixin.py:115} INFO - [2022-10-27 11:18:40,472] {dag.py:2371} INFO - Sync 1 DAGs
[2022-10-27 11:18:40,551] {logging_mixin.py:115} INFO - [2022-10-27 11:18:40,551] {dag.py:2919} INFO - Setting next_dagrun for example_branch_dop_operator_v3 to 2022-10-27T11:17:00+00:00, run_after=2022-10-27T11:18:00+00:00
[2022-10-27 11:18:40,585] {processor.py:161} INFO - Processing /home/airflow/.local/lib/python3.7/site-packages/airflow/example_dags/example_branch_python_dop_operator_3.py took 0.216 seconds
[2022-10-27 11:19:10,660] {processor.py:153} INFO - Started process (PID=6962) to work on /home/airflow/.local/lib/python3.7/site-packages/airflow/example_dags/example_branch_python_dop_operator_3.py
[2022-10-27 11:19:10,661] {processor.py:641} INFO - Processing file /home/airflow/.local/lib/python3.7/site-packages/airflow/example_dags/example_branch_python_dop_operator_3.py for tasks to queue
[2022-10-27 11:19:10,662] {logging_mixin.py:115} INFO - [2022-10-27 11:19:10,662] {dagbag.py:507} INFO - Filling up the DagBag from /home/airflow/.local/lib/python3.7/site-packages/airflow/example_dags/example_branch_python_dop_operator_3.py
[2022-10-27 11:19:10,692] {processor.py:651} INFO - DAG(s) dict_keys(['example_branch_dop_operator_v3']) retrieved from /home/airflow/.local/lib/python3.7/site-packages/airflow/example_dags/example_branch_python_dop_operator_3.py
[2022-10-27 11:19:10,747] {logging_mixin.py:115} INFO - [2022-10-27 11:19:10,746] {dag.py:2371} INFO - Sync 1 DAGs
[2022-10-27 11:19:10,819] {logging_mixin.py:115} INFO - [2022-10-27 11:19:10,818] {dag.py:2919} INFO - Setting next_dagrun for example_branch_dop_operator_v3 to 2022-10-27T11:18:00+00:00, run_after=2022-10-27T11:19:00+00:00
[2022-10-27 11:19:10,851] {processor.py:161} INFO - Processing /home/airflow/.local/lib/python3.7/site-packages/airflow/example_dags/example_branch_python_dop_operator_3.py took 0.201 seconds
[2022-10-27 11:19:41,281] {processor.py:153} INFO - Started process (PID=7016) to work on /home/airflow/.local/lib/python3.7/site-packages/airflow/example_dags/example_branch_python_dop_operator_3.py
[2022-10-27 11:19:41,282] {processor.py:641} INFO - Processing file /home/airflow/.local/lib/python3.7/site-packages/airflow/example_dags/example_branch_python_dop_operator_3.py for tasks to queue
[2022-10-27 11:19:41,284] {logging_mixin.py:115} INFO - [2022-10-27 11:19:41,284] {dagbag.py:507} INFO - Filling up the DagBag from /home/airflow/.local/lib/python3.7/site-packages/airflow/example_dags/example_branch_python_dop_operator_3.py
[2022-10-27 11:19:41,305] {processor.py:651} INFO - DAG(s) dict_keys(['example_branch_dop_operator_v3']) retrieved from /home/airflow/.local/lib/python3.7/site-packages/airflow/example_dags/example_branch_python_dop_operator_3.py
[2022-10-27 11:19:41,372] {logging_mixin.py:115} INFO - [2022-10-27 11:19:41,372] {dag.py:2371} INFO - Sync 1 DAGs
[2022-10-27 11:19:41,443] {logging_mixin.py:115} INFO - [2022-10-27 11:19:41,442] {dag.py:2919} INFO - Setting next_dagrun for example_branch_dop_operator_v3 to 2022-10-27T11:18:00+00:00, run_after=2022-10-27T11:19:00+00:00
[2022-10-27 11:19:41,480] {processor.py:161} INFO - Processing /home/airflow/.local/lib/python3.7/site-packages/airflow/example_dags/example_branch_python_dop_operator_3.py took 0.204 seconds
[2022-10-27 11:20:11,643] {processor.py:153} INFO - Started process (PID=7069) to work on /home/airflow/.local/lib/python3.7/site-packages/airflow/example_dags/example_branch_python_dop_operator_3.py
[2022-10-27 11:20:11,644] {processor.py:641} INFO - Processing file /home/airflow/.local/lib/python3.7/site-packages/airflow/example_dags/example_branch_python_dop_operator_3.py for tasks to queue
[2022-10-27 11:20:11,645] {logging_mixin.py:115} INFO - [2022-10-27 11:20:11,645] {dagbag.py:507} INFO - Filling up the DagBag from /home/airflow/.local/lib/python3.7/site-packages/airflow/example_dags/example_branch_python_dop_operator_3.py
[2022-10-27 11:20:11,663] {processor.py:651} INFO - DAG(s) dict_keys(['example_branch_dop_operator_v3']) retrieved from /home/airflow/.local/lib/python3.7/site-packages/airflow/example_dags/example_branch_python_dop_operator_3.py
[2022-10-27 11:20:11,704] {logging_mixin.py:115} INFO - [2022-10-27 11:20:11,704] {dag.py:2371} INFO - Sync 1 DAGs
[2022-10-27 11:20:11,761] {logging_mixin.py:115} INFO - [2022-10-27 11:20:11,761] {dag.py:2919} INFO - Setting next_dagrun for example_branch_dop_operator_v3 to 2022-10-27T11:19:00+00:00, run_after=2022-10-27T11:20:00+00:00
[2022-10-27 11:20:11,782] {processor.py:161} INFO - Processing /home/airflow/.local/lib/python3.7/site-packages/airflow/example_dags/example_branch_python_dop_operator_3.py took 0.146 seconds
[2022-10-27 11:20:42,466] {processor.py:153} INFO - Started process (PID=7124) to work on /home/airflow/.local/lib/python3.7/site-packages/airflow/example_dags/example_branch_python_dop_operator_3.py
[2022-10-27 11:20:42,468] {processor.py:641} INFO - Processing file /home/airflow/.local/lib/python3.7/site-packages/airflow/example_dags/example_branch_python_dop_operator_3.py for tasks to queue
[2022-10-27 11:20:42,472] {logging_mixin.py:115} INFO - [2022-10-27 11:20:42,472] {dagbag.py:507} INFO - Filling up the DagBag from /home/airflow/.local/lib/python3.7/site-packages/airflow/example_dags/example_branch_python_dop_operator_3.py
[2022-10-27 11:20:42,498] {processor.py:651} INFO - DAG(s) dict_keys(['example_branch_dop_operator_v3']) retrieved from /home/airflow/.local/lib/python3.7/site-packages/airflow/example_dags/example_branch_python_dop_operator_3.py
[2022-10-27 11:20:42,566] {logging_mixin.py:115} INFO - [2022-10-27 11:20:42,566] {dag.py:2371} INFO - Sync 1 DAGs
[2022-10-27 11:20:42,635] {logging_mixin.py:115} INFO - [2022-10-27 11:20:42,635] {dag.py:2919} INFO - Setting next_dagrun for example_branch_dop_operator_v3 to 2022-10-27T11:19:00+00:00, run_after=2022-10-27T11:20:00+00:00
[2022-10-27 11:20:42,664] {processor.py:161} INFO - Processing /home/airflow/.local/lib/python3.7/site-packages/airflow/example_dags/example_branch_python_dop_operator_3.py took 0.207 seconds
[2022-10-27 11:21:13,777] {processor.py:153} INFO - Started process (PID=7177) to work on /home/airflow/.local/lib/python3.7/site-packages/airflow/example_dags/example_branch_python_dop_operator_3.py
[2022-10-27 11:21:13,778] {processor.py:641} INFO - Processing file /home/airflow/.local/lib/python3.7/site-packages/airflow/example_dags/example_branch_python_dop_operator_3.py for tasks to queue
[2022-10-27 11:21:13,780] {logging_mixin.py:115} INFO - [2022-10-27 11:21:13,780] {dagbag.py:507} INFO - Filling up the DagBag from /home/airflow/.local/lib/python3.7/site-packages/airflow/example_dags/example_branch_python_dop_operator_3.py
[2022-10-27 11:21:13,806] {processor.py:651} INFO - DAG(s) dict_keys(['example_branch_dop_operator_v3']) retrieved from /home/airflow/.local/lib/python3.7/site-packages/airflow/example_dags/example_branch_python_dop_operator_3.py
[2022-10-27 11:21:13,864] {logging_mixin.py:115} INFO - [2022-10-27 11:21:13,864] {dag.py:2371} INFO - Sync 1 DAGs
[2022-10-27 11:21:13,940] {logging_mixin.py:115} INFO - [2022-10-27 11:21:13,940] {dag.py:2919} INFO - Setting next_dagrun for example_branch_dop_operator_v3 to 2022-10-27T11:20:00+00:00, run_after=2022-10-27T11:21:00+00:00
[2022-10-27 11:21:13,969] {processor.py:161} INFO - Processing /home/airflow/.local/lib/python3.7/site-packages/airflow/example_dags/example_branch_python_dop_operator_3.py took 0.202 seconds
[2022-10-27 11:21:44,291] {processor.py:153} INFO - Started process (PID=7240) to work on /home/airflow/.local/lib/python3.7/site-packages/airflow/example_dags/example_branch_python_dop_operator_3.py
[2022-10-27 11:21:44,293] {processor.py:641} INFO - Processing file /home/airflow/.local/lib/python3.7/site-packages/airflow/example_dags/example_branch_python_dop_operator_3.py for tasks to queue
[2022-10-27 11:21:44,295] {logging_mixin.py:115} INFO - [2022-10-27 11:21:44,294] {dagbag.py:507} INFO - Filling up the DagBag from /home/airflow/.local/lib/python3.7/site-packages/airflow/example_dags/example_branch_python_dop_operator_3.py
[2022-10-27 11:21:44,333] {processor.py:651} INFO - DAG(s) dict_keys(['example_branch_dop_operator_v3']) retrieved from /home/airflow/.local/lib/python3.7/site-packages/airflow/example_dags/example_branch_python_dop_operator_3.py
[2022-10-27 11:21:44,412] {logging_mixin.py:115} INFO - [2022-10-27 11:21:44,412] {dag.py:2371} INFO - Sync 1 DAGs
[2022-10-27 11:21:44,508] {logging_mixin.py:115} INFO - [2022-10-27 11:21:44,508] {dag.py:2919} INFO - Setting next_dagrun for example_branch_dop_operator_v3 to 2022-10-27T11:20:00+00:00, run_after=2022-10-27T11:21:00+00:00
[2022-10-27 11:21:44,553] {processor.py:161} INFO - Processing /home/airflow/.local/lib/python3.7/site-packages/airflow/example_dags/example_branch_python_dop_operator_3.py took 0.274 seconds
[2022-10-27 11:22:15,393] {processor.py:153} INFO - Started process (PID=7293) to work on /home/airflow/.local/lib/python3.7/site-packages/airflow/example_dags/example_branch_python_dop_operator_3.py
[2022-10-27 11:22:15,395] {processor.py:641} INFO - Processing file /home/airflow/.local/lib/python3.7/site-packages/airflow/example_dags/example_branch_python_dop_operator_3.py for tasks to queue
[2022-10-27 11:22:15,410] {logging_mixin.py:115} INFO - [2022-10-27 11:22:15,409] {dagbag.py:507} INFO - Filling up the DagBag from /home/airflow/.local/lib/python3.7/site-packages/airflow/example_dags/example_branch_python_dop_operator_3.py
[2022-10-27 11:22:15,486] {processor.py:651} INFO - DAG(s) dict_keys(['example_branch_dop_operator_v3']) retrieved from /home/airflow/.local/lib/python3.7/site-packages/airflow/example_dags/example_branch_python_dop_operator_3.py
[2022-10-27 11:22:15,594] {logging_mixin.py:115} INFO - [2022-10-27 11:22:15,592] {dag.py:2371} INFO - Sync 1 DAGs
[2022-10-27 11:22:15,730] {logging_mixin.py:115} INFO - [2022-10-27 11:22:15,730] {dag.py:2919} INFO - Setting next_dagrun for example_branch_dop_operator_v3 to 2022-10-27T11:21:00+00:00, run_after=2022-10-27T11:22:00+00:00
[2022-10-27 11:22:15,790] {processor.py:161} INFO - Processing /home/airflow/.local/lib/python3.7/site-packages/airflow/example_dags/example_branch_python_dop_operator_3.py took 0.423 seconds
[2022-10-27 11:22:46,150] {processor.py:153} INFO - Started process (PID=7348) to work on /home/airflow/.local/lib/python3.7/site-packages/airflow/example_dags/example_branch_python_dop_operator_3.py
[2022-10-27 11:22:46,163] {processor.py:641} INFO - Processing file /home/airflow/.local/lib/python3.7/site-packages/airflow/example_dags/example_branch_python_dop_operator_3.py for tasks to queue
[2022-10-27 11:22:46,165] {logging_mixin.py:115} INFO - [2022-10-27 11:22:46,165] {dagbag.py:507} INFO - Filling up the DagBag from /home/airflow/.local/lib/python3.7/site-packages/airflow/example_dags/example_branch_python_dop_operator_3.py
[2022-10-27 11:22:46,204] {processor.py:651} INFO - DAG(s) dict_keys(['example_branch_dop_operator_v3']) retrieved from /home/airflow/.local/lib/python3.7/site-packages/airflow/example_dags/example_branch_python_dop_operator_3.py
[2022-10-27 11:22:46,285] {logging_mixin.py:115} INFO - [2022-10-27 11:22:46,285] {dag.py:2371} INFO - Sync 1 DAGs
[2022-10-27 11:22:46,383] {logging_mixin.py:115} INFO - [2022-10-27 11:22:46,382] {dag.py:2919} INFO - Setting next_dagrun for example_branch_dop_operator_v3 to 2022-10-27T11:21:00+00:00, run_after=2022-10-27T11:22:00+00:00
[2022-10-27 11:22:46,421] {processor.py:161} INFO - Processing /home/airflow/.local/lib/python3.7/site-packages/airflow/example_dags/example_branch_python_dop_operator_3.py took 0.296 seconds
[2022-10-27 11:23:16,775] {processor.py:153} INFO - Started process (PID=7400) to work on /home/airflow/.local/lib/python3.7/site-packages/airflow/example_dags/example_branch_python_dop_operator_3.py
[2022-10-27 11:23:16,776] {processor.py:641} INFO - Processing file /home/airflow/.local/lib/python3.7/site-packages/airflow/example_dags/example_branch_python_dop_operator_3.py for tasks to queue
[2022-10-27 11:23:16,778] {logging_mixin.py:115} INFO - [2022-10-27 11:23:16,778] {dagbag.py:507} INFO - Filling up the DagBag from /home/airflow/.local/lib/python3.7/site-packages/airflow/example_dags/example_branch_python_dop_operator_3.py
[2022-10-27 11:23:16,813] {processor.py:651} INFO - DAG(s) dict_keys(['example_branch_dop_operator_v3']) retrieved from /home/airflow/.local/lib/python3.7/site-packages/airflow/example_dags/example_branch_python_dop_operator_3.py
[2022-10-27 11:23:16,874] {logging_mixin.py:115} INFO - [2022-10-27 11:23:16,873] {dag.py:2371} INFO - Sync 1 DAGs
[2022-10-27 11:23:16,973] {logging_mixin.py:115} INFO - [2022-10-27 11:23:16,973] {dag.py:2919} INFO - Setting next_dagrun for example_branch_dop_operator_v3 to 2022-10-27T11:22:00+00:00, run_after=2022-10-27T11:23:00+00:00
[2022-10-27 11:23:17,002] {processor.py:161} INFO - Processing /home/airflow/.local/lib/python3.7/site-packages/airflow/example_dags/example_branch_python_dop_operator_3.py took 0.235 seconds
