[2022-10-27 11:02:11,700] {processor.py:153} INFO - Started process (PID=5263) to work on /home/airflow/.local/lib/python3.7/site-packages/airflow/example_dags/tutorial_etl_dag.py
[2022-10-27 11:02:11,716] {processor.py:641} INFO - Processing file /home/airflow/.local/lib/python3.7/site-packages/airflow/example_dags/tutorial_etl_dag.py for tasks to queue
[2022-10-27 11:02:11,720] {logging_mixin.py:115} INFO - [2022-10-27 11:02:11,720] {dagbag.py:507} INFO - Filling up the DagBag from /home/airflow/.local/lib/python3.7/site-packages/airflow/example_dags/tutorial_etl_dag.py
[2022-10-27 11:02:11,838] {processor.py:651} INFO - DAG(s) dict_keys(['tutorial_etl_dag']) retrieved from /home/airflow/.local/lib/python3.7/site-packages/airflow/example_dags/tutorial_etl_dag.py
[2022-10-27 11:02:12,153] {logging_mixin.py:115} INFO - [2022-10-27 11:02:12,153] {dag.py:2371} INFO - Sync 1 DAGs
[2022-10-27 11:02:12,402] {logging_mixin.py:115} INFO - [2022-10-27 11:02:12,402] {dag.py:2919} INFO - Setting next_dagrun for tutorial_etl_dag to None, run_after=None
[2022-10-27 11:02:12,531] {processor.py:161} INFO - Processing /home/airflow/.local/lib/python3.7/site-packages/airflow/example_dags/tutorial_etl_dag.py took 0.897 seconds
[2022-10-27 11:02:43,335] {processor.py:153} INFO - Started process (PID=5316) to work on /home/airflow/.local/lib/python3.7/site-packages/airflow/example_dags/tutorial_etl_dag.py
[2022-10-27 11:02:43,366] {processor.py:641} INFO - Processing file /home/airflow/.local/lib/python3.7/site-packages/airflow/example_dags/tutorial_etl_dag.py for tasks to queue
[2022-10-27 11:02:43,382] {logging_mixin.py:115} INFO - [2022-10-27 11:02:43,382] {dagbag.py:507} INFO - Filling up the DagBag from /home/airflow/.local/lib/python3.7/site-packages/airflow/example_dags/tutorial_etl_dag.py
[2022-10-27 11:02:43,495] {processor.py:651} INFO - DAG(s) dict_keys(['tutorial_etl_dag']) retrieved from /home/airflow/.local/lib/python3.7/site-packages/airflow/example_dags/tutorial_etl_dag.py
[2022-10-27 11:02:43,843] {logging_mixin.py:115} INFO - [2022-10-27 11:02:43,843] {dag.py:2371} INFO - Sync 1 DAGs
[2022-10-27 11:02:44,046] {logging_mixin.py:115} INFO - [2022-10-27 11:02:44,045] {dag.py:2919} INFO - Setting next_dagrun for tutorial_etl_dag to None, run_after=None
[2022-10-27 11:02:44,124] {processor.py:161} INFO - Processing /home/airflow/.local/lib/python3.7/site-packages/airflow/example_dags/tutorial_etl_dag.py took 0.894 seconds
[2022-10-27 11:03:14,405] {processor.py:153} INFO - Started process (PID=5362) to work on /home/airflow/.local/lib/python3.7/site-packages/airflow/example_dags/tutorial_etl_dag.py
[2022-10-27 11:03:14,406] {processor.py:641} INFO - Processing file /home/airflow/.local/lib/python3.7/site-packages/airflow/example_dags/tutorial_etl_dag.py for tasks to queue
[2022-10-27 11:03:14,408] {logging_mixin.py:115} INFO - [2022-10-27 11:03:14,408] {dagbag.py:507} INFO - Filling up the DagBag from /home/airflow/.local/lib/python3.7/site-packages/airflow/example_dags/tutorial_etl_dag.py
[2022-10-27 11:03:14,422] {processor.py:651} INFO - DAG(s) dict_keys(['tutorial_etl_dag']) retrieved from /home/airflow/.local/lib/python3.7/site-packages/airflow/example_dags/tutorial_etl_dag.py
[2022-10-27 11:03:14,492] {logging_mixin.py:115} INFO - [2022-10-27 11:03:14,492] {dag.py:2371} INFO - Sync 1 DAGs
[2022-10-27 11:03:14,587] {logging_mixin.py:115} INFO - [2022-10-27 11:03:14,587] {dag.py:2919} INFO - Setting next_dagrun for tutorial_etl_dag to None, run_after=None
[2022-10-27 11:03:14,629] {processor.py:161} INFO - Processing /home/airflow/.local/lib/python3.7/site-packages/airflow/example_dags/tutorial_etl_dag.py took 0.230 seconds
[2022-10-27 11:03:45,142] {processor.py:153} INFO - Started process (PID=5424) to work on /home/airflow/.local/lib/python3.7/site-packages/airflow/example_dags/tutorial_etl_dag.py
[2022-10-27 11:03:45,143] {processor.py:641} INFO - Processing file /home/airflow/.local/lib/python3.7/site-packages/airflow/example_dags/tutorial_etl_dag.py for tasks to queue
[2022-10-27 11:03:45,153] {logging_mixin.py:115} INFO - [2022-10-27 11:03:45,153] {dagbag.py:507} INFO - Filling up the DagBag from /home/airflow/.local/lib/python3.7/site-packages/airflow/example_dags/tutorial_etl_dag.py
[2022-10-27 11:03:45,179] {processor.py:651} INFO - DAG(s) dict_keys(['tutorial_etl_dag']) retrieved from /home/airflow/.local/lib/python3.7/site-packages/airflow/example_dags/tutorial_etl_dag.py
[2022-10-27 11:03:45,300] {logging_mixin.py:115} INFO - [2022-10-27 11:03:45,300] {dag.py:2371} INFO - Sync 1 DAGs
[2022-10-27 11:03:45,368] {logging_mixin.py:115} INFO - [2022-10-27 11:03:45,368] {dag.py:2919} INFO - Setting next_dagrun for tutorial_etl_dag to None, run_after=None
[2022-10-27 11:03:45,396] {processor.py:161} INFO - Processing /home/airflow/.local/lib/python3.7/site-packages/airflow/example_dags/tutorial_etl_dag.py took 0.261 seconds
[2022-10-27 11:04:15,859] {processor.py:153} INFO - Started process (PID=5479) to work on /home/airflow/.local/lib/python3.7/site-packages/airflow/example_dags/tutorial_etl_dag.py
[2022-10-27 11:04:15,862] {processor.py:641} INFO - Processing file /home/airflow/.local/lib/python3.7/site-packages/airflow/example_dags/tutorial_etl_dag.py for tasks to queue
[2022-10-27 11:04:15,874] {logging_mixin.py:115} INFO - [2022-10-27 11:04:15,873] {dagbag.py:507} INFO - Filling up the DagBag from /home/airflow/.local/lib/python3.7/site-packages/airflow/example_dags/tutorial_etl_dag.py
[2022-10-27 11:04:15,925] {processor.py:651} INFO - DAG(s) dict_keys(['tutorial_etl_dag']) retrieved from /home/airflow/.local/lib/python3.7/site-packages/airflow/example_dags/tutorial_etl_dag.py
[2022-10-27 11:04:16,069] {logging_mixin.py:115} INFO - [2022-10-27 11:04:16,068] {dag.py:2371} INFO - Sync 1 DAGs
[2022-10-27 11:04:16,197] {logging_mixin.py:115} INFO - [2022-10-27 11:04:16,196] {dag.py:2919} INFO - Setting next_dagrun for tutorial_etl_dag to None, run_after=None
[2022-10-27 11:04:16,260] {processor.py:161} INFO - Processing /home/airflow/.local/lib/python3.7/site-packages/airflow/example_dags/tutorial_etl_dag.py took 0.413 seconds
[2022-10-27 11:04:46,441] {processor.py:153} INFO - Started process (PID=5522) to work on /home/airflow/.local/lib/python3.7/site-packages/airflow/example_dags/tutorial_etl_dag.py
[2022-10-27 11:04:46,442] {processor.py:641} INFO - Processing file /home/airflow/.local/lib/python3.7/site-packages/airflow/example_dags/tutorial_etl_dag.py for tasks to queue
[2022-10-27 11:04:46,449] {logging_mixin.py:115} INFO - [2022-10-27 11:04:46,448] {dagbag.py:507} INFO - Filling up the DagBag from /home/airflow/.local/lib/python3.7/site-packages/airflow/example_dags/tutorial_etl_dag.py
[2022-10-27 11:04:46,472] {processor.py:651} INFO - DAG(s) dict_keys(['tutorial_etl_dag']) retrieved from /home/airflow/.local/lib/python3.7/site-packages/airflow/example_dags/tutorial_etl_dag.py
[2022-10-27 11:04:46,535] {logging_mixin.py:115} INFO - [2022-10-27 11:04:46,534] {dag.py:2371} INFO - Sync 1 DAGs
[2022-10-27 11:04:46,611] {logging_mixin.py:115} INFO - [2022-10-27 11:04:46,610] {dag.py:2919} INFO - Setting next_dagrun for tutorial_etl_dag to None, run_after=None
[2022-10-27 11:04:46,647] {processor.py:161} INFO - Processing /home/airflow/.local/lib/python3.7/site-packages/airflow/example_dags/tutorial_etl_dag.py took 0.213 seconds
[2022-10-27 11:05:17,174] {processor.py:153} INFO - Started process (PID=5575) to work on /home/airflow/.local/lib/python3.7/site-packages/airflow/example_dags/tutorial_etl_dag.py
[2022-10-27 11:05:17,185] {processor.py:641} INFO - Processing file /home/airflow/.local/lib/python3.7/site-packages/airflow/example_dags/tutorial_etl_dag.py for tasks to queue
[2022-10-27 11:05:17,187] {logging_mixin.py:115} INFO - [2022-10-27 11:05:17,187] {dagbag.py:507} INFO - Filling up the DagBag from /home/airflow/.local/lib/python3.7/site-packages/airflow/example_dags/tutorial_etl_dag.py
[2022-10-27 11:05:17,230] {processor.py:651} INFO - DAG(s) dict_keys(['tutorial_etl_dag']) retrieved from /home/airflow/.local/lib/python3.7/site-packages/airflow/example_dags/tutorial_etl_dag.py
[2022-10-27 11:05:17,352] {logging_mixin.py:115} INFO - [2022-10-27 11:05:17,352] {dag.py:2371} INFO - Sync 1 DAGs
[2022-10-27 11:05:17,494] {logging_mixin.py:115} INFO - [2022-10-27 11:05:17,494] {dag.py:2919} INFO - Setting next_dagrun for tutorial_etl_dag to None, run_after=None
[2022-10-27 11:05:17,610] {processor.py:161} INFO - Processing /home/airflow/.local/lib/python3.7/site-packages/airflow/example_dags/tutorial_etl_dag.py took 0.443 seconds
[2022-10-27 11:05:48,420] {processor.py:153} INFO - Started process (PID=5628) to work on /home/airflow/.local/lib/python3.7/site-packages/airflow/example_dags/tutorial_etl_dag.py
[2022-10-27 11:05:48,425] {processor.py:641} INFO - Processing file /home/airflow/.local/lib/python3.7/site-packages/airflow/example_dags/tutorial_etl_dag.py for tasks to queue
[2022-10-27 11:05:48,427] {logging_mixin.py:115} INFO - [2022-10-27 11:05:48,427] {dagbag.py:507} INFO - Filling up the DagBag from /home/airflow/.local/lib/python3.7/site-packages/airflow/example_dags/tutorial_etl_dag.py
[2022-10-27 11:05:48,484] {processor.py:651} INFO - DAG(s) dict_keys(['tutorial_etl_dag']) retrieved from /home/airflow/.local/lib/python3.7/site-packages/airflow/example_dags/tutorial_etl_dag.py
[2022-10-27 11:05:48,740] {logging_mixin.py:115} INFO - [2022-10-27 11:05:48,739] {dag.py:2371} INFO - Sync 1 DAGs
[2022-10-27 11:05:48,867] {logging_mixin.py:115} INFO - [2022-10-27 11:05:48,867] {dag.py:2919} INFO - Setting next_dagrun for tutorial_etl_dag to None, run_after=None
[2022-10-27 11:05:48,979] {processor.py:161} INFO - Processing /home/airflow/.local/lib/python3.7/site-packages/airflow/example_dags/tutorial_etl_dag.py took 0.605 seconds
[2022-10-27 11:06:19,790] {processor.py:153} INFO - Started process (PID=5672) to work on /home/airflow/.local/lib/python3.7/site-packages/airflow/example_dags/tutorial_etl_dag.py
[2022-10-27 11:06:19,794] {processor.py:641} INFO - Processing file /home/airflow/.local/lib/python3.7/site-packages/airflow/example_dags/tutorial_etl_dag.py for tasks to queue
[2022-10-27 11:06:19,796] {logging_mixin.py:115} INFO - [2022-10-27 11:06:19,796] {dagbag.py:507} INFO - Filling up the DagBag from /home/airflow/.local/lib/python3.7/site-packages/airflow/example_dags/tutorial_etl_dag.py
[2022-10-27 11:06:19,841] {processor.py:651} INFO - DAG(s) dict_keys(['tutorial_etl_dag']) retrieved from /home/airflow/.local/lib/python3.7/site-packages/airflow/example_dags/tutorial_etl_dag.py
[2022-10-27 11:06:19,987] {logging_mixin.py:115} INFO - [2022-10-27 11:06:19,986] {dag.py:2371} INFO - Sync 1 DAGs
[2022-10-27 11:06:20,136] {logging_mixin.py:115} INFO - [2022-10-27 11:06:20,136] {dag.py:2919} INFO - Setting next_dagrun for tutorial_etl_dag to None, run_after=None
[2022-10-27 11:06:20,212] {processor.py:161} INFO - Processing /home/airflow/.local/lib/python3.7/site-packages/airflow/example_dags/tutorial_etl_dag.py took 0.429 seconds
[2022-10-27 11:06:51,474] {processor.py:153} INFO - Started process (PID=5726) to work on /home/airflow/.local/lib/python3.7/site-packages/airflow/example_dags/tutorial_etl_dag.py
[2022-10-27 11:06:51,487] {processor.py:641} INFO - Processing file /home/airflow/.local/lib/python3.7/site-packages/airflow/example_dags/tutorial_etl_dag.py for tasks to queue
[2022-10-27 11:06:51,514] {logging_mixin.py:115} INFO - [2022-10-27 11:06:51,514] {dagbag.py:507} INFO - Filling up the DagBag from /home/airflow/.local/lib/python3.7/site-packages/airflow/example_dags/tutorial_etl_dag.py
[2022-10-27 11:06:51,570] {processor.py:651} INFO - DAG(s) dict_keys(['tutorial_etl_dag']) retrieved from /home/airflow/.local/lib/python3.7/site-packages/airflow/example_dags/tutorial_etl_dag.py
[2022-10-27 11:06:51,776] {logging_mixin.py:115} INFO - [2022-10-27 11:06:51,776] {dag.py:2371} INFO - Sync 1 DAGs
[2022-10-27 11:06:52,163] {logging_mixin.py:115} INFO - [2022-10-27 11:06:52,163] {dag.py:2919} INFO - Setting next_dagrun for tutorial_etl_dag to None, run_after=None
[2022-10-27 11:06:52,322] {processor.py:161} INFO - Processing /home/airflow/.local/lib/python3.7/site-packages/airflow/example_dags/tutorial_etl_dag.py took 0.875 seconds
[2022-10-27 11:07:22,777] {processor.py:153} INFO - Started process (PID=5778) to work on /home/airflow/.local/lib/python3.7/site-packages/airflow/example_dags/tutorial_etl_dag.py
[2022-10-27 11:07:22,782] {processor.py:641} INFO - Processing file /home/airflow/.local/lib/python3.7/site-packages/airflow/example_dags/tutorial_etl_dag.py for tasks to queue
[2022-10-27 11:07:22,794] {logging_mixin.py:115} INFO - [2022-10-27 11:07:22,786] {dagbag.py:507} INFO - Filling up the DagBag from /home/airflow/.local/lib/python3.7/site-packages/airflow/example_dags/tutorial_etl_dag.py
[2022-10-27 11:07:22,828] {processor.py:651} INFO - DAG(s) dict_keys(['tutorial_etl_dag']) retrieved from /home/airflow/.local/lib/python3.7/site-packages/airflow/example_dags/tutorial_etl_dag.py
[2022-10-27 11:07:22,912] {logging_mixin.py:115} INFO - [2022-10-27 11:07:22,912] {dag.py:2371} INFO - Sync 1 DAGs
[2022-10-27 11:07:23,011] {logging_mixin.py:115} INFO - [2022-10-27 11:07:23,010] {dag.py:2919} INFO - Setting next_dagrun for tutorial_etl_dag to None, run_after=None
[2022-10-27 11:07:23,084] {processor.py:161} INFO - Processing /home/airflow/.local/lib/python3.7/site-packages/airflow/example_dags/tutorial_etl_dag.py took 0.334 seconds
[2022-10-27 11:07:54,239] {processor.py:153} INFO - Started process (PID=5833) to work on /home/airflow/.local/lib/python3.7/site-packages/airflow/example_dags/tutorial_etl_dag.py
[2022-10-27 11:07:54,257] {processor.py:641} INFO - Processing file /home/airflow/.local/lib/python3.7/site-packages/airflow/example_dags/tutorial_etl_dag.py for tasks to queue
[2022-10-27 11:07:54,260] {logging_mixin.py:115} INFO - [2022-10-27 11:07:54,259] {dagbag.py:507} INFO - Filling up the DagBag from /home/airflow/.local/lib/python3.7/site-packages/airflow/example_dags/tutorial_etl_dag.py
[2022-10-27 11:07:54,297] {processor.py:651} INFO - DAG(s) dict_keys(['tutorial_etl_dag']) retrieved from /home/airflow/.local/lib/python3.7/site-packages/airflow/example_dags/tutorial_etl_dag.py
[2022-10-27 11:07:54,399] {logging_mixin.py:115} INFO - [2022-10-27 11:07:54,398] {dag.py:2371} INFO - Sync 1 DAGs
[2022-10-27 11:07:54,479] {logging_mixin.py:115} INFO - [2022-10-27 11:07:54,479] {dag.py:2919} INFO - Setting next_dagrun for tutorial_etl_dag to None, run_after=None
[2022-10-27 11:07:54,519] {processor.py:161} INFO - Processing /home/airflow/.local/lib/python3.7/site-packages/airflow/example_dags/tutorial_etl_dag.py took 0.325 seconds
[2022-10-27 11:08:25,079] {processor.py:153} INFO - Started process (PID=5886) to work on /home/airflow/.local/lib/python3.7/site-packages/airflow/example_dags/tutorial_etl_dag.py
[2022-10-27 11:08:25,081] {processor.py:641} INFO - Processing file /home/airflow/.local/lib/python3.7/site-packages/airflow/example_dags/tutorial_etl_dag.py for tasks to queue
[2022-10-27 11:08:25,087] {logging_mixin.py:115} INFO - [2022-10-27 11:08:25,086] {dagbag.py:507} INFO - Filling up the DagBag from /home/airflow/.local/lib/python3.7/site-packages/airflow/example_dags/tutorial_etl_dag.py
[2022-10-27 11:08:25,146] {processor.py:651} INFO - DAG(s) dict_keys(['tutorial_etl_dag']) retrieved from /home/airflow/.local/lib/python3.7/site-packages/airflow/example_dags/tutorial_etl_dag.py
[2022-10-27 11:08:25,421] {logging_mixin.py:115} INFO - [2022-10-27 11:08:25,421] {dag.py:2371} INFO - Sync 1 DAGs
[2022-10-27 11:08:25,727] {logging_mixin.py:115} INFO - [2022-10-27 11:08:25,727] {dag.py:2919} INFO - Setting next_dagrun for tutorial_etl_dag to None, run_after=None
[2022-10-27 11:08:26,059] {processor.py:161} INFO - Processing /home/airflow/.local/lib/python3.7/site-packages/airflow/example_dags/tutorial_etl_dag.py took 1.000 seconds
[2022-10-27 11:08:57,603] {processor.py:153} INFO - Started process (PID=5932) to work on /home/airflow/.local/lib/python3.7/site-packages/airflow/example_dags/tutorial_etl_dag.py
[2022-10-27 11:08:57,652] {processor.py:641} INFO - Processing file /home/airflow/.local/lib/python3.7/site-packages/airflow/example_dags/tutorial_etl_dag.py for tasks to queue
[2022-10-27 11:08:57,693] {logging_mixin.py:115} INFO - [2022-10-27 11:08:57,692] {dagbag.py:507} INFO - Filling up the DagBag from /home/airflow/.local/lib/python3.7/site-packages/airflow/example_dags/tutorial_etl_dag.py
[2022-10-27 11:08:57,805] {processor.py:651} INFO - DAG(s) dict_keys(['tutorial_etl_dag']) retrieved from /home/airflow/.local/lib/python3.7/site-packages/airflow/example_dags/tutorial_etl_dag.py
[2022-10-27 11:08:58,043] {logging_mixin.py:115} INFO - [2022-10-27 11:08:58,042] {dag.py:2371} INFO - Sync 1 DAGs
[2022-10-27 11:08:58,226] {logging_mixin.py:115} INFO - [2022-10-27 11:08:58,226] {dag.py:2919} INFO - Setting next_dagrun for tutorial_etl_dag to None, run_after=None
[2022-10-27 11:08:58,317] {processor.py:161} INFO - Processing /home/airflow/.local/lib/python3.7/site-packages/airflow/example_dags/tutorial_etl_dag.py took 0.750 seconds
[2022-10-27 11:09:32,304] {processor.py:153} INFO - Started process (PID=5986) to work on /home/airflow/.local/lib/python3.7/site-packages/airflow/example_dags/tutorial_etl_dag.py
[2022-10-27 11:09:32,318] {processor.py:641} INFO - Processing file /home/airflow/.local/lib/python3.7/site-packages/airflow/example_dags/tutorial_etl_dag.py for tasks to queue
[2022-10-27 11:09:32,334] {logging_mixin.py:115} INFO - [2022-10-27 11:09:32,334] {dagbag.py:507} INFO - Filling up the DagBag from /home/airflow/.local/lib/python3.7/site-packages/airflow/example_dags/tutorial_etl_dag.py
[2022-10-27 11:09:32,519] {processor.py:651} INFO - DAG(s) dict_keys(['tutorial_etl_dag']) retrieved from /home/airflow/.local/lib/python3.7/site-packages/airflow/example_dags/tutorial_etl_dag.py
[2022-10-27 11:09:32,857] {logging_mixin.py:115} INFO - [2022-10-27 11:09:32,856] {dag.py:2371} INFO - Sync 1 DAGs
[2022-10-27 11:09:33,111] {logging_mixin.py:115} INFO - [2022-10-27 11:09:33,111] {dag.py:2919} INFO - Setting next_dagrun for tutorial_etl_dag to None, run_after=None
[2022-10-27 11:09:33,399] {processor.py:161} INFO - Processing /home/airflow/.local/lib/python3.7/site-packages/airflow/example_dags/tutorial_etl_dag.py took 1.222 seconds
[2022-10-27 11:10:04,236] {processor.py:153} INFO - Started process (PID=6041) to work on /home/airflow/.local/lib/python3.7/site-packages/airflow/example_dags/tutorial_etl_dag.py
[2022-10-27 11:10:04,238] {processor.py:641} INFO - Processing file /home/airflow/.local/lib/python3.7/site-packages/airflow/example_dags/tutorial_etl_dag.py for tasks to queue
[2022-10-27 11:10:04,239] {logging_mixin.py:115} INFO - [2022-10-27 11:10:04,239] {dagbag.py:507} INFO - Filling up the DagBag from /home/airflow/.local/lib/python3.7/site-packages/airflow/example_dags/tutorial_etl_dag.py
[2022-10-27 11:10:04,256] {processor.py:651} INFO - DAG(s) dict_keys(['tutorial_etl_dag']) retrieved from /home/airflow/.local/lib/python3.7/site-packages/airflow/example_dags/tutorial_etl_dag.py
[2022-10-27 11:10:04,320] {logging_mixin.py:115} INFO - [2022-10-27 11:10:04,320] {dag.py:2371} INFO - Sync 1 DAGs
[2022-10-27 11:10:04,402] {logging_mixin.py:115} INFO - [2022-10-27 11:10:04,402] {dag.py:2919} INFO - Setting next_dagrun for tutorial_etl_dag to None, run_after=None
[2022-10-27 11:10:04,441] {processor.py:161} INFO - Processing /home/airflow/.local/lib/python3.7/site-packages/airflow/example_dags/tutorial_etl_dag.py took 0.211 seconds
[2022-10-27 11:10:34,981] {processor.py:153} INFO - Started process (PID=6093) to work on /home/airflow/.local/lib/python3.7/site-packages/airflow/example_dags/tutorial_etl_dag.py
[2022-10-27 11:10:34,985] {processor.py:641} INFO - Processing file /home/airflow/.local/lib/python3.7/site-packages/airflow/example_dags/tutorial_etl_dag.py for tasks to queue
[2022-10-27 11:10:34,988] {logging_mixin.py:115} INFO - [2022-10-27 11:10:34,988] {dagbag.py:507} INFO - Filling up the DagBag from /home/airflow/.local/lib/python3.7/site-packages/airflow/example_dags/tutorial_etl_dag.py
[2022-10-27 11:10:35,012] {processor.py:651} INFO - DAG(s) dict_keys(['tutorial_etl_dag']) retrieved from /home/airflow/.local/lib/python3.7/site-packages/airflow/example_dags/tutorial_etl_dag.py
[2022-10-27 11:10:35,093] {logging_mixin.py:115} INFO - [2022-10-27 11:10:35,093] {dag.py:2371} INFO - Sync 1 DAGs
[2022-10-27 11:10:35,216] {logging_mixin.py:115} INFO - [2022-10-27 11:10:35,215] {dag.py:2919} INFO - Setting next_dagrun for tutorial_etl_dag to None, run_after=None
[2022-10-27 11:10:35,288] {processor.py:161} INFO - Processing /home/airflow/.local/lib/python3.7/site-packages/airflow/example_dags/tutorial_etl_dag.py took 0.316 seconds
[2022-10-27 11:11:06,870] {processor.py:153} INFO - Started process (PID=6148) to work on /home/airflow/.local/lib/python3.7/site-packages/airflow/example_dags/tutorial_etl_dag.py
[2022-10-27 11:11:06,976] {processor.py:641} INFO - Processing file /home/airflow/.local/lib/python3.7/site-packages/airflow/example_dags/tutorial_etl_dag.py for tasks to queue
[2022-10-27 11:11:06,996] {logging_mixin.py:115} INFO - [2022-10-27 11:11:06,996] {dagbag.py:507} INFO - Filling up the DagBag from /home/airflow/.local/lib/python3.7/site-packages/airflow/example_dags/tutorial_etl_dag.py
[2022-10-27 11:11:07,098] {processor.py:651} INFO - DAG(s) dict_keys(['tutorial_etl_dag']) retrieved from /home/airflow/.local/lib/python3.7/site-packages/airflow/example_dags/tutorial_etl_dag.py
[2022-10-27 11:11:07,473] {logging_mixin.py:115} INFO - [2022-10-27 11:11:07,472] {dag.py:2371} INFO - Sync 1 DAGs
[2022-10-27 11:11:07,673] {logging_mixin.py:115} INFO - [2022-10-27 11:11:07,673] {dag.py:2919} INFO - Setting next_dagrun for tutorial_etl_dag to None, run_after=None
[2022-10-27 11:11:07,839] {processor.py:161} INFO - Processing /home/airflow/.local/lib/python3.7/site-packages/airflow/example_dags/tutorial_etl_dag.py took 0.991 seconds
[2022-10-27 11:11:40,188] {processor.py:153} INFO - Started process (PID=6193) to work on /home/airflow/.local/lib/python3.7/site-packages/airflow/example_dags/tutorial_etl_dag.py
[2022-10-27 11:11:40,201] {processor.py:641} INFO - Processing file /home/airflow/.local/lib/python3.7/site-packages/airflow/example_dags/tutorial_etl_dag.py for tasks to queue
[2022-10-27 11:11:40,223] {logging_mixin.py:115} INFO - [2022-10-27 11:11:40,222] {dagbag.py:507} INFO - Filling up the DagBag from /home/airflow/.local/lib/python3.7/site-packages/airflow/example_dags/tutorial_etl_dag.py
[2022-10-27 11:11:40,385] {processor.py:651} INFO - DAG(s) dict_keys(['tutorial_etl_dag']) retrieved from /home/airflow/.local/lib/python3.7/site-packages/airflow/example_dags/tutorial_etl_dag.py
[2022-10-27 11:11:40,927] {logging_mixin.py:115} INFO - [2022-10-27 11:11:40,927] {dag.py:2371} INFO - Sync 1 DAGs
[2022-10-27 11:11:41,185] {logging_mixin.py:115} INFO - [2022-10-27 11:11:41,185] {dag.py:2919} INFO - Setting next_dagrun for tutorial_etl_dag to None, run_after=None
[2022-10-27 11:11:41,391] {processor.py:161} INFO - Processing /home/airflow/.local/lib/python3.7/site-packages/airflow/example_dags/tutorial_etl_dag.py took 1.262 seconds
[2022-10-27 11:12:12,192] {processor.py:153} INFO - Started process (PID=6245) to work on /home/airflow/.local/lib/python3.7/site-packages/airflow/example_dags/tutorial_etl_dag.py
[2022-10-27 11:12:12,193] {processor.py:641} INFO - Processing file /home/airflow/.local/lib/python3.7/site-packages/airflow/example_dags/tutorial_etl_dag.py for tasks to queue
[2022-10-27 11:12:12,195] {logging_mixin.py:115} INFO - [2022-10-27 11:12:12,195] {dagbag.py:507} INFO - Filling up the DagBag from /home/airflow/.local/lib/python3.7/site-packages/airflow/example_dags/tutorial_etl_dag.py
[2022-10-27 11:12:12,212] {processor.py:651} INFO - DAG(s) dict_keys(['tutorial_etl_dag']) retrieved from /home/airflow/.local/lib/python3.7/site-packages/airflow/example_dags/tutorial_etl_dag.py
[2022-10-27 11:12:12,282] {logging_mixin.py:115} INFO - [2022-10-27 11:12:12,281] {dag.py:2371} INFO - Sync 1 DAGs
[2022-10-27 11:12:12,343] {logging_mixin.py:115} INFO - [2022-10-27 11:12:12,343] {dag.py:2919} INFO - Setting next_dagrun for tutorial_etl_dag to None, run_after=None
[2022-10-27 11:12:12,376] {processor.py:161} INFO - Processing /home/airflow/.local/lib/python3.7/site-packages/airflow/example_dags/tutorial_etl_dag.py took 0.190 seconds
[2022-10-27 11:12:42,627] {processor.py:153} INFO - Started process (PID=6297) to work on /home/airflow/.local/lib/python3.7/site-packages/airflow/example_dags/tutorial_etl_dag.py
[2022-10-27 11:12:42,629] {processor.py:641} INFO - Processing file /home/airflow/.local/lib/python3.7/site-packages/airflow/example_dags/tutorial_etl_dag.py for tasks to queue
[2022-10-27 11:12:42,631] {logging_mixin.py:115} INFO - [2022-10-27 11:12:42,630] {dagbag.py:507} INFO - Filling up the DagBag from /home/airflow/.local/lib/python3.7/site-packages/airflow/example_dags/tutorial_etl_dag.py
[2022-10-27 11:12:42,652] {processor.py:651} INFO - DAG(s) dict_keys(['tutorial_etl_dag']) retrieved from /home/airflow/.local/lib/python3.7/site-packages/airflow/example_dags/tutorial_etl_dag.py
[2022-10-27 11:12:42,707] {logging_mixin.py:115} INFO - [2022-10-27 11:12:42,707] {dag.py:2371} INFO - Sync 1 DAGs
[2022-10-27 11:12:42,756] {logging_mixin.py:115} INFO - [2022-10-27 11:12:42,756] {dag.py:2919} INFO - Setting next_dagrun for tutorial_etl_dag to None, run_after=None
[2022-10-27 11:12:42,784] {processor.py:161} INFO - Processing /home/airflow/.local/lib/python3.7/site-packages/airflow/example_dags/tutorial_etl_dag.py took 0.163 seconds
[2022-10-27 11:13:13,570] {processor.py:153} INFO - Started process (PID=6350) to work on /home/airflow/.local/lib/python3.7/site-packages/airflow/example_dags/tutorial_etl_dag.py
[2022-10-27 11:13:13,571] {processor.py:641} INFO - Processing file /home/airflow/.local/lib/python3.7/site-packages/airflow/example_dags/tutorial_etl_dag.py for tasks to queue
[2022-10-27 11:13:13,573] {logging_mixin.py:115} INFO - [2022-10-27 11:13:13,573] {dagbag.py:507} INFO - Filling up the DagBag from /home/airflow/.local/lib/python3.7/site-packages/airflow/example_dags/tutorial_etl_dag.py
[2022-10-27 11:13:13,611] {processor.py:651} INFO - DAG(s) dict_keys(['tutorial_etl_dag']) retrieved from /home/airflow/.local/lib/python3.7/site-packages/airflow/example_dags/tutorial_etl_dag.py
[2022-10-27 11:13:13,731] {logging_mixin.py:115} INFO - [2022-10-27 11:13:13,731] {dag.py:2371} INFO - Sync 1 DAGs
[2022-10-27 11:13:13,790] {logging_mixin.py:115} INFO - [2022-10-27 11:13:13,790] {dag.py:2919} INFO - Setting next_dagrun for tutorial_etl_dag to None, run_after=None
[2022-10-27 11:13:13,825] {processor.py:161} INFO - Processing /home/airflow/.local/lib/python3.7/site-packages/airflow/example_dags/tutorial_etl_dag.py took 0.269 seconds
[2022-10-27 11:13:44,696] {processor.py:153} INFO - Started process (PID=6404) to work on /home/airflow/.local/lib/python3.7/site-packages/airflow/example_dags/tutorial_etl_dag.py
[2022-10-27 11:13:44,698] {processor.py:641} INFO - Processing file /home/airflow/.local/lib/python3.7/site-packages/airflow/example_dags/tutorial_etl_dag.py for tasks to queue
[2022-10-27 11:13:44,709] {logging_mixin.py:115} INFO - [2022-10-27 11:13:44,708] {dagbag.py:507} INFO - Filling up the DagBag from /home/airflow/.local/lib/python3.7/site-packages/airflow/example_dags/tutorial_etl_dag.py
[2022-10-27 11:13:44,743] {processor.py:651} INFO - DAG(s) dict_keys(['tutorial_etl_dag']) retrieved from /home/airflow/.local/lib/python3.7/site-packages/airflow/example_dags/tutorial_etl_dag.py
[2022-10-27 11:13:44,848] {logging_mixin.py:115} INFO - [2022-10-27 11:13:44,847] {dag.py:2371} INFO - Sync 1 DAGs
[2022-10-27 11:13:44,956] {logging_mixin.py:115} INFO - [2022-10-27 11:13:44,955] {dag.py:2919} INFO - Setting next_dagrun for tutorial_etl_dag to None, run_after=None
[2022-10-27 11:13:45,063] {processor.py:161} INFO - Processing /home/airflow/.local/lib/python3.7/site-packages/airflow/example_dags/tutorial_etl_dag.py took 0.379 seconds
[2022-10-27 11:14:16,268] {processor.py:153} INFO - Started process (PID=6455) to work on /home/airflow/.local/lib/python3.7/site-packages/airflow/example_dags/tutorial_etl_dag.py
[2022-10-27 11:14:16,334] {processor.py:641} INFO - Processing file /home/airflow/.local/lib/python3.7/site-packages/airflow/example_dags/tutorial_etl_dag.py for tasks to queue
[2022-10-27 11:14:16,431] {logging_mixin.py:115} INFO - [2022-10-27 11:14:16,431] {dagbag.py:507} INFO - Filling up the DagBag from /home/airflow/.local/lib/python3.7/site-packages/airflow/example_dags/tutorial_etl_dag.py
[2022-10-27 11:14:16,606] {processor.py:651} INFO - DAG(s) dict_keys(['tutorial_etl_dag']) retrieved from /home/airflow/.local/lib/python3.7/site-packages/airflow/example_dags/tutorial_etl_dag.py
[2022-10-27 11:14:16,958] {logging_mixin.py:115} INFO - [2022-10-27 11:14:16,958] {dag.py:2371} INFO - Sync 1 DAGs
[2022-10-27 11:14:17,249] {logging_mixin.py:115} INFO - [2022-10-27 11:14:17,248] {dag.py:2919} INFO - Setting next_dagrun for tutorial_etl_dag to None, run_after=None
[2022-10-27 11:14:17,680] {processor.py:161} INFO - Processing /home/airflow/.local/lib/python3.7/site-packages/airflow/example_dags/tutorial_etl_dag.py took 1.430 seconds
[2022-10-27 11:14:48,043] {processor.py:153} INFO - Started process (PID=6501) to work on /home/airflow/.local/lib/python3.7/site-packages/airflow/example_dags/tutorial_etl_dag.py
[2022-10-27 11:14:48,044] {processor.py:641} INFO - Processing file /home/airflow/.local/lib/python3.7/site-packages/airflow/example_dags/tutorial_etl_dag.py for tasks to queue
[2022-10-27 11:14:48,045] {logging_mixin.py:115} INFO - [2022-10-27 11:14:48,045] {dagbag.py:507} INFO - Filling up the DagBag from /home/airflow/.local/lib/python3.7/site-packages/airflow/example_dags/tutorial_etl_dag.py
[2022-10-27 11:14:48,060] {processor.py:651} INFO - DAG(s) dict_keys(['tutorial_etl_dag']) retrieved from /home/airflow/.local/lib/python3.7/site-packages/airflow/example_dags/tutorial_etl_dag.py
[2022-10-27 11:14:48,113] {logging_mixin.py:115} INFO - [2022-10-27 11:14:48,113] {dag.py:2371} INFO - Sync 1 DAGs
[2022-10-27 11:14:48,181] {logging_mixin.py:115} INFO - [2022-10-27 11:14:48,181] {dag.py:2919} INFO - Setting next_dagrun for tutorial_etl_dag to None, run_after=None
[2022-10-27 11:14:48,227] {processor.py:161} INFO - Processing /home/airflow/.local/lib/python3.7/site-packages/airflow/example_dags/tutorial_etl_dag.py took 0.190 seconds
[2022-10-27 11:15:18,859] {processor.py:153} INFO - Started process (PID=6564) to work on /home/airflow/.local/lib/python3.7/site-packages/airflow/example_dags/tutorial_etl_dag.py
[2022-10-27 11:15:18,860] {processor.py:641} INFO - Processing file /home/airflow/.local/lib/python3.7/site-packages/airflow/example_dags/tutorial_etl_dag.py for tasks to queue
[2022-10-27 11:15:18,861] {logging_mixin.py:115} INFO - [2022-10-27 11:15:18,861] {dagbag.py:507} INFO - Filling up the DagBag from /home/airflow/.local/lib/python3.7/site-packages/airflow/example_dags/tutorial_etl_dag.py
[2022-10-27 11:15:18,892] {processor.py:651} INFO - DAG(s) dict_keys(['tutorial_etl_dag']) retrieved from /home/airflow/.local/lib/python3.7/site-packages/airflow/example_dags/tutorial_etl_dag.py
[2022-10-27 11:15:19,022] {logging_mixin.py:115} INFO - [2022-10-27 11:15:19,021] {dag.py:2371} INFO - Sync 1 DAGs
[2022-10-27 11:15:19,124] {logging_mixin.py:115} INFO - [2022-10-27 11:15:19,123] {dag.py:2919} INFO - Setting next_dagrun for tutorial_etl_dag to None, run_after=None
[2022-10-27 11:15:19,193] {processor.py:161} INFO - Processing /home/airflow/.local/lib/python3.7/site-packages/airflow/example_dags/tutorial_etl_dag.py took 0.344 seconds
[2022-10-27 11:15:49,412] {processor.py:153} INFO - Started process (PID=6615) to work on /home/airflow/.local/lib/python3.7/site-packages/airflow/example_dags/tutorial_etl_dag.py
[2022-10-27 11:15:49,415] {processor.py:641} INFO - Processing file /home/airflow/.local/lib/python3.7/site-packages/airflow/example_dags/tutorial_etl_dag.py for tasks to queue
[2022-10-27 11:15:49,417] {logging_mixin.py:115} INFO - [2022-10-27 11:15:49,417] {dagbag.py:507} INFO - Filling up the DagBag from /home/airflow/.local/lib/python3.7/site-packages/airflow/example_dags/tutorial_etl_dag.py
[2022-10-27 11:15:49,452] {processor.py:651} INFO - DAG(s) dict_keys(['tutorial_etl_dag']) retrieved from /home/airflow/.local/lib/python3.7/site-packages/airflow/example_dags/tutorial_etl_dag.py
[2022-10-27 11:15:49,591] {logging_mixin.py:115} INFO - [2022-10-27 11:15:49,591] {dag.py:2371} INFO - Sync 1 DAGs
[2022-10-27 11:15:49,672] {logging_mixin.py:115} INFO - [2022-10-27 11:15:49,671] {dag.py:2919} INFO - Setting next_dagrun for tutorial_etl_dag to None, run_after=None
[2022-10-27 11:15:49,720] {processor.py:161} INFO - Processing /home/airflow/.local/lib/python3.7/site-packages/airflow/example_dags/tutorial_etl_dag.py took 0.317 seconds
[2022-10-27 11:16:20,288] {processor.py:153} INFO - Started process (PID=6668) to work on /home/airflow/.local/lib/python3.7/site-packages/airflow/example_dags/tutorial_etl_dag.py
[2022-10-27 11:16:20,326] {processor.py:641} INFO - Processing file /home/airflow/.local/lib/python3.7/site-packages/airflow/example_dags/tutorial_etl_dag.py for tasks to queue
[2022-10-27 11:16:20,342] {logging_mixin.py:115} INFO - [2022-10-27 11:16:20,342] {dagbag.py:507} INFO - Filling up the DagBag from /home/airflow/.local/lib/python3.7/site-packages/airflow/example_dags/tutorial_etl_dag.py
[2022-10-27 11:16:20,403] {processor.py:651} INFO - DAG(s) dict_keys(['tutorial_etl_dag']) retrieved from /home/airflow/.local/lib/python3.7/site-packages/airflow/example_dags/tutorial_etl_dag.py
[2022-10-27 11:16:20,684] {logging_mixin.py:115} INFO - [2022-10-27 11:16:20,683] {dag.py:2371} INFO - Sync 1 DAGs
[2022-10-27 11:16:20,844] {logging_mixin.py:115} INFO - [2022-10-27 11:16:20,843] {dag.py:2919} INFO - Setting next_dagrun for tutorial_etl_dag to None, run_after=None
[2022-10-27 11:16:20,908] {processor.py:161} INFO - Processing /home/airflow/.local/lib/python3.7/site-packages/airflow/example_dags/tutorial_etl_dag.py took 0.654 seconds
[2022-10-27 11:16:51,236] {processor.py:153} INFO - Started process (PID=6722) to work on /home/airflow/.local/lib/python3.7/site-packages/airflow/example_dags/tutorial_etl_dag.py
[2022-10-27 11:16:51,240] {processor.py:641} INFO - Processing file /home/airflow/.local/lib/python3.7/site-packages/airflow/example_dags/tutorial_etl_dag.py for tasks to queue
[2022-10-27 11:16:51,244] {logging_mixin.py:115} INFO - [2022-10-27 11:16:51,243] {dagbag.py:507} INFO - Filling up the DagBag from /home/airflow/.local/lib/python3.7/site-packages/airflow/example_dags/tutorial_etl_dag.py
[2022-10-27 11:16:51,306] {processor.py:651} INFO - DAG(s) dict_keys(['tutorial_etl_dag']) retrieved from /home/airflow/.local/lib/python3.7/site-packages/airflow/example_dags/tutorial_etl_dag.py
[2022-10-27 11:16:51,474] {logging_mixin.py:115} INFO - [2022-10-27 11:16:51,473] {dag.py:2371} INFO - Sync 1 DAGs
[2022-10-27 11:16:51,681] {logging_mixin.py:115} INFO - [2022-10-27 11:16:51,681] {dag.py:2919} INFO - Setting next_dagrun for tutorial_etl_dag to None, run_after=None
[2022-10-27 11:16:51,779] {processor.py:161} INFO - Processing /home/airflow/.local/lib/python3.7/site-packages/airflow/example_dags/tutorial_etl_dag.py took 0.561 seconds
[2022-10-27 11:17:22,452] {processor.py:153} INFO - Started process (PID=6773) to work on /home/airflow/.local/lib/python3.7/site-packages/airflow/example_dags/tutorial_etl_dag.py
[2022-10-27 11:17:22,454] {processor.py:641} INFO - Processing file /home/airflow/.local/lib/python3.7/site-packages/airflow/example_dags/tutorial_etl_dag.py for tasks to queue
[2022-10-27 11:17:22,456] {logging_mixin.py:115} INFO - [2022-10-27 11:17:22,455] {dagbag.py:507} INFO - Filling up the DagBag from /home/airflow/.local/lib/python3.7/site-packages/airflow/example_dags/tutorial_etl_dag.py
[2022-10-27 11:17:22,482] {processor.py:651} INFO - DAG(s) dict_keys(['tutorial_etl_dag']) retrieved from /home/airflow/.local/lib/python3.7/site-packages/airflow/example_dags/tutorial_etl_dag.py
[2022-10-27 11:17:22,573] {logging_mixin.py:115} INFO - [2022-10-27 11:17:22,573] {dag.py:2371} INFO - Sync 1 DAGs
[2022-10-27 11:17:22,650] {logging_mixin.py:115} INFO - [2022-10-27 11:17:22,650] {dag.py:2919} INFO - Setting next_dagrun for tutorial_etl_dag to None, run_after=None
[2022-10-27 11:17:22,688] {processor.py:161} INFO - Processing /home/airflow/.local/lib/python3.7/site-packages/airflow/example_dags/tutorial_etl_dag.py took 0.241 seconds
[2022-10-27 11:17:53,390] {processor.py:153} INFO - Started process (PID=6829) to work on /home/airflow/.local/lib/python3.7/site-packages/airflow/example_dags/tutorial_etl_dag.py
[2022-10-27 11:17:53,402] {processor.py:641} INFO - Processing file /home/airflow/.local/lib/python3.7/site-packages/airflow/example_dags/tutorial_etl_dag.py for tasks to queue
[2022-10-27 11:17:53,409] {logging_mixin.py:115} INFO - [2022-10-27 11:17:53,409] {dagbag.py:507} INFO - Filling up the DagBag from /home/airflow/.local/lib/python3.7/site-packages/airflow/example_dags/tutorial_etl_dag.py
[2022-10-27 11:17:53,443] {processor.py:651} INFO - DAG(s) dict_keys(['tutorial_etl_dag']) retrieved from /home/airflow/.local/lib/python3.7/site-packages/airflow/example_dags/tutorial_etl_dag.py
[2022-10-27 11:17:53,626] {logging_mixin.py:115} INFO - [2022-10-27 11:17:53,625] {dag.py:2371} INFO - Sync 1 DAGs
[2022-10-27 11:17:53,758] {logging_mixin.py:115} INFO - [2022-10-27 11:17:53,758] {dag.py:2919} INFO - Setting next_dagrun for tutorial_etl_dag to None, run_after=None
[2022-10-27 11:17:53,836] {processor.py:161} INFO - Processing /home/airflow/.local/lib/python3.7/site-packages/airflow/example_dags/tutorial_etl_dag.py took 0.456 seconds
[2022-10-27 11:18:24,073] {processor.py:153} INFO - Started process (PID=6882) to work on /home/airflow/.local/lib/python3.7/site-packages/airflow/example_dags/tutorial_etl_dag.py
[2022-10-27 11:18:24,075] {processor.py:641} INFO - Processing file /home/airflow/.local/lib/python3.7/site-packages/airflow/example_dags/tutorial_etl_dag.py for tasks to queue
[2022-10-27 11:18:24,080] {logging_mixin.py:115} INFO - [2022-10-27 11:18:24,079] {dagbag.py:507} INFO - Filling up the DagBag from /home/airflow/.local/lib/python3.7/site-packages/airflow/example_dags/tutorial_etl_dag.py
[2022-10-27 11:18:24,100] {processor.py:651} INFO - DAG(s) dict_keys(['tutorial_etl_dag']) retrieved from /home/airflow/.local/lib/python3.7/site-packages/airflow/example_dags/tutorial_etl_dag.py
[2022-10-27 11:18:24,181] {logging_mixin.py:115} INFO - [2022-10-27 11:18:24,181] {dag.py:2371} INFO - Sync 1 DAGs
[2022-10-27 11:18:24,251] {logging_mixin.py:115} INFO - [2022-10-27 11:18:24,250] {dag.py:2919} INFO - Setting next_dagrun for tutorial_etl_dag to None, run_after=None
[2022-10-27 11:18:24,288] {processor.py:161} INFO - Processing /home/airflow/.local/lib/python3.7/site-packages/airflow/example_dags/tutorial_etl_dag.py took 0.226 seconds
[2022-10-27 11:18:55,003] {processor.py:153} INFO - Started process (PID=6935) to work on /home/airflow/.local/lib/python3.7/site-packages/airflow/example_dags/tutorial_etl_dag.py
[2022-10-27 11:18:55,004] {processor.py:641} INFO - Processing file /home/airflow/.local/lib/python3.7/site-packages/airflow/example_dags/tutorial_etl_dag.py for tasks to queue
[2022-10-27 11:18:55,006] {logging_mixin.py:115} INFO - [2022-10-27 11:18:55,006] {dagbag.py:507} INFO - Filling up the DagBag from /home/airflow/.local/lib/python3.7/site-packages/airflow/example_dags/tutorial_etl_dag.py
[2022-10-27 11:18:55,034] {processor.py:651} INFO - DAG(s) dict_keys(['tutorial_etl_dag']) retrieved from /home/airflow/.local/lib/python3.7/site-packages/airflow/example_dags/tutorial_etl_dag.py
[2022-10-27 11:18:55,111] {logging_mixin.py:115} INFO - [2022-10-27 11:18:55,111] {dag.py:2371} INFO - Sync 1 DAGs
[2022-10-27 11:18:55,185] {logging_mixin.py:115} INFO - [2022-10-27 11:18:55,185] {dag.py:2919} INFO - Setting next_dagrun for tutorial_etl_dag to None, run_after=None
[2022-10-27 11:18:55,228] {processor.py:161} INFO - Processing /home/airflow/.local/lib/python3.7/site-packages/airflow/example_dags/tutorial_etl_dag.py took 0.232 seconds
[2022-10-27 11:19:25,625] {processor.py:153} INFO - Started process (PID=6989) to work on /home/airflow/.local/lib/python3.7/site-packages/airflow/example_dags/tutorial_etl_dag.py
[2022-10-27 11:19:25,627] {processor.py:641} INFO - Processing file /home/airflow/.local/lib/python3.7/site-packages/airflow/example_dags/tutorial_etl_dag.py for tasks to queue
[2022-10-27 11:19:25,629] {logging_mixin.py:115} INFO - [2022-10-27 11:19:25,628] {dagbag.py:507} INFO - Filling up the DagBag from /home/airflow/.local/lib/python3.7/site-packages/airflow/example_dags/tutorial_etl_dag.py
[2022-10-27 11:19:25,648] {processor.py:651} INFO - DAG(s) dict_keys(['tutorial_etl_dag']) retrieved from /home/airflow/.local/lib/python3.7/site-packages/airflow/example_dags/tutorial_etl_dag.py
[2022-10-27 11:19:25,750] {logging_mixin.py:115} INFO - [2022-10-27 11:19:25,750] {dag.py:2371} INFO - Sync 1 DAGs
[2022-10-27 11:19:25,799] {logging_mixin.py:115} INFO - [2022-10-27 11:19:25,799] {dag.py:2919} INFO - Setting next_dagrun for tutorial_etl_dag to None, run_after=None
[2022-10-27 11:19:25,830] {processor.py:161} INFO - Processing /home/airflow/.local/lib/python3.7/site-packages/airflow/example_dags/tutorial_etl_dag.py took 0.211 seconds
[2022-10-27 11:19:56,474] {processor.py:153} INFO - Started process (PID=7042) to work on /home/airflow/.local/lib/python3.7/site-packages/airflow/example_dags/tutorial_etl_dag.py
[2022-10-27 11:19:56,484] {processor.py:641} INFO - Processing file /home/airflow/.local/lib/python3.7/site-packages/airflow/example_dags/tutorial_etl_dag.py for tasks to queue
[2022-10-27 11:19:56,488] {logging_mixin.py:115} INFO - [2022-10-27 11:19:56,487] {dagbag.py:507} INFO - Filling up the DagBag from /home/airflow/.local/lib/python3.7/site-packages/airflow/example_dags/tutorial_etl_dag.py
[2022-10-27 11:19:56,520] {processor.py:651} INFO - DAG(s) dict_keys(['tutorial_etl_dag']) retrieved from /home/airflow/.local/lib/python3.7/site-packages/airflow/example_dags/tutorial_etl_dag.py
[2022-10-27 11:19:56,586] {logging_mixin.py:115} INFO - [2022-10-27 11:19:56,585] {dag.py:2371} INFO - Sync 1 DAGs
[2022-10-27 11:19:56,642] {logging_mixin.py:115} INFO - [2022-10-27 11:19:56,641] {dag.py:2919} INFO - Setting next_dagrun for tutorial_etl_dag to None, run_after=None
[2022-10-27 11:19:56,671] {processor.py:161} INFO - Processing /home/airflow/.local/lib/python3.7/site-packages/airflow/example_dags/tutorial_etl_dag.py took 0.208 seconds
[2022-10-27 11:20:26,888] {processor.py:153} INFO - Started process (PID=7096) to work on /home/airflow/.local/lib/python3.7/site-packages/airflow/example_dags/tutorial_etl_dag.py
[2022-10-27 11:20:26,889] {processor.py:641} INFO - Processing file /home/airflow/.local/lib/python3.7/site-packages/airflow/example_dags/tutorial_etl_dag.py for tasks to queue
[2022-10-27 11:20:26,891] {logging_mixin.py:115} INFO - [2022-10-27 11:20:26,890] {dagbag.py:507} INFO - Filling up the DagBag from /home/airflow/.local/lib/python3.7/site-packages/airflow/example_dags/tutorial_etl_dag.py
[2022-10-27 11:20:26,915] {processor.py:651} INFO - DAG(s) dict_keys(['tutorial_etl_dag']) retrieved from /home/airflow/.local/lib/python3.7/site-packages/airflow/example_dags/tutorial_etl_dag.py
[2022-10-27 11:20:26,988] {logging_mixin.py:115} INFO - [2022-10-27 11:20:26,988] {dag.py:2371} INFO - Sync 1 DAGs
[2022-10-27 11:20:27,044] {logging_mixin.py:115} INFO - [2022-10-27 11:20:27,044] {dag.py:2919} INFO - Setting next_dagrun for tutorial_etl_dag to None, run_after=None
[2022-10-27 11:20:27,078] {processor.py:161} INFO - Processing /home/airflow/.local/lib/python3.7/site-packages/airflow/example_dags/tutorial_etl_dag.py took 0.198 seconds
[2022-10-27 11:20:57,161] {processor.py:153} INFO - Started process (PID=7149) to work on /home/airflow/.local/lib/python3.7/site-packages/airflow/example_dags/tutorial_etl_dag.py
[2022-10-27 11:20:57,164] {processor.py:641} INFO - Processing file /home/airflow/.local/lib/python3.7/site-packages/airflow/example_dags/tutorial_etl_dag.py for tasks to queue
[2022-10-27 11:20:57,165] {logging_mixin.py:115} INFO - [2022-10-27 11:20:57,165] {dagbag.py:507} INFO - Filling up the DagBag from /home/airflow/.local/lib/python3.7/site-packages/airflow/example_dags/tutorial_etl_dag.py
[2022-10-27 11:20:57,180] {processor.py:651} INFO - DAG(s) dict_keys(['tutorial_etl_dag']) retrieved from /home/airflow/.local/lib/python3.7/site-packages/airflow/example_dags/tutorial_etl_dag.py
[2022-10-27 11:20:57,232] {logging_mixin.py:115} INFO - [2022-10-27 11:20:57,232] {dag.py:2371} INFO - Sync 1 DAGs
[2022-10-27 11:20:57,280] {logging_mixin.py:115} INFO - [2022-10-27 11:20:57,280] {dag.py:2919} INFO - Setting next_dagrun for tutorial_etl_dag to None, run_after=None
[2022-10-27 11:20:57,310] {processor.py:161} INFO - Processing /home/airflow/.local/lib/python3.7/site-packages/airflow/example_dags/tutorial_etl_dag.py took 0.154 seconds
[2022-10-27 11:21:27,652] {processor.py:153} INFO - Started process (PID=7203) to work on /home/airflow/.local/lib/python3.7/site-packages/airflow/example_dags/tutorial_etl_dag.py
[2022-10-27 11:21:27,653] {processor.py:641} INFO - Processing file /home/airflow/.local/lib/python3.7/site-packages/airflow/example_dags/tutorial_etl_dag.py for tasks to queue
[2022-10-27 11:21:27,656] {logging_mixin.py:115} INFO - [2022-10-27 11:21:27,655] {dagbag.py:507} INFO - Filling up the DagBag from /home/airflow/.local/lib/python3.7/site-packages/airflow/example_dags/tutorial_etl_dag.py
[2022-10-27 11:21:27,674] {processor.py:651} INFO - DAG(s) dict_keys(['tutorial_etl_dag']) retrieved from /home/airflow/.local/lib/python3.7/site-packages/airflow/example_dags/tutorial_etl_dag.py
[2022-10-27 11:21:27,746] {logging_mixin.py:115} INFO - [2022-10-27 11:21:27,745] {dag.py:2371} INFO - Sync 1 DAGs
[2022-10-27 11:21:27,811] {logging_mixin.py:115} INFO - [2022-10-27 11:21:27,811] {dag.py:2919} INFO - Setting next_dagrun for tutorial_etl_dag to None, run_after=None
[2022-10-27 11:21:27,847] {processor.py:161} INFO - Processing /home/airflow/.local/lib/python3.7/site-packages/airflow/example_dags/tutorial_etl_dag.py took 0.203 seconds
[2022-10-27 11:21:58,055] {processor.py:153} INFO - Started process (PID=7266) to work on /home/airflow/.local/lib/python3.7/site-packages/airflow/example_dags/tutorial_etl_dag.py
[2022-10-27 11:21:58,057] {processor.py:641} INFO - Processing file /home/airflow/.local/lib/python3.7/site-packages/airflow/example_dags/tutorial_etl_dag.py for tasks to queue
[2022-10-27 11:21:58,059] {logging_mixin.py:115} INFO - [2022-10-27 11:21:58,059] {dagbag.py:507} INFO - Filling up the DagBag from /home/airflow/.local/lib/python3.7/site-packages/airflow/example_dags/tutorial_etl_dag.py
[2022-10-27 11:21:58,080] {processor.py:651} INFO - DAG(s) dict_keys(['tutorial_etl_dag']) retrieved from /home/airflow/.local/lib/python3.7/site-packages/airflow/example_dags/tutorial_etl_dag.py
[2022-10-27 11:21:58,158] {logging_mixin.py:115} INFO - [2022-10-27 11:21:58,158] {dag.py:2371} INFO - Sync 1 DAGs
[2022-10-27 11:21:58,279] {logging_mixin.py:115} INFO - [2022-10-27 11:21:58,279] {dag.py:2919} INFO - Setting next_dagrun for tutorial_etl_dag to None, run_after=None
[2022-10-27 11:21:58,362] {processor.py:161} INFO - Processing /home/airflow/.local/lib/python3.7/site-packages/airflow/example_dags/tutorial_etl_dag.py took 0.314 seconds
[2022-10-27 11:22:29,242] {processor.py:153} INFO - Started process (PID=7320) to work on /home/airflow/.local/lib/python3.7/site-packages/airflow/example_dags/tutorial_etl_dag.py
[2022-10-27 11:22:29,244] {processor.py:641} INFO - Processing file /home/airflow/.local/lib/python3.7/site-packages/airflow/example_dags/tutorial_etl_dag.py for tasks to queue
[2022-10-27 11:22:29,246] {logging_mixin.py:115} INFO - [2022-10-27 11:22:29,245] {dagbag.py:507} INFO - Filling up the DagBag from /home/airflow/.local/lib/python3.7/site-packages/airflow/example_dags/tutorial_etl_dag.py
[2022-10-27 11:22:29,272] {processor.py:651} INFO - DAG(s) dict_keys(['tutorial_etl_dag']) retrieved from /home/airflow/.local/lib/python3.7/site-packages/airflow/example_dags/tutorial_etl_dag.py
[2022-10-27 11:22:29,345] {logging_mixin.py:115} INFO - [2022-10-27 11:22:29,345] {dag.py:2371} INFO - Sync 1 DAGs
[2022-10-27 11:22:29,428] {logging_mixin.py:115} INFO - [2022-10-27 11:22:29,427] {dag.py:2919} INFO - Setting next_dagrun for tutorial_etl_dag to None, run_after=None
[2022-10-27 11:22:29,471] {processor.py:161} INFO - Processing /home/airflow/.local/lib/python3.7/site-packages/airflow/example_dags/tutorial_etl_dag.py took 0.237 seconds
[2022-10-27 11:22:59,725] {processor.py:153} INFO - Started process (PID=7374) to work on /home/airflow/.local/lib/python3.7/site-packages/airflow/example_dags/tutorial_etl_dag.py
[2022-10-27 11:22:59,734] {processor.py:641} INFO - Processing file /home/airflow/.local/lib/python3.7/site-packages/airflow/example_dags/tutorial_etl_dag.py for tasks to queue
[2022-10-27 11:22:59,741] {logging_mixin.py:115} INFO - [2022-10-27 11:22:59,740] {dagbag.py:507} INFO - Filling up the DagBag from /home/airflow/.local/lib/python3.7/site-packages/airflow/example_dags/tutorial_etl_dag.py
[2022-10-27 11:22:59,770] {processor.py:651} INFO - DAG(s) dict_keys(['tutorial_etl_dag']) retrieved from /home/airflow/.local/lib/python3.7/site-packages/airflow/example_dags/tutorial_etl_dag.py
[2022-10-27 11:22:59,911] {logging_mixin.py:115} INFO - [2022-10-27 11:22:59,910] {dag.py:2371} INFO - Sync 1 DAGs
[2022-10-27 11:23:00,019] {logging_mixin.py:115} INFO - [2022-10-27 11:23:00,019] {dag.py:2919} INFO - Setting next_dagrun for tutorial_etl_dag to None, run_after=None
[2022-10-27 11:23:00,096] {processor.py:161} INFO - Processing /home/airflow/.local/lib/python3.7/site-packages/airflow/example_dags/tutorial_etl_dag.py took 0.383 seconds
[2022-10-27 11:23:30,851] {processor.py:153} INFO - Started process (PID=7426) to work on /home/airflow/.local/lib/python3.7/site-packages/airflow/example_dags/tutorial_etl_dag.py
[2022-10-27 11:23:30,852] {processor.py:641} INFO - Processing file /home/airflow/.local/lib/python3.7/site-packages/airflow/example_dags/tutorial_etl_dag.py for tasks to queue
[2022-10-27 11:23:30,856] {logging_mixin.py:115} INFO - [2022-10-27 11:23:30,855] {dagbag.py:507} INFO - Filling up the DagBag from /home/airflow/.local/lib/python3.7/site-packages/airflow/example_dags/tutorial_etl_dag.py
[2022-10-27 11:23:30,872] {processor.py:651} INFO - DAG(s) dict_keys(['tutorial_etl_dag']) retrieved from /home/airflow/.local/lib/python3.7/site-packages/airflow/example_dags/tutorial_etl_dag.py
[2022-10-27 11:23:30,940] {logging_mixin.py:115} INFO - [2022-10-27 11:23:30,940] {dag.py:2371} INFO - Sync 1 DAGs
[2022-10-27 11:23:30,978] {logging_mixin.py:115} INFO - [2022-10-27 11:23:30,978] {dag.py:2919} INFO - Setting next_dagrun for tutorial_etl_dag to None, run_after=None
[2022-10-27 11:23:30,999] {processor.py:161} INFO - Processing /home/airflow/.local/lib/python3.7/site-packages/airflow/example_dags/tutorial_etl_dag.py took 0.153 seconds
