[2022-10-27 11:02:20,105] {processor.py:153} INFO - Started process (PID=5273) to work on /home/airflow/.local/lib/python3.7/site-packages/airflow/example_dags/tutorial_taskflow_api_etl_virtualenv.py
[2022-10-27 11:02:20,137] {processor.py:641} INFO - Processing file /home/airflow/.local/lib/python3.7/site-packages/airflow/example_dags/tutorial_taskflow_api_etl_virtualenv.py for tasks to queue
[2022-10-27 11:02:20,138] {logging_mixin.py:115} INFO - [2022-10-27 11:02:20,138] {dagbag.py:507} INFO - Filling up the DagBag from /home/airflow/.local/lib/python3.7/site-packages/airflow/example_dags/tutorial_taskflow_api_etl_virtualenv.py
[2022-10-27 11:02:20,728] {processor.py:651} INFO - DAG(s) dict_keys(['tutorial_taskflow_api_etl_virtualenv']) retrieved from /home/airflow/.local/lib/python3.7/site-packages/airflow/example_dags/tutorial_taskflow_api_etl_virtualenv.py
[2022-10-27 11:02:21,695] {logging_mixin.py:115} INFO - [2022-10-27 11:02:21,695] {dag.py:2371} INFO - Sync 1 DAGs
[2022-10-27 11:02:21,965] {logging_mixin.py:115} INFO - [2022-10-27 11:02:21,965] {dag.py:2919} INFO - Setting next_dagrun for tutorial_taskflow_api_etl_virtualenv to None, run_after=None
[2022-10-27 11:02:22,118] {processor.py:161} INFO - Processing /home/airflow/.local/lib/python3.7/site-packages/airflow/example_dags/tutorial_taskflow_api_etl_virtualenv.py took 2.059 seconds
[2022-10-27 11:02:52,634] {processor.py:153} INFO - Started process (PID=5326) to work on /home/airflow/.local/lib/python3.7/site-packages/airflow/example_dags/tutorial_taskflow_api_etl_virtualenv.py
[2022-10-27 11:02:52,641] {processor.py:641} INFO - Processing file /home/airflow/.local/lib/python3.7/site-packages/airflow/example_dags/tutorial_taskflow_api_etl_virtualenv.py for tasks to queue
[2022-10-27 11:02:52,645] {logging_mixin.py:115} INFO - [2022-10-27 11:02:52,644] {dagbag.py:507} INFO - Filling up the DagBag from /home/airflow/.local/lib/python3.7/site-packages/airflow/example_dags/tutorial_taskflow_api_etl_virtualenv.py
[2022-10-27 11:02:52,770] {processor.py:651} INFO - DAG(s) dict_keys(['tutorial_taskflow_api_etl_virtualenv']) retrieved from /home/airflow/.local/lib/python3.7/site-packages/airflow/example_dags/tutorial_taskflow_api_etl_virtualenv.py
[2022-10-27 11:02:53,096] {logging_mixin.py:115} INFO - [2022-10-27 11:02:53,096] {dag.py:2371} INFO - Sync 1 DAGs
[2022-10-27 11:02:53,182] {logging_mixin.py:115} INFO - [2022-10-27 11:02:53,182] {dag.py:2919} INFO - Setting next_dagrun for tutorial_taskflow_api_etl_virtualenv to None, run_after=None
[2022-10-27 11:02:53,271] {processor.py:161} INFO - Processing /home/airflow/.local/lib/python3.7/site-packages/airflow/example_dags/tutorial_taskflow_api_etl_virtualenv.py took 0.670 seconds
[2022-10-27 11:03:23,954] {processor.py:153} INFO - Started process (PID=5379) to work on /home/airflow/.local/lib/python3.7/site-packages/airflow/example_dags/tutorial_taskflow_api_etl_virtualenv.py
[2022-10-27 11:03:23,955] {processor.py:641} INFO - Processing file /home/airflow/.local/lib/python3.7/site-packages/airflow/example_dags/tutorial_taskflow_api_etl_virtualenv.py for tasks to queue
[2022-10-27 11:03:23,956] {logging_mixin.py:115} INFO - [2022-10-27 11:03:23,956] {dagbag.py:507} INFO - Filling up the DagBag from /home/airflow/.local/lib/python3.7/site-packages/airflow/example_dags/tutorial_taskflow_api_etl_virtualenv.py
[2022-10-27 11:03:23,985] {processor.py:651} INFO - DAG(s) dict_keys(['tutorial_taskflow_api_etl_virtualenv']) retrieved from /home/airflow/.local/lib/python3.7/site-packages/airflow/example_dags/tutorial_taskflow_api_etl_virtualenv.py
[2022-10-27 11:03:24,084] {logging_mixin.py:115} INFO - [2022-10-27 11:03:24,084] {dag.py:2371} INFO - Sync 1 DAGs
[2022-10-27 11:03:24,120] {logging_mixin.py:115} INFO - [2022-10-27 11:03:24,120] {dag.py:2919} INFO - Setting next_dagrun for tutorial_taskflow_api_etl_virtualenv to None, run_after=None
[2022-10-27 11:03:24,148] {processor.py:161} INFO - Processing /home/airflow/.local/lib/python3.7/site-packages/airflow/example_dags/tutorial_taskflow_api_etl_virtualenv.py took 0.200 seconds
[2022-10-27 11:03:54,368] {processor.py:153} INFO - Started process (PID=5434) to work on /home/airflow/.local/lib/python3.7/site-packages/airflow/example_dags/tutorial_taskflow_api_etl_virtualenv.py
[2022-10-27 11:03:54,369] {processor.py:641} INFO - Processing file /home/airflow/.local/lib/python3.7/site-packages/airflow/example_dags/tutorial_taskflow_api_etl_virtualenv.py for tasks to queue
[2022-10-27 11:03:54,371] {logging_mixin.py:115} INFO - [2022-10-27 11:03:54,371] {dagbag.py:507} INFO - Filling up the DagBag from /home/airflow/.local/lib/python3.7/site-packages/airflow/example_dags/tutorial_taskflow_api_etl_virtualenv.py
[2022-10-27 11:03:54,410] {processor.py:651} INFO - DAG(s) dict_keys(['tutorial_taskflow_api_etl_virtualenv']) retrieved from /home/airflow/.local/lib/python3.7/site-packages/airflow/example_dags/tutorial_taskflow_api_etl_virtualenv.py
[2022-10-27 11:03:54,583] {logging_mixin.py:115} INFO - [2022-10-27 11:03:54,583] {dag.py:2371} INFO - Sync 1 DAGs
[2022-10-27 11:03:54,628] {logging_mixin.py:115} INFO - [2022-10-27 11:03:54,627] {dag.py:2919} INFO - Setting next_dagrun for tutorial_taskflow_api_etl_virtualenv to None, run_after=None
[2022-10-27 11:03:54,663] {processor.py:161} INFO - Processing /home/airflow/.local/lib/python3.7/site-packages/airflow/example_dags/tutorial_taskflow_api_etl_virtualenv.py took 0.301 seconds
[2022-10-27 11:04:25,037] {processor.py:153} INFO - Started process (PID=5487) to work on /home/airflow/.local/lib/python3.7/site-packages/airflow/example_dags/tutorial_taskflow_api_etl_virtualenv.py
[2022-10-27 11:04:25,039] {processor.py:641} INFO - Processing file /home/airflow/.local/lib/python3.7/site-packages/airflow/example_dags/tutorial_taskflow_api_etl_virtualenv.py for tasks to queue
[2022-10-27 11:04:25,040] {logging_mixin.py:115} INFO - [2022-10-27 11:04:25,040] {dagbag.py:507} INFO - Filling up the DagBag from /home/airflow/.local/lib/python3.7/site-packages/airflow/example_dags/tutorial_taskflow_api_etl_virtualenv.py
[2022-10-27 11:04:25,149] {processor.py:651} INFO - DAG(s) dict_keys(['tutorial_taskflow_api_etl_virtualenv']) retrieved from /home/airflow/.local/lib/python3.7/site-packages/airflow/example_dags/tutorial_taskflow_api_etl_virtualenv.py
[2022-10-27 11:04:25,379] {logging_mixin.py:115} INFO - [2022-10-27 11:04:25,379] {dag.py:2371} INFO - Sync 1 DAGs
[2022-10-27 11:04:25,623] {logging_mixin.py:115} INFO - [2022-10-27 11:04:25,622] {dag.py:2919} INFO - Setting next_dagrun for tutorial_taskflow_api_etl_virtualenv to None, run_after=None
[2022-10-27 11:04:25,713] {processor.py:161} INFO - Processing /home/airflow/.local/lib/python3.7/site-packages/airflow/example_dags/tutorial_taskflow_api_etl_virtualenv.py took 0.692 seconds
[2022-10-27 11:04:56,772] {processor.py:153} INFO - Started process (PID=5539) to work on /home/airflow/.local/lib/python3.7/site-packages/airflow/example_dags/tutorial_taskflow_api_etl_virtualenv.py
[2022-10-27 11:04:56,775] {processor.py:641} INFO - Processing file /home/airflow/.local/lib/python3.7/site-packages/airflow/example_dags/tutorial_taskflow_api_etl_virtualenv.py for tasks to queue
[2022-10-27 11:04:56,779] {logging_mixin.py:115} INFO - [2022-10-27 11:04:56,779] {dagbag.py:507} INFO - Filling up the DagBag from /home/airflow/.local/lib/python3.7/site-packages/airflow/example_dags/tutorial_taskflow_api_etl_virtualenv.py
[2022-10-27 11:04:57,053] {processor.py:651} INFO - DAG(s) dict_keys(['tutorial_taskflow_api_etl_virtualenv']) retrieved from /home/airflow/.local/lib/python3.7/site-packages/airflow/example_dags/tutorial_taskflow_api_etl_virtualenv.py
[2022-10-27 11:04:57,913] {logging_mixin.py:115} INFO - [2022-10-27 11:04:57,913] {dag.py:2371} INFO - Sync 1 DAGs
[2022-10-27 11:04:58,147] {logging_mixin.py:115} INFO - [2022-10-27 11:04:58,147] {dag.py:2919} INFO - Setting next_dagrun for tutorial_taskflow_api_etl_virtualenv to None, run_after=None
[2022-10-27 11:04:58,279] {processor.py:161} INFO - Processing /home/airflow/.local/lib/python3.7/site-packages/airflow/example_dags/tutorial_taskflow_api_etl_virtualenv.py took 1.541 seconds
[2022-10-27 11:05:28,749] {processor.py:153} INFO - Started process (PID=5593) to work on /home/airflow/.local/lib/python3.7/site-packages/airflow/example_dags/tutorial_taskflow_api_etl_virtualenv.py
[2022-10-27 11:05:28,776] {processor.py:641} INFO - Processing file /home/airflow/.local/lib/python3.7/site-packages/airflow/example_dags/tutorial_taskflow_api_etl_virtualenv.py for tasks to queue
[2022-10-27 11:05:28,783] {logging_mixin.py:115} INFO - [2022-10-27 11:05:28,783] {dagbag.py:507} INFO - Filling up the DagBag from /home/airflow/.local/lib/python3.7/site-packages/airflow/example_dags/tutorial_taskflow_api_etl_virtualenv.py
[2022-10-27 11:05:29,018] {processor.py:651} INFO - DAG(s) dict_keys(['tutorial_taskflow_api_etl_virtualenv']) retrieved from /home/airflow/.local/lib/python3.7/site-packages/airflow/example_dags/tutorial_taskflow_api_etl_virtualenv.py
[2022-10-27 11:05:29,361] {logging_mixin.py:115} INFO - [2022-10-27 11:05:29,361] {dag.py:2371} INFO - Sync 1 DAGs
[2022-10-27 11:05:29,594] {logging_mixin.py:115} INFO - [2022-10-27 11:05:29,593] {dag.py:2919} INFO - Setting next_dagrun for tutorial_taskflow_api_etl_virtualenv to None, run_after=None
[2022-10-27 11:05:29,736] {processor.py:161} INFO - Processing /home/airflow/.local/lib/python3.7/site-packages/airflow/example_dags/tutorial_taskflow_api_etl_virtualenv.py took 0.996 seconds
[2022-10-27 11:06:00,540] {processor.py:153} INFO - Started process (PID=5639) to work on /home/airflow/.local/lib/python3.7/site-packages/airflow/example_dags/tutorial_taskflow_api_etl_virtualenv.py
[2022-10-27 11:06:00,544] {processor.py:641} INFO - Processing file /home/airflow/.local/lib/python3.7/site-packages/airflow/example_dags/tutorial_taskflow_api_etl_virtualenv.py for tasks to queue
[2022-10-27 11:06:00,550] {logging_mixin.py:115} INFO - [2022-10-27 11:06:00,550] {dagbag.py:507} INFO - Filling up the DagBag from /home/airflow/.local/lib/python3.7/site-packages/airflow/example_dags/tutorial_taskflow_api_etl_virtualenv.py
[2022-10-27 11:06:00,672] {processor.py:651} INFO - DAG(s) dict_keys(['tutorial_taskflow_api_etl_virtualenv']) retrieved from /home/airflow/.local/lib/python3.7/site-packages/airflow/example_dags/tutorial_taskflow_api_etl_virtualenv.py
[2022-10-27 11:06:01,053] {logging_mixin.py:115} INFO - [2022-10-27 11:06:01,052] {dag.py:2371} INFO - Sync 1 DAGs
[2022-10-27 11:06:01,181] {logging_mixin.py:115} INFO - [2022-10-27 11:06:01,181] {dag.py:2919} INFO - Setting next_dagrun for tutorial_taskflow_api_etl_virtualenv to None, run_after=None
[2022-10-27 11:06:01,264] {processor.py:161} INFO - Processing /home/airflow/.local/lib/python3.7/site-packages/airflow/example_dags/tutorial_taskflow_api_etl_virtualenv.py took 0.730 seconds
[2022-10-27 11:06:32,020] {processor.py:153} INFO - Started process (PID=5691) to work on /home/airflow/.local/lib/python3.7/site-packages/airflow/example_dags/tutorial_taskflow_api_etl_virtualenv.py
[2022-10-27 11:06:32,034] {processor.py:641} INFO - Processing file /home/airflow/.local/lib/python3.7/site-packages/airflow/example_dags/tutorial_taskflow_api_etl_virtualenv.py for tasks to queue
[2022-10-27 11:06:32,083] {logging_mixin.py:115} INFO - [2022-10-27 11:06:32,083] {dagbag.py:507} INFO - Filling up the DagBag from /home/airflow/.local/lib/python3.7/site-packages/airflow/example_dags/tutorial_taskflow_api_etl_virtualenv.py
[2022-10-27 11:06:32,332] {processor.py:651} INFO - DAG(s) dict_keys(['tutorial_taskflow_api_etl_virtualenv']) retrieved from /home/airflow/.local/lib/python3.7/site-packages/airflow/example_dags/tutorial_taskflow_api_etl_virtualenv.py
[2022-10-27 11:06:33,167] {logging_mixin.py:115} INFO - [2022-10-27 11:06:33,166] {dag.py:2371} INFO - Sync 1 DAGs
[2022-10-27 11:06:33,351] {logging_mixin.py:115} INFO - [2022-10-27 11:06:33,350] {dag.py:2919} INFO - Setting next_dagrun for tutorial_taskflow_api_etl_virtualenv to None, run_after=None
[2022-10-27 11:06:33,486] {processor.py:161} INFO - Processing /home/airflow/.local/lib/python3.7/site-packages/airflow/example_dags/tutorial_taskflow_api_etl_virtualenv.py took 1.472 seconds
[2022-10-27 11:07:03,714] {processor.py:153} INFO - Started process (PID=5744) to work on /home/airflow/.local/lib/python3.7/site-packages/airflow/example_dags/tutorial_taskflow_api_etl_virtualenv.py
[2022-10-27 11:07:03,726] {processor.py:641} INFO - Processing file /home/airflow/.local/lib/python3.7/site-packages/airflow/example_dags/tutorial_taskflow_api_etl_virtualenv.py for tasks to queue
[2022-10-27 11:07:03,728] {logging_mixin.py:115} INFO - [2022-10-27 11:07:03,728] {dagbag.py:507} INFO - Filling up the DagBag from /home/airflow/.local/lib/python3.7/site-packages/airflow/example_dags/tutorial_taskflow_api_etl_virtualenv.py
[2022-10-27 11:07:03,827] {processor.py:651} INFO - DAG(s) dict_keys(['tutorial_taskflow_api_etl_virtualenv']) retrieved from /home/airflow/.local/lib/python3.7/site-packages/airflow/example_dags/tutorial_taskflow_api_etl_virtualenv.py
[2022-10-27 11:07:04,252] {logging_mixin.py:115} INFO - [2022-10-27 11:07:04,251] {dag.py:2371} INFO - Sync 1 DAGs
[2022-10-27 11:07:04,397] {logging_mixin.py:115} INFO - [2022-10-27 11:07:04,397] {dag.py:2919} INFO - Setting next_dagrun for tutorial_taskflow_api_etl_virtualenv to None, run_after=None
[2022-10-27 11:07:04,542] {processor.py:161} INFO - Processing /home/airflow/.local/lib/python3.7/site-packages/airflow/example_dags/tutorial_taskflow_api_etl_virtualenv.py took 0.835 seconds
[2022-10-27 11:07:35,067] {processor.py:153} INFO - Started process (PID=5798) to work on /home/airflow/.local/lib/python3.7/site-packages/airflow/example_dags/tutorial_taskflow_api_etl_virtualenv.py
[2022-10-27 11:07:35,075] {processor.py:641} INFO - Processing file /home/airflow/.local/lib/python3.7/site-packages/airflow/example_dags/tutorial_taskflow_api_etl_virtualenv.py for tasks to queue
[2022-10-27 11:07:35,082] {logging_mixin.py:115} INFO - [2022-10-27 11:07:35,082] {dagbag.py:507} INFO - Filling up the DagBag from /home/airflow/.local/lib/python3.7/site-packages/airflow/example_dags/tutorial_taskflow_api_etl_virtualenv.py
[2022-10-27 11:07:35,214] {processor.py:651} INFO - DAG(s) dict_keys(['tutorial_taskflow_api_etl_virtualenv']) retrieved from /home/airflow/.local/lib/python3.7/site-packages/airflow/example_dags/tutorial_taskflow_api_etl_virtualenv.py
[2022-10-27 11:07:35,384] {logging_mixin.py:115} INFO - [2022-10-27 11:07:35,384] {dag.py:2371} INFO - Sync 1 DAGs
[2022-10-27 11:07:35,542] {logging_mixin.py:115} INFO - [2022-10-27 11:07:35,542] {dag.py:2919} INFO - Setting next_dagrun for tutorial_taskflow_api_etl_virtualenv to None, run_after=None
[2022-10-27 11:07:35,650] {processor.py:161} INFO - Processing /home/airflow/.local/lib/python3.7/site-packages/airflow/example_dags/tutorial_taskflow_api_etl_virtualenv.py took 0.601 seconds
[2022-10-27 11:08:05,929] {processor.py:153} INFO - Started process (PID=5850) to work on /home/airflow/.local/lib/python3.7/site-packages/airflow/example_dags/tutorial_taskflow_api_etl_virtualenv.py
[2022-10-27 11:08:05,931] {processor.py:641} INFO - Processing file /home/airflow/.local/lib/python3.7/site-packages/airflow/example_dags/tutorial_taskflow_api_etl_virtualenv.py for tasks to queue
[2022-10-27 11:08:05,932] {logging_mixin.py:115} INFO - [2022-10-27 11:08:05,932] {dagbag.py:507} INFO - Filling up the DagBag from /home/airflow/.local/lib/python3.7/site-packages/airflow/example_dags/tutorial_taskflow_api_etl_virtualenv.py
[2022-10-27 11:08:06,019] {processor.py:651} INFO - DAG(s) dict_keys(['tutorial_taskflow_api_etl_virtualenv']) retrieved from /home/airflow/.local/lib/python3.7/site-packages/airflow/example_dags/tutorial_taskflow_api_etl_virtualenv.py
[2022-10-27 11:08:06,185] {logging_mixin.py:115} INFO - [2022-10-27 11:08:06,184] {dag.py:2371} INFO - Sync 1 DAGs
[2022-10-27 11:08:06,357] {logging_mixin.py:115} INFO - [2022-10-27 11:08:06,357] {dag.py:2919} INFO - Setting next_dagrun for tutorial_taskflow_api_etl_virtualenv to None, run_after=None
[2022-10-27 11:08:06,461] {processor.py:161} INFO - Processing /home/airflow/.local/lib/python3.7/site-packages/airflow/example_dags/tutorial_taskflow_api_etl_virtualenv.py took 0.539 seconds
[2022-10-27 11:08:37,142] {processor.py:153} INFO - Started process (PID=5897) to work on /home/airflow/.local/lib/python3.7/site-packages/airflow/example_dags/tutorial_taskflow_api_etl_virtualenv.py
[2022-10-27 11:08:37,155] {processor.py:641} INFO - Processing file /home/airflow/.local/lib/python3.7/site-packages/airflow/example_dags/tutorial_taskflow_api_etl_virtualenv.py for tasks to queue
[2022-10-27 11:08:37,188] {logging_mixin.py:115} INFO - [2022-10-27 11:08:37,188] {dagbag.py:507} INFO - Filling up the DagBag from /home/airflow/.local/lib/python3.7/site-packages/airflow/example_dags/tutorial_taskflow_api_etl_virtualenv.py
[2022-10-27 11:08:37,396] {processor.py:651} INFO - DAG(s) dict_keys(['tutorial_taskflow_api_etl_virtualenv']) retrieved from /home/airflow/.local/lib/python3.7/site-packages/airflow/example_dags/tutorial_taskflow_api_etl_virtualenv.py
[2022-10-27 11:08:37,926] {logging_mixin.py:115} INFO - [2022-10-27 11:08:37,926] {dag.py:2371} INFO - Sync 1 DAGs
[2022-10-27 11:08:38,274] {logging_mixin.py:115} INFO - [2022-10-27 11:08:38,274] {dag.py:2919} INFO - Setting next_dagrun for tutorial_taskflow_api_etl_virtualenv to None, run_after=None
[2022-10-27 11:08:38,412] {processor.py:161} INFO - Processing /home/airflow/.local/lib/python3.7/site-packages/airflow/example_dags/tutorial_taskflow_api_etl_virtualenv.py took 1.319 seconds
[2022-10-27 11:09:08,810] {processor.py:153} INFO - Started process (PID=5951) to work on /home/airflow/.local/lib/python3.7/site-packages/airflow/example_dags/tutorial_taskflow_api_etl_virtualenv.py
[2022-10-27 11:09:08,815] {processor.py:641} INFO - Processing file /home/airflow/.local/lib/python3.7/site-packages/airflow/example_dags/tutorial_taskflow_api_etl_virtualenv.py for tasks to queue
[2022-10-27 11:09:08,817] {logging_mixin.py:115} INFO - [2022-10-27 11:09:08,817] {dagbag.py:507} INFO - Filling up the DagBag from /home/airflow/.local/lib/python3.7/site-packages/airflow/example_dags/tutorial_taskflow_api_etl_virtualenv.py
[2022-10-27 11:09:08,928] {processor.py:651} INFO - DAG(s) dict_keys(['tutorial_taskflow_api_etl_virtualenv']) retrieved from /home/airflow/.local/lib/python3.7/site-packages/airflow/example_dags/tutorial_taskflow_api_etl_virtualenv.py
[2022-10-27 11:09:09,080] {logging_mixin.py:115} INFO - [2022-10-27 11:09:09,080] {dag.py:2371} INFO - Sync 1 DAGs
[2022-10-27 11:09:09,231] {logging_mixin.py:115} INFO - [2022-10-27 11:09:09,231] {dag.py:2919} INFO - Setting next_dagrun for tutorial_taskflow_api_etl_virtualenv to None, run_after=None
[2022-10-27 11:09:09,302] {processor.py:161} INFO - Processing /home/airflow/.local/lib/python3.7/site-packages/airflow/example_dags/tutorial_taskflow_api_etl_virtualenv.py took 0.511 seconds
[2022-10-27 11:09:41,083] {processor.py:153} INFO - Started process (PID=5995) to work on /home/airflow/.local/lib/python3.7/site-packages/airflow/example_dags/tutorial_taskflow_api_etl_virtualenv.py
[2022-10-27 11:09:41,090] {processor.py:641} INFO - Processing file /home/airflow/.local/lib/python3.7/site-packages/airflow/example_dags/tutorial_taskflow_api_etl_virtualenv.py for tasks to queue
[2022-10-27 11:09:41,092] {logging_mixin.py:115} INFO - [2022-10-27 11:09:41,092] {dagbag.py:507} INFO - Filling up the DagBag from /home/airflow/.local/lib/python3.7/site-packages/airflow/example_dags/tutorial_taskflow_api_etl_virtualenv.py
[2022-10-27 11:09:41,232] {processor.py:651} INFO - DAG(s) dict_keys(['tutorial_taskflow_api_etl_virtualenv']) retrieved from /home/airflow/.local/lib/python3.7/site-packages/airflow/example_dags/tutorial_taskflow_api_etl_virtualenv.py
[2022-10-27 11:09:41,698] {logging_mixin.py:115} INFO - [2022-10-27 11:09:41,697] {dag.py:2371} INFO - Sync 1 DAGs
[2022-10-27 11:09:41,853] {logging_mixin.py:115} INFO - [2022-10-27 11:09:41,853] {dag.py:2919} INFO - Setting next_dagrun for tutorial_taskflow_api_etl_virtualenv to None, run_after=None
[2022-10-27 11:09:42,009] {processor.py:161} INFO - Processing /home/airflow/.local/lib/python3.7/site-packages/airflow/example_dags/tutorial_taskflow_api_etl_virtualenv.py took 0.945 seconds
[2022-10-27 11:10:12,577] {processor.py:153} INFO - Started process (PID=6050) to work on /home/airflow/.local/lib/python3.7/site-packages/airflow/example_dags/tutorial_taskflow_api_etl_virtualenv.py
[2022-10-27 11:10:12,578] {processor.py:641} INFO - Processing file /home/airflow/.local/lib/python3.7/site-packages/airflow/example_dags/tutorial_taskflow_api_etl_virtualenv.py for tasks to queue
[2022-10-27 11:10:12,580] {logging_mixin.py:115} INFO - [2022-10-27 11:10:12,580] {dagbag.py:507} INFO - Filling up the DagBag from /home/airflow/.local/lib/python3.7/site-packages/airflow/example_dags/tutorial_taskflow_api_etl_virtualenv.py
[2022-10-27 11:10:12,623] {processor.py:651} INFO - DAG(s) dict_keys(['tutorial_taskflow_api_etl_virtualenv']) retrieved from /home/airflow/.local/lib/python3.7/site-packages/airflow/example_dags/tutorial_taskflow_api_etl_virtualenv.py
[2022-10-27 11:10:12,829] {logging_mixin.py:115} INFO - [2022-10-27 11:10:12,828] {dag.py:2371} INFO - Sync 1 DAGs
[2022-10-27 11:10:12,935] {logging_mixin.py:115} INFO - [2022-10-27 11:10:12,935] {dag.py:2919} INFO - Setting next_dagrun for tutorial_taskflow_api_etl_virtualenv to None, run_after=None
[2022-10-27 11:10:12,971] {processor.py:161} INFO - Processing /home/airflow/.local/lib/python3.7/site-packages/airflow/example_dags/tutorial_taskflow_api_etl_virtualenv.py took 0.399 seconds
[2022-10-27 11:10:43,560] {processor.py:153} INFO - Started process (PID=6104) to work on /home/airflow/.local/lib/python3.7/site-packages/airflow/example_dags/tutorial_taskflow_api_etl_virtualenv.py
[2022-10-27 11:10:43,561] {processor.py:641} INFO - Processing file /home/airflow/.local/lib/python3.7/site-packages/airflow/example_dags/tutorial_taskflow_api_etl_virtualenv.py for tasks to queue
[2022-10-27 11:10:43,563] {logging_mixin.py:115} INFO - [2022-10-27 11:10:43,563] {dagbag.py:507} INFO - Filling up the DagBag from /home/airflow/.local/lib/python3.7/site-packages/airflow/example_dags/tutorial_taskflow_api_etl_virtualenv.py
[2022-10-27 11:10:43,695] {processor.py:651} INFO - DAG(s) dict_keys(['tutorial_taskflow_api_etl_virtualenv']) retrieved from /home/airflow/.local/lib/python3.7/site-packages/airflow/example_dags/tutorial_taskflow_api_etl_virtualenv.py
[2022-10-27 11:10:43,867] {logging_mixin.py:115} INFO - [2022-10-27 11:10:43,867] {dag.py:2371} INFO - Sync 1 DAGs
[2022-10-27 11:10:44,027] {logging_mixin.py:115} INFO - [2022-10-27 11:10:44,026] {dag.py:2919} INFO - Setting next_dagrun for tutorial_taskflow_api_etl_virtualenv to None, run_after=None
[2022-10-27 11:10:44,102] {processor.py:161} INFO - Processing /home/airflow/.local/lib/python3.7/site-packages/airflow/example_dags/tutorial_taskflow_api_etl_virtualenv.py took 0.550 seconds
[2022-10-27 11:11:15,709] {processor.py:153} INFO - Started process (PID=6157) to work on /home/airflow/.local/lib/python3.7/site-packages/airflow/example_dags/tutorial_taskflow_api_etl_virtualenv.py
[2022-10-27 11:11:15,722] {processor.py:641} INFO - Processing file /home/airflow/.local/lib/python3.7/site-packages/airflow/example_dags/tutorial_taskflow_api_etl_virtualenv.py for tasks to queue
[2022-10-27 11:11:15,736] {logging_mixin.py:115} INFO - [2022-10-27 11:11:15,735] {dagbag.py:507} INFO - Filling up the DagBag from /home/airflow/.local/lib/python3.7/site-packages/airflow/example_dags/tutorial_taskflow_api_etl_virtualenv.py
[2022-10-27 11:11:15,923] {processor.py:651} INFO - DAG(s) dict_keys(['tutorial_taskflow_api_etl_virtualenv']) retrieved from /home/airflow/.local/lib/python3.7/site-packages/airflow/example_dags/tutorial_taskflow_api_etl_virtualenv.py
[2022-10-27 11:11:16,923] {logging_mixin.py:115} INFO - [2022-10-27 11:11:16,923] {dag.py:2371} INFO - Sync 1 DAGs
[2022-10-27 11:11:17,185] {logging_mixin.py:115} INFO - [2022-10-27 11:11:17,185] {dag.py:2919} INFO - Setting next_dagrun for tutorial_taskflow_api_etl_virtualenv to None, run_after=None
[2022-10-27 11:11:17,352] {processor.py:161} INFO - Processing /home/airflow/.local/lib/python3.7/site-packages/airflow/example_dags/tutorial_taskflow_api_etl_virtualenv.py took 1.662 seconds
[2022-10-27 11:11:47,647] {processor.py:153} INFO - Started process (PID=6211) to work on /home/airflow/.local/lib/python3.7/site-packages/airflow/example_dags/tutorial_taskflow_api_etl_virtualenv.py
[2022-10-27 11:11:47,650] {processor.py:641} INFO - Processing file /home/airflow/.local/lib/python3.7/site-packages/airflow/example_dags/tutorial_taskflow_api_etl_virtualenv.py for tasks to queue
[2022-10-27 11:11:47,653] {logging_mixin.py:115} INFO - [2022-10-27 11:11:47,652] {dagbag.py:507} INFO - Filling up the DagBag from /home/airflow/.local/lib/python3.7/site-packages/airflow/example_dags/tutorial_taskflow_api_etl_virtualenv.py
[2022-10-27 11:11:47,721] {processor.py:651} INFO - DAG(s) dict_keys(['tutorial_taskflow_api_etl_virtualenv']) retrieved from /home/airflow/.local/lib/python3.7/site-packages/airflow/example_dags/tutorial_taskflow_api_etl_virtualenv.py
[2022-10-27 11:11:47,798] {logging_mixin.py:115} INFO - [2022-10-27 11:11:47,797] {dag.py:2371} INFO - Sync 1 DAGs
[2022-10-27 11:11:47,865] {logging_mixin.py:115} INFO - [2022-10-27 11:11:47,865] {dag.py:2919} INFO - Setting next_dagrun for tutorial_taskflow_api_etl_virtualenv to None, run_after=None
[2022-10-27 11:11:47,906] {processor.py:161} INFO - Processing /home/airflow/.local/lib/python3.7/site-packages/airflow/example_dags/tutorial_taskflow_api_etl_virtualenv.py took 0.277 seconds
[2022-10-27 11:12:18,477] {processor.py:153} INFO - Started process (PID=6261) to work on /home/airflow/.local/lib/python3.7/site-packages/airflow/example_dags/tutorial_taskflow_api_etl_virtualenv.py
[2022-10-27 11:12:18,481] {processor.py:641} INFO - Processing file /home/airflow/.local/lib/python3.7/site-packages/airflow/example_dags/tutorial_taskflow_api_etl_virtualenv.py for tasks to queue
[2022-10-27 11:12:18,491] {logging_mixin.py:115} INFO - [2022-10-27 11:12:18,491] {dagbag.py:507} INFO - Filling up the DagBag from /home/airflow/.local/lib/python3.7/site-packages/airflow/example_dags/tutorial_taskflow_api_etl_virtualenv.py
[2022-10-27 11:12:18,600] {processor.py:651} INFO - DAG(s) dict_keys(['tutorial_taskflow_api_etl_virtualenv']) retrieved from /home/airflow/.local/lib/python3.7/site-packages/airflow/example_dags/tutorial_taskflow_api_etl_virtualenv.py
[2022-10-27 11:12:18,804] {logging_mixin.py:115} INFO - [2022-10-27 11:12:18,803] {dag.py:2371} INFO - Sync 1 DAGs
[2022-10-27 11:12:18,933] {logging_mixin.py:115} INFO - [2022-10-27 11:12:18,933] {dag.py:2919} INFO - Setting next_dagrun for tutorial_taskflow_api_etl_virtualenv to None, run_after=None
[2022-10-27 11:12:18,992] {processor.py:161} INFO - Processing /home/airflow/.local/lib/python3.7/site-packages/airflow/example_dags/tutorial_taskflow_api_etl_virtualenv.py took 0.533 seconds
[2022-10-27 11:12:49,152] {processor.py:153} INFO - Started process (PID=6314) to work on /home/airflow/.local/lib/python3.7/site-packages/airflow/example_dags/tutorial_taskflow_api_etl_virtualenv.py
[2022-10-27 11:12:49,154] {processor.py:641} INFO - Processing file /home/airflow/.local/lib/python3.7/site-packages/airflow/example_dags/tutorial_taskflow_api_etl_virtualenv.py for tasks to queue
[2022-10-27 11:12:49,156] {logging_mixin.py:115} INFO - [2022-10-27 11:12:49,156] {dagbag.py:507} INFO - Filling up the DagBag from /home/airflow/.local/lib/python3.7/site-packages/airflow/example_dags/tutorial_taskflow_api_etl_virtualenv.py
[2022-10-27 11:12:49,237] {processor.py:651} INFO - DAG(s) dict_keys(['tutorial_taskflow_api_etl_virtualenv']) retrieved from /home/airflow/.local/lib/python3.7/site-packages/airflow/example_dags/tutorial_taskflow_api_etl_virtualenv.py
[2022-10-27 11:12:49,361] {logging_mixin.py:115} INFO - [2022-10-27 11:12:49,360] {dag.py:2371} INFO - Sync 1 DAGs
[2022-10-27 11:12:49,463] {logging_mixin.py:115} INFO - [2022-10-27 11:12:49,462] {dag.py:2919} INFO - Setting next_dagrun for tutorial_taskflow_api_etl_virtualenv to None, run_after=None
[2022-10-27 11:12:49,516] {processor.py:161} INFO - Processing /home/airflow/.local/lib/python3.7/site-packages/airflow/example_dags/tutorial_taskflow_api_etl_virtualenv.py took 0.377 seconds
[2022-10-27 11:13:20,648] {processor.py:153} INFO - Started process (PID=6367) to work on /home/airflow/.local/lib/python3.7/site-packages/airflow/example_dags/tutorial_taskflow_api_etl_virtualenv.py
[2022-10-27 11:13:20,658] {processor.py:641} INFO - Processing file /home/airflow/.local/lib/python3.7/site-packages/airflow/example_dags/tutorial_taskflow_api_etl_virtualenv.py for tasks to queue
[2022-10-27 11:13:20,664] {logging_mixin.py:115} INFO - [2022-10-27 11:13:20,663] {dagbag.py:507} INFO - Filling up the DagBag from /home/airflow/.local/lib/python3.7/site-packages/airflow/example_dags/tutorial_taskflow_api_etl_virtualenv.py
[2022-10-27 11:13:20,804] {processor.py:651} INFO - DAG(s) dict_keys(['tutorial_taskflow_api_etl_virtualenv']) retrieved from /home/airflow/.local/lib/python3.7/site-packages/airflow/example_dags/tutorial_taskflow_api_etl_virtualenv.py
[2022-10-27 11:13:21,010] {logging_mixin.py:115} INFO - [2022-10-27 11:13:21,010] {dag.py:2371} INFO - Sync 1 DAGs
[2022-10-27 11:13:21,187] {logging_mixin.py:115} INFO - [2022-10-27 11:13:21,186] {dag.py:2919} INFO - Setting next_dagrun for tutorial_taskflow_api_etl_virtualenv to None, run_after=None
[2022-10-27 11:13:21,332] {processor.py:161} INFO - Processing /home/airflow/.local/lib/python3.7/site-packages/airflow/example_dags/tutorial_taskflow_api_etl_virtualenv.py took 0.704 seconds
[2022-10-27 11:13:53,254] {processor.py:153} INFO - Started process (PID=6412) to work on /home/airflow/.local/lib/python3.7/site-packages/airflow/example_dags/tutorial_taskflow_api_etl_virtualenv.py
[2022-10-27 11:13:53,266] {processor.py:641} INFO - Processing file /home/airflow/.local/lib/python3.7/site-packages/airflow/example_dags/tutorial_taskflow_api_etl_virtualenv.py for tasks to queue
[2022-10-27 11:13:53,292] {logging_mixin.py:115} INFO - [2022-10-27 11:13:53,292] {dagbag.py:507} INFO - Filling up the DagBag from /home/airflow/.local/lib/python3.7/site-packages/airflow/example_dags/tutorial_taskflow_api_etl_virtualenv.py
[2022-10-27 11:13:53,522] {processor.py:651} INFO - DAG(s) dict_keys(['tutorial_taskflow_api_etl_virtualenv']) retrieved from /home/airflow/.local/lib/python3.7/site-packages/airflow/example_dags/tutorial_taskflow_api_etl_virtualenv.py
[2022-10-27 11:13:54,279] {logging_mixin.py:115} INFO - [2022-10-27 11:13:54,279] {dag.py:2371} INFO - Sync 1 DAGs
[2022-10-27 11:13:54,478] {logging_mixin.py:115} INFO - [2022-10-27 11:13:54,478] {dag.py:2919} INFO - Setting next_dagrun for tutorial_taskflow_api_etl_virtualenv to None, run_after=None
[2022-10-27 11:13:54,712] {processor.py:161} INFO - Processing /home/airflow/.local/lib/python3.7/site-packages/airflow/example_dags/tutorial_taskflow_api_etl_virtualenv.py took 1.481 seconds
[2022-10-27 11:14:27,180] {processor.py:153} INFO - Started process (PID=6467) to work on /home/airflow/.local/lib/python3.7/site-packages/airflow/example_dags/tutorial_taskflow_api_etl_virtualenv.py
[2022-10-27 11:14:27,188] {processor.py:641} INFO - Processing file /home/airflow/.local/lib/python3.7/site-packages/airflow/example_dags/tutorial_taskflow_api_etl_virtualenv.py for tasks to queue
[2022-10-27 11:14:27,200] {logging_mixin.py:115} INFO - [2022-10-27 11:14:27,199] {dagbag.py:507} INFO - Filling up the DagBag from /home/airflow/.local/lib/python3.7/site-packages/airflow/example_dags/tutorial_taskflow_api_etl_virtualenv.py
[2022-10-27 11:14:27,360] {processor.py:651} INFO - DAG(s) dict_keys(['tutorial_taskflow_api_etl_virtualenv']) retrieved from /home/airflow/.local/lib/python3.7/site-packages/airflow/example_dags/tutorial_taskflow_api_etl_virtualenv.py
[2022-10-27 11:14:28,252] {logging_mixin.py:115} INFO - [2022-10-27 11:14:28,250] {dag.py:2371} INFO - Sync 1 DAGs
[2022-10-27 11:14:28,494] {logging_mixin.py:115} INFO - [2022-10-27 11:14:28,494] {dag.py:2919} INFO - Setting next_dagrun for tutorial_taskflow_api_etl_virtualenv to None, run_after=None
[2022-10-27 11:14:28,644] {processor.py:161} INFO - Processing /home/airflow/.local/lib/python3.7/site-packages/airflow/example_dags/tutorial_taskflow_api_etl_virtualenv.py took 1.519 seconds
[2022-10-27 11:14:59,611] {processor.py:153} INFO - Started process (PID=6520) to work on /home/airflow/.local/lib/python3.7/site-packages/airflow/example_dags/tutorial_taskflow_api_etl_virtualenv.py
[2022-10-27 11:14:59,614] {processor.py:641} INFO - Processing file /home/airflow/.local/lib/python3.7/site-packages/airflow/example_dags/tutorial_taskflow_api_etl_virtualenv.py for tasks to queue
[2022-10-27 11:14:59,615] {logging_mixin.py:115} INFO - [2022-10-27 11:14:59,615] {dagbag.py:507} INFO - Filling up the DagBag from /home/airflow/.local/lib/python3.7/site-packages/airflow/example_dags/tutorial_taskflow_api_etl_virtualenv.py
[2022-10-27 11:14:59,690] {processor.py:651} INFO - DAG(s) dict_keys(['tutorial_taskflow_api_etl_virtualenv']) retrieved from /home/airflow/.local/lib/python3.7/site-packages/airflow/example_dags/tutorial_taskflow_api_etl_virtualenv.py
[2022-10-27 11:15:00,086] {logging_mixin.py:115} INFO - [2022-10-27 11:15:00,086] {dag.py:2371} INFO - Sync 1 DAGs
[2022-10-27 11:15:00,175] {logging_mixin.py:115} INFO - [2022-10-27 11:15:00,174] {dag.py:2919} INFO - Setting next_dagrun for tutorial_taskflow_api_etl_virtualenv to None, run_after=None
[2022-10-27 11:15:00,258] {processor.py:161} INFO - Processing /home/airflow/.local/lib/python3.7/site-packages/airflow/example_dags/tutorial_taskflow_api_etl_virtualenv.py took 0.656 seconds
[2022-10-27 11:15:30,659] {processor.py:153} INFO - Started process (PID=6574) to work on /home/airflow/.local/lib/python3.7/site-packages/airflow/example_dags/tutorial_taskflow_api_etl_virtualenv.py
[2022-10-27 11:15:30,661] {processor.py:641} INFO - Processing file /home/airflow/.local/lib/python3.7/site-packages/airflow/example_dags/tutorial_taskflow_api_etl_virtualenv.py for tasks to queue
[2022-10-27 11:15:30,669] {logging_mixin.py:115} INFO - [2022-10-27 11:15:30,667] {dagbag.py:507} INFO - Filling up the DagBag from /home/airflow/.local/lib/python3.7/site-packages/airflow/example_dags/tutorial_taskflow_api_etl_virtualenv.py
[2022-10-27 11:15:30,727] {processor.py:651} INFO - DAG(s) dict_keys(['tutorial_taskflow_api_etl_virtualenv']) retrieved from /home/airflow/.local/lib/python3.7/site-packages/airflow/example_dags/tutorial_taskflow_api_etl_virtualenv.py
[2022-10-27 11:15:30,830] {logging_mixin.py:115} INFO - [2022-10-27 11:15:30,830] {dag.py:2371} INFO - Sync 1 DAGs
[2022-10-27 11:15:30,927] {logging_mixin.py:115} INFO - [2022-10-27 11:15:30,927] {dag.py:2919} INFO - Setting next_dagrun for tutorial_taskflow_api_etl_virtualenv to None, run_after=None
[2022-10-27 11:15:30,978] {processor.py:161} INFO - Processing /home/airflow/.local/lib/python3.7/site-packages/airflow/example_dags/tutorial_taskflow_api_etl_virtualenv.py took 0.326 seconds
[2022-10-27 11:16:01,244] {processor.py:153} INFO - Started process (PID=6635) to work on /home/airflow/.local/lib/python3.7/site-packages/airflow/example_dags/tutorial_taskflow_api_etl_virtualenv.py
[2022-10-27 11:16:01,245] {processor.py:641} INFO - Processing file /home/airflow/.local/lib/python3.7/site-packages/airflow/example_dags/tutorial_taskflow_api_etl_virtualenv.py for tasks to queue
[2022-10-27 11:16:01,249] {logging_mixin.py:115} INFO - [2022-10-27 11:16:01,249] {dagbag.py:507} INFO - Filling up the DagBag from /home/airflow/.local/lib/python3.7/site-packages/airflow/example_dags/tutorial_taskflow_api_etl_virtualenv.py
[2022-10-27 11:16:01,318] {processor.py:651} INFO - DAG(s) dict_keys(['tutorial_taskflow_api_etl_virtualenv']) retrieved from /home/airflow/.local/lib/python3.7/site-packages/airflow/example_dags/tutorial_taskflow_api_etl_virtualenv.py
[2022-10-27 11:16:01,422] {logging_mixin.py:115} INFO - [2022-10-27 11:16:01,422] {dag.py:2371} INFO - Sync 1 DAGs
[2022-10-27 11:16:01,520] {logging_mixin.py:115} INFO - [2022-10-27 11:16:01,520] {dag.py:2919} INFO - Setting next_dagrun for tutorial_taskflow_api_etl_virtualenv to None, run_after=None
[2022-10-27 11:16:01,558] {processor.py:161} INFO - Processing /home/airflow/.local/lib/python3.7/site-packages/airflow/example_dags/tutorial_taskflow_api_etl_virtualenv.py took 0.323 seconds
[2022-10-27 11:16:32,262] {processor.py:153} INFO - Started process (PID=6689) to work on /home/airflow/.local/lib/python3.7/site-packages/airflow/example_dags/tutorial_taskflow_api_etl_virtualenv.py
[2022-10-27 11:16:32,264] {processor.py:641} INFO - Processing file /home/airflow/.local/lib/python3.7/site-packages/airflow/example_dags/tutorial_taskflow_api_etl_virtualenv.py for tasks to queue
[2022-10-27 11:16:32,279] {logging_mixin.py:115} INFO - [2022-10-27 11:16:32,279] {dagbag.py:507} INFO - Filling up the DagBag from /home/airflow/.local/lib/python3.7/site-packages/airflow/example_dags/tutorial_taskflow_api_etl_virtualenv.py
[2022-10-27 11:16:32,390] {processor.py:651} INFO - DAG(s) dict_keys(['tutorial_taskflow_api_etl_virtualenv']) retrieved from /home/airflow/.local/lib/python3.7/site-packages/airflow/example_dags/tutorial_taskflow_api_etl_virtualenv.py
[2022-10-27 11:16:32,919] {logging_mixin.py:115} INFO - [2022-10-27 11:16:32,919] {dag.py:2371} INFO - Sync 1 DAGs
[2022-10-27 11:16:33,094] {logging_mixin.py:115} INFO - [2022-10-27 11:16:33,094] {dag.py:2919} INFO - Setting next_dagrun for tutorial_taskflow_api_etl_virtualenv to None, run_after=None
[2022-10-27 11:16:33,289] {processor.py:161} INFO - Processing /home/airflow/.local/lib/python3.7/site-packages/airflow/example_dags/tutorial_taskflow_api_etl_virtualenv.py took 1.040 seconds
[2022-10-27 11:17:03,614] {processor.py:153} INFO - Started process (PID=6733) to work on /home/airflow/.local/lib/python3.7/site-packages/airflow/example_dags/tutorial_taskflow_api_etl_virtualenv.py
[2022-10-27 11:17:03,616] {processor.py:641} INFO - Processing file /home/airflow/.local/lib/python3.7/site-packages/airflow/example_dags/tutorial_taskflow_api_etl_virtualenv.py for tasks to queue
[2022-10-27 11:17:03,619] {logging_mixin.py:115} INFO - [2022-10-27 11:17:03,618] {dagbag.py:507} INFO - Filling up the DagBag from /home/airflow/.local/lib/python3.7/site-packages/airflow/example_dags/tutorial_taskflow_api_etl_virtualenv.py
[2022-10-27 11:17:03,764] {processor.py:651} INFO - DAG(s) dict_keys(['tutorial_taskflow_api_etl_virtualenv']) retrieved from /home/airflow/.local/lib/python3.7/site-packages/airflow/example_dags/tutorial_taskflow_api_etl_virtualenv.py
[2022-10-27 11:17:04,231] {logging_mixin.py:115} INFO - [2022-10-27 11:17:04,230] {dag.py:2371} INFO - Sync 1 DAGs
[2022-10-27 11:17:04,391] {logging_mixin.py:115} INFO - [2022-10-27 11:17:04,391] {dag.py:2919} INFO - Setting next_dagrun for tutorial_taskflow_api_etl_virtualenv to None, run_after=None
[2022-10-27 11:17:04,483] {processor.py:161} INFO - Processing /home/airflow/.local/lib/python3.7/site-packages/airflow/example_dags/tutorial_taskflow_api_etl_virtualenv.py took 0.887 seconds
[2022-10-27 11:17:34,660] {processor.py:153} INFO - Started process (PID=6787) to work on /home/airflow/.local/lib/python3.7/site-packages/airflow/example_dags/tutorial_taskflow_api_etl_virtualenv.py
[2022-10-27 11:17:34,669] {processor.py:641} INFO - Processing file /home/airflow/.local/lib/python3.7/site-packages/airflow/example_dags/tutorial_taskflow_api_etl_virtualenv.py for tasks to queue
[2022-10-27 11:17:34,679] {logging_mixin.py:115} INFO - [2022-10-27 11:17:34,679] {dagbag.py:507} INFO - Filling up the DagBag from /home/airflow/.local/lib/python3.7/site-packages/airflow/example_dags/tutorial_taskflow_api_etl_virtualenv.py
[2022-10-27 11:17:34,774] {processor.py:651} INFO - DAG(s) dict_keys(['tutorial_taskflow_api_etl_virtualenv']) retrieved from /home/airflow/.local/lib/python3.7/site-packages/airflow/example_dags/tutorial_taskflow_api_etl_virtualenv.py
[2022-10-27 11:17:34,907] {logging_mixin.py:115} INFO - [2022-10-27 11:17:34,907] {dag.py:2371} INFO - Sync 1 DAGs
[2022-10-27 11:17:35,032] {logging_mixin.py:115} INFO - [2022-10-27 11:17:35,032] {dag.py:2919} INFO - Setting next_dagrun for tutorial_taskflow_api_etl_virtualenv to None, run_after=None
[2022-10-27 11:17:35,074] {processor.py:161} INFO - Processing /home/airflow/.local/lib/python3.7/site-packages/airflow/example_dags/tutorial_taskflow_api_etl_virtualenv.py took 0.425 seconds
[2022-10-27 11:18:05,413] {processor.py:153} INFO - Started process (PID=6842) to work on /home/airflow/.local/lib/python3.7/site-packages/airflow/example_dags/tutorial_taskflow_api_etl_virtualenv.py
[2022-10-27 11:18:05,418] {processor.py:641} INFO - Processing file /home/airflow/.local/lib/python3.7/site-packages/airflow/example_dags/tutorial_taskflow_api_etl_virtualenv.py for tasks to queue
[2022-10-27 11:18:05,420] {logging_mixin.py:115} INFO - [2022-10-27 11:18:05,420] {dagbag.py:507} INFO - Filling up the DagBag from /home/airflow/.local/lib/python3.7/site-packages/airflow/example_dags/tutorial_taskflow_api_etl_virtualenv.py
[2022-10-27 11:18:05,493] {processor.py:651} INFO - DAG(s) dict_keys(['tutorial_taskflow_api_etl_virtualenv']) retrieved from /home/airflow/.local/lib/python3.7/site-packages/airflow/example_dags/tutorial_taskflow_api_etl_virtualenv.py
[2022-10-27 11:18:05,583] {logging_mixin.py:115} INFO - [2022-10-27 11:18:05,582] {dag.py:2371} INFO - Sync 1 DAGs
[2022-10-27 11:18:05,663] {logging_mixin.py:115} INFO - [2022-10-27 11:18:05,663] {dag.py:2919} INFO - Setting next_dagrun for tutorial_taskflow_api_etl_virtualenv to None, run_after=None
[2022-10-27 11:18:05,707] {processor.py:161} INFO - Processing /home/airflow/.local/lib/python3.7/site-packages/airflow/example_dags/tutorial_taskflow_api_etl_virtualenv.py took 0.307 seconds
[2022-10-27 11:18:36,964] {processor.py:153} INFO - Started process (PID=6906) to work on /home/airflow/.local/lib/python3.7/site-packages/airflow/example_dags/tutorial_taskflow_api_etl_virtualenv.py
[2022-10-27 11:18:36,966] {processor.py:641} INFO - Processing file /home/airflow/.local/lib/python3.7/site-packages/airflow/example_dags/tutorial_taskflow_api_etl_virtualenv.py for tasks to queue
[2022-10-27 11:18:36,968] {logging_mixin.py:115} INFO - [2022-10-27 11:18:36,968] {dagbag.py:507} INFO - Filling up the DagBag from /home/airflow/.local/lib/python3.7/site-packages/airflow/example_dags/tutorial_taskflow_api_etl_virtualenv.py
[2022-10-27 11:18:37,017] {processor.py:651} INFO - DAG(s) dict_keys(['tutorial_taskflow_api_etl_virtualenv']) retrieved from /home/airflow/.local/lib/python3.7/site-packages/airflow/example_dags/tutorial_taskflow_api_etl_virtualenv.py
[2022-10-27 11:18:37,264] {logging_mixin.py:115} INFO - [2022-10-27 11:18:37,264] {dag.py:2371} INFO - Sync 1 DAGs
[2022-10-27 11:18:37,323] {logging_mixin.py:115} INFO - [2022-10-27 11:18:37,323] {dag.py:2919} INFO - Setting next_dagrun for tutorial_taskflow_api_etl_virtualenv to None, run_after=None
[2022-10-27 11:18:37,380] {processor.py:161} INFO - Processing /home/airflow/.local/lib/python3.7/site-packages/airflow/example_dags/tutorial_taskflow_api_etl_virtualenv.py took 0.425 seconds
[2022-10-27 11:19:08,001] {processor.py:153} INFO - Started process (PID=6959) to work on /home/airflow/.local/lib/python3.7/site-packages/airflow/example_dags/tutorial_taskflow_api_etl_virtualenv.py
[2022-10-27 11:19:08,003] {processor.py:641} INFO - Processing file /home/airflow/.local/lib/python3.7/site-packages/airflow/example_dags/tutorial_taskflow_api_etl_virtualenv.py for tasks to queue
[2022-10-27 11:19:08,004] {logging_mixin.py:115} INFO - [2022-10-27 11:19:08,004] {dagbag.py:507} INFO - Filling up the DagBag from /home/airflow/.local/lib/python3.7/site-packages/airflow/example_dags/tutorial_taskflow_api_etl_virtualenv.py
[2022-10-27 11:19:08,053] {processor.py:651} INFO - DAG(s) dict_keys(['tutorial_taskflow_api_etl_virtualenv']) retrieved from /home/airflow/.local/lib/python3.7/site-packages/airflow/example_dags/tutorial_taskflow_api_etl_virtualenv.py
[2022-10-27 11:19:08,123] {logging_mixin.py:115} INFO - [2022-10-27 11:19:08,122] {dag.py:2371} INFO - Sync 1 DAGs
[2022-10-27 11:19:08,224] {logging_mixin.py:115} INFO - [2022-10-27 11:19:08,223] {dag.py:2919} INFO - Setting next_dagrun for tutorial_taskflow_api_etl_virtualenv to None, run_after=None
[2022-10-27 11:19:08,292] {processor.py:161} INFO - Processing /home/airflow/.local/lib/python3.7/site-packages/airflow/example_dags/tutorial_taskflow_api_etl_virtualenv.py took 0.297 seconds
[2022-10-27 11:19:38,942] {processor.py:153} INFO - Started process (PID=7013) to work on /home/airflow/.local/lib/python3.7/site-packages/airflow/example_dags/tutorial_taskflow_api_etl_virtualenv.py
[2022-10-27 11:19:38,944] {processor.py:641} INFO - Processing file /home/airflow/.local/lib/python3.7/site-packages/airflow/example_dags/tutorial_taskflow_api_etl_virtualenv.py for tasks to queue
[2022-10-27 11:19:38,945] {logging_mixin.py:115} INFO - [2022-10-27 11:19:38,945] {dagbag.py:507} INFO - Filling up the DagBag from /home/airflow/.local/lib/python3.7/site-packages/airflow/example_dags/tutorial_taskflow_api_etl_virtualenv.py
[2022-10-27 11:19:38,978] {processor.py:651} INFO - DAG(s) dict_keys(['tutorial_taskflow_api_etl_virtualenv']) retrieved from /home/airflow/.local/lib/python3.7/site-packages/airflow/example_dags/tutorial_taskflow_api_etl_virtualenv.py
[2022-10-27 11:19:39,022] {logging_mixin.py:115} INFO - [2022-10-27 11:19:39,022] {dag.py:2371} INFO - Sync 1 DAGs
[2022-10-27 11:19:39,062] {logging_mixin.py:115} INFO - [2022-10-27 11:19:39,062] {dag.py:2919} INFO - Setting next_dagrun for tutorial_taskflow_api_etl_virtualenv to None, run_after=None
[2022-10-27 11:19:39,099] {processor.py:161} INFO - Processing /home/airflow/.local/lib/python3.7/site-packages/airflow/example_dags/tutorial_taskflow_api_etl_virtualenv.py took 0.162 seconds
[2022-10-27 11:20:09,288] {processor.py:153} INFO - Started process (PID=7066) to work on /home/airflow/.local/lib/python3.7/site-packages/airflow/example_dags/tutorial_taskflow_api_etl_virtualenv.py
[2022-10-27 11:20:09,289] {processor.py:641} INFO - Processing file /home/airflow/.local/lib/python3.7/site-packages/airflow/example_dags/tutorial_taskflow_api_etl_virtualenv.py for tasks to queue
[2022-10-27 11:20:09,291] {logging_mixin.py:115} INFO - [2022-10-27 11:20:09,291] {dagbag.py:507} INFO - Filling up the DagBag from /home/airflow/.local/lib/python3.7/site-packages/airflow/example_dags/tutorial_taskflow_api_etl_virtualenv.py
[2022-10-27 11:20:09,322] {processor.py:651} INFO - DAG(s) dict_keys(['tutorial_taskflow_api_etl_virtualenv']) retrieved from /home/airflow/.local/lib/python3.7/site-packages/airflow/example_dags/tutorial_taskflow_api_etl_virtualenv.py
[2022-10-27 11:20:09,367] {logging_mixin.py:115} INFO - [2022-10-27 11:20:09,366] {dag.py:2371} INFO - Sync 1 DAGs
[2022-10-27 11:20:09,406] {logging_mixin.py:115} INFO - [2022-10-27 11:20:09,406] {dag.py:2919} INFO - Setting next_dagrun for tutorial_taskflow_api_etl_virtualenv to None, run_after=None
[2022-10-27 11:20:09,441] {processor.py:161} INFO - Processing /home/airflow/.local/lib/python3.7/site-packages/airflow/example_dags/tutorial_taskflow_api_etl_virtualenv.py took 0.157 seconds
[2022-10-27 11:20:40,156] {processor.py:153} INFO - Started process (PID=7121) to work on /home/airflow/.local/lib/python3.7/site-packages/airflow/example_dags/tutorial_taskflow_api_etl_virtualenv.py
[2022-10-27 11:20:40,157] {processor.py:641} INFO - Processing file /home/airflow/.local/lib/python3.7/site-packages/airflow/example_dags/tutorial_taskflow_api_etl_virtualenv.py for tasks to queue
[2022-10-27 11:20:40,159] {logging_mixin.py:115} INFO - [2022-10-27 11:20:40,158] {dagbag.py:507} INFO - Filling up the DagBag from /home/airflow/.local/lib/python3.7/site-packages/airflow/example_dags/tutorial_taskflow_api_etl_virtualenv.py
[2022-10-27 11:20:40,194] {processor.py:651} INFO - DAG(s) dict_keys(['tutorial_taskflow_api_etl_virtualenv']) retrieved from /home/airflow/.local/lib/python3.7/site-packages/airflow/example_dags/tutorial_taskflow_api_etl_virtualenv.py
[2022-10-27 11:20:40,238] {logging_mixin.py:115} INFO - [2022-10-27 11:20:40,238] {dag.py:2371} INFO - Sync 1 DAGs
[2022-10-27 11:20:40,278] {logging_mixin.py:115} INFO - [2022-10-27 11:20:40,278] {dag.py:2919} INFO - Setting next_dagrun for tutorial_taskflow_api_etl_virtualenv to None, run_after=None
[2022-10-27 11:20:40,302] {processor.py:161} INFO - Processing /home/airflow/.local/lib/python3.7/site-packages/airflow/example_dags/tutorial_taskflow_api_etl_virtualenv.py took 0.156 seconds
[2022-10-27 11:21:11,210] {processor.py:153} INFO - Started process (PID=7174) to work on /home/airflow/.local/lib/python3.7/site-packages/airflow/example_dags/tutorial_taskflow_api_etl_virtualenv.py
[2022-10-27 11:21:11,211] {processor.py:641} INFO - Processing file /home/airflow/.local/lib/python3.7/site-packages/airflow/example_dags/tutorial_taskflow_api_etl_virtualenv.py for tasks to queue
[2022-10-27 11:21:11,213] {logging_mixin.py:115} INFO - [2022-10-27 11:21:11,213] {dagbag.py:507} INFO - Filling up the DagBag from /home/airflow/.local/lib/python3.7/site-packages/airflow/example_dags/tutorial_taskflow_api_etl_virtualenv.py
[2022-10-27 11:21:11,249] {processor.py:651} INFO - DAG(s) dict_keys(['tutorial_taskflow_api_etl_virtualenv']) retrieved from /home/airflow/.local/lib/python3.7/site-packages/airflow/example_dags/tutorial_taskflow_api_etl_virtualenv.py
[2022-10-27 11:21:11,296] {logging_mixin.py:115} INFO - [2022-10-27 11:21:11,296] {dag.py:2371} INFO - Sync 1 DAGs
[2022-10-27 11:21:11,364] {logging_mixin.py:115} INFO - [2022-10-27 11:21:11,363] {dag.py:2919} INFO - Setting next_dagrun for tutorial_taskflow_api_etl_virtualenv to None, run_after=None
[2022-10-27 11:21:11,393] {processor.py:161} INFO - Processing /home/airflow/.local/lib/python3.7/site-packages/airflow/example_dags/tutorial_taskflow_api_etl_virtualenv.py took 0.187 seconds
[2022-10-27 11:21:41,880] {processor.py:153} INFO - Started process (PID=7228) to work on /home/airflow/.local/lib/python3.7/site-packages/airflow/example_dags/tutorial_taskflow_api_etl_virtualenv.py
[2022-10-27 11:21:41,881] {processor.py:641} INFO - Processing file /home/airflow/.local/lib/python3.7/site-packages/airflow/example_dags/tutorial_taskflow_api_etl_virtualenv.py for tasks to queue
[2022-10-27 11:21:41,883] {logging_mixin.py:115} INFO - [2022-10-27 11:21:41,882] {dagbag.py:507} INFO - Filling up the DagBag from /home/airflow/.local/lib/python3.7/site-packages/airflow/example_dags/tutorial_taskflow_api_etl_virtualenv.py
[2022-10-27 11:21:41,929] {processor.py:651} INFO - DAG(s) dict_keys(['tutorial_taskflow_api_etl_virtualenv']) retrieved from /home/airflow/.local/lib/python3.7/site-packages/airflow/example_dags/tutorial_taskflow_api_etl_virtualenv.py
[2022-10-27 11:21:41,984] {logging_mixin.py:115} INFO - [2022-10-27 11:21:41,983] {dag.py:2371} INFO - Sync 1 DAGs
[2022-10-27 11:21:42,031] {logging_mixin.py:115} INFO - [2022-10-27 11:21:42,031] {dag.py:2919} INFO - Setting next_dagrun for tutorial_taskflow_api_etl_virtualenv to None, run_after=None
[2022-10-27 11:21:42,059] {processor.py:161} INFO - Processing /home/airflow/.local/lib/python3.7/site-packages/airflow/example_dags/tutorial_taskflow_api_etl_virtualenv.py took 0.189 seconds
[2022-10-27 11:22:12,201] {processor.py:153} INFO - Started process (PID=7288) to work on /home/airflow/.local/lib/python3.7/site-packages/airflow/example_dags/tutorial_taskflow_api_etl_virtualenv.py
[2022-10-27 11:22:12,202] {processor.py:641} INFO - Processing file /home/airflow/.local/lib/python3.7/site-packages/airflow/example_dags/tutorial_taskflow_api_etl_virtualenv.py for tasks to queue
[2022-10-27 11:22:12,204] {logging_mixin.py:115} INFO - [2022-10-27 11:22:12,203] {dagbag.py:507} INFO - Filling up the DagBag from /home/airflow/.local/lib/python3.7/site-packages/airflow/example_dags/tutorial_taskflow_api_etl_virtualenv.py
[2022-10-27 11:22:12,242] {processor.py:651} INFO - DAG(s) dict_keys(['tutorial_taskflow_api_etl_virtualenv']) retrieved from /home/airflow/.local/lib/python3.7/site-packages/airflow/example_dags/tutorial_taskflow_api_etl_virtualenv.py
[2022-10-27 11:22:12,293] {logging_mixin.py:115} INFO - [2022-10-27 11:22:12,292] {dag.py:2371} INFO - Sync 1 DAGs
[2022-10-27 11:22:12,342] {logging_mixin.py:115} INFO - [2022-10-27 11:22:12,342] {dag.py:2919} INFO - Setting next_dagrun for tutorial_taskflow_api_etl_virtualenv to None, run_after=None
[2022-10-27 11:22:12,392] {processor.py:161} INFO - Processing /home/airflow/.local/lib/python3.7/site-packages/airflow/example_dags/tutorial_taskflow_api_etl_virtualenv.py took 0.195 seconds
[2022-10-27 11:22:43,009] {processor.py:153} INFO - Started process (PID=7345) to work on /home/airflow/.local/lib/python3.7/site-packages/airflow/example_dags/tutorial_taskflow_api_etl_virtualenv.py
[2022-10-27 11:22:43,011] {processor.py:641} INFO - Processing file /home/airflow/.local/lib/python3.7/site-packages/airflow/example_dags/tutorial_taskflow_api_etl_virtualenv.py for tasks to queue
[2022-10-27 11:22:43,013] {logging_mixin.py:115} INFO - [2022-10-27 11:22:43,013] {dagbag.py:507} INFO - Filling up the DagBag from /home/airflow/.local/lib/python3.7/site-packages/airflow/example_dags/tutorial_taskflow_api_etl_virtualenv.py
[2022-10-27 11:22:43,117] {processor.py:651} INFO - DAG(s) dict_keys(['tutorial_taskflow_api_etl_virtualenv']) retrieved from /home/airflow/.local/lib/python3.7/site-packages/airflow/example_dags/tutorial_taskflow_api_etl_virtualenv.py
[2022-10-27 11:22:43,250] {logging_mixin.py:115} INFO - [2022-10-27 11:22:43,250] {dag.py:2371} INFO - Sync 1 DAGs
[2022-10-27 11:22:43,413] {logging_mixin.py:115} INFO - [2022-10-27 11:22:43,413] {dag.py:2919} INFO - Setting next_dagrun for tutorial_taskflow_api_etl_virtualenv to None, run_after=None
[2022-10-27 11:22:43,535] {processor.py:161} INFO - Processing /home/airflow/.local/lib/python3.7/site-packages/airflow/example_dags/tutorial_taskflow_api_etl_virtualenv.py took 0.536 seconds
[2022-10-27 11:23:15,227] {processor.py:153} INFO - Started process (PID=7397) to work on /home/airflow/.local/lib/python3.7/site-packages/airflow/example_dags/tutorial_taskflow_api_etl_virtualenv.py
[2022-10-27 11:23:15,246] {processor.py:641} INFO - Processing file /home/airflow/.local/lib/python3.7/site-packages/airflow/example_dags/tutorial_taskflow_api_etl_virtualenv.py for tasks to queue
[2022-10-27 11:23:15,250] {logging_mixin.py:115} INFO - [2022-10-27 11:23:15,250] {dagbag.py:507} INFO - Filling up the DagBag from /home/airflow/.local/lib/python3.7/site-packages/airflow/example_dags/tutorial_taskflow_api_etl_virtualenv.py
[2022-10-27 11:23:15,312] {processor.py:651} INFO - DAG(s) dict_keys(['tutorial_taskflow_api_etl_virtualenv']) retrieved from /home/airflow/.local/lib/python3.7/site-packages/airflow/example_dags/tutorial_taskflow_api_etl_virtualenv.py
[2022-10-27 11:23:15,370] {logging_mixin.py:115} INFO - [2022-10-27 11:23:15,370] {dag.py:2371} INFO - Sync 1 DAGs
[2022-10-27 11:23:15,418] {logging_mixin.py:115} INFO - [2022-10-27 11:23:15,417] {dag.py:2919} INFO - Setting next_dagrun for tutorial_taskflow_api_etl_virtualenv to None, run_after=None
[2022-10-27 11:23:15,446] {processor.py:161} INFO - Processing /home/airflow/.local/lib/python3.7/site-packages/airflow/example_dags/tutorial_taskflow_api_etl_virtualenv.py took 0.237 seconds
