[2022-10-28 08:26:49,460] {processor.py:153} INFO - Started process (PID=7488) to work on /home/airflow/.local/lib/python3.7/site-packages/airflow/example_dags/example_latest_only.py
[2022-10-28 08:26:49,501] {processor.py:641} INFO - Processing file /home/airflow/.local/lib/python3.7/site-packages/airflow/example_dags/example_latest_only.py for tasks to queue
[2022-10-28 08:26:49,503] {logging_mixin.py:115} INFO - [2022-10-28 08:26:49,502] {dagbag.py:507} INFO - Filling up the DagBag from /home/airflow/.local/lib/python3.7/site-packages/airflow/example_dags/example_latest_only.py
[2022-10-28 08:26:49,539] {processor.py:651} INFO - DAG(s) dict_keys(['latest_only']) retrieved from /home/airflow/.local/lib/python3.7/site-packages/airflow/example_dags/example_latest_only.py
[2022-10-28 08:26:49,831] {logging_mixin.py:115} INFO - [2022-10-28 08:26:49,831] {dag.py:2371} INFO - Sync 1 DAGs
[2022-10-28 08:26:50,022] {logging_mixin.py:115} INFO - [2022-10-28 08:26:50,022] {dag.py:2919} INFO - Setting next_dagrun for latest_only to 2022-10-28T04:26:50.021895+00:00, run_after=2022-10-28T08:26:50.021895+00:00
[2022-10-28 08:26:50,122] {processor.py:161} INFO - Processing /home/airflow/.local/lib/python3.7/site-packages/airflow/example_dags/example_latest_only.py took 0.669 seconds
[2022-10-28 08:27:20,427] {processor.py:153} INFO - Started process (PID=7528) to work on /home/airflow/.local/lib/python3.7/site-packages/airflow/example_dags/example_latest_only.py
[2022-10-28 08:27:20,428] {processor.py:641} INFO - Processing file /home/airflow/.local/lib/python3.7/site-packages/airflow/example_dags/example_latest_only.py for tasks to queue
[2022-10-28 08:27:20,429] {logging_mixin.py:115} INFO - [2022-10-28 08:27:20,429] {dagbag.py:507} INFO - Filling up the DagBag from /home/airflow/.local/lib/python3.7/site-packages/airflow/example_dags/example_latest_only.py
[2022-10-28 08:27:20,440] {processor.py:651} INFO - DAG(s) dict_keys(['latest_only']) retrieved from /home/airflow/.local/lib/python3.7/site-packages/airflow/example_dags/example_latest_only.py
[2022-10-28 08:27:20,496] {logging_mixin.py:115} INFO - [2022-10-28 08:27:20,495] {dag.py:2371} INFO - Sync 1 DAGs
[2022-10-28 08:27:20,552] {logging_mixin.py:115} INFO - [2022-10-28 08:27:20,552] {dag.py:2919} INFO - Setting next_dagrun for latest_only to 2022-10-28T04:27:20.551800+00:00, run_after=2022-10-28T08:27:20.551800+00:00
[2022-10-28 08:27:20,585] {processor.py:161} INFO - Processing /home/airflow/.local/lib/python3.7/site-packages/airflow/example_dags/example_latest_only.py took 0.166 seconds
[2022-10-28 08:27:50,942] {processor.py:153} INFO - Started process (PID=7574) to work on /home/airflow/.local/lib/python3.7/site-packages/airflow/example_dags/example_latest_only.py
[2022-10-28 08:27:50,943] {processor.py:641} INFO - Processing file /home/airflow/.local/lib/python3.7/site-packages/airflow/example_dags/example_latest_only.py for tasks to queue
[2022-10-28 08:27:50,945] {logging_mixin.py:115} INFO - [2022-10-28 08:27:50,945] {dagbag.py:507} INFO - Filling up the DagBag from /home/airflow/.local/lib/python3.7/site-packages/airflow/example_dags/example_latest_only.py
[2022-10-28 08:27:50,956] {processor.py:651} INFO - DAG(s) dict_keys(['latest_only']) retrieved from /home/airflow/.local/lib/python3.7/site-packages/airflow/example_dags/example_latest_only.py
[2022-10-28 08:27:51,009] {logging_mixin.py:115} INFO - [2022-10-28 08:27:51,008] {dag.py:2371} INFO - Sync 1 DAGs
[2022-10-28 08:27:51,049] {logging_mixin.py:115} INFO - [2022-10-28 08:27:51,049] {dag.py:2919} INFO - Setting next_dagrun for latest_only to 2022-10-28T04:27:51.049352+00:00, run_after=2022-10-28T08:27:51.049352+00:00
[2022-10-28 08:27:51,073] {processor.py:161} INFO - Processing /home/airflow/.local/lib/python3.7/site-packages/airflow/example_dags/example_latest_only.py took 0.139 seconds
[2022-10-28 08:28:22,018] {processor.py:153} INFO - Started process (PID=7632) to work on /home/airflow/.local/lib/python3.7/site-packages/airflow/example_dags/example_latest_only.py
[2022-10-28 08:28:22,025] {processor.py:641} INFO - Processing file /home/airflow/.local/lib/python3.7/site-packages/airflow/example_dags/example_latest_only.py for tasks to queue
[2022-10-28 08:28:22,031] {logging_mixin.py:115} INFO - [2022-10-28 08:28:22,030] {dagbag.py:507} INFO - Filling up the DagBag from /home/airflow/.local/lib/python3.7/site-packages/airflow/example_dags/example_latest_only.py
[2022-10-28 08:28:22,087] {processor.py:651} INFO - DAG(s) dict_keys(['latest_only']) retrieved from /home/airflow/.local/lib/python3.7/site-packages/airflow/example_dags/example_latest_only.py
[2022-10-28 08:28:22,213] {logging_mixin.py:115} INFO - [2022-10-28 08:28:22,213] {dag.py:2371} INFO - Sync 1 DAGs
[2022-10-28 08:28:22,295] {logging_mixin.py:115} INFO - [2022-10-28 08:28:22,295] {dag.py:2919} INFO - Setting next_dagrun for latest_only to 2022-10-28T04:28:22.294796+00:00, run_after=2022-10-28T08:28:22.294796+00:00
[2022-10-28 08:28:22,340] {processor.py:161} INFO - Processing /home/airflow/.local/lib/python3.7/site-packages/airflow/example_dags/example_latest_only.py took 0.328 seconds
