[2022-10-28 08:26:55,450] {processor.py:153} INFO - Started process (PID=7503) to work on /home/airflow/.local/lib/python3.7/site-packages/airflow/example_dags/example_subdag_operator.py
[2022-10-28 08:26:55,452] {processor.py:641} INFO - Processing file /home/airflow/.local/lib/python3.7/site-packages/airflow/example_dags/example_subdag_operator.py for tasks to queue
[2022-10-28 08:26:55,454] {logging_mixin.py:115} INFO - [2022-10-28 08:26:55,453] {dagbag.py:507} INFO - Filling up the DagBag from /home/airflow/.local/lib/python3.7/site-packages/airflow/example_dags/example_subdag_operator.py
[2022-10-28 08:26:55,732] {processor.py:651} INFO - DAG(s) dict_keys(['example_subdag_operator.section-1', 'example_subdag_operator.section-2', 'example_subdag_operator']) retrieved from /home/airflow/.local/lib/python3.7/site-packages/airflow/example_dags/example_subdag_operator.py
[2022-10-28 08:26:56,351] {logging_mixin.py:115} INFO - [2022-10-28 08:26:56,351] {dag.py:2371} INFO - Sync 3 DAGs
[2022-10-28 08:26:56,638] {logging_mixin.py:115} INFO - [2022-10-28 08:26:56,638] {dag.py:2919} INFO - Setting next_dagrun for example_subdag_operator to 2022-10-26T00:00:00+00:00, run_after=2022-10-26T00:00:00+00:00
[2022-10-28 08:26:56,648] {logging_mixin.py:115} INFO - [2022-10-28 08:26:56,648] {dag.py:2919} INFO - Setting next_dagrun for example_subdag_operator.section-1 to None, run_after=None
[2022-10-28 08:26:56,661] {logging_mixin.py:115} INFO - [2022-10-28 08:26:56,661] {dag.py:2919} INFO - Setting next_dagrun for example_subdag_operator.section-2 to None, run_after=None
[2022-10-28 08:26:56,725] {logging_mixin.py:115} INFO - [2022-10-28 08:26:56,725] {dag.py:2371} INFO - Sync 2 DAGs
[2022-10-28 08:26:56,746] {logging_mixin.py:115} INFO - [2022-10-28 08:26:56,746] {dag.py:2919} INFO - Setting next_dagrun for example_subdag_operator.section-1 to None, run_after=None
[2022-10-28 08:26:56,746] {logging_mixin.py:115} INFO - [2022-10-28 08:26:56,746] {dag.py:2919} INFO - Setting next_dagrun for example_subdag_operator.section-2 to None, run_after=None
[2022-10-28 08:26:56,788] {processor.py:161} INFO - Processing /home/airflow/.local/lib/python3.7/site-packages/airflow/example_dags/example_subdag_operator.py took 1.354 seconds
[2022-10-28 08:27:26,963] {processor.py:153} INFO - Started process (PID=7551) to work on /home/airflow/.local/lib/python3.7/site-packages/airflow/example_dags/example_subdag_operator.py
[2022-10-28 08:27:26,964] {processor.py:641} INFO - Processing file /home/airflow/.local/lib/python3.7/site-packages/airflow/example_dags/example_subdag_operator.py for tasks to queue
[2022-10-28 08:27:26,970] {logging_mixin.py:115} INFO - [2022-10-28 08:27:26,970] {dagbag.py:507} INFO - Filling up the DagBag from /home/airflow/.local/lib/python3.7/site-packages/airflow/example_dags/example_subdag_operator.py
[2022-10-28 08:27:27,017] {processor.py:651} INFO - DAG(s) dict_keys(['example_subdag_operator.section-1', 'example_subdag_operator.section-2', 'example_subdag_operator']) retrieved from /home/airflow/.local/lib/python3.7/site-packages/airflow/example_dags/example_subdag_operator.py
[2022-10-28 08:27:27,095] {logging_mixin.py:115} INFO - [2022-10-28 08:27:27,095] {dag.py:2371} INFO - Sync 3 DAGs
[2022-10-28 08:27:27,146] {logging_mixin.py:115} INFO - [2022-10-28 08:27:27,146] {dag.py:2919} INFO - Setting next_dagrun for example_subdag_operator to 2022-10-26T00:00:00+00:00, run_after=2022-10-26T00:00:00+00:00
[2022-10-28 08:27:27,147] {logging_mixin.py:115} INFO - [2022-10-28 08:27:27,147] {dag.py:2919} INFO - Setting next_dagrun for example_subdag_operator.section-1 to None, run_after=None
[2022-10-28 08:27:27,147] {logging_mixin.py:115} INFO - [2022-10-28 08:27:27,147] {dag.py:2919} INFO - Setting next_dagrun for example_subdag_operator.section-2 to None, run_after=None
[2022-10-28 08:27:27,161] {logging_mixin.py:115} INFO - [2022-10-28 08:27:27,160] {dag.py:2371} INFO - Sync 2 DAGs
[2022-10-28 08:27:27,171] {logging_mixin.py:115} INFO - [2022-10-28 08:27:27,171] {dag.py:2919} INFO - Setting next_dagrun for example_subdag_operator.section-1 to None, run_after=None
[2022-10-28 08:27:27,172] {logging_mixin.py:115} INFO - [2022-10-28 08:27:27,172] {dag.py:2919} INFO - Setting next_dagrun for example_subdag_operator.section-2 to None, run_after=None
[2022-10-28 08:27:27,193] {processor.py:161} INFO - Processing /home/airflow/.local/lib/python3.7/site-packages/airflow/example_dags/example_subdag_operator.py took 0.236 seconds
[2022-10-28 08:27:58,337] {processor.py:153} INFO - Started process (PID=7596) to work on /home/airflow/.local/lib/python3.7/site-packages/airflow/example_dags/example_subdag_operator.py
[2022-10-28 08:27:58,339] {processor.py:641} INFO - Processing file /home/airflow/.local/lib/python3.7/site-packages/airflow/example_dags/example_subdag_operator.py for tasks to queue
[2022-10-28 08:27:58,340] {logging_mixin.py:115} INFO - [2022-10-28 08:27:58,340] {dagbag.py:507} INFO - Filling up the DagBag from /home/airflow/.local/lib/python3.7/site-packages/airflow/example_dags/example_subdag_operator.py
[2022-10-28 08:27:58,461] {processor.py:651} INFO - DAG(s) dict_keys(['example_subdag_operator.section-1', 'example_subdag_operator.section-2', 'example_subdag_operator']) retrieved from /home/airflow/.local/lib/python3.7/site-packages/airflow/example_dags/example_subdag_operator.py
[2022-10-28 08:27:58,643] {logging_mixin.py:115} INFO - [2022-10-28 08:27:58,643] {dag.py:2371} INFO - Sync 3 DAGs
[2022-10-28 08:27:58,745] {logging_mixin.py:115} INFO - [2022-10-28 08:27:58,745] {dag.py:2919} INFO - Setting next_dagrun for example_subdag_operator to 2022-10-26T00:00:00+00:00, run_after=2022-10-26T00:00:00+00:00
[2022-10-28 08:27:58,763] {logging_mixin.py:115} INFO - [2022-10-28 08:27:58,763] {dag.py:2919} INFO - Setting next_dagrun for example_subdag_operator.section-1 to None, run_after=None
[2022-10-28 08:27:58,764] {logging_mixin.py:115} INFO - [2022-10-28 08:27:58,764] {dag.py:2919} INFO - Setting next_dagrun for example_subdag_operator.section-2 to None, run_after=None
[2022-10-28 08:27:58,792] {logging_mixin.py:115} INFO - [2022-10-28 08:27:58,792] {dag.py:2371} INFO - Sync 2 DAGs
[2022-10-28 08:27:58,821] {logging_mixin.py:115} INFO - [2022-10-28 08:27:58,821] {dag.py:2919} INFO - Setting next_dagrun for example_subdag_operator.section-1 to None, run_after=None
[2022-10-28 08:27:58,827] {logging_mixin.py:115} INFO - [2022-10-28 08:27:58,826] {dag.py:2919} INFO - Setting next_dagrun for example_subdag_operator.section-2 to None, run_after=None
[2022-10-28 08:27:58,882] {processor.py:161} INFO - Processing /home/airflow/.local/lib/python3.7/site-packages/airflow/example_dags/example_subdag_operator.py took 0.559 seconds
[2022-10-28 08:28:29,163] {processor.py:153} INFO - Started process (PID=7645) to work on /home/airflow/.local/lib/python3.7/site-packages/airflow/example_dags/example_subdag_operator.py
[2022-10-28 08:28:29,164] {processor.py:641} INFO - Processing file /home/airflow/.local/lib/python3.7/site-packages/airflow/example_dags/example_subdag_operator.py for tasks to queue
[2022-10-28 08:28:29,166] {logging_mixin.py:115} INFO - [2022-10-28 08:28:29,165] {dagbag.py:507} INFO - Filling up the DagBag from /home/airflow/.local/lib/python3.7/site-packages/airflow/example_dags/example_subdag_operator.py
[2022-10-28 08:28:29,208] {processor.py:651} INFO - DAG(s) dict_keys(['example_subdag_operator.section-1', 'example_subdag_operator.section-2', 'example_subdag_operator']) retrieved from /home/airflow/.local/lib/python3.7/site-packages/airflow/example_dags/example_subdag_operator.py
[2022-10-28 08:28:29,262] {logging_mixin.py:115} INFO - [2022-10-28 08:28:29,262] {dag.py:2371} INFO - Sync 3 DAGs
[2022-10-28 08:28:29,296] {logging_mixin.py:115} INFO - [2022-10-28 08:28:29,296] {dag.py:2919} INFO - Setting next_dagrun for example_subdag_operator to 2022-10-26T00:00:00+00:00, run_after=2022-10-26T00:00:00+00:00
[2022-10-28 08:28:29,297] {logging_mixin.py:115} INFO - [2022-10-28 08:28:29,297] {dag.py:2919} INFO - Setting next_dagrun for example_subdag_operator.section-1 to None, run_after=None
[2022-10-28 08:28:29,298] {logging_mixin.py:115} INFO - [2022-10-28 08:28:29,298] {dag.py:2919} INFO - Setting next_dagrun for example_subdag_operator.section-2 to None, run_after=None
[2022-10-28 08:28:29,310] {logging_mixin.py:115} INFO - [2022-10-28 08:28:29,310] {dag.py:2371} INFO - Sync 2 DAGs
[2022-10-28 08:28:29,321] {logging_mixin.py:115} INFO - [2022-10-28 08:28:29,320] {dag.py:2919} INFO - Setting next_dagrun for example_subdag_operator.section-1 to None, run_after=None
[2022-10-28 08:28:29,322] {logging_mixin.py:115} INFO - [2022-10-28 08:28:29,321] {dag.py:2919} INFO - Setting next_dagrun for example_subdag_operator.section-2 to None, run_after=None
[2022-10-28 08:28:29,339] {processor.py:161} INFO - Processing /home/airflow/.local/lib/python3.7/site-packages/airflow/example_dags/example_subdag_operator.py took 0.180 seconds
