[2022-10-28 18:57:46,422] {processor.py:153} INFO - Started process (PID=7472) to work on /home/airflow/.local/lib/python3.7/site-packages/airflow/example_dags/example_branch_labels.py
[2022-10-28 18:57:46,465] {processor.py:641} INFO - Processing file /home/airflow/.local/lib/python3.7/site-packages/airflow/example_dags/example_branch_labels.py for tasks to queue
[2022-10-28 18:57:46,472] {logging_mixin.py:115} INFO - [2022-10-28 18:57:46,472] {dagbag.py:507} INFO - Filling up the DagBag from /home/airflow/.local/lib/python3.7/site-packages/airflow/example_dags/example_branch_labels.py
[2022-10-28 18:57:46,584] {processor.py:651} INFO - DAG(s) dict_keys(['example_branch_labels']) retrieved from /home/airflow/.local/lib/python3.7/site-packages/airflow/example_dags/example_branch_labels.py
[2022-10-28 08:26:38,712] {logging_mixin.py:115} INFO - [2022-10-28 08:26:38,712] {dag.py:2371} INFO - Sync 1 DAGs
[2022-10-28 08:26:39,706] {logging_mixin.py:115} INFO - [2022-10-28 08:26:39,706] {dag.py:2919} INFO - Setting next_dagrun for example_branch_labels to 2022-10-27T00:00:00+00:00, run_after=2022-10-28T00:00:00+00:00
[2022-10-28 08:26:40,062] {processor.py:161} INFO - Processing /home/airflow/.local/lib/python3.7/site-packages/airflow/example_dags/example_branch_labels.py took 2.351 seconds
[2022-10-28 08:27:11,051] {processor.py:153} INFO - Started process (PID=7518) to work on /home/airflow/.local/lib/python3.7/site-packages/airflow/example_dags/example_branch_labels.py
[2022-10-28 08:27:11,052] {processor.py:641} INFO - Processing file /home/airflow/.local/lib/python3.7/site-packages/airflow/example_dags/example_branch_labels.py for tasks to queue
[2022-10-28 08:27:11,060] {logging_mixin.py:115} INFO - [2022-10-28 08:27:11,060] {dagbag.py:507} INFO - Filling up the DagBag from /home/airflow/.local/lib/python3.7/site-packages/airflow/example_dags/example_branch_labels.py
[2022-10-28 08:27:11,077] {processor.py:651} INFO - DAG(s) dict_keys(['example_branch_labels']) retrieved from /home/airflow/.local/lib/python3.7/site-packages/airflow/example_dags/example_branch_labels.py
[2022-10-28 08:27:11,194] {logging_mixin.py:115} INFO - [2022-10-28 08:27:11,194] {dag.py:2371} INFO - Sync 1 DAGs
[2022-10-28 08:27:11,382] {logging_mixin.py:115} INFO - [2022-10-28 08:27:11,382] {dag.py:2919} INFO - Setting next_dagrun for example_branch_labels to 2022-10-27T00:00:00+00:00, run_after=2022-10-28T00:00:00+00:00
[2022-10-28 08:27:11,497] {processor.py:161} INFO - Processing /home/airflow/.local/lib/python3.7/site-packages/airflow/example_dags/example_branch_labels.py took 0.462 seconds
[2022-10-28 08:27:41,736] {processor.py:153} INFO - Started process (PID=7564) to work on /home/airflow/.local/lib/python3.7/site-packages/airflow/example_dags/example_branch_labels.py
[2022-10-28 08:27:41,740] {processor.py:641} INFO - Processing file /home/airflow/.local/lib/python3.7/site-packages/airflow/example_dags/example_branch_labels.py for tasks to queue
[2022-10-28 08:27:41,748] {logging_mixin.py:115} INFO - [2022-10-28 08:27:41,748] {dagbag.py:507} INFO - Filling up the DagBag from /home/airflow/.local/lib/python3.7/site-packages/airflow/example_dags/example_branch_labels.py
[2022-10-28 08:27:41,763] {processor.py:651} INFO - DAG(s) dict_keys(['example_branch_labels']) retrieved from /home/airflow/.local/lib/python3.7/site-packages/airflow/example_dags/example_branch_labels.py
[2022-10-28 08:27:41,804] {logging_mixin.py:115} INFO - [2022-10-28 08:27:41,803] {dag.py:2371} INFO - Sync 1 DAGs
[2022-10-28 08:27:41,841] {logging_mixin.py:115} INFO - [2022-10-28 08:27:41,841] {dag.py:2919} INFO - Setting next_dagrun for example_branch_labels to 2022-10-27T00:00:00+00:00, run_after=2022-10-28T00:00:00+00:00
[2022-10-28 08:27:41,872] {processor.py:161} INFO - Processing /home/airflow/.local/lib/python3.7/site-packages/airflow/example_dags/example_branch_labels.py took 0.141 seconds
[2022-10-28 08:28:11,946] {processor.py:153} INFO - Started process (PID=7612) to work on /home/airflow/.local/lib/python3.7/site-packages/airflow/example_dags/example_branch_labels.py
[2022-10-28 08:28:11,948] {processor.py:641} INFO - Processing file /home/airflow/.local/lib/python3.7/site-packages/airflow/example_dags/example_branch_labels.py for tasks to queue
[2022-10-28 08:28:11,951] {logging_mixin.py:115} INFO - [2022-10-28 08:28:11,951] {dagbag.py:507} INFO - Filling up the DagBag from /home/airflow/.local/lib/python3.7/site-packages/airflow/example_dags/example_branch_labels.py
[2022-10-28 08:28:11,966] {processor.py:651} INFO - DAG(s) dict_keys(['example_branch_labels']) retrieved from /home/airflow/.local/lib/python3.7/site-packages/airflow/example_dags/example_branch_labels.py
[2022-10-28 08:28:12,016] {logging_mixin.py:115} INFO - [2022-10-28 08:28:12,016] {dag.py:2371} INFO - Sync 1 DAGs
[2022-10-28 08:28:12,063] {logging_mixin.py:115} INFO - [2022-10-28 08:28:12,063] {dag.py:2919} INFO - Setting next_dagrun for example_branch_labels to 2022-10-27T00:00:00+00:00, run_after=2022-10-28T00:00:00+00:00
[2022-10-28 08:28:12,096] {processor.py:161} INFO - Processing /home/airflow/.local/lib/python3.7/site-packages/airflow/example_dags/example_branch_labels.py took 0.155 seconds
