[2022-10-28 08:26:51,125] {processor.py:153} INFO - Started process (PID=7492) to work on /home/airflow/.local/lib/python3.7/site-packages/airflow/example_dags/example_branch_operator.py
[2022-10-28 08:26:51,131] {processor.py:641} INFO - Processing file /home/airflow/.local/lib/python3.7/site-packages/airflow/example_dags/example_branch_operator.py for tasks to queue
[2022-10-28 08:26:51,151] {logging_mixin.py:115} INFO - [2022-10-28 08:26:51,151] {dagbag.py:507} INFO - Filling up the DagBag from /home/airflow/.local/lib/python3.7/site-packages/airflow/example_dags/example_branch_operator.py
[2022-10-28 08:26:51,242] {processor.py:651} INFO - DAG(s) dict_keys(['example_branch_operator']) retrieved from /home/airflow/.local/lib/python3.7/site-packages/airflow/example_dags/example_branch_operator.py
[2022-10-28 08:26:51,566] {logging_mixin.py:115} INFO - [2022-10-28 08:26:51,565] {dag.py:2371} INFO - Sync 1 DAGs
[2022-10-28 08:26:51,736] {logging_mixin.py:115} INFO - [2022-10-28 08:26:51,735] {dag.py:2919} INFO - Setting next_dagrun for example_branch_operator to 2022-10-27T00:00:00+00:00, run_after=2022-10-28T00:00:00+00:00
[2022-10-28 08:26:51,858] {processor.py:161} INFO - Processing /home/airflow/.local/lib/python3.7/site-packages/airflow/example_dags/example_branch_operator.py took 0.738 seconds
[2022-10-28 08:27:22,906] {processor.py:153} INFO - Started process (PID=7532) to work on /home/airflow/.local/lib/python3.7/site-packages/airflow/example_dags/example_branch_operator.py
[2022-10-28 08:27:22,907] {processor.py:641} INFO - Processing file /home/airflow/.local/lib/python3.7/site-packages/airflow/example_dags/example_branch_operator.py for tasks to queue
[2022-10-28 08:27:22,908] {logging_mixin.py:115} INFO - [2022-10-28 08:27:22,908] {dagbag.py:507} INFO - Filling up the DagBag from /home/airflow/.local/lib/python3.7/site-packages/airflow/example_dags/example_branch_operator.py
[2022-10-28 08:27:22,937] {processor.py:651} INFO - DAG(s) dict_keys(['example_branch_operator']) retrieved from /home/airflow/.local/lib/python3.7/site-packages/airflow/example_dags/example_branch_operator.py
[2022-10-28 08:27:23,024] {logging_mixin.py:115} INFO - [2022-10-28 08:27:23,024] {dag.py:2371} INFO - Sync 1 DAGs
[2022-10-28 08:27:23,086] {logging_mixin.py:115} INFO - [2022-10-28 08:27:23,086] {dag.py:2919} INFO - Setting next_dagrun for example_branch_operator to 2022-10-27T00:00:00+00:00, run_after=2022-10-28T00:00:00+00:00
[2022-10-28 08:27:23,119] {processor.py:161} INFO - Processing /home/airflow/.local/lib/python3.7/site-packages/airflow/example_dags/example_branch_operator.py took 0.218 seconds
[2022-10-28 08:27:53,872] {processor.py:153} INFO - Started process (PID=7587) to work on /home/airflow/.local/lib/python3.7/site-packages/airflow/example_dags/example_branch_operator.py
[2022-10-28 08:27:53,874] {processor.py:641} INFO - Processing file /home/airflow/.local/lib/python3.7/site-packages/airflow/example_dags/example_branch_operator.py for tasks to queue
[2022-10-28 08:27:53,892] {logging_mixin.py:115} INFO - [2022-10-28 08:27:53,891] {dagbag.py:507} INFO - Filling up the DagBag from /home/airflow/.local/lib/python3.7/site-packages/airflow/example_dags/example_branch_operator.py
[2022-10-28 08:27:54,088] {processor.py:651} INFO - DAG(s) dict_keys(['example_branch_operator']) retrieved from /home/airflow/.local/lib/python3.7/site-packages/airflow/example_dags/example_branch_operator.py
[2022-10-28 08:27:54,641] {logging_mixin.py:115} INFO - [2022-10-28 08:27:54,641] {dag.py:2371} INFO - Sync 1 DAGs
[2022-10-28 08:27:54,908] {logging_mixin.py:115} INFO - [2022-10-28 08:27:54,908] {dag.py:2919} INFO - Setting next_dagrun for example_branch_operator to 2022-10-27T00:00:00+00:00, run_after=2022-10-28T00:00:00+00:00
[2022-10-28 08:27:54,981] {processor.py:161} INFO - Processing /home/airflow/.local/lib/python3.7/site-packages/airflow/example_dags/example_branch_operator.py took 1.143 seconds
[2022-10-28 08:28:25,943] {processor.py:153} INFO - Started process (PID=7636) to work on /home/airflow/.local/lib/python3.7/site-packages/airflow/example_dags/example_branch_operator.py
[2022-10-28 08:28:25,944] {processor.py:641} INFO - Processing file /home/airflow/.local/lib/python3.7/site-packages/airflow/example_dags/example_branch_operator.py for tasks to queue
[2022-10-28 08:28:25,946] {logging_mixin.py:115} INFO - [2022-10-28 08:28:25,945] {dagbag.py:507} INFO - Filling up the DagBag from /home/airflow/.local/lib/python3.7/site-packages/airflow/example_dags/example_branch_operator.py
[2022-10-28 08:28:25,970] {processor.py:651} INFO - DAG(s) dict_keys(['example_branch_operator']) retrieved from /home/airflow/.local/lib/python3.7/site-packages/airflow/example_dags/example_branch_operator.py
[2022-10-28 08:28:26,023] {logging_mixin.py:115} INFO - [2022-10-28 08:28:26,023] {dag.py:2371} INFO - Sync 1 DAGs
[2022-10-28 08:28:26,065] {logging_mixin.py:115} INFO - [2022-10-28 08:28:26,065] {dag.py:2919} INFO - Setting next_dagrun for example_branch_operator to 2022-10-27T00:00:00+00:00, run_after=2022-10-28T00:00:00+00:00
[2022-10-28 08:28:26,091] {processor.py:161} INFO - Processing /home/airflow/.local/lib/python3.7/site-packages/airflow/example_dags/example_branch_operator.py took 0.153 seconds
