[2022-10-28 08:26:53,420] {processor.py:153} INFO - Started process (PID=7497) to work on /home/airflow/.local/lib/python3.7/site-packages/airflow/example_dags/example_task_group_decorator.py
[2022-10-28 08:26:53,443] {processor.py:641} INFO - Processing file /home/airflow/.local/lib/python3.7/site-packages/airflow/example_dags/example_task_group_decorator.py for tasks to queue
[2022-10-28 08:26:53,462] {logging_mixin.py:115} INFO - [2022-10-28 08:26:53,461] {dagbag.py:507} INFO - Filling up the DagBag from /home/airflow/.local/lib/python3.7/site-packages/airflow/example_dags/example_task_group_decorator.py
[2022-10-28 08:26:53,876] {processor.py:651} INFO - DAG(s) dict_keys(['example_task_group_decorator']) retrieved from /home/airflow/.local/lib/python3.7/site-packages/airflow/example_dags/example_task_group_decorator.py
[2022-10-28 08:26:54,415] {logging_mixin.py:115} INFO - [2022-10-28 08:26:54,415] {dag.py:2371} INFO - Sync 1 DAGs
[2022-10-28 08:26:54,501] {logging_mixin.py:115} INFO - [2022-10-28 08:26:54,500] {dag.py:2919} INFO - Setting next_dagrun for example_task_group_decorator to 2022-10-27T08:26:54.500245+00:00, run_after=2022-10-28T08:26:54.500245+00:00
[2022-10-28 08:26:54,611] {processor.py:161} INFO - Processing /home/airflow/.local/lib/python3.7/site-packages/airflow/example_dags/example_task_group_decorator.py took 1.201 seconds
[2022-10-28 08:27:25,021] {processor.py:153} INFO - Started process (PID=7545) to work on /home/airflow/.local/lib/python3.7/site-packages/airflow/example_dags/example_task_group_decorator.py
[2022-10-28 08:27:25,026] {processor.py:641} INFO - Processing file /home/airflow/.local/lib/python3.7/site-packages/airflow/example_dags/example_task_group_decorator.py for tasks to queue
[2022-10-28 08:27:25,028] {logging_mixin.py:115} INFO - [2022-10-28 08:27:25,028] {dagbag.py:507} INFO - Filling up the DagBag from /home/airflow/.local/lib/python3.7/site-packages/airflow/example_dags/example_task_group_decorator.py
[2022-10-28 08:27:25,142] {processor.py:651} INFO - DAG(s) dict_keys(['example_task_group_decorator']) retrieved from /home/airflow/.local/lib/python3.7/site-packages/airflow/example_dags/example_task_group_decorator.py
[2022-10-28 08:27:25,296] {logging_mixin.py:115} INFO - [2022-10-28 08:27:25,295] {dag.py:2371} INFO - Sync 1 DAGs
[2022-10-28 08:27:25,370] {logging_mixin.py:115} INFO - [2022-10-28 08:27:25,369] {dag.py:2919} INFO - Setting next_dagrun for example_task_group_decorator to 2022-10-27T08:27:25.369152+00:00, run_after=2022-10-28T08:27:25.369152+00:00
[2022-10-28 08:27:25,413] {processor.py:161} INFO - Processing /home/airflow/.local/lib/python3.7/site-packages/airflow/example_dags/example_task_group_decorator.py took 0.397 seconds
[2022-10-28 08:27:55,555] {processor.py:153} INFO - Started process (PID=7590) to work on /home/airflow/.local/lib/python3.7/site-packages/airflow/example_dags/example_task_group_decorator.py
[2022-10-28 08:27:55,556] {processor.py:641} INFO - Processing file /home/airflow/.local/lib/python3.7/site-packages/airflow/example_dags/example_task_group_decorator.py for tasks to queue
[2022-10-28 08:27:55,557] {logging_mixin.py:115} INFO - [2022-10-28 08:27:55,557] {dagbag.py:507} INFO - Filling up the DagBag from /home/airflow/.local/lib/python3.7/site-packages/airflow/example_dags/example_task_group_decorator.py
[2022-10-28 08:27:55,611] {processor.py:651} INFO - DAG(s) dict_keys(['example_task_group_decorator']) retrieved from /home/airflow/.local/lib/python3.7/site-packages/airflow/example_dags/example_task_group_decorator.py
[2022-10-28 08:27:55,743] {logging_mixin.py:115} INFO - [2022-10-28 08:27:55,743] {dag.py:2371} INFO - Sync 1 DAGs
[2022-10-28 08:27:55,780] {logging_mixin.py:115} INFO - [2022-10-28 08:27:55,779] {dag.py:2919} INFO - Setting next_dagrun for example_task_group_decorator to 2022-10-27T08:27:55.779365+00:00, run_after=2022-10-28T08:27:55.779365+00:00
[2022-10-28 08:27:55,820] {processor.py:161} INFO - Processing /home/airflow/.local/lib/python3.7/site-packages/airflow/example_dags/example_task_group_decorator.py took 0.271 seconds
[2022-10-28 08:28:26,482] {processor.py:153} INFO - Started process (PID=7639) to work on /home/airflow/.local/lib/python3.7/site-packages/airflow/example_dags/example_task_group_decorator.py
[2022-10-28 08:28:26,486] {processor.py:641} INFO - Processing file /home/airflow/.local/lib/python3.7/site-packages/airflow/example_dags/example_task_group_decorator.py for tasks to queue
[2022-10-28 08:28:26,487] {logging_mixin.py:115} INFO - [2022-10-28 08:28:26,487] {dagbag.py:507} INFO - Filling up the DagBag from /home/airflow/.local/lib/python3.7/site-packages/airflow/example_dags/example_task_group_decorator.py
[2022-10-28 08:28:26,556] {processor.py:651} INFO - DAG(s) dict_keys(['example_task_group_decorator']) retrieved from /home/airflow/.local/lib/python3.7/site-packages/airflow/example_dags/example_task_group_decorator.py
[2022-10-28 08:28:26,685] {logging_mixin.py:115} INFO - [2022-10-28 08:28:26,685] {dag.py:2371} INFO - Sync 1 DAGs
[2022-10-28 08:28:26,734] {logging_mixin.py:115} INFO - [2022-10-28 08:28:26,734] {dag.py:2919} INFO - Setting next_dagrun for example_task_group_decorator to 2022-10-27T08:28:26.732840+00:00, run_after=2022-10-28T08:28:26.732840+00:00
[2022-10-28 08:28:26,771] {processor.py:161} INFO - Processing /home/airflow/.local/lib/python3.7/site-packages/airflow/example_dags/example_task_group_decorator.py took 0.295 seconds
