[2022-10-28 08:26:53,489] {processor.py:153} INFO - Started process (PID=7498) to work on /home/airflow/.local/lib/python3.7/site-packages/airflow/example_dags/example_branch_python_dop_operator_3.py
[2022-10-28 08:26:53,512] {processor.py:641} INFO - Processing file /home/airflow/.local/lib/python3.7/site-packages/airflow/example_dags/example_branch_python_dop_operator_3.py for tasks to queue
[2022-10-28 08:26:53,531] {logging_mixin.py:115} INFO - [2022-10-28 08:26:53,531] {dagbag.py:507} INFO - Filling up the DagBag from /home/airflow/.local/lib/python3.7/site-packages/airflow/example_dags/example_branch_python_dop_operator_3.py
[2022-10-28 08:26:53,662] {processor.py:651} INFO - DAG(s) dict_keys(['example_branch_dop_operator_v3']) retrieved from /home/airflow/.local/lib/python3.7/site-packages/airflow/example_dags/example_branch_python_dop_operator_3.py
[2022-10-28 08:26:53,762] {logging_mixin.py:115} INFO - [2022-10-28 08:26:53,762] {dag.py:2371} INFO - Sync 1 DAGs
[2022-10-28 08:26:54,074] {logging_mixin.py:115} INFO - [2022-10-28 08:26:54,074] {dag.py:2919} INFO - Setting next_dagrun for example_branch_dop_operator_v3 to 2022-10-28T08:25:00+00:00, run_after=2022-10-28T08:26:00+00:00
[2022-10-28 08:26:54,136] {processor.py:161} INFO - Processing /home/airflow/.local/lib/python3.7/site-packages/airflow/example_dags/example_branch_python_dop_operator_3.py took 0.680 seconds
[2022-10-28 08:27:24,664] {processor.py:153} INFO - Started process (PID=7544) to work on /home/airflow/.local/lib/python3.7/site-packages/airflow/example_dags/example_branch_python_dop_operator_3.py
[2022-10-28 08:27:24,669] {processor.py:641} INFO - Processing file /home/airflow/.local/lib/python3.7/site-packages/airflow/example_dags/example_branch_python_dop_operator_3.py for tasks to queue
[2022-10-28 08:27:24,677] {logging_mixin.py:115} INFO - [2022-10-28 08:27:24,676] {dagbag.py:507} INFO - Filling up the DagBag from /home/airflow/.local/lib/python3.7/site-packages/airflow/example_dags/example_branch_python_dop_operator_3.py
[2022-10-28 08:27:24,729] {processor.py:651} INFO - DAG(s) dict_keys(['example_branch_dop_operator_v3']) retrieved from /home/airflow/.local/lib/python3.7/site-packages/airflow/example_dags/example_branch_python_dop_operator_3.py
[2022-10-28 08:27:24,805] {logging_mixin.py:115} INFO - [2022-10-28 08:27:24,804] {dag.py:2371} INFO - Sync 1 DAGs
[2022-10-28 08:27:24,907] {logging_mixin.py:115} INFO - [2022-10-28 08:27:24,906] {dag.py:2919} INFO - Setting next_dagrun for example_branch_dop_operator_v3 to 2022-10-28T08:26:00+00:00, run_after=2022-10-28T08:27:00+00:00
[2022-10-28 08:27:24,941] {processor.py:161} INFO - Processing /home/airflow/.local/lib/python3.7/site-packages/airflow/example_dags/example_branch_python_dop_operator_3.py took 0.284 seconds
[2022-10-28 08:27:55,555] {processor.py:153} INFO - Started process (PID=7591) to work on /home/airflow/.local/lib/python3.7/site-packages/airflow/example_dags/example_branch_python_dop_operator_3.py
[2022-10-28 08:27:55,556] {processor.py:641} INFO - Processing file /home/airflow/.local/lib/python3.7/site-packages/airflow/example_dags/example_branch_python_dop_operator_3.py for tasks to queue
[2022-10-28 08:27:55,557] {logging_mixin.py:115} INFO - [2022-10-28 08:27:55,557] {dagbag.py:507} INFO - Filling up the DagBag from /home/airflow/.local/lib/python3.7/site-packages/airflow/example_dags/example_branch_python_dop_operator_3.py
[2022-10-28 08:27:55,572] {processor.py:651} INFO - DAG(s) dict_keys(['example_branch_dop_operator_v3']) retrieved from /home/airflow/.local/lib/python3.7/site-packages/airflow/example_dags/example_branch_python_dop_operator_3.py
[2022-10-28 08:27:55,619] {logging_mixin.py:115} INFO - [2022-10-28 08:27:55,619] {dag.py:2371} INFO - Sync 1 DAGs
[2022-10-28 08:27:55,680] {logging_mixin.py:115} INFO - [2022-10-28 08:27:55,679] {dag.py:2919} INFO - Setting next_dagrun for example_branch_dop_operator_v3 to 2022-10-28T08:26:00+00:00, run_after=2022-10-28T08:27:00+00:00
[2022-10-28 08:27:55,704] {processor.py:161} INFO - Processing /home/airflow/.local/lib/python3.7/site-packages/airflow/example_dags/example_branch_python_dop_operator_3.py took 0.154 seconds
[2022-10-28 08:28:26,513] {processor.py:153} INFO - Started process (PID=7640) to work on /home/airflow/.local/lib/python3.7/site-packages/airflow/example_dags/example_branch_python_dop_operator_3.py
[2022-10-28 08:28:26,514] {processor.py:641} INFO - Processing file /home/airflow/.local/lib/python3.7/site-packages/airflow/example_dags/example_branch_python_dop_operator_3.py for tasks to queue
[2022-10-28 08:28:26,516] {logging_mixin.py:115} INFO - [2022-10-28 08:28:26,515] {dagbag.py:507} INFO - Filling up the DagBag from /home/airflow/.local/lib/python3.7/site-packages/airflow/example_dags/example_branch_python_dop_operator_3.py
[2022-10-28 08:28:26,538] {processor.py:651} INFO - DAG(s) dict_keys(['example_branch_dop_operator_v3']) retrieved from /home/airflow/.local/lib/python3.7/site-packages/airflow/example_dags/example_branch_python_dop_operator_3.py
[2022-10-28 08:28:26,590] {logging_mixin.py:115} INFO - [2022-10-28 08:28:26,590] {dag.py:2371} INFO - Sync 1 DAGs
[2022-10-28 08:28:26,645] {logging_mixin.py:115} INFO - [2022-10-28 08:28:26,645] {dag.py:2919} INFO - Setting next_dagrun for example_branch_dop_operator_v3 to 2022-10-28T08:27:00+00:00, run_after=2022-10-28T08:28:00+00:00
[2022-10-28 08:28:26,672] {processor.py:161} INFO - Processing /home/airflow/.local/lib/python3.7/site-packages/airflow/example_dags/example_branch_python_dop_operator_3.py took 0.165 seconds
