[2022-10-28 08:26:40,388] {processor.py:153} INFO - Started process (PID=7473) to work on /home/airflow/.local/lib/python3.7/site-packages/airflow/example_dags/example_branch_operator_decorator.py
[2022-10-28 08:26:40,403] {processor.py:641} INFO - Processing file /home/airflow/.local/lib/python3.7/site-packages/airflow/example_dags/example_branch_operator_decorator.py for tasks to queue
[2022-10-28 08:26:40,431] {logging_mixin.py:115} INFO - [2022-10-28 08:26:40,407] {dagbag.py:507} INFO - Filling up the DagBag from /home/airflow/.local/lib/python3.7/site-packages/airflow/example_dags/example_branch_operator_decorator.py
[2022-10-28 08:26:41,217] {processor.py:651} INFO - DAG(s) dict_keys(['example_branch_python_operator_decorator']) retrieved from /home/airflow/.local/lib/python3.7/site-packages/airflow/example_dags/example_branch_operator_decorator.py
[2022-10-28 08:26:42,363] {logging_mixin.py:115} INFO - [2022-10-28 08:26:42,363] {dag.py:2371} INFO - Sync 1 DAGs
[2022-10-28 08:26:42,634] {logging_mixin.py:115} INFO - [2022-10-28 08:26:42,633] {dag.py:2919} INFO - Setting next_dagrun for example_branch_python_operator_decorator to 2022-10-27T00:00:00+00:00, run_after=2022-10-28T00:00:00+00:00
[2022-10-28 08:26:42,741] {processor.py:161} INFO - Processing /home/airflow/.local/lib/python3.7/site-packages/airflow/example_dags/example_branch_operator_decorator.py took 2.358 seconds
[2022-10-28 08:27:13,329] {processor.py:153} INFO - Started process (PID=7519) to work on /home/airflow/.local/lib/python3.7/site-packages/airflow/example_dags/example_branch_operator_decorator.py
[2022-10-28 08:27:13,334] {processor.py:641} INFO - Processing file /home/airflow/.local/lib/python3.7/site-packages/airflow/example_dags/example_branch_operator_decorator.py for tasks to queue
[2022-10-28 08:27:13,336] {logging_mixin.py:115} INFO - [2022-10-28 08:27:13,336] {dagbag.py:507} INFO - Filling up the DagBag from /home/airflow/.local/lib/python3.7/site-packages/airflow/example_dags/example_branch_operator_decorator.py
[2022-10-28 08:27:13,402] {processor.py:651} INFO - DAG(s) dict_keys(['example_branch_python_operator_decorator']) retrieved from /home/airflow/.local/lib/python3.7/site-packages/airflow/example_dags/example_branch_operator_decorator.py
[2022-10-28 08:27:13,492] {logging_mixin.py:115} INFO - [2022-10-28 08:27:13,491] {dag.py:2371} INFO - Sync 1 DAGs
[2022-10-28 08:27:13,599] {logging_mixin.py:115} INFO - [2022-10-28 08:27:13,598] {dag.py:2919} INFO - Setting next_dagrun for example_branch_python_operator_decorator to 2022-10-27T00:00:00+00:00, run_after=2022-10-28T00:00:00+00:00
[2022-10-28 08:27:13,628] {processor.py:161} INFO - Processing /home/airflow/.local/lib/python3.7/site-packages/airflow/example_dags/example_branch_operator_decorator.py took 0.312 seconds
[2022-10-28 08:27:43,786] {processor.py:153} INFO - Started process (PID=7565) to work on /home/airflow/.local/lib/python3.7/site-packages/airflow/example_dags/example_branch_operator_decorator.py
[2022-10-28 08:27:43,788] {processor.py:641} INFO - Processing file /home/airflow/.local/lib/python3.7/site-packages/airflow/example_dags/example_branch_operator_decorator.py for tasks to queue
[2022-10-28 08:27:43,789] {logging_mixin.py:115} INFO - [2022-10-28 08:27:43,789] {dagbag.py:507} INFO - Filling up the DagBag from /home/airflow/.local/lib/python3.7/site-packages/airflow/example_dags/example_branch_operator_decorator.py
[2022-10-28 08:27:43,837] {processor.py:651} INFO - DAG(s) dict_keys(['example_branch_python_operator_decorator']) retrieved from /home/airflow/.local/lib/python3.7/site-packages/airflow/example_dags/example_branch_operator_decorator.py
[2022-10-28 08:27:43,910] {logging_mixin.py:115} INFO - [2022-10-28 08:27:43,910] {dag.py:2371} INFO - Sync 1 DAGs
[2022-10-28 08:27:43,963] {logging_mixin.py:115} INFO - [2022-10-28 08:27:43,962] {dag.py:2919} INFO - Setting next_dagrun for example_branch_python_operator_decorator to 2022-10-27T00:00:00+00:00, run_after=2022-10-28T00:00:00+00:00
[2022-10-28 08:27:44,000] {processor.py:161} INFO - Processing /home/airflow/.local/lib/python3.7/site-packages/airflow/example_dags/example_branch_operator_decorator.py took 0.223 seconds
[2022-10-28 08:28:14,158] {processor.py:153} INFO - Started process (PID=7613) to work on /home/airflow/.local/lib/python3.7/site-packages/airflow/example_dags/example_branch_operator_decorator.py
[2022-10-28 08:28:14,160] {processor.py:641} INFO - Processing file /home/airflow/.local/lib/python3.7/site-packages/airflow/example_dags/example_branch_operator_decorator.py for tasks to queue
[2022-10-28 08:28:14,161] {logging_mixin.py:115} INFO - [2022-10-28 08:28:14,161] {dagbag.py:507} INFO - Filling up the DagBag from /home/airflow/.local/lib/python3.7/site-packages/airflow/example_dags/example_branch_operator_decorator.py
[2022-10-28 08:28:14,200] {processor.py:651} INFO - DAG(s) dict_keys(['example_branch_python_operator_decorator']) retrieved from /home/airflow/.local/lib/python3.7/site-packages/airflow/example_dags/example_branch_operator_decorator.py
[2022-10-28 08:28:14,244] {logging_mixin.py:115} INFO - [2022-10-28 08:28:14,244] {dag.py:2371} INFO - Sync 1 DAGs
[2022-10-28 08:28:14,278] {logging_mixin.py:115} INFO - [2022-10-28 08:28:14,278] {dag.py:2919} INFO - Setting next_dagrun for example_branch_python_operator_decorator to 2022-10-27T00:00:00+00:00, run_after=2022-10-28T00:00:00+00:00
[2022-10-28 08:28:14,298] {processor.py:161} INFO - Processing /home/airflow/.local/lib/python3.7/site-packages/airflow/example_dags/example_branch_operator_decorator.py took 0.146 seconds
