[2022-10-28 18:57:44,625] {processor.py:153} INFO - Started process (PID=7468) to work on /home/airflow/.local/lib/python3.7/site-packages/airflow/example_dags/example_xcom.py
[2022-10-28 18:57:44,677] {processor.py:641} INFO - Processing file /home/airflow/.local/lib/python3.7/site-packages/airflow/example_dags/example_xcom.py for tasks to queue
[2022-10-28 18:57:45,208] {logging_mixin.py:115} INFO - [2022-10-28 18:57:45,208] {dagbag.py:507} INFO - Filling up the DagBag from /home/airflow/.local/lib/python3.7/site-packages/airflow/example_dags/example_xcom.py
[2022-10-28 18:57:45,485] {logging_mixin.py:115} INFO - [2022-10-28 18:57:45,467] {dagbag.py:320} ERROR - Failed to import: /home/airflow/.local/lib/python3.7/site-packages/airflow/example_dags/example_xcom.py
Traceback (most recent call last):
  File "/home/airflow/.local/lib/python3.7/site-packages/airflow/models/dagbag.py", line 317, in parse
    loader.exec_module(new_module)
  File "<frozen importlib._bootstrap_external>", line 728, in exec_module
  File "<frozen importlib._bootstrap>", line 219, in _call_with_frames_removed
  File "/home/airflow/.local/lib/python3.7/site-packages/airflow/example_dags/example_xcom.py", line 24, in <module>
    from airflow.operators.bash import BashOperator
  File "/home/airflow/.local/lib/python3.7/site-packages/airflow/operators/bash.py", line 23, in <module>
    from airflow.hooks.subprocess import SubprocessHook
  File "/home/airflow/.local/lib/python3.7/site-packages/airflow/hooks/subprocess.py", line 30, in <module>
    class SubprocessHook(BaseHook):
  File "/home/airflow/.local/lib/python3.7/site-packages/airflow/hooks/subprocess.py", line 30, in SubprocessHook
    class SubprocessHook(BaseHook):
SystemError: unknown opcode
[2022-10-28 18:57:45,487] {processor.py:653} WARNING - No viable dags retrieved from /home/airflow/.local/lib/python3.7/site-packages/airflow/example_dags/example_xcom.py
[2022-10-28 18:57:46,182] {processor.py:161} INFO - Processing /home/airflow/.local/lib/python3.7/site-packages/airflow/example_dags/example_xcom.py took 1.760 seconds
