[2022-10-28 08:26:45,507] {processor.py:153} INFO - Started process (PID=7478) to work on /home/airflow/.local/lib/python3.7/site-packages/airflow/example_dags/example_skip_dag.py
[2022-10-28 08:26:45,533] {processor.py:641} INFO - Processing file /home/airflow/.local/lib/python3.7/site-packages/airflow/example_dags/example_skip_dag.py for tasks to queue
[2022-10-28 08:26:45,549] {logging_mixin.py:115} INFO - [2022-10-28 08:26:45,548] {dagbag.py:507} INFO - Filling up the DagBag from /home/airflow/.local/lib/python3.7/site-packages/airflow/example_dags/example_skip_dag.py
[2022-10-28 08:26:45,668] {processor.py:651} INFO - DAG(s) dict_keys(['example_skip_dag']) retrieved from /home/airflow/.local/lib/python3.7/site-packages/airflow/example_dags/example_skip_dag.py
[2022-10-28 08:26:46,054] {logging_mixin.py:115} INFO - [2022-10-28 08:26:46,053] {dag.py:2371} INFO - Sync 1 DAGs
[2022-10-28 08:26:46,491] {logging_mixin.py:115} INFO - [2022-10-28 08:26:46,470] {dag.py:2919} INFO - Setting next_dagrun for example_skip_dag to 2022-10-27T08:26:46.469179+00:00, run_after=2022-10-28T08:26:46.469179+00:00
[2022-10-28 08:26:46,703] {processor.py:161} INFO - Processing /home/airflow/.local/lib/python3.7/site-packages/airflow/example_dags/example_skip_dag.py took 1.375 seconds
[2022-10-28 08:27:16,973] {processor.py:153} INFO - Started process (PID=7524) to work on /home/airflow/.local/lib/python3.7/site-packages/airflow/example_dags/example_skip_dag.py
[2022-10-28 08:27:16,975] {processor.py:641} INFO - Processing file /home/airflow/.local/lib/python3.7/site-packages/airflow/example_dags/example_skip_dag.py for tasks to queue
[2022-10-28 08:27:16,976] {logging_mixin.py:115} INFO - [2022-10-28 08:27:16,976] {dagbag.py:507} INFO - Filling up the DagBag from /home/airflow/.local/lib/python3.7/site-packages/airflow/example_dags/example_skip_dag.py
[2022-10-28 08:27:16,987] {processor.py:651} INFO - DAG(s) dict_keys(['example_skip_dag']) retrieved from /home/airflow/.local/lib/python3.7/site-packages/airflow/example_dags/example_skip_dag.py
[2022-10-28 08:27:17,044] {logging_mixin.py:115} INFO - [2022-10-28 08:27:17,044] {dag.py:2371} INFO - Sync 1 DAGs
[2022-10-28 08:27:17,089] {logging_mixin.py:115} INFO - [2022-10-28 08:27:17,089] {dag.py:2919} INFO - Setting next_dagrun for example_skip_dag to 2022-10-27T08:27:17.089146+00:00, run_after=2022-10-28T08:27:17.089146+00:00
[2022-10-28 08:27:17,129] {processor.py:161} INFO - Processing /home/airflow/.local/lib/python3.7/site-packages/airflow/example_dags/example_skip_dag.py took 0.161 seconds
[2022-10-28 08:27:47,548] {processor.py:153} INFO - Started process (PID=7570) to work on /home/airflow/.local/lib/python3.7/site-packages/airflow/example_dags/example_skip_dag.py
[2022-10-28 08:27:47,560] {processor.py:641} INFO - Processing file /home/airflow/.local/lib/python3.7/site-packages/airflow/example_dags/example_skip_dag.py for tasks to queue
[2022-10-28 08:27:47,562] {logging_mixin.py:115} INFO - [2022-10-28 08:27:47,562] {dagbag.py:507} INFO - Filling up the DagBag from /home/airflow/.local/lib/python3.7/site-packages/airflow/example_dags/example_skip_dag.py
[2022-10-28 08:27:47,579] {processor.py:651} INFO - DAG(s) dict_keys(['example_skip_dag']) retrieved from /home/airflow/.local/lib/python3.7/site-packages/airflow/example_dags/example_skip_dag.py
[2022-10-28 08:27:47,654] {logging_mixin.py:115} INFO - [2022-10-28 08:27:47,654] {dag.py:2371} INFO - Sync 1 DAGs
[2022-10-28 08:27:47,713] {logging_mixin.py:115} INFO - [2022-10-28 08:27:47,712] {dag.py:2919} INFO - Setting next_dagrun for example_skip_dag to 2022-10-27T08:27:47.712609+00:00, run_after=2022-10-28T08:27:47.712609+00:00
[2022-10-28 08:27:47,751] {processor.py:161} INFO - Processing /home/airflow/.local/lib/python3.7/site-packages/airflow/example_dags/example_skip_dag.py took 0.210 seconds
[2022-10-28 08:28:17,948] {processor.py:153} INFO - Started process (PID=7618) to work on /home/airflow/.local/lib/python3.7/site-packages/airflow/example_dags/example_skip_dag.py
[2022-10-28 08:28:17,949] {processor.py:641} INFO - Processing file /home/airflow/.local/lib/python3.7/site-packages/airflow/example_dags/example_skip_dag.py for tasks to queue
[2022-10-28 08:28:17,951] {logging_mixin.py:115} INFO - [2022-10-28 08:28:17,950] {dagbag.py:507} INFO - Filling up the DagBag from /home/airflow/.local/lib/python3.7/site-packages/airflow/example_dags/example_skip_dag.py
[2022-10-28 08:28:17,959] {processor.py:651} INFO - DAG(s) dict_keys(['example_skip_dag']) retrieved from /home/airflow/.local/lib/python3.7/site-packages/airflow/example_dags/example_skip_dag.py
[2022-10-28 08:28:17,997] {logging_mixin.py:115} INFO - [2022-10-28 08:28:17,997] {dag.py:2371} INFO - Sync 1 DAGs
[2022-10-28 08:28:18,028] {logging_mixin.py:115} INFO - [2022-10-28 08:28:18,028] {dag.py:2919} INFO - Setting next_dagrun for example_skip_dag to 2022-10-27T08:28:18.028389+00:00, run_after=2022-10-28T08:28:18.028389+00:00
[2022-10-28 08:28:18,052] {processor.py:161} INFO - Processing /home/airflow/.local/lib/python3.7/site-packages/airflow/example_dags/example_skip_dag.py took 0.108 seconds
