[2022-10-28 08:26:54,275] {processor.py:153} INFO - Started process (PID=7499) to work on /home/airflow/.local/lib/python3.7/site-packages/airflow/example_dags/example_local_kubernetes_executor.py
[2022-10-28 08:26:54,287] {processor.py:641} INFO - Processing file /home/airflow/.local/lib/python3.7/site-packages/airflow/example_dags/example_local_kubernetes_executor.py for tasks to queue
[2022-10-28 08:26:54,325] {logging_mixin.py:115} INFO - [2022-10-28 08:26:54,325] {dagbag.py:507} INFO - Filling up the DagBag from /home/airflow/.local/lib/python3.7/site-packages/airflow/example_dags/example_local_kubernetes_executor.py
[2022-10-28 08:26:54,435] {processor.py:651} INFO - DAG(s) dict_keys(['example_local_kubernetes_executor']) retrieved from /home/airflow/.local/lib/python3.7/site-packages/airflow/example_dags/example_local_kubernetes_executor.py
[2022-10-28 08:26:54,576] {logging_mixin.py:115} INFO - [2022-10-28 08:26:54,575] {dag.py:2371} INFO - Sync 1 DAGs
[2022-10-28 08:26:54,742] {logging_mixin.py:115} INFO - [2022-10-28 08:26:54,742] {dag.py:2919} INFO - Setting next_dagrun for example_local_kubernetes_executor to None, run_after=None
[2022-10-28 08:26:54,809] {processor.py:161} INFO - Processing /home/airflow/.local/lib/python3.7/site-packages/airflow/example_dags/example_local_kubernetes_executor.py took 0.543 seconds
[2022-10-28 08:27:25,027] {processor.py:153} INFO - Started process (PID=7546) to work on /home/airflow/.local/lib/python3.7/site-packages/airflow/example_dags/example_local_kubernetes_executor.py
[2022-10-28 08:27:25,030] {processor.py:641} INFO - Processing file /home/airflow/.local/lib/python3.7/site-packages/airflow/example_dags/example_local_kubernetes_executor.py for tasks to queue
[2022-10-28 08:27:25,033] {logging_mixin.py:115} INFO - [2022-10-28 08:27:25,033] {dagbag.py:507} INFO - Filling up the DagBag from /home/airflow/.local/lib/python3.7/site-packages/airflow/example_dags/example_local_kubernetes_executor.py
[2022-10-28 08:27:25,114] {processor.py:651} INFO - DAG(s) dict_keys(['example_local_kubernetes_executor']) retrieved from /home/airflow/.local/lib/python3.7/site-packages/airflow/example_dags/example_local_kubernetes_executor.py
[2022-10-28 08:27:25,219] {logging_mixin.py:115} INFO - [2022-10-28 08:27:25,219] {dag.py:2371} INFO - Sync 1 DAGs
[2022-10-28 08:27:25,353] {logging_mixin.py:115} INFO - [2022-10-28 08:27:25,353] {dag.py:2919} INFO - Setting next_dagrun for example_local_kubernetes_executor to None, run_after=None
[2022-10-28 08:27:25,398] {processor.py:161} INFO - Processing /home/airflow/.local/lib/python3.7/site-packages/airflow/example_dags/example_local_kubernetes_executor.py took 0.383 seconds
[2022-10-28 08:27:55,736] {processor.py:153} INFO - Started process (PID=7592) to work on /home/airflow/.local/lib/python3.7/site-packages/airflow/example_dags/example_local_kubernetes_executor.py
[2022-10-28 08:27:55,737] {processor.py:641} INFO - Processing file /home/airflow/.local/lib/python3.7/site-packages/airflow/example_dags/example_local_kubernetes_executor.py for tasks to queue
[2022-10-28 08:27:55,738] {logging_mixin.py:115} INFO - [2022-10-28 08:27:55,738] {dagbag.py:507} INFO - Filling up the DagBag from /home/airflow/.local/lib/python3.7/site-packages/airflow/example_dags/example_local_kubernetes_executor.py
[2022-10-28 08:27:55,774] {processor.py:651} INFO - DAG(s) dict_keys(['example_local_kubernetes_executor']) retrieved from /home/airflow/.local/lib/python3.7/site-packages/airflow/example_dags/example_local_kubernetes_executor.py
[2022-10-28 08:27:55,822] {logging_mixin.py:115} INFO - [2022-10-28 08:27:55,822] {dag.py:2371} INFO - Sync 1 DAGs
[2022-10-28 08:27:55,880] {logging_mixin.py:115} INFO - [2022-10-28 08:27:55,880] {dag.py:2919} INFO - Setting next_dagrun for example_local_kubernetes_executor to None, run_after=None
[2022-10-28 08:27:55,905] {processor.py:161} INFO - Processing /home/airflow/.local/lib/python3.7/site-packages/airflow/example_dags/example_local_kubernetes_executor.py took 0.174 seconds
[2022-10-28 08:28:26,717] {processor.py:153} INFO - Started process (PID=7641) to work on /home/airflow/.local/lib/python3.7/site-packages/airflow/example_dags/example_local_kubernetes_executor.py
[2022-10-28 08:28:26,721] {processor.py:641} INFO - Processing file /home/airflow/.local/lib/python3.7/site-packages/airflow/example_dags/example_local_kubernetes_executor.py for tasks to queue
[2022-10-28 08:28:26,723] {logging_mixin.py:115} INFO - [2022-10-28 08:28:26,723] {dagbag.py:507} INFO - Filling up the DagBag from /home/airflow/.local/lib/python3.7/site-packages/airflow/example_dags/example_local_kubernetes_executor.py
[2022-10-28 08:28:26,757] {processor.py:651} INFO - DAG(s) dict_keys(['example_local_kubernetes_executor']) retrieved from /home/airflow/.local/lib/python3.7/site-packages/airflow/example_dags/example_local_kubernetes_executor.py
[2022-10-28 08:28:26,804] {logging_mixin.py:115} INFO - [2022-10-28 08:28:26,804] {dag.py:2371} INFO - Sync 1 DAGs
[2022-10-28 08:28:26,872] {logging_mixin.py:115} INFO - [2022-10-28 08:28:26,872] {dag.py:2919} INFO - Setting next_dagrun for example_local_kubernetes_executor to None, run_after=None
[2022-10-28 08:28:26,900] {processor.py:161} INFO - Processing /home/airflow/.local/lib/python3.7/site-packages/airflow/example_dags/example_local_kubernetes_executor.py took 0.189 seconds
