[2022-10-25 15:00:23,252] {processor.py:153} INFO - Started process (PID=69) to work on /home/airflow/.local/lib/python3.7/site-packages/airflow/example_dags/example_dag_decorator.py
[2022-10-25 15:00:23,257] {processor.py:641} INFO - Processing file /home/airflow/.local/lib/python3.7/site-packages/airflow/example_dags/example_dag_decorator.py for tasks to queue
[2022-10-25 15:00:23,259] {logging_mixin.py:115} INFO - [2022-10-25 15:00:23,259] {dagbag.py:507} INFO - Filling up the DagBag from /home/airflow/.local/lib/python3.7/site-packages/airflow/example_dags/example_dag_decorator.py
[2022-10-25 15:00:23,443] {processor.py:651} INFO - DAG(s) dict_keys(['example_dag_decorator']) retrieved from /home/airflow/.local/lib/python3.7/site-packages/airflow/example_dags/example_dag_decorator.py
[2022-10-25 15:00:24,869] {logging_mixin.py:115} INFO - [2022-10-25 15:00:24,869] {dag.py:2371} INFO - Sync 1 DAGs
[2022-10-25 15:00:25,111] {logging_mixin.py:115} INFO - [2022-10-25 15:00:25,111] {dag.py:2919} INFO - Setting next_dagrun for example_dag_decorator to None, run_after=None
[2022-10-25 15:00:25,828] {processor.py:161} INFO - Processing /home/airflow/.local/lib/python3.7/site-packages/airflow/example_dags/example_dag_decorator.py took 2.580 seconds
[2022-10-25 15:00:56,156] {processor.py:153} INFO - Started process (PID=114) to work on /home/airflow/.local/lib/python3.7/site-packages/airflow/example_dags/example_dag_decorator.py
[2022-10-25 15:00:56,158] {processor.py:641} INFO - Processing file /home/airflow/.local/lib/python3.7/site-packages/airflow/example_dags/example_dag_decorator.py for tasks to queue
[2022-10-25 15:00:56,159] {logging_mixin.py:115} INFO - [2022-10-25 15:00:56,159] {dagbag.py:507} INFO - Filling up the DagBag from /home/airflow/.local/lib/python3.7/site-packages/airflow/example_dags/example_dag_decorator.py
[2022-10-25 15:00:56,219] {processor.py:651} INFO - DAG(s) dict_keys(['example_dag_decorator']) retrieved from /home/airflow/.local/lib/python3.7/site-packages/airflow/example_dags/example_dag_decorator.py
[2022-10-25 15:00:56,856] {logging_mixin.py:115} INFO - [2022-10-25 15:00:56,856] {dag.py:2371} INFO - Sync 1 DAGs
[2022-10-25 15:00:56,919] {logging_mixin.py:115} INFO - [2022-10-25 15:00:56,919] {dag.py:2919} INFO - Setting next_dagrun for example_dag_decorator to None, run_after=None
[2022-10-25 15:00:56,961] {processor.py:161} INFO - Processing /home/airflow/.local/lib/python3.7/site-packages/airflow/example_dags/example_dag_decorator.py took 0.811 seconds
[2022-10-25 15:01:27,289] {processor.py:153} INFO - Started process (PID=175) to work on /home/airflow/.local/lib/python3.7/site-packages/airflow/example_dags/example_dag_decorator.py
[2022-10-25 15:01:27,291] {processor.py:641} INFO - Processing file /home/airflow/.local/lib/python3.7/site-packages/airflow/example_dags/example_dag_decorator.py for tasks to queue
[2022-10-25 15:01:27,294] {logging_mixin.py:115} INFO - [2022-10-25 15:01:27,294] {dagbag.py:507} INFO - Filling up the DagBag from /home/airflow/.local/lib/python3.7/site-packages/airflow/example_dags/example_dag_decorator.py
[2022-10-25 15:01:27,378] {processor.py:651} INFO - DAG(s) dict_keys(['example_dag_decorator']) retrieved from /home/airflow/.local/lib/python3.7/site-packages/airflow/example_dags/example_dag_decorator.py
[2022-10-25 15:01:27,761] {logging_mixin.py:115} INFO - [2022-10-25 15:01:27,761] {dag.py:2371} INFO - Sync 1 DAGs
[2022-10-25 15:01:27,806] {logging_mixin.py:115} INFO - [2022-10-25 15:01:27,806] {dag.py:2919} INFO - Setting next_dagrun for example_dag_decorator to None, run_after=None
[2022-10-25 15:01:27,835] {processor.py:161} INFO - Processing /home/airflow/.local/lib/python3.7/site-packages/airflow/example_dags/example_dag_decorator.py took 0.552 seconds
[2022-10-25 15:01:58,482] {processor.py:153} INFO - Started process (PID=233) to work on /home/airflow/.local/lib/python3.7/site-packages/airflow/example_dags/example_dag_decorator.py
[2022-10-25 15:01:58,484] {processor.py:641} INFO - Processing file /home/airflow/.local/lib/python3.7/site-packages/airflow/example_dags/example_dag_decorator.py for tasks to queue
[2022-10-25 15:01:58,486] {logging_mixin.py:115} INFO - [2022-10-25 15:01:58,485] {dagbag.py:507} INFO - Filling up the DagBag from /home/airflow/.local/lib/python3.7/site-packages/airflow/example_dags/example_dag_decorator.py
[2022-10-25 15:01:58,646] {processor.py:651} INFO - DAG(s) dict_keys(['example_dag_decorator']) retrieved from /home/airflow/.local/lib/python3.7/site-packages/airflow/example_dags/example_dag_decorator.py
[2022-10-25 15:01:59,390] {logging_mixin.py:115} INFO - [2022-10-25 15:01:59,390] {dag.py:2371} INFO - Sync 1 DAGs
[2022-10-25 15:01:59,460] {logging_mixin.py:115} INFO - [2022-10-25 15:01:59,460] {dag.py:2919} INFO - Setting next_dagrun for example_dag_decorator to None, run_after=None
[2022-10-25 15:01:59,515] {processor.py:161} INFO - Processing /home/airflow/.local/lib/python3.7/site-packages/airflow/example_dags/example_dag_decorator.py took 1.051 seconds
[2022-10-25 15:02:30,104] {processor.py:153} INFO - Started process (PID=286) to work on /home/airflow/.local/lib/python3.7/site-packages/airflow/example_dags/example_dag_decorator.py
[2022-10-25 15:02:30,135] {processor.py:641} INFO - Processing file /home/airflow/.local/lib/python3.7/site-packages/airflow/example_dags/example_dag_decorator.py for tasks to queue
[2022-10-25 15:02:30,164] {logging_mixin.py:115} INFO - [2022-10-25 15:02:30,164] {dagbag.py:507} INFO - Filling up the DagBag from /home/airflow/.local/lib/python3.7/site-packages/airflow/example_dags/example_dag_decorator.py
[2022-10-25 15:02:30,428] {processor.py:651} INFO - DAG(s) dict_keys(['example_dag_decorator']) retrieved from /home/airflow/.local/lib/python3.7/site-packages/airflow/example_dags/example_dag_decorator.py
[2022-10-25 15:02:32,547] {logging_mixin.py:115} INFO - [2022-10-25 15:02:32,535] {dag.py:2371} INFO - Sync 1 DAGs
[2022-10-25 15:02:32,828] {logging_mixin.py:115} INFO - [2022-10-25 15:02:32,828] {dag.py:2919} INFO - Setting next_dagrun for example_dag_decorator to None, run_after=None
[2022-10-25 15:02:33,105] {processor.py:161} INFO - Processing /home/airflow/.local/lib/python3.7/site-packages/airflow/example_dags/example_dag_decorator.py took 3.008 seconds
[2022-10-25 15:03:03,721] {processor.py:153} INFO - Started process (PID=341) to work on /home/airflow/.local/lib/python3.7/site-packages/airflow/example_dags/example_dag_decorator.py
[2022-10-25 15:03:03,723] {processor.py:641} INFO - Processing file /home/airflow/.local/lib/python3.7/site-packages/airflow/example_dags/example_dag_decorator.py for tasks to queue
[2022-10-25 15:03:03,724] {logging_mixin.py:115} INFO - [2022-10-25 15:03:03,724] {dagbag.py:507} INFO - Filling up the DagBag from /home/airflow/.local/lib/python3.7/site-packages/airflow/example_dags/example_dag_decorator.py
[2022-10-25 15:03:03,816] {processor.py:651} INFO - DAG(s) dict_keys(['example_dag_decorator']) retrieved from /home/airflow/.local/lib/python3.7/site-packages/airflow/example_dags/example_dag_decorator.py
[2022-10-25 15:03:04,385] {logging_mixin.py:115} INFO - [2022-10-25 15:03:04,385] {dag.py:2371} INFO - Sync 1 DAGs
[2022-10-25 15:03:04,460] {logging_mixin.py:115} INFO - [2022-10-25 15:03:04,460] {dag.py:2919} INFO - Setting next_dagrun for example_dag_decorator to None, run_after=None
[2022-10-25 15:03:04,556] {processor.py:161} INFO - Processing /home/airflow/.local/lib/python3.7/site-packages/airflow/example_dags/example_dag_decorator.py took 0.840 seconds
[2022-10-25 15:03:35,099] {processor.py:153} INFO - Started process (PID=396) to work on /home/airflow/.local/lib/python3.7/site-packages/airflow/example_dags/example_dag_decorator.py
[2022-10-25 15:03:35,104] {processor.py:641} INFO - Processing file /home/airflow/.local/lib/python3.7/site-packages/airflow/example_dags/example_dag_decorator.py for tasks to queue
[2022-10-25 15:03:35,105] {logging_mixin.py:115} INFO - [2022-10-25 15:03:35,105] {dagbag.py:507} INFO - Filling up the DagBag from /home/airflow/.local/lib/python3.7/site-packages/airflow/example_dags/example_dag_decorator.py
[2022-10-25 15:03:35,170] {processor.py:651} INFO - DAG(s) dict_keys(['example_dag_decorator']) retrieved from /home/airflow/.local/lib/python3.7/site-packages/airflow/example_dags/example_dag_decorator.py
[2022-10-25 15:03:35,587] {logging_mixin.py:115} INFO - [2022-10-25 15:03:35,587] {dag.py:2371} INFO - Sync 1 DAGs
[2022-10-25 15:03:35,623] {logging_mixin.py:115} INFO - [2022-10-25 15:03:35,622] {dag.py:2919} INFO - Setting next_dagrun for example_dag_decorator to None, run_after=None
[2022-10-25 15:03:35,654] {processor.py:161} INFO - Processing /home/airflow/.local/lib/python3.7/site-packages/airflow/example_dags/example_dag_decorator.py took 0.563 seconds
[2022-10-25 15:04:05,903] {processor.py:153} INFO - Started process (PID=451) to work on /home/airflow/.local/lib/python3.7/site-packages/airflow/example_dags/example_dag_decorator.py
[2022-10-25 15:04:05,905] {processor.py:641} INFO - Processing file /home/airflow/.local/lib/python3.7/site-packages/airflow/example_dags/example_dag_decorator.py for tasks to queue
[2022-10-25 15:04:05,906] {logging_mixin.py:115} INFO - [2022-10-25 15:04:05,906] {dagbag.py:507} INFO - Filling up the DagBag from /home/airflow/.local/lib/python3.7/site-packages/airflow/example_dags/example_dag_decorator.py
[2022-10-25 15:04:05,939] {processor.py:651} INFO - DAG(s) dict_keys(['example_dag_decorator']) retrieved from /home/airflow/.local/lib/python3.7/site-packages/airflow/example_dags/example_dag_decorator.py
[2022-10-25 15:04:06,260] {logging_mixin.py:115} INFO - [2022-10-25 15:04:06,260] {dag.py:2371} INFO - Sync 1 DAGs
[2022-10-25 15:04:06,305] {logging_mixin.py:115} INFO - [2022-10-25 15:04:06,305] {dag.py:2919} INFO - Setting next_dagrun for example_dag_decorator to None, run_after=None
[2022-10-25 15:04:06,331] {processor.py:161} INFO - Processing /home/airflow/.local/lib/python3.7/site-packages/airflow/example_dags/example_dag_decorator.py took 0.432 seconds
[2022-10-25 15:04:36,922] {processor.py:153} INFO - Started process (PID=505) to work on /home/airflow/.local/lib/python3.7/site-packages/airflow/example_dags/example_dag_decorator.py
[2022-10-25 15:04:36,928] {processor.py:641} INFO - Processing file /home/airflow/.local/lib/python3.7/site-packages/airflow/example_dags/example_dag_decorator.py for tasks to queue
[2022-10-25 15:04:36,930] {logging_mixin.py:115} INFO - [2022-10-25 15:04:36,930] {dagbag.py:507} INFO - Filling up the DagBag from /home/airflow/.local/lib/python3.7/site-packages/airflow/example_dags/example_dag_decorator.py
[2022-10-25 15:04:37,125] {processor.py:651} INFO - DAG(s) dict_keys(['example_dag_decorator']) retrieved from /home/airflow/.local/lib/python3.7/site-packages/airflow/example_dags/example_dag_decorator.py
[2022-10-25 15:04:38,270] {logging_mixin.py:115} INFO - [2022-10-25 15:04:38,269] {dag.py:2371} INFO - Sync 1 DAGs
[2022-10-25 15:04:38,321] {logging_mixin.py:115} INFO - [2022-10-25 15:04:38,321] {dag.py:2919} INFO - Setting next_dagrun for example_dag_decorator to None, run_after=None
[2022-10-25 15:04:38,361] {processor.py:161} INFO - Processing /home/airflow/.local/lib/python3.7/site-packages/airflow/example_dags/example_dag_decorator.py took 1.445 seconds
[2022-10-25 15:05:08,655] {processor.py:153} INFO - Started process (PID=568) to work on /home/airflow/.local/lib/python3.7/site-packages/airflow/example_dags/example_dag_decorator.py
[2022-10-25 15:05:08,657] {processor.py:641} INFO - Processing file /home/airflow/.local/lib/python3.7/site-packages/airflow/example_dags/example_dag_decorator.py for tasks to queue
[2022-10-25 15:05:08,659] {logging_mixin.py:115} INFO - [2022-10-25 15:05:08,658] {dagbag.py:507} INFO - Filling up the DagBag from /home/airflow/.local/lib/python3.7/site-packages/airflow/example_dags/example_dag_decorator.py
[2022-10-25 15:05:08,770] {processor.py:651} INFO - DAG(s) dict_keys(['example_dag_decorator']) retrieved from /home/airflow/.local/lib/python3.7/site-packages/airflow/example_dags/example_dag_decorator.py
[2022-10-25 15:05:09,465] {logging_mixin.py:115} INFO - [2022-10-25 15:05:09,465] {dag.py:2371} INFO - Sync 1 DAGs
[2022-10-25 15:05:09,548] {logging_mixin.py:115} INFO - [2022-10-25 15:05:09,548] {dag.py:2919} INFO - Setting next_dagrun for example_dag_decorator to None, run_after=None
[2022-10-25 15:05:09,622] {processor.py:161} INFO - Processing /home/airflow/.local/lib/python3.7/site-packages/airflow/example_dags/example_dag_decorator.py took 0.974 seconds
[2022-10-25 15:05:40,288] {processor.py:153} INFO - Started process (PID=613) to work on /home/airflow/.local/lib/python3.7/site-packages/airflow/example_dags/example_dag_decorator.py
[2022-10-25 15:05:40,290] {processor.py:641} INFO - Processing file /home/airflow/.local/lib/python3.7/site-packages/airflow/example_dags/example_dag_decorator.py for tasks to queue
[2022-10-25 15:05:40,291] {logging_mixin.py:115} INFO - [2022-10-25 15:05:40,291] {dagbag.py:507} INFO - Filling up the DagBag from /home/airflow/.local/lib/python3.7/site-packages/airflow/example_dags/example_dag_decorator.py
[2022-10-25 15:05:40,521] {processor.py:651} INFO - DAG(s) dict_keys(['example_dag_decorator']) retrieved from /home/airflow/.local/lib/python3.7/site-packages/airflow/example_dags/example_dag_decorator.py
[2022-10-25 15:05:40,620] {logging_mixin.py:115} INFO - [2022-10-25 15:05:40,620] {dag.py:2371} INFO - Sync 1 DAGs
[2022-10-25 15:05:40,655] {logging_mixin.py:115} INFO - [2022-10-25 15:05:40,655] {dag.py:2919} INFO - Setting next_dagrun for example_dag_decorator to None, run_after=None
[2022-10-25 15:05:40,682] {processor.py:161} INFO - Processing /home/airflow/.local/lib/python3.7/site-packages/airflow/example_dags/example_dag_decorator.py took 0.400 seconds
[2022-10-25 15:06:10,983] {processor.py:153} INFO - Started process (PID=677) to work on /home/airflow/.local/lib/python3.7/site-packages/airflow/example_dags/example_dag_decorator.py
[2022-10-25 15:06:10,984] {processor.py:641} INFO - Processing file /home/airflow/.local/lib/python3.7/site-packages/airflow/example_dags/example_dag_decorator.py for tasks to queue
[2022-10-25 15:06:10,986] {logging_mixin.py:115} INFO - [2022-10-25 15:06:10,986] {dagbag.py:507} INFO - Filling up the DagBag from /home/airflow/.local/lib/python3.7/site-packages/airflow/example_dags/example_dag_decorator.py
[2022-10-25 15:06:11,290] {processor.py:651} INFO - DAG(s) dict_keys(['example_dag_decorator']) retrieved from /home/airflow/.local/lib/python3.7/site-packages/airflow/example_dags/example_dag_decorator.py
[2022-10-25 15:06:11,487] {logging_mixin.py:115} INFO - [2022-10-25 15:06:11,486] {dag.py:2371} INFO - Sync 1 DAGs
[2022-10-25 15:06:11,551] {logging_mixin.py:115} INFO - [2022-10-25 15:06:11,550] {dag.py:2919} INFO - Setting next_dagrun for example_dag_decorator to None, run_after=None
[2022-10-25 15:06:11,625] {processor.py:161} INFO - Processing /home/airflow/.local/lib/python3.7/site-packages/airflow/example_dags/example_dag_decorator.py took 0.648 seconds
[2022-10-25 15:06:42,015] {processor.py:153} INFO - Started process (PID=731) to work on /home/airflow/.local/lib/python3.7/site-packages/airflow/example_dags/example_dag_decorator.py
[2022-10-25 15:06:42,030] {processor.py:641} INFO - Processing file /home/airflow/.local/lib/python3.7/site-packages/airflow/example_dags/example_dag_decorator.py for tasks to queue
[2022-10-25 15:06:42,036] {logging_mixin.py:115} INFO - [2022-10-25 15:06:42,036] {dagbag.py:507} INFO - Filling up the DagBag from /home/airflow/.local/lib/python3.7/site-packages/airflow/example_dags/example_dag_decorator.py
[2022-10-25 15:06:42,743] {processor.py:651} INFO - DAG(s) dict_keys(['example_dag_decorator']) retrieved from /home/airflow/.local/lib/python3.7/site-packages/airflow/example_dags/example_dag_decorator.py
[2022-10-25 15:06:43,141] {logging_mixin.py:115} INFO - [2022-10-25 15:06:43,141] {dag.py:2371} INFO - Sync 1 DAGs
[2022-10-25 15:06:43,206] {logging_mixin.py:115} INFO - [2022-10-25 15:06:43,206] {dag.py:2919} INFO - Setting next_dagrun for example_dag_decorator to None, run_after=None
[2022-10-25 15:06:43,253] {processor.py:161} INFO - Processing /home/airflow/.local/lib/python3.7/site-packages/airflow/example_dags/example_dag_decorator.py took 1.247 seconds
[2022-10-25 15:07:13,986] {processor.py:153} INFO - Started process (PID=787) to work on /home/airflow/.local/lib/python3.7/site-packages/airflow/example_dags/example_dag_decorator.py
[2022-10-25 15:07:13,987] {processor.py:641} INFO - Processing file /home/airflow/.local/lib/python3.7/site-packages/airflow/example_dags/example_dag_decorator.py for tasks to queue
[2022-10-25 15:07:13,989] {logging_mixin.py:115} INFO - [2022-10-25 15:07:13,988] {dagbag.py:507} INFO - Filling up the DagBag from /home/airflow/.local/lib/python3.7/site-packages/airflow/example_dags/example_dag_decorator.py
[2022-10-25 15:07:14,223] {processor.py:651} INFO - DAG(s) dict_keys(['example_dag_decorator']) retrieved from /home/airflow/.local/lib/python3.7/site-packages/airflow/example_dags/example_dag_decorator.py
[2022-10-25 15:07:14,353] {logging_mixin.py:115} INFO - [2022-10-25 15:07:14,353] {dag.py:2371} INFO - Sync 1 DAGs
[2022-10-25 15:07:14,435] {logging_mixin.py:115} INFO - [2022-10-25 15:07:14,435] {dag.py:2919} INFO - Setting next_dagrun for example_dag_decorator to None, run_after=None
[2022-10-25 15:07:14,505] {processor.py:161} INFO - Processing /home/airflow/.local/lib/python3.7/site-packages/airflow/example_dags/example_dag_decorator.py took 0.527 seconds
[2022-10-25 15:07:44,889] {processor.py:153} INFO - Started process (PID=844) to work on /home/airflow/.local/lib/python3.7/site-packages/airflow/example_dags/example_dag_decorator.py
[2022-10-25 15:07:44,890] {processor.py:641} INFO - Processing file /home/airflow/.local/lib/python3.7/site-packages/airflow/example_dags/example_dag_decorator.py for tasks to queue
[2022-10-25 15:07:44,900] {logging_mixin.py:115} INFO - [2022-10-25 15:07:44,900] {dagbag.py:507} INFO - Filling up the DagBag from /home/airflow/.local/lib/python3.7/site-packages/airflow/example_dags/example_dag_decorator.py
[2022-10-25 15:07:45,299] {processor.py:651} INFO - DAG(s) dict_keys(['example_dag_decorator']) retrieved from /home/airflow/.local/lib/python3.7/site-packages/airflow/example_dags/example_dag_decorator.py
[2022-10-25 15:07:45,338] {logging_mixin.py:115} INFO - [2022-10-25 15:07:45,338] {dag.py:2371} INFO - Sync 1 DAGs
[2022-10-25 15:07:45,373] {logging_mixin.py:115} INFO - [2022-10-25 15:07:45,373] {dag.py:2919} INFO - Setting next_dagrun for example_dag_decorator to None, run_after=None
[2022-10-25 15:07:45,399] {processor.py:161} INFO - Processing /home/airflow/.local/lib/python3.7/site-packages/airflow/example_dags/example_dag_decorator.py took 0.516 seconds
[2022-10-25 15:08:15,865] {processor.py:153} INFO - Started process (PID=897) to work on /home/airflow/.local/lib/python3.7/site-packages/airflow/example_dags/example_dag_decorator.py
[2022-10-25 15:08:15,867] {processor.py:641} INFO - Processing file /home/airflow/.local/lib/python3.7/site-packages/airflow/example_dags/example_dag_decorator.py for tasks to queue
[2022-10-25 15:08:15,869] {logging_mixin.py:115} INFO - [2022-10-25 15:08:15,869] {dagbag.py:507} INFO - Filling up the DagBag from /home/airflow/.local/lib/python3.7/site-packages/airflow/example_dags/example_dag_decorator.py
[2022-10-25 15:08:16,130] {processor.py:651} INFO - DAG(s) dict_keys(['example_dag_decorator']) retrieved from /home/airflow/.local/lib/python3.7/site-packages/airflow/example_dags/example_dag_decorator.py
[2022-10-25 15:08:16,191] {logging_mixin.py:115} INFO - [2022-10-25 15:08:16,190] {dag.py:2371} INFO - Sync 1 DAGs
[2022-10-25 15:08:16,258] {logging_mixin.py:115} INFO - [2022-10-25 15:08:16,258] {dag.py:2919} INFO - Setting next_dagrun for example_dag_decorator to None, run_after=None
[2022-10-25 15:08:16,302] {processor.py:161} INFO - Processing /home/airflow/.local/lib/python3.7/site-packages/airflow/example_dags/example_dag_decorator.py took 0.445 seconds
[2022-10-25 15:08:46,916] {processor.py:153} INFO - Started process (PID=960) to work on /home/airflow/.local/lib/python3.7/site-packages/airflow/example_dags/example_dag_decorator.py
[2022-10-25 15:08:46,917] {processor.py:641} INFO - Processing file /home/airflow/.local/lib/python3.7/site-packages/airflow/example_dags/example_dag_decorator.py for tasks to queue
[2022-10-25 15:08:46,921] {logging_mixin.py:115} INFO - [2022-10-25 15:08:46,920] {dagbag.py:507} INFO - Filling up the DagBag from /home/airflow/.local/lib/python3.7/site-packages/airflow/example_dags/example_dag_decorator.py
[2022-10-25 15:08:47,457] {processor.py:651} INFO - DAG(s) dict_keys(['example_dag_decorator']) retrieved from /home/airflow/.local/lib/python3.7/site-packages/airflow/example_dags/example_dag_decorator.py
[2022-10-25 15:08:47,730] {logging_mixin.py:115} INFO - [2022-10-25 15:08:47,730] {dag.py:2371} INFO - Sync 1 DAGs
[2022-10-25 15:08:47,801] {logging_mixin.py:115} INFO - [2022-10-25 15:08:47,801] {dag.py:2919} INFO - Setting next_dagrun for example_dag_decorator to None, run_after=None
[2022-10-25 15:08:47,909] {processor.py:161} INFO - Processing /home/airflow/.local/lib/python3.7/site-packages/airflow/example_dags/example_dag_decorator.py took 1.000 seconds
[2022-10-25 15:09:18,263] {processor.py:153} INFO - Started process (PID=1015) to work on /home/airflow/.local/lib/python3.7/site-packages/airflow/example_dags/example_dag_decorator.py
[2022-10-25 15:09:18,264] {processor.py:641} INFO - Processing file /home/airflow/.local/lib/python3.7/site-packages/airflow/example_dags/example_dag_decorator.py for tasks to queue
[2022-10-25 15:09:18,266] {logging_mixin.py:115} INFO - [2022-10-25 15:09:18,265] {dagbag.py:507} INFO - Filling up the DagBag from /home/airflow/.local/lib/python3.7/site-packages/airflow/example_dags/example_dag_decorator.py
[2022-10-25 15:09:18,507] {processor.py:651} INFO - DAG(s) dict_keys(['example_dag_decorator']) retrieved from /home/airflow/.local/lib/python3.7/site-packages/airflow/example_dags/example_dag_decorator.py
[2022-10-25 15:09:18,610] {logging_mixin.py:115} INFO - [2022-10-25 15:09:18,610] {dag.py:2371} INFO - Sync 1 DAGs
[2022-10-25 15:09:18,638] {logging_mixin.py:115} INFO - [2022-10-25 15:09:18,638] {dag.py:2919} INFO - Setting next_dagrun for example_dag_decorator to None, run_after=None
[2022-10-25 15:09:18,666] {processor.py:161} INFO - Processing /home/airflow/.local/lib/python3.7/site-packages/airflow/example_dags/example_dag_decorator.py took 0.412 seconds
[2022-10-25 15:09:48,887] {processor.py:153} INFO - Started process (PID=1069) to work on /home/airflow/.local/lib/python3.7/site-packages/airflow/example_dags/example_dag_decorator.py
[2022-10-25 15:09:48,888] {processor.py:641} INFO - Processing file /home/airflow/.local/lib/python3.7/site-packages/airflow/example_dags/example_dag_decorator.py for tasks to queue
[2022-10-25 15:09:48,889] {logging_mixin.py:115} INFO - [2022-10-25 15:09:48,889] {dagbag.py:507} INFO - Filling up the DagBag from /home/airflow/.local/lib/python3.7/site-packages/airflow/example_dags/example_dag_decorator.py
[2022-10-25 15:09:49,101] {processor.py:651} INFO - DAG(s) dict_keys(['example_dag_decorator']) retrieved from /home/airflow/.local/lib/python3.7/site-packages/airflow/example_dags/example_dag_decorator.py
[2022-10-25 15:09:49,138] {logging_mixin.py:115} INFO - [2022-10-25 15:09:49,138] {dag.py:2371} INFO - Sync 1 DAGs
[2022-10-25 15:09:49,166] {logging_mixin.py:115} INFO - [2022-10-25 15:09:49,166] {dag.py:2919} INFO - Setting next_dagrun for example_dag_decorator to None, run_after=None
[2022-10-25 15:09:49,186] {processor.py:161} INFO - Processing /home/airflow/.local/lib/python3.7/site-packages/airflow/example_dags/example_dag_decorator.py took 0.303 seconds
[2022-10-25 15:10:19,447] {processor.py:153} INFO - Started process (PID=1123) to work on /home/airflow/.local/lib/python3.7/site-packages/airflow/example_dags/example_dag_decorator.py
[2022-10-25 15:10:19,449] {processor.py:641} INFO - Processing file /home/airflow/.local/lib/python3.7/site-packages/airflow/example_dags/example_dag_decorator.py for tasks to queue
[2022-10-25 15:10:19,450] {logging_mixin.py:115} INFO - [2022-10-25 15:10:19,450] {dagbag.py:507} INFO - Filling up the DagBag from /home/airflow/.local/lib/python3.7/site-packages/airflow/example_dags/example_dag_decorator.py
[2022-10-25 15:10:19,491] {processor.py:651} INFO - DAG(s) dict_keys(['example_dag_decorator']) retrieved from /home/airflow/.local/lib/python3.7/site-packages/airflow/example_dags/example_dag_decorator.py
[2022-10-25 15:10:19,599] {logging_mixin.py:115} INFO - [2022-10-25 15:10:19,599] {dag.py:2371} INFO - Sync 1 DAGs
[2022-10-25 15:10:19,626] {logging_mixin.py:115} INFO - [2022-10-25 15:10:19,626] {dag.py:2919} INFO - Setting next_dagrun for example_dag_decorator to None, run_after=None
[2022-10-25 15:10:19,818] {processor.py:161} INFO - Processing /home/airflow/.local/lib/python3.7/site-packages/airflow/example_dags/example_dag_decorator.py took 0.376 seconds
[2022-10-25 15:10:49,969] {processor.py:153} INFO - Started process (PID=1188) to work on /home/airflow/.local/lib/python3.7/site-packages/airflow/example_dags/example_dag_decorator.py
[2022-10-25 15:10:49,972] {processor.py:641} INFO - Processing file /home/airflow/.local/lib/python3.7/site-packages/airflow/example_dags/example_dag_decorator.py for tasks to queue
[2022-10-25 15:10:49,973] {logging_mixin.py:115} INFO - [2022-10-25 15:10:49,973] {dagbag.py:507} INFO - Filling up the DagBag from /home/airflow/.local/lib/python3.7/site-packages/airflow/example_dags/example_dag_decorator.py
[2022-10-25 15:10:50,088] {processor.py:651} INFO - DAG(s) dict_keys(['example_dag_decorator']) retrieved from /home/airflow/.local/lib/python3.7/site-packages/airflow/example_dags/example_dag_decorator.py
[2022-10-25 15:10:50,374] {logging_mixin.py:115} INFO - [2022-10-25 15:10:50,374] {dag.py:2371} INFO - Sync 1 DAGs
[2022-10-25 15:10:50,453] {logging_mixin.py:115} INFO - [2022-10-25 15:10:50,453] {dag.py:2919} INFO - Setting next_dagrun for example_dag_decorator to None, run_after=None
[2022-10-25 15:10:50,701] {processor.py:161} INFO - Processing /home/airflow/.local/lib/python3.7/site-packages/airflow/example_dags/example_dag_decorator.py took 0.740 seconds
[2022-10-25 15:11:21,235] {processor.py:153} INFO - Started process (PID=1241) to work on /home/airflow/.local/lib/python3.7/site-packages/airflow/example_dags/example_dag_decorator.py
[2022-10-25 15:11:21,238] {processor.py:641} INFO - Processing file /home/airflow/.local/lib/python3.7/site-packages/airflow/example_dags/example_dag_decorator.py for tasks to queue
[2022-10-25 15:11:21,240] {logging_mixin.py:115} INFO - [2022-10-25 15:11:21,240] {dagbag.py:507} INFO - Filling up the DagBag from /home/airflow/.local/lib/python3.7/site-packages/airflow/example_dags/example_dag_decorator.py
[2022-10-25 15:11:21,318] {processor.py:651} INFO - DAG(s) dict_keys(['example_dag_decorator']) retrieved from /home/airflow/.local/lib/python3.7/site-packages/airflow/example_dags/example_dag_decorator.py
[2022-10-25 15:11:21,475] {logging_mixin.py:115} INFO - [2022-10-25 15:11:21,475] {dag.py:2371} INFO - Sync 1 DAGs
[2022-10-25 15:11:21,502] {logging_mixin.py:115} INFO - [2022-10-25 15:11:21,502] {dag.py:2919} INFO - Setting next_dagrun for example_dag_decorator to None, run_after=None
[2022-10-25 15:11:21,689] {processor.py:161} INFO - Processing /home/airflow/.local/lib/python3.7/site-packages/airflow/example_dags/example_dag_decorator.py took 0.462 seconds
[2022-10-25 15:11:52,098] {processor.py:153} INFO - Started process (PID=1295) to work on /home/airflow/.local/lib/python3.7/site-packages/airflow/example_dags/example_dag_decorator.py
[2022-10-25 15:11:52,099] {processor.py:641} INFO - Processing file /home/airflow/.local/lib/python3.7/site-packages/airflow/example_dags/example_dag_decorator.py for tasks to queue
[2022-10-25 15:11:52,100] {logging_mixin.py:115} INFO - [2022-10-25 15:11:52,100] {dagbag.py:507} INFO - Filling up the DagBag from /home/airflow/.local/lib/python3.7/site-packages/airflow/example_dags/example_dag_decorator.py
[2022-10-25 15:11:52,139] {processor.py:651} INFO - DAG(s) dict_keys(['example_dag_decorator']) retrieved from /home/airflow/.local/lib/python3.7/site-packages/airflow/example_dags/example_dag_decorator.py
[2022-10-25 15:11:52,258] {logging_mixin.py:115} INFO - [2022-10-25 15:11:52,258] {dag.py:2371} INFO - Sync 1 DAGs
[2022-10-25 15:11:52,301] {logging_mixin.py:115} INFO - [2022-10-25 15:11:52,300] {dag.py:2919} INFO - Setting next_dagrun for example_dag_decorator to None, run_after=None
[2022-10-25 15:11:52,483] {processor.py:161} INFO - Processing /home/airflow/.local/lib/python3.7/site-packages/airflow/example_dags/example_dag_decorator.py took 0.390 seconds
[2022-10-25 15:12:22,980] {processor.py:153} INFO - Started process (PID=1359) to work on /home/airflow/.local/lib/python3.7/site-packages/airflow/example_dags/example_dag_decorator.py
[2022-10-25 15:12:22,981] {processor.py:641} INFO - Processing file /home/airflow/.local/lib/python3.7/site-packages/airflow/example_dags/example_dag_decorator.py for tasks to queue
[2022-10-25 15:12:22,983] {logging_mixin.py:115} INFO - [2022-10-25 15:12:22,982] {dagbag.py:507} INFO - Filling up the DagBag from /home/airflow/.local/lib/python3.7/site-packages/airflow/example_dags/example_dag_decorator.py
[2022-10-25 15:12:23,055] {processor.py:651} INFO - DAG(s) dict_keys(['example_dag_decorator']) retrieved from /home/airflow/.local/lib/python3.7/site-packages/airflow/example_dags/example_dag_decorator.py
[2022-10-25 15:12:23,335] {logging_mixin.py:115} INFO - [2022-10-25 15:12:23,335] {dag.py:2371} INFO - Sync 1 DAGs
[2022-10-25 15:12:23,414] {logging_mixin.py:115} INFO - [2022-10-25 15:12:23,414] {dag.py:2919} INFO - Setting next_dagrun for example_dag_decorator to None, run_after=None
[2022-10-25 15:12:24,040] {processor.py:161} INFO - Processing /home/airflow/.local/lib/python3.7/site-packages/airflow/example_dags/example_dag_decorator.py took 1.067 seconds
[2022-10-25 15:12:54,312] {processor.py:153} INFO - Started process (PID=1413) to work on /home/airflow/.local/lib/python3.7/site-packages/airflow/example_dags/example_dag_decorator.py
[2022-10-25 15:12:54,313] {processor.py:641} INFO - Processing file /home/airflow/.local/lib/python3.7/site-packages/airflow/example_dags/example_dag_decorator.py for tasks to queue
[2022-10-25 15:12:54,314] {logging_mixin.py:115} INFO - [2022-10-25 15:12:54,314] {dagbag.py:507} INFO - Filling up the DagBag from /home/airflow/.local/lib/python3.7/site-packages/airflow/example_dags/example_dag_decorator.py
[2022-10-25 15:12:54,361] {processor.py:651} INFO - DAG(s) dict_keys(['example_dag_decorator']) retrieved from /home/airflow/.local/lib/python3.7/site-packages/airflow/example_dags/example_dag_decorator.py
[2022-10-25 15:12:54,481] {logging_mixin.py:115} INFO - [2022-10-25 15:12:54,481] {dag.py:2371} INFO - Sync 1 DAGs
[2022-10-25 15:12:54,522] {logging_mixin.py:115} INFO - [2022-10-25 15:12:54,522] {dag.py:2919} INFO - Setting next_dagrun for example_dag_decorator to None, run_after=None
[2022-10-25 15:12:54,711] {processor.py:161} INFO - Processing /home/airflow/.local/lib/python3.7/site-packages/airflow/example_dags/example_dag_decorator.py took 0.404 seconds
[2022-10-25 15:13:24,851] {processor.py:153} INFO - Started process (PID=1468) to work on /home/airflow/.local/lib/python3.7/site-packages/airflow/example_dags/example_dag_decorator.py
[2022-10-25 15:13:24,852] {processor.py:641} INFO - Processing file /home/airflow/.local/lib/python3.7/site-packages/airflow/example_dags/example_dag_decorator.py for tasks to queue
[2022-10-25 15:13:24,854] {logging_mixin.py:115} INFO - [2022-10-25 15:13:24,853] {dagbag.py:507} INFO - Filling up the DagBag from /home/airflow/.local/lib/python3.7/site-packages/airflow/example_dags/example_dag_decorator.py
[2022-10-25 15:13:25,048] {processor.py:651} INFO - DAG(s) dict_keys(['example_dag_decorator']) retrieved from /home/airflow/.local/lib/python3.7/site-packages/airflow/example_dags/example_dag_decorator.py
[2022-10-25 15:13:25,361] {logging_mixin.py:115} INFO - [2022-10-25 15:13:25,361] {dag.py:2371} INFO - Sync 1 DAGs
[2022-10-25 15:13:25,436] {logging_mixin.py:115} INFO - [2022-10-25 15:13:25,436] {dag.py:2919} INFO - Setting next_dagrun for example_dag_decorator to None, run_after=None
[2022-10-25 15:13:25,777] {processor.py:161} INFO - Processing /home/airflow/.local/lib/python3.7/site-packages/airflow/example_dags/example_dag_decorator.py took 0.939 seconds
[2022-10-25 15:13:55,909] {processor.py:153} INFO - Started process (PID=1533) to work on /home/airflow/.local/lib/python3.7/site-packages/airflow/example_dags/example_dag_decorator.py
[2022-10-25 15:13:55,911] {processor.py:641} INFO - Processing file /home/airflow/.local/lib/python3.7/site-packages/airflow/example_dags/example_dag_decorator.py for tasks to queue
[2022-10-25 15:13:55,912] {logging_mixin.py:115} INFO - [2022-10-25 15:13:55,912] {dagbag.py:507} INFO - Filling up the DagBag from /home/airflow/.local/lib/python3.7/site-packages/airflow/example_dags/example_dag_decorator.py
[2022-10-25 15:13:55,971] {processor.py:651} INFO - DAG(s) dict_keys(['example_dag_decorator']) retrieved from /home/airflow/.local/lib/python3.7/site-packages/airflow/example_dags/example_dag_decorator.py
[2022-10-25 15:13:56,396] {logging_mixin.py:115} INFO - [2022-10-25 15:13:56,395] {dag.py:2371} INFO - Sync 1 DAGs
[2022-10-25 15:13:56,578] {logging_mixin.py:115} INFO - [2022-10-25 15:13:56,577] {dag.py:2919} INFO - Setting next_dagrun for example_dag_decorator to None, run_after=None
[2022-10-25 15:13:57,307] {processor.py:161} INFO - Processing /home/airflow/.local/lib/python3.7/site-packages/airflow/example_dags/example_dag_decorator.py took 1.405 seconds
[2022-10-25 15:14:28,107] {processor.py:153} INFO - Started process (PID=1587) to work on /home/airflow/.local/lib/python3.7/site-packages/airflow/example_dags/example_dag_decorator.py
[2022-10-25 15:14:28,133] {processor.py:641} INFO - Processing file /home/airflow/.local/lib/python3.7/site-packages/airflow/example_dags/example_dag_decorator.py for tasks to queue
[2022-10-25 15:14:28,147] {logging_mixin.py:115} INFO - [2022-10-25 15:14:28,147] {dagbag.py:507} INFO - Filling up the DagBag from /home/airflow/.local/lib/python3.7/site-packages/airflow/example_dags/example_dag_decorator.py
[2022-10-25 15:14:28,270] {processor.py:651} INFO - DAG(s) dict_keys(['example_dag_decorator']) retrieved from /home/airflow/.local/lib/python3.7/site-packages/airflow/example_dags/example_dag_decorator.py
[2022-10-25 15:14:28,830] {logging_mixin.py:115} INFO - [2022-10-25 15:14:28,830] {dag.py:2371} INFO - Sync 1 DAGs
[2022-10-25 15:14:28,966] {logging_mixin.py:115} INFO - [2022-10-25 15:14:28,966] {dag.py:2919} INFO - Setting next_dagrun for example_dag_decorator to None, run_after=None
[2022-10-25 15:14:29,288] {processor.py:161} INFO - Processing /home/airflow/.local/lib/python3.7/site-packages/airflow/example_dags/example_dag_decorator.py took 1.189 seconds
[2022-10-25 15:14:59,519] {processor.py:153} INFO - Started process (PID=1644) to work on /home/airflow/.local/lib/python3.7/site-packages/airflow/example_dags/example_dag_decorator.py
[2022-10-25 15:14:59,520] {processor.py:641} INFO - Processing file /home/airflow/.local/lib/python3.7/site-packages/airflow/example_dags/example_dag_decorator.py for tasks to queue
[2022-10-25 15:14:59,522] {logging_mixin.py:115} INFO - [2022-10-25 15:14:59,522] {dagbag.py:507} INFO - Filling up the DagBag from /home/airflow/.local/lib/python3.7/site-packages/airflow/example_dags/example_dag_decorator.py
[2022-10-25 15:14:59,603] {processor.py:651} INFO - DAG(s) dict_keys(['example_dag_decorator']) retrieved from /home/airflow/.local/lib/python3.7/site-packages/airflow/example_dags/example_dag_decorator.py
[2022-10-25 15:14:59,899] {logging_mixin.py:115} INFO - [2022-10-25 15:14:59,899] {dag.py:2371} INFO - Sync 1 DAGs
[2022-10-25 15:14:59,952] {logging_mixin.py:115} INFO - [2022-10-25 15:14:59,952] {dag.py:2919} INFO - Setting next_dagrun for example_dag_decorator to None, run_after=None
[2022-10-25 15:15:00,278] {processor.py:161} INFO - Processing /home/airflow/.local/lib/python3.7/site-packages/airflow/example_dags/example_dag_decorator.py took 0.765 seconds
[2022-10-25 15:15:30,435] {processor.py:153} INFO - Started process (PID=1707) to work on /home/airflow/.local/lib/python3.7/site-packages/airflow/example_dags/example_dag_decorator.py
[2022-10-25 15:15:30,436] {processor.py:641} INFO - Processing file /home/airflow/.local/lib/python3.7/site-packages/airflow/example_dags/example_dag_decorator.py for tasks to queue
[2022-10-25 15:15:30,437] {logging_mixin.py:115} INFO - [2022-10-25 15:15:30,437] {dagbag.py:507} INFO - Filling up the DagBag from /home/airflow/.local/lib/python3.7/site-packages/airflow/example_dags/example_dag_decorator.py
[2022-10-25 15:15:30,691] {processor.py:651} INFO - DAG(s) dict_keys(['example_dag_decorator']) retrieved from /home/airflow/.local/lib/python3.7/site-packages/airflow/example_dags/example_dag_decorator.py
[2022-10-25 15:15:30,809] {logging_mixin.py:115} INFO - [2022-10-25 15:15:30,809] {dag.py:2371} INFO - Sync 1 DAGs
[2022-10-25 15:15:30,846] {logging_mixin.py:115} INFO - [2022-10-25 15:15:30,846] {dag.py:2919} INFO - Setting next_dagrun for example_dag_decorator to None, run_after=None
[2022-10-25 15:15:30,871] {processor.py:161} INFO - Processing /home/airflow/.local/lib/python3.7/site-packages/airflow/example_dags/example_dag_decorator.py took 0.441 seconds
[2022-10-25 15:16:01,019] {processor.py:153} INFO - Started process (PID=1752) to work on /home/airflow/.local/lib/python3.7/site-packages/airflow/example_dags/example_dag_decorator.py
[2022-10-25 15:16:01,021] {processor.py:641} INFO - Processing file /home/airflow/.local/lib/python3.7/site-packages/airflow/example_dags/example_dag_decorator.py for tasks to queue
[2022-10-25 15:16:01,023] {logging_mixin.py:115} INFO - [2022-10-25 15:16:01,023] {dagbag.py:507} INFO - Filling up the DagBag from /home/airflow/.local/lib/python3.7/site-packages/airflow/example_dags/example_dag_decorator.py
[2022-10-25 15:16:01,429] {processor.py:651} INFO - DAG(s) dict_keys(['example_dag_decorator']) retrieved from /home/airflow/.local/lib/python3.7/site-packages/airflow/example_dags/example_dag_decorator.py
[2022-10-25 15:16:01,781] {logging_mixin.py:115} INFO - [2022-10-25 15:16:01,780] {dag.py:2371} INFO - Sync 1 DAGs
[2022-10-25 15:16:01,841] {logging_mixin.py:115} INFO - [2022-10-25 15:16:01,841] {dag.py:2919} INFO - Setting next_dagrun for example_dag_decorator to None, run_after=None
[2022-10-25 15:16:01,872] {processor.py:161} INFO - Processing /home/airflow/.local/lib/python3.7/site-packages/airflow/example_dags/example_dag_decorator.py took 0.860 seconds
[2022-10-25 15:16:32,505] {processor.py:153} INFO - Started process (PID=1816) to work on /home/airflow/.local/lib/python3.7/site-packages/airflow/example_dags/example_dag_decorator.py
[2022-10-25 15:16:32,513] {processor.py:641} INFO - Processing file /home/airflow/.local/lib/python3.7/site-packages/airflow/example_dags/example_dag_decorator.py for tasks to queue
[2022-10-25 15:16:32,515] {logging_mixin.py:115} INFO - [2022-10-25 15:16:32,515] {dagbag.py:507} INFO - Filling up the DagBag from /home/airflow/.local/lib/python3.7/site-packages/airflow/example_dags/example_dag_decorator.py
[2022-10-25 15:16:32,843] {processor.py:651} INFO - DAG(s) dict_keys(['example_dag_decorator']) retrieved from /home/airflow/.local/lib/python3.7/site-packages/airflow/example_dags/example_dag_decorator.py
[2022-10-25 15:16:32,982] {logging_mixin.py:115} INFO - [2022-10-25 15:16:32,982] {dag.py:2371} INFO - Sync 1 DAGs
[2022-10-25 15:16:33,020] {logging_mixin.py:115} INFO - [2022-10-25 15:16:33,020] {dag.py:2919} INFO - Setting next_dagrun for example_dag_decorator to None, run_after=None
[2022-10-25 15:16:33,045] {processor.py:161} INFO - Processing /home/airflow/.local/lib/python3.7/site-packages/airflow/example_dags/example_dag_decorator.py took 0.545 seconds
[2022-10-25 15:17:03,375] {processor.py:153} INFO - Started process (PID=1870) to work on /home/airflow/.local/lib/python3.7/site-packages/airflow/example_dags/example_dag_decorator.py
[2022-10-25 15:17:03,376] {processor.py:641} INFO - Processing file /home/airflow/.local/lib/python3.7/site-packages/airflow/example_dags/example_dag_decorator.py for tasks to queue
[2022-10-25 15:17:03,377] {logging_mixin.py:115} INFO - [2022-10-25 15:17:03,377] {dagbag.py:507} INFO - Filling up the DagBag from /home/airflow/.local/lib/python3.7/site-packages/airflow/example_dags/example_dag_decorator.py
[2022-10-25 15:17:03,595] {processor.py:651} INFO - DAG(s) dict_keys(['example_dag_decorator']) retrieved from /home/airflow/.local/lib/python3.7/site-packages/airflow/example_dags/example_dag_decorator.py
[2022-10-25 15:17:03,719] {logging_mixin.py:115} INFO - [2022-10-25 15:17:03,719] {dag.py:2371} INFO - Sync 1 DAGs
[2022-10-25 15:17:03,761] {logging_mixin.py:115} INFO - [2022-10-25 15:17:03,761] {dag.py:2919} INFO - Setting next_dagrun for example_dag_decorator to None, run_after=None
[2022-10-25 15:17:03,782] {processor.py:161} INFO - Processing /home/airflow/.local/lib/python3.7/site-packages/airflow/example_dags/example_dag_decorator.py took 0.412 seconds
[2022-10-25 15:17:34,243] {processor.py:153} INFO - Started process (PID=1934) to work on /home/airflow/.local/lib/python3.7/site-packages/airflow/example_dags/example_dag_decorator.py
[2022-10-25 15:17:34,244] {processor.py:641} INFO - Processing file /home/airflow/.local/lib/python3.7/site-packages/airflow/example_dags/example_dag_decorator.py for tasks to queue
[2022-10-25 15:17:34,245] {logging_mixin.py:115} INFO - [2022-10-25 15:17:34,245] {dagbag.py:507} INFO - Filling up the DagBag from /home/airflow/.local/lib/python3.7/site-packages/airflow/example_dags/example_dag_decorator.py
[2022-10-25 15:17:34,483] {processor.py:651} INFO - DAG(s) dict_keys(['example_dag_decorator']) retrieved from /home/airflow/.local/lib/python3.7/site-packages/airflow/example_dags/example_dag_decorator.py
[2022-10-25 15:17:34,578] {logging_mixin.py:115} INFO - [2022-10-25 15:17:34,577] {dag.py:2371} INFO - Sync 1 DAGs
[2022-10-25 15:17:34,611] {logging_mixin.py:115} INFO - [2022-10-25 15:17:34,611] {dag.py:2919} INFO - Setting next_dagrun for example_dag_decorator to None, run_after=None
[2022-10-25 15:17:34,645] {processor.py:161} INFO - Processing /home/airflow/.local/lib/python3.7/site-packages/airflow/example_dags/example_dag_decorator.py took 0.408 seconds
[2022-10-25 15:18:04,907] {processor.py:153} INFO - Started process (PID=1988) to work on /home/airflow/.local/lib/python3.7/site-packages/airflow/example_dags/example_dag_decorator.py
[2022-10-25 15:18:04,909] {processor.py:641} INFO - Processing file /home/airflow/.local/lib/python3.7/site-packages/airflow/example_dags/example_dag_decorator.py for tasks to queue
[2022-10-25 15:18:04,910] {logging_mixin.py:115} INFO - [2022-10-25 15:18:04,910] {dagbag.py:507} INFO - Filling up the DagBag from /home/airflow/.local/lib/python3.7/site-packages/airflow/example_dags/example_dag_decorator.py
[2022-10-25 15:18:05,128] {processor.py:651} INFO - DAG(s) dict_keys(['example_dag_decorator']) retrieved from /home/airflow/.local/lib/python3.7/site-packages/airflow/example_dags/example_dag_decorator.py
[2022-10-25 15:18:05,206] {logging_mixin.py:115} INFO - [2022-10-25 15:18:05,206] {dag.py:2371} INFO - Sync 1 DAGs
[2022-10-25 15:18:05,266] {logging_mixin.py:115} INFO - [2022-10-25 15:18:05,266] {dag.py:2919} INFO - Setting next_dagrun for example_dag_decorator to None, run_after=None
[2022-10-25 15:18:05,291] {processor.py:161} INFO - Processing /home/airflow/.local/lib/python3.7/site-packages/airflow/example_dags/example_dag_decorator.py took 0.390 seconds
[2022-10-25 15:18:35,426] {processor.py:153} INFO - Started process (PID=2043) to work on /home/airflow/.local/lib/python3.7/site-packages/airflow/example_dags/example_dag_decorator.py
[2022-10-25 15:18:35,427] {processor.py:641} INFO - Processing file /home/airflow/.local/lib/python3.7/site-packages/airflow/example_dags/example_dag_decorator.py for tasks to queue
[2022-10-25 15:18:35,428] {logging_mixin.py:115} INFO - [2022-10-25 15:18:35,428] {dagbag.py:507} INFO - Filling up the DagBag from /home/airflow/.local/lib/python3.7/site-packages/airflow/example_dags/example_dag_decorator.py
[2022-10-25 15:18:35,607] {processor.py:651} INFO - DAG(s) dict_keys(['example_dag_decorator']) retrieved from /home/airflow/.local/lib/python3.7/site-packages/airflow/example_dags/example_dag_decorator.py
[2022-10-25 15:18:35,678] {logging_mixin.py:115} INFO - [2022-10-25 15:18:35,678] {dag.py:2371} INFO - Sync 1 DAGs
[2022-10-25 15:18:35,702] {logging_mixin.py:115} INFO - [2022-10-25 15:18:35,702] {dag.py:2919} INFO - Setting next_dagrun for example_dag_decorator to None, run_after=None
[2022-10-25 15:18:35,723] {processor.py:161} INFO - Processing /home/airflow/.local/lib/python3.7/site-packages/airflow/example_dags/example_dag_decorator.py took 0.302 seconds
[2022-10-25 15:19:05,898] {processor.py:153} INFO - Started process (PID=2109) to work on /home/airflow/.local/lib/python3.7/site-packages/airflow/example_dags/example_dag_decorator.py
[2022-10-25 15:19:05,899] {processor.py:641} INFO - Processing file /home/airflow/.local/lib/python3.7/site-packages/airflow/example_dags/example_dag_decorator.py for tasks to queue
[2022-10-25 15:19:05,900] {logging_mixin.py:115} INFO - [2022-10-25 15:19:05,900] {dagbag.py:507} INFO - Filling up the DagBag from /home/airflow/.local/lib/python3.7/site-packages/airflow/example_dags/example_dag_decorator.py
[2022-10-25 15:19:06,096] {processor.py:651} INFO - DAG(s) dict_keys(['example_dag_decorator']) retrieved from /home/airflow/.local/lib/python3.7/site-packages/airflow/example_dags/example_dag_decorator.py
[2022-10-25 15:19:06,204] {logging_mixin.py:115} INFO - [2022-10-25 15:19:06,204] {dag.py:2371} INFO - Sync 1 DAGs
[2022-10-25 15:19:06,240] {logging_mixin.py:115} INFO - [2022-10-25 15:19:06,240] {dag.py:2919} INFO - Setting next_dagrun for example_dag_decorator to None, run_after=None
[2022-10-25 15:19:06,267] {processor.py:161} INFO - Processing /home/airflow/.local/lib/python3.7/site-packages/airflow/example_dags/example_dag_decorator.py took 0.374 seconds
[2022-10-25 15:19:37,117] {processor.py:153} INFO - Started process (PID=2162) to work on /home/airflow/.local/lib/python3.7/site-packages/airflow/example_dags/example_dag_decorator.py
[2022-10-25 15:19:37,124] {processor.py:641} INFO - Processing file /home/airflow/.local/lib/python3.7/site-packages/airflow/example_dags/example_dag_decorator.py for tasks to queue
[2022-10-25 15:19:37,133] {logging_mixin.py:115} INFO - [2022-10-25 15:19:37,133] {dagbag.py:507} INFO - Filling up the DagBag from /home/airflow/.local/lib/python3.7/site-packages/airflow/example_dags/example_dag_decorator.py
[2022-10-25 15:19:37,741] {processor.py:651} INFO - DAG(s) dict_keys(['example_dag_decorator']) retrieved from /home/airflow/.local/lib/python3.7/site-packages/airflow/example_dags/example_dag_decorator.py
[2022-10-25 15:19:38,191] {logging_mixin.py:115} INFO - [2022-10-25 15:19:38,191] {dag.py:2371} INFO - Sync 1 DAGs
[2022-10-25 15:19:38,296] {logging_mixin.py:115} INFO - [2022-10-25 15:19:38,295] {dag.py:2919} INFO - Setting next_dagrun for example_dag_decorator to None, run_after=None
[2022-10-25 15:19:38,340] {processor.py:161} INFO - Processing /home/airflow/.local/lib/python3.7/site-packages/airflow/example_dags/example_dag_decorator.py took 1.230 seconds
[2022-10-25 15:20:08,784] {processor.py:153} INFO - Started process (PID=2216) to work on /home/airflow/.local/lib/python3.7/site-packages/airflow/example_dags/example_dag_decorator.py
[2022-10-25 15:20:08,785] {processor.py:641} INFO - Processing file /home/airflow/.local/lib/python3.7/site-packages/airflow/example_dags/example_dag_decorator.py for tasks to queue
[2022-10-25 15:20:08,786] {logging_mixin.py:115} INFO - [2022-10-25 15:20:08,786] {dagbag.py:507} INFO - Filling up the DagBag from /home/airflow/.local/lib/python3.7/site-packages/airflow/example_dags/example_dag_decorator.py
[2022-10-25 15:20:09,026] {processor.py:651} INFO - DAG(s) dict_keys(['example_dag_decorator']) retrieved from /home/airflow/.local/lib/python3.7/site-packages/airflow/example_dags/example_dag_decorator.py
[2022-10-25 15:20:09,064] {logging_mixin.py:115} INFO - [2022-10-25 15:20:09,064] {dag.py:2371} INFO - Sync 1 DAGs
[2022-10-25 15:20:09,098] {logging_mixin.py:115} INFO - [2022-10-25 15:20:09,098] {dag.py:2919} INFO - Setting next_dagrun for example_dag_decorator to None, run_after=None
[2022-10-25 15:20:09,124] {processor.py:161} INFO - Processing /home/airflow/.local/lib/python3.7/site-packages/airflow/example_dags/example_dag_decorator.py took 0.344 seconds
[2022-10-25 15:20:39,409] {processor.py:153} INFO - Started process (PID=2276) to work on /home/airflow/.local/lib/python3.7/site-packages/airflow/example_dags/example_dag_decorator.py
[2022-10-25 15:20:39,410] {processor.py:641} INFO - Processing file /home/airflow/.local/lib/python3.7/site-packages/airflow/example_dags/example_dag_decorator.py for tasks to queue
[2022-10-25 15:20:39,412] {logging_mixin.py:115} INFO - [2022-10-25 15:20:39,412] {dagbag.py:507} INFO - Filling up the DagBag from /home/airflow/.local/lib/python3.7/site-packages/airflow/example_dags/example_dag_decorator.py
[2022-10-25 15:20:39,451] {processor.py:651} INFO - DAG(s) dict_keys(['example_dag_decorator']) retrieved from /home/airflow/.local/lib/python3.7/site-packages/airflow/example_dags/example_dag_decorator.py
[2022-10-25 15:20:39,618] {logging_mixin.py:115} INFO - [2022-10-25 15:20:39,618] {dag.py:2371} INFO - Sync 1 DAGs
[2022-10-25 15:20:39,671] {logging_mixin.py:115} INFO - [2022-10-25 15:20:39,671] {dag.py:2919} INFO - Setting next_dagrun for example_dag_decorator to None, run_after=None
[2022-10-25 15:20:39,709] {processor.py:161} INFO - Processing /home/airflow/.local/lib/python3.7/site-packages/airflow/example_dags/example_dag_decorator.py took 0.307 seconds
[2022-10-25 15:21:09,829] {processor.py:153} INFO - Started process (PID=2336) to work on /home/airflow/.local/lib/python3.7/site-packages/airflow/example_dags/example_dag_decorator.py
[2022-10-25 15:21:09,831] {processor.py:641} INFO - Processing file /home/airflow/.local/lib/python3.7/site-packages/airflow/example_dags/example_dag_decorator.py for tasks to queue
[2022-10-25 15:21:09,832] {logging_mixin.py:115} INFO - [2022-10-25 15:21:09,832] {dagbag.py:507} INFO - Filling up the DagBag from /home/airflow/.local/lib/python3.7/site-packages/airflow/example_dags/example_dag_decorator.py
[2022-10-25 15:21:09,880] {processor.py:651} INFO - DAG(s) dict_keys(['example_dag_decorator']) retrieved from /home/airflow/.local/lib/python3.7/site-packages/airflow/example_dags/example_dag_decorator.py
[2022-10-25 15:21:09,923] {logging_mixin.py:115} INFO - [2022-10-25 15:21:09,923] {dag.py:2371} INFO - Sync 1 DAGs
[2022-10-25 15:21:09,958] {logging_mixin.py:115} INFO - [2022-10-25 15:21:09,958] {dag.py:2919} INFO - Setting next_dagrun for example_dag_decorator to None, run_after=None
[2022-10-25 15:21:09,994] {processor.py:161} INFO - Processing /home/airflow/.local/lib/python3.7/site-packages/airflow/example_dags/example_dag_decorator.py took 0.170 seconds
[2022-10-25 15:21:40,526] {processor.py:153} INFO - Started process (PID=2389) to work on /home/airflow/.local/lib/python3.7/site-packages/airflow/example_dags/example_dag_decorator.py
[2022-10-25 15:21:40,527] {processor.py:641} INFO - Processing file /home/airflow/.local/lib/python3.7/site-packages/airflow/example_dags/example_dag_decorator.py for tasks to queue
[2022-10-25 15:21:40,528] {logging_mixin.py:115} INFO - [2022-10-25 15:21:40,528] {dagbag.py:507} INFO - Filling up the DagBag from /home/airflow/.local/lib/python3.7/site-packages/airflow/example_dags/example_dag_decorator.py
[2022-10-25 15:21:40,562] {processor.py:651} INFO - DAG(s) dict_keys(['example_dag_decorator']) retrieved from /home/airflow/.local/lib/python3.7/site-packages/airflow/example_dags/example_dag_decorator.py
[2022-10-25 15:21:40,669] {logging_mixin.py:115} INFO - [2022-10-25 15:21:40,669] {dag.py:2371} INFO - Sync 1 DAGs
[2022-10-25 15:21:40,704] {logging_mixin.py:115} INFO - [2022-10-25 15:21:40,704] {dag.py:2919} INFO - Setting next_dagrun for example_dag_decorator to None, run_after=None
[2022-10-25 15:21:40,728] {processor.py:161} INFO - Processing /home/airflow/.local/lib/python3.7/site-packages/airflow/example_dags/example_dag_decorator.py took 0.207 seconds
[2022-10-25 15:22:10,835] {processor.py:153} INFO - Started process (PID=2452) to work on /home/airflow/.local/lib/python3.7/site-packages/airflow/example_dags/example_dag_decorator.py
[2022-10-25 15:22:10,837] {processor.py:641} INFO - Processing file /home/airflow/.local/lib/python3.7/site-packages/airflow/example_dags/example_dag_decorator.py for tasks to queue
[2022-10-25 15:22:10,838] {logging_mixin.py:115} INFO - [2022-10-25 15:22:10,838] {dagbag.py:507} INFO - Filling up the DagBag from /home/airflow/.local/lib/python3.7/site-packages/airflow/example_dags/example_dag_decorator.py
[2022-10-25 15:22:10,886] {processor.py:651} INFO - DAG(s) dict_keys(['example_dag_decorator']) retrieved from /home/airflow/.local/lib/python3.7/site-packages/airflow/example_dags/example_dag_decorator.py
[2022-10-25 15:22:11,126] {logging_mixin.py:115} INFO - [2022-10-25 15:22:11,126] {dag.py:2371} INFO - Sync 1 DAGs
[2022-10-25 15:22:11,196] {logging_mixin.py:115} INFO - [2022-10-25 15:22:11,196] {dag.py:2919} INFO - Setting next_dagrun for example_dag_decorator to None, run_after=None
[2022-10-25 15:22:11,278] {processor.py:161} INFO - Processing /home/airflow/.local/lib/python3.7/site-packages/airflow/example_dags/example_dag_decorator.py took 0.449 seconds
[2022-10-25 15:22:41,879] {processor.py:153} INFO - Started process (PID=2507) to work on /home/airflow/.local/lib/python3.7/site-packages/airflow/example_dags/example_dag_decorator.py
[2022-10-25 15:22:41,880] {processor.py:641} INFO - Processing file /home/airflow/.local/lib/python3.7/site-packages/airflow/example_dags/example_dag_decorator.py for tasks to queue
[2022-10-25 15:22:41,882] {logging_mixin.py:115} INFO - [2022-10-25 15:22:41,882] {dagbag.py:507} INFO - Filling up the DagBag from /home/airflow/.local/lib/python3.7/site-packages/airflow/example_dags/example_dag_decorator.py
[2022-10-25 15:22:41,959] {processor.py:651} INFO - DAG(s) dict_keys(['example_dag_decorator']) retrieved from /home/airflow/.local/lib/python3.7/site-packages/airflow/example_dags/example_dag_decorator.py
[2022-10-25 15:22:42,117] {logging_mixin.py:115} INFO - [2022-10-25 15:22:42,117] {dag.py:2371} INFO - Sync 1 DAGs
[2022-10-25 15:22:42,160] {logging_mixin.py:115} INFO - [2022-10-25 15:22:42,160] {dag.py:2919} INFO - Setting next_dagrun for example_dag_decorator to None, run_after=None
[2022-10-25 15:22:42,218] {processor.py:161} INFO - Processing /home/airflow/.local/lib/python3.7/site-packages/airflow/example_dags/example_dag_decorator.py took 0.346 seconds
