[2022-10-25 15:00:43,678] {processor.py:153} INFO - Started process (PID=95) to work on /home/airflow/.local/lib/python3.7/site-packages/airflow/example_dags/example_task_group_decorator.py
[2022-10-25 15:00:43,700] {processor.py:641} INFO - Processing file /home/airflow/.local/lib/python3.7/site-packages/airflow/example_dags/example_task_group_decorator.py for tasks to queue
[2022-10-25 15:00:43,704] {logging_mixin.py:115} INFO - [2022-10-25 15:00:43,704] {dagbag.py:507} INFO - Filling up the DagBag from /home/airflow/.local/lib/python3.7/site-packages/airflow/example_dags/example_task_group_decorator.py
[2022-10-25 15:00:43,989] {processor.py:651} INFO - DAG(s) dict_keys(['example_task_group_decorator']) retrieved from /home/airflow/.local/lib/python3.7/site-packages/airflow/example_dags/example_task_group_decorator.py
[2022-10-25 15:00:45,198] {logging_mixin.py:115} INFO - [2022-10-25 15:00:45,198] {dag.py:2371} INFO - Sync 1 DAGs
[2022-10-25 15:00:45,303] {logging_mixin.py:115} INFO - [2022-10-25 15:00:45,302] {dag.py:2919} INFO - Setting next_dagrun for example_task_group_decorator to 2022-10-24T15:00:45.302589+00:00, run_after=2022-10-25T15:00:45.302589+00:00
[2022-10-25 15:00:45,376] {processor.py:161} INFO - Processing /home/airflow/.local/lib/python3.7/site-packages/airflow/example_dags/example_task_group_decorator.py took 1.706 seconds
[2022-10-25 15:01:15,508] {processor.py:153} INFO - Started process (PID=149) to work on /home/airflow/.local/lib/python3.7/site-packages/airflow/example_dags/example_task_group_decorator.py
[2022-10-25 15:01:15,510] {processor.py:641} INFO - Processing file /home/airflow/.local/lib/python3.7/site-packages/airflow/example_dags/example_task_group_decorator.py for tasks to queue
[2022-10-25 15:01:15,511] {logging_mixin.py:115} INFO - [2022-10-25 15:01:15,511] {dagbag.py:507} INFO - Filling up the DagBag from /home/airflow/.local/lib/python3.7/site-packages/airflow/example_dags/example_task_group_decorator.py
[2022-10-25 15:01:15,612] {processor.py:651} INFO - DAG(s) dict_keys(['example_task_group_decorator']) retrieved from /home/airflow/.local/lib/python3.7/site-packages/airflow/example_dags/example_task_group_decorator.py
[2022-10-25 15:01:16,086] {logging_mixin.py:115} INFO - [2022-10-25 15:01:16,086] {dag.py:2371} INFO - Sync 1 DAGs
[2022-10-25 15:01:16,155] {logging_mixin.py:115} INFO - [2022-10-25 15:01:16,155] {dag.py:2919} INFO - Setting next_dagrun for example_task_group_decorator to 2022-10-24T15:01:16.155077+00:00, run_after=2022-10-25T15:01:16.155077+00:00
[2022-10-25 15:01:16,204] {processor.py:161} INFO - Processing /home/airflow/.local/lib/python3.7/site-packages/airflow/example_dags/example_task_group_decorator.py took 0.700 seconds
[2022-10-25 15:01:46,993] {processor.py:153} INFO - Started process (PID=205) to work on /home/airflow/.local/lib/python3.7/site-packages/airflow/example_dags/example_task_group_decorator.py
[2022-10-25 15:01:46,997] {processor.py:641} INFO - Processing file /home/airflow/.local/lib/python3.7/site-packages/airflow/example_dags/example_task_group_decorator.py for tasks to queue
[2022-10-25 15:01:46,999] {logging_mixin.py:115} INFO - [2022-10-25 15:01:46,999] {dagbag.py:507} INFO - Filling up the DagBag from /home/airflow/.local/lib/python3.7/site-packages/airflow/example_dags/example_task_group_decorator.py
[2022-10-25 15:01:47,066] {processor.py:651} INFO - DAG(s) dict_keys(['example_task_group_decorator']) retrieved from /home/airflow/.local/lib/python3.7/site-packages/airflow/example_dags/example_task_group_decorator.py
[2022-10-25 15:01:47,381] {logging_mixin.py:115} INFO - [2022-10-25 15:01:47,380] {dag.py:2371} INFO - Sync 1 DAGs
[2022-10-25 15:01:47,411] {logging_mixin.py:115} INFO - [2022-10-25 15:01:47,411] {dag.py:2919} INFO - Setting next_dagrun for example_task_group_decorator to 2022-10-24T15:01:47.411068+00:00, run_after=2022-10-25T15:01:47.411068+00:00
[2022-10-25 15:01:47,443] {processor.py:161} INFO - Processing /home/airflow/.local/lib/python3.7/site-packages/airflow/example_dags/example_task_group_decorator.py took 0.456 seconds
[2022-10-25 15:02:18,200] {processor.py:153} INFO - Started process (PID=259) to work on /home/airflow/.local/lib/python3.7/site-packages/airflow/example_dags/example_task_group_decorator.py
[2022-10-25 15:02:18,210] {processor.py:641} INFO - Processing file /home/airflow/.local/lib/python3.7/site-packages/airflow/example_dags/example_task_group_decorator.py for tasks to queue
[2022-10-25 15:02:18,212] {logging_mixin.py:115} INFO - [2022-10-25 15:02:18,211] {dagbag.py:507} INFO - Filling up the DagBag from /home/airflow/.local/lib/python3.7/site-packages/airflow/example_dags/example_task_group_decorator.py
[2022-10-25 15:02:18,417] {processor.py:651} INFO - DAG(s) dict_keys(['example_task_group_decorator']) retrieved from /home/airflow/.local/lib/python3.7/site-packages/airflow/example_dags/example_task_group_decorator.py
[2022-10-25 15:02:18,809] {logging_mixin.py:115} INFO - [2022-10-25 15:02:18,809] {dag.py:2371} INFO - Sync 1 DAGs
[2022-10-25 15:02:18,844] {logging_mixin.py:115} INFO - [2022-10-25 15:02:18,844] {dag.py:2919} INFO - Setting next_dagrun for example_task_group_decorator to 2022-10-24T15:02:18.843755+00:00, run_after=2022-10-25T15:02:18.843755+00:00
[2022-10-25 15:02:18,871] {processor.py:161} INFO - Processing /home/airflow/.local/lib/python3.7/site-packages/airflow/example_dags/example_task_group_decorator.py took 0.729 seconds
[2022-10-25 15:02:49,145] {processor.py:153} INFO - Started process (PID=313) to work on /home/airflow/.local/lib/python3.7/site-packages/airflow/example_dags/example_task_group_decorator.py
[2022-10-25 15:02:49,148] {processor.py:641} INFO - Processing file /home/airflow/.local/lib/python3.7/site-packages/airflow/example_dags/example_task_group_decorator.py for tasks to queue
[2022-10-25 15:02:49,157] {logging_mixin.py:115} INFO - [2022-10-25 15:02:49,156] {dagbag.py:507} INFO - Filling up the DagBag from /home/airflow/.local/lib/python3.7/site-packages/airflow/example_dags/example_task_group_decorator.py
[2022-10-25 15:02:49,335] {processor.py:651} INFO - DAG(s) dict_keys(['example_task_group_decorator']) retrieved from /home/airflow/.local/lib/python3.7/site-packages/airflow/example_dags/example_task_group_decorator.py
[2022-10-25 15:02:49,978] {logging_mixin.py:115} INFO - [2022-10-25 15:02:49,978] {dag.py:2371} INFO - Sync 1 DAGs
[2022-10-25 15:02:50,068] {logging_mixin.py:115} INFO - [2022-10-25 15:02:50,068] {dag.py:2919} INFO - Setting next_dagrun for example_task_group_decorator to 2022-10-24T15:02:50.067490+00:00, run_after=2022-10-25T15:02:50.067490+00:00
[2022-10-25 15:02:50,153] {processor.py:161} INFO - Processing /home/airflow/.local/lib/python3.7/site-packages/airflow/example_dags/example_task_group_decorator.py took 1.014 seconds
[2022-10-25 15:03:20,938] {processor.py:153} INFO - Started process (PID=368) to work on /home/airflow/.local/lib/python3.7/site-packages/airflow/example_dags/example_task_group_decorator.py
[2022-10-25 15:03:20,943] {processor.py:641} INFO - Processing file /home/airflow/.local/lib/python3.7/site-packages/airflow/example_dags/example_task_group_decorator.py for tasks to queue
[2022-10-25 15:03:20,948] {logging_mixin.py:115} INFO - [2022-10-25 15:03:20,948] {dagbag.py:507} INFO - Filling up the DagBag from /home/airflow/.local/lib/python3.7/site-packages/airflow/example_dags/example_task_group_decorator.py
[2022-10-25 15:03:21,219] {processor.py:651} INFO - DAG(s) dict_keys(['example_task_group_decorator']) retrieved from /home/airflow/.local/lib/python3.7/site-packages/airflow/example_dags/example_task_group_decorator.py
[2022-10-25 15:03:22,093] {logging_mixin.py:115} INFO - [2022-10-25 15:03:22,093] {dag.py:2371} INFO - Sync 1 DAGs
[2022-10-25 15:03:22,368] {logging_mixin.py:115} INFO - [2022-10-25 15:03:22,367] {dag.py:2919} INFO - Setting next_dagrun for example_task_group_decorator to 2022-10-24T15:03:22.367295+00:00, run_after=2022-10-25T15:03:22.367295+00:00
[2022-10-25 15:03:22,504] {processor.py:161} INFO - Processing /home/airflow/.local/lib/python3.7/site-packages/airflow/example_dags/example_task_group_decorator.py took 1.577 seconds
[2022-10-25 15:03:52,838] {processor.py:153} INFO - Started process (PID=422) to work on /home/airflow/.local/lib/python3.7/site-packages/airflow/example_dags/example_task_group_decorator.py
[2022-10-25 15:03:52,840] {processor.py:641} INFO - Processing file /home/airflow/.local/lib/python3.7/site-packages/airflow/example_dags/example_task_group_decorator.py for tasks to queue
[2022-10-25 15:03:52,842] {logging_mixin.py:115} INFO - [2022-10-25 15:03:52,841] {dagbag.py:507} INFO - Filling up the DagBag from /home/airflow/.local/lib/python3.7/site-packages/airflow/example_dags/example_task_group_decorator.py
[2022-10-25 15:03:52,928] {processor.py:651} INFO - DAG(s) dict_keys(['example_task_group_decorator']) retrieved from /home/airflow/.local/lib/python3.7/site-packages/airflow/example_dags/example_task_group_decorator.py
[2022-10-25 15:03:53,421] {logging_mixin.py:115} INFO - [2022-10-25 15:03:53,421] {dag.py:2371} INFO - Sync 1 DAGs
[2022-10-25 15:03:53,462] {logging_mixin.py:115} INFO - [2022-10-25 15:03:53,462] {dag.py:2919} INFO - Setting next_dagrun for example_task_group_decorator to 2022-10-24T15:03:53.462420+00:00, run_after=2022-10-25T15:03:53.462420+00:00
[2022-10-25 15:03:53,498] {processor.py:161} INFO - Processing /home/airflow/.local/lib/python3.7/site-packages/airflow/example_dags/example_task_group_decorator.py took 0.666 seconds
[2022-10-25 15:04:23,956] {processor.py:153} INFO - Started process (PID=486) to work on /home/airflow/.local/lib/python3.7/site-packages/airflow/example_dags/example_task_group_decorator.py
[2022-10-25 15:04:23,958] {processor.py:641} INFO - Processing file /home/airflow/.local/lib/python3.7/site-packages/airflow/example_dags/example_task_group_decorator.py for tasks to queue
[2022-10-25 15:04:23,962] {logging_mixin.py:115} INFO - [2022-10-25 15:04:23,961] {dagbag.py:507} INFO - Filling up the DagBag from /home/airflow/.local/lib/python3.7/site-packages/airflow/example_dags/example_task_group_decorator.py
[2022-10-25 15:04:24,124] {processor.py:651} INFO - DAG(s) dict_keys(['example_task_group_decorator']) retrieved from /home/airflow/.local/lib/python3.7/site-packages/airflow/example_dags/example_task_group_decorator.py
[2022-10-25 15:04:24,527] {logging_mixin.py:115} INFO - [2022-10-25 15:04:24,527] {dag.py:2371} INFO - Sync 1 DAGs
[2022-10-25 15:04:24,560] {logging_mixin.py:115} INFO - [2022-10-25 15:04:24,560] {dag.py:2919} INFO - Setting next_dagrun for example_task_group_decorator to 2022-10-24T15:04:24.560002+00:00, run_after=2022-10-25T15:04:24.560002+00:00
[2022-10-25 15:04:24,591] {processor.py:161} INFO - Processing /home/airflow/.local/lib/python3.7/site-packages/airflow/example_dags/example_task_group_decorator.py took 0.641 seconds
[2022-10-25 15:04:55,230] {processor.py:153} INFO - Started process (PID=542) to work on /home/airflow/.local/lib/python3.7/site-packages/airflow/example_dags/example_task_group_decorator.py
[2022-10-25 15:04:55,250] {processor.py:641} INFO - Processing file /home/airflow/.local/lib/python3.7/site-packages/airflow/example_dags/example_task_group_decorator.py for tasks to queue
[2022-10-25 15:04:55,289] {logging_mixin.py:115} INFO - [2022-10-25 15:04:55,276] {dagbag.py:507} INFO - Filling up the DagBag from /home/airflow/.local/lib/python3.7/site-packages/airflow/example_dags/example_task_group_decorator.py
[2022-10-25 15:04:55,557] {processor.py:651} INFO - DAG(s) dict_keys(['example_task_group_decorator']) retrieved from /home/airflow/.local/lib/python3.7/site-packages/airflow/example_dags/example_task_group_decorator.py
[2022-10-25 15:04:55,895] {logging_mixin.py:115} INFO - [2022-10-25 15:04:55,895] {dag.py:2371} INFO - Sync 1 DAGs
[2022-10-25 15:04:55,950] {logging_mixin.py:115} INFO - [2022-10-25 15:04:55,946] {dag.py:2919} INFO - Setting next_dagrun for example_task_group_decorator to 2022-10-24T15:04:55.946605+00:00, run_after=2022-10-25T15:04:55.946605+00:00
[2022-10-25 15:04:55,988] {processor.py:161} INFO - Processing /home/airflow/.local/lib/python3.7/site-packages/airflow/example_dags/example_task_group_decorator.py took 0.789 seconds
[2022-10-25 15:05:26,813] {processor.py:153} INFO - Started process (PID=595) to work on /home/airflow/.local/lib/python3.7/site-packages/airflow/example_dags/example_task_group_decorator.py
[2022-10-25 15:05:26,821] {processor.py:641} INFO - Processing file /home/airflow/.local/lib/python3.7/site-packages/airflow/example_dags/example_task_group_decorator.py for tasks to queue
[2022-10-25 15:05:26,833] {logging_mixin.py:115} INFO - [2022-10-25 15:05:26,833] {dagbag.py:507} INFO - Filling up the DagBag from /home/airflow/.local/lib/python3.7/site-packages/airflow/example_dags/example_task_group_decorator.py
[2022-10-25 15:05:27,437] {processor.py:651} INFO - DAG(s) dict_keys(['example_task_group_decorator']) retrieved from /home/airflow/.local/lib/python3.7/site-packages/airflow/example_dags/example_task_group_decorator.py
[2022-10-25 15:05:28,590] {logging_mixin.py:115} INFO - [2022-10-25 15:05:28,590] {dag.py:2371} INFO - Sync 1 DAGs
[2022-10-25 15:05:28,647] {logging_mixin.py:115} INFO - [2022-10-25 15:05:28,647] {dag.py:2919} INFO - Setting next_dagrun for example_task_group_decorator to 2022-10-24T15:05:28.646647+00:00, run_after=2022-10-25T15:05:28.646647+00:00
[2022-10-25 15:05:28,711] {processor.py:161} INFO - Processing /home/airflow/.local/lib/python3.7/site-packages/airflow/example_dags/example_task_group_decorator.py took 1.905 seconds
[2022-10-25 15:05:58,990] {processor.py:153} INFO - Started process (PID=649) to work on /home/airflow/.local/lib/python3.7/site-packages/airflow/example_dags/example_task_group_decorator.py
[2022-10-25 15:05:58,992] {processor.py:641} INFO - Processing file /home/airflow/.local/lib/python3.7/site-packages/airflow/example_dags/example_task_group_decorator.py for tasks to queue
[2022-10-25 15:05:58,994] {logging_mixin.py:115} INFO - [2022-10-25 15:05:58,994] {dagbag.py:507} INFO - Filling up the DagBag from /home/airflow/.local/lib/python3.7/site-packages/airflow/example_dags/example_task_group_decorator.py
[2022-10-25 15:05:59,059] {processor.py:651} INFO - DAG(s) dict_keys(['example_task_group_decorator']) retrieved from /home/airflow/.local/lib/python3.7/site-packages/airflow/example_dags/example_task_group_decorator.py
[2022-10-25 15:05:59,424] {logging_mixin.py:115} INFO - [2022-10-25 15:05:59,424] {dag.py:2371} INFO - Sync 1 DAGs
[2022-10-25 15:05:59,453] {logging_mixin.py:115} INFO - [2022-10-25 15:05:59,453] {dag.py:2919} INFO - Setting next_dagrun for example_task_group_decorator to 2022-10-24T15:05:59.452672+00:00, run_after=2022-10-25T15:05:59.452672+00:00
[2022-10-25 15:05:59,484] {processor.py:161} INFO - Processing /home/airflow/.local/lib/python3.7/site-packages/airflow/example_dags/example_task_group_decorator.py took 0.504 seconds
[2022-10-25 15:06:29,727] {processor.py:153} INFO - Started process (PID=704) to work on /home/airflow/.local/lib/python3.7/site-packages/airflow/example_dags/example_task_group_decorator.py
[2022-10-25 15:06:29,728] {processor.py:641} INFO - Processing file /home/airflow/.local/lib/python3.7/site-packages/airflow/example_dags/example_task_group_decorator.py for tasks to queue
[2022-10-25 15:06:29,729] {logging_mixin.py:115} INFO - [2022-10-25 15:06:29,729] {dagbag.py:507} INFO - Filling up the DagBag from /home/airflow/.local/lib/python3.7/site-packages/airflow/example_dags/example_task_group_decorator.py
[2022-10-25 15:06:29,822] {processor.py:651} INFO - DAG(s) dict_keys(['example_task_group_decorator']) retrieved from /home/airflow/.local/lib/python3.7/site-packages/airflow/example_dags/example_task_group_decorator.py
[2022-10-25 15:06:30,188] {logging_mixin.py:115} INFO - [2022-10-25 15:06:30,188] {dag.py:2371} INFO - Sync 1 DAGs
[2022-10-25 15:06:30,217] {logging_mixin.py:115} INFO - [2022-10-25 15:06:30,217] {dag.py:2919} INFO - Setting next_dagrun for example_task_group_decorator to 2022-10-24T15:06:30.216700+00:00, run_after=2022-10-25T15:06:30.216700+00:00
[2022-10-25 15:06:30,250] {processor.py:161} INFO - Processing /home/airflow/.local/lib/python3.7/site-packages/airflow/example_dags/example_task_group_decorator.py took 0.529 seconds
[2022-10-25 15:07:00,384] {processor.py:153} INFO - Started process (PID=758) to work on /home/airflow/.local/lib/python3.7/site-packages/airflow/example_dags/example_task_group_decorator.py
[2022-10-25 15:07:00,385] {processor.py:641} INFO - Processing file /home/airflow/.local/lib/python3.7/site-packages/airflow/example_dags/example_task_group_decorator.py for tasks to queue
[2022-10-25 15:07:00,387] {logging_mixin.py:115} INFO - [2022-10-25 15:07:00,386] {dagbag.py:507} INFO - Filling up the DagBag from /home/airflow/.local/lib/python3.7/site-packages/airflow/example_dags/example_task_group_decorator.py
[2022-10-25 15:07:00,439] {processor.py:651} INFO - DAG(s) dict_keys(['example_task_group_decorator']) retrieved from /home/airflow/.local/lib/python3.7/site-packages/airflow/example_dags/example_task_group_decorator.py
[2022-10-25 15:07:00,904] {logging_mixin.py:115} INFO - [2022-10-25 15:07:00,903] {dag.py:2371} INFO - Sync 1 DAGs
[2022-10-25 15:07:00,991] {logging_mixin.py:115} INFO - [2022-10-25 15:07:00,990] {dag.py:2919} INFO - Setting next_dagrun for example_task_group_decorator to 2022-10-24T15:07:00.989979+00:00, run_after=2022-10-25T15:07:00.989979+00:00
[2022-10-25 15:07:01,079] {processor.py:161} INFO - Processing /home/airflow/.local/lib/python3.7/site-packages/airflow/example_dags/example_task_group_decorator.py took 0.701 seconds
[2022-10-25 15:07:31,199] {processor.py:153} INFO - Started process (PID=817) to work on /home/airflow/.local/lib/python3.7/site-packages/airflow/example_dags/example_task_group_decorator.py
[2022-10-25 15:07:31,200] {processor.py:641} INFO - Processing file /home/airflow/.local/lib/python3.7/site-packages/airflow/example_dags/example_task_group_decorator.py for tasks to queue
[2022-10-25 15:07:31,202] {logging_mixin.py:115} INFO - [2022-10-25 15:07:31,201] {dagbag.py:507} INFO - Filling up the DagBag from /home/airflow/.local/lib/python3.7/site-packages/airflow/example_dags/example_task_group_decorator.py
[2022-10-25 15:07:31,295] {processor.py:651} INFO - DAG(s) dict_keys(['example_task_group_decorator']) retrieved from /home/airflow/.local/lib/python3.7/site-packages/airflow/example_dags/example_task_group_decorator.py
[2022-10-25 15:07:31,682] {logging_mixin.py:115} INFO - [2022-10-25 15:07:31,681] {dag.py:2371} INFO - Sync 1 DAGs
[2022-10-25 15:07:31,733] {logging_mixin.py:115} INFO - [2022-10-25 15:07:31,732] {dag.py:2919} INFO - Setting next_dagrun for example_task_group_decorator to 2022-10-24T15:07:31.732627+00:00, run_after=2022-10-25T15:07:31.732627+00:00
[2022-10-25 15:07:31,751] {processor.py:161} INFO - Processing /home/airflow/.local/lib/python3.7/site-packages/airflow/example_dags/example_task_group_decorator.py took 0.559 seconds
[2022-10-25 15:08:01,857] {processor.py:153} INFO - Started process (PID=870) to work on /home/airflow/.local/lib/python3.7/site-packages/airflow/example_dags/example_task_group_decorator.py
[2022-10-25 15:08:01,859] {processor.py:641} INFO - Processing file /home/airflow/.local/lib/python3.7/site-packages/airflow/example_dags/example_task_group_decorator.py for tasks to queue
[2022-10-25 15:08:01,860] {logging_mixin.py:115} INFO - [2022-10-25 15:08:01,860] {dagbag.py:507} INFO - Filling up the DagBag from /home/airflow/.local/lib/python3.7/site-packages/airflow/example_dags/example_task_group_decorator.py
[2022-10-25 15:08:01,901] {processor.py:651} INFO - DAG(s) dict_keys(['example_task_group_decorator']) retrieved from /home/airflow/.local/lib/python3.7/site-packages/airflow/example_dags/example_task_group_decorator.py
[2022-10-25 15:08:02,142] {logging_mixin.py:115} INFO - [2022-10-25 15:08:02,142] {dag.py:2371} INFO - Sync 1 DAGs
[2022-10-25 15:08:02,178] {logging_mixin.py:115} INFO - [2022-10-25 15:08:02,178] {dag.py:2919} INFO - Setting next_dagrun for example_task_group_decorator to 2022-10-24T15:08:02.178484+00:00, run_after=2022-10-25T15:08:02.178484+00:00
[2022-10-25 15:08:02,196] {processor.py:161} INFO - Processing /home/airflow/.local/lib/python3.7/site-packages/airflow/example_dags/example_task_group_decorator.py took 0.343 seconds
[2022-10-25 15:08:32,362] {processor.py:153} INFO - Started process (PID=924) to work on /home/airflow/.local/lib/python3.7/site-packages/airflow/example_dags/example_task_group_decorator.py
[2022-10-25 15:08:32,363] {processor.py:641} INFO - Processing file /home/airflow/.local/lib/python3.7/site-packages/airflow/example_dags/example_task_group_decorator.py for tasks to queue
[2022-10-25 15:08:32,364] {logging_mixin.py:115} INFO - [2022-10-25 15:08:32,364] {dagbag.py:507} INFO - Filling up the DagBag from /home/airflow/.local/lib/python3.7/site-packages/airflow/example_dags/example_task_group_decorator.py
[2022-10-25 15:08:32,447] {processor.py:651} INFO - DAG(s) dict_keys(['example_task_group_decorator']) retrieved from /home/airflow/.local/lib/python3.7/site-packages/airflow/example_dags/example_task_group_decorator.py
[2022-10-25 15:08:32,741] {logging_mixin.py:115} INFO - [2022-10-25 15:08:32,740] {dag.py:2371} INFO - Sync 1 DAGs
[2022-10-25 15:08:32,779] {logging_mixin.py:115} INFO - [2022-10-25 15:08:32,779] {dag.py:2919} INFO - Setting next_dagrun for example_task_group_decorator to 2022-10-24T15:08:32.778800+00:00, run_after=2022-10-25T15:08:32.778800+00:00
[2022-10-25 15:08:32,809] {processor.py:161} INFO - Processing /home/airflow/.local/lib/python3.7/site-packages/airflow/example_dags/example_task_group_decorator.py took 0.453 seconds
[2022-10-25 15:09:03,046] {processor.py:153} INFO - Started process (PID=978) to work on /home/airflow/.local/lib/python3.7/site-packages/airflow/example_dags/example_task_group_decorator.py
[2022-10-25 15:09:03,047] {processor.py:641} INFO - Processing file /home/airflow/.local/lib/python3.7/site-packages/airflow/example_dags/example_task_group_decorator.py for tasks to queue
[2022-10-25 15:09:03,048] {logging_mixin.py:115} INFO - [2022-10-25 15:09:03,048] {dagbag.py:507} INFO - Filling up the DagBag from /home/airflow/.local/lib/python3.7/site-packages/airflow/example_dags/example_task_group_decorator.py
[2022-10-25 15:09:03,094] {processor.py:651} INFO - DAG(s) dict_keys(['example_task_group_decorator']) retrieved from /home/airflow/.local/lib/python3.7/site-packages/airflow/example_dags/example_task_group_decorator.py
[2022-10-25 15:09:03,493] {logging_mixin.py:115} INFO - [2022-10-25 15:09:03,493] {dag.py:2371} INFO - Sync 1 DAGs
[2022-10-25 15:09:03,523] {logging_mixin.py:115} INFO - [2022-10-25 15:09:03,523] {dag.py:2919} INFO - Setting next_dagrun for example_task_group_decorator to 2022-10-24T15:09:03.523146+00:00, run_after=2022-10-25T15:09:03.523146+00:00
[2022-10-25 15:09:03,554] {processor.py:161} INFO - Processing /home/airflow/.local/lib/python3.7/site-packages/airflow/example_dags/example_task_group_decorator.py took 0.514 seconds
[2022-10-25 15:09:33,688] {processor.py:153} INFO - Started process (PID=1042) to work on /home/airflow/.local/lib/python3.7/site-packages/airflow/example_dags/example_task_group_decorator.py
[2022-10-25 15:09:33,689] {processor.py:641} INFO - Processing file /home/airflow/.local/lib/python3.7/site-packages/airflow/example_dags/example_task_group_decorator.py for tasks to queue
[2022-10-25 15:09:33,690] {logging_mixin.py:115} INFO - [2022-10-25 15:09:33,690] {dagbag.py:507} INFO - Filling up the DagBag from /home/airflow/.local/lib/python3.7/site-packages/airflow/example_dags/example_task_group_decorator.py
[2022-10-25 15:09:33,747] {processor.py:651} INFO - DAG(s) dict_keys(['example_task_group_decorator']) retrieved from /home/airflow/.local/lib/python3.7/site-packages/airflow/example_dags/example_task_group_decorator.py
[2022-10-25 15:09:34,006] {logging_mixin.py:115} INFO - [2022-10-25 15:09:34,006] {dag.py:2371} INFO - Sync 1 DAGs
[2022-10-25 15:09:34,028] {logging_mixin.py:115} INFO - [2022-10-25 15:09:34,028] {dag.py:2919} INFO - Setting next_dagrun for example_task_group_decorator to 2022-10-24T15:09:34.028600+00:00, run_after=2022-10-25T15:09:34.028600+00:00
[2022-10-25 15:09:34,056] {processor.py:161} INFO - Processing /home/airflow/.local/lib/python3.7/site-packages/airflow/example_dags/example_task_group_decorator.py took 0.371 seconds
[2022-10-25 15:10:04,151] {processor.py:153} INFO - Started process (PID=1096) to work on /home/airflow/.local/lib/python3.7/site-packages/airflow/example_dags/example_task_group_decorator.py
[2022-10-25 15:10:04,153] {processor.py:641} INFO - Processing file /home/airflow/.local/lib/python3.7/site-packages/airflow/example_dags/example_task_group_decorator.py for tasks to queue
[2022-10-25 15:10:04,156] {logging_mixin.py:115} INFO - [2022-10-25 15:10:04,156] {dagbag.py:507} INFO - Filling up the DagBag from /home/airflow/.local/lib/python3.7/site-packages/airflow/example_dags/example_task_group_decorator.py
[2022-10-25 15:10:04,280] {processor.py:651} INFO - DAG(s) dict_keys(['example_task_group_decorator']) retrieved from /home/airflow/.local/lib/python3.7/site-packages/airflow/example_dags/example_task_group_decorator.py
[2022-10-25 15:10:04,591] {logging_mixin.py:115} INFO - [2022-10-25 15:10:04,591] {dag.py:2371} INFO - Sync 1 DAGs
[2022-10-25 15:10:04,620] {logging_mixin.py:115} INFO - [2022-10-25 15:10:04,620] {dag.py:2919} INFO - Setting next_dagrun for example_task_group_decorator to 2022-10-24T15:10:04.619968+00:00, run_after=2022-10-25T15:10:04.619968+00:00
[2022-10-25 15:10:04,648] {processor.py:161} INFO - Processing /home/airflow/.local/lib/python3.7/site-packages/airflow/example_dags/example_task_group_decorator.py took 0.504 seconds
[2022-10-25 15:10:35,177] {processor.py:153} INFO - Started process (PID=1158) to work on /home/airflow/.local/lib/python3.7/site-packages/airflow/example_dags/example_task_group_decorator.py
[2022-10-25 15:10:35,180] {processor.py:641} INFO - Processing file /home/airflow/.local/lib/python3.7/site-packages/airflow/example_dags/example_task_group_decorator.py for tasks to queue
[2022-10-25 15:10:35,183] {logging_mixin.py:115} INFO - [2022-10-25 15:10:35,183] {dagbag.py:507} INFO - Filling up the DagBag from /home/airflow/.local/lib/python3.7/site-packages/airflow/example_dags/example_task_group_decorator.py
[2022-10-25 15:10:35,252] {processor.py:651} INFO - DAG(s) dict_keys(['example_task_group_decorator']) retrieved from /home/airflow/.local/lib/python3.7/site-packages/airflow/example_dags/example_task_group_decorator.py
[2022-10-25 15:10:35,409] {logging_mixin.py:115} INFO - [2022-10-25 15:10:35,409] {dag.py:2371} INFO - Sync 1 DAGs
[2022-10-25 15:10:35,463] {logging_mixin.py:115} INFO - [2022-10-25 15:10:35,462] {dag.py:2919} INFO - Setting next_dagrun for example_task_group_decorator to 2022-10-24T15:10:35.462404+00:00, run_after=2022-10-25T15:10:35.462404+00:00
[2022-10-25 15:10:35,704] {processor.py:161} INFO - Processing /home/airflow/.local/lib/python3.7/site-packages/airflow/example_dags/example_task_group_decorator.py took 0.541 seconds
[2022-10-25 15:11:05,850] {processor.py:153} INFO - Started process (PID=1215) to work on /home/airflow/.local/lib/python3.7/site-packages/airflow/example_dags/example_task_group_decorator.py
[2022-10-25 15:11:05,851] {processor.py:641} INFO - Processing file /home/airflow/.local/lib/python3.7/site-packages/airflow/example_dags/example_task_group_decorator.py for tasks to queue
[2022-10-25 15:11:05,853] {logging_mixin.py:115} INFO - [2022-10-25 15:11:05,853] {dagbag.py:507} INFO - Filling up the DagBag from /home/airflow/.local/lib/python3.7/site-packages/airflow/example_dags/example_task_group_decorator.py
[2022-10-25 15:11:05,925] {processor.py:651} INFO - DAG(s) dict_keys(['example_task_group_decorator']) retrieved from /home/airflow/.local/lib/python3.7/site-packages/airflow/example_dags/example_task_group_decorator.py
[2022-10-25 15:11:06,060] {logging_mixin.py:115} INFO - [2022-10-25 15:11:06,060] {dag.py:2371} INFO - Sync 1 DAGs
[2022-10-25 15:11:06,121] {logging_mixin.py:115} INFO - [2022-10-25 15:11:06,121] {dag.py:2919} INFO - Setting next_dagrun for example_task_group_decorator to 2022-10-24T15:11:06.120739+00:00, run_after=2022-10-25T15:11:06.120739+00:00
[2022-10-25 15:11:06,422] {processor.py:161} INFO - Processing /home/airflow/.local/lib/python3.7/site-packages/airflow/example_dags/example_task_group_decorator.py took 0.578 seconds
[2022-10-25 15:11:37,043] {processor.py:153} INFO - Started process (PID=1269) to work on /home/airflow/.local/lib/python3.7/site-packages/airflow/example_dags/example_task_group_decorator.py
[2022-10-25 15:11:37,045] {processor.py:641} INFO - Processing file /home/airflow/.local/lib/python3.7/site-packages/airflow/example_dags/example_task_group_decorator.py for tasks to queue
[2022-10-25 15:11:37,047] {logging_mixin.py:115} INFO - [2022-10-25 15:11:37,046] {dagbag.py:507} INFO - Filling up the DagBag from /home/airflow/.local/lib/python3.7/site-packages/airflow/example_dags/example_task_group_decorator.py
[2022-10-25 15:11:37,087] {processor.py:651} INFO - DAG(s) dict_keys(['example_task_group_decorator']) retrieved from /home/airflow/.local/lib/python3.7/site-packages/airflow/example_dags/example_task_group_decorator.py
[2022-10-25 15:11:37,171] {logging_mixin.py:115} INFO - [2022-10-25 15:11:37,171] {dag.py:2371} INFO - Sync 1 DAGs
[2022-10-25 15:11:37,198] {logging_mixin.py:115} INFO - [2022-10-25 15:11:37,198] {dag.py:2919} INFO - Setting next_dagrun for example_task_group_decorator to 2022-10-24T15:11:37.198277+00:00, run_after=2022-10-25T15:11:37.198277+00:00
[2022-10-25 15:11:37,363] {processor.py:161} INFO - Processing /home/airflow/.local/lib/python3.7/site-packages/airflow/example_dags/example_task_group_decorator.py took 0.323 seconds
[2022-10-25 15:12:07,972] {processor.py:153} INFO - Started process (PID=1332) to work on /home/airflow/.local/lib/python3.7/site-packages/airflow/example_dags/example_task_group_decorator.py
[2022-10-25 15:12:07,973] {processor.py:641} INFO - Processing file /home/airflow/.local/lib/python3.7/site-packages/airflow/example_dags/example_task_group_decorator.py for tasks to queue
[2022-10-25 15:12:07,974] {logging_mixin.py:115} INFO - [2022-10-25 15:12:07,974] {dagbag.py:507} INFO - Filling up the DagBag from /home/airflow/.local/lib/python3.7/site-packages/airflow/example_dags/example_task_group_decorator.py
[2022-10-25 15:12:08,034] {processor.py:651} INFO - DAG(s) dict_keys(['example_task_group_decorator']) retrieved from /home/airflow/.local/lib/python3.7/site-packages/airflow/example_dags/example_task_group_decorator.py
[2022-10-25 15:12:08,225] {logging_mixin.py:115} INFO - [2022-10-25 15:12:08,225] {dag.py:2371} INFO - Sync 1 DAGs
[2022-10-25 15:12:08,291] {logging_mixin.py:115} INFO - [2022-10-25 15:12:08,291] {dag.py:2919} INFO - Setting next_dagrun for example_task_group_decorator to 2022-10-24T15:12:08.290855+00:00, run_after=2022-10-25T15:12:08.290855+00:00
[2022-10-25 15:12:08,508] {processor.py:161} INFO - Processing /home/airflow/.local/lib/python3.7/site-packages/airflow/example_dags/example_task_group_decorator.py took 0.540 seconds
[2022-10-25 15:12:38,607] {processor.py:153} INFO - Started process (PID=1386) to work on /home/airflow/.local/lib/python3.7/site-packages/airflow/example_dags/example_task_group_decorator.py
[2022-10-25 15:12:38,608] {processor.py:641} INFO - Processing file /home/airflow/.local/lib/python3.7/site-packages/airflow/example_dags/example_task_group_decorator.py for tasks to queue
[2022-10-25 15:12:38,609] {logging_mixin.py:115} INFO - [2022-10-25 15:12:38,609] {dagbag.py:507} INFO - Filling up the DagBag from /home/airflow/.local/lib/python3.7/site-packages/airflow/example_dags/example_task_group_decorator.py
[2022-10-25 15:12:38,648] {processor.py:651} INFO - DAG(s) dict_keys(['example_task_group_decorator']) retrieved from /home/airflow/.local/lib/python3.7/site-packages/airflow/example_dags/example_task_group_decorator.py
[2022-10-25 15:12:38,732] {logging_mixin.py:115} INFO - [2022-10-25 15:12:38,732] {dag.py:2371} INFO - Sync 1 DAGs
[2022-10-25 15:12:38,760] {logging_mixin.py:115} INFO - [2022-10-25 15:12:38,760] {dag.py:2919} INFO - Setting next_dagrun for example_task_group_decorator to 2022-10-24T15:12:38.759736+00:00, run_after=2022-10-25T15:12:38.759736+00:00
[2022-10-25 15:12:38,921] {processor.py:161} INFO - Processing /home/airflow/.local/lib/python3.7/site-packages/airflow/example_dags/example_task_group_decorator.py took 0.318 seconds
[2022-10-25 15:13:10,002] {processor.py:153} INFO - Started process (PID=1442) to work on /home/airflow/.local/lib/python3.7/site-packages/airflow/example_dags/example_task_group_decorator.py
[2022-10-25 15:13:10,005] {processor.py:641} INFO - Processing file /home/airflow/.local/lib/python3.7/site-packages/airflow/example_dags/example_task_group_decorator.py for tasks to queue
[2022-10-25 15:13:10,007] {logging_mixin.py:115} INFO - [2022-10-25 15:13:10,007] {dagbag.py:507} INFO - Filling up the DagBag from /home/airflow/.local/lib/python3.7/site-packages/airflow/example_dags/example_task_group_decorator.py
[2022-10-25 15:13:10,091] {processor.py:651} INFO - DAG(s) dict_keys(['example_task_group_decorator']) retrieved from /home/airflow/.local/lib/python3.7/site-packages/airflow/example_dags/example_task_group_decorator.py
[2022-10-25 15:13:10,218] {logging_mixin.py:115} INFO - [2022-10-25 15:13:10,217] {dag.py:2371} INFO - Sync 1 DAGs
[2022-10-25 15:13:10,257] {logging_mixin.py:115} INFO - [2022-10-25 15:13:10,257] {dag.py:2919} INFO - Setting next_dagrun for example_task_group_decorator to 2022-10-24T15:13:10.256538+00:00, run_after=2022-10-25T15:13:10.256538+00:00
[2022-10-25 15:13:10,485] {processor.py:161} INFO - Processing /home/airflow/.local/lib/python3.7/site-packages/airflow/example_dags/example_task_group_decorator.py took 0.499 seconds
[2022-10-25 15:13:40,957] {processor.py:153} INFO - Started process (PID=1497) to work on /home/airflow/.local/lib/python3.7/site-packages/airflow/example_dags/example_task_group_decorator.py
[2022-10-25 15:13:40,958] {processor.py:641} INFO - Processing file /home/airflow/.local/lib/python3.7/site-packages/airflow/example_dags/example_task_group_decorator.py for tasks to queue
[2022-10-25 15:13:40,959] {logging_mixin.py:115} INFO - [2022-10-25 15:13:40,959] {dagbag.py:507} INFO - Filling up the DagBag from /home/airflow/.local/lib/python3.7/site-packages/airflow/example_dags/example_task_group_decorator.py
[2022-10-25 15:13:41,014] {processor.py:651} INFO - DAG(s) dict_keys(['example_task_group_decorator']) retrieved from /home/airflow/.local/lib/python3.7/site-packages/airflow/example_dags/example_task_group_decorator.py
[2022-10-25 15:13:41,266] {logging_mixin.py:115} INFO - [2022-10-25 15:13:41,266] {dag.py:2371} INFO - Sync 1 DAGs
[2022-10-25 15:13:41,343] {logging_mixin.py:115} INFO - [2022-10-25 15:13:41,343] {dag.py:2919} INFO - Setting next_dagrun for example_task_group_decorator to 2022-10-24T15:13:41.342501+00:00, run_after=2022-10-25T15:13:41.342501+00:00
[2022-10-25 15:13:41,689] {processor.py:161} INFO - Processing /home/airflow/.local/lib/python3.7/site-packages/airflow/example_dags/example_task_group_decorator.py took 0.742 seconds
[2022-10-25 15:14:11,859] {processor.py:153} INFO - Started process (PID=1560) to work on /home/airflow/.local/lib/python3.7/site-packages/airflow/example_dags/example_task_group_decorator.py
[2022-10-25 15:14:11,860] {processor.py:641} INFO - Processing file /home/airflow/.local/lib/python3.7/site-packages/airflow/example_dags/example_task_group_decorator.py for tasks to queue
[2022-10-25 15:14:11,862] {logging_mixin.py:115} INFO - [2022-10-25 15:14:11,861] {dagbag.py:507} INFO - Filling up the DagBag from /home/airflow/.local/lib/python3.7/site-packages/airflow/example_dags/example_task_group_decorator.py
[2022-10-25 15:14:11,913] {processor.py:651} INFO - DAG(s) dict_keys(['example_task_group_decorator']) retrieved from /home/airflow/.local/lib/python3.7/site-packages/airflow/example_dags/example_task_group_decorator.py
[2022-10-25 15:14:12,030] {logging_mixin.py:115} INFO - [2022-10-25 15:14:12,029] {dag.py:2371} INFO - Sync 1 DAGs
[2022-10-25 15:14:12,063] {logging_mixin.py:115} INFO - [2022-10-25 15:14:12,063] {dag.py:2919} INFO - Setting next_dagrun for example_task_group_decorator to 2022-10-24T15:14:12.062507+00:00, run_after=2022-10-25T15:14:12.062507+00:00
[2022-10-25 15:14:12,235] {processor.py:161} INFO - Processing /home/airflow/.local/lib/python3.7/site-packages/airflow/example_dags/example_task_group_decorator.py took 0.381 seconds
[2022-10-25 15:14:43,254] {processor.py:153} INFO - Started process (PID=1617) to work on /home/airflow/.local/lib/python3.7/site-packages/airflow/example_dags/example_task_group_decorator.py
[2022-10-25 15:14:43,255] {processor.py:641} INFO - Processing file /home/airflow/.local/lib/python3.7/site-packages/airflow/example_dags/example_task_group_decorator.py for tasks to queue
[2022-10-25 15:14:43,256] {logging_mixin.py:115} INFO - [2022-10-25 15:14:43,256] {dagbag.py:507} INFO - Filling up the DagBag from /home/airflow/.local/lib/python3.7/site-packages/airflow/example_dags/example_task_group_decorator.py
[2022-10-25 15:14:43,304] {processor.py:651} INFO - DAG(s) dict_keys(['example_task_group_decorator']) retrieved from /home/airflow/.local/lib/python3.7/site-packages/airflow/example_dags/example_task_group_decorator.py
[2022-10-25 15:14:43,471] {logging_mixin.py:115} INFO - [2022-10-25 15:14:43,471] {dag.py:2371} INFO - Sync 1 DAGs
[2022-10-25 15:14:43,508] {logging_mixin.py:115} INFO - [2022-10-25 15:14:43,508] {dag.py:2919} INFO - Setting next_dagrun for example_task_group_decorator to 2022-10-24T15:14:43.508032+00:00, run_after=2022-10-25T15:14:43.508032+00:00
[2022-10-25 15:14:43,704] {processor.py:161} INFO - Processing /home/airflow/.local/lib/python3.7/site-packages/airflow/example_dags/example_task_group_decorator.py took 0.453 seconds
[2022-10-25 15:15:13,845] {processor.py:153} INFO - Started process (PID=1678) to work on /home/airflow/.local/lib/python3.7/site-packages/airflow/example_dags/example_task_group_decorator.py
[2022-10-25 15:15:13,846] {processor.py:641} INFO - Processing file /home/airflow/.local/lib/python3.7/site-packages/airflow/example_dags/example_task_group_decorator.py for tasks to queue
[2022-10-25 15:15:13,848] {logging_mixin.py:115} INFO - [2022-10-25 15:15:13,848] {dagbag.py:507} INFO - Filling up the DagBag from /home/airflow/.local/lib/python3.7/site-packages/airflow/example_dags/example_task_group_decorator.py
[2022-10-25 15:15:13,945] {processor.py:651} INFO - DAG(s) dict_keys(['example_task_group_decorator']) retrieved from /home/airflow/.local/lib/python3.7/site-packages/airflow/example_dags/example_task_group_decorator.py
[2022-10-25 15:15:14,094] {logging_mixin.py:115} INFO - [2022-10-25 15:15:14,094] {dag.py:2371} INFO - Sync 1 DAGs
[2022-10-25 15:15:14,135] {logging_mixin.py:115} INFO - [2022-10-25 15:15:14,135] {dag.py:2919} INFO - Setting next_dagrun for example_task_group_decorator to 2022-10-24T15:15:14.134534+00:00, run_after=2022-10-25T15:15:14.134534+00:00
[2022-10-25 15:15:14,344] {processor.py:161} INFO - Processing /home/airflow/.local/lib/python3.7/site-packages/airflow/example_dags/example_task_group_decorator.py took 0.506 seconds
[2022-10-25 15:15:45,302] {processor.py:153} INFO - Started process (PID=1734) to work on /home/airflow/.local/lib/python3.7/site-packages/airflow/example_dags/example_task_group_decorator.py
[2022-10-25 15:15:45,348] {processor.py:641} INFO - Processing file /home/airflow/.local/lib/python3.7/site-packages/airflow/example_dags/example_task_group_decorator.py for tasks to queue
[2022-10-25 15:15:45,381] {logging_mixin.py:115} INFO - [2022-10-25 15:15:45,381] {dagbag.py:507} INFO - Filling up the DagBag from /home/airflow/.local/lib/python3.7/site-packages/airflow/example_dags/example_task_group_decorator.py
[2022-10-25 15:15:46,120] {processor.py:651} INFO - DAG(s) dict_keys(['example_task_group_decorator']) retrieved from /home/airflow/.local/lib/python3.7/site-packages/airflow/example_dags/example_task_group_decorator.py
[2022-10-25 15:15:46,396] {logging_mixin.py:115} INFO - [2022-10-25 15:15:46,396] {dag.py:2371} INFO - Sync 1 DAGs
[2022-10-25 15:15:46,503] {logging_mixin.py:115} INFO - [2022-10-25 15:15:46,502] {dag.py:2919} INFO - Setting next_dagrun for example_task_group_decorator to 2022-10-24T15:15:46.502512+00:00, run_after=2022-10-25T15:15:46.502512+00:00
[2022-10-25 15:15:46,616] {processor.py:161} INFO - Processing /home/airflow/.local/lib/python3.7/site-packages/airflow/example_dags/example_task_group_decorator.py took 1.313 seconds
[2022-10-25 15:16:17,471] {processor.py:153} INFO - Started process (PID=1789) to work on /home/airflow/.local/lib/python3.7/site-packages/airflow/example_dags/example_task_group_decorator.py
[2022-10-25 15:16:17,472] {processor.py:641} INFO - Processing file /home/airflow/.local/lib/python3.7/site-packages/airflow/example_dags/example_task_group_decorator.py for tasks to queue
[2022-10-25 15:16:17,473] {logging_mixin.py:115} INFO - [2022-10-25 15:16:17,473] {dagbag.py:507} INFO - Filling up the DagBag from /home/airflow/.local/lib/python3.7/site-packages/airflow/example_dags/example_task_group_decorator.py
[2022-10-25 15:16:17,697] {processor.py:651} INFO - DAG(s) dict_keys(['example_task_group_decorator']) retrieved from /home/airflow/.local/lib/python3.7/site-packages/airflow/example_dags/example_task_group_decorator.py
[2022-10-25 15:16:17,793] {logging_mixin.py:115} INFO - [2022-10-25 15:16:17,792] {dag.py:2371} INFO - Sync 1 DAGs
[2022-10-25 15:16:17,826] {logging_mixin.py:115} INFO - [2022-10-25 15:16:17,826] {dag.py:2919} INFO - Setting next_dagrun for example_task_group_decorator to 2022-10-24T15:16:17.826156+00:00, run_after=2022-10-25T15:16:17.826156+00:00
[2022-10-25 15:16:17,863] {processor.py:161} INFO - Processing /home/airflow/.local/lib/python3.7/site-packages/airflow/example_dags/example_task_group_decorator.py took 0.396 seconds
[2022-10-25 15:16:48,019] {processor.py:153} INFO - Started process (PID=1844) to work on /home/airflow/.local/lib/python3.7/site-packages/airflow/example_dags/example_task_group_decorator.py
[2022-10-25 15:16:48,034] {processor.py:641} INFO - Processing file /home/airflow/.local/lib/python3.7/site-packages/airflow/example_dags/example_task_group_decorator.py for tasks to queue
[2022-10-25 15:16:48,038] {logging_mixin.py:115} INFO - [2022-10-25 15:16:48,038] {dagbag.py:507} INFO - Filling up the DagBag from /home/airflow/.local/lib/python3.7/site-packages/airflow/example_dags/example_task_group_decorator.py
[2022-10-25 15:16:48,530] {processor.py:651} INFO - DAG(s) dict_keys(['example_task_group_decorator']) retrieved from /home/airflow/.local/lib/python3.7/site-packages/airflow/example_dags/example_task_group_decorator.py
[2022-10-25 15:16:48,732] {logging_mixin.py:115} INFO - [2022-10-25 15:16:48,731] {dag.py:2371} INFO - Sync 1 DAGs
[2022-10-25 15:16:48,838] {logging_mixin.py:115} INFO - [2022-10-25 15:16:48,837] {dag.py:2919} INFO - Setting next_dagrun for example_task_group_decorator to 2022-10-24T15:16:48.837292+00:00, run_after=2022-10-25T15:16:48.837292+00:00
[2022-10-25 15:16:48,897] {processor.py:161} INFO - Processing /home/airflow/.local/lib/python3.7/site-packages/airflow/example_dags/example_task_group_decorator.py took 0.889 seconds
[2022-10-25 15:17:18,979] {processor.py:153} INFO - Started process (PID=1909) to work on /home/airflow/.local/lib/python3.7/site-packages/airflow/example_dags/example_task_group_decorator.py
[2022-10-25 15:17:18,981] {processor.py:641} INFO - Processing file /home/airflow/.local/lib/python3.7/site-packages/airflow/example_dags/example_task_group_decorator.py for tasks to queue
[2022-10-25 15:17:18,982] {logging_mixin.py:115} INFO - [2022-10-25 15:17:18,981] {dagbag.py:507} INFO - Filling up the DagBag from /home/airflow/.local/lib/python3.7/site-packages/airflow/example_dags/example_task_group_decorator.py
[2022-10-25 15:17:19,220] {processor.py:651} INFO - DAG(s) dict_keys(['example_task_group_decorator']) retrieved from /home/airflow/.local/lib/python3.7/site-packages/airflow/example_dags/example_task_group_decorator.py
[2022-10-25 15:17:19,352] {logging_mixin.py:115} INFO - [2022-10-25 15:17:19,352] {dag.py:2371} INFO - Sync 1 DAGs
[2022-10-25 15:17:19,415] {logging_mixin.py:115} INFO - [2022-10-25 15:17:19,414] {dag.py:2919} INFO - Setting next_dagrun for example_task_group_decorator to 2022-10-24T15:17:19.414456+00:00, run_after=2022-10-25T15:17:19.414456+00:00
[2022-10-25 15:17:19,484] {processor.py:161} INFO - Processing /home/airflow/.local/lib/python3.7/site-packages/airflow/example_dags/example_task_group_decorator.py took 0.509 seconds
[2022-10-25 15:17:49,854] {processor.py:153} INFO - Started process (PID=1963) to work on /home/airflow/.local/lib/python3.7/site-packages/airflow/example_dags/example_task_group_decorator.py
[2022-10-25 15:17:49,855] {processor.py:641} INFO - Processing file /home/airflow/.local/lib/python3.7/site-packages/airflow/example_dags/example_task_group_decorator.py for tasks to queue
[2022-10-25 15:17:49,857] {logging_mixin.py:115} INFO - [2022-10-25 15:17:49,857] {dagbag.py:507} INFO - Filling up the DagBag from /home/airflow/.local/lib/python3.7/site-packages/airflow/example_dags/example_task_group_decorator.py
[2022-10-25 15:17:50,172] {processor.py:651} INFO - DAG(s) dict_keys(['example_task_group_decorator']) retrieved from /home/airflow/.local/lib/python3.7/site-packages/airflow/example_dags/example_task_group_decorator.py
[2022-10-25 15:17:50,276] {logging_mixin.py:115} INFO - [2022-10-25 15:17:50,276] {dag.py:2371} INFO - Sync 1 DAGs
[2022-10-25 15:17:50,300] {logging_mixin.py:115} INFO - [2022-10-25 15:17:50,300] {dag.py:2919} INFO - Setting next_dagrun for example_task_group_decorator to 2022-10-24T15:17:50.300260+00:00, run_after=2022-10-25T15:17:50.300260+00:00
[2022-10-25 15:17:50,320] {processor.py:161} INFO - Processing /home/airflow/.local/lib/python3.7/site-packages/airflow/example_dags/example_task_group_decorator.py took 0.472 seconds
[2022-10-25 15:18:20,576] {processor.py:153} INFO - Started process (PID=2013) to work on /home/airflow/.local/lib/python3.7/site-packages/airflow/example_dags/example_task_group_decorator.py
[2022-10-25 15:18:20,577] {processor.py:641} INFO - Processing file /home/airflow/.local/lib/python3.7/site-packages/airflow/example_dags/example_task_group_decorator.py for tasks to queue
[2022-10-25 15:18:20,578] {logging_mixin.py:115} INFO - [2022-10-25 15:18:20,578] {dagbag.py:507} INFO - Filling up the DagBag from /home/airflow/.local/lib/python3.7/site-packages/airflow/example_dags/example_task_group_decorator.py
[2022-10-25 15:18:20,824] {processor.py:651} INFO - DAG(s) dict_keys(['example_task_group_decorator']) retrieved from /home/airflow/.local/lib/python3.7/site-packages/airflow/example_dags/example_task_group_decorator.py
[2022-10-25 15:18:20,945] {logging_mixin.py:115} INFO - [2022-10-25 15:18:20,945] {dag.py:2371} INFO - Sync 1 DAGs
[2022-10-25 15:18:20,975] {logging_mixin.py:115} INFO - [2022-10-25 15:18:20,975] {dag.py:2919} INFO - Setting next_dagrun for example_task_group_decorator to 2022-10-24T15:18:20.975111+00:00, run_after=2022-10-25T15:18:20.975111+00:00
[2022-10-25 15:18:21,004] {processor.py:161} INFO - Processing /home/airflow/.local/lib/python3.7/site-packages/airflow/example_dags/example_task_group_decorator.py took 0.434 seconds
[2022-10-25 15:18:51,123] {processor.py:153} INFO - Started process (PID=2079) to work on /home/airflow/.local/lib/python3.7/site-packages/airflow/example_dags/example_task_group_decorator.py
[2022-10-25 15:18:51,124] {processor.py:641} INFO - Processing file /home/airflow/.local/lib/python3.7/site-packages/airflow/example_dags/example_task_group_decorator.py for tasks to queue
[2022-10-25 15:18:51,126] {logging_mixin.py:115} INFO - [2022-10-25 15:18:51,126] {dagbag.py:507} INFO - Filling up the DagBag from /home/airflow/.local/lib/python3.7/site-packages/airflow/example_dags/example_task_group_decorator.py
[2022-10-25 15:18:51,552] {processor.py:651} INFO - DAG(s) dict_keys(['example_task_group_decorator']) retrieved from /home/airflow/.local/lib/python3.7/site-packages/airflow/example_dags/example_task_group_decorator.py
[2022-10-25 15:18:51,671] {logging_mixin.py:115} INFO - [2022-10-25 15:18:51,671] {dag.py:2371} INFO - Sync 1 DAGs
[2022-10-25 15:18:51,709] {logging_mixin.py:115} INFO - [2022-10-25 15:18:51,709] {dag.py:2919} INFO - Setting next_dagrun for example_task_group_decorator to 2022-10-24T15:18:51.708588+00:00, run_after=2022-10-25T15:18:51.708588+00:00
[2022-10-25 15:18:51,735] {processor.py:161} INFO - Processing /home/airflow/.local/lib/python3.7/site-packages/airflow/example_dags/example_task_group_decorator.py took 0.619 seconds
[2022-10-25 15:19:23,673] {processor.py:153} INFO - Started process (PID=2134) to work on /home/airflow/.local/lib/python3.7/site-packages/airflow/example_dags/example_task_group_decorator.py
[2022-10-25 15:19:23,705] {processor.py:641} INFO - Processing file /home/airflow/.local/lib/python3.7/site-packages/airflow/example_dags/example_task_group_decorator.py for tasks to queue
[2022-10-25 15:19:23,750] {logging_mixin.py:115} INFO - [2022-10-25 15:19:23,750] {dagbag.py:507} INFO - Filling up the DagBag from /home/airflow/.local/lib/python3.7/site-packages/airflow/example_dags/example_task_group_decorator.py
[2022-10-25 15:19:25,400] {processor.py:651} INFO - DAG(s) dict_keys(['example_task_group_decorator']) retrieved from /home/airflow/.local/lib/python3.7/site-packages/airflow/example_dags/example_task_group_decorator.py
[2022-10-25 15:19:25,878] {logging_mixin.py:115} INFO - [2022-10-25 15:19:25,877] {dag.py:2371} INFO - Sync 1 DAGs
[2022-10-25 15:19:26,029] {logging_mixin.py:115} INFO - [2022-10-25 15:19:26,029] {dag.py:2919} INFO - Setting next_dagrun for example_task_group_decorator to 2022-10-24T15:19:26.029044+00:00, run_after=2022-10-25T15:19:26.029044+00:00
[2022-10-25 15:19:26,108] {processor.py:161} INFO - Processing /home/airflow/.local/lib/python3.7/site-packages/airflow/example_dags/example_task_group_decorator.py took 2.431 seconds
[2022-10-25 15:19:56,476] {processor.py:153} INFO - Started process (PID=2188) to work on /home/airflow/.local/lib/python3.7/site-packages/airflow/example_dags/example_task_group_decorator.py
[2022-10-25 15:19:56,478] {processor.py:641} INFO - Processing file /home/airflow/.local/lib/python3.7/site-packages/airflow/example_dags/example_task_group_decorator.py for tasks to queue
[2022-10-25 15:19:56,479] {logging_mixin.py:115} INFO - [2022-10-25 15:19:56,479] {dagbag.py:507} INFO - Filling up the DagBag from /home/airflow/.local/lib/python3.7/site-packages/airflow/example_dags/example_task_group_decorator.py
[2022-10-25 15:19:56,714] {processor.py:651} INFO - DAG(s) dict_keys(['example_task_group_decorator']) retrieved from /home/airflow/.local/lib/python3.7/site-packages/airflow/example_dags/example_task_group_decorator.py
[2022-10-25 15:19:56,850] {logging_mixin.py:115} INFO - [2022-10-25 15:19:56,850] {dag.py:2371} INFO - Sync 1 DAGs
[2022-10-25 15:19:57,002] {logging_mixin.py:115} INFO - [2022-10-25 15:19:57,001] {dag.py:2919} INFO - Setting next_dagrun for example_task_group_decorator to 2022-10-24T15:19:57.001578+00:00, run_after=2022-10-25T15:19:57.001578+00:00
[2022-10-25 15:19:57,034] {processor.py:161} INFO - Processing /home/airflow/.local/lib/python3.7/site-packages/airflow/example_dags/example_task_group_decorator.py took 0.563 seconds
[2022-10-25 15:20:27,256] {processor.py:153} INFO - Started process (PID=2249) to work on /home/airflow/.local/lib/python3.7/site-packages/airflow/example_dags/example_task_group_decorator.py
[2022-10-25 15:20:27,257] {processor.py:641} INFO - Processing file /home/airflow/.local/lib/python3.7/site-packages/airflow/example_dags/example_task_group_decorator.py for tasks to queue
[2022-10-25 15:20:27,258] {logging_mixin.py:115} INFO - [2022-10-25 15:20:27,258] {dagbag.py:507} INFO - Filling up the DagBag from /home/airflow/.local/lib/python3.7/site-packages/airflow/example_dags/example_task_group_decorator.py
[2022-10-25 15:20:27,311] {processor.py:651} INFO - DAG(s) dict_keys(['example_task_group_decorator']) retrieved from /home/airflow/.local/lib/python3.7/site-packages/airflow/example_dags/example_task_group_decorator.py
[2022-10-25 15:20:27,426] {logging_mixin.py:115} INFO - [2022-10-25 15:20:27,425] {dag.py:2371} INFO - Sync 1 DAGs
[2022-10-25 15:20:27,463] {logging_mixin.py:115} INFO - [2022-10-25 15:20:27,463] {dag.py:2919} INFO - Setting next_dagrun for example_task_group_decorator to 2022-10-24T15:20:27.462697+00:00, run_after=2022-10-25T15:20:27.462697+00:00
[2022-10-25 15:20:27,488] {processor.py:161} INFO - Processing /home/airflow/.local/lib/python3.7/site-packages/airflow/example_dags/example_task_group_decorator.py took 0.238 seconds
[2022-10-25 15:20:58,118] {processor.py:153} INFO - Started process (PID=2307) to work on /home/airflow/.local/lib/python3.7/site-packages/airflow/example_dags/example_task_group_decorator.py
[2022-10-25 15:20:58,119] {processor.py:641} INFO - Processing file /home/airflow/.local/lib/python3.7/site-packages/airflow/example_dags/example_task_group_decorator.py for tasks to queue
[2022-10-25 15:20:58,121] {logging_mixin.py:115} INFO - [2022-10-25 15:20:58,120] {dagbag.py:507} INFO - Filling up the DagBag from /home/airflow/.local/lib/python3.7/site-packages/airflow/example_dags/example_task_group_decorator.py
[2022-10-25 15:20:58,199] {processor.py:651} INFO - DAG(s) dict_keys(['example_task_group_decorator']) retrieved from /home/airflow/.local/lib/python3.7/site-packages/airflow/example_dags/example_task_group_decorator.py
[2022-10-25 15:20:58,303] {logging_mixin.py:115} INFO - [2022-10-25 15:20:58,302] {dag.py:2371} INFO - Sync 1 DAGs
[2022-10-25 15:20:58,344] {logging_mixin.py:115} INFO - [2022-10-25 15:20:58,343] {dag.py:2919} INFO - Setting next_dagrun for example_task_group_decorator to 2022-10-24T15:20:58.343642+00:00, run_after=2022-10-25T15:20:58.343642+00:00
[2022-10-25 15:20:58,374] {processor.py:161} INFO - Processing /home/airflow/.local/lib/python3.7/site-packages/airflow/example_dags/example_task_group_decorator.py took 0.262 seconds
[2022-10-25 15:21:29,040] {processor.py:153} INFO - Started process (PID=2361) to work on /home/airflow/.local/lib/python3.7/site-packages/airflow/example_dags/example_task_group_decorator.py
[2022-10-25 15:21:29,043] {processor.py:641} INFO - Processing file /home/airflow/.local/lib/python3.7/site-packages/airflow/example_dags/example_task_group_decorator.py for tasks to queue
[2022-10-25 15:21:29,047] {logging_mixin.py:115} INFO - [2022-10-25 15:21:29,046] {dagbag.py:507} INFO - Filling up the DagBag from /home/airflow/.local/lib/python3.7/site-packages/airflow/example_dags/example_task_group_decorator.py
[2022-10-25 15:21:29,166] {processor.py:651} INFO - DAG(s) dict_keys(['example_task_group_decorator']) retrieved from /home/airflow/.local/lib/python3.7/site-packages/airflow/example_dags/example_task_group_decorator.py
[2022-10-25 15:21:29,338] {logging_mixin.py:115} INFO - [2022-10-25 15:21:29,338] {dag.py:2371} INFO - Sync 1 DAGs
[2022-10-25 15:21:29,478] {logging_mixin.py:115} INFO - [2022-10-25 15:21:29,477] {dag.py:2919} INFO - Setting next_dagrun for example_task_group_decorator to 2022-10-24T15:21:29.475970+00:00, run_after=2022-10-25T15:21:29.475970+00:00
[2022-10-25 15:21:29,557] {processor.py:161} INFO - Processing /home/airflow/.local/lib/python3.7/site-packages/airflow/example_dags/example_task_group_decorator.py took 0.524 seconds
[2022-10-25 15:21:59,905] {processor.py:153} INFO - Started process (PID=2424) to work on /home/airflow/.local/lib/python3.7/site-packages/airflow/example_dags/example_task_group_decorator.py
[2022-10-25 15:21:59,908] {processor.py:641} INFO - Processing file /home/airflow/.local/lib/python3.7/site-packages/airflow/example_dags/example_task_group_decorator.py for tasks to queue
[2022-10-25 15:21:59,911] {logging_mixin.py:115} INFO - [2022-10-25 15:21:59,911] {dagbag.py:507} INFO - Filling up the DagBag from /home/airflow/.local/lib/python3.7/site-packages/airflow/example_dags/example_task_group_decorator.py
[2022-10-25 15:22:00,009] {processor.py:651} INFO - DAG(s) dict_keys(['example_task_group_decorator']) retrieved from /home/airflow/.local/lib/python3.7/site-packages/airflow/example_dags/example_task_group_decorator.py
[2022-10-25 15:22:00,104] {logging_mixin.py:115} INFO - [2022-10-25 15:22:00,104] {dag.py:2371} INFO - Sync 1 DAGs
[2022-10-25 15:22:00,136] {logging_mixin.py:115} INFO - [2022-10-25 15:22:00,136] {dag.py:2919} INFO - Setting next_dagrun for example_task_group_decorator to 2022-10-24T15:22:00.136108+00:00, run_after=2022-10-25T15:22:00.136108+00:00
[2022-10-25 15:22:00,166] {processor.py:161} INFO - Processing /home/airflow/.local/lib/python3.7/site-packages/airflow/example_dags/example_task_group_decorator.py took 0.271 seconds
[2022-10-25 15:22:30,531] {processor.py:153} INFO - Started process (PID=2479) to work on /home/airflow/.local/lib/python3.7/site-packages/airflow/example_dags/example_task_group_decorator.py
[2022-10-25 15:22:30,533] {processor.py:641} INFO - Processing file /home/airflow/.local/lib/python3.7/site-packages/airflow/example_dags/example_task_group_decorator.py for tasks to queue
[2022-10-25 15:22:30,538] {logging_mixin.py:115} INFO - [2022-10-25 15:22:30,538] {dagbag.py:507} INFO - Filling up the DagBag from /home/airflow/.local/lib/python3.7/site-packages/airflow/example_dags/example_task_group_decorator.py
[2022-10-25 15:22:30,709] {processor.py:651} INFO - DAG(s) dict_keys(['example_task_group_decorator']) retrieved from /home/airflow/.local/lib/python3.7/site-packages/airflow/example_dags/example_task_group_decorator.py
[2022-10-25 15:22:30,891] {logging_mixin.py:115} INFO - [2022-10-25 15:22:30,891] {dag.py:2371} INFO - Sync 1 DAGs
[2022-10-25 15:22:30,938] {logging_mixin.py:115} INFO - [2022-10-25 15:22:30,938] {dag.py:2919} INFO - Setting next_dagrun for example_task_group_decorator to 2022-10-24T15:22:30.938206+00:00, run_after=2022-10-25T15:22:30.938206+00:00
[2022-10-25 15:22:30,971] {processor.py:161} INFO - Processing /home/airflow/.local/lib/python3.7/site-packages/airflow/example_dags/example_task_group_decorator.py took 0.456 seconds
