[2022-10-25 15:00:29,394] {processor.py:153} INFO - Started process (PID=73) to work on /home/airflow/.local/lib/python3.7/site-packages/airflow/example_dags/example_skip_dag.py
[2022-10-25 15:00:29,395] {processor.py:641} INFO - Processing file /home/airflow/.local/lib/python3.7/site-packages/airflow/example_dags/example_skip_dag.py for tasks to queue
[2022-10-25 15:00:29,398] {logging_mixin.py:115} INFO - [2022-10-25 15:00:29,397] {dagbag.py:507} INFO - Filling up the DagBag from /home/airflow/.local/lib/python3.7/site-packages/airflow/example_dags/example_skip_dag.py
[2022-10-25 15:00:29,523] {processor.py:651} INFO - DAG(s) dict_keys(['example_skip_dag']) retrieved from /home/airflow/.local/lib/python3.7/site-packages/airflow/example_dags/example_skip_dag.py
[2022-10-25 15:00:29,807] {logging_mixin.py:115} INFO - [2022-10-25 15:00:29,806] {dag.py:2371} INFO - Sync 1 DAGs
[2022-10-25 15:00:31,658] {logging_mixin.py:115} INFO - [2022-10-25 15:00:31,658] {dag.py:2919} INFO - Setting next_dagrun for example_skip_dag to 2022-10-24T15:00:31.658018+00:00, run_after=2022-10-25T15:00:31.658018+00:00
[2022-10-25 15:00:31,901] {processor.py:161} INFO - Processing /home/airflow/.local/lib/python3.7/site-packages/airflow/example_dags/example_skip_dag.py took 2.546 seconds
[2022-10-25 15:01:02,403] {processor.py:153} INFO - Started process (PID=127) to work on /home/airflow/.local/lib/python3.7/site-packages/airflow/example_dags/example_skip_dag.py
[2022-10-25 15:01:02,405] {processor.py:641} INFO - Processing file /home/airflow/.local/lib/python3.7/site-packages/airflow/example_dags/example_skip_dag.py for tasks to queue
[2022-10-25 15:01:02,406] {logging_mixin.py:115} INFO - [2022-10-25 15:01:02,406] {dagbag.py:507} INFO - Filling up the DagBag from /home/airflow/.local/lib/python3.7/site-packages/airflow/example_dags/example_skip_dag.py
[2022-10-25 15:01:02,413] {processor.py:651} INFO - DAG(s) dict_keys(['example_skip_dag']) retrieved from /home/airflow/.local/lib/python3.7/site-packages/airflow/example_dags/example_skip_dag.py
[2022-10-25 15:01:02,448] {logging_mixin.py:115} INFO - [2022-10-25 15:01:02,448] {dag.py:2371} INFO - Sync 1 DAGs
[2022-10-25 15:01:02,616] {logging_mixin.py:115} INFO - [2022-10-25 15:01:02,615] {dag.py:2919} INFO - Setting next_dagrun for example_skip_dag to 2022-10-24T15:01:02.615586+00:00, run_after=2022-10-25T15:01:02.615586+00:00
[2022-10-25 15:01:02,635] {processor.py:161} INFO - Processing /home/airflow/.local/lib/python3.7/site-packages/airflow/example_dags/example_skip_dag.py took 0.235 seconds
[2022-10-25 15:01:32,921] {processor.py:153} INFO - Started process (PID=181) to work on /home/airflow/.local/lib/python3.7/site-packages/airflow/example_dags/example_skip_dag.py
[2022-10-25 15:01:32,923] {processor.py:641} INFO - Processing file /home/airflow/.local/lib/python3.7/site-packages/airflow/example_dags/example_skip_dag.py for tasks to queue
[2022-10-25 15:01:32,930] {logging_mixin.py:115} INFO - [2022-10-25 15:01:32,924] {dagbag.py:507} INFO - Filling up the DagBag from /home/airflow/.local/lib/python3.7/site-packages/airflow/example_dags/example_skip_dag.py
[2022-10-25 15:01:32,955] {processor.py:651} INFO - DAG(s) dict_keys(['example_skip_dag']) retrieved from /home/airflow/.local/lib/python3.7/site-packages/airflow/example_dags/example_skip_dag.py
[2022-10-25 15:01:33,091] {logging_mixin.py:115} INFO - [2022-10-25 15:01:33,091] {dag.py:2371} INFO - Sync 1 DAGs
[2022-10-25 15:01:33,616] {logging_mixin.py:115} INFO - [2022-10-25 15:01:33,616] {dag.py:2919} INFO - Setting next_dagrun for example_skip_dag to 2022-10-24T15:01:33.605672+00:00, run_after=2022-10-25T15:01:33.605672+00:00
[2022-10-25 15:01:33,693] {processor.py:161} INFO - Processing /home/airflow/.local/lib/python3.7/site-packages/airflow/example_dags/example_skip_dag.py took 0.782 seconds
[2022-10-25 15:02:04,166] {processor.py:153} INFO - Started process (PID=236) to work on /home/airflow/.local/lib/python3.7/site-packages/airflow/example_dags/example_skip_dag.py
[2022-10-25 15:02:04,167] {processor.py:641} INFO - Processing file /home/airflow/.local/lib/python3.7/site-packages/airflow/example_dags/example_skip_dag.py for tasks to queue
[2022-10-25 15:02:04,168] {logging_mixin.py:115} INFO - [2022-10-25 15:02:04,168] {dagbag.py:507} INFO - Filling up the DagBag from /home/airflow/.local/lib/python3.7/site-packages/airflow/example_dags/example_skip_dag.py
[2022-10-25 15:02:04,180] {processor.py:651} INFO - DAG(s) dict_keys(['example_skip_dag']) retrieved from /home/airflow/.local/lib/python3.7/site-packages/airflow/example_dags/example_skip_dag.py
[2022-10-25 15:02:04,231] {logging_mixin.py:115} INFO - [2022-10-25 15:02:04,231] {dag.py:2371} INFO - Sync 1 DAGs
[2022-10-25 15:02:04,517] {logging_mixin.py:115} INFO - [2022-10-25 15:02:04,517] {dag.py:2919} INFO - Setting next_dagrun for example_skip_dag to 2022-10-24T15:02:04.517570+00:00, run_after=2022-10-25T15:02:04.517570+00:00
[2022-10-25 15:02:04,547] {processor.py:161} INFO - Processing /home/airflow/.local/lib/python3.7/site-packages/airflow/example_dags/example_skip_dag.py took 0.386 seconds
[2022-10-25 15:02:35,341] {processor.py:153} INFO - Started process (PID=290) to work on /home/airflow/.local/lib/python3.7/site-packages/airflow/example_dags/example_skip_dag.py
[2022-10-25 15:02:35,344] {processor.py:641} INFO - Processing file /home/airflow/.local/lib/python3.7/site-packages/airflow/example_dags/example_skip_dag.py for tasks to queue
[2022-10-25 15:02:35,347] {logging_mixin.py:115} INFO - [2022-10-25 15:02:35,347] {dagbag.py:507} INFO - Filling up the DagBag from /home/airflow/.local/lib/python3.7/site-packages/airflow/example_dags/example_skip_dag.py
[2022-10-25 15:02:35,360] {processor.py:651} INFO - DAG(s) dict_keys(['example_skip_dag']) retrieved from /home/airflow/.local/lib/python3.7/site-packages/airflow/example_dags/example_skip_dag.py
[2022-10-25 15:02:35,450] {logging_mixin.py:115} INFO - [2022-10-25 15:02:35,450] {dag.py:2371} INFO - Sync 1 DAGs
[2022-10-25 15:02:35,744] {logging_mixin.py:115} INFO - [2022-10-25 15:02:35,744] {dag.py:2919} INFO - Setting next_dagrun for example_skip_dag to 2022-10-24T15:02:35.743713+00:00, run_after=2022-10-25T15:02:35.743713+00:00
[2022-10-25 15:02:35,775] {processor.py:161} INFO - Processing /home/airflow/.local/lib/python3.7/site-packages/airflow/example_dags/example_skip_dag.py took 0.441 seconds
[2022-10-25 15:03:05,851] {processor.py:153} INFO - Started process (PID=344) to work on /home/airflow/.local/lib/python3.7/site-packages/airflow/example_dags/example_skip_dag.py
[2022-10-25 15:03:05,859] {processor.py:641} INFO - Processing file /home/airflow/.local/lib/python3.7/site-packages/airflow/example_dags/example_skip_dag.py for tasks to queue
[2022-10-25 15:03:05,860] {logging_mixin.py:115} INFO - [2022-10-25 15:03:05,860] {dagbag.py:507} INFO - Filling up the DagBag from /home/airflow/.local/lib/python3.7/site-packages/airflow/example_dags/example_skip_dag.py
[2022-10-25 15:03:05,879] {processor.py:651} INFO - DAG(s) dict_keys(['example_skip_dag']) retrieved from /home/airflow/.local/lib/python3.7/site-packages/airflow/example_dags/example_skip_dag.py
[2022-10-25 15:03:05,950] {logging_mixin.py:115} INFO - [2022-10-25 15:03:05,950] {dag.py:2371} INFO - Sync 1 DAGs
[2022-10-25 15:03:06,569] {logging_mixin.py:115} INFO - [2022-10-25 15:03:06,569] {dag.py:2919} INFO - Setting next_dagrun for example_skip_dag to 2022-10-24T15:03:06.569014+00:00, run_after=2022-10-25T15:03:06.569014+00:00
[2022-10-25 15:03:06,740] {processor.py:161} INFO - Processing /home/airflow/.local/lib/python3.7/site-packages/airflow/example_dags/example_skip_dag.py took 0.897 seconds
[2022-10-25 15:03:36,923] {processor.py:153} INFO - Started process (PID=399) to work on /home/airflow/.local/lib/python3.7/site-packages/airflow/example_dags/example_skip_dag.py
[2022-10-25 15:03:36,925] {processor.py:641} INFO - Processing file /home/airflow/.local/lib/python3.7/site-packages/airflow/example_dags/example_skip_dag.py for tasks to queue
[2022-10-25 15:03:36,926] {logging_mixin.py:115} INFO - [2022-10-25 15:03:36,926] {dagbag.py:507} INFO - Filling up the DagBag from /home/airflow/.local/lib/python3.7/site-packages/airflow/example_dags/example_skip_dag.py
[2022-10-25 15:03:36,936] {processor.py:651} INFO - DAG(s) dict_keys(['example_skip_dag']) retrieved from /home/airflow/.local/lib/python3.7/site-packages/airflow/example_dags/example_skip_dag.py
[2022-10-25 15:03:36,989] {logging_mixin.py:115} INFO - [2022-10-25 15:03:36,989] {dag.py:2371} INFO - Sync 1 DAGs
[2022-10-25 15:03:37,216] {logging_mixin.py:115} INFO - [2022-10-25 15:03:37,216] {dag.py:2919} INFO - Setting next_dagrun for example_skip_dag to 2022-10-24T15:03:37.215995+00:00, run_after=2022-10-25T15:03:37.215995+00:00
[2022-10-25 15:03:37,240] {processor.py:161} INFO - Processing /home/airflow/.local/lib/python3.7/site-packages/airflow/example_dags/example_skip_dag.py took 0.321 seconds
[2022-10-25 15:04:07,784] {processor.py:153} INFO - Started process (PID=454) to work on /home/airflow/.local/lib/python3.7/site-packages/airflow/example_dags/example_skip_dag.py
[2022-10-25 15:04:07,786] {processor.py:641} INFO - Processing file /home/airflow/.local/lib/python3.7/site-packages/airflow/example_dags/example_skip_dag.py for tasks to queue
[2022-10-25 15:04:07,787] {logging_mixin.py:115} INFO - [2022-10-25 15:04:07,787] {dagbag.py:507} INFO - Filling up the DagBag from /home/airflow/.local/lib/python3.7/site-packages/airflow/example_dags/example_skip_dag.py
[2022-10-25 15:04:07,795] {processor.py:651} INFO - DAG(s) dict_keys(['example_skip_dag']) retrieved from /home/airflow/.local/lib/python3.7/site-packages/airflow/example_dags/example_skip_dag.py
[2022-10-25 15:04:07,834] {logging_mixin.py:115} INFO - [2022-10-25 15:04:07,833] {dag.py:2371} INFO - Sync 1 DAGs
[2022-10-25 15:04:08,011] {logging_mixin.py:115} INFO - [2022-10-25 15:04:08,010] {dag.py:2919} INFO - Setting next_dagrun for example_skip_dag to 2022-10-24T15:04:08.010724+00:00, run_after=2022-10-25T15:04:08.010724+00:00
[2022-10-25 15:04:08,031] {processor.py:161} INFO - Processing /home/airflow/.local/lib/python3.7/site-packages/airflow/example_dags/example_skip_dag.py took 0.251 seconds
[2022-10-25 15:04:38,438] {processor.py:153} INFO - Started process (PID=515) to work on /home/airflow/.local/lib/python3.7/site-packages/airflow/example_dags/example_skip_dag.py
[2022-10-25 15:04:38,439] {processor.py:641} INFO - Processing file /home/airflow/.local/lib/python3.7/site-packages/airflow/example_dags/example_skip_dag.py for tasks to queue
[2022-10-25 15:04:38,441] {logging_mixin.py:115} INFO - [2022-10-25 15:04:38,440] {dagbag.py:507} INFO - Filling up the DagBag from /home/airflow/.local/lib/python3.7/site-packages/airflow/example_dags/example_skip_dag.py
[2022-10-25 15:04:38,473] {processor.py:651} INFO - DAG(s) dict_keys(['example_skip_dag']) retrieved from /home/airflow/.local/lib/python3.7/site-packages/airflow/example_dags/example_skip_dag.py
[2022-10-25 15:04:38,540] {logging_mixin.py:115} INFO - [2022-10-25 15:04:38,539] {dag.py:2371} INFO - Sync 1 DAGs
[2022-10-25 15:04:39,107] {logging_mixin.py:115} INFO - [2022-10-25 15:04:39,107] {dag.py:2919} INFO - Setting next_dagrun for example_skip_dag to 2022-10-24T15:04:39.106589+00:00, run_after=2022-10-25T15:04:39.106589+00:00
[2022-10-25 15:04:39,152] {processor.py:161} INFO - Processing /home/airflow/.local/lib/python3.7/site-packages/airflow/example_dags/example_skip_dag.py took 0.728 seconds
