[2022-10-25 15:00:23,408] {processor.py:153} INFO - Started process (PID=70) to work on /home/airflow/.local/lib/python3.7/site-packages/airflow/example_dags/example_task_group.py
[2022-10-25 15:00:23,426] {processor.py:641} INFO - Processing file /home/airflow/.local/lib/python3.7/site-packages/airflow/example_dags/example_task_group.py for tasks to queue
[2022-10-25 15:00:23,435] {logging_mixin.py:115} INFO - [2022-10-25 15:00:23,435] {dagbag.py:507} INFO - Filling up the DagBag from /home/airflow/.local/lib/python3.7/site-packages/airflow/example_dags/example_task_group.py
[2022-10-25 15:00:23,487] {processor.py:651} INFO - DAG(s) dict_keys(['example_task_group']) retrieved from /home/airflow/.local/lib/python3.7/site-packages/airflow/example_dags/example_task_group.py
[2022-10-25 15:00:23,873] {logging_mixin.py:115} INFO - [2022-10-25 15:00:23,872] {dag.py:2371} INFO - Sync 1 DAGs
[2022-10-25 15:00:25,498] {logging_mixin.py:115} INFO - [2022-10-25 15:00:25,497] {dag.py:2919} INFO - Setting next_dagrun for example_task_group to 2022-10-24T15:00:25.497652+00:00, run_after=2022-10-25T15:00:25.497652+00:00
[2022-10-25 15:00:25,878] {processor.py:161} INFO - Processing /home/airflow/.local/lib/python3.7/site-packages/airflow/example_dags/example_task_group.py took 2.477 seconds
[2022-10-25 15:00:56,294] {processor.py:153} INFO - Started process (PID=115) to work on /home/airflow/.local/lib/python3.7/site-packages/airflow/example_dags/example_task_group.py
[2022-10-25 15:00:56,299] {processor.py:641} INFO - Processing file /home/airflow/.local/lib/python3.7/site-packages/airflow/example_dags/example_task_group.py for tasks to queue
[2022-10-25 15:00:56,306] {logging_mixin.py:115} INFO - [2022-10-25 15:00:56,306] {dagbag.py:507} INFO - Filling up the DagBag from /home/airflow/.local/lib/python3.7/site-packages/airflow/example_dags/example_task_group.py
[2022-10-25 15:00:56,339] {processor.py:651} INFO - DAG(s) dict_keys(['example_task_group']) retrieved from /home/airflow/.local/lib/python3.7/site-packages/airflow/example_dags/example_task_group.py
[2022-10-25 15:00:56,546] {logging_mixin.py:115} INFO - [2022-10-25 15:00:56,545] {dag.py:2371} INFO - Sync 1 DAGs
[2022-10-25 15:00:56,972] {logging_mixin.py:115} INFO - [2022-10-25 15:00:56,972] {dag.py:2919} INFO - Setting next_dagrun for example_task_group to 2022-10-24T15:00:56.972052+00:00, run_after=2022-10-25T15:00:56.972052+00:00
[2022-10-25 15:00:57,016] {processor.py:161} INFO - Processing /home/airflow/.local/lib/python3.7/site-packages/airflow/example_dags/example_task_group.py took 0.729 seconds
[2022-10-25 15:01:27,282] {processor.py:153} INFO - Started process (PID=176) to work on /home/airflow/.local/lib/python3.7/site-packages/airflow/example_dags/example_task_group.py
[2022-10-25 15:01:27,285] {processor.py:641} INFO - Processing file /home/airflow/.local/lib/python3.7/site-packages/airflow/example_dags/example_task_group.py for tasks to queue
[2022-10-25 15:01:27,287] {logging_mixin.py:115} INFO - [2022-10-25 15:01:27,287] {dagbag.py:507} INFO - Filling up the DagBag from /home/airflow/.local/lib/python3.7/site-packages/airflow/example_dags/example_task_group.py
[2022-10-25 15:01:27,324] {processor.py:651} INFO - DAG(s) dict_keys(['example_task_group']) retrieved from /home/airflow/.local/lib/python3.7/site-packages/airflow/example_dags/example_task_group.py
[2022-10-25 15:01:27,376] {logging_mixin.py:115} INFO - [2022-10-25 15:01:27,376] {dag.py:2371} INFO - Sync 1 DAGs
[2022-10-25 15:01:27,662] {logging_mixin.py:115} INFO - [2022-10-25 15:01:27,661] {dag.py:2919} INFO - Setting next_dagrun for example_task_group to 2022-10-24T15:01:27.661530+00:00, run_after=2022-10-25T15:01:27.661530+00:00
[2022-10-25 15:01:27,688] {processor.py:161} INFO - Processing /home/airflow/.local/lib/python3.7/site-packages/airflow/example_dags/example_task_group.py took 0.411 seconds
[2022-10-25 15:01:58,010] {processor.py:153} INFO - Started process (PID=232) to work on /home/airflow/.local/lib/python3.7/site-packages/airflow/example_dags/example_task_group.py
[2022-10-25 15:01:58,012] {processor.py:641} INFO - Processing file /home/airflow/.local/lib/python3.7/site-packages/airflow/example_dags/example_task_group.py for tasks to queue
[2022-10-25 15:01:58,014] {logging_mixin.py:115} INFO - [2022-10-25 15:01:58,014] {dagbag.py:507} INFO - Filling up the DagBag from /home/airflow/.local/lib/python3.7/site-packages/airflow/example_dags/example_task_group.py
[2022-10-25 15:01:58,050] {processor.py:651} INFO - DAG(s) dict_keys(['example_task_group']) retrieved from /home/airflow/.local/lib/python3.7/site-packages/airflow/example_dags/example_task_group.py
[2022-10-25 15:01:58,237] {logging_mixin.py:115} INFO - [2022-10-25 15:01:58,236] {dag.py:2371} INFO - Sync 1 DAGs
[2022-10-25 15:01:58,955] {logging_mixin.py:115} INFO - [2022-10-25 15:01:58,954] {dag.py:2919} INFO - Setting next_dagrun for example_task_group to 2022-10-24T15:01:58.954420+00:00, run_after=2022-10-25T15:01:58.954420+00:00
[2022-10-25 15:01:59,019] {processor.py:161} INFO - Processing /home/airflow/.local/lib/python3.7/site-packages/airflow/example_dags/example_task_group.py took 1.027 seconds
[2022-10-25 15:02:30,026] {processor.py:153} INFO - Started process (PID=287) to work on /home/airflow/.local/lib/python3.7/site-packages/airflow/example_dags/example_task_group.py
[2022-10-25 15:02:30,050] {processor.py:641} INFO - Processing file /home/airflow/.local/lib/python3.7/site-packages/airflow/example_dags/example_task_group.py for tasks to queue
[2022-10-25 15:02:30,086] {logging_mixin.py:115} INFO - [2022-10-25 15:02:30,086] {dagbag.py:507} INFO - Filling up the DagBag from /home/airflow/.local/lib/python3.7/site-packages/airflow/example_dags/example_task_group.py
[2022-10-25 15:02:30,158] {processor.py:651} INFO - DAG(s) dict_keys(['example_task_group']) retrieved from /home/airflow/.local/lib/python3.7/site-packages/airflow/example_dags/example_task_group.py
[2022-10-25 15:02:30,393] {logging_mixin.py:115} INFO - [2022-10-25 15:02:30,393] {dag.py:2371} INFO - Sync 1 DAGs
[2022-10-25 15:02:31,915] {logging_mixin.py:115} INFO - [2022-10-25 15:02:31,915] {dag.py:2919} INFO - Setting next_dagrun for example_task_group to 2022-10-24T15:02:31.915233+00:00, run_after=2022-10-25T15:02:31.915233+00:00
[2022-10-25 15:02:32,163] {processor.py:161} INFO - Processing /home/airflow/.local/lib/python3.7/site-packages/airflow/example_dags/example_task_group.py took 2.145 seconds
[2022-10-25 15:03:02,419] {processor.py:153} INFO - Started process (PID=340) to work on /home/airflow/.local/lib/python3.7/site-packages/airflow/example_dags/example_task_group.py
[2022-10-25 15:03:02,421] {processor.py:641} INFO - Processing file /home/airflow/.local/lib/python3.7/site-packages/airflow/example_dags/example_task_group.py for tasks to queue
[2022-10-25 15:03:02,422] {logging_mixin.py:115} INFO - [2022-10-25 15:03:02,422] {dagbag.py:507} INFO - Filling up the DagBag from /home/airflow/.local/lib/python3.7/site-packages/airflow/example_dags/example_task_group.py
[2022-10-25 15:03:02,433] {processor.py:651} INFO - DAG(s) dict_keys(['example_task_group']) retrieved from /home/airflow/.local/lib/python3.7/site-packages/airflow/example_dags/example_task_group.py
[2022-10-25 15:03:02,474] {logging_mixin.py:115} INFO - [2022-10-25 15:03:02,474] {dag.py:2371} INFO - Sync 1 DAGs
[2022-10-25 15:03:02,695] {logging_mixin.py:115} INFO - [2022-10-25 15:03:02,695] {dag.py:2919} INFO - Setting next_dagrun for example_task_group to 2022-10-24T15:03:02.695230+00:00, run_after=2022-10-25T15:03:02.695230+00:00
[2022-10-25 15:03:02,721] {processor.py:161} INFO - Processing /home/airflow/.local/lib/python3.7/site-packages/airflow/example_dags/example_task_group.py took 0.306 seconds
[2022-10-25 15:03:33,532] {processor.py:153} INFO - Started process (PID=395) to work on /home/airflow/.local/lib/python3.7/site-packages/airflow/example_dags/example_task_group.py
[2022-10-25 15:03:33,533] {processor.py:641} INFO - Processing file /home/airflow/.local/lib/python3.7/site-packages/airflow/example_dags/example_task_group.py for tasks to queue
[2022-10-25 15:03:33,535] {logging_mixin.py:115} INFO - [2022-10-25 15:03:33,534] {dagbag.py:507} INFO - Filling up the DagBag from /home/airflow/.local/lib/python3.7/site-packages/airflow/example_dags/example_task_group.py
[2022-10-25 15:03:33,550] {processor.py:651} INFO - DAG(s) dict_keys(['example_task_group']) retrieved from /home/airflow/.local/lib/python3.7/site-packages/airflow/example_dags/example_task_group.py
[2022-10-25 15:03:33,666] {logging_mixin.py:115} INFO - [2022-10-25 15:03:33,665] {dag.py:2371} INFO - Sync 1 DAGs
[2022-10-25 15:03:33,993] {logging_mixin.py:115} INFO - [2022-10-25 15:03:33,993] {dag.py:2919} INFO - Setting next_dagrun for example_task_group to 2022-10-24T15:03:33.993026+00:00, run_after=2022-10-25T15:03:33.993026+00:00
[2022-10-25 15:03:34,022] {processor.py:161} INFO - Processing /home/airflow/.local/lib/python3.7/site-packages/airflow/example_dags/example_task_group.py took 0.499 seconds
[2022-10-25 15:04:04,485] {processor.py:153} INFO - Started process (PID=450) to work on /home/airflow/.local/lib/python3.7/site-packages/airflow/example_dags/example_task_group.py
[2022-10-25 15:04:04,486] {processor.py:641} INFO - Processing file /home/airflow/.local/lib/python3.7/site-packages/airflow/example_dags/example_task_group.py for tasks to queue
[2022-10-25 15:04:04,487] {logging_mixin.py:115} INFO - [2022-10-25 15:04:04,487] {dagbag.py:507} INFO - Filling up the DagBag from /home/airflow/.local/lib/python3.7/site-packages/airflow/example_dags/example_task_group.py
[2022-10-25 15:04:04,509] {processor.py:651} INFO - DAG(s) dict_keys(['example_task_group']) retrieved from /home/airflow/.local/lib/python3.7/site-packages/airflow/example_dags/example_task_group.py
[2022-10-25 15:04:04,570] {logging_mixin.py:115} INFO - [2022-10-25 15:04:04,570] {dag.py:2371} INFO - Sync 1 DAGs
[2022-10-25 15:04:04,807] {logging_mixin.py:115} INFO - [2022-10-25 15:04:04,806] {dag.py:2919} INFO - Setting next_dagrun for example_task_group to 2022-10-24T15:04:04.806517+00:00, run_after=2022-10-25T15:04:04.806517+00:00
[2022-10-25 15:04:04,838] {processor.py:161} INFO - Processing /home/airflow/.local/lib/python3.7/site-packages/airflow/example_dags/example_task_group.py took 0.359 seconds
[2022-10-25 15:04:35,842] {processor.py:153} INFO - Started process (PID=504) to work on /home/airflow/.local/lib/python3.7/site-packages/airflow/example_dags/example_task_group.py
[2022-10-25 15:04:35,856] {processor.py:641} INFO - Processing file /home/airflow/.local/lib/python3.7/site-packages/airflow/example_dags/example_task_group.py for tasks to queue
[2022-10-25 15:04:35,860] {logging_mixin.py:115} INFO - [2022-10-25 15:04:35,859] {dagbag.py:507} INFO - Filling up the DagBag from /home/airflow/.local/lib/python3.7/site-packages/airflow/example_dags/example_task_group.py
[2022-10-25 15:04:35,921] {processor.py:651} INFO - DAG(s) dict_keys(['example_task_group']) retrieved from /home/airflow/.local/lib/python3.7/site-packages/airflow/example_dags/example_task_group.py
[2022-10-25 15:04:36,113] {logging_mixin.py:115} INFO - [2022-10-25 15:04:36,112] {dag.py:2371} INFO - Sync 1 DAGs
[2022-10-25 15:04:36,788] {logging_mixin.py:115} INFO - [2022-10-25 15:04:36,788] {dag.py:2919} INFO - Setting next_dagrun for example_task_group to 2022-10-24T15:04:36.787604+00:00, run_after=2022-10-25T15:04:36.787604+00:00
[2022-10-25 15:04:36,910] {processor.py:161} INFO - Processing /home/airflow/.local/lib/python3.7/site-packages/airflow/example_dags/example_task_group.py took 1.082 seconds
[2022-10-25 15:05:07,270] {processor.py:153} INFO - Started process (PID=559) to work on /home/airflow/.local/lib/python3.7/site-packages/airflow/example_dags/example_task_group.py
[2022-10-25 15:05:07,271] {processor.py:641} INFO - Processing file /home/airflow/.local/lib/python3.7/site-packages/airflow/example_dags/example_task_group.py for tasks to queue
[2022-10-25 15:05:07,272] {logging_mixin.py:115} INFO - [2022-10-25 15:05:07,272] {dagbag.py:507} INFO - Filling up the DagBag from /home/airflow/.local/lib/python3.7/site-packages/airflow/example_dags/example_task_group.py
[2022-10-25 15:05:07,298] {processor.py:651} INFO - DAG(s) dict_keys(['example_task_group']) retrieved from /home/airflow/.local/lib/python3.7/site-packages/airflow/example_dags/example_task_group.py
[2022-10-25 15:05:07,352] {logging_mixin.py:115} INFO - [2022-10-25 15:05:07,352] {dag.py:2371} INFO - Sync 1 DAGs
[2022-10-25 15:05:07,608] {logging_mixin.py:115} INFO - [2022-10-25 15:05:07,607] {dag.py:2919} INFO - Setting next_dagrun for example_task_group to 2022-10-24T15:05:07.607483+00:00, run_after=2022-10-25T15:05:07.607483+00:00
[2022-10-25 15:05:07,636] {processor.py:161} INFO - Processing /home/airflow/.local/lib/python3.7/site-packages/airflow/example_dags/example_task_group.py took 0.371 seconds
[2022-10-25 15:05:37,965] {processor.py:153} INFO - Started process (PID=612) to work on /home/airflow/.local/lib/python3.7/site-packages/airflow/example_dags/example_task_group.py
[2022-10-25 15:05:37,967] {processor.py:641} INFO - Processing file /home/airflow/.local/lib/python3.7/site-packages/airflow/example_dags/example_task_group.py for tasks to queue
[2022-10-25 15:05:37,968] {logging_mixin.py:115} INFO - [2022-10-25 15:05:37,968] {dagbag.py:507} INFO - Filling up the DagBag from /home/airflow/.local/lib/python3.7/site-packages/airflow/example_dags/example_task_group.py
[2022-10-25 15:05:37,984] {processor.py:651} INFO - DAG(s) dict_keys(['example_task_group']) retrieved from /home/airflow/.local/lib/python3.7/site-packages/airflow/example_dags/example_task_group.py
[2022-10-25 15:05:38,201] {logging_mixin.py:115} INFO - [2022-10-25 15:05:38,201] {dag.py:2371} INFO - Sync 1 DAGs
[2022-10-25 15:05:38,402] {logging_mixin.py:115} INFO - [2022-10-25 15:05:38,402] {dag.py:2919} INFO - Setting next_dagrun for example_task_group to 2022-10-24T15:05:38.402450+00:00, run_after=2022-10-25T15:05:38.402450+00:00
[2022-10-25 15:05:38,426] {processor.py:161} INFO - Processing /home/airflow/.local/lib/python3.7/site-packages/airflow/example_dags/example_task_group.py took 0.466 seconds
[2022-10-25 15:06:08,492] {processor.py:153} INFO - Started process (PID=666) to work on /home/airflow/.local/lib/python3.7/site-packages/airflow/example_dags/example_task_group.py
[2022-10-25 15:06:08,493] {processor.py:641} INFO - Processing file /home/airflow/.local/lib/python3.7/site-packages/airflow/example_dags/example_task_group.py for tasks to queue
[2022-10-25 15:06:08,494] {logging_mixin.py:115} INFO - [2022-10-25 15:06:08,494] {dagbag.py:507} INFO - Filling up the DagBag from /home/airflow/.local/lib/python3.7/site-packages/airflow/example_dags/example_task_group.py
[2022-10-25 15:06:08,505] {processor.py:651} INFO - DAG(s) dict_keys(['example_task_group']) retrieved from /home/airflow/.local/lib/python3.7/site-packages/airflow/example_dags/example_task_group.py
[2022-10-25 15:06:08,570] {logging_mixin.py:115} INFO - [2022-10-25 15:06:08,569] {dag.py:2371} INFO - Sync 1 DAGs
[2022-10-25 15:06:08,912] {logging_mixin.py:115} INFO - [2022-10-25 15:06:08,912] {dag.py:2919} INFO - Setting next_dagrun for example_task_group to 2022-10-24T15:06:08.911763+00:00, run_after=2022-10-25T15:06:08.911763+00:00
[2022-10-25 15:06:08,969] {processor.py:161} INFO - Processing /home/airflow/.local/lib/python3.7/site-packages/airflow/example_dags/example_task_group.py took 0.481 seconds
[2022-10-25 15:06:39,232] {processor.py:153} INFO - Started process (PID=730) to work on /home/airflow/.local/lib/python3.7/site-packages/airflow/example_dags/example_task_group.py
[2022-10-25 15:06:39,238] {processor.py:641} INFO - Processing file /home/airflow/.local/lib/python3.7/site-packages/airflow/example_dags/example_task_group.py for tasks to queue
[2022-10-25 15:06:39,245] {logging_mixin.py:115} INFO - [2022-10-25 15:06:39,245] {dagbag.py:507} INFO - Filling up the DagBag from /home/airflow/.local/lib/python3.7/site-packages/airflow/example_dags/example_task_group.py
[2022-10-25 15:06:39,287] {processor.py:651} INFO - DAG(s) dict_keys(['example_task_group']) retrieved from /home/airflow/.local/lib/python3.7/site-packages/airflow/example_dags/example_task_group.py
[2022-10-25 15:06:39,429] {logging_mixin.py:115} INFO - [2022-10-25 15:06:39,428] {dag.py:2371} INFO - Sync 1 DAGs
[2022-10-25 15:06:40,616] {logging_mixin.py:115} INFO - [2022-10-25 15:06:40,615] {dag.py:2919} INFO - Setting next_dagrun for example_task_group to 2022-10-24T15:06:40.615226+00:00, run_after=2022-10-25T15:06:40.615226+00:00
[2022-10-25 15:06:40,806] {processor.py:161} INFO - Processing /home/airflow/.local/lib/python3.7/site-packages/airflow/example_dags/example_task_group.py took 1.592 seconds
[2022-10-25 15:07:11,134] {processor.py:153} INFO - Started process (PID=784) to work on /home/airflow/.local/lib/python3.7/site-packages/airflow/example_dags/example_task_group.py
[2022-10-25 15:07:11,137] {processor.py:641} INFO - Processing file /home/airflow/.local/lib/python3.7/site-packages/airflow/example_dags/example_task_group.py for tasks to queue
[2022-10-25 15:07:11,148] {logging_mixin.py:115} INFO - [2022-10-25 15:07:11,147] {dagbag.py:507} INFO - Filling up the DagBag from /home/airflow/.local/lib/python3.7/site-packages/airflow/example_dags/example_task_group.py
[2022-10-25 15:07:11,178] {processor.py:651} INFO - DAG(s) dict_keys(['example_task_group']) retrieved from /home/airflow/.local/lib/python3.7/site-packages/airflow/example_dags/example_task_group.py
[2022-10-25 15:07:11,340] {logging_mixin.py:115} INFO - [2022-10-25 15:07:11,339] {dag.py:2371} INFO - Sync 1 DAGs
[2022-10-25 15:07:11,972] {logging_mixin.py:115} INFO - [2022-10-25 15:07:11,972] {dag.py:2919} INFO - Setting next_dagrun for example_task_group to 2022-10-24T15:07:11.972295+00:00, run_after=2022-10-25T15:07:11.972295+00:00
[2022-10-25 15:07:12,188] {processor.py:161} INFO - Processing /home/airflow/.local/lib/python3.7/site-packages/airflow/example_dags/example_task_group.py took 1.061 seconds
[2022-10-25 15:07:42,473] {processor.py:153} INFO - Started process (PID=843) to work on /home/airflow/.local/lib/python3.7/site-packages/airflow/example_dags/example_task_group.py
[2022-10-25 15:07:42,477] {processor.py:641} INFO - Processing file /home/airflow/.local/lib/python3.7/site-packages/airflow/example_dags/example_task_group.py for tasks to queue
[2022-10-25 15:07:42,478] {logging_mixin.py:115} INFO - [2022-10-25 15:07:42,478] {dagbag.py:507} INFO - Filling up the DagBag from /home/airflow/.local/lib/python3.7/site-packages/airflow/example_dags/example_task_group.py
[2022-10-25 15:07:42,504] {processor.py:651} INFO - DAG(s) dict_keys(['example_task_group']) retrieved from /home/airflow/.local/lib/python3.7/site-packages/airflow/example_dags/example_task_group.py
[2022-10-25 15:07:42,614] {logging_mixin.py:115} INFO - [2022-10-25 15:07:42,613] {dag.py:2371} INFO - Sync 1 DAGs
[2022-10-25 15:07:42,864] {logging_mixin.py:115} INFO - [2022-10-25 15:07:42,863] {dag.py:2919} INFO - Setting next_dagrun for example_task_group to 2022-10-24T15:07:42.863716+00:00, run_after=2022-10-25T15:07:42.863716+00:00
[2022-10-25 15:07:42,896] {processor.py:161} INFO - Processing /home/airflow/.local/lib/python3.7/site-packages/airflow/example_dags/example_task_group.py took 0.429 seconds
[2022-10-25 15:08:13,322] {processor.py:153} INFO - Started process (PID=896) to work on /home/airflow/.local/lib/python3.7/site-packages/airflow/example_dags/example_task_group.py
[2022-10-25 15:08:13,324] {processor.py:641} INFO - Processing file /home/airflow/.local/lib/python3.7/site-packages/airflow/example_dags/example_task_group.py for tasks to queue
[2022-10-25 15:08:13,326] {logging_mixin.py:115} INFO - [2022-10-25 15:08:13,326] {dagbag.py:507} INFO - Filling up the DagBag from /home/airflow/.local/lib/python3.7/site-packages/airflow/example_dags/example_task_group.py
[2022-10-25 15:08:13,339] {processor.py:651} INFO - DAG(s) dict_keys(['example_task_group']) retrieved from /home/airflow/.local/lib/python3.7/site-packages/airflow/example_dags/example_task_group.py
[2022-10-25 15:08:13,456] {logging_mixin.py:115} INFO - [2022-10-25 15:08:13,456] {dag.py:2371} INFO - Sync 1 DAGs
[2022-10-25 15:08:13,720] {logging_mixin.py:115} INFO - [2022-10-25 15:08:13,720] {dag.py:2919} INFO - Setting next_dagrun for example_task_group to 2022-10-24T15:08:13.719583+00:00, run_after=2022-10-25T15:08:13.719583+00:00
[2022-10-25 15:08:13,771] {processor.py:161} INFO - Processing /home/airflow/.local/lib/python3.7/site-packages/airflow/example_dags/example_task_group.py took 0.456 seconds
[2022-10-25 15:08:43,854] {processor.py:153} INFO - Started process (PID=950) to work on /home/airflow/.local/lib/python3.7/site-packages/airflow/example_dags/example_task_group.py
[2022-10-25 15:08:43,856] {processor.py:641} INFO - Processing file /home/airflow/.local/lib/python3.7/site-packages/airflow/example_dags/example_task_group.py for tasks to queue
[2022-10-25 15:08:43,858] {logging_mixin.py:115} INFO - [2022-10-25 15:08:43,858] {dagbag.py:507} INFO - Filling up the DagBag from /home/airflow/.local/lib/python3.7/site-packages/airflow/example_dags/example_task_group.py
[2022-10-25 15:08:43,871] {processor.py:651} INFO - DAG(s) dict_keys(['example_task_group']) retrieved from /home/airflow/.local/lib/python3.7/site-packages/airflow/example_dags/example_task_group.py
[2022-10-25 15:08:43,929] {logging_mixin.py:115} INFO - [2022-10-25 15:08:43,929] {dag.py:2371} INFO - Sync 1 DAGs
[2022-10-25 15:08:44,169] {logging_mixin.py:115} INFO - [2022-10-25 15:08:44,168] {dag.py:2919} INFO - Setting next_dagrun for example_task_group to 2022-10-24T15:08:44.168429+00:00, run_after=2022-10-25T15:08:44.168429+00:00
[2022-10-25 15:08:44,195] {processor.py:161} INFO - Processing /home/airflow/.local/lib/python3.7/site-packages/airflow/example_dags/example_task_group.py took 0.349 seconds
[2022-10-25 15:09:14,312] {processor.py:153} INFO - Started process (PID=1003) to work on /home/airflow/.local/lib/python3.7/site-packages/airflow/example_dags/example_task_group.py
[2022-10-25 15:09:14,324] {processor.py:641} INFO - Processing file /home/airflow/.local/lib/python3.7/site-packages/airflow/example_dags/example_task_group.py for tasks to queue
[2022-10-25 15:09:14,328] {logging_mixin.py:115} INFO - [2022-10-25 15:09:14,327] {dagbag.py:507} INFO - Filling up the DagBag from /home/airflow/.local/lib/python3.7/site-packages/airflow/example_dags/example_task_group.py
[2022-10-25 15:09:14,365] {processor.py:651} INFO - DAG(s) dict_keys(['example_task_group']) retrieved from /home/airflow/.local/lib/python3.7/site-packages/airflow/example_dags/example_task_group.py
[2022-10-25 15:09:14,438] {logging_mixin.py:115} INFO - [2022-10-25 15:09:14,438] {dag.py:2371} INFO - Sync 1 DAGs
[2022-10-25 15:09:14,711] {logging_mixin.py:115} INFO - [2022-10-25 15:09:14,711] {dag.py:2919} INFO - Setting next_dagrun for example_task_group to 2022-10-24T15:09:14.711425+00:00, run_after=2022-10-25T15:09:14.711425+00:00
[2022-10-25 15:09:14,759] {processor.py:161} INFO - Processing /home/airflow/.local/lib/python3.7/site-packages/airflow/example_dags/example_task_group.py took 0.452 seconds
[2022-10-25 15:09:45,419] {processor.py:153} INFO - Started process (PID=1067) to work on /home/airflow/.local/lib/python3.7/site-packages/airflow/example_dags/example_task_group.py
[2022-10-25 15:09:45,425] {processor.py:641} INFO - Processing file /home/airflow/.local/lib/python3.7/site-packages/airflow/example_dags/example_task_group.py for tasks to queue
[2022-10-25 15:09:45,431] {logging_mixin.py:115} INFO - [2022-10-25 15:09:45,430] {dagbag.py:507} INFO - Filling up the DagBag from /home/airflow/.local/lib/python3.7/site-packages/airflow/example_dags/example_task_group.py
[2022-10-25 15:09:45,467] {processor.py:651} INFO - DAG(s) dict_keys(['example_task_group']) retrieved from /home/airflow/.local/lib/python3.7/site-packages/airflow/example_dags/example_task_group.py
[2022-10-25 15:09:45,542] {logging_mixin.py:115} INFO - [2022-10-25 15:09:45,541] {dag.py:2371} INFO - Sync 1 DAGs
[2022-10-25 15:09:45,787] {logging_mixin.py:115} INFO - [2022-10-25 15:09:45,787] {dag.py:2919} INFO - Setting next_dagrun for example_task_group to 2022-10-24T15:09:45.786890+00:00, run_after=2022-10-25T15:09:45.786890+00:00
[2022-10-25 15:09:45,810] {processor.py:161} INFO - Processing /home/airflow/.local/lib/python3.7/site-packages/airflow/example_dags/example_task_group.py took 0.406 seconds
[2022-10-25 15:10:16,160] {processor.py:153} INFO - Started process (PID=1121) to work on /home/airflow/.local/lib/python3.7/site-packages/airflow/example_dags/example_task_group.py
[2022-10-25 15:10:16,161] {processor.py:641} INFO - Processing file /home/airflow/.local/lib/python3.7/site-packages/airflow/example_dags/example_task_group.py for tasks to queue
[2022-10-25 15:10:16,162] {logging_mixin.py:115} INFO - [2022-10-25 15:10:16,162] {dagbag.py:507} INFO - Filling up the DagBag from /home/airflow/.local/lib/python3.7/site-packages/airflow/example_dags/example_task_group.py
[2022-10-25 15:10:16,188] {processor.py:651} INFO - DAG(s) dict_keys(['example_task_group']) retrieved from /home/airflow/.local/lib/python3.7/site-packages/airflow/example_dags/example_task_group.py
[2022-10-25 15:10:16,250] {logging_mixin.py:115} INFO - [2022-10-25 15:10:16,250] {dag.py:2371} INFO - Sync 1 DAGs
[2022-10-25 15:10:16,313] {logging_mixin.py:115} INFO - [2022-10-25 15:10:16,313] {dag.py:2919} INFO - Setting next_dagrun for example_task_group to 2022-10-24T15:10:16.313061+00:00, run_after=2022-10-25T15:10:16.313061+00:00
[2022-10-25 15:10:16,343] {processor.py:161} INFO - Processing /home/airflow/.local/lib/python3.7/site-packages/airflow/example_dags/example_task_group.py took 0.189 seconds
[2022-10-25 15:10:46,604] {processor.py:153} INFO - Started process (PID=1175) to work on /home/airflow/.local/lib/python3.7/site-packages/airflow/example_dags/example_task_group.py
[2022-10-25 15:10:46,605] {processor.py:641} INFO - Processing file /home/airflow/.local/lib/python3.7/site-packages/airflow/example_dags/example_task_group.py for tasks to queue
[2022-10-25 15:10:46,609] {logging_mixin.py:115} INFO - [2022-10-25 15:10:46,609] {dagbag.py:507} INFO - Filling up the DagBag from /home/airflow/.local/lib/python3.7/site-packages/airflow/example_dags/example_task_group.py
[2022-10-25 15:10:46,632] {processor.py:651} INFO - DAG(s) dict_keys(['example_task_group']) retrieved from /home/airflow/.local/lib/python3.7/site-packages/airflow/example_dags/example_task_group.py
[2022-10-25 15:10:46,678] {logging_mixin.py:115} INFO - [2022-10-25 15:10:46,678] {dag.py:2371} INFO - Sync 1 DAGs
[2022-10-25 15:10:46,723] {logging_mixin.py:115} INFO - [2022-10-25 15:10:46,723] {dag.py:2919} INFO - Setting next_dagrun for example_task_group to 2022-10-24T15:10:46.722622+00:00, run_after=2022-10-25T15:10:46.722622+00:00
[2022-10-25 15:10:46,754] {processor.py:161} INFO - Processing /home/airflow/.local/lib/python3.7/site-packages/airflow/example_dags/example_task_group.py took 0.156 seconds
[2022-10-25 15:11:16,939] {processor.py:153} INFO - Started process (PID=1239) to work on /home/airflow/.local/lib/python3.7/site-packages/airflow/example_dags/example_task_group.py
[2022-10-25 15:11:16,941] {processor.py:641} INFO - Processing file /home/airflow/.local/lib/python3.7/site-packages/airflow/example_dags/example_task_group.py for tasks to queue
[2022-10-25 15:11:16,942] {logging_mixin.py:115} INFO - [2022-10-25 15:11:16,942] {dagbag.py:507} INFO - Filling up the DagBag from /home/airflow/.local/lib/python3.7/site-packages/airflow/example_dags/example_task_group.py
[2022-10-25 15:11:16,964] {processor.py:651} INFO - DAG(s) dict_keys(['example_task_group']) retrieved from /home/airflow/.local/lib/python3.7/site-packages/airflow/example_dags/example_task_group.py
[2022-10-25 15:11:17,018] {logging_mixin.py:115} INFO - [2022-10-25 15:11:17,018] {dag.py:2371} INFO - Sync 1 DAGs
[2022-10-25 15:11:17,070] {logging_mixin.py:115} INFO - [2022-10-25 15:11:17,069] {dag.py:2919} INFO - Setting next_dagrun for example_task_group to 2022-10-24T15:11:17.069396+00:00, run_after=2022-10-25T15:11:17.069396+00:00
[2022-10-25 15:11:17,110] {processor.py:161} INFO - Processing /home/airflow/.local/lib/python3.7/site-packages/airflow/example_dags/example_task_group.py took 0.176 seconds
[2022-10-25 15:11:47,886] {processor.py:153} INFO - Started process (PID=1293) to work on /home/airflow/.local/lib/python3.7/site-packages/airflow/example_dags/example_task_group.py
[2022-10-25 15:11:47,888] {processor.py:641} INFO - Processing file /home/airflow/.local/lib/python3.7/site-packages/airflow/example_dags/example_task_group.py for tasks to queue
[2022-10-25 15:11:47,889] {logging_mixin.py:115} INFO - [2022-10-25 15:11:47,889] {dagbag.py:507} INFO - Filling up the DagBag from /home/airflow/.local/lib/python3.7/site-packages/airflow/example_dags/example_task_group.py
[2022-10-25 15:11:47,908] {processor.py:651} INFO - DAG(s) dict_keys(['example_task_group']) retrieved from /home/airflow/.local/lib/python3.7/site-packages/airflow/example_dags/example_task_group.py
[2022-10-25 15:11:47,957] {logging_mixin.py:115} INFO - [2022-10-25 15:11:47,957] {dag.py:2371} INFO - Sync 1 DAGs
[2022-10-25 15:11:48,000] {logging_mixin.py:115} INFO - [2022-10-25 15:11:47,999] {dag.py:2919} INFO - Setting next_dagrun for example_task_group to 2022-10-24T15:11:47.999494+00:00, run_after=2022-10-25T15:11:47.999494+00:00
[2022-10-25 15:11:48,021] {processor.py:161} INFO - Processing /home/airflow/.local/lib/python3.7/site-packages/airflow/example_dags/example_task_group.py took 0.140 seconds
[2022-10-25 15:12:18,218] {processor.py:153} INFO - Started process (PID=1356) to work on /home/airflow/.local/lib/python3.7/site-packages/airflow/example_dags/example_task_group.py
[2022-10-25 15:12:18,219] {processor.py:641} INFO - Processing file /home/airflow/.local/lib/python3.7/site-packages/airflow/example_dags/example_task_group.py for tasks to queue
[2022-10-25 15:12:18,221] {logging_mixin.py:115} INFO - [2022-10-25 15:12:18,221] {dagbag.py:507} INFO - Filling up the DagBag from /home/airflow/.local/lib/python3.7/site-packages/airflow/example_dags/example_task_group.py
[2022-10-25 15:12:18,268] {processor.py:651} INFO - DAG(s) dict_keys(['example_task_group']) retrieved from /home/airflow/.local/lib/python3.7/site-packages/airflow/example_dags/example_task_group.py
[2022-10-25 15:12:18,375] {logging_mixin.py:115} INFO - [2022-10-25 15:12:18,374] {dag.py:2371} INFO - Sync 1 DAGs
[2022-10-25 15:12:18,455] {logging_mixin.py:115} INFO - [2022-10-25 15:12:18,455] {dag.py:2919} INFO - Setting next_dagrun for example_task_group to 2022-10-24T15:12:18.454939+00:00, run_after=2022-10-25T15:12:18.454939+00:00
[2022-10-25 15:12:18,759] {processor.py:161} INFO - Processing /home/airflow/.local/lib/python3.7/site-packages/airflow/example_dags/example_task_group.py took 0.546 seconds
[2022-10-25 15:12:48,992] {processor.py:153} INFO - Started process (PID=1408) to work on /home/airflow/.local/lib/python3.7/site-packages/airflow/example_dags/example_task_group.py
[2022-10-25 15:12:48,993] {processor.py:641} INFO - Processing file /home/airflow/.local/lib/python3.7/site-packages/airflow/example_dags/example_task_group.py for tasks to queue
[2022-10-25 15:12:48,994] {logging_mixin.py:115} INFO - [2022-10-25 15:12:48,994] {dagbag.py:507} INFO - Filling up the DagBag from /home/airflow/.local/lib/python3.7/site-packages/airflow/example_dags/example_task_group.py
[2022-10-25 15:12:49,007] {processor.py:651} INFO - DAG(s) dict_keys(['example_task_group']) retrieved from /home/airflow/.local/lib/python3.7/site-packages/airflow/example_dags/example_task_group.py
[2022-10-25 15:12:49,046] {logging_mixin.py:115} INFO - [2022-10-25 15:12:49,045] {dag.py:2371} INFO - Sync 1 DAGs
[2022-10-25 15:12:49,074] {logging_mixin.py:115} INFO - [2022-10-25 15:12:49,074] {dag.py:2919} INFO - Setting next_dagrun for example_task_group to 2022-10-24T15:12:49.074092+00:00, run_after=2022-10-25T15:12:49.074092+00:00
[2022-10-25 15:12:49,096] {processor.py:161} INFO - Processing /home/airflow/.local/lib/python3.7/site-packages/airflow/example_dags/example_task_group.py took 0.109 seconds
[2022-10-25 15:13:19,902] {processor.py:153} INFO - Started process (PID=1465) to work on /home/airflow/.local/lib/python3.7/site-packages/airflow/example_dags/example_task_group.py
[2022-10-25 15:13:19,904] {processor.py:641} INFO - Processing file /home/airflow/.local/lib/python3.7/site-packages/airflow/example_dags/example_task_group.py for tasks to queue
[2022-10-25 15:13:19,906] {logging_mixin.py:115} INFO - [2022-10-25 15:13:19,905] {dagbag.py:507} INFO - Filling up the DagBag from /home/airflow/.local/lib/python3.7/site-packages/airflow/example_dags/example_task_group.py
[2022-10-25 15:13:19,943] {processor.py:651} INFO - DAG(s) dict_keys(['example_task_group']) retrieved from /home/airflow/.local/lib/python3.7/site-packages/airflow/example_dags/example_task_group.py
[2022-10-25 15:13:20,052] {logging_mixin.py:115} INFO - [2022-10-25 15:13:20,051] {dag.py:2371} INFO - Sync 1 DAGs
[2022-10-25 15:13:20,133] {logging_mixin.py:115} INFO - [2022-10-25 15:13:20,133] {dag.py:2919} INFO - Setting next_dagrun for example_task_group to 2022-10-24T15:13:20.132943+00:00, run_after=2022-10-25T15:13:20.132943+00:00
[2022-10-25 15:13:20,180] {processor.py:161} INFO - Processing /home/airflow/.local/lib/python3.7/site-packages/airflow/example_dags/example_task_group.py took 0.289 seconds
[2022-10-25 15:13:51,173] {processor.py:153} INFO - Started process (PID=1520) to work on /home/airflow/.local/lib/python3.7/site-packages/airflow/example_dags/example_task_group.py
[2022-10-25 15:13:51,175] {processor.py:641} INFO - Processing file /home/airflow/.local/lib/python3.7/site-packages/airflow/example_dags/example_task_group.py for tasks to queue
[2022-10-25 15:13:51,176] {logging_mixin.py:115} INFO - [2022-10-25 15:13:51,176] {dagbag.py:507} INFO - Filling up the DagBag from /home/airflow/.local/lib/python3.7/site-packages/airflow/example_dags/example_task_group.py
[2022-10-25 15:13:51,204] {processor.py:651} INFO - DAG(s) dict_keys(['example_task_group']) retrieved from /home/airflow/.local/lib/python3.7/site-packages/airflow/example_dags/example_task_group.py
[2022-10-25 15:13:51,259] {logging_mixin.py:115} INFO - [2022-10-25 15:13:51,258] {dag.py:2371} INFO - Sync 1 DAGs
[2022-10-25 15:13:51,373] {logging_mixin.py:115} INFO - [2022-10-25 15:13:51,373] {dag.py:2919} INFO - Setting next_dagrun for example_task_group to 2022-10-24T15:13:51.373298+00:00, run_after=2022-10-25T15:13:51.373298+00:00
[2022-10-25 15:13:51,426] {processor.py:161} INFO - Processing /home/airflow/.local/lib/python3.7/site-packages/airflow/example_dags/example_task_group.py took 0.259 seconds
[2022-10-25 15:14:21,746] {processor.py:153} INFO - Started process (PID=1574) to work on /home/airflow/.local/lib/python3.7/site-packages/airflow/example_dags/example_task_group.py
[2022-10-25 15:14:21,748] {processor.py:641} INFO - Processing file /home/airflow/.local/lib/python3.7/site-packages/airflow/example_dags/example_task_group.py for tasks to queue
[2022-10-25 15:14:21,749] {logging_mixin.py:115} INFO - [2022-10-25 15:14:21,749] {dagbag.py:507} INFO - Filling up the DagBag from /home/airflow/.local/lib/python3.7/site-packages/airflow/example_dags/example_task_group.py
[2022-10-25 15:14:21,771] {processor.py:651} INFO - DAG(s) dict_keys(['example_task_group']) retrieved from /home/airflow/.local/lib/python3.7/site-packages/airflow/example_dags/example_task_group.py
[2022-10-25 15:14:21,850] {logging_mixin.py:115} INFO - [2022-10-25 15:14:21,849] {dag.py:2371} INFO - Sync 1 DAGs
[2022-10-25 15:14:21,914] {logging_mixin.py:115} INFO - [2022-10-25 15:14:21,914] {dag.py:2919} INFO - Setting next_dagrun for example_task_group to 2022-10-24T15:14:21.913946+00:00, run_after=2022-10-25T15:14:21.913946+00:00
[2022-10-25 15:14:21,939] {processor.py:161} INFO - Processing /home/airflow/.local/lib/python3.7/site-packages/airflow/example_dags/example_task_group.py took 0.215 seconds
[2022-10-25 15:14:52,234] {processor.py:153} INFO - Started process (PID=1640) to work on /home/airflow/.local/lib/python3.7/site-packages/airflow/example_dags/example_task_group.py
[2022-10-25 15:14:52,235] {processor.py:641} INFO - Processing file /home/airflow/.local/lib/python3.7/site-packages/airflow/example_dags/example_task_group.py for tasks to queue
[2022-10-25 15:14:52,237] {logging_mixin.py:115} INFO - [2022-10-25 15:14:52,236] {dagbag.py:507} INFO - Filling up the DagBag from /home/airflow/.local/lib/python3.7/site-packages/airflow/example_dags/example_task_group.py
[2022-10-25 15:14:52,261] {processor.py:651} INFO - DAG(s) dict_keys(['example_task_group']) retrieved from /home/airflow/.local/lib/python3.7/site-packages/airflow/example_dags/example_task_group.py
[2022-10-25 15:14:52,313] {logging_mixin.py:115} INFO - [2022-10-25 15:14:52,312] {dag.py:2371} INFO - Sync 1 DAGs
[2022-10-25 15:14:52,361] {logging_mixin.py:115} INFO - [2022-10-25 15:14:52,360] {dag.py:2919} INFO - Setting next_dagrun for example_task_group to 2022-10-24T15:14:52.360394+00:00, run_after=2022-10-25T15:14:52.360394+00:00
[2022-10-25 15:14:52,390] {processor.py:161} INFO - Processing /home/airflow/.local/lib/python3.7/site-packages/airflow/example_dags/example_task_group.py took 0.162 seconds
[2022-10-25 15:15:22,471] {processor.py:153} INFO - Started process (PID=1694) to work on /home/airflow/.local/lib/python3.7/site-packages/airflow/example_dags/example_task_group.py
[2022-10-25 15:15:22,473] {processor.py:641} INFO - Processing file /home/airflow/.local/lib/python3.7/site-packages/airflow/example_dags/example_task_group.py for tasks to queue
[2022-10-25 15:15:22,479] {logging_mixin.py:115} INFO - [2022-10-25 15:15:22,478] {dagbag.py:507} INFO - Filling up the DagBag from /home/airflow/.local/lib/python3.7/site-packages/airflow/example_dags/example_task_group.py
[2022-10-25 15:15:22,502] {processor.py:651} INFO - DAG(s) dict_keys(['example_task_group']) retrieved from /home/airflow/.local/lib/python3.7/site-packages/airflow/example_dags/example_task_group.py
[2022-10-25 15:15:22,828] {logging_mixin.py:115} INFO - [2022-10-25 15:15:22,828] {dag.py:2371} INFO - Sync 1 DAGs
[2022-10-25 15:15:22,863] {logging_mixin.py:115} INFO - [2022-10-25 15:15:22,862] {dag.py:2919} INFO - Setting next_dagrun for example_task_group to 2022-10-24T15:15:22.862503+00:00, run_after=2022-10-25T15:15:22.862503+00:00
[2022-10-25 15:15:22,890] {processor.py:161} INFO - Processing /home/airflow/.local/lib/python3.7/site-packages/airflow/example_dags/example_task_group.py took 0.425 seconds
[2022-10-25 15:15:54,394] {processor.py:153} INFO - Started process (PID=1748) to work on /home/airflow/.local/lib/python3.7/site-packages/airflow/example_dags/example_task_group.py
[2022-10-25 15:15:54,395] {processor.py:641} INFO - Processing file /home/airflow/.local/lib/python3.7/site-packages/airflow/example_dags/example_task_group.py for tasks to queue
[2022-10-25 15:15:54,397] {logging_mixin.py:115} INFO - [2022-10-25 15:15:54,397] {dagbag.py:507} INFO - Filling up the DagBag from /home/airflow/.local/lib/python3.7/site-packages/airflow/example_dags/example_task_group.py
[2022-10-25 15:15:54,427] {processor.py:651} INFO - DAG(s) dict_keys(['example_task_group']) retrieved from /home/airflow/.local/lib/python3.7/site-packages/airflow/example_dags/example_task_group.py
[2022-10-25 15:15:55,331] {logging_mixin.py:115} INFO - [2022-10-25 15:15:55,331] {dag.py:2371} INFO - Sync 1 DAGs
[2022-10-25 15:15:55,427] {logging_mixin.py:115} INFO - [2022-10-25 15:15:55,427] {dag.py:2919} INFO - Setting next_dagrun for example_task_group to 2022-10-24T15:15:55.426978+00:00, run_after=2022-10-25T15:15:55.426978+00:00
[2022-10-25 15:15:55,458] {processor.py:161} INFO - Processing /home/airflow/.local/lib/python3.7/site-packages/airflow/example_dags/example_task_group.py took 1.071 seconds
[2022-10-25 15:16:25,519] {processor.py:153} INFO - Started process (PID=1803) to work on /home/airflow/.local/lib/python3.7/site-packages/airflow/example_dags/example_task_group.py
[2022-10-25 15:16:25,520] {processor.py:641} INFO - Processing file /home/airflow/.local/lib/python3.7/site-packages/airflow/example_dags/example_task_group.py for tasks to queue
[2022-10-25 15:16:25,521] {logging_mixin.py:115} INFO - [2022-10-25 15:16:25,521] {dagbag.py:507} INFO - Filling up the DagBag from /home/airflow/.local/lib/python3.7/site-packages/airflow/example_dags/example_task_group.py
[2022-10-25 15:16:25,532] {processor.py:651} INFO - DAG(s) dict_keys(['example_task_group']) retrieved from /home/airflow/.local/lib/python3.7/site-packages/airflow/example_dags/example_task_group.py
[2022-10-25 15:16:25,769] {logging_mixin.py:115} INFO - [2022-10-25 15:16:25,769] {dag.py:2371} INFO - Sync 1 DAGs
[2022-10-25 15:16:25,798] {logging_mixin.py:115} INFO - [2022-10-25 15:16:25,798] {dag.py:2919} INFO - Setting next_dagrun for example_task_group to 2022-10-24T15:16:25.798085+00:00, run_after=2022-10-25T15:16:25.798085+00:00
[2022-10-25 15:16:25,821] {processor.py:161} INFO - Processing /home/airflow/.local/lib/python3.7/site-packages/airflow/example_dags/example_task_group.py took 0.307 seconds
[2022-10-25 15:16:56,134] {processor.py:153} INFO - Started process (PID=1866) to work on /home/airflow/.local/lib/python3.7/site-packages/airflow/example_dags/example_task_group.py
[2022-10-25 15:16:56,135] {processor.py:641} INFO - Processing file /home/airflow/.local/lib/python3.7/site-packages/airflow/example_dags/example_task_group.py for tasks to queue
[2022-10-25 15:16:56,136] {logging_mixin.py:115} INFO - [2022-10-25 15:16:56,136] {dagbag.py:507} INFO - Filling up the DagBag from /home/airflow/.local/lib/python3.7/site-packages/airflow/example_dags/example_task_group.py
[2022-10-25 15:16:56,147] {processor.py:651} INFO - DAG(s) dict_keys(['example_task_group']) retrieved from /home/airflow/.local/lib/python3.7/site-packages/airflow/example_dags/example_task_group.py
[2022-10-25 15:16:56,538] {logging_mixin.py:115} INFO - [2022-10-25 15:16:56,538] {dag.py:2371} INFO - Sync 1 DAGs
[2022-10-25 15:16:56,566] {logging_mixin.py:115} INFO - [2022-10-25 15:16:56,566] {dag.py:2919} INFO - Setting next_dagrun for example_task_group to 2022-10-24T15:16:56.565939+00:00, run_after=2022-10-25T15:16:56.565939+00:00
[2022-10-25 15:16:56,585] {processor.py:161} INFO - Processing /home/airflow/.local/lib/python3.7/site-packages/airflow/example_dags/example_task_group.py took 0.457 seconds
[2022-10-25 15:17:27,062] {processor.py:153} INFO - Started process (PID=1921) to work on /home/airflow/.local/lib/python3.7/site-packages/airflow/example_dags/example_task_group.py
[2022-10-25 15:17:27,063] {processor.py:641} INFO - Processing file /home/airflow/.local/lib/python3.7/site-packages/airflow/example_dags/example_task_group.py for tasks to queue
[2022-10-25 15:17:27,065] {logging_mixin.py:115} INFO - [2022-10-25 15:17:27,065] {dagbag.py:507} INFO - Filling up the DagBag from /home/airflow/.local/lib/python3.7/site-packages/airflow/example_dags/example_task_group.py
[2022-10-25 15:17:27,099] {processor.py:651} INFO - DAG(s) dict_keys(['example_task_group']) retrieved from /home/airflow/.local/lib/python3.7/site-packages/airflow/example_dags/example_task_group.py
[2022-10-25 15:17:27,385] {logging_mixin.py:115} INFO - [2022-10-25 15:17:27,385] {dag.py:2371} INFO - Sync 1 DAGs
[2022-10-25 15:17:27,427] {logging_mixin.py:115} INFO - [2022-10-25 15:17:27,427] {dag.py:2919} INFO - Setting next_dagrun for example_task_group to 2022-10-24T15:17:27.427320+00:00, run_after=2022-10-25T15:17:27.427320+00:00
[2022-10-25 15:17:27,454] {processor.py:161} INFO - Processing /home/airflow/.local/lib/python3.7/site-packages/airflow/example_dags/example_task_group.py took 0.401 seconds
[2022-10-25 15:17:57,669] {processor.py:153} INFO - Started process (PID=1981) to work on /home/airflow/.local/lib/python3.7/site-packages/airflow/example_dags/example_task_group.py
[2022-10-25 15:17:57,671] {processor.py:641} INFO - Processing file /home/airflow/.local/lib/python3.7/site-packages/airflow/example_dags/example_task_group.py for tasks to queue
[2022-10-25 15:17:57,674] {logging_mixin.py:115} INFO - [2022-10-25 15:17:57,674] {dagbag.py:507} INFO - Filling up the DagBag from /home/airflow/.local/lib/python3.7/site-packages/airflow/example_dags/example_task_group.py
[2022-10-25 15:17:57,696] {processor.py:651} INFO - DAG(s) dict_keys(['example_task_group']) retrieved from /home/airflow/.local/lib/python3.7/site-packages/airflow/example_dags/example_task_group.py
[2022-10-25 15:17:57,981] {logging_mixin.py:115} INFO - [2022-10-25 15:17:57,981] {dag.py:2371} INFO - Sync 1 DAGs
[2022-10-25 15:17:58,031] {logging_mixin.py:115} INFO - [2022-10-25 15:17:58,030] {dag.py:2919} INFO - Setting next_dagrun for example_task_group to 2022-10-24T15:17:58.030606+00:00, run_after=2022-10-25T15:17:58.030606+00:00
[2022-10-25 15:17:58,054] {processor.py:161} INFO - Processing /home/airflow/.local/lib/python3.7/site-packages/airflow/example_dags/example_task_group.py took 0.392 seconds
[2022-10-25 15:18:28,249] {processor.py:153} INFO - Started process (PID=2038) to work on /home/airflow/.local/lib/python3.7/site-packages/airflow/example_dags/example_task_group.py
[2022-10-25 15:18:28,250] {processor.py:641} INFO - Processing file /home/airflow/.local/lib/python3.7/site-packages/airflow/example_dags/example_task_group.py for tasks to queue
[2022-10-25 15:18:28,251] {logging_mixin.py:115} INFO - [2022-10-25 15:18:28,251] {dagbag.py:507} INFO - Filling up the DagBag from /home/airflow/.local/lib/python3.7/site-packages/airflow/example_dags/example_task_group.py
[2022-10-25 15:18:28,259] {processor.py:651} INFO - DAG(s) dict_keys(['example_task_group']) retrieved from /home/airflow/.local/lib/python3.7/site-packages/airflow/example_dags/example_task_group.py
[2022-10-25 15:18:28,545] {logging_mixin.py:115} INFO - [2022-10-25 15:18:28,545] {dag.py:2371} INFO - Sync 1 DAGs
[2022-10-25 15:18:28,595] {logging_mixin.py:115} INFO - [2022-10-25 15:18:28,595] {dag.py:2919} INFO - Setting next_dagrun for example_task_group to 2022-10-24T15:18:28.595283+00:00, run_after=2022-10-25T15:18:28.595283+00:00
[2022-10-25 15:18:28,619] {processor.py:161} INFO - Processing /home/airflow/.local/lib/python3.7/site-packages/airflow/example_dags/example_task_group.py took 0.374 seconds
[2022-10-25 15:18:59,667] {processor.py:153} INFO - Started process (PID=2094) to work on /home/airflow/.local/lib/python3.7/site-packages/airflow/example_dags/example_task_group.py
[2022-10-25 15:18:59,669] {processor.py:641} INFO - Processing file /home/airflow/.local/lib/python3.7/site-packages/airflow/example_dags/example_task_group.py for tasks to queue
[2022-10-25 15:18:59,671] {logging_mixin.py:115} INFO - [2022-10-25 15:18:59,670] {dagbag.py:507} INFO - Filling up the DagBag from /home/airflow/.local/lib/python3.7/site-packages/airflow/example_dags/example_task_group.py
[2022-10-25 15:18:59,683] {processor.py:651} INFO - DAG(s) dict_keys(['example_task_group']) retrieved from /home/airflow/.local/lib/python3.7/site-packages/airflow/example_dags/example_task_group.py
[2022-10-25 15:19:00,110] {logging_mixin.py:115} INFO - [2022-10-25 15:19:00,110] {dag.py:2371} INFO - Sync 1 DAGs
[2022-10-25 15:19:00,151] {logging_mixin.py:115} INFO - [2022-10-25 15:19:00,151] {dag.py:2919} INFO - Setting next_dagrun for example_task_group to 2022-10-24T15:19:00.150625+00:00, run_after=2022-10-25T15:19:00.150625+00:00
[2022-10-25 15:19:00,185] {processor.py:161} INFO - Processing /home/airflow/.local/lib/python3.7/site-packages/airflow/example_dags/example_task_group.py took 0.522 seconds
[2022-10-25 15:19:30,748] {processor.py:153} INFO - Started process (PID=2149) to work on /home/airflow/.local/lib/python3.7/site-packages/airflow/example_dags/example_task_group.py
[2022-10-25 15:19:30,749] {processor.py:641} INFO - Processing file /home/airflow/.local/lib/python3.7/site-packages/airflow/example_dags/example_task_group.py for tasks to queue
[2022-10-25 15:19:30,751] {logging_mixin.py:115} INFO - [2022-10-25 15:19:30,750] {dagbag.py:507} INFO - Filling up the DagBag from /home/airflow/.local/lib/python3.7/site-packages/airflow/example_dags/example_task_group.py
[2022-10-25 15:19:30,763] {processor.py:651} INFO - DAG(s) dict_keys(['example_task_group']) retrieved from /home/airflow/.local/lib/python3.7/site-packages/airflow/example_dags/example_task_group.py
[2022-10-25 15:19:30,980] {logging_mixin.py:115} INFO - [2022-10-25 15:19:30,980] {dag.py:2371} INFO - Sync 1 DAGs
[2022-10-25 15:19:31,019] {logging_mixin.py:115} INFO - [2022-10-25 15:19:31,018] {dag.py:2919} INFO - Setting next_dagrun for example_task_group to 2022-10-24T15:19:31.018556+00:00, run_after=2022-10-25T15:19:31.018556+00:00
[2022-10-25 15:19:31,042] {processor.py:161} INFO - Processing /home/airflow/.local/lib/python3.7/site-packages/airflow/example_dags/example_task_group.py took 0.301 seconds
[2022-10-25 15:20:01,438] {processor.py:153} INFO - Started process (PID=2203) to work on /home/airflow/.local/lib/python3.7/site-packages/airflow/example_dags/example_task_group.py
[2022-10-25 15:20:01,439] {processor.py:641} INFO - Processing file /home/airflow/.local/lib/python3.7/site-packages/airflow/example_dags/example_task_group.py for tasks to queue
[2022-10-25 15:20:01,441] {logging_mixin.py:115} INFO - [2022-10-25 15:20:01,441] {dagbag.py:507} INFO - Filling up the DagBag from /home/airflow/.local/lib/python3.7/site-packages/airflow/example_dags/example_task_group.py
[2022-10-25 15:20:01,471] {processor.py:651} INFO - DAG(s) dict_keys(['example_task_group']) retrieved from /home/airflow/.local/lib/python3.7/site-packages/airflow/example_dags/example_task_group.py
[2022-10-25 15:20:02,095] {logging_mixin.py:115} INFO - [2022-10-25 15:20:02,095] {dag.py:2371} INFO - Sync 1 DAGs
[2022-10-25 15:20:02,190] {logging_mixin.py:115} INFO - [2022-10-25 15:20:02,190] {dag.py:2919} INFO - Setting next_dagrun for example_task_group to 2022-10-24T15:20:02.190012+00:00, run_after=2022-10-25T15:20:02.190012+00:00
[2022-10-25 15:20:02,218] {processor.py:161} INFO - Processing /home/airflow/.local/lib/python3.7/site-packages/airflow/example_dags/example_task_group.py took 0.794 seconds
[2022-10-25 15:20:32,456] {processor.py:153} INFO - Started process (PID=2266) to work on /home/airflow/.local/lib/python3.7/site-packages/airflow/example_dags/example_task_group.py
[2022-10-25 15:20:32,457] {processor.py:641} INFO - Processing file /home/airflow/.local/lib/python3.7/site-packages/airflow/example_dags/example_task_group.py for tasks to queue
[2022-10-25 15:20:32,458] {logging_mixin.py:115} INFO - [2022-10-25 15:20:32,458] {dagbag.py:507} INFO - Filling up the DagBag from /home/airflow/.local/lib/python3.7/site-packages/airflow/example_dags/example_task_group.py
[2022-10-25 15:20:32,478] {processor.py:651} INFO - DAG(s) dict_keys(['example_task_group']) retrieved from /home/airflow/.local/lib/python3.7/site-packages/airflow/example_dags/example_task_group.py
[2022-10-25 15:20:32,541] {logging_mixin.py:115} INFO - [2022-10-25 15:20:32,541] {dag.py:2371} INFO - Sync 1 DAGs
[2022-10-25 15:20:32,593] {logging_mixin.py:115} INFO - [2022-10-25 15:20:32,593] {dag.py:2919} INFO - Setting next_dagrun for example_task_group to 2022-10-24T15:20:32.593038+00:00, run_after=2022-10-25T15:20:32.593038+00:00
[2022-10-25 15:20:32,629] {processor.py:161} INFO - Processing /home/airflow/.local/lib/python3.7/site-packages/airflow/example_dags/example_task_group.py took 0.182 seconds
[2022-10-25 15:21:02,859] {processor.py:153} INFO - Started process (PID=2319) to work on /home/airflow/.local/lib/python3.7/site-packages/airflow/example_dags/example_task_group.py
[2022-10-25 15:21:02,860] {processor.py:641} INFO - Processing file /home/airflow/.local/lib/python3.7/site-packages/airflow/example_dags/example_task_group.py for tasks to queue
[2022-10-25 15:21:02,861] {logging_mixin.py:115} INFO - [2022-10-25 15:21:02,861] {dagbag.py:507} INFO - Filling up the DagBag from /home/airflow/.local/lib/python3.7/site-packages/airflow/example_dags/example_task_group.py
[2022-10-25 15:21:02,874] {processor.py:651} INFO - DAG(s) dict_keys(['example_task_group']) retrieved from /home/airflow/.local/lib/python3.7/site-packages/airflow/example_dags/example_task_group.py
[2022-10-25 15:21:02,920] {logging_mixin.py:115} INFO - [2022-10-25 15:21:02,920] {dag.py:2371} INFO - Sync 1 DAGs
[2022-10-25 15:21:02,959] {logging_mixin.py:115} INFO - [2022-10-25 15:21:02,959] {dag.py:2919} INFO - Setting next_dagrun for example_task_group to 2022-10-24T15:21:02.959153+00:00, run_after=2022-10-25T15:21:02.959153+00:00
[2022-10-25 15:21:02,989] {processor.py:161} INFO - Processing /home/airflow/.local/lib/python3.7/site-packages/airflow/example_dags/example_task_group.py took 0.136 seconds
[2022-10-25 15:21:33,765] {processor.py:153} INFO - Started process (PID=2382) to work on /home/airflow/.local/lib/python3.7/site-packages/airflow/example_dags/example_task_group.py
[2022-10-25 15:21:33,766] {processor.py:641} INFO - Processing file /home/airflow/.local/lib/python3.7/site-packages/airflow/example_dags/example_task_group.py for tasks to queue
[2022-10-25 15:21:33,768] {logging_mixin.py:115} INFO - [2022-10-25 15:21:33,767] {dagbag.py:507} INFO - Filling up the DagBag from /home/airflow/.local/lib/python3.7/site-packages/airflow/example_dags/example_task_group.py
[2022-10-25 15:21:33,782] {processor.py:651} INFO - DAG(s) dict_keys(['example_task_group']) retrieved from /home/airflow/.local/lib/python3.7/site-packages/airflow/example_dags/example_task_group.py
[2022-10-25 15:21:33,853] {logging_mixin.py:115} INFO - [2022-10-25 15:21:33,853] {dag.py:2371} INFO - Sync 1 DAGs
[2022-10-25 15:21:33,906] {logging_mixin.py:115} INFO - [2022-10-25 15:21:33,905] {dag.py:2919} INFO - Setting next_dagrun for example_task_group to 2022-10-24T15:21:33.905380+00:00, run_after=2022-10-25T15:21:33.905380+00:00
[2022-10-25 15:21:33,940] {processor.py:161} INFO - Processing /home/airflow/.local/lib/python3.7/site-packages/airflow/example_dags/example_task_group.py took 0.182 seconds
[2022-10-25 15:22:04,198] {processor.py:153} INFO - Started process (PID=2436) to work on /home/airflow/.local/lib/python3.7/site-packages/airflow/example_dags/example_task_group.py
[2022-10-25 15:22:04,199] {processor.py:641} INFO - Processing file /home/airflow/.local/lib/python3.7/site-packages/airflow/example_dags/example_task_group.py for tasks to queue
[2022-10-25 15:22:04,200] {logging_mixin.py:115} INFO - [2022-10-25 15:22:04,200] {dagbag.py:507} INFO - Filling up the DagBag from /home/airflow/.local/lib/python3.7/site-packages/airflow/example_dags/example_task_group.py
[2022-10-25 15:22:04,211] {processor.py:651} INFO - DAG(s) dict_keys(['example_task_group']) retrieved from /home/airflow/.local/lib/python3.7/site-packages/airflow/example_dags/example_task_group.py
[2022-10-25 15:22:04,252] {logging_mixin.py:115} INFO - [2022-10-25 15:22:04,252] {dag.py:2371} INFO - Sync 1 DAGs
[2022-10-25 15:22:04,282] {logging_mixin.py:115} INFO - [2022-10-25 15:22:04,282] {dag.py:2919} INFO - Setting next_dagrun for example_task_group to 2022-10-24T15:22:04.282124+00:00, run_after=2022-10-25T15:22:04.282124+00:00
[2022-10-25 15:22:04,302] {processor.py:161} INFO - Processing /home/airflow/.local/lib/python3.7/site-packages/airflow/example_dags/example_task_group.py took 0.109 seconds
[2022-10-25 15:22:35,134] {processor.py:153} INFO - Started process (PID=2493) to work on /home/airflow/.local/lib/python3.7/site-packages/airflow/example_dags/example_task_group.py
[2022-10-25 15:22:35,136] {processor.py:641} INFO - Processing file /home/airflow/.local/lib/python3.7/site-packages/airflow/example_dags/example_task_group.py for tasks to queue
[2022-10-25 15:22:35,139] {logging_mixin.py:115} INFO - [2022-10-25 15:22:35,138] {dagbag.py:507} INFO - Filling up the DagBag from /home/airflow/.local/lib/python3.7/site-packages/airflow/example_dags/example_task_group.py
[2022-10-25 15:22:35,165] {processor.py:651} INFO - DAG(s) dict_keys(['example_task_group']) retrieved from /home/airflow/.local/lib/python3.7/site-packages/airflow/example_dags/example_task_group.py
[2022-10-25 15:22:35,214] {logging_mixin.py:115} INFO - [2022-10-25 15:22:35,214] {dag.py:2371} INFO - Sync 1 DAGs
[2022-10-25 15:22:35,257] {logging_mixin.py:115} INFO - [2022-10-25 15:22:35,257] {dag.py:2919} INFO - Setting next_dagrun for example_task_group to 2022-10-24T15:22:35.256827+00:00, run_after=2022-10-25T15:22:35.256827+00:00
[2022-10-25 15:22:35,286] {processor.py:161} INFO - Processing /home/airflow/.local/lib/python3.7/site-packages/airflow/example_dags/example_task_group.py took 0.167 seconds
