[2022-10-25 15:00:42,684] {processor.py:153} INFO - Started process (PID=94) to work on /home/airflow/.local/lib/python3.7/site-packages/airflow/example_dags/example_branch_datetime_operator.py
[2022-10-25 15:00:42,690] {processor.py:641} INFO - Processing file /home/airflow/.local/lib/python3.7/site-packages/airflow/example_dags/example_branch_datetime_operator.py for tasks to queue
[2022-10-25 15:00:42,695] {logging_mixin.py:115} INFO - [2022-10-25 15:00:42,695] {dagbag.py:507} INFO - Filling up the DagBag from /home/airflow/.local/lib/python3.7/site-packages/airflow/example_dags/example_branch_datetime_operator.py
[2022-10-25 15:00:42,748] {processor.py:651} INFO - DAG(s) dict_keys(['example_branch_datetime_operator_2']) retrieved from /home/airflow/.local/lib/python3.7/site-packages/airflow/example_dags/example_branch_datetime_operator.py
[2022-10-25 15:00:42,867] {logging_mixin.py:115} INFO - [2022-10-25 15:00:42,867] {dag.py:2371} INFO - Sync 1 DAGs
[2022-10-25 15:00:43,933] {logging_mixin.py:115} INFO - [2022-10-25 15:00:43,932] {dag.py:2919} INFO - Setting next_dagrun for example_branch_datetime_operator_2 to 2022-10-24T00:00:00+00:00, run_after=2022-10-25T00:00:00+00:00
[2022-10-25 15:00:44,012] {processor.py:161} INFO - Processing /home/airflow/.local/lib/python3.7/site-packages/airflow/example_dags/example_branch_datetime_operator.py took 1.333 seconds
[2022-10-25 15:01:14,455] {processor.py:153} INFO - Started process (PID=148) to work on /home/airflow/.local/lib/python3.7/site-packages/airflow/example_dags/example_branch_datetime_operator.py
[2022-10-25 15:01:14,458] {processor.py:641} INFO - Processing file /home/airflow/.local/lib/python3.7/site-packages/airflow/example_dags/example_branch_datetime_operator.py for tasks to queue
[2022-10-25 15:01:14,459] {logging_mixin.py:115} INFO - [2022-10-25 15:01:14,459] {dagbag.py:507} INFO - Filling up the DagBag from /home/airflow/.local/lib/python3.7/site-packages/airflow/example_dags/example_branch_datetime_operator.py
[2022-10-25 15:01:14,474] {processor.py:651} INFO - DAG(s) dict_keys(['example_branch_datetime_operator_2']) retrieved from /home/airflow/.local/lib/python3.7/site-packages/airflow/example_dags/example_branch_datetime_operator.py
[2022-10-25 15:01:14,521] {logging_mixin.py:115} INFO - [2022-10-25 15:01:14,521] {dag.py:2371} INFO - Sync 1 DAGs
[2022-10-25 15:01:14,802] {logging_mixin.py:115} INFO - [2022-10-25 15:01:14,802] {dag.py:2919} INFO - Setting next_dagrun for example_branch_datetime_operator_2 to 2022-10-24T00:00:00+00:00, run_after=2022-10-25T00:00:00+00:00
[2022-10-25 15:01:14,848] {processor.py:161} INFO - Processing /home/airflow/.local/lib/python3.7/site-packages/airflow/example_dags/example_branch_datetime_operator.py took 0.398 seconds
[2022-10-25 15:01:45,473] {processor.py:153} INFO - Started process (PID=204) to work on /home/airflow/.local/lib/python3.7/site-packages/airflow/example_dags/example_branch_datetime_operator.py
[2022-10-25 15:01:45,477] {processor.py:641} INFO - Processing file /home/airflow/.local/lib/python3.7/site-packages/airflow/example_dags/example_branch_datetime_operator.py for tasks to queue
[2022-10-25 15:01:45,479] {logging_mixin.py:115} INFO - [2022-10-25 15:01:45,479] {dagbag.py:507} INFO - Filling up the DagBag from /home/airflow/.local/lib/python3.7/site-packages/airflow/example_dags/example_branch_datetime_operator.py
[2022-10-25 15:01:45,497] {processor.py:651} INFO - DAG(s) dict_keys(['example_branch_datetime_operator_2']) retrieved from /home/airflow/.local/lib/python3.7/site-packages/airflow/example_dags/example_branch_datetime_operator.py
[2022-10-25 15:01:45,570] {logging_mixin.py:115} INFO - [2022-10-25 15:01:45,570] {dag.py:2371} INFO - Sync 1 DAGs
[2022-10-25 15:01:45,953] {logging_mixin.py:115} INFO - [2022-10-25 15:01:45,953] {dag.py:2919} INFO - Setting next_dagrun for example_branch_datetime_operator_2 to 2022-10-24T00:00:00+00:00, run_after=2022-10-25T00:00:00+00:00
[2022-10-25 15:01:45,980] {processor.py:161} INFO - Processing /home/airflow/.local/lib/python3.7/site-packages/airflow/example_dags/example_branch_datetime_operator.py took 0.514 seconds
[2022-10-25 15:02:16,312] {processor.py:153} INFO - Started process (PID=258) to work on /home/airflow/.local/lib/python3.7/site-packages/airflow/example_dags/example_branch_datetime_operator.py
[2022-10-25 15:02:16,314] {processor.py:641} INFO - Processing file /home/airflow/.local/lib/python3.7/site-packages/airflow/example_dags/example_branch_datetime_operator.py for tasks to queue
[2022-10-25 15:02:16,316] {logging_mixin.py:115} INFO - [2022-10-25 15:02:16,315] {dagbag.py:507} INFO - Filling up the DagBag from /home/airflow/.local/lib/python3.7/site-packages/airflow/example_dags/example_branch_datetime_operator.py
[2022-10-25 15:02:16,339] {processor.py:651} INFO - DAG(s) dict_keys(['example_branch_datetime_operator_2']) retrieved from /home/airflow/.local/lib/python3.7/site-packages/airflow/example_dags/example_branch_datetime_operator.py
[2022-10-25 15:02:16,458] {logging_mixin.py:115} INFO - [2022-10-25 15:02:16,458] {dag.py:2371} INFO - Sync 1 DAGs
[2022-10-25 15:02:16,913] {logging_mixin.py:115} INFO - [2022-10-25 15:02:16,913] {dag.py:2919} INFO - Setting next_dagrun for example_branch_datetime_operator_2 to 2022-10-24T00:00:00+00:00, run_after=2022-10-25T00:00:00+00:00
[2022-10-25 15:02:16,951] {processor.py:161} INFO - Processing /home/airflow/.local/lib/python3.7/site-packages/airflow/example_dags/example_branch_datetime_operator.py took 0.648 seconds
[2022-10-25 15:02:47,939] {processor.py:153} INFO - Started process (PID=312) to work on /home/airflow/.local/lib/python3.7/site-packages/airflow/example_dags/example_branch_datetime_operator.py
[2022-10-25 15:02:47,941] {processor.py:641} INFO - Processing file /home/airflow/.local/lib/python3.7/site-packages/airflow/example_dags/example_branch_datetime_operator.py for tasks to queue
[2022-10-25 15:02:47,943] {logging_mixin.py:115} INFO - [2022-10-25 15:02:47,943] {dagbag.py:507} INFO - Filling up the DagBag from /home/airflow/.local/lib/python3.7/site-packages/airflow/example_dags/example_branch_datetime_operator.py
[2022-10-25 15:02:47,966] {processor.py:651} INFO - DAG(s) dict_keys(['example_branch_datetime_operator_2']) retrieved from /home/airflow/.local/lib/python3.7/site-packages/airflow/example_dags/example_branch_datetime_operator.py
[2022-10-25 15:02:48,070] {logging_mixin.py:115} INFO - [2022-10-25 15:02:48,070] {dag.py:2371} INFO - Sync 1 DAGs
[2022-10-25 15:02:48,426] {logging_mixin.py:115} INFO - [2022-10-25 15:02:48,426] {dag.py:2919} INFO - Setting next_dagrun for example_branch_datetime_operator_2 to 2022-10-24T00:00:00+00:00, run_after=2022-10-25T00:00:00+00:00
[2022-10-25 15:02:48,455] {processor.py:161} INFO - Processing /home/airflow/.local/lib/python3.7/site-packages/airflow/example_dags/example_branch_datetime_operator.py took 0.531 seconds
[2022-10-25 15:03:18,679] {processor.py:153} INFO - Started process (PID=367) to work on /home/airflow/.local/lib/python3.7/site-packages/airflow/example_dags/example_branch_datetime_operator.py
[2022-10-25 15:03:18,681] {processor.py:641} INFO - Processing file /home/airflow/.local/lib/python3.7/site-packages/airflow/example_dags/example_branch_datetime_operator.py for tasks to queue
[2022-10-25 15:03:18,682] {logging_mixin.py:115} INFO - [2022-10-25 15:03:18,682] {dagbag.py:507} INFO - Filling up the DagBag from /home/airflow/.local/lib/python3.7/site-packages/airflow/example_dags/example_branch_datetime_operator.py
[2022-10-25 15:03:18,699] {processor.py:651} INFO - DAG(s) dict_keys(['example_branch_datetime_operator_2']) retrieved from /home/airflow/.local/lib/python3.7/site-packages/airflow/example_dags/example_branch_datetime_operator.py
[2022-10-25 15:03:18,753] {logging_mixin.py:115} INFO - [2022-10-25 15:03:18,753] {dag.py:2371} INFO - Sync 1 DAGs
[2022-10-25 15:03:19,032] {logging_mixin.py:115} INFO - [2022-10-25 15:03:19,032] {dag.py:2919} INFO - Setting next_dagrun for example_branch_datetime_operator_2 to 2022-10-24T00:00:00+00:00, run_after=2022-10-25T00:00:00+00:00
[2022-10-25 15:03:19,064] {processor.py:161} INFO - Processing /home/airflow/.local/lib/python3.7/site-packages/airflow/example_dags/example_branch_datetime_operator.py took 0.391 seconds
[2022-10-25 15:03:49,733] {processor.py:153} INFO - Started process (PID=421) to work on /home/airflow/.local/lib/python3.7/site-packages/airflow/example_dags/example_branch_datetime_operator.py
[2022-10-25 15:03:49,746] {processor.py:641} INFO - Processing file /home/airflow/.local/lib/python3.7/site-packages/airflow/example_dags/example_branch_datetime_operator.py for tasks to queue
[2022-10-25 15:03:49,748] {logging_mixin.py:115} INFO - [2022-10-25 15:03:49,748] {dagbag.py:507} INFO - Filling up the DagBag from /home/airflow/.local/lib/python3.7/site-packages/airflow/example_dags/example_branch_datetime_operator.py
[2022-10-25 15:03:49,786] {processor.py:651} INFO - DAG(s) dict_keys(['example_branch_datetime_operator_2']) retrieved from /home/airflow/.local/lib/python3.7/site-packages/airflow/example_dags/example_branch_datetime_operator.py
[2022-10-25 15:03:49,970] {logging_mixin.py:115} INFO - [2022-10-25 15:03:49,970] {dag.py:2371} INFO - Sync 1 DAGs
[2022-10-25 15:03:50,982] {logging_mixin.py:115} INFO - [2022-10-25 15:03:50,982] {dag.py:2919} INFO - Setting next_dagrun for example_branch_datetime_operator_2 to 2022-10-24T00:00:00+00:00, run_after=2022-10-25T00:00:00+00:00
[2022-10-25 15:03:51,063] {processor.py:161} INFO - Processing /home/airflow/.local/lib/python3.7/site-packages/airflow/example_dags/example_branch_datetime_operator.py took 1.337 seconds
[2022-10-25 15:04:21,466] {processor.py:153} INFO - Started process (PID=476) to work on /home/airflow/.local/lib/python3.7/site-packages/airflow/example_dags/example_branch_datetime_operator.py
[2022-10-25 15:04:21,468] {processor.py:641} INFO - Processing file /home/airflow/.local/lib/python3.7/site-packages/airflow/example_dags/example_branch_datetime_operator.py for tasks to queue
[2022-10-25 15:04:21,480] {logging_mixin.py:115} INFO - [2022-10-25 15:04:21,478] {dagbag.py:507} INFO - Filling up the DagBag from /home/airflow/.local/lib/python3.7/site-packages/airflow/example_dags/example_branch_datetime_operator.py
[2022-10-25 15:04:21,514] {processor.py:651} INFO - DAG(s) dict_keys(['example_branch_datetime_operator_2']) retrieved from /home/airflow/.local/lib/python3.7/site-packages/airflow/example_dags/example_branch_datetime_operator.py
[2022-10-25 15:04:21,633] {logging_mixin.py:115} INFO - [2022-10-25 15:04:21,633] {dag.py:2371} INFO - Sync 1 DAGs
[2022-10-25 15:04:22,212] {logging_mixin.py:115} INFO - [2022-10-25 15:04:22,212] {dag.py:2919} INFO - Setting next_dagrun for example_branch_datetime_operator_2 to 2022-10-24T00:00:00+00:00, run_after=2022-10-25T00:00:00+00:00
[2022-10-25 15:04:22,281] {processor.py:161} INFO - Processing /home/airflow/.local/lib/python3.7/site-packages/airflow/example_dags/example_branch_datetime_operator.py took 0.823 seconds
[2022-10-25 15:04:52,572] {processor.py:153} INFO - Started process (PID=530) to work on /home/airflow/.local/lib/python3.7/site-packages/airflow/example_dags/example_branch_datetime_operator.py
[2022-10-25 15:04:52,573] {processor.py:641} INFO - Processing file /home/airflow/.local/lib/python3.7/site-packages/airflow/example_dags/example_branch_datetime_operator.py for tasks to queue
[2022-10-25 15:04:52,574] {logging_mixin.py:115} INFO - [2022-10-25 15:04:52,574] {dagbag.py:507} INFO - Filling up the DagBag from /home/airflow/.local/lib/python3.7/site-packages/airflow/example_dags/example_branch_datetime_operator.py
[2022-10-25 15:04:52,586] {processor.py:651} INFO - DAG(s) dict_keys(['example_branch_datetime_operator_2']) retrieved from /home/airflow/.local/lib/python3.7/site-packages/airflow/example_dags/example_branch_datetime_operator.py
[2022-10-25 15:04:52,633] {logging_mixin.py:115} INFO - [2022-10-25 15:04:52,633] {dag.py:2371} INFO - Sync 1 DAGs
[2022-10-25 15:04:52,832] {logging_mixin.py:115} INFO - [2022-10-25 15:04:52,832] {dag.py:2919} INFO - Setting next_dagrun for example_branch_datetime_operator_2 to 2022-10-24T00:00:00+00:00, run_after=2022-10-25T00:00:00+00:00
[2022-10-25 15:04:52,857] {processor.py:161} INFO - Processing /home/airflow/.local/lib/python3.7/site-packages/airflow/example_dags/example_branch_datetime_operator.py took 0.290 seconds
[2022-10-25 15:05:23,699] {processor.py:153} INFO - Started process (PID=590) to work on /home/airflow/.local/lib/python3.7/site-packages/airflow/example_dags/example_branch_datetime_operator.py
[2022-10-25 15:05:23,703] {processor.py:641} INFO - Processing file /home/airflow/.local/lib/python3.7/site-packages/airflow/example_dags/example_branch_datetime_operator.py for tasks to queue
[2022-10-25 15:05:23,709] {logging_mixin.py:115} INFO - [2022-10-25 15:05:23,709] {dagbag.py:507} INFO - Filling up the DagBag from /home/airflow/.local/lib/python3.7/site-packages/airflow/example_dags/example_branch_datetime_operator.py
[2022-10-25 15:05:23,740] {processor.py:651} INFO - DAG(s) dict_keys(['example_branch_datetime_operator_2']) retrieved from /home/airflow/.local/lib/python3.7/site-packages/airflow/example_dags/example_branch_datetime_operator.py
[2022-10-25 15:05:23,906] {logging_mixin.py:115} INFO - [2022-10-25 15:05:23,906] {dag.py:2371} INFO - Sync 1 DAGs
[2022-10-25 15:05:24,592] {logging_mixin.py:115} INFO - [2022-10-25 15:05:24,591] {dag.py:2919} INFO - Setting next_dagrun for example_branch_datetime_operator_2 to 2022-10-24T00:00:00+00:00, run_after=2022-10-25T00:00:00+00:00
[2022-10-25 15:05:24,764] {processor.py:161} INFO - Processing /home/airflow/.local/lib/python3.7/site-packages/airflow/example_dags/example_branch_datetime_operator.py took 1.084 seconds
