[2022-10-25 15:00:40,752] {processor.py:153} INFO - Started process (PID=89) to work on /home/airflow/.local/lib/python3.7/site-packages/airflow/example_dags/example_nested_branch_dag.py
[2022-10-25 15:00:40,755] {processor.py:641} INFO - Processing file /home/airflow/.local/lib/python3.7/site-packages/airflow/example_dags/example_nested_branch_dag.py for tasks to queue
[2022-10-25 15:00:40,775] {logging_mixin.py:115} INFO - [2022-10-25 15:00:40,775] {dagbag.py:507} INFO - Filling up the DagBag from /home/airflow/.local/lib/python3.7/site-packages/airflow/example_dags/example_nested_branch_dag.py
[2022-10-25 15:00:40,845] {processor.py:651} INFO - DAG(s) dict_keys(['example_nested_branch_dag']) retrieved from /home/airflow/.local/lib/python3.7/site-packages/airflow/example_dags/example_nested_branch_dag.py
[2022-10-25 15:00:41,129] {logging_mixin.py:115} INFO - [2022-10-25 15:00:41,091] {dag.py:2371} INFO - Sync 1 DAGs
[2022-10-25 15:00:42,102] {logging_mixin.py:115} INFO - [2022-10-25 15:00:42,102] {dag.py:2919} INFO - Setting next_dagrun for example_nested_branch_dag to 2022-10-24T00:00:00+00:00, run_after=2022-10-25T00:00:00+00:00
[2022-10-25 15:00:42,205] {processor.py:161} INFO - Processing /home/airflow/.local/lib/python3.7/site-packages/airflow/example_dags/example_nested_branch_dag.py took 1.486 seconds
[2022-10-25 15:01:13,044] {processor.py:153} INFO - Started process (PID=143) to work on /home/airflow/.local/lib/python3.7/site-packages/airflow/example_dags/example_nested_branch_dag.py
[2022-10-25 15:01:13,047] {processor.py:641} INFO - Processing file /home/airflow/.local/lib/python3.7/site-packages/airflow/example_dags/example_nested_branch_dag.py for tasks to queue
[2022-10-25 15:01:13,049] {logging_mixin.py:115} INFO - [2022-10-25 15:01:13,049] {dagbag.py:507} INFO - Filling up the DagBag from /home/airflow/.local/lib/python3.7/site-packages/airflow/example_dags/example_nested_branch_dag.py
[2022-10-25 15:01:13,081] {processor.py:651} INFO - DAG(s) dict_keys(['example_nested_branch_dag']) retrieved from /home/airflow/.local/lib/python3.7/site-packages/airflow/example_dags/example_nested_branch_dag.py
[2022-10-25 15:01:13,173] {logging_mixin.py:115} INFO - [2022-10-25 15:01:13,173] {dag.py:2371} INFO - Sync 1 DAGs
[2022-10-25 15:01:13,855] {logging_mixin.py:115} INFO - [2022-10-25 15:01:13,854] {dag.py:2919} INFO - Setting next_dagrun for example_nested_branch_dag to 2022-10-24T00:00:00+00:00, run_after=2022-10-25T00:00:00+00:00
[2022-10-25 15:01:13,960] {processor.py:161} INFO - Processing /home/airflow/.local/lib/python3.7/site-packages/airflow/example_dags/example_nested_branch_dag.py took 0.922 seconds
[2022-10-25 15:01:44,143] {processor.py:153} INFO - Started process (PID=200) to work on /home/airflow/.local/lib/python3.7/site-packages/airflow/example_dags/example_nested_branch_dag.py
[2022-10-25 15:01:44,144] {processor.py:641} INFO - Processing file /home/airflow/.local/lib/python3.7/site-packages/airflow/example_dags/example_nested_branch_dag.py for tasks to queue
[2022-10-25 15:01:44,146] {logging_mixin.py:115} INFO - [2022-10-25 15:01:44,146] {dagbag.py:507} INFO - Filling up the DagBag from /home/airflow/.local/lib/python3.7/site-packages/airflow/example_dags/example_nested_branch_dag.py
[2022-10-25 15:01:44,174] {processor.py:651} INFO - DAG(s) dict_keys(['example_nested_branch_dag']) retrieved from /home/airflow/.local/lib/python3.7/site-packages/airflow/example_dags/example_nested_branch_dag.py
[2022-10-25 15:01:44,278] {logging_mixin.py:115} INFO - [2022-10-25 15:01:44,277] {dag.py:2371} INFO - Sync 1 DAGs
[2022-10-25 15:01:44,570] {logging_mixin.py:115} INFO - [2022-10-25 15:01:44,570] {dag.py:2919} INFO - Setting next_dagrun for example_nested_branch_dag to 2022-10-24T00:00:00+00:00, run_after=2022-10-25T00:00:00+00:00
[2022-10-25 15:01:44,599] {processor.py:161} INFO - Processing /home/airflow/.local/lib/python3.7/site-packages/airflow/example_dags/example_nested_branch_dag.py took 0.472 seconds
[2022-10-25 15:02:15,212] {processor.py:153} INFO - Started process (PID=254) to work on /home/airflow/.local/lib/python3.7/site-packages/airflow/example_dags/example_nested_branch_dag.py
[2022-10-25 15:02:15,213] {processor.py:641} INFO - Processing file /home/airflow/.local/lib/python3.7/site-packages/airflow/example_dags/example_nested_branch_dag.py for tasks to queue
[2022-10-25 15:02:15,215] {logging_mixin.py:115} INFO - [2022-10-25 15:02:15,215] {dagbag.py:507} INFO - Filling up the DagBag from /home/airflow/.local/lib/python3.7/site-packages/airflow/example_dags/example_nested_branch_dag.py
[2022-10-25 15:02:15,237] {processor.py:651} INFO - DAG(s) dict_keys(['example_nested_branch_dag']) retrieved from /home/airflow/.local/lib/python3.7/site-packages/airflow/example_dags/example_nested_branch_dag.py
[2022-10-25 15:02:15,318] {logging_mixin.py:115} INFO - [2022-10-25 15:02:15,317] {dag.py:2371} INFO - Sync 1 DAGs
[2022-10-25 15:02:15,644] {logging_mixin.py:115} INFO - [2022-10-25 15:02:15,643] {dag.py:2919} INFO - Setting next_dagrun for example_nested_branch_dag to 2022-10-24T00:00:00+00:00, run_after=2022-10-25T00:00:00+00:00
[2022-10-25 15:02:15,703] {processor.py:161} INFO - Processing /home/airflow/.local/lib/python3.7/site-packages/airflow/example_dags/example_nested_branch_dag.py took 0.502 seconds
[2022-10-25 15:02:46,566] {processor.py:153} INFO - Started process (PID=306) to work on /home/airflow/.local/lib/python3.7/site-packages/airflow/example_dags/example_nested_branch_dag.py
[2022-10-25 15:02:46,568] {processor.py:641} INFO - Processing file /home/airflow/.local/lib/python3.7/site-packages/airflow/example_dags/example_nested_branch_dag.py for tasks to queue
[2022-10-25 15:02:46,571] {logging_mixin.py:115} INFO - [2022-10-25 15:02:46,570] {dagbag.py:507} INFO - Filling up the DagBag from /home/airflow/.local/lib/python3.7/site-packages/airflow/example_dags/example_nested_branch_dag.py
[2022-10-25 15:02:46,602] {processor.py:651} INFO - DAG(s) dict_keys(['example_nested_branch_dag']) retrieved from /home/airflow/.local/lib/python3.7/site-packages/airflow/example_dags/example_nested_branch_dag.py
[2022-10-25 15:02:46,698] {logging_mixin.py:115} INFO - [2022-10-25 15:02:46,697] {dag.py:2371} INFO - Sync 1 DAGs
[2022-10-25 15:02:47,218] {logging_mixin.py:115} INFO - [2022-10-25 15:02:47,218] {dag.py:2919} INFO - Setting next_dagrun for example_nested_branch_dag to 2022-10-24T00:00:00+00:00, run_after=2022-10-25T00:00:00+00:00
[2022-10-25 15:02:47,277] {processor.py:161} INFO - Processing /home/airflow/.local/lib/python3.7/site-packages/airflow/example_dags/example_nested_branch_dag.py took 0.717 seconds
[2022-10-25 15:03:17,635] {processor.py:153} INFO - Started process (PID=363) to work on /home/airflow/.local/lib/python3.7/site-packages/airflow/example_dags/example_nested_branch_dag.py
[2022-10-25 15:03:17,639] {processor.py:641} INFO - Processing file /home/airflow/.local/lib/python3.7/site-packages/airflow/example_dags/example_nested_branch_dag.py for tasks to queue
[2022-10-25 15:03:17,640] {logging_mixin.py:115} INFO - [2022-10-25 15:03:17,640] {dagbag.py:507} INFO - Filling up the DagBag from /home/airflow/.local/lib/python3.7/site-packages/airflow/example_dags/example_nested_branch_dag.py
[2022-10-25 15:03:17,666] {processor.py:651} INFO - DAG(s) dict_keys(['example_nested_branch_dag']) retrieved from /home/airflow/.local/lib/python3.7/site-packages/airflow/example_dags/example_nested_branch_dag.py
[2022-10-25 15:03:17,742] {logging_mixin.py:115} INFO - [2022-10-25 15:03:17,741] {dag.py:2371} INFO - Sync 1 DAGs
[2022-10-25 15:03:17,999] {logging_mixin.py:115} INFO - [2022-10-25 15:03:17,998] {dag.py:2919} INFO - Setting next_dagrun for example_nested_branch_dag to 2022-10-24T00:00:00+00:00, run_after=2022-10-25T00:00:00+00:00
[2022-10-25 15:03:18,095] {processor.py:161} INFO - Processing /home/airflow/.local/lib/python3.7/site-packages/airflow/example_dags/example_nested_branch_dag.py took 0.466 seconds
[2022-10-25 15:03:48,495] {processor.py:153} INFO - Started process (PID=417) to work on /home/airflow/.local/lib/python3.7/site-packages/airflow/example_dags/example_nested_branch_dag.py
[2022-10-25 15:03:48,496] {processor.py:641} INFO - Processing file /home/airflow/.local/lib/python3.7/site-packages/airflow/example_dags/example_nested_branch_dag.py for tasks to queue
[2022-10-25 15:03:48,498] {logging_mixin.py:115} INFO - [2022-10-25 15:03:48,498] {dagbag.py:507} INFO - Filling up the DagBag from /home/airflow/.local/lib/python3.7/site-packages/airflow/example_dags/example_nested_branch_dag.py
[2022-10-25 15:03:48,520] {processor.py:651} INFO - DAG(s) dict_keys(['example_nested_branch_dag']) retrieved from /home/airflow/.local/lib/python3.7/site-packages/airflow/example_dags/example_nested_branch_dag.py
[2022-10-25 15:03:48,578] {logging_mixin.py:115} INFO - [2022-10-25 15:03:48,578] {dag.py:2371} INFO - Sync 1 DAGs
[2022-10-25 15:03:48,871] {logging_mixin.py:115} INFO - [2022-10-25 15:03:48,871] {dag.py:2919} INFO - Setting next_dagrun for example_nested_branch_dag to 2022-10-24T00:00:00+00:00, run_after=2022-10-25T00:00:00+00:00
[2022-10-25 15:03:48,902] {processor.py:161} INFO - Processing /home/airflow/.local/lib/python3.7/site-packages/airflow/example_dags/example_nested_branch_dag.py took 0.414 seconds
[2022-10-25 15:04:19,129] {processor.py:153} INFO - Started process (PID=472) to work on /home/airflow/.local/lib/python3.7/site-packages/airflow/example_dags/example_nested_branch_dag.py
[2022-10-25 15:04:19,131] {processor.py:641} INFO - Processing file /home/airflow/.local/lib/python3.7/site-packages/airflow/example_dags/example_nested_branch_dag.py for tasks to queue
[2022-10-25 15:04:19,133] {logging_mixin.py:115} INFO - [2022-10-25 15:04:19,132] {dagbag.py:507} INFO - Filling up the DagBag from /home/airflow/.local/lib/python3.7/site-packages/airflow/example_dags/example_nested_branch_dag.py
[2022-10-25 15:04:19,154] {processor.py:651} INFO - DAG(s) dict_keys(['example_nested_branch_dag']) retrieved from /home/airflow/.local/lib/python3.7/site-packages/airflow/example_dags/example_nested_branch_dag.py
[2022-10-25 15:04:19,215] {logging_mixin.py:115} INFO - [2022-10-25 15:04:19,214] {dag.py:2371} INFO - Sync 1 DAGs
[2022-10-25 15:04:19,498] {logging_mixin.py:115} INFO - [2022-10-25 15:04:19,498] {dag.py:2919} INFO - Setting next_dagrun for example_nested_branch_dag to 2022-10-24T00:00:00+00:00, run_after=2022-10-25T00:00:00+00:00
[2022-10-25 15:04:19,528] {processor.py:161} INFO - Processing /home/airflow/.local/lib/python3.7/site-packages/airflow/example_dags/example_nested_branch_dag.py took 0.407 seconds
[2022-10-25 15:04:50,311] {processor.py:153} INFO - Started process (PID=526) to work on /home/airflow/.local/lib/python3.7/site-packages/airflow/example_dags/example_nested_branch_dag.py
[2022-10-25 15:04:50,313] {processor.py:641} INFO - Processing file /home/airflow/.local/lib/python3.7/site-packages/airflow/example_dags/example_nested_branch_dag.py for tasks to queue
[2022-10-25 15:04:50,316] {logging_mixin.py:115} INFO - [2022-10-25 15:04:50,316] {dagbag.py:507} INFO - Filling up the DagBag from /home/airflow/.local/lib/python3.7/site-packages/airflow/example_dags/example_nested_branch_dag.py
[2022-10-25 15:04:50,389] {processor.py:651} INFO - DAG(s) dict_keys(['example_nested_branch_dag']) retrieved from /home/airflow/.local/lib/python3.7/site-packages/airflow/example_dags/example_nested_branch_dag.py
[2022-10-25 15:04:50,495] {logging_mixin.py:115} INFO - [2022-10-25 15:04:50,495] {dag.py:2371} INFO - Sync 1 DAGs
[2022-10-25 15:04:50,991] {logging_mixin.py:115} INFO - [2022-10-25 15:04:50,990] {dag.py:2919} INFO - Setting next_dagrun for example_nested_branch_dag to 2022-10-24T00:00:00+00:00, run_after=2022-10-25T00:00:00+00:00
[2022-10-25 15:04:51,090] {processor.py:161} INFO - Processing /home/airflow/.local/lib/python3.7/site-packages/airflow/example_dags/example_nested_branch_dag.py took 0.795 seconds
[2022-10-25 15:05:21,383] {processor.py:153} INFO - Started process (PID=580) to work on /home/airflow/.local/lib/python3.7/site-packages/airflow/example_dags/example_nested_branch_dag.py
[2022-10-25 15:05:21,385] {processor.py:641} INFO - Processing file /home/airflow/.local/lib/python3.7/site-packages/airflow/example_dags/example_nested_branch_dag.py for tasks to queue
[2022-10-25 15:05:21,387] {logging_mixin.py:115} INFO - [2022-10-25 15:05:21,386] {dagbag.py:507} INFO - Filling up the DagBag from /home/airflow/.local/lib/python3.7/site-packages/airflow/example_dags/example_nested_branch_dag.py
[2022-10-25 15:05:21,406] {processor.py:651} INFO - DAG(s) dict_keys(['example_nested_branch_dag']) retrieved from /home/airflow/.local/lib/python3.7/site-packages/airflow/example_dags/example_nested_branch_dag.py
[2022-10-25 15:05:21,474] {logging_mixin.py:115} INFO - [2022-10-25 15:05:21,473] {dag.py:2371} INFO - Sync 1 DAGs
[2022-10-25 15:05:21,789] {logging_mixin.py:115} INFO - [2022-10-25 15:05:21,789] {dag.py:2919} INFO - Setting next_dagrun for example_nested_branch_dag to 2022-10-24T00:00:00+00:00, run_after=2022-10-25T00:00:00+00:00
[2022-10-25 15:05:21,809] {processor.py:161} INFO - Processing /home/airflow/.local/lib/python3.7/site-packages/airflow/example_dags/example_nested_branch_dag.py took 0.432 seconds
[2022-10-25 15:05:52,138] {processor.py:153} INFO - Started process (PID=634) to work on /home/airflow/.local/lib/python3.7/site-packages/airflow/example_dags/example_nested_branch_dag.py
[2022-10-25 15:05:52,144] {processor.py:641} INFO - Processing file /home/airflow/.local/lib/python3.7/site-packages/airflow/example_dags/example_nested_branch_dag.py for tasks to queue
[2022-10-25 15:05:52,146] {logging_mixin.py:115} INFO - [2022-10-25 15:05:52,146] {dagbag.py:507} INFO - Filling up the DagBag from /home/airflow/.local/lib/python3.7/site-packages/airflow/example_dags/example_nested_branch_dag.py
[2022-10-25 15:05:52,205] {processor.py:651} INFO - DAG(s) dict_keys(['example_nested_branch_dag']) retrieved from /home/airflow/.local/lib/python3.7/site-packages/airflow/example_dags/example_nested_branch_dag.py
[2022-10-25 15:05:52,322] {logging_mixin.py:115} INFO - [2022-10-25 15:05:52,322] {dag.py:2371} INFO - Sync 1 DAGs
[2022-10-25 15:05:52,824] {logging_mixin.py:115} INFO - [2022-10-25 15:05:52,824] {dag.py:2919} INFO - Setting next_dagrun for example_nested_branch_dag to 2022-10-24T00:00:00+00:00, run_after=2022-10-25T00:00:00+00:00
[2022-10-25 15:05:52,944] {processor.py:161} INFO - Processing /home/airflow/.local/lib/python3.7/site-packages/airflow/example_dags/example_nested_branch_dag.py took 0.812 seconds
[2022-10-25 15:06:23,303] {processor.py:153} INFO - Started process (PID=696) to work on /home/airflow/.local/lib/python3.7/site-packages/airflow/example_dags/example_nested_branch_dag.py
[2022-10-25 15:06:23,305] {processor.py:641} INFO - Processing file /home/airflow/.local/lib/python3.7/site-packages/airflow/example_dags/example_nested_branch_dag.py for tasks to queue
[2022-10-25 15:06:23,306] {logging_mixin.py:115} INFO - [2022-10-25 15:06:23,306] {dagbag.py:507} INFO - Filling up the DagBag from /home/airflow/.local/lib/python3.7/site-packages/airflow/example_dags/example_nested_branch_dag.py
[2022-10-25 15:06:23,323] {processor.py:651} INFO - DAG(s) dict_keys(['example_nested_branch_dag']) retrieved from /home/airflow/.local/lib/python3.7/site-packages/airflow/example_dags/example_nested_branch_dag.py
[2022-10-25 15:06:23,374] {logging_mixin.py:115} INFO - [2022-10-25 15:06:23,374] {dag.py:2371} INFO - Sync 1 DAGs
[2022-10-25 15:06:23,594] {logging_mixin.py:115} INFO - [2022-10-25 15:06:23,594] {dag.py:2919} INFO - Setting next_dagrun for example_nested_branch_dag to 2022-10-24T00:00:00+00:00, run_after=2022-10-25T00:00:00+00:00
[2022-10-25 15:06:23,623] {processor.py:161} INFO - Processing /home/airflow/.local/lib/python3.7/site-packages/airflow/example_dags/example_nested_branch_dag.py took 0.324 seconds
[2022-10-25 15:06:53,795] {processor.py:153} INFO - Started process (PID=743) to work on /home/airflow/.local/lib/python3.7/site-packages/airflow/example_dags/example_nested_branch_dag.py
[2022-10-25 15:06:53,797] {processor.py:641} INFO - Processing file /home/airflow/.local/lib/python3.7/site-packages/airflow/example_dags/example_nested_branch_dag.py for tasks to queue
[2022-10-25 15:06:53,798] {logging_mixin.py:115} INFO - [2022-10-25 15:06:53,798] {dagbag.py:507} INFO - Filling up the DagBag from /home/airflow/.local/lib/python3.7/site-packages/airflow/example_dags/example_nested_branch_dag.py
[2022-10-25 15:06:53,811] {processor.py:651} INFO - DAG(s) dict_keys(['example_nested_branch_dag']) retrieved from /home/airflow/.local/lib/python3.7/site-packages/airflow/example_dags/example_nested_branch_dag.py
[2022-10-25 15:06:53,872] {logging_mixin.py:115} INFO - [2022-10-25 15:06:53,871] {dag.py:2371} INFO - Sync 1 DAGs
[2022-10-25 15:06:54,147] {logging_mixin.py:115} INFO - [2022-10-25 15:06:54,146] {dag.py:2919} INFO - Setting next_dagrun for example_nested_branch_dag to 2022-10-24T00:00:00+00:00, run_after=2022-10-25T00:00:00+00:00
[2022-10-25 15:06:54,196] {processor.py:161} INFO - Processing /home/airflow/.local/lib/python3.7/site-packages/airflow/example_dags/example_nested_branch_dag.py took 0.406 seconds
[2022-10-25 15:07:24,275] {processor.py:153} INFO - Started process (PID=810) to work on /home/airflow/.local/lib/python3.7/site-packages/airflow/example_dags/example_nested_branch_dag.py
[2022-10-25 15:07:24,276] {processor.py:641} INFO - Processing file /home/airflow/.local/lib/python3.7/site-packages/airflow/example_dags/example_nested_branch_dag.py for tasks to queue
[2022-10-25 15:07:24,277] {logging_mixin.py:115} INFO - [2022-10-25 15:07:24,277] {dagbag.py:507} INFO - Filling up the DagBag from /home/airflow/.local/lib/python3.7/site-packages/airflow/example_dags/example_nested_branch_dag.py
[2022-10-25 15:07:24,306] {processor.py:651} INFO - DAG(s) dict_keys(['example_nested_branch_dag']) retrieved from /home/airflow/.local/lib/python3.7/site-packages/airflow/example_dags/example_nested_branch_dag.py
[2022-10-25 15:07:24,395] {logging_mixin.py:115} INFO - [2022-10-25 15:07:24,395] {dag.py:2371} INFO - Sync 1 DAGs
[2022-10-25 15:07:25,094] {logging_mixin.py:115} INFO - [2022-10-25 15:07:25,094] {dag.py:2919} INFO - Setting next_dagrun for example_nested_branch_dag to 2022-10-24T00:00:00+00:00, run_after=2022-10-25T00:00:00+00:00
[2022-10-25 15:07:25,150] {processor.py:161} INFO - Processing /home/airflow/.local/lib/python3.7/site-packages/airflow/example_dags/example_nested_branch_dag.py took 0.882 seconds
[2022-10-25 15:07:55,853] {processor.py:153} INFO - Started process (PID=865) to work on /home/airflow/.local/lib/python3.7/site-packages/airflow/example_dags/example_nested_branch_dag.py
[2022-10-25 15:07:55,863] {processor.py:641} INFO - Processing file /home/airflow/.local/lib/python3.7/site-packages/airflow/example_dags/example_nested_branch_dag.py for tasks to queue
[2022-10-25 15:07:55,870] {logging_mixin.py:115} INFO - [2022-10-25 15:07:55,870] {dagbag.py:507} INFO - Filling up the DagBag from /home/airflow/.local/lib/python3.7/site-packages/airflow/example_dags/example_nested_branch_dag.py
[2022-10-25 15:07:55,918] {processor.py:651} INFO - DAG(s) dict_keys(['example_nested_branch_dag']) retrieved from /home/airflow/.local/lib/python3.7/site-packages/airflow/example_dags/example_nested_branch_dag.py
[2022-10-25 15:07:56,014] {logging_mixin.py:115} INFO - [2022-10-25 15:07:56,013] {dag.py:2371} INFO - Sync 1 DAGs
[2022-10-25 15:07:56,285] {logging_mixin.py:115} INFO - [2022-10-25 15:07:56,285] {dag.py:2919} INFO - Setting next_dagrun for example_nested_branch_dag to 2022-10-24T00:00:00+00:00, run_after=2022-10-25T00:00:00+00:00
[2022-10-25 15:07:56,364] {processor.py:161} INFO - Processing /home/airflow/.local/lib/python3.7/site-packages/airflow/example_dags/example_nested_branch_dag.py took 0.518 seconds
[2022-10-25 15:08:27,249] {processor.py:153} INFO - Started process (PID=919) to work on /home/airflow/.local/lib/python3.7/site-packages/airflow/example_dags/example_nested_branch_dag.py
[2022-10-25 15:08:27,263] {processor.py:641} INFO - Processing file /home/airflow/.local/lib/python3.7/site-packages/airflow/example_dags/example_nested_branch_dag.py for tasks to queue
[2022-10-25 15:08:27,265] {logging_mixin.py:115} INFO - [2022-10-25 15:08:27,265] {dagbag.py:507} INFO - Filling up the DagBag from /home/airflow/.local/lib/python3.7/site-packages/airflow/example_dags/example_nested_branch_dag.py
[2022-10-25 15:08:27,324] {processor.py:651} INFO - DAG(s) dict_keys(['example_nested_branch_dag']) retrieved from /home/airflow/.local/lib/python3.7/site-packages/airflow/example_dags/example_nested_branch_dag.py
[2022-10-25 15:08:27,472] {logging_mixin.py:115} INFO - [2022-10-25 15:08:27,472] {dag.py:2371} INFO - Sync 1 DAGs
[2022-10-25 15:08:28,040] {logging_mixin.py:115} INFO - [2022-10-25 15:08:28,039] {dag.py:2919} INFO - Setting next_dagrun for example_nested_branch_dag to 2022-10-24T00:00:00+00:00, run_after=2022-10-25T00:00:00+00:00
[2022-10-25 15:08:28,074] {processor.py:161} INFO - Processing /home/airflow/.local/lib/python3.7/site-packages/airflow/example_dags/example_nested_branch_dag.py took 0.845 seconds
[2022-10-25 15:08:59,258] {processor.py:153} INFO - Started process (PID=973) to work on /home/airflow/.local/lib/python3.7/site-packages/airflow/example_dags/example_nested_branch_dag.py
[2022-10-25 15:08:59,263] {processor.py:641} INFO - Processing file /home/airflow/.local/lib/python3.7/site-packages/airflow/example_dags/example_nested_branch_dag.py for tasks to queue
[2022-10-25 15:08:59,265] {logging_mixin.py:115} INFO - [2022-10-25 15:08:59,265] {dagbag.py:507} INFO - Filling up the DagBag from /home/airflow/.local/lib/python3.7/site-packages/airflow/example_dags/example_nested_branch_dag.py
[2022-10-25 15:08:59,319] {processor.py:651} INFO - DAG(s) dict_keys(['example_nested_branch_dag']) retrieved from /home/airflow/.local/lib/python3.7/site-packages/airflow/example_dags/example_nested_branch_dag.py
[2022-10-25 15:08:59,470] {logging_mixin.py:115} INFO - [2022-10-25 15:08:59,469] {dag.py:2371} INFO - Sync 1 DAGs
[2022-10-25 15:08:59,815] {logging_mixin.py:115} INFO - [2022-10-25 15:08:59,815] {dag.py:2919} INFO - Setting next_dagrun for example_nested_branch_dag to 2022-10-24T00:00:00+00:00, run_after=2022-10-25T00:00:00+00:00
[2022-10-25 15:08:59,905] {processor.py:161} INFO - Processing /home/airflow/.local/lib/python3.7/site-packages/airflow/example_dags/example_nested_branch_dag.py took 0.657 seconds
[2022-10-25 15:09:30,521] {processor.py:153} INFO - Started process (PID=1037) to work on /home/airflow/.local/lib/python3.7/site-packages/airflow/example_dags/example_nested_branch_dag.py
[2022-10-25 15:09:30,522] {processor.py:641} INFO - Processing file /home/airflow/.local/lib/python3.7/site-packages/airflow/example_dags/example_nested_branch_dag.py for tasks to queue
[2022-10-25 15:09:30,523] {logging_mixin.py:115} INFO - [2022-10-25 15:09:30,523] {dagbag.py:507} INFO - Filling up the DagBag from /home/airflow/.local/lib/python3.7/site-packages/airflow/example_dags/example_nested_branch_dag.py
[2022-10-25 15:09:30,544] {processor.py:651} INFO - DAG(s) dict_keys(['example_nested_branch_dag']) retrieved from /home/airflow/.local/lib/python3.7/site-packages/airflow/example_dags/example_nested_branch_dag.py
[2022-10-25 15:09:30,606] {logging_mixin.py:115} INFO - [2022-10-25 15:09:30,606] {dag.py:2371} INFO - Sync 1 DAGs
[2022-10-25 15:09:30,856] {logging_mixin.py:115} INFO - [2022-10-25 15:09:30,856] {dag.py:2919} INFO - Setting next_dagrun for example_nested_branch_dag to 2022-10-24T00:00:00+00:00, run_after=2022-10-25T00:00:00+00:00
[2022-10-25 15:09:30,889] {processor.py:161} INFO - Processing /home/airflow/.local/lib/python3.7/site-packages/airflow/example_dags/example_nested_branch_dag.py took 0.372 seconds
[2022-10-25 15:10:01,412] {processor.py:153} INFO - Started process (PID=1091) to work on /home/airflow/.local/lib/python3.7/site-packages/airflow/example_dags/example_nested_branch_dag.py
[2022-10-25 15:10:01,415] {processor.py:641} INFO - Processing file /home/airflow/.local/lib/python3.7/site-packages/airflow/example_dags/example_nested_branch_dag.py for tasks to queue
[2022-10-25 15:10:01,419] {logging_mixin.py:115} INFO - [2022-10-25 15:10:01,419] {dagbag.py:507} INFO - Filling up the DagBag from /home/airflow/.local/lib/python3.7/site-packages/airflow/example_dags/example_nested_branch_dag.py
[2022-10-25 15:10:01,443] {processor.py:651} INFO - DAG(s) dict_keys(['example_nested_branch_dag']) retrieved from /home/airflow/.local/lib/python3.7/site-packages/airflow/example_dags/example_nested_branch_dag.py
[2022-10-25 15:10:01,489] {logging_mixin.py:115} INFO - [2022-10-25 15:10:01,489] {dag.py:2371} INFO - Sync 1 DAGs
[2022-10-25 15:10:01,694] {logging_mixin.py:115} INFO - [2022-10-25 15:10:01,694] {dag.py:2919} INFO - Setting next_dagrun for example_nested_branch_dag to 2022-10-24T00:00:00+00:00, run_after=2022-10-25T00:00:00+00:00
[2022-10-25 15:10:01,719] {processor.py:161} INFO - Processing /home/airflow/.local/lib/python3.7/site-packages/airflow/example_dags/example_nested_branch_dag.py took 0.312 seconds
[2022-10-25 15:10:31,786] {processor.py:153} INFO - Started process (PID=1144) to work on /home/airflow/.local/lib/python3.7/site-packages/airflow/example_dags/example_nested_branch_dag.py
[2022-10-25 15:10:31,787] {processor.py:641} INFO - Processing file /home/airflow/.local/lib/python3.7/site-packages/airflow/example_dags/example_nested_branch_dag.py for tasks to queue
[2022-10-25 15:10:31,788] {logging_mixin.py:115} INFO - [2022-10-25 15:10:31,788] {dagbag.py:507} INFO - Filling up the DagBag from /home/airflow/.local/lib/python3.7/site-packages/airflow/example_dags/example_nested_branch_dag.py
[2022-10-25 15:10:31,807] {processor.py:651} INFO - DAG(s) dict_keys(['example_nested_branch_dag']) retrieved from /home/airflow/.local/lib/python3.7/site-packages/airflow/example_dags/example_nested_branch_dag.py
[2022-10-25 15:10:31,852] {logging_mixin.py:115} INFO - [2022-10-25 15:10:31,851] {dag.py:2371} INFO - Sync 1 DAGs
[2022-10-25 15:10:31,898] {logging_mixin.py:115} INFO - [2022-10-25 15:10:31,898] {dag.py:2919} INFO - Setting next_dagrun for example_nested_branch_dag to 2022-10-24T00:00:00+00:00, run_after=2022-10-25T00:00:00+00:00
[2022-10-25 15:10:31,924] {processor.py:161} INFO - Processing /home/airflow/.local/lib/python3.7/site-packages/airflow/example_dags/example_nested_branch_dag.py took 0.143 seconds
[2022-10-25 15:11:02,043] {processor.py:153} INFO - Started process (PID=1200) to work on /home/airflow/.local/lib/python3.7/site-packages/airflow/example_dags/example_nested_branch_dag.py
[2022-10-25 15:11:02,045] {processor.py:641} INFO - Processing file /home/airflow/.local/lib/python3.7/site-packages/airflow/example_dags/example_nested_branch_dag.py for tasks to queue
[2022-10-25 15:11:02,046] {logging_mixin.py:115} INFO - [2022-10-25 15:11:02,046] {dagbag.py:507} INFO - Filling up the DagBag from /home/airflow/.local/lib/python3.7/site-packages/airflow/example_dags/example_nested_branch_dag.py
[2022-10-25 15:11:02,069] {processor.py:651} INFO - DAG(s) dict_keys(['example_nested_branch_dag']) retrieved from /home/airflow/.local/lib/python3.7/site-packages/airflow/example_dags/example_nested_branch_dag.py
[2022-10-25 15:11:02,108] {logging_mixin.py:115} INFO - [2022-10-25 15:11:02,108] {dag.py:2371} INFO - Sync 1 DAGs
[2022-10-25 15:11:02,146] {logging_mixin.py:115} INFO - [2022-10-25 15:11:02,146] {dag.py:2919} INFO - Setting next_dagrun for example_nested_branch_dag to 2022-10-24T00:00:00+00:00, run_after=2022-10-25T00:00:00+00:00
[2022-10-25 15:11:02,187] {processor.py:161} INFO - Processing /home/airflow/.local/lib/python3.7/site-packages/airflow/example_dags/example_nested_branch_dag.py took 0.149 seconds
[2022-10-25 15:11:32,427] {processor.py:153} INFO - Started process (PID=1263) to work on /home/airflow/.local/lib/python3.7/site-packages/airflow/example_dags/example_nested_branch_dag.py
[2022-10-25 15:11:32,428] {processor.py:641} INFO - Processing file /home/airflow/.local/lib/python3.7/site-packages/airflow/example_dags/example_nested_branch_dag.py for tasks to queue
[2022-10-25 15:11:32,429] {logging_mixin.py:115} INFO - [2022-10-25 15:11:32,429] {dagbag.py:507} INFO - Filling up the DagBag from /home/airflow/.local/lib/python3.7/site-packages/airflow/example_dags/example_nested_branch_dag.py
[2022-10-25 15:11:32,454] {processor.py:651} INFO - DAG(s) dict_keys(['example_nested_branch_dag']) retrieved from /home/airflow/.local/lib/python3.7/site-packages/airflow/example_dags/example_nested_branch_dag.py
[2022-10-25 15:11:32,502] {logging_mixin.py:115} INFO - [2022-10-25 15:11:32,501] {dag.py:2371} INFO - Sync 1 DAGs
[2022-10-25 15:11:32,549] {logging_mixin.py:115} INFO - [2022-10-25 15:11:32,548] {dag.py:2919} INFO - Setting next_dagrun for example_nested_branch_dag to 2022-10-24T00:00:00+00:00, run_after=2022-10-25T00:00:00+00:00
[2022-10-25 15:11:32,584] {processor.py:161} INFO - Processing /home/airflow/.local/lib/python3.7/site-packages/airflow/example_dags/example_nested_branch_dag.py took 0.162 seconds
[2022-10-25 15:12:03,265] {processor.py:153} INFO - Started process (PID=1317) to work on /home/airflow/.local/lib/python3.7/site-packages/airflow/example_dags/example_nested_branch_dag.py
[2022-10-25 15:12:03,266] {processor.py:641} INFO - Processing file /home/airflow/.local/lib/python3.7/site-packages/airflow/example_dags/example_nested_branch_dag.py for tasks to queue
[2022-10-25 15:12:03,267] {logging_mixin.py:115} INFO - [2022-10-25 15:12:03,267] {dagbag.py:507} INFO - Filling up the DagBag from /home/airflow/.local/lib/python3.7/site-packages/airflow/example_dags/example_nested_branch_dag.py
[2022-10-25 15:12:03,285] {processor.py:651} INFO - DAG(s) dict_keys(['example_nested_branch_dag']) retrieved from /home/airflow/.local/lib/python3.7/site-packages/airflow/example_dags/example_nested_branch_dag.py
[2022-10-25 15:12:03,325] {logging_mixin.py:115} INFO - [2022-10-25 15:12:03,324] {dag.py:2371} INFO - Sync 1 DAGs
[2022-10-25 15:12:03,364] {logging_mixin.py:115} INFO - [2022-10-25 15:12:03,364] {dag.py:2919} INFO - Setting next_dagrun for example_nested_branch_dag to 2022-10-24T00:00:00+00:00, run_after=2022-10-25T00:00:00+00:00
[2022-10-25 15:12:03,388] {processor.py:161} INFO - Processing /home/airflow/.local/lib/python3.7/site-packages/airflow/example_dags/example_nested_branch_dag.py took 0.128 seconds
[2022-10-25 15:12:34,584] {processor.py:153} INFO - Started process (PID=1378) to work on /home/airflow/.local/lib/python3.7/site-packages/airflow/example_dags/example_nested_branch_dag.py
[2022-10-25 15:12:34,589] {processor.py:641} INFO - Processing file /home/airflow/.local/lib/python3.7/site-packages/airflow/example_dags/example_nested_branch_dag.py for tasks to queue
[2022-10-25 15:12:34,593] {logging_mixin.py:115} INFO - [2022-10-25 15:12:34,593] {dagbag.py:507} INFO - Filling up the DagBag from /home/airflow/.local/lib/python3.7/site-packages/airflow/example_dags/example_nested_branch_dag.py
[2022-10-25 15:12:34,641] {processor.py:651} INFO - DAG(s) dict_keys(['example_nested_branch_dag']) retrieved from /home/airflow/.local/lib/python3.7/site-packages/airflow/example_dags/example_nested_branch_dag.py
[2022-10-25 15:12:34,786] {logging_mixin.py:115} INFO - [2022-10-25 15:12:34,786] {dag.py:2371} INFO - Sync 1 DAGs
[2022-10-25 15:12:34,982] {logging_mixin.py:115} INFO - [2022-10-25 15:12:34,982] {dag.py:2919} INFO - Setting next_dagrun for example_nested_branch_dag to 2022-10-24T00:00:00+00:00, run_after=2022-10-25T00:00:00+00:00
[2022-10-25 15:12:35,145] {processor.py:161} INFO - Processing /home/airflow/.local/lib/python3.7/site-packages/airflow/example_dags/example_nested_branch_dag.py took 0.579 seconds
[2022-10-25 15:13:05,414] {processor.py:153} INFO - Started process (PID=1435) to work on /home/airflow/.local/lib/python3.7/site-packages/airflow/example_dags/example_nested_branch_dag.py
[2022-10-25 15:13:05,415] {processor.py:641} INFO - Processing file /home/airflow/.local/lib/python3.7/site-packages/airflow/example_dags/example_nested_branch_dag.py for tasks to queue
[2022-10-25 15:13:05,416] {logging_mixin.py:115} INFO - [2022-10-25 15:13:05,416] {dagbag.py:507} INFO - Filling up the DagBag from /home/airflow/.local/lib/python3.7/site-packages/airflow/example_dags/example_nested_branch_dag.py
[2022-10-25 15:13:05,448] {processor.py:651} INFO - DAG(s) dict_keys(['example_nested_branch_dag']) retrieved from /home/airflow/.local/lib/python3.7/site-packages/airflow/example_dags/example_nested_branch_dag.py
[2022-10-25 15:13:05,507] {logging_mixin.py:115} INFO - [2022-10-25 15:13:05,507] {dag.py:2371} INFO - Sync 1 DAGs
[2022-10-25 15:13:05,551] {logging_mixin.py:115} INFO - [2022-10-25 15:13:05,550] {dag.py:2919} INFO - Setting next_dagrun for example_nested_branch_dag to 2022-10-24T00:00:00+00:00, run_after=2022-10-25T00:00:00+00:00
[2022-10-25 15:13:05,572] {processor.py:161} INFO - Processing /home/airflow/.local/lib/python3.7/site-packages/airflow/example_dags/example_nested_branch_dag.py took 0.168 seconds
[2022-10-25 15:13:36,232] {processor.py:153} INFO - Started process (PID=1490) to work on /home/airflow/.local/lib/python3.7/site-packages/airflow/example_dags/example_nested_branch_dag.py
[2022-10-25 15:13:36,233] {processor.py:641} INFO - Processing file /home/airflow/.local/lib/python3.7/site-packages/airflow/example_dags/example_nested_branch_dag.py for tasks to queue
[2022-10-25 15:13:36,234] {logging_mixin.py:115} INFO - [2022-10-25 15:13:36,234] {dagbag.py:507} INFO - Filling up the DagBag from /home/airflow/.local/lib/python3.7/site-packages/airflow/example_dags/example_nested_branch_dag.py
[2022-10-25 15:13:36,263] {processor.py:651} INFO - DAG(s) dict_keys(['example_nested_branch_dag']) retrieved from /home/airflow/.local/lib/python3.7/site-packages/airflow/example_dags/example_nested_branch_dag.py
[2022-10-25 15:13:36,318] {logging_mixin.py:115} INFO - [2022-10-25 15:13:36,318] {dag.py:2371} INFO - Sync 1 DAGs
[2022-10-25 15:13:36,366] {logging_mixin.py:115} INFO - [2022-10-25 15:13:36,366] {dag.py:2919} INFO - Setting next_dagrun for example_nested_branch_dag to 2022-10-24T00:00:00+00:00, run_after=2022-10-25T00:00:00+00:00
[2022-10-25 15:13:36,422] {processor.py:161} INFO - Processing /home/airflow/.local/lib/python3.7/site-packages/airflow/example_dags/example_nested_branch_dag.py took 0.187 seconds
[2022-10-25 15:14:06,936] {processor.py:153} INFO - Started process (PID=1544) to work on /home/airflow/.local/lib/python3.7/site-packages/airflow/example_dags/example_nested_branch_dag.py
[2022-10-25 15:14:06,937] {processor.py:641} INFO - Processing file /home/airflow/.local/lib/python3.7/site-packages/airflow/example_dags/example_nested_branch_dag.py for tasks to queue
[2022-10-25 15:14:06,938] {logging_mixin.py:115} INFO - [2022-10-25 15:14:06,938] {dagbag.py:507} INFO - Filling up the DagBag from /home/airflow/.local/lib/python3.7/site-packages/airflow/example_dags/example_nested_branch_dag.py
[2022-10-25 15:14:06,957] {processor.py:651} INFO - DAG(s) dict_keys(['example_nested_branch_dag']) retrieved from /home/airflow/.local/lib/python3.7/site-packages/airflow/example_dags/example_nested_branch_dag.py
[2022-10-25 15:14:06,999] {logging_mixin.py:115} INFO - [2022-10-25 15:14:06,999] {dag.py:2371} INFO - Sync 1 DAGs
[2022-10-25 15:14:07,036] {logging_mixin.py:115} INFO - [2022-10-25 15:14:07,036] {dag.py:2919} INFO - Setting next_dagrun for example_nested_branch_dag to 2022-10-24T00:00:00+00:00, run_after=2022-10-25T00:00:00+00:00
[2022-10-25 15:14:07,057] {processor.py:161} INFO - Processing /home/airflow/.local/lib/python3.7/site-packages/airflow/example_dags/example_nested_branch_dag.py took 0.127 seconds
[2022-10-25 15:14:37,135] {processor.py:153} INFO - Started process (PID=1607) to work on /home/airflow/.local/lib/python3.7/site-packages/airflow/example_dags/example_nested_branch_dag.py
[2022-10-25 15:14:37,138] {processor.py:641} INFO - Processing file /home/airflow/.local/lib/python3.7/site-packages/airflow/example_dags/example_nested_branch_dag.py for tasks to queue
[2022-10-25 15:14:37,139] {logging_mixin.py:115} INFO - [2022-10-25 15:14:37,139] {dagbag.py:507} INFO - Filling up the DagBag from /home/airflow/.local/lib/python3.7/site-packages/airflow/example_dags/example_nested_branch_dag.py
[2022-10-25 15:14:37,177] {processor.py:651} INFO - DAG(s) dict_keys(['example_nested_branch_dag']) retrieved from /home/airflow/.local/lib/python3.7/site-packages/airflow/example_dags/example_nested_branch_dag.py
[2022-10-25 15:14:37,233] {logging_mixin.py:115} INFO - [2022-10-25 15:14:37,232] {dag.py:2371} INFO - Sync 1 DAGs
[2022-10-25 15:14:37,293] {logging_mixin.py:115} INFO - [2022-10-25 15:14:37,293] {dag.py:2919} INFO - Setting next_dagrun for example_nested_branch_dag to 2022-10-24T00:00:00+00:00, run_after=2022-10-25T00:00:00+00:00
[2022-10-25 15:14:37,314] {processor.py:161} INFO - Processing /home/airflow/.local/lib/python3.7/site-packages/airflow/example_dags/example_nested_branch_dag.py took 0.184 seconds
