[2022-10-25 15:00:49,229] {processor.py:153} INFO - Started process (PID=102) to work on /home/airflow/.local/lib/python3.7/site-packages/airflow/example_dags/example_external_task_marker_dag.py
[2022-10-25 15:00:49,230] {processor.py:641} INFO - Processing file /home/airflow/.local/lib/python3.7/site-packages/airflow/example_dags/example_external_task_marker_dag.py for tasks to queue
[2022-10-25 15:00:49,232] {logging_mixin.py:115} INFO - [2022-10-25 15:00:49,231] {dagbag.py:507} INFO - Filling up the DagBag from /home/airflow/.local/lib/python3.7/site-packages/airflow/example_dags/example_external_task_marker_dag.py
[2022-10-25 15:00:49,246] {processor.py:651} INFO - DAG(s) dict_keys(['example_external_task_marker_parent', 'example_external_task_marker_child']) retrieved from /home/airflow/.local/lib/python3.7/site-packages/airflow/example_dags/example_external_task_marker_dag.py
[2022-10-25 15:00:49,452] {logging_mixin.py:115} INFO - [2022-10-25 15:00:49,451] {dag.py:2371} INFO - Sync 2 DAGs
[2022-10-25 15:00:50,021] {logging_mixin.py:115} INFO - [2022-10-25 15:00:50,021] {dag.py:2919} INFO - Setting next_dagrun for example_external_task_marker_child to None, run_after=None
[2022-10-25 15:00:50,027] {logging_mixin.py:115} INFO - [2022-10-25 15:00:50,027] {dag.py:2919} INFO - Setting next_dagrun for example_external_task_marker_parent to None, run_after=None
[2022-10-25 15:00:50,142] {processor.py:161} INFO - Processing /home/airflow/.local/lib/python3.7/site-packages/airflow/example_dags/example_external_task_marker_dag.py took 0.941 seconds
[2022-10-25 15:01:20,370] {processor.py:153} INFO - Started process (PID=156) to work on /home/airflow/.local/lib/python3.7/site-packages/airflow/example_dags/example_external_task_marker_dag.py
[2022-10-25 15:01:20,371] {processor.py:641} INFO - Processing file /home/airflow/.local/lib/python3.7/site-packages/airflow/example_dags/example_external_task_marker_dag.py for tasks to queue
[2022-10-25 15:01:20,373] {logging_mixin.py:115} INFO - [2022-10-25 15:01:20,373] {dagbag.py:507} INFO - Filling up the DagBag from /home/airflow/.local/lib/python3.7/site-packages/airflow/example_dags/example_external_task_marker_dag.py
[2022-10-25 15:01:20,382] {processor.py:651} INFO - DAG(s) dict_keys(['example_external_task_marker_parent', 'example_external_task_marker_child']) retrieved from /home/airflow/.local/lib/python3.7/site-packages/airflow/example_dags/example_external_task_marker_dag.py
[2022-10-25 15:01:20,478] {logging_mixin.py:115} INFO - [2022-10-25 15:01:20,478] {dag.py:2371} INFO - Sync 2 DAGs
[2022-10-25 15:01:20,724] {logging_mixin.py:115} INFO - [2022-10-25 15:01:20,724] {dag.py:2919} INFO - Setting next_dagrun for example_external_task_marker_child to None, run_after=None
[2022-10-25 15:01:20,726] {logging_mixin.py:115} INFO - [2022-10-25 15:01:20,726] {dag.py:2919} INFO - Setting next_dagrun for example_external_task_marker_parent to None, run_after=None
[2022-10-25 15:01:20,750] {processor.py:161} INFO - Processing /home/airflow/.local/lib/python3.7/site-packages/airflow/example_dags/example_external_task_marker_dag.py took 0.384 seconds
[2022-10-25 15:01:51,043] {processor.py:153} INFO - Started process (PID=212) to work on /home/airflow/.local/lib/python3.7/site-packages/airflow/example_dags/example_external_task_marker_dag.py
[2022-10-25 15:01:51,046] {processor.py:641} INFO - Processing file /home/airflow/.local/lib/python3.7/site-packages/airflow/example_dags/example_external_task_marker_dag.py for tasks to queue
[2022-10-25 15:01:51,048] {logging_mixin.py:115} INFO - [2022-10-25 15:01:51,048] {dagbag.py:507} INFO - Filling up the DagBag from /home/airflow/.local/lib/python3.7/site-packages/airflow/example_dags/example_external_task_marker_dag.py
[2022-10-25 15:01:51,058] {processor.py:651} INFO - DAG(s) dict_keys(['example_external_task_marker_parent', 'example_external_task_marker_child']) retrieved from /home/airflow/.local/lib/python3.7/site-packages/airflow/example_dags/example_external_task_marker_dag.py
[2022-10-25 15:01:51,197] {logging_mixin.py:115} INFO - [2022-10-25 15:01:51,196] {dag.py:2371} INFO - Sync 2 DAGs
[2022-10-25 15:01:51,511] {logging_mixin.py:115} INFO - [2022-10-25 15:01:51,511] {dag.py:2919} INFO - Setting next_dagrun for example_external_task_marker_child to None, run_after=None
[2022-10-25 15:01:51,512] {logging_mixin.py:115} INFO - [2022-10-25 15:01:51,512] {dag.py:2919} INFO - Setting next_dagrun for example_external_task_marker_parent to None, run_after=None
[2022-10-25 15:01:51,552] {processor.py:161} INFO - Processing /home/airflow/.local/lib/python3.7/site-packages/airflow/example_dags/example_external_task_marker_dag.py took 0.517 seconds
[2022-10-25 15:02:22,876] {processor.py:153} INFO - Started process (PID=266) to work on /home/airflow/.local/lib/python3.7/site-packages/airflow/example_dags/example_external_task_marker_dag.py
[2022-10-25 15:02:22,878] {processor.py:641} INFO - Processing file /home/airflow/.local/lib/python3.7/site-packages/airflow/example_dags/example_external_task_marker_dag.py for tasks to queue
[2022-10-25 15:02:22,879] {logging_mixin.py:115} INFO - [2022-10-25 15:02:22,879] {dagbag.py:507} INFO - Filling up the DagBag from /home/airflow/.local/lib/python3.7/site-packages/airflow/example_dags/example_external_task_marker_dag.py
[2022-10-25 15:02:22,887] {processor.py:651} INFO - DAG(s) dict_keys(['example_external_task_marker_parent', 'example_external_task_marker_child']) retrieved from /home/airflow/.local/lib/python3.7/site-packages/airflow/example_dags/example_external_task_marker_dag.py
[2022-10-25 15:02:22,989] {logging_mixin.py:115} INFO - [2022-10-25 15:02:22,989] {dag.py:2371} INFO - Sync 2 DAGs
[2022-10-25 15:02:23,283] {logging_mixin.py:115} INFO - [2022-10-25 15:02:23,282] {dag.py:2919} INFO - Setting next_dagrun for example_external_task_marker_child to None, run_after=None
[2022-10-25 15:02:23,284] {logging_mixin.py:115} INFO - [2022-10-25 15:02:23,284] {dag.py:2919} INFO - Setting next_dagrun for example_external_task_marker_parent to None, run_after=None
[2022-10-25 15:02:23,329] {processor.py:161} INFO - Processing /home/airflow/.local/lib/python3.7/site-packages/airflow/example_dags/example_external_task_marker_dag.py took 0.460 seconds
[2022-10-25 15:02:54,188] {processor.py:153} INFO - Started process (PID=322) to work on /home/airflow/.local/lib/python3.7/site-packages/airflow/example_dags/example_external_task_marker_dag.py
[2022-10-25 15:02:54,189] {processor.py:641} INFO - Processing file /home/airflow/.local/lib/python3.7/site-packages/airflow/example_dags/example_external_task_marker_dag.py for tasks to queue
[2022-10-25 15:02:54,191] {logging_mixin.py:115} INFO - [2022-10-25 15:02:54,190] {dagbag.py:507} INFO - Filling up the DagBag from /home/airflow/.local/lib/python3.7/site-packages/airflow/example_dags/example_external_task_marker_dag.py
[2022-10-25 15:02:54,198] {processor.py:651} INFO - DAG(s) dict_keys(['example_external_task_marker_parent', 'example_external_task_marker_child']) retrieved from /home/airflow/.local/lib/python3.7/site-packages/airflow/example_dags/example_external_task_marker_dag.py
[2022-10-25 15:02:54,261] {logging_mixin.py:115} INFO - [2022-10-25 15:02:54,260] {dag.py:2371} INFO - Sync 2 DAGs
[2022-10-25 15:02:54,469] {logging_mixin.py:115} INFO - [2022-10-25 15:02:54,469] {dag.py:2919} INFO - Setting next_dagrun for example_external_task_marker_child to None, run_after=None
[2022-10-25 15:02:54,470] {logging_mixin.py:115} INFO - [2022-10-25 15:02:54,470] {dag.py:2919} INFO - Setting next_dagrun for example_external_task_marker_parent to None, run_after=None
[2022-10-25 15:02:54,496] {processor.py:161} INFO - Processing /home/airflow/.local/lib/python3.7/site-packages/airflow/example_dags/example_external_task_marker_dag.py took 0.316 seconds
[2022-10-25 15:03:24,566] {processor.py:153} INFO - Started process (PID=377) to work on /home/airflow/.local/lib/python3.7/site-packages/airflow/example_dags/example_external_task_marker_dag.py
[2022-10-25 15:03:24,570] {processor.py:641} INFO - Processing file /home/airflow/.local/lib/python3.7/site-packages/airflow/example_dags/example_external_task_marker_dag.py for tasks to queue
[2022-10-25 15:03:24,572] {logging_mixin.py:115} INFO - [2022-10-25 15:03:24,572] {dagbag.py:507} INFO - Filling up the DagBag from /home/airflow/.local/lib/python3.7/site-packages/airflow/example_dags/example_external_task_marker_dag.py
[2022-10-25 15:03:24,588] {processor.py:651} INFO - DAG(s) dict_keys(['example_external_task_marker_parent', 'example_external_task_marker_child']) retrieved from /home/airflow/.local/lib/python3.7/site-packages/airflow/example_dags/example_external_task_marker_dag.py
[2022-10-25 15:03:24,816] {logging_mixin.py:115} INFO - [2022-10-25 15:03:24,816] {dag.py:2371} INFO - Sync 2 DAGs
[2022-10-25 15:03:25,531] {logging_mixin.py:115} INFO - [2022-10-25 15:03:25,531] {dag.py:2919} INFO - Setting next_dagrun for example_external_task_marker_child to None, run_after=None
[2022-10-25 15:03:25,536] {logging_mixin.py:115} INFO - [2022-10-25 15:03:25,535] {dag.py:2919} INFO - Setting next_dagrun for example_external_task_marker_parent to None, run_after=None
[2022-10-25 15:03:25,582] {processor.py:161} INFO - Processing /home/airflow/.local/lib/python3.7/site-packages/airflow/example_dags/example_external_task_marker_dag.py took 1.027 seconds
[2022-10-25 15:03:56,338] {processor.py:153} INFO - Started process (PID=439) to work on /home/airflow/.local/lib/python3.7/site-packages/airflow/example_dags/example_external_task_marker_dag.py
[2022-10-25 15:03:56,339] {processor.py:641} INFO - Processing file /home/airflow/.local/lib/python3.7/site-packages/airflow/example_dags/example_external_task_marker_dag.py for tasks to queue
[2022-10-25 15:03:56,342] {logging_mixin.py:115} INFO - [2022-10-25 15:03:56,341] {dagbag.py:507} INFO - Filling up the DagBag from /home/airflow/.local/lib/python3.7/site-packages/airflow/example_dags/example_external_task_marker_dag.py
[2022-10-25 15:03:56,355] {processor.py:651} INFO - DAG(s) dict_keys(['example_external_task_marker_parent', 'example_external_task_marker_child']) retrieved from /home/airflow/.local/lib/python3.7/site-packages/airflow/example_dags/example_external_task_marker_dag.py
[2022-10-25 15:03:56,529] {logging_mixin.py:115} INFO - [2022-10-25 15:03:56,529] {dag.py:2371} INFO - Sync 2 DAGs
[2022-10-25 15:03:56,890] {logging_mixin.py:115} INFO - [2022-10-25 15:03:56,890] {dag.py:2919} INFO - Setting next_dagrun for example_external_task_marker_child to None, run_after=None
[2022-10-25 15:03:56,892] {logging_mixin.py:115} INFO - [2022-10-25 15:03:56,891] {dag.py:2919} INFO - Setting next_dagrun for example_external_task_marker_parent to None, run_after=None
[2022-10-25 15:03:56,944] {processor.py:161} INFO - Processing /home/airflow/.local/lib/python3.7/site-packages/airflow/example_dags/example_external_task_marker_dag.py took 0.617 seconds
[2022-10-25 15:04:27,673] {processor.py:153} INFO - Started process (PID=493) to work on /home/airflow/.local/lib/python3.7/site-packages/airflow/example_dags/example_external_task_marker_dag.py
[2022-10-25 15:04:27,674] {processor.py:641} INFO - Processing file /home/airflow/.local/lib/python3.7/site-packages/airflow/example_dags/example_external_task_marker_dag.py for tasks to queue
[2022-10-25 15:04:27,676] {logging_mixin.py:115} INFO - [2022-10-25 15:04:27,676] {dagbag.py:507} INFO - Filling up the DagBag from /home/airflow/.local/lib/python3.7/site-packages/airflow/example_dags/example_external_task_marker_dag.py
[2022-10-25 15:04:27,693] {processor.py:651} INFO - DAG(s) dict_keys(['example_external_task_marker_parent', 'example_external_task_marker_child']) retrieved from /home/airflow/.local/lib/python3.7/site-packages/airflow/example_dags/example_external_task_marker_dag.py
[2022-10-25 15:04:27,857] {logging_mixin.py:115} INFO - [2022-10-25 15:04:27,857] {dag.py:2371} INFO - Sync 2 DAGs
[2022-10-25 15:04:28,292] {logging_mixin.py:115} INFO - [2022-10-25 15:04:28,292] {dag.py:2919} INFO - Setting next_dagrun for example_external_task_marker_child to None, run_after=None
[2022-10-25 15:04:28,294] {logging_mixin.py:115} INFO - [2022-10-25 15:04:28,293] {dag.py:2919} INFO - Setting next_dagrun for example_external_task_marker_parent to None, run_after=None
[2022-10-25 15:04:28,326] {processor.py:161} INFO - Processing /home/airflow/.local/lib/python3.7/site-packages/airflow/example_dags/example_external_task_marker_dag.py took 0.660 seconds
[2022-10-25 15:04:58,774] {processor.py:153} INFO - Started process (PID=550) to work on /home/airflow/.local/lib/python3.7/site-packages/airflow/example_dags/example_external_task_marker_dag.py
[2022-10-25 15:04:58,775] {processor.py:641} INFO - Processing file /home/airflow/.local/lib/python3.7/site-packages/airflow/example_dags/example_external_task_marker_dag.py for tasks to queue
[2022-10-25 15:04:58,776] {logging_mixin.py:115} INFO - [2022-10-25 15:04:58,776] {dagbag.py:507} INFO - Filling up the DagBag from /home/airflow/.local/lib/python3.7/site-packages/airflow/example_dags/example_external_task_marker_dag.py
[2022-10-25 15:04:58,784] {processor.py:651} INFO - DAG(s) dict_keys(['example_external_task_marker_parent', 'example_external_task_marker_child']) retrieved from /home/airflow/.local/lib/python3.7/site-packages/airflow/example_dags/example_external_task_marker_dag.py
[2022-10-25 15:04:58,854] {logging_mixin.py:115} INFO - [2022-10-25 15:04:58,854] {dag.py:2371} INFO - Sync 2 DAGs
[2022-10-25 15:04:59,029] {logging_mixin.py:115} INFO - [2022-10-25 15:04:59,029] {dag.py:2919} INFO - Setting next_dagrun for example_external_task_marker_child to None, run_after=None
[2022-10-25 15:04:59,030] {logging_mixin.py:115} INFO - [2022-10-25 15:04:59,030] {dag.py:2919} INFO - Setting next_dagrun for example_external_task_marker_parent to None, run_after=None
[2022-10-25 15:04:59,053] {processor.py:161} INFO - Processing /home/airflow/.local/lib/python3.7/site-packages/airflow/example_dags/example_external_task_marker_dag.py took 0.285 seconds
[2022-10-25 15:05:31,053] {processor.py:153} INFO - Started process (PID=601) to work on /home/airflow/.local/lib/python3.7/site-packages/airflow/example_dags/example_external_task_marker_dag.py
[2022-10-25 15:05:31,055] {processor.py:641} INFO - Processing file /home/airflow/.local/lib/python3.7/site-packages/airflow/example_dags/example_external_task_marker_dag.py for tasks to queue
[2022-10-25 15:05:31,057] {logging_mixin.py:115} INFO - [2022-10-25 15:05:31,056] {dagbag.py:507} INFO - Filling up the DagBag from /home/airflow/.local/lib/python3.7/site-packages/airflow/example_dags/example_external_task_marker_dag.py
[2022-10-25 15:05:31,066] {processor.py:651} INFO - DAG(s) dict_keys(['example_external_task_marker_parent', 'example_external_task_marker_child']) retrieved from /home/airflow/.local/lib/python3.7/site-packages/airflow/example_dags/example_external_task_marker_dag.py
[2022-10-25 15:05:31,218] {logging_mixin.py:115} INFO - [2022-10-25 15:05:31,218] {dag.py:2371} INFO - Sync 2 DAGs
[2022-10-25 15:05:31,639] {logging_mixin.py:115} INFO - [2022-10-25 15:05:31,638] {dag.py:2919} INFO - Setting next_dagrun for example_external_task_marker_child to None, run_after=None
[2022-10-25 15:05:31,640] {logging_mixin.py:115} INFO - [2022-10-25 15:05:31,640] {dag.py:2919} INFO - Setting next_dagrun for example_external_task_marker_parent to None, run_after=None
[2022-10-25 15:05:31,752] {processor.py:161} INFO - Processing /home/airflow/.local/lib/python3.7/site-packages/airflow/example_dags/example_external_task_marker_dag.py took 0.706 seconds
[2022-10-25 15:06:02,057] {processor.py:153} INFO - Started process (PID=655) to work on /home/airflow/.local/lib/python3.7/site-packages/airflow/example_dags/example_external_task_marker_dag.py
[2022-10-25 15:06:02,058] {processor.py:641} INFO - Processing file /home/airflow/.local/lib/python3.7/site-packages/airflow/example_dags/example_external_task_marker_dag.py for tasks to queue
[2022-10-25 15:06:02,059] {logging_mixin.py:115} INFO - [2022-10-25 15:06:02,059] {dagbag.py:507} INFO - Filling up the DagBag from /home/airflow/.local/lib/python3.7/site-packages/airflow/example_dags/example_external_task_marker_dag.py
[2022-10-25 15:06:02,067] {processor.py:651} INFO - DAG(s) dict_keys(['example_external_task_marker_parent', 'example_external_task_marker_child']) retrieved from /home/airflow/.local/lib/python3.7/site-packages/airflow/example_dags/example_external_task_marker_dag.py
[2022-10-25 15:06:02,221] {logging_mixin.py:115} INFO - [2022-10-25 15:06:02,221] {dag.py:2371} INFO - Sync 2 DAGs
[2022-10-25 15:06:02,631] {logging_mixin.py:115} INFO - [2022-10-25 15:06:02,631] {dag.py:2919} INFO - Setting next_dagrun for example_external_task_marker_child to None, run_after=None
[2022-10-25 15:06:02,633] {logging_mixin.py:115} INFO - [2022-10-25 15:06:02,632] {dag.py:2919} INFO - Setting next_dagrun for example_external_task_marker_parent to None, run_after=None
[2022-10-25 15:06:02,695] {processor.py:161} INFO - Processing /home/airflow/.local/lib/python3.7/site-packages/airflow/example_dags/example_external_task_marker_dag.py took 0.644 seconds
[2022-10-25 15:06:33,544] {processor.py:153} INFO - Started process (PID=712) to work on /home/airflow/.local/lib/python3.7/site-packages/airflow/example_dags/example_external_task_marker_dag.py
[2022-10-25 15:06:33,545] {processor.py:641} INFO - Processing file /home/airflow/.local/lib/python3.7/site-packages/airflow/example_dags/example_external_task_marker_dag.py for tasks to queue
[2022-10-25 15:06:33,546] {logging_mixin.py:115} INFO - [2022-10-25 15:06:33,546] {dagbag.py:507} INFO - Filling up the DagBag from /home/airflow/.local/lib/python3.7/site-packages/airflow/example_dags/example_external_task_marker_dag.py
[2022-10-25 15:06:33,555] {processor.py:651} INFO - DAG(s) dict_keys(['example_external_task_marker_parent', 'example_external_task_marker_child']) retrieved from /home/airflow/.local/lib/python3.7/site-packages/airflow/example_dags/example_external_task_marker_dag.py
[2022-10-25 15:06:33,899] {logging_mixin.py:115} INFO - [2022-10-25 15:06:33,898] {dag.py:2371} INFO - Sync 2 DAGs
[2022-10-25 15:06:34,286] {logging_mixin.py:115} INFO - [2022-10-25 15:06:34,286] {dag.py:2919} INFO - Setting next_dagrun for example_external_task_marker_child to None, run_after=None
[2022-10-25 15:06:34,287] {logging_mixin.py:115} INFO - [2022-10-25 15:06:34,287] {dag.py:2919} INFO - Setting next_dagrun for example_external_task_marker_parent to None, run_after=None
[2022-10-25 15:06:34,323] {processor.py:161} INFO - Processing /home/airflow/.local/lib/python3.7/site-packages/airflow/example_dags/example_external_task_marker_dag.py took 0.784 seconds
[2022-10-25 15:07:04,790] {processor.py:153} INFO - Started process (PID=767) to work on /home/airflow/.local/lib/python3.7/site-packages/airflow/example_dags/example_external_task_marker_dag.py
[2022-10-25 15:07:04,791] {processor.py:641} INFO - Processing file /home/airflow/.local/lib/python3.7/site-packages/airflow/example_dags/example_external_task_marker_dag.py for tasks to queue
[2022-10-25 15:07:04,792] {logging_mixin.py:115} INFO - [2022-10-25 15:07:04,792] {dagbag.py:507} INFO - Filling up the DagBag from /home/airflow/.local/lib/python3.7/site-packages/airflow/example_dags/example_external_task_marker_dag.py
[2022-10-25 15:07:04,800] {processor.py:651} INFO - DAG(s) dict_keys(['example_external_task_marker_parent', 'example_external_task_marker_child']) retrieved from /home/airflow/.local/lib/python3.7/site-packages/airflow/example_dags/example_external_task_marker_dag.py
[2022-10-25 15:07:04,903] {logging_mixin.py:115} INFO - [2022-10-25 15:07:04,902] {dag.py:2371} INFO - Sync 2 DAGs
[2022-10-25 15:07:05,141] {logging_mixin.py:115} INFO - [2022-10-25 15:07:05,141] {dag.py:2919} INFO - Setting next_dagrun for example_external_task_marker_child to None, run_after=None
[2022-10-25 15:07:05,143] {logging_mixin.py:115} INFO - [2022-10-25 15:07:05,142] {dag.py:2919} INFO - Setting next_dagrun for example_external_task_marker_parent to None, run_after=None
[2022-10-25 15:07:05,175] {processor.py:161} INFO - Processing /home/airflow/.local/lib/python3.7/site-packages/airflow/example_dags/example_external_task_marker_dag.py took 0.394 seconds
[2022-10-25 15:07:35,405] {processor.py:153} INFO - Started process (PID=826) to work on /home/airflow/.local/lib/python3.7/site-packages/airflow/example_dags/example_external_task_marker_dag.py
[2022-10-25 15:07:35,407] {processor.py:641} INFO - Processing file /home/airflow/.local/lib/python3.7/site-packages/airflow/example_dags/example_external_task_marker_dag.py for tasks to queue
[2022-10-25 15:07:35,408] {logging_mixin.py:115} INFO - [2022-10-25 15:07:35,408] {dagbag.py:507} INFO - Filling up the DagBag from /home/airflow/.local/lib/python3.7/site-packages/airflow/example_dags/example_external_task_marker_dag.py
[2022-10-25 15:07:35,419] {processor.py:651} INFO - DAG(s) dict_keys(['example_external_task_marker_parent', 'example_external_task_marker_child']) retrieved from /home/airflow/.local/lib/python3.7/site-packages/airflow/example_dags/example_external_task_marker_dag.py
[2022-10-25 15:07:35,616] {logging_mixin.py:115} INFO - [2022-10-25 15:07:35,616] {dag.py:2371} INFO - Sync 2 DAGs
[2022-10-25 15:07:35,809] {logging_mixin.py:115} INFO - [2022-10-25 15:07:35,808] {dag.py:2919} INFO - Setting next_dagrun for example_external_task_marker_child to None, run_after=None
[2022-10-25 15:07:35,809] {logging_mixin.py:115} INFO - [2022-10-25 15:07:35,809] {dag.py:2919} INFO - Setting next_dagrun for example_external_task_marker_parent to None, run_after=None
[2022-10-25 15:07:35,837] {processor.py:161} INFO - Processing /home/airflow/.local/lib/python3.7/site-packages/airflow/example_dags/example_external_task_marker_dag.py took 0.438 seconds
[2022-10-25 15:08:06,331] {processor.py:153} INFO - Started process (PID=879) to work on /home/airflow/.local/lib/python3.7/site-packages/airflow/example_dags/example_external_task_marker_dag.py
[2022-10-25 15:08:06,332] {processor.py:641} INFO - Processing file /home/airflow/.local/lib/python3.7/site-packages/airflow/example_dags/example_external_task_marker_dag.py for tasks to queue
[2022-10-25 15:08:06,334] {logging_mixin.py:115} INFO - [2022-10-25 15:08:06,333] {dagbag.py:507} INFO - Filling up the DagBag from /home/airflow/.local/lib/python3.7/site-packages/airflow/example_dags/example_external_task_marker_dag.py
[2022-10-25 15:08:06,342] {processor.py:651} INFO - DAG(s) dict_keys(['example_external_task_marker_parent', 'example_external_task_marker_child']) retrieved from /home/airflow/.local/lib/python3.7/site-packages/airflow/example_dags/example_external_task_marker_dag.py
[2022-10-25 15:08:06,447] {logging_mixin.py:115} INFO - [2022-10-25 15:08:06,447] {dag.py:2371} INFO - Sync 2 DAGs
[2022-10-25 15:08:06,631] {logging_mixin.py:115} INFO - [2022-10-25 15:08:06,631] {dag.py:2919} INFO - Setting next_dagrun for example_external_task_marker_child to None, run_after=None
[2022-10-25 15:08:06,632] {logging_mixin.py:115} INFO - [2022-10-25 15:08:06,632] {dag.py:2919} INFO - Setting next_dagrun for example_external_task_marker_parent to None, run_after=None
[2022-10-25 15:08:06,650] {processor.py:161} INFO - Processing /home/airflow/.local/lib/python3.7/site-packages/airflow/example_dags/example_external_task_marker_dag.py took 0.326 seconds
[2022-10-25 15:08:36,993] {processor.py:153} INFO - Started process (PID=942) to work on /home/airflow/.local/lib/python3.7/site-packages/airflow/example_dags/example_external_task_marker_dag.py
[2022-10-25 15:08:36,995] {processor.py:641} INFO - Processing file /home/airflow/.local/lib/python3.7/site-packages/airflow/example_dags/example_external_task_marker_dag.py for tasks to queue
[2022-10-25 15:08:36,997] {logging_mixin.py:115} INFO - [2022-10-25 15:08:36,996] {dagbag.py:507} INFO - Filling up the DagBag from /home/airflow/.local/lib/python3.7/site-packages/airflow/example_dags/example_external_task_marker_dag.py
[2022-10-25 15:08:37,008] {processor.py:651} INFO - DAG(s) dict_keys(['example_external_task_marker_parent', 'example_external_task_marker_child']) retrieved from /home/airflow/.local/lib/python3.7/site-packages/airflow/example_dags/example_external_task_marker_dag.py
[2022-10-25 15:08:37,139] {logging_mixin.py:115} INFO - [2022-10-25 15:08:37,139] {dag.py:2371} INFO - Sync 2 DAGs
[2022-10-25 15:08:37,398] {logging_mixin.py:115} INFO - [2022-10-25 15:08:37,397] {dag.py:2919} INFO - Setting next_dagrun for example_external_task_marker_child to None, run_after=None
[2022-10-25 15:08:37,399] {logging_mixin.py:115} INFO - [2022-10-25 15:08:37,399] {dag.py:2919} INFO - Setting next_dagrun for example_external_task_marker_parent to None, run_after=None
[2022-10-25 15:08:37,426] {processor.py:161} INFO - Processing /home/airflow/.local/lib/python3.7/site-packages/airflow/example_dags/example_external_task_marker_dag.py took 0.441 seconds
[2022-10-25 15:09:07,512] {processor.py:153} INFO - Started process (PID=996) to work on /home/airflow/.local/lib/python3.7/site-packages/airflow/example_dags/example_external_task_marker_dag.py
[2022-10-25 15:09:07,513] {processor.py:641} INFO - Processing file /home/airflow/.local/lib/python3.7/site-packages/airflow/example_dags/example_external_task_marker_dag.py for tasks to queue
[2022-10-25 15:09:07,514] {logging_mixin.py:115} INFO - [2022-10-25 15:09:07,514] {dagbag.py:507} INFO - Filling up the DagBag from /home/airflow/.local/lib/python3.7/site-packages/airflow/example_dags/example_external_task_marker_dag.py
[2022-10-25 15:09:07,521] {processor.py:651} INFO - DAG(s) dict_keys(['example_external_task_marker_parent', 'example_external_task_marker_child']) retrieved from /home/airflow/.local/lib/python3.7/site-packages/airflow/example_dags/example_external_task_marker_dag.py
[2022-10-25 15:09:07,603] {logging_mixin.py:115} INFO - [2022-10-25 15:09:07,603] {dag.py:2371} INFO - Sync 2 DAGs
[2022-10-25 15:09:07,814] {logging_mixin.py:115} INFO - [2022-10-25 15:09:07,814] {dag.py:2919} INFO - Setting next_dagrun for example_external_task_marker_child to None, run_after=None
[2022-10-25 15:09:07,815] {logging_mixin.py:115} INFO - [2022-10-25 15:09:07,815] {dag.py:2919} INFO - Setting next_dagrun for example_external_task_marker_parent to None, run_after=None
[2022-10-25 15:09:07,844] {processor.py:161} INFO - Processing /home/airflow/.local/lib/python3.7/site-packages/airflow/example_dags/example_external_task_marker_dag.py took 0.338 seconds
[2022-10-25 15:09:38,396] {processor.py:153} INFO - Started process (PID=1051) to work on /home/airflow/.local/lib/python3.7/site-packages/airflow/example_dags/example_external_task_marker_dag.py
[2022-10-25 15:09:38,398] {processor.py:641} INFO - Processing file /home/airflow/.local/lib/python3.7/site-packages/airflow/example_dags/example_external_task_marker_dag.py for tasks to queue
[2022-10-25 15:09:38,399] {logging_mixin.py:115} INFO - [2022-10-25 15:09:38,399] {dagbag.py:507} INFO - Filling up the DagBag from /home/airflow/.local/lib/python3.7/site-packages/airflow/example_dags/example_external_task_marker_dag.py
[2022-10-25 15:09:38,406] {processor.py:651} INFO - DAG(s) dict_keys(['example_external_task_marker_parent', 'example_external_task_marker_child']) retrieved from /home/airflow/.local/lib/python3.7/site-packages/airflow/example_dags/example_external_task_marker_dag.py
[2022-10-25 15:09:38,485] {logging_mixin.py:115} INFO - [2022-10-25 15:09:38,485] {dag.py:2371} INFO - Sync 2 DAGs
[2022-10-25 15:09:38,720] {logging_mixin.py:115} INFO - [2022-10-25 15:09:38,719] {dag.py:2919} INFO - Setting next_dagrun for example_external_task_marker_child to None, run_after=None
[2022-10-25 15:09:38,721] {logging_mixin.py:115} INFO - [2022-10-25 15:09:38,720] {dag.py:2919} INFO - Setting next_dagrun for example_external_task_marker_parent to None, run_after=None
[2022-10-25 15:09:38,750] {processor.py:161} INFO - Processing /home/airflow/.local/lib/python3.7/site-packages/airflow/example_dags/example_external_task_marker_dag.py took 0.357 seconds
[2022-10-25 15:10:09,041] {processor.py:153} INFO - Started process (PID=1114) to work on /home/airflow/.local/lib/python3.7/site-packages/airflow/example_dags/example_external_task_marker_dag.py
[2022-10-25 15:10:09,042] {processor.py:641} INFO - Processing file /home/airflow/.local/lib/python3.7/site-packages/airflow/example_dags/example_external_task_marker_dag.py for tasks to queue
[2022-10-25 15:10:09,043] {logging_mixin.py:115} INFO - [2022-10-25 15:10:09,043] {dagbag.py:507} INFO - Filling up the DagBag from /home/airflow/.local/lib/python3.7/site-packages/airflow/example_dags/example_external_task_marker_dag.py
[2022-10-25 15:10:09,055] {processor.py:651} INFO - DAG(s) dict_keys(['example_external_task_marker_parent', 'example_external_task_marker_child']) retrieved from /home/airflow/.local/lib/python3.7/site-packages/airflow/example_dags/example_external_task_marker_dag.py
[2022-10-25 15:10:09,160] {logging_mixin.py:115} INFO - [2022-10-25 15:10:09,159] {dag.py:2371} INFO - Sync 2 DAGs
[2022-10-25 15:10:09,423] {logging_mixin.py:115} INFO - [2022-10-25 15:10:09,422] {dag.py:2919} INFO - Setting next_dagrun for example_external_task_marker_child to None, run_after=None
[2022-10-25 15:10:09,424] {logging_mixin.py:115} INFO - [2022-10-25 15:10:09,423] {dag.py:2919} INFO - Setting next_dagrun for example_external_task_marker_parent to None, run_after=None
[2022-10-25 15:10:09,464] {processor.py:161} INFO - Processing /home/airflow/.local/lib/python3.7/site-packages/airflow/example_dags/example_external_task_marker_dag.py took 0.428 seconds
[2022-10-25 15:10:39,970] {processor.py:153} INFO - Started process (PID=1168) to work on /home/airflow/.local/lib/python3.7/site-packages/airflow/example_dags/example_external_task_marker_dag.py
[2022-10-25 15:10:39,977] {processor.py:641} INFO - Processing file /home/airflow/.local/lib/python3.7/site-packages/airflow/example_dags/example_external_task_marker_dag.py for tasks to queue
[2022-10-25 15:10:40,000] {logging_mixin.py:115} INFO - [2022-10-25 15:10:39,999] {dagbag.py:507} INFO - Filling up the DagBag from /home/airflow/.local/lib/python3.7/site-packages/airflow/example_dags/example_external_task_marker_dag.py
[2022-10-25 15:10:40,039] {processor.py:651} INFO - DAG(s) dict_keys(['example_external_task_marker_parent', 'example_external_task_marker_child']) retrieved from /home/airflow/.local/lib/python3.7/site-packages/airflow/example_dags/example_external_task_marker_dag.py
[2022-10-25 15:10:40,218] {logging_mixin.py:115} INFO - [2022-10-25 15:10:40,218] {dag.py:2371} INFO - Sync 2 DAGs
[2022-10-25 15:10:40,277] {logging_mixin.py:115} INFO - [2022-10-25 15:10:40,277] {dag.py:2919} INFO - Setting next_dagrun for example_external_task_marker_child to None, run_after=None
[2022-10-25 15:10:40,279] {logging_mixin.py:115} INFO - [2022-10-25 15:10:40,278] {dag.py:2919} INFO - Setting next_dagrun for example_external_task_marker_parent to None, run_after=None
[2022-10-25 15:10:40,332] {processor.py:161} INFO - Processing /home/airflow/.local/lib/python3.7/site-packages/airflow/example_dags/example_external_task_marker_dag.py took 0.374 seconds
[2022-10-25 15:11:10,844] {processor.py:153} INFO - Started process (PID=1223) to work on /home/airflow/.local/lib/python3.7/site-packages/airflow/example_dags/example_external_task_marker_dag.py
[2022-10-25 15:11:10,846] {processor.py:641} INFO - Processing file /home/airflow/.local/lib/python3.7/site-packages/airflow/example_dags/example_external_task_marker_dag.py for tasks to queue
[2022-10-25 15:11:10,848] {logging_mixin.py:115} INFO - [2022-10-25 15:11:10,848] {dagbag.py:507} INFO - Filling up the DagBag from /home/airflow/.local/lib/python3.7/site-packages/airflow/example_dags/example_external_task_marker_dag.py
[2022-10-25 15:11:10,856] {processor.py:651} INFO - DAG(s) dict_keys(['example_external_task_marker_parent', 'example_external_task_marker_child']) retrieved from /home/airflow/.local/lib/python3.7/site-packages/airflow/example_dags/example_external_task_marker_dag.py
[2022-10-25 15:11:10,976] {logging_mixin.py:115} INFO - [2022-10-25 15:11:10,975] {dag.py:2371} INFO - Sync 2 DAGs
[2022-10-25 15:11:11,031] {logging_mixin.py:115} INFO - [2022-10-25 15:11:11,031] {dag.py:2919} INFO - Setting next_dagrun for example_external_task_marker_child to None, run_after=None
[2022-10-25 15:11:11,033] {logging_mixin.py:115} INFO - [2022-10-25 15:11:11,033] {dag.py:2919} INFO - Setting next_dagrun for example_external_task_marker_parent to None, run_after=None
[2022-10-25 15:11:11,064] {processor.py:161} INFO - Processing /home/airflow/.local/lib/python3.7/site-packages/airflow/example_dags/example_external_task_marker_dag.py took 0.228 seconds
[2022-10-25 15:11:41,926] {processor.py:153} INFO - Started process (PID=1286) to work on /home/airflow/.local/lib/python3.7/site-packages/airflow/example_dags/example_external_task_marker_dag.py
[2022-10-25 15:11:41,928] {processor.py:641} INFO - Processing file /home/airflow/.local/lib/python3.7/site-packages/airflow/example_dags/example_external_task_marker_dag.py for tasks to queue
[2022-10-25 15:11:41,929] {logging_mixin.py:115} INFO - [2022-10-25 15:11:41,929] {dagbag.py:507} INFO - Filling up the DagBag from /home/airflow/.local/lib/python3.7/site-packages/airflow/example_dags/example_external_task_marker_dag.py
[2022-10-25 15:11:41,943] {processor.py:651} INFO - DAG(s) dict_keys(['example_external_task_marker_parent', 'example_external_task_marker_child']) retrieved from /home/airflow/.local/lib/python3.7/site-packages/airflow/example_dags/example_external_task_marker_dag.py
[2022-10-25 15:11:42,041] {logging_mixin.py:115} INFO - [2022-10-25 15:11:42,040] {dag.py:2371} INFO - Sync 2 DAGs
[2022-10-25 15:11:42,075] {logging_mixin.py:115} INFO - [2022-10-25 15:11:42,075] {dag.py:2919} INFO - Setting next_dagrun for example_external_task_marker_child to None, run_after=None
[2022-10-25 15:11:42,076] {logging_mixin.py:115} INFO - [2022-10-25 15:11:42,076] {dag.py:2919} INFO - Setting next_dagrun for example_external_task_marker_parent to None, run_after=None
[2022-10-25 15:11:42,100] {processor.py:161} INFO - Processing /home/airflow/.local/lib/python3.7/site-packages/airflow/example_dags/example_external_task_marker_dag.py took 0.178 seconds
[2022-10-25 15:12:12,365] {processor.py:153} INFO - Started process (PID=1340) to work on /home/airflow/.local/lib/python3.7/site-packages/airflow/example_dags/example_external_task_marker_dag.py
[2022-10-25 15:12:12,367] {processor.py:641} INFO - Processing file /home/airflow/.local/lib/python3.7/site-packages/airflow/example_dags/example_external_task_marker_dag.py for tasks to queue
[2022-10-25 15:12:12,368] {logging_mixin.py:115} INFO - [2022-10-25 15:12:12,368] {dagbag.py:507} INFO - Filling up the DagBag from /home/airflow/.local/lib/python3.7/site-packages/airflow/example_dags/example_external_task_marker_dag.py
[2022-10-25 15:12:12,384] {processor.py:651} INFO - DAG(s) dict_keys(['example_external_task_marker_parent', 'example_external_task_marker_child']) retrieved from /home/airflow/.local/lib/python3.7/site-packages/airflow/example_dags/example_external_task_marker_dag.py
[2022-10-25 15:12:12,614] {logging_mixin.py:115} INFO - [2022-10-25 15:12:12,614] {dag.py:2371} INFO - Sync 2 DAGs
[2022-10-25 15:12:12,715] {logging_mixin.py:115} INFO - [2022-10-25 15:12:12,715] {dag.py:2919} INFO - Setting next_dagrun for example_external_task_marker_child to None, run_after=None
[2022-10-25 15:12:12,719] {logging_mixin.py:115} INFO - [2022-10-25 15:12:12,718] {dag.py:2919} INFO - Setting next_dagrun for example_external_task_marker_parent to None, run_after=None
[2022-10-25 15:12:12,775] {processor.py:161} INFO - Processing /home/airflow/.local/lib/python3.7/site-packages/airflow/example_dags/example_external_task_marker_dag.py took 0.427 seconds
[2022-10-25 15:12:43,149] {processor.py:153} INFO - Started process (PID=1394) to work on /home/airflow/.local/lib/python3.7/site-packages/airflow/example_dags/example_external_task_marker_dag.py
[2022-10-25 15:12:43,150] {processor.py:641} INFO - Processing file /home/airflow/.local/lib/python3.7/site-packages/airflow/example_dags/example_external_task_marker_dag.py for tasks to queue
[2022-10-25 15:12:43,151] {logging_mixin.py:115} INFO - [2022-10-25 15:12:43,151] {dagbag.py:507} INFO - Filling up the DagBag from /home/airflow/.local/lib/python3.7/site-packages/airflow/example_dags/example_external_task_marker_dag.py
[2022-10-25 15:12:43,158] {processor.py:651} INFO - DAG(s) dict_keys(['example_external_task_marker_parent', 'example_external_task_marker_child']) retrieved from /home/airflow/.local/lib/python3.7/site-packages/airflow/example_dags/example_external_task_marker_dag.py
[2022-10-25 15:12:43,247] {logging_mixin.py:115} INFO - [2022-10-25 15:12:43,247] {dag.py:2371} INFO - Sync 2 DAGs
[2022-10-25 15:12:43,282] {logging_mixin.py:115} INFO - [2022-10-25 15:12:43,282] {dag.py:2919} INFO - Setting next_dagrun for example_external_task_marker_child to None, run_after=None
[2022-10-25 15:12:43,283] {logging_mixin.py:115} INFO - [2022-10-25 15:12:43,283] {dag.py:2919} INFO - Setting next_dagrun for example_external_task_marker_parent to None, run_after=None
[2022-10-25 15:12:43,308] {processor.py:161} INFO - Processing /home/airflow/.local/lib/python3.7/site-packages/airflow/example_dags/example_external_task_marker_dag.py took 0.164 seconds
[2022-10-25 15:13:13,717] {processor.py:153} INFO - Started process (PID=1449) to work on /home/airflow/.local/lib/python3.7/site-packages/airflow/example_dags/example_external_task_marker_dag.py
[2022-10-25 15:13:13,718] {processor.py:641} INFO - Processing file /home/airflow/.local/lib/python3.7/site-packages/airflow/example_dags/example_external_task_marker_dag.py for tasks to queue
[2022-10-25 15:13:13,719] {logging_mixin.py:115} INFO - [2022-10-25 15:13:13,719] {dagbag.py:507} INFO - Filling up the DagBag from /home/airflow/.local/lib/python3.7/site-packages/airflow/example_dags/example_external_task_marker_dag.py
[2022-10-25 15:13:13,726] {processor.py:651} INFO - DAG(s) dict_keys(['example_external_task_marker_parent', 'example_external_task_marker_child']) retrieved from /home/airflow/.local/lib/python3.7/site-packages/airflow/example_dags/example_external_task_marker_dag.py
[2022-10-25 15:13:13,809] {logging_mixin.py:115} INFO - [2022-10-25 15:13:13,808] {dag.py:2371} INFO - Sync 2 DAGs
[2022-10-25 15:13:13,850] {logging_mixin.py:115} INFO - [2022-10-25 15:13:13,850] {dag.py:2919} INFO - Setting next_dagrun for example_external_task_marker_child to None, run_after=None
[2022-10-25 15:13:13,851] {logging_mixin.py:115} INFO - [2022-10-25 15:13:13,851] {dag.py:2919} INFO - Setting next_dagrun for example_external_task_marker_parent to None, run_after=None
[2022-10-25 15:13:13,874] {processor.py:161} INFO - Processing /home/airflow/.local/lib/python3.7/site-packages/airflow/example_dags/example_external_task_marker_dag.py took 0.162 seconds
[2022-10-25 15:13:43,972] {processor.py:153} INFO - Started process (PID=1513) to work on /home/airflow/.local/lib/python3.7/site-packages/airflow/example_dags/example_external_task_marker_dag.py
[2022-10-25 15:13:43,973] {processor.py:641} INFO - Processing file /home/airflow/.local/lib/python3.7/site-packages/airflow/example_dags/example_external_task_marker_dag.py for tasks to queue
[2022-10-25 15:13:43,975] {logging_mixin.py:115} INFO - [2022-10-25 15:13:43,974] {dagbag.py:507} INFO - Filling up the DagBag from /home/airflow/.local/lib/python3.7/site-packages/airflow/example_dags/example_external_task_marker_dag.py
[2022-10-25 15:13:43,982] {processor.py:651} INFO - DAG(s) dict_keys(['example_external_task_marker_parent', 'example_external_task_marker_child']) retrieved from /home/airflow/.local/lib/python3.7/site-packages/airflow/example_dags/example_external_task_marker_dag.py
[2022-10-25 15:13:44,058] {logging_mixin.py:115} INFO - [2022-10-25 15:13:44,058] {dag.py:2371} INFO - Sync 2 DAGs
[2022-10-25 15:13:44,096] {logging_mixin.py:115} INFO - [2022-10-25 15:13:44,096] {dag.py:2919} INFO - Setting next_dagrun for example_external_task_marker_child to None, run_after=None
[2022-10-25 15:13:44,097] {logging_mixin.py:115} INFO - [2022-10-25 15:13:44,097] {dag.py:2919} INFO - Setting next_dagrun for example_external_task_marker_parent to None, run_after=None
[2022-10-25 15:13:44,118] {processor.py:161} INFO - Processing /home/airflow/.local/lib/python3.7/site-packages/airflow/example_dags/example_external_task_marker_dag.py took 0.151 seconds
[2022-10-25 15:14:14,389] {processor.py:153} INFO - Started process (PID=1567) to work on /home/airflow/.local/lib/python3.7/site-packages/airflow/example_dags/example_external_task_marker_dag.py
[2022-10-25 15:14:14,390] {processor.py:641} INFO - Processing file /home/airflow/.local/lib/python3.7/site-packages/airflow/example_dags/example_external_task_marker_dag.py for tasks to queue
[2022-10-25 15:14:14,391] {logging_mixin.py:115} INFO - [2022-10-25 15:14:14,391] {dagbag.py:507} INFO - Filling up the DagBag from /home/airflow/.local/lib/python3.7/site-packages/airflow/example_dags/example_external_task_marker_dag.py
[2022-10-25 15:14:14,399] {processor.py:651} INFO - DAG(s) dict_keys(['example_external_task_marker_parent', 'example_external_task_marker_child']) retrieved from /home/airflow/.local/lib/python3.7/site-packages/airflow/example_dags/example_external_task_marker_dag.py
[2022-10-25 15:14:14,481] {logging_mixin.py:115} INFO - [2022-10-25 15:14:14,481] {dag.py:2371} INFO - Sync 2 DAGs
[2022-10-25 15:14:14,515] {logging_mixin.py:115} INFO - [2022-10-25 15:14:14,515] {dag.py:2919} INFO - Setting next_dagrun for example_external_task_marker_child to None, run_after=None
[2022-10-25 15:14:14,516] {logging_mixin.py:115} INFO - [2022-10-25 15:14:14,516] {dag.py:2919} INFO - Setting next_dagrun for example_external_task_marker_parent to None, run_after=None
[2022-10-25 15:14:14,536] {processor.py:161} INFO - Processing /home/airflow/.local/lib/python3.7/site-packages/airflow/example_dags/example_external_task_marker_dag.py took 0.153 seconds
[2022-10-25 15:14:45,041] {processor.py:153} INFO - Started process (PID=1623) to work on /home/airflow/.local/lib/python3.7/site-packages/airflow/example_dags/example_external_task_marker_dag.py
[2022-10-25 15:14:45,042] {processor.py:641} INFO - Processing file /home/airflow/.local/lib/python3.7/site-packages/airflow/example_dags/example_external_task_marker_dag.py for tasks to queue
[2022-10-25 15:14:45,043] {logging_mixin.py:115} INFO - [2022-10-25 15:14:45,043] {dagbag.py:507} INFO - Filling up the DagBag from /home/airflow/.local/lib/python3.7/site-packages/airflow/example_dags/example_external_task_marker_dag.py
[2022-10-25 15:14:45,051] {processor.py:651} INFO - DAG(s) dict_keys(['example_external_task_marker_parent', 'example_external_task_marker_child']) retrieved from /home/airflow/.local/lib/python3.7/site-packages/airflow/example_dags/example_external_task_marker_dag.py
[2022-10-25 15:14:45,129] {logging_mixin.py:115} INFO - [2022-10-25 15:14:45,129] {dag.py:2371} INFO - Sync 2 DAGs
[2022-10-25 15:14:45,181] {logging_mixin.py:115} INFO - [2022-10-25 15:14:45,180] {dag.py:2919} INFO - Setting next_dagrun for example_external_task_marker_child to None, run_after=None
[2022-10-25 15:14:45,181] {logging_mixin.py:115} INFO - [2022-10-25 15:14:45,181] {dag.py:2919} INFO - Setting next_dagrun for example_external_task_marker_parent to None, run_after=None
[2022-10-25 15:14:45,207] {processor.py:161} INFO - Processing /home/airflow/.local/lib/python3.7/site-packages/airflow/example_dags/example_external_task_marker_dag.py took 0.170 seconds
