[2022-10-25 15:00:42,324] {processor.py:153} INFO - Started process (PID=93) to work on /home/airflow/.local/lib/python3.7/site-packages/airflow/example_dags/example_bash_operator.py
[2022-10-25 15:00:42,358] {processor.py:641} INFO - Processing file /home/airflow/.local/lib/python3.7/site-packages/airflow/example_dags/example_bash_operator.py for tasks to queue
[2022-10-25 15:00:42,377] {logging_mixin.py:115} INFO - [2022-10-25 15:00:42,377] {dagbag.py:507} INFO - Filling up the DagBag from /home/airflow/.local/lib/python3.7/site-packages/airflow/example_dags/example_bash_operator.py
[2022-10-25 15:00:42,482] {processor.py:651} INFO - DAG(s) dict_keys(['example_bash_operator']) retrieved from /home/airflow/.local/lib/python3.7/site-packages/airflow/example_dags/example_bash_operator.py
[2022-10-25 15:00:42,667] {logging_mixin.py:115} INFO - [2022-10-25 15:00:42,667] {dag.py:2371} INFO - Sync 1 DAGs
[2022-10-25 15:00:43,373] {logging_mixin.py:115} INFO - [2022-10-25 15:00:43,373] {dag.py:2919} INFO - Setting next_dagrun for example_bash_operator to 2022-10-24T00:00:00+00:00, run_after=2022-10-25T00:00:00+00:00
[2022-10-25 15:00:43,423] {processor.py:161} INFO - Processing /home/airflow/.local/lib/python3.7/site-packages/airflow/example_dags/example_bash_operator.py took 1.104 seconds
[2022-10-25 15:01:14,020] {processor.py:153} INFO - Started process (PID=147) to work on /home/airflow/.local/lib/python3.7/site-packages/airflow/example_dags/example_bash_operator.py
[2022-10-25 15:01:14,025] {processor.py:641} INFO - Processing file /home/airflow/.local/lib/python3.7/site-packages/airflow/example_dags/example_bash_operator.py for tasks to queue
[2022-10-25 15:01:14,027] {logging_mixin.py:115} INFO - [2022-10-25 15:01:14,026] {dagbag.py:507} INFO - Filling up the DagBag from /home/airflow/.local/lib/python3.7/site-packages/airflow/example_dags/example_bash_operator.py
[2022-10-25 15:01:14,083] {processor.py:651} INFO - DAG(s) dict_keys(['example_bash_operator']) retrieved from /home/airflow/.local/lib/python3.7/site-packages/airflow/example_dags/example_bash_operator.py
[2022-10-25 15:01:14,150] {logging_mixin.py:115} INFO - [2022-10-25 15:01:14,150] {dag.py:2371} INFO - Sync 1 DAGs
[2022-10-25 15:01:14,389] {logging_mixin.py:115} INFO - [2022-10-25 15:01:14,389] {dag.py:2919} INFO - Setting next_dagrun for example_bash_operator to 2022-10-24T00:00:00+00:00, run_after=2022-10-25T00:00:00+00:00
[2022-10-25 15:01:14,414] {processor.py:161} INFO - Processing /home/airflow/.local/lib/python3.7/site-packages/airflow/example_dags/example_bash_operator.py took 0.399 seconds
[2022-10-25 15:01:44,680] {processor.py:153} INFO - Started process (PID=202) to work on /home/airflow/.local/lib/python3.7/site-packages/airflow/example_dags/example_bash_operator.py
[2022-10-25 15:01:44,692] {processor.py:641} INFO - Processing file /home/airflow/.local/lib/python3.7/site-packages/airflow/example_dags/example_bash_operator.py for tasks to queue
[2022-10-25 15:01:44,694] {logging_mixin.py:115} INFO - [2022-10-25 15:01:44,694] {dagbag.py:507} INFO - Filling up the DagBag from /home/airflow/.local/lib/python3.7/site-packages/airflow/example_dags/example_bash_operator.py
[2022-10-25 15:01:44,736] {processor.py:651} INFO - DAG(s) dict_keys(['example_bash_operator']) retrieved from /home/airflow/.local/lib/python3.7/site-packages/airflow/example_dags/example_bash_operator.py
[2022-10-25 15:01:44,848] {logging_mixin.py:115} INFO - [2022-10-25 15:01:44,848] {dag.py:2371} INFO - Sync 1 DAGs
[2022-10-25 15:01:45,250] {logging_mixin.py:115} INFO - [2022-10-25 15:01:45,249] {dag.py:2919} INFO - Setting next_dagrun for example_bash_operator to 2022-10-24T00:00:00+00:00, run_after=2022-10-25T00:00:00+00:00
[2022-10-25 15:01:45,278] {processor.py:161} INFO - Processing /home/airflow/.local/lib/python3.7/site-packages/airflow/example_dags/example_bash_operator.py took 0.604 seconds
[2022-10-25 15:02:15,381] {processor.py:153} INFO - Started process (PID=255) to work on /home/airflow/.local/lib/python3.7/site-packages/airflow/example_dags/example_bash_operator.py
[2022-10-25 15:02:15,383] {processor.py:641} INFO - Processing file /home/airflow/.local/lib/python3.7/site-packages/airflow/example_dags/example_bash_operator.py for tasks to queue
[2022-10-25 15:02:15,385] {logging_mixin.py:115} INFO - [2022-10-25 15:02:15,384] {dagbag.py:507} INFO - Filling up the DagBag from /home/airflow/.local/lib/python3.7/site-packages/airflow/example_dags/example_bash_operator.py
[2022-10-25 15:02:15,420] {processor.py:651} INFO - DAG(s) dict_keys(['example_bash_operator']) retrieved from /home/airflow/.local/lib/python3.7/site-packages/airflow/example_dags/example_bash_operator.py
[2022-10-25 15:02:15,491] {logging_mixin.py:115} INFO - [2022-10-25 15:02:15,491] {dag.py:2371} INFO - Sync 1 DAGs
[2022-10-25 15:02:15,773] {logging_mixin.py:115} INFO - [2022-10-25 15:02:15,773] {dag.py:2919} INFO - Setting next_dagrun for example_bash_operator to 2022-10-24T00:00:00+00:00, run_after=2022-10-25T00:00:00+00:00
[2022-10-25 15:02:15,815] {processor.py:161} INFO - Processing /home/airflow/.local/lib/python3.7/site-packages/airflow/example_dags/example_bash_operator.py took 0.441 seconds
[2022-10-25 15:02:47,394] {processor.py:153} INFO - Started process (PID=310) to work on /home/airflow/.local/lib/python3.7/site-packages/airflow/example_dags/example_bash_operator.py
[2022-10-25 15:02:47,396] {processor.py:641} INFO - Processing file /home/airflow/.local/lib/python3.7/site-packages/airflow/example_dags/example_bash_operator.py for tasks to queue
[2022-10-25 15:02:47,398] {logging_mixin.py:115} INFO - [2022-10-25 15:02:47,398] {dagbag.py:507} INFO - Filling up the DagBag from /home/airflow/.local/lib/python3.7/site-packages/airflow/example_dags/example_bash_operator.py
[2022-10-25 15:02:47,424] {processor.py:651} INFO - DAG(s) dict_keys(['example_bash_operator']) retrieved from /home/airflow/.local/lib/python3.7/site-packages/airflow/example_dags/example_bash_operator.py
[2022-10-25 15:02:47,487] {logging_mixin.py:115} INFO - [2022-10-25 15:02:47,487] {dag.py:2371} INFO - Sync 1 DAGs
[2022-10-25 15:02:47,821] {logging_mixin.py:115} INFO - [2022-10-25 15:02:47,821] {dag.py:2919} INFO - Setting next_dagrun for example_bash_operator to 2022-10-24T00:00:00+00:00, run_after=2022-10-25T00:00:00+00:00
[2022-10-25 15:02:47,858] {processor.py:161} INFO - Processing /home/airflow/.local/lib/python3.7/site-packages/airflow/example_dags/example_bash_operator.py took 0.474 seconds
[2022-10-25 15:03:18,284] {processor.py:153} INFO - Started process (PID=366) to work on /home/airflow/.local/lib/python3.7/site-packages/airflow/example_dags/example_bash_operator.py
[2022-10-25 15:03:18,285] {processor.py:641} INFO - Processing file /home/airflow/.local/lib/python3.7/site-packages/airflow/example_dags/example_bash_operator.py for tasks to queue
[2022-10-25 15:03:18,287] {logging_mixin.py:115} INFO - [2022-10-25 15:03:18,287] {dagbag.py:507} INFO - Filling up the DagBag from /home/airflow/.local/lib/python3.7/site-packages/airflow/example_dags/example_bash_operator.py
[2022-10-25 15:03:18,313] {processor.py:651} INFO - DAG(s) dict_keys(['example_bash_operator']) retrieved from /home/airflow/.local/lib/python3.7/site-packages/airflow/example_dags/example_bash_operator.py
[2022-10-25 15:03:18,374] {logging_mixin.py:115} INFO - [2022-10-25 15:03:18,373] {dag.py:2371} INFO - Sync 1 DAGs
[2022-10-25 15:03:18,727] {logging_mixin.py:115} INFO - [2022-10-25 15:03:18,727] {dag.py:2919} INFO - Setting next_dagrun for example_bash_operator to 2022-10-24T00:00:00+00:00, run_after=2022-10-25T00:00:00+00:00
[2022-10-25 15:03:18,756] {processor.py:161} INFO - Processing /home/airflow/.local/lib/python3.7/site-packages/airflow/example_dags/example_bash_operator.py took 0.479 seconds
[2022-10-25 15:03:49,516] {processor.py:153} INFO - Started process (PID=420) to work on /home/airflow/.local/lib/python3.7/site-packages/airflow/example_dags/example_bash_operator.py
[2022-10-25 15:03:49,518] {processor.py:641} INFO - Processing file /home/airflow/.local/lib/python3.7/site-packages/airflow/example_dags/example_bash_operator.py for tasks to queue
[2022-10-25 15:03:49,519] {logging_mixin.py:115} INFO - [2022-10-25 15:03:49,519] {dagbag.py:507} INFO - Filling up the DagBag from /home/airflow/.local/lib/python3.7/site-packages/airflow/example_dags/example_bash_operator.py
[2022-10-25 15:03:49,551] {processor.py:651} INFO - DAG(s) dict_keys(['example_bash_operator']) retrieved from /home/airflow/.local/lib/python3.7/site-packages/airflow/example_dags/example_bash_operator.py
[2022-10-25 15:03:49,704] {logging_mixin.py:115} INFO - [2022-10-25 15:03:49,704] {dag.py:2371} INFO - Sync 1 DAGs
[2022-10-25 15:03:50,532] {logging_mixin.py:115} INFO - [2022-10-25 15:03:50,532] {dag.py:2919} INFO - Setting next_dagrun for example_bash_operator to 2022-10-24T00:00:00+00:00, run_after=2022-10-25T00:00:00+00:00
[2022-10-25 15:03:50,687] {processor.py:161} INFO - Processing /home/airflow/.local/lib/python3.7/site-packages/airflow/example_dags/example_bash_operator.py took 1.176 seconds
[2022-10-25 15:04:21,078] {processor.py:153} INFO - Started process (PID=475) to work on /home/airflow/.local/lib/python3.7/site-packages/airflow/example_dags/example_bash_operator.py
[2022-10-25 15:04:21,080] {processor.py:641} INFO - Processing file /home/airflow/.local/lib/python3.7/site-packages/airflow/example_dags/example_bash_operator.py for tasks to queue
[2022-10-25 15:04:21,081] {logging_mixin.py:115} INFO - [2022-10-25 15:04:21,081] {dagbag.py:507} INFO - Filling up the DagBag from /home/airflow/.local/lib/python3.7/site-packages/airflow/example_dags/example_bash_operator.py
[2022-10-25 15:04:21,111] {processor.py:651} INFO - DAG(s) dict_keys(['example_bash_operator']) retrieved from /home/airflow/.local/lib/python3.7/site-packages/airflow/example_dags/example_bash_operator.py
[2022-10-25 15:04:21,207] {logging_mixin.py:115} INFO - [2022-10-25 15:04:21,207] {dag.py:2371} INFO - Sync 1 DAGs
[2022-10-25 15:04:21,732] {logging_mixin.py:115} INFO - [2022-10-25 15:04:21,732] {dag.py:2919} INFO - Setting next_dagrun for example_bash_operator to 2022-10-24T00:00:00+00:00, run_after=2022-10-25T00:00:00+00:00
[2022-10-25 15:04:21,811] {processor.py:161} INFO - Processing /home/airflow/.local/lib/python3.7/site-packages/airflow/example_dags/example_bash_operator.py took 0.739 seconds
[2022-10-25 15:04:52,030] {processor.py:153} INFO - Started process (PID=529) to work on /home/airflow/.local/lib/python3.7/site-packages/airflow/example_dags/example_bash_operator.py
[2022-10-25 15:04:52,039] {processor.py:641} INFO - Processing file /home/airflow/.local/lib/python3.7/site-packages/airflow/example_dags/example_bash_operator.py for tasks to queue
[2022-10-25 15:04:52,042] {logging_mixin.py:115} INFO - [2022-10-25 15:04:52,042] {dagbag.py:507} INFO - Filling up the DagBag from /home/airflow/.local/lib/python3.7/site-packages/airflow/example_dags/example_bash_operator.py
[2022-10-25 15:04:52,092] {processor.py:651} INFO - DAG(s) dict_keys(['example_bash_operator']) retrieved from /home/airflow/.local/lib/python3.7/site-packages/airflow/example_dags/example_bash_operator.py
[2022-10-25 15:04:52,256] {logging_mixin.py:115} INFO - [2022-10-25 15:04:52,256] {dag.py:2371} INFO - Sync 1 DAGs
[2022-10-25 15:04:52,502] {logging_mixin.py:115} INFO - [2022-10-25 15:04:52,502] {dag.py:2919} INFO - Setting next_dagrun for example_bash_operator to 2022-10-24T00:00:00+00:00, run_after=2022-10-25T00:00:00+00:00
[2022-10-25 15:04:52,523] {processor.py:161} INFO - Processing /home/airflow/.local/lib/python3.7/site-packages/airflow/example_dags/example_bash_operator.py took 0.500 seconds
[2022-10-25 15:05:23,459] {processor.py:153} INFO - Started process (PID=585) to work on /home/airflow/.local/lib/python3.7/site-packages/airflow/example_dags/example_bash_operator.py
[2022-10-25 15:05:23,460] {processor.py:641} INFO - Processing file /home/airflow/.local/lib/python3.7/site-packages/airflow/example_dags/example_bash_operator.py for tasks to queue
[2022-10-25 15:05:23,462] {logging_mixin.py:115} INFO - [2022-10-25 15:05:23,462] {dagbag.py:507} INFO - Filling up the DagBag from /home/airflow/.local/lib/python3.7/site-packages/airflow/example_dags/example_bash_operator.py
[2022-10-25 15:05:23,504] {processor.py:651} INFO - DAG(s) dict_keys(['example_bash_operator']) retrieved from /home/airflow/.local/lib/python3.7/site-packages/airflow/example_dags/example_bash_operator.py
[2022-10-25 15:05:24,171] {logging_mixin.py:115} INFO - [2022-10-25 15:05:24,170] {dag.py:2371} INFO - Sync 1 DAGs
[2022-10-25 15:05:24,362] {logging_mixin.py:115} INFO - [2022-10-25 15:05:24,361] {dag.py:2919} INFO - Setting next_dagrun for example_bash_operator to 2022-10-24T00:00:00+00:00, run_after=2022-10-25T00:00:00+00:00
[2022-10-25 15:05:24,450] {processor.py:161} INFO - Processing /home/airflow/.local/lib/python3.7/site-packages/airflow/example_dags/example_bash_operator.py took 0.996 seconds
[2022-10-25 15:05:55,132] {processor.py:153} INFO - Started process (PID=643) to work on /home/airflow/.local/lib/python3.7/site-packages/airflow/example_dags/example_bash_operator.py
[2022-10-25 15:05:55,133] {processor.py:641} INFO - Processing file /home/airflow/.local/lib/python3.7/site-packages/airflow/example_dags/example_bash_operator.py for tasks to queue
[2022-10-25 15:05:55,146] {logging_mixin.py:115} INFO - [2022-10-25 15:05:55,146] {dagbag.py:507} INFO - Filling up the DagBag from /home/airflow/.local/lib/python3.7/site-packages/airflow/example_dags/example_bash_operator.py
[2022-10-25 15:05:55,215] {processor.py:651} INFO - DAG(s) dict_keys(['example_bash_operator']) retrieved from /home/airflow/.local/lib/python3.7/site-packages/airflow/example_dags/example_bash_operator.py
[2022-10-25 15:05:55,685] {logging_mixin.py:115} INFO - [2022-10-25 15:05:55,684] {dag.py:2371} INFO - Sync 1 DAGs
[2022-10-25 15:05:55,749] {logging_mixin.py:115} INFO - [2022-10-25 15:05:55,749] {dag.py:2919} INFO - Setting next_dagrun for example_bash_operator to 2022-10-24T00:00:00+00:00, run_after=2022-10-25T00:00:00+00:00
[2022-10-25 15:05:55,785] {processor.py:161} INFO - Processing /home/airflow/.local/lib/python3.7/site-packages/airflow/example_dags/example_bash_operator.py took 0.671 seconds
[2022-10-25 15:06:26,236] {processor.py:153} INFO - Started process (PID=701) to work on /home/airflow/.local/lib/python3.7/site-packages/airflow/example_dags/example_bash_operator.py
[2022-10-25 15:06:26,240] {processor.py:641} INFO - Processing file /home/airflow/.local/lib/python3.7/site-packages/airflow/example_dags/example_bash_operator.py for tasks to queue
[2022-10-25 15:06:26,241] {logging_mixin.py:115} INFO - [2022-10-25 15:06:26,241] {dagbag.py:507} INFO - Filling up the DagBag from /home/airflow/.local/lib/python3.7/site-packages/airflow/example_dags/example_bash_operator.py
[2022-10-25 15:06:26,285] {processor.py:651} INFO - DAG(s) dict_keys(['example_bash_operator']) retrieved from /home/airflow/.local/lib/python3.7/site-packages/airflow/example_dags/example_bash_operator.py
[2022-10-25 15:06:26,611] {logging_mixin.py:115} INFO - [2022-10-25 15:06:26,611] {dag.py:2371} INFO - Sync 1 DAGs
[2022-10-25 15:06:26,706] {logging_mixin.py:115} INFO - [2022-10-25 15:06:26,706] {dag.py:2919} INFO - Setting next_dagrun for example_bash_operator to 2022-10-24T00:00:00+00:00, run_after=2022-10-25T00:00:00+00:00
[2022-10-25 15:06:26,757] {processor.py:161} INFO - Processing /home/airflow/.local/lib/python3.7/site-packages/airflow/example_dags/example_bash_operator.py took 0.527 seconds
[2022-10-25 15:06:56,999] {processor.py:153} INFO - Started process (PID=755) to work on /home/airflow/.local/lib/python3.7/site-packages/airflow/example_dags/example_bash_operator.py
[2022-10-25 15:06:57,001] {processor.py:641} INFO - Processing file /home/airflow/.local/lib/python3.7/site-packages/airflow/example_dags/example_bash_operator.py for tasks to queue
[2022-10-25 15:06:57,002] {logging_mixin.py:115} INFO - [2022-10-25 15:06:57,002] {dagbag.py:507} INFO - Filling up the DagBag from /home/airflow/.local/lib/python3.7/site-packages/airflow/example_dags/example_bash_operator.py
[2022-10-25 15:06:57,023] {processor.py:651} INFO - DAG(s) dict_keys(['example_bash_operator']) retrieved from /home/airflow/.local/lib/python3.7/site-packages/airflow/example_dags/example_bash_operator.py
[2022-10-25 15:06:57,242] {logging_mixin.py:115} INFO - [2022-10-25 15:06:57,242] {dag.py:2371} INFO - Sync 1 DAGs
[2022-10-25 15:06:57,275] {logging_mixin.py:115} INFO - [2022-10-25 15:06:57,275] {dag.py:2919} INFO - Setting next_dagrun for example_bash_operator to 2022-10-24T00:00:00+00:00, run_after=2022-10-25T00:00:00+00:00
[2022-10-25 15:06:57,298] {processor.py:161} INFO - Processing /home/airflow/.local/lib/python3.7/site-packages/airflow/example_dags/example_bash_operator.py took 0.304 seconds
[2022-10-25 15:07:28,157] {processor.py:153} INFO - Started process (PID=814) to work on /home/airflow/.local/lib/python3.7/site-packages/airflow/example_dags/example_bash_operator.py
[2022-10-25 15:07:28,158] {processor.py:641} INFO - Processing file /home/airflow/.local/lib/python3.7/site-packages/airflow/example_dags/example_bash_operator.py for tasks to queue
[2022-10-25 15:07:28,160] {logging_mixin.py:115} INFO - [2022-10-25 15:07:28,160] {dagbag.py:507} INFO - Filling up the DagBag from /home/airflow/.local/lib/python3.7/site-packages/airflow/example_dags/example_bash_operator.py
[2022-10-25 15:07:28,200] {processor.py:651} INFO - DAG(s) dict_keys(['example_bash_operator']) retrieved from /home/airflow/.local/lib/python3.7/site-packages/airflow/example_dags/example_bash_operator.py
[2022-10-25 15:07:28,556] {logging_mixin.py:115} INFO - [2022-10-25 15:07:28,556] {dag.py:2371} INFO - Sync 1 DAGs
[2022-10-25 15:07:28,604] {logging_mixin.py:115} INFO - [2022-10-25 15:07:28,604] {dag.py:2919} INFO - Setting next_dagrun for example_bash_operator to 2022-10-24T00:00:00+00:00, run_after=2022-10-25T00:00:00+00:00
[2022-10-25 15:07:28,632] {processor.py:161} INFO - Processing /home/airflow/.local/lib/python3.7/site-packages/airflow/example_dags/example_bash_operator.py took 0.486 seconds
[2022-10-25 15:07:59,117] {processor.py:153} INFO - Started process (PID=867) to work on /home/airflow/.local/lib/python3.7/site-packages/airflow/example_dags/example_bash_operator.py
[2022-10-25 15:07:59,118] {processor.py:641} INFO - Processing file /home/airflow/.local/lib/python3.7/site-packages/airflow/example_dags/example_bash_operator.py for tasks to queue
[2022-10-25 15:07:59,131] {logging_mixin.py:115} INFO - [2022-10-25 15:07:59,131] {dagbag.py:507} INFO - Filling up the DagBag from /home/airflow/.local/lib/python3.7/site-packages/airflow/example_dags/example_bash_operator.py
[2022-10-25 15:07:59,227] {processor.py:651} INFO - DAG(s) dict_keys(['example_bash_operator']) retrieved from /home/airflow/.local/lib/python3.7/site-packages/airflow/example_dags/example_bash_operator.py
[2022-10-25 15:07:59,640] {logging_mixin.py:115} INFO - [2022-10-25 15:07:59,640] {dag.py:2371} INFO - Sync 1 DAGs
[2022-10-25 15:07:59,699] {logging_mixin.py:115} INFO - [2022-10-25 15:07:59,698] {dag.py:2919} INFO - Setting next_dagrun for example_bash_operator to 2022-10-24T00:00:00+00:00, run_after=2022-10-25T00:00:00+00:00
[2022-10-25 15:07:59,755] {processor.py:161} INFO - Processing /home/airflow/.local/lib/python3.7/site-packages/airflow/example_dags/example_bash_operator.py took 0.656 seconds
[2022-10-25 15:08:29,868] {processor.py:153} INFO - Started process (PID=921) to work on /home/airflow/.local/lib/python3.7/site-packages/airflow/example_dags/example_bash_operator.py
[2022-10-25 15:08:29,873] {processor.py:641} INFO - Processing file /home/airflow/.local/lib/python3.7/site-packages/airflow/example_dags/example_bash_operator.py for tasks to queue
[2022-10-25 15:08:29,876] {logging_mixin.py:115} INFO - [2022-10-25 15:08:29,876] {dagbag.py:507} INFO - Filling up the DagBag from /home/airflow/.local/lib/python3.7/site-packages/airflow/example_dags/example_bash_operator.py
[2022-10-25 15:08:29,940] {processor.py:651} INFO - DAG(s) dict_keys(['example_bash_operator']) retrieved from /home/airflow/.local/lib/python3.7/site-packages/airflow/example_dags/example_bash_operator.py
[2022-10-25 15:08:30,762] {logging_mixin.py:115} INFO - [2022-10-25 15:08:30,762] {dag.py:2371} INFO - Sync 1 DAGs
[2022-10-25 15:08:30,825] {logging_mixin.py:115} INFO - [2022-10-25 15:08:30,824] {dag.py:2919} INFO - Setting next_dagrun for example_bash_operator to 2022-10-24T00:00:00+00:00, run_after=2022-10-25T00:00:00+00:00
[2022-10-25 15:08:30,858] {processor.py:161} INFO - Processing /home/airflow/.local/lib/python3.7/site-packages/airflow/example_dags/example_bash_operator.py took 1.003 seconds
[2022-10-25 15:09:01,018] {processor.py:153} INFO - Started process (PID=975) to work on /home/airflow/.local/lib/python3.7/site-packages/airflow/example_dags/example_bash_operator.py
[2022-10-25 15:09:01,019] {processor.py:641} INFO - Processing file /home/airflow/.local/lib/python3.7/site-packages/airflow/example_dags/example_bash_operator.py for tasks to queue
[2022-10-25 15:09:01,021] {logging_mixin.py:115} INFO - [2022-10-25 15:09:01,021] {dagbag.py:507} INFO - Filling up the DagBag from /home/airflow/.local/lib/python3.7/site-packages/airflow/example_dags/example_bash_operator.py
[2022-10-25 15:09:01,044] {processor.py:651} INFO - DAG(s) dict_keys(['example_bash_operator']) retrieved from /home/airflow/.local/lib/python3.7/site-packages/airflow/example_dags/example_bash_operator.py
[2022-10-25 15:09:01,382] {logging_mixin.py:115} INFO - [2022-10-25 15:09:01,374] {dag.py:2371} INFO - Sync 1 DAGs
[2022-10-25 15:09:01,547] {logging_mixin.py:115} INFO - [2022-10-25 15:09:01,546] {dag.py:2919} INFO - Setting next_dagrun for example_bash_operator to 2022-10-24T00:00:00+00:00, run_after=2022-10-25T00:00:00+00:00
[2022-10-25 15:09:01,589] {processor.py:161} INFO - Processing /home/airflow/.local/lib/python3.7/site-packages/airflow/example_dags/example_bash_operator.py took 0.577 seconds
[2022-10-25 15:09:31,948] {processor.py:153} INFO - Started process (PID=1039) to work on /home/airflow/.local/lib/python3.7/site-packages/airflow/example_dags/example_bash_operator.py
[2022-10-25 15:09:31,950] {processor.py:641} INFO - Processing file /home/airflow/.local/lib/python3.7/site-packages/airflow/example_dags/example_bash_operator.py for tasks to queue
[2022-10-25 15:09:31,953] {logging_mixin.py:115} INFO - [2022-10-25 15:09:31,953] {dagbag.py:507} INFO - Filling up the DagBag from /home/airflow/.local/lib/python3.7/site-packages/airflow/example_dags/example_bash_operator.py
[2022-10-25 15:09:31,976] {processor.py:651} INFO - DAG(s) dict_keys(['example_bash_operator']) retrieved from /home/airflow/.local/lib/python3.7/site-packages/airflow/example_dags/example_bash_operator.py
[2022-10-25 15:09:32,246] {logging_mixin.py:115} INFO - [2022-10-25 15:09:32,245] {dag.py:2371} INFO - Sync 1 DAGs
[2022-10-25 15:09:32,288] {logging_mixin.py:115} INFO - [2022-10-25 15:09:32,288] {dag.py:2919} INFO - Setting next_dagrun for example_bash_operator to 2022-10-24T00:00:00+00:00, run_after=2022-10-25T00:00:00+00:00
[2022-10-25 15:09:32,316] {processor.py:161} INFO - Processing /home/airflow/.local/lib/python3.7/site-packages/airflow/example_dags/example_bash_operator.py took 0.374 seconds
[2022-10-25 15:10:02,769] {processor.py:153} INFO - Started process (PID=1093) to work on /home/airflow/.local/lib/python3.7/site-packages/airflow/example_dags/example_bash_operator.py
[2022-10-25 15:10:02,770] {processor.py:641} INFO - Processing file /home/airflow/.local/lib/python3.7/site-packages/airflow/example_dags/example_bash_operator.py for tasks to queue
[2022-10-25 15:10:02,771] {logging_mixin.py:115} INFO - [2022-10-25 15:10:02,771] {dagbag.py:507} INFO - Filling up the DagBag from /home/airflow/.local/lib/python3.7/site-packages/airflow/example_dags/example_bash_operator.py
[2022-10-25 15:10:02,785] {processor.py:651} INFO - DAG(s) dict_keys(['example_bash_operator']) retrieved from /home/airflow/.local/lib/python3.7/site-packages/airflow/example_dags/example_bash_operator.py
[2022-10-25 15:10:03,010] {logging_mixin.py:115} INFO - [2022-10-25 15:10:03,010] {dag.py:2371} INFO - Sync 1 DAGs
[2022-10-25 15:10:03,061] {logging_mixin.py:115} INFO - [2022-10-25 15:10:03,060] {dag.py:2919} INFO - Setting next_dagrun for example_bash_operator to 2022-10-24T00:00:00+00:00, run_after=2022-10-25T00:00:00+00:00
[2022-10-25 15:10:03,086] {processor.py:161} INFO - Processing /home/airflow/.local/lib/python3.7/site-packages/airflow/example_dags/example_bash_operator.py took 0.321 seconds
[2022-10-25 15:10:33,288] {processor.py:153} INFO - Started process (PID=1146) to work on /home/airflow/.local/lib/python3.7/site-packages/airflow/example_dags/example_bash_operator.py
[2022-10-25 15:10:33,291] {processor.py:641} INFO - Processing file /home/airflow/.local/lib/python3.7/site-packages/airflow/example_dags/example_bash_operator.py for tasks to queue
[2022-10-25 15:10:33,296] {logging_mixin.py:115} INFO - [2022-10-25 15:10:33,296] {dagbag.py:507} INFO - Filling up the DagBag from /home/airflow/.local/lib/python3.7/site-packages/airflow/example_dags/example_bash_operator.py
[2022-10-25 15:10:33,367] {processor.py:651} INFO - DAG(s) dict_keys(['example_bash_operator']) retrieved from /home/airflow/.local/lib/python3.7/site-packages/airflow/example_dags/example_bash_operator.py
[2022-10-25 15:10:33,508] {logging_mixin.py:115} INFO - [2022-10-25 15:10:33,508] {dag.py:2371} INFO - Sync 1 DAGs
[2022-10-25 15:10:33,820] {logging_mixin.py:115} INFO - [2022-10-25 15:10:33,820] {dag.py:2919} INFO - Setting next_dagrun for example_bash_operator to 2022-10-24T00:00:00+00:00, run_after=2022-10-25T00:00:00+00:00
[2022-10-25 15:10:33,949] {processor.py:161} INFO - Processing /home/airflow/.local/lib/python3.7/site-packages/airflow/example_dags/example_bash_operator.py took 0.675 seconds
[2022-10-25 15:11:04,326] {processor.py:153} INFO - Started process (PID=1211) to work on /home/airflow/.local/lib/python3.7/site-packages/airflow/example_dags/example_bash_operator.py
[2022-10-25 15:11:04,328] {processor.py:641} INFO - Processing file /home/airflow/.local/lib/python3.7/site-packages/airflow/example_dags/example_bash_operator.py for tasks to queue
[2022-10-25 15:11:04,338] {logging_mixin.py:115} INFO - [2022-10-25 15:11:04,338] {dagbag.py:507} INFO - Filling up the DagBag from /home/airflow/.local/lib/python3.7/site-packages/airflow/example_dags/example_bash_operator.py
[2022-10-25 15:11:04,391] {processor.py:651} INFO - DAG(s) dict_keys(['example_bash_operator']) retrieved from /home/airflow/.local/lib/python3.7/site-packages/airflow/example_dags/example_bash_operator.py
[2022-10-25 15:11:04,498] {logging_mixin.py:115} INFO - [2022-10-25 15:11:04,498] {dag.py:2371} INFO - Sync 1 DAGs
[2022-10-25 15:11:04,551] {logging_mixin.py:115} INFO - [2022-10-25 15:11:04,551] {dag.py:2919} INFO - Setting next_dagrun for example_bash_operator to 2022-10-24T00:00:00+00:00, run_after=2022-10-25T00:00:00+00:00
[2022-10-25 15:11:04,588] {processor.py:161} INFO - Processing /home/airflow/.local/lib/python3.7/site-packages/airflow/example_dags/example_bash_operator.py took 0.271 seconds
[2022-10-25 15:11:34,700] {processor.py:153} INFO - Started process (PID=1266) to work on /home/airflow/.local/lib/python3.7/site-packages/airflow/example_dags/example_bash_operator.py
[2022-10-25 15:11:34,701] {processor.py:641} INFO - Processing file /home/airflow/.local/lib/python3.7/site-packages/airflow/example_dags/example_bash_operator.py for tasks to queue
[2022-10-25 15:11:34,702] {logging_mixin.py:115} INFO - [2022-10-25 15:11:34,702] {dagbag.py:507} INFO - Filling up the DagBag from /home/airflow/.local/lib/python3.7/site-packages/airflow/example_dags/example_bash_operator.py
[2022-10-25 15:11:34,735] {processor.py:651} INFO - DAG(s) dict_keys(['example_bash_operator']) retrieved from /home/airflow/.local/lib/python3.7/site-packages/airflow/example_dags/example_bash_operator.py
[2022-10-25 15:11:34,799] {logging_mixin.py:115} INFO - [2022-10-25 15:11:34,799] {dag.py:2371} INFO - Sync 1 DAGs
[2022-10-25 15:11:34,863] {logging_mixin.py:115} INFO - [2022-10-25 15:11:34,863] {dag.py:2919} INFO - Setting next_dagrun for example_bash_operator to 2022-10-24T00:00:00+00:00, run_after=2022-10-25T00:00:00+00:00
[2022-10-25 15:11:34,896] {processor.py:161} INFO - Processing /home/airflow/.local/lib/python3.7/site-packages/airflow/example_dags/example_bash_operator.py took 0.199 seconds
[2022-10-25 15:12:05,454] {processor.py:153} INFO - Started process (PID=1328) to work on /home/airflow/.local/lib/python3.7/site-packages/airflow/example_dags/example_bash_operator.py
[2022-10-25 15:12:05,455] {processor.py:641} INFO - Processing file /home/airflow/.local/lib/python3.7/site-packages/airflow/example_dags/example_bash_operator.py for tasks to queue
[2022-10-25 15:12:05,456] {logging_mixin.py:115} INFO - [2022-10-25 15:12:05,456] {dagbag.py:507} INFO - Filling up the DagBag from /home/airflow/.local/lib/python3.7/site-packages/airflow/example_dags/example_bash_operator.py
[2022-10-25 15:12:05,491] {processor.py:651} INFO - DAG(s) dict_keys(['example_bash_operator']) retrieved from /home/airflow/.local/lib/python3.7/site-packages/airflow/example_dags/example_bash_operator.py
[2022-10-25 15:12:05,541] {logging_mixin.py:115} INFO - [2022-10-25 15:12:05,541] {dag.py:2371} INFO - Sync 1 DAGs
[2022-10-25 15:12:05,584] {logging_mixin.py:115} INFO - [2022-10-25 15:12:05,584] {dag.py:2919} INFO - Setting next_dagrun for example_bash_operator to 2022-10-24T00:00:00+00:00, run_after=2022-10-25T00:00:00+00:00
[2022-10-25 15:12:05,615] {processor.py:161} INFO - Processing /home/airflow/.local/lib/python3.7/site-packages/airflow/example_dags/example_bash_operator.py took 0.167 seconds
[2022-10-25 15:12:36,016] {processor.py:153} INFO - Started process (PID=1380) to work on /home/airflow/.local/lib/python3.7/site-packages/airflow/example_dags/example_bash_operator.py
[2022-10-25 15:12:36,017] {processor.py:641} INFO - Processing file /home/airflow/.local/lib/python3.7/site-packages/airflow/example_dags/example_bash_operator.py for tasks to queue
[2022-10-25 15:12:36,021] {logging_mixin.py:115} INFO - [2022-10-25 15:12:36,020] {dagbag.py:507} INFO - Filling up the DagBag from /home/airflow/.local/lib/python3.7/site-packages/airflow/example_dags/example_bash_operator.py
[2022-10-25 15:12:36,072] {processor.py:651} INFO - DAG(s) dict_keys(['example_bash_operator']) retrieved from /home/airflow/.local/lib/python3.7/site-packages/airflow/example_dags/example_bash_operator.py
[2022-10-25 15:12:36,176] {logging_mixin.py:115} INFO - [2022-10-25 15:12:36,176] {dag.py:2371} INFO - Sync 1 DAGs
[2022-10-25 15:12:36,249] {logging_mixin.py:115} INFO - [2022-10-25 15:12:36,249] {dag.py:2919} INFO - Setting next_dagrun for example_bash_operator to 2022-10-24T00:00:00+00:00, run_after=2022-10-25T00:00:00+00:00
[2022-10-25 15:12:36,302] {processor.py:161} INFO - Processing /home/airflow/.local/lib/python3.7/site-packages/airflow/example_dags/example_bash_operator.py took 0.294 seconds
[2022-10-25 15:13:06,420] {processor.py:153} INFO - Started process (PID=1437) to work on /home/airflow/.local/lib/python3.7/site-packages/airflow/example_dags/example_bash_operator.py
[2022-10-25 15:13:06,422] {processor.py:641} INFO - Processing file /home/airflow/.local/lib/python3.7/site-packages/airflow/example_dags/example_bash_operator.py for tasks to queue
[2022-10-25 15:13:06,423] {logging_mixin.py:115} INFO - [2022-10-25 15:13:06,423] {dagbag.py:507} INFO - Filling up the DagBag from /home/airflow/.local/lib/python3.7/site-packages/airflow/example_dags/example_bash_operator.py
[2022-10-25 15:13:06,459] {processor.py:651} INFO - DAG(s) dict_keys(['example_bash_operator']) retrieved from /home/airflow/.local/lib/python3.7/site-packages/airflow/example_dags/example_bash_operator.py
[2022-10-25 15:13:06,525] {logging_mixin.py:115} INFO - [2022-10-25 15:13:06,525] {dag.py:2371} INFO - Sync 1 DAGs
[2022-10-25 15:13:06,579] {logging_mixin.py:115} INFO - [2022-10-25 15:13:06,578] {dag.py:2919} INFO - Setting next_dagrun for example_bash_operator to 2022-10-24T00:00:00+00:00, run_after=2022-10-25T00:00:00+00:00
[2022-10-25 15:13:06,626] {processor.py:161} INFO - Processing /home/airflow/.local/lib/python3.7/site-packages/airflow/example_dags/example_bash_operator.py took 0.214 seconds
[2022-10-25 15:13:37,478] {processor.py:153} INFO - Started process (PID=1492) to work on /home/airflow/.local/lib/python3.7/site-packages/airflow/example_dags/example_bash_operator.py
[2022-10-25 15:13:37,479] {processor.py:641} INFO - Processing file /home/airflow/.local/lib/python3.7/site-packages/airflow/example_dags/example_bash_operator.py for tasks to queue
[2022-10-25 15:13:37,480] {logging_mixin.py:115} INFO - [2022-10-25 15:13:37,480] {dagbag.py:507} INFO - Filling up the DagBag from /home/airflow/.local/lib/python3.7/site-packages/airflow/example_dags/example_bash_operator.py
[2022-10-25 15:13:37,506] {processor.py:651} INFO - DAG(s) dict_keys(['example_bash_operator']) retrieved from /home/airflow/.local/lib/python3.7/site-packages/airflow/example_dags/example_bash_operator.py
[2022-10-25 15:13:37,580] {logging_mixin.py:115} INFO - [2022-10-25 15:13:37,579] {dag.py:2371} INFO - Sync 1 DAGs
[2022-10-25 15:13:37,635] {logging_mixin.py:115} INFO - [2022-10-25 15:13:37,634] {dag.py:2919} INFO - Setting next_dagrun for example_bash_operator to 2022-10-24T00:00:00+00:00, run_after=2022-10-25T00:00:00+00:00
[2022-10-25 15:13:37,656] {processor.py:161} INFO - Processing /home/airflow/.local/lib/python3.7/site-packages/airflow/example_dags/example_bash_operator.py took 0.184 seconds
[2022-10-25 15:14:08,125] {processor.py:153} INFO - Started process (PID=1546) to work on /home/airflow/.local/lib/python3.7/site-packages/airflow/example_dags/example_bash_operator.py
[2022-10-25 15:14:08,126] {processor.py:641} INFO - Processing file /home/airflow/.local/lib/python3.7/site-packages/airflow/example_dags/example_bash_operator.py for tasks to queue
[2022-10-25 15:14:08,127] {logging_mixin.py:115} INFO - [2022-10-25 15:14:08,127] {dagbag.py:507} INFO - Filling up the DagBag from /home/airflow/.local/lib/python3.7/site-packages/airflow/example_dags/example_bash_operator.py
[2022-10-25 15:14:08,171] {processor.py:651} INFO - DAG(s) dict_keys(['example_bash_operator']) retrieved from /home/airflow/.local/lib/python3.7/site-packages/airflow/example_dags/example_bash_operator.py
[2022-10-25 15:14:08,221] {logging_mixin.py:115} INFO - [2022-10-25 15:14:08,221] {dag.py:2371} INFO - Sync 1 DAGs
[2022-10-25 15:14:08,260] {logging_mixin.py:115} INFO - [2022-10-25 15:14:08,260] {dag.py:2919} INFO - Setting next_dagrun for example_bash_operator to 2022-10-24T00:00:00+00:00, run_after=2022-10-25T00:00:00+00:00
[2022-10-25 15:14:08,282] {processor.py:161} INFO - Processing /home/airflow/.local/lib/python3.7/site-packages/airflow/example_dags/example_bash_operator.py took 0.162 seconds
[2022-10-25 15:14:38,369] {processor.py:153} INFO - Started process (PID=1610) to work on /home/airflow/.local/lib/python3.7/site-packages/airflow/example_dags/example_bash_operator.py
[2022-10-25 15:14:38,370] {processor.py:641} INFO - Processing file /home/airflow/.local/lib/python3.7/site-packages/airflow/example_dags/example_bash_operator.py for tasks to queue
[2022-10-25 15:14:38,371] {logging_mixin.py:115} INFO - [2022-10-25 15:14:38,371] {dagbag.py:507} INFO - Filling up the DagBag from /home/airflow/.local/lib/python3.7/site-packages/airflow/example_dags/example_bash_operator.py
[2022-10-25 15:14:38,406] {processor.py:651} INFO - DAG(s) dict_keys(['example_bash_operator']) retrieved from /home/airflow/.local/lib/python3.7/site-packages/airflow/example_dags/example_bash_operator.py
[2022-10-25 15:14:38,460] {logging_mixin.py:115} INFO - [2022-10-25 15:14:38,460] {dag.py:2371} INFO - Sync 1 DAGs
[2022-10-25 15:14:38,501] {logging_mixin.py:115} INFO - [2022-10-25 15:14:38,501] {dag.py:2919} INFO - Setting next_dagrun for example_bash_operator to 2022-10-24T00:00:00+00:00, run_after=2022-10-25T00:00:00+00:00
[2022-10-25 15:14:38,525] {processor.py:161} INFO - Processing /home/airflow/.local/lib/python3.7/site-packages/airflow/example_dags/example_bash_operator.py took 0.163 seconds
[2022-10-25 15:15:09,338] {processor.py:153} INFO - Started process (PID=1665) to work on /home/airflow/.local/lib/python3.7/site-packages/airflow/example_dags/example_bash_operator.py
[2022-10-25 15:15:09,339] {processor.py:641} INFO - Processing file /home/airflow/.local/lib/python3.7/site-packages/airflow/example_dags/example_bash_operator.py for tasks to queue
[2022-10-25 15:15:09,343] {logging_mixin.py:115} INFO - [2022-10-25 15:15:09,341] {dagbag.py:507} INFO - Filling up the DagBag from /home/airflow/.local/lib/python3.7/site-packages/airflow/example_dags/example_bash_operator.py
[2022-10-25 15:15:09,392] {processor.py:651} INFO - DAG(s) dict_keys(['example_bash_operator']) retrieved from /home/airflow/.local/lib/python3.7/site-packages/airflow/example_dags/example_bash_operator.py
[2022-10-25 15:15:09,490] {logging_mixin.py:115} INFO - [2022-10-25 15:15:09,490] {dag.py:2371} INFO - Sync 1 DAGs
[2022-10-25 15:15:09,651] {logging_mixin.py:115} INFO - [2022-10-25 15:15:09,651] {dag.py:2919} INFO - Setting next_dagrun for example_bash_operator to 2022-10-24T00:00:00+00:00, run_after=2022-10-25T00:00:00+00:00
[2022-10-25 15:15:09,730] {processor.py:161} INFO - Processing /home/airflow/.local/lib/python3.7/site-packages/airflow/example_dags/example_bash_operator.py took 0.398 seconds
[2022-10-25 15:15:40,352] {processor.py:153} INFO - Started process (PID=1719) to work on /home/airflow/.local/lib/python3.7/site-packages/airflow/example_dags/example_bash_operator.py
[2022-10-25 15:15:40,353] {processor.py:641} INFO - Processing file /home/airflow/.local/lib/python3.7/site-packages/airflow/example_dags/example_bash_operator.py for tasks to queue
[2022-10-25 15:15:40,355] {logging_mixin.py:115} INFO - [2022-10-25 15:15:40,355] {dagbag.py:507} INFO - Filling up the DagBag from /home/airflow/.local/lib/python3.7/site-packages/airflow/example_dags/example_bash_operator.py
[2022-10-25 15:15:40,660] {processor.py:651} INFO - DAG(s) dict_keys(['example_bash_operator']) retrieved from /home/airflow/.local/lib/python3.7/site-packages/airflow/example_dags/example_bash_operator.py
[2022-10-25 15:15:40,705] {logging_mixin.py:115} INFO - [2022-10-25 15:15:40,705] {dag.py:2371} INFO - Sync 1 DAGs
[2022-10-25 15:15:40,743] {logging_mixin.py:115} INFO - [2022-10-25 15:15:40,743] {dag.py:2919} INFO - Setting next_dagrun for example_bash_operator to 2022-10-24T00:00:00+00:00, run_after=2022-10-25T00:00:00+00:00
[2022-10-25 15:15:40,787] {processor.py:161} INFO - Processing /home/airflow/.local/lib/python3.7/site-packages/airflow/example_dags/example_bash_operator.py took 0.441 seconds
[2022-10-25 15:16:11,155] {processor.py:153} INFO - Started process (PID=1773) to work on /home/airflow/.local/lib/python3.7/site-packages/airflow/example_dags/example_bash_operator.py
[2022-10-25 15:16:11,157] {processor.py:641} INFO - Processing file /home/airflow/.local/lib/python3.7/site-packages/airflow/example_dags/example_bash_operator.py for tasks to queue
[2022-10-25 15:16:11,159] {logging_mixin.py:115} INFO - [2022-10-25 15:16:11,159] {dagbag.py:507} INFO - Filling up the DagBag from /home/airflow/.local/lib/python3.7/site-packages/airflow/example_dags/example_bash_operator.py
[2022-10-25 15:16:11,499] {processor.py:651} INFO - DAG(s) dict_keys(['example_bash_operator']) retrieved from /home/airflow/.local/lib/python3.7/site-packages/airflow/example_dags/example_bash_operator.py
[2022-10-25 15:16:11,561] {logging_mixin.py:115} INFO - [2022-10-25 15:16:11,561] {dag.py:2371} INFO - Sync 1 DAGs
[2022-10-25 15:16:11,611] {logging_mixin.py:115} INFO - [2022-10-25 15:16:11,611] {dag.py:2919} INFO - Setting next_dagrun for example_bash_operator to 2022-10-24T00:00:00+00:00, run_after=2022-10-25T00:00:00+00:00
[2022-10-25 15:16:11,637] {processor.py:161} INFO - Processing /home/airflow/.local/lib/python3.7/site-packages/airflow/example_dags/example_bash_operator.py took 0.489 seconds
[2022-10-25 15:16:42,345] {processor.py:153} INFO - Started process (PID=1837) to work on /home/airflow/.local/lib/python3.7/site-packages/airflow/example_dags/example_bash_operator.py
[2022-10-25 15:16:42,346] {processor.py:641} INFO - Processing file /home/airflow/.local/lib/python3.7/site-packages/airflow/example_dags/example_bash_operator.py for tasks to queue
[2022-10-25 15:16:42,347] {logging_mixin.py:115} INFO - [2022-10-25 15:16:42,347] {dagbag.py:507} INFO - Filling up the DagBag from /home/airflow/.local/lib/python3.7/site-packages/airflow/example_dags/example_bash_operator.py
[2022-10-25 15:16:42,630] {processor.py:651} INFO - DAG(s) dict_keys(['example_bash_operator']) retrieved from /home/airflow/.local/lib/python3.7/site-packages/airflow/example_dags/example_bash_operator.py
[2022-10-25 15:16:42,662] {logging_mixin.py:115} INFO - [2022-10-25 15:16:42,662] {dag.py:2371} INFO - Sync 1 DAGs
[2022-10-25 15:16:42,699] {logging_mixin.py:115} INFO - [2022-10-25 15:16:42,699] {dag.py:2919} INFO - Setting next_dagrun for example_bash_operator to 2022-10-24T00:00:00+00:00, run_after=2022-10-25T00:00:00+00:00
[2022-10-25 15:16:42,718] {processor.py:161} INFO - Processing /home/airflow/.local/lib/python3.7/site-packages/airflow/example_dags/example_bash_operator.py took 0.380 seconds
[2022-10-25 15:17:13,220] {processor.py:153} INFO - Started process (PID=1891) to work on /home/airflow/.local/lib/python3.7/site-packages/airflow/example_dags/example_bash_operator.py
[2022-10-25 15:17:13,235] {processor.py:641} INFO - Processing file /home/airflow/.local/lib/python3.7/site-packages/airflow/example_dags/example_bash_operator.py for tasks to queue
[2022-10-25 15:17:13,245] {logging_mixin.py:115} INFO - [2022-10-25 15:17:13,245] {dagbag.py:507} INFO - Filling up the DagBag from /home/airflow/.local/lib/python3.7/site-packages/airflow/example_dags/example_bash_operator.py
[2022-10-25 15:17:13,574] {processor.py:651} INFO - DAG(s) dict_keys(['example_bash_operator']) retrieved from /home/airflow/.local/lib/python3.7/site-packages/airflow/example_dags/example_bash_operator.py
[2022-10-25 15:17:13,637] {logging_mixin.py:115} INFO - [2022-10-25 15:17:13,637] {dag.py:2371} INFO - Sync 1 DAGs
[2022-10-25 15:17:13,697] {logging_mixin.py:115} INFO - [2022-10-25 15:17:13,697] {dag.py:2919} INFO - Setting next_dagrun for example_bash_operator to 2022-10-24T00:00:00+00:00, run_after=2022-10-25T00:00:00+00:00
[2022-10-25 15:17:13,729] {processor.py:161} INFO - Processing /home/airflow/.local/lib/python3.7/site-packages/airflow/example_dags/example_bash_operator.py took 0.518 seconds
[2022-10-25 15:17:44,700] {processor.py:153} INFO - Started process (PID=1955) to work on /home/airflow/.local/lib/python3.7/site-packages/airflow/example_dags/example_bash_operator.py
[2022-10-25 15:17:44,704] {processor.py:641} INFO - Processing file /home/airflow/.local/lib/python3.7/site-packages/airflow/example_dags/example_bash_operator.py for tasks to queue
[2022-10-25 15:17:44,708] {logging_mixin.py:115} INFO - [2022-10-25 15:17:44,707] {dagbag.py:507} INFO - Filling up the DagBag from /home/airflow/.local/lib/python3.7/site-packages/airflow/example_dags/example_bash_operator.py
[2022-10-25 15:17:45,209] {processor.py:651} INFO - DAG(s) dict_keys(['example_bash_operator']) retrieved from /home/airflow/.local/lib/python3.7/site-packages/airflow/example_dags/example_bash_operator.py
[2022-10-25 15:17:45,318] {logging_mixin.py:115} INFO - [2022-10-25 15:17:45,317] {dag.py:2371} INFO - Sync 1 DAGs
[2022-10-25 15:17:45,395] {logging_mixin.py:115} INFO - [2022-10-25 15:17:45,394] {dag.py:2919} INFO - Setting next_dagrun for example_bash_operator to 2022-10-24T00:00:00+00:00, run_after=2022-10-25T00:00:00+00:00
[2022-10-25 15:17:45,452] {processor.py:161} INFO - Processing /home/airflow/.local/lib/python3.7/site-packages/airflow/example_dags/example_bash_operator.py took 0.756 seconds
[2022-10-25 15:18:15,866] {processor.py:153} INFO - Started process (PID=2008) to work on /home/airflow/.local/lib/python3.7/site-packages/airflow/example_dags/example_bash_operator.py
[2022-10-25 15:18:15,867] {processor.py:641} INFO - Processing file /home/airflow/.local/lib/python3.7/site-packages/airflow/example_dags/example_bash_operator.py for tasks to queue
[2022-10-25 15:18:15,868] {logging_mixin.py:115} INFO - [2022-10-25 15:18:15,868] {dagbag.py:507} INFO - Filling up the DagBag from /home/airflow/.local/lib/python3.7/site-packages/airflow/example_dags/example_bash_operator.py
[2022-10-25 15:18:16,053] {processor.py:651} INFO - DAG(s) dict_keys(['example_bash_operator']) retrieved from /home/airflow/.local/lib/python3.7/site-packages/airflow/example_dags/example_bash_operator.py
[2022-10-25 15:18:16,090] {logging_mixin.py:115} INFO - [2022-10-25 15:18:16,089] {dag.py:2371} INFO - Sync 1 DAGs
[2022-10-25 15:18:16,122] {logging_mixin.py:115} INFO - [2022-10-25 15:18:16,122] {dag.py:2919} INFO - Setting next_dagrun for example_bash_operator to 2022-10-24T00:00:00+00:00, run_after=2022-10-25T00:00:00+00:00
[2022-10-25 15:18:16,148] {processor.py:161} INFO - Processing /home/airflow/.local/lib/python3.7/site-packages/airflow/example_dags/example_bash_operator.py took 0.286 seconds
[2022-10-25 15:18:46,403] {processor.py:153} INFO - Started process (PID=2064) to work on /home/airflow/.local/lib/python3.7/site-packages/airflow/example_dags/example_bash_operator.py
[2022-10-25 15:18:46,405] {processor.py:641} INFO - Processing file /home/airflow/.local/lib/python3.7/site-packages/airflow/example_dags/example_bash_operator.py for tasks to queue
[2022-10-25 15:18:46,406] {logging_mixin.py:115} INFO - [2022-10-25 15:18:46,406] {dagbag.py:507} INFO - Filling up the DagBag from /home/airflow/.local/lib/python3.7/site-packages/airflow/example_dags/example_bash_operator.py
[2022-10-25 15:18:46,602] {processor.py:651} INFO - DAG(s) dict_keys(['example_bash_operator']) retrieved from /home/airflow/.local/lib/python3.7/site-packages/airflow/example_dags/example_bash_operator.py
[2022-10-25 15:18:46,636] {logging_mixin.py:115} INFO - [2022-10-25 15:18:46,636] {dag.py:2371} INFO - Sync 1 DAGs
[2022-10-25 15:18:46,669] {logging_mixin.py:115} INFO - [2022-10-25 15:18:46,668] {dag.py:2919} INFO - Setting next_dagrun for example_bash_operator to 2022-10-24T00:00:00+00:00, run_after=2022-10-25T00:00:00+00:00
[2022-10-25 15:18:46,690] {processor.py:161} INFO - Processing /home/airflow/.local/lib/python3.7/site-packages/airflow/example_dags/example_bash_operator.py took 0.292 seconds
[2022-10-25 15:19:17,674] {processor.py:153} INFO - Started process (PID=2129) to work on /home/airflow/.local/lib/python3.7/site-packages/airflow/example_dags/example_bash_operator.py
[2022-10-25 15:19:17,676] {processor.py:641} INFO - Processing file /home/airflow/.local/lib/python3.7/site-packages/airflow/example_dags/example_bash_operator.py for tasks to queue
[2022-10-25 15:19:17,681] {logging_mixin.py:115} INFO - [2022-10-25 15:19:17,681] {dagbag.py:507} INFO - Filling up the DagBag from /home/airflow/.local/lib/python3.7/site-packages/airflow/example_dags/example_bash_operator.py
[2022-10-25 15:19:18,406] {processor.py:651} INFO - DAG(s) dict_keys(['example_bash_operator']) retrieved from /home/airflow/.local/lib/python3.7/site-packages/airflow/example_dags/example_bash_operator.py
[2022-10-25 15:19:18,575] {logging_mixin.py:115} INFO - [2022-10-25 15:19:18,575] {dag.py:2371} INFO - Sync 1 DAGs
[2022-10-25 15:19:18,674] {logging_mixin.py:115} INFO - [2022-10-25 15:19:18,674] {dag.py:2919} INFO - Setting next_dagrun for example_bash_operator to 2022-10-24T00:00:00+00:00, run_after=2022-10-25T00:00:00+00:00
[2022-10-25 15:19:18,749] {processor.py:161} INFO - Processing /home/airflow/.local/lib/python3.7/site-packages/airflow/example_dags/example_bash_operator.py took 1.115 seconds
[2022-10-25 15:19:49,096] {processor.py:153} INFO - Started process (PID=2181) to work on /home/airflow/.local/lib/python3.7/site-packages/airflow/example_dags/example_bash_operator.py
[2022-10-25 15:19:49,097] {processor.py:641} INFO - Processing file /home/airflow/.local/lib/python3.7/site-packages/airflow/example_dags/example_bash_operator.py for tasks to queue
[2022-10-25 15:19:49,098] {logging_mixin.py:115} INFO - [2022-10-25 15:19:49,098] {dagbag.py:507} INFO - Filling up the DagBag from /home/airflow/.local/lib/python3.7/site-packages/airflow/example_dags/example_bash_operator.py
[2022-10-25 15:19:49,317] {processor.py:651} INFO - DAG(s) dict_keys(['example_bash_operator']) retrieved from /home/airflow/.local/lib/python3.7/site-packages/airflow/example_dags/example_bash_operator.py
[2022-10-25 15:19:49,352] {logging_mixin.py:115} INFO - [2022-10-25 15:19:49,352] {dag.py:2371} INFO - Sync 1 DAGs
[2022-10-25 15:19:49,393] {logging_mixin.py:115} INFO - [2022-10-25 15:19:49,393] {dag.py:2919} INFO - Setting next_dagrun for example_bash_operator to 2022-10-24T00:00:00+00:00, run_after=2022-10-25T00:00:00+00:00
[2022-10-25 15:19:49,415] {processor.py:161} INFO - Processing /home/airflow/.local/lib/python3.7/site-packages/airflow/example_dags/example_bash_operator.py took 0.325 seconds
[2022-10-25 15:20:19,482] {processor.py:153} INFO - Started process (PID=2236) to work on /home/airflow/.local/lib/python3.7/site-packages/airflow/example_dags/example_bash_operator.py
[2022-10-25 15:20:19,483] {processor.py:641} INFO - Processing file /home/airflow/.local/lib/python3.7/site-packages/airflow/example_dags/example_bash_operator.py for tasks to queue
[2022-10-25 15:20:19,485] {logging_mixin.py:115} INFO - [2022-10-25 15:20:19,484] {dagbag.py:507} INFO - Filling up the DagBag from /home/airflow/.local/lib/python3.7/site-packages/airflow/example_dags/example_bash_operator.py
[2022-10-25 15:20:19,505] {processor.py:651} INFO - DAG(s) dict_keys(['example_bash_operator']) retrieved from /home/airflow/.local/lib/python3.7/site-packages/airflow/example_dags/example_bash_operator.py
[2022-10-25 15:20:19,548] {logging_mixin.py:115} INFO - [2022-10-25 15:20:19,548] {dag.py:2371} INFO - Sync 1 DAGs
[2022-10-25 15:20:19,592] {logging_mixin.py:115} INFO - [2022-10-25 15:20:19,592] {dag.py:2919} INFO - Setting next_dagrun for example_bash_operator to 2022-10-24T00:00:00+00:00, run_after=2022-10-25T00:00:00+00:00
[2022-10-25 15:20:19,618] {processor.py:161} INFO - Processing /home/airflow/.local/lib/python3.7/site-packages/airflow/example_dags/example_bash_operator.py took 0.139 seconds
[2022-10-25 15:20:50,334] {processor.py:153} INFO - Started process (PID=2292) to work on /home/airflow/.local/lib/python3.7/site-packages/airflow/example_dags/example_bash_operator.py
[2022-10-25 15:20:50,340] {processor.py:641} INFO - Processing file /home/airflow/.local/lib/python3.7/site-packages/airflow/example_dags/example_bash_operator.py for tasks to queue
[2022-10-25 15:20:50,342] {logging_mixin.py:115} INFO - [2022-10-25 15:20:50,341] {dagbag.py:507} INFO - Filling up the DagBag from /home/airflow/.local/lib/python3.7/site-packages/airflow/example_dags/example_bash_operator.py
[2022-10-25 15:20:50,391] {processor.py:651} INFO - DAG(s) dict_keys(['example_bash_operator']) retrieved from /home/airflow/.local/lib/python3.7/site-packages/airflow/example_dags/example_bash_operator.py
[2022-10-25 15:20:50,495] {logging_mixin.py:115} INFO - [2022-10-25 15:20:50,495] {dag.py:2371} INFO - Sync 1 DAGs
[2022-10-25 15:20:50,599] {logging_mixin.py:115} INFO - [2022-10-25 15:20:50,599] {dag.py:2919} INFO - Setting next_dagrun for example_bash_operator to 2022-10-24T00:00:00+00:00, run_after=2022-10-25T00:00:00+00:00
[2022-10-25 15:20:50,649] {processor.py:161} INFO - Processing /home/airflow/.local/lib/python3.7/site-packages/airflow/example_dags/example_bash_operator.py took 0.324 seconds
[2022-10-25 15:21:21,349] {processor.py:153} INFO - Started process (PID=2356) to work on /home/airflow/.local/lib/python3.7/site-packages/airflow/example_dags/example_bash_operator.py
[2022-10-25 15:21:21,381] {processor.py:641} INFO - Processing file /home/airflow/.local/lib/python3.7/site-packages/airflow/example_dags/example_bash_operator.py for tasks to queue
[2022-10-25 15:21:21,429] {logging_mixin.py:115} INFO - [2022-10-25 15:21:21,429] {dagbag.py:507} INFO - Filling up the DagBag from /home/airflow/.local/lib/python3.7/site-packages/airflow/example_dags/example_bash_operator.py
[2022-10-25 15:21:21,534] {processor.py:651} INFO - DAG(s) dict_keys(['example_bash_operator']) retrieved from /home/airflow/.local/lib/python3.7/site-packages/airflow/example_dags/example_bash_operator.py
[2022-10-25 15:21:21,759] {logging_mixin.py:115} INFO - [2022-10-25 15:21:21,759] {dag.py:2371} INFO - Sync 1 DAGs
[2022-10-25 15:21:21,990] {logging_mixin.py:115} INFO - [2022-10-25 15:21:21,989] {dag.py:2919} INFO - Setting next_dagrun for example_bash_operator to 2022-10-24T00:00:00+00:00, run_after=2022-10-25T00:00:00+00:00
[2022-10-25 15:21:22,107] {processor.py:161} INFO - Processing /home/airflow/.local/lib/python3.7/site-packages/airflow/example_dags/example_bash_operator.py took 0.766 seconds
[2022-10-25 15:21:52,422] {processor.py:153} INFO - Started process (PID=2410) to work on /home/airflow/.local/lib/python3.7/site-packages/airflow/example_dags/example_bash_operator.py
[2022-10-25 15:21:52,423] {processor.py:641} INFO - Processing file /home/airflow/.local/lib/python3.7/site-packages/airflow/example_dags/example_bash_operator.py for tasks to queue
[2022-10-25 15:21:52,424] {logging_mixin.py:115} INFO - [2022-10-25 15:21:52,424] {dagbag.py:507} INFO - Filling up the DagBag from /home/airflow/.local/lib/python3.7/site-packages/airflow/example_dags/example_bash_operator.py
[2022-10-25 15:21:52,443] {processor.py:651} INFO - DAG(s) dict_keys(['example_bash_operator']) retrieved from /home/airflow/.local/lib/python3.7/site-packages/airflow/example_dags/example_bash_operator.py
[2022-10-25 15:21:52,483] {logging_mixin.py:115} INFO - [2022-10-25 15:21:52,483] {dag.py:2371} INFO - Sync 1 DAGs
[2022-10-25 15:21:52,518] {logging_mixin.py:115} INFO - [2022-10-25 15:21:52,518] {dag.py:2919} INFO - Setting next_dagrun for example_bash_operator to 2022-10-24T00:00:00+00:00, run_after=2022-10-25T00:00:00+00:00
[2022-10-25 15:21:52,539] {processor.py:161} INFO - Processing /home/airflow/.local/lib/python3.7/site-packages/airflow/example_dags/example_bash_operator.py took 0.121 seconds
[2022-10-25 15:22:22,762] {processor.py:153} INFO - Started process (PID=2474) to work on /home/airflow/.local/lib/python3.7/site-packages/airflow/example_dags/example_bash_operator.py
[2022-10-25 15:22:22,785] {processor.py:641} INFO - Processing file /home/airflow/.local/lib/python3.7/site-packages/airflow/example_dags/example_bash_operator.py for tasks to queue
[2022-10-25 15:22:22,787] {logging_mixin.py:115} INFO - [2022-10-25 15:22:22,786] {dagbag.py:507} INFO - Filling up the DagBag from /home/airflow/.local/lib/python3.7/site-packages/airflow/example_dags/example_bash_operator.py
[2022-10-25 15:22:22,828] {processor.py:651} INFO - DAG(s) dict_keys(['example_bash_operator']) retrieved from /home/airflow/.local/lib/python3.7/site-packages/airflow/example_dags/example_bash_operator.py
[2022-10-25 15:22:22,963] {logging_mixin.py:115} INFO - [2022-10-25 15:22:22,963] {dag.py:2371} INFO - Sync 1 DAGs
[2022-10-25 15:22:23,034] {logging_mixin.py:115} INFO - [2022-10-25 15:22:23,034] {dag.py:2919} INFO - Setting next_dagrun for example_bash_operator to 2022-10-24T00:00:00+00:00, run_after=2022-10-25T00:00:00+00:00
[2022-10-25 15:22:23,077] {processor.py:161} INFO - Processing /home/airflow/.local/lib/python3.7/site-packages/airflow/example_dags/example_bash_operator.py took 0.321 seconds
