

============================== 2022-10-25 13:45:12.054597 | 755fe9ab-279a-47c2-b851-2a64ffb97fe1 ==============================
[0m13:45:12.054597 [info ] [MainThread]: Running with dbt=1.3.0
[0m13:45:12.054597 [debug] [MainThread]: running dbt with arguments {'write_json': True, 'use_colors': True, 'printer_width': 80, 'version_check': True, 'partial_parse': True, 'static_parser': True, 'profiles_dir': 'C:\\Users\\sachc\\.dbt', 'send_anonymous_usage_stats': True, 'event_buffer_size': 100000, 'quiet': False, 'no_print': False, 'project_name': 'dbt', 'skip_profile_setup': False, 'which': 'init', 'indirect_selection': 'eager'}
[0m13:45:12.054597 [debug] [MainThread]: Tracking: tracking
[0m13:45:12.061116 [debug] [MainThread]: Sending event: {'category': 'dbt', 'action': 'invocation', 'label': 'start', 'context': [<snowplow_tracker.self_describing_json.SelfDescribingJson object at 0x00000298115B73D0>, <snowplow_tracker.self_describing_json.SelfDescribingJson object at 0x00000298115B7D30>, <snowplow_tracker.self_describing_json.SelfDescribingJson object at 0x00000298115B7610>]}
[0m13:45:53.938892 [debug] [MainThread]: Starter project path: C:\Users\sachc\AppData\Local\Packages\PythonSoftwareFoundation.Python.3.10_qbz5n2kfra8p0\LocalCache\local-packages\Python310\site-packages\dbt\include\starter_project
[0m13:46:23.169601 [info ] [MainThread]: Profile dbt_project written to C:\Users\sachc\.dbt\profiles.yml using target's profile_template.yml and your supplied values. Run 'dbt debug' to validate the connection.
[0m13:46:23.184698 [info ] [MainThread]: 
Your new dbt project "dbt_project" was created!

For more information on how to configure the profiles.yml file,
please consult the dbt documentation here:

  https://docs.getdbt.com/docs/configure-your-profile

One more thing:

Need help? Don't hesitate to reach out to us via GitHub issues or on Slack:

  https://community.getdbt.com/

Happy modeling!

[0m13:46:23.184698 [debug] [MainThread]: Sending event: {'category': 'dbt', 'action': 'invocation', 'label': 'end', 'context': [<snowplow_tracker.self_describing_json.SelfDescribingJson object at 0x00000298115B69E0>, <snowplow_tracker.self_describing_json.SelfDescribingJson object at 0x00000298115B5270>, <snowplow_tracker.self_describing_json.SelfDescribingJson object at 0x00000298115B4AF0>]}
[0m13:46:23.184698 [debug] [MainThread]: Flushing usage events


============================== 2022-10-25 15:17:09.068409 | 84543620-7a91-4138-85ff-5cf8ea87487d ==============================
[0m15:17:09.068442 [info ] [MainThread]: Running with dbt=1.3.0
[0m15:17:09.070550 [debug] [MainThread]: running dbt with arguments {'write_json': True, 'use_colors': True, 'printer_width': 80, 'version_check': True, 'partial_parse': True, 'static_parser': True, 'profiles_dir': '/home/airflow/.dbt', 'send_anonymous_usage_stats': True, 'event_buffer_size': 100000, 'quiet': False, 'no_print': False, 'project_name': 'dbt', 'skip_profile_setup': False, 'which': 'init', 'indirect_selection': 'eager'}
[0m15:17:09.071696 [debug] [MainThread]: Tracking: tracking
[0m15:17:09.088469 [debug] [MainThread]: Sending event: {'category': 'dbt', 'action': 'invocation', 'label': 'start', 'context': [<snowplow_tracker.self_describing_json.SelfDescribingJson object at 0x7fe8f01e6490>, <snowplow_tracker.self_describing_json.SelfDescribingJson object at 0x7fe8f01fa350>, <snowplow_tracker.self_describing_json.SelfDescribingJson object at 0x7fe8f01fa250>]}
[0m15:17:09.095837 [info ] [MainThread]: Creating dbt configuration folder at /home/airflow/.dbt
[0m15:17:50.814499 [debug] [MainThread]: Starter project path: /home/airflow/.local/lib/python3.7/site-packages/dbt/include/starter_project
[0m15:18:53.945781 [info ] [MainThread]: Profile dbt_project written to /home/airflow/.dbt/profiles.yml using target's profile_template.yml and your supplied values. Run 'dbt debug' to validate the connection.
[0m15:18:53.947175 [info ] [MainThread]: 
Your new dbt project "dbt_project" was created!

For more information on how to configure the profiles.yml file,
please consult the dbt documentation here:

  https://docs.getdbt.com/docs/configure-your-profile

One more thing:

Need help? Don't hesitate to reach out to us via GitHub issues or on Slack:

  https://community.getdbt.com/

Happy modeling!

[0m15:18:53.948841 [debug] [MainThread]: Sending event: {'category': 'dbt', 'action': 'invocation', 'label': 'end', 'context': [<snowplow_tracker.self_describing_json.SelfDescribingJson object at 0x7fe8dcb16310>, <snowplow_tracker.self_describing_json.SelfDescribingJson object at 0x7fe8de5b4390>, <snowplow_tracker.self_describing_json.SelfDescribingJson object at 0x7fe8dcb0fe50>]}
[0m15:18:53.950181 [debug] [MainThread]: Flushing usage events


============================== 2022-11-03 15:13:18.260082 | 50619574-2709-4c85-8abe-5324de73a27a ==============================
[0m15:13:18.260106 [info ] [MainThread]: Running with dbt=1.3.0
[0m15:13:18.262110 [debug] [MainThread]: running dbt with arguments {'write_json': True, 'use_colors': True, 'printer_width': 80, 'version_check': True, 'partial_parse': True, 'static_parser': True, 'profiles_dir': '/home/sachinchopra/.dbt', 'send_anonymous_usage_stats': True, 'event_buffer_size': 100000, 'quiet': False, 'no_print': False, 'project_name': 'dbt', 'skip_profile_setup': False, 'which': 'init', 'indirect_selection': 'eager'}
[0m15:13:18.264130 [debug] [MainThread]: Tracking: tracking
[0m15:13:18.268660 [debug] [MainThread]: Sending event: {'category': 'dbt', 'action': 'invocation', 'label': 'start', 'context': [<snowplow_tracker.self_describing_json.SelfDescribingJson object at 0x7f1b23d56b00>, <snowplow_tracker.self_describing_json.SelfDescribingJson object at 0x7f1b23d56890>, <snowplow_tracker.self_describing_json.SelfDescribingJson object at 0x7f1b23d56a40>]}
[0m15:13:18.271215 [info ] [MainThread]: Creating dbt configuration folder at /home/sachinchopra/.dbt
[0m15:13:47.912393 [info ] [MainThread]: A project called dbt_project already exists here.
[0m15:13:47.914109 [debug] [MainThread]: Sending event: {'category': 'dbt', 'action': 'invocation', 'label': 'end', 'context': [<snowplow_tracker.self_describing_json.SelfDescribingJson object at 0x7f1b23d56590>, <snowplow_tracker.self_describing_json.SelfDescribingJson object at 0x7f1b23d567a0>, <snowplow_tracker.self_describing_json.SelfDescribingJson object at 0x7f1b23d56860>]}
[0m15:13:47.916064 [debug] [MainThread]: Flushing usage events
