[2022-10-26 10:28:24,000] {processor.py:153} INFO - Started process (PID=130) to work on /opt/airflow/dags/transform_and_analysis.py
[2022-10-26 10:28:24,009] {processor.py:641} INFO - Processing file /opt/airflow/dags/transform_and_analysis.py for tasks to queue
[2022-10-26 10:28:24,049] {logging_mixin.py:115} INFO - [2022-10-26 10:28:24,048] {dagbag.py:507} INFO - Filling up the DagBag from /opt/airflow/dags/transform_and_analysis.py
[2022-10-26 10:28:24,392] {processor.py:651} INFO - DAG(s) dict_keys(['2_daily_transformation_analysis']) retrieved from /opt/airflow/dags/transform_and_analysis.py
[2022-10-26 10:28:29,969] {logging_mixin.py:115} INFO - [2022-10-26 10:28:29,969] {dag.py:2371} INFO - Sync 1 DAGs
[2022-10-26 10:28:30,400] {logging_mixin.py:115} INFO - [2022-10-26 10:28:30,400] {dag.py:2919} INFO - Setting next_dagrun for 2_daily_transformation_analysis to None, run_after=None
[2022-10-26 10:28:30,530] {processor.py:161} INFO - Processing /opt/airflow/dags/transform_and_analysis.py took 6.801 seconds
[2022-10-26 10:31:14,269] {processor.py:153} INFO - Started process (PID=236) to work on /opt/airflow/dags/transform_and_analysis.py
[2022-10-26 10:31:14,310] {processor.py:641} INFO - Processing file /opt/airflow/dags/transform_and_analysis.py for tasks to queue
[2022-10-26 10:31:14,350] {logging_mixin.py:115} INFO - [2022-10-26 10:31:14,350] {dagbag.py:507} INFO - Filling up the DagBag from /opt/airflow/dags/transform_and_analysis.py
[2022-10-26 10:31:16,901] {processor.py:651} INFO - DAG(s) dict_keys(['2_daily_transformation_analysis']) retrieved from /opt/airflow/dags/transform_and_analysis.py
[2022-10-26 10:31:17,859] {logging_mixin.py:115} INFO - [2022-10-26 10:31:17,858] {dag.py:2371} INFO - Sync 1 DAGs
[2022-10-26 10:31:20,410] {logging_mixin.py:115} INFO - [2022-10-26 10:31:20,410] {dag.py:2919} INFO - Setting next_dagrun for 2_daily_transformation_analysis to None, run_after=None
[2022-10-26 10:31:20,952] {processor.py:161} INFO - Processing /opt/airflow/dags/transform_and_analysis.py took 6.877 seconds
[2022-10-26 10:32:48,728] {processor.py:153} INFO - Started process (PID=306) to work on /opt/airflow/dags/transform_and_analysis.py
[2022-10-26 10:32:48,745] {processor.py:641} INFO - Processing file /opt/airflow/dags/transform_and_analysis.py for tasks to queue
[2022-10-26 10:32:48,761] {logging_mixin.py:115} INFO - [2022-10-26 10:32:48,760] {dagbag.py:507} INFO - Filling up the DagBag from /opt/airflow/dags/transform_and_analysis.py
[2022-10-26 10:32:49,892] {processor.py:651} INFO - DAG(s) dict_keys(['2_daily_transformation_analysis']) retrieved from /opt/airflow/dags/transform_and_analysis.py
[2022-10-26 10:32:50,300] {logging_mixin.py:115} INFO - [2022-10-26 10:32:50,300] {dag.py:2371} INFO - Sync 1 DAGs
[2022-10-26 10:32:51,835] {logging_mixin.py:115} INFO - [2022-10-26 10:32:51,835] {dag.py:2919} INFO - Setting next_dagrun for 2_daily_transformation_analysis to None, run_after=None
[2022-10-26 10:32:52,221] {processor.py:161} INFO - Processing /opt/airflow/dags/transform_and_analysis.py took 3.511 seconds
[2022-10-26 10:33:25,777] {processor.py:153} INFO - Started process (PID=357) to work on /opt/airflow/dags/transform_and_analysis.py
[2022-10-26 10:33:25,829] {processor.py:641} INFO - Processing file /opt/airflow/dags/transform_and_analysis.py for tasks to queue
[2022-10-26 10:33:25,831] {logging_mixin.py:115} INFO - [2022-10-26 10:33:25,831] {dagbag.py:507} INFO - Filling up the DagBag from /opt/airflow/dags/transform_and_analysis.py
[2022-10-26 10:33:25,917] {processor.py:651} INFO - DAG(s) dict_keys(['2_daily_transformation_analysis']) retrieved from /opt/airflow/dags/transform_and_analysis.py
[2022-10-26 10:33:26,069] {logging_mixin.py:115} INFO - [2022-10-26 10:33:26,068] {dag.py:2371} INFO - Sync 1 DAGs
[2022-10-26 10:33:26,873] {logging_mixin.py:115} INFO - [2022-10-26 10:33:26,865] {dag.py:2919} INFO - Setting next_dagrun for 2_daily_transformation_analysis to None, run_after=None
[2022-10-26 10:33:26,976] {processor.py:161} INFO - Processing /opt/airflow/dags/transform_and_analysis.py took 1.218 seconds
[2022-10-26 10:33:57,423] {processor.py:153} INFO - Started process (PID=409) to work on /opt/airflow/dags/transform_and_analysis.py
[2022-10-26 10:33:57,439] {processor.py:641} INFO - Processing file /opt/airflow/dags/transform_and_analysis.py for tasks to queue
[2022-10-26 10:33:57,451] {logging_mixin.py:115} INFO - [2022-10-26 10:33:57,451] {dagbag.py:507} INFO - Filling up the DagBag from /opt/airflow/dags/transform_and_analysis.py
[2022-10-26 10:33:57,544] {processor.py:651} INFO - DAG(s) dict_keys(['2_daily_transformation_analysis']) retrieved from /opt/airflow/dags/transform_and_analysis.py
[2022-10-26 10:33:57,633] {logging_mixin.py:115} INFO - [2022-10-26 10:33:57,632] {dag.py:2371} INFO - Sync 1 DAGs
[2022-10-26 10:33:58,103] {logging_mixin.py:115} INFO - [2022-10-26 10:33:58,102] {dag.py:2919} INFO - Setting next_dagrun for 2_daily_transformation_analysis to None, run_after=None
[2022-10-26 10:33:58,375] {processor.py:161} INFO - Processing /opt/airflow/dags/transform_and_analysis.py took 0.959 seconds
[2022-10-26 10:34:29,941] {processor.py:153} INFO - Started process (PID=457) to work on /opt/airflow/dags/transform_and_analysis.py
[2022-10-26 10:34:29,942] {processor.py:641} INFO - Processing file /opt/airflow/dags/transform_and_analysis.py for tasks to queue
[2022-10-26 10:34:29,944] {logging_mixin.py:115} INFO - [2022-10-26 10:34:29,944] {dagbag.py:507} INFO - Filling up the DagBag from /opt/airflow/dags/transform_and_analysis.py
[2022-10-26 10:34:30,000] {processor.py:651} INFO - DAG(s) dict_keys(['2_daily_transformation_analysis']) retrieved from /opt/airflow/dags/transform_and_analysis.py
[2022-10-26 10:34:30,151] {logging_mixin.py:115} INFO - [2022-10-26 10:34:30,150] {dag.py:2371} INFO - Sync 1 DAGs
[2022-10-26 10:34:30,825] {logging_mixin.py:115} INFO - [2022-10-26 10:34:30,825] {dag.py:2919} INFO - Setting next_dagrun for 2_daily_transformation_analysis to None, run_after=None
[2022-10-26 10:34:30,935] {processor.py:161} INFO - Processing /opt/airflow/dags/transform_and_analysis.py took 1.008 seconds
[2022-10-26 10:35:01,409] {processor.py:153} INFO - Started process (PID=510) to work on /opt/airflow/dags/transform_and_analysis.py
[2022-10-26 10:35:01,413] {processor.py:641} INFO - Processing file /opt/airflow/dags/transform_and_analysis.py for tasks to queue
[2022-10-26 10:35:01,416] {logging_mixin.py:115} INFO - [2022-10-26 10:35:01,416] {dagbag.py:507} INFO - Filling up the DagBag from /opt/airflow/dags/transform_and_analysis.py
[2022-10-26 10:35:01,472] {processor.py:651} INFO - DAG(s) dict_keys(['2_daily_transformation_analysis']) retrieved from /opt/airflow/dags/transform_and_analysis.py
[2022-10-26 10:35:01,549] {logging_mixin.py:115} INFO - [2022-10-26 10:35:01,549] {dag.py:2371} INFO - Sync 1 DAGs
[2022-10-26 10:35:01,837] {logging_mixin.py:115} INFO - [2022-10-26 10:35:01,837] {dag.py:2919} INFO - Setting next_dagrun for 2_daily_transformation_analysis to None, run_after=None
[2022-10-26 10:35:01,870] {processor.py:161} INFO - Processing /opt/airflow/dags/transform_and_analysis.py took 0.469 seconds
[2022-10-26 10:35:35,274] {processor.py:153} INFO - Started process (PID=562) to work on /opt/airflow/dags/transform_and_analysis.py
[2022-10-26 10:35:35,303] {processor.py:641} INFO - Processing file /opt/airflow/dags/transform_and_analysis.py for tasks to queue
[2022-10-26 10:35:35,401] {logging_mixin.py:115} INFO - [2022-10-26 10:35:35,400] {dagbag.py:507} INFO - Filling up the DagBag from /opt/airflow/dags/transform_and_analysis.py
[2022-10-26 10:35:37,293] {processor.py:651} INFO - DAG(s) dict_keys(['2_daily_transformation_analysis']) retrieved from /opt/airflow/dags/transform_and_analysis.py
[2022-10-26 10:35:37,586] {logging_mixin.py:115} INFO - [2022-10-26 10:35:37,586] {dag.py:2371} INFO - Sync 1 DAGs
[2022-10-26 10:35:38,799] {logging_mixin.py:115} INFO - [2022-10-26 10:35:38,799] {dag.py:2919} INFO - Setting next_dagrun for 2_daily_transformation_analysis to None, run_after=None
[2022-10-26 10:35:39,169] {processor.py:161} INFO - Processing /opt/airflow/dags/transform_and_analysis.py took 3.919 seconds
[2022-10-26 10:36:09,473] {processor.py:153} INFO - Started process (PID=616) to work on /opt/airflow/dags/transform_and_analysis.py
[2022-10-26 10:36:09,477] {processor.py:641} INFO - Processing file /opt/airflow/dags/transform_and_analysis.py for tasks to queue
[2022-10-26 10:36:09,479] {logging_mixin.py:115} INFO - [2022-10-26 10:36:09,478] {dagbag.py:507} INFO - Filling up the DagBag from /opt/airflow/dags/transform_and_analysis.py
[2022-10-26 10:36:09,550] {processor.py:651} INFO - DAG(s) dict_keys(['2_daily_transformation_analysis']) retrieved from /opt/airflow/dags/transform_and_analysis.py
[2022-10-26 10:36:09,649] {logging_mixin.py:115} INFO - [2022-10-26 10:36:09,648] {dag.py:2371} INFO - Sync 1 DAGs
[2022-10-26 10:36:10,282] {logging_mixin.py:115} INFO - [2022-10-26 10:36:10,282] {dag.py:2919} INFO - Setting next_dagrun for 2_daily_transformation_analysis to None, run_after=None
[2022-10-26 10:36:10,402] {processor.py:161} INFO - Processing /opt/airflow/dags/transform_and_analysis.py took 0.941 seconds
[2022-10-26 10:36:40,712] {processor.py:153} INFO - Started process (PID=661) to work on /opt/airflow/dags/transform_and_analysis.py
[2022-10-26 10:36:40,713] {processor.py:641} INFO - Processing file /opt/airflow/dags/transform_and_analysis.py for tasks to queue
[2022-10-26 10:36:40,714] {logging_mixin.py:115} INFO - [2022-10-26 10:36:40,713] {dagbag.py:507} INFO - Filling up the DagBag from /opt/airflow/dags/transform_and_analysis.py
[2022-10-26 10:36:40,748] {processor.py:651} INFO - DAG(s) dict_keys(['2_daily_transformation_analysis']) retrieved from /opt/airflow/dags/transform_and_analysis.py
[2022-10-26 10:36:40,803] {logging_mixin.py:115} INFO - [2022-10-26 10:36:40,803] {dag.py:2371} INFO - Sync 1 DAGs
[2022-10-26 10:36:41,053] {logging_mixin.py:115} INFO - [2022-10-26 10:36:41,053] {dag.py:2919} INFO - Setting next_dagrun for 2_daily_transformation_analysis to None, run_after=None
[2022-10-26 10:36:41,078] {processor.py:161} INFO - Processing /opt/airflow/dags/transform_and_analysis.py took 0.372 seconds
[2022-10-26 10:37:12,038] {processor.py:153} INFO - Started process (PID=710) to work on /opt/airflow/dags/transform_and_analysis.py
[2022-10-26 10:37:12,044] {processor.py:641} INFO - Processing file /opt/airflow/dags/transform_and_analysis.py for tasks to queue
[2022-10-26 10:37:12,049] {logging_mixin.py:115} INFO - [2022-10-26 10:37:12,049] {dagbag.py:507} INFO - Filling up the DagBag from /opt/airflow/dags/transform_and_analysis.py
[2022-10-26 10:37:12,188] {processor.py:651} INFO - DAG(s) dict_keys(['2_daily_transformation_analysis']) retrieved from /opt/airflow/dags/transform_and_analysis.py
[2022-10-26 10:37:12,354] {logging_mixin.py:115} INFO - [2022-10-26 10:37:12,353] {dag.py:2371} INFO - Sync 1 DAGs
[2022-10-26 10:37:13,134] {logging_mixin.py:115} INFO - [2022-10-26 10:37:13,133] {dag.py:2919} INFO - Setting next_dagrun for 2_daily_transformation_analysis to None, run_after=None
[2022-10-26 10:37:13,343] {processor.py:161} INFO - Processing /opt/airflow/dags/transform_and_analysis.py took 1.315 seconds
[2022-10-26 10:37:43,854] {processor.py:153} INFO - Started process (PID=755) to work on /opt/airflow/dags/transform_and_analysis.py
[2022-10-26 10:37:43,855] {processor.py:641} INFO - Processing file /opt/airflow/dags/transform_and_analysis.py for tasks to queue
[2022-10-26 10:37:43,856] {logging_mixin.py:115} INFO - [2022-10-26 10:37:43,856] {dagbag.py:507} INFO - Filling up the DagBag from /opt/airflow/dags/transform_and_analysis.py
[2022-10-26 10:37:43,892] {processor.py:651} INFO - DAG(s) dict_keys(['2_daily_transformation_analysis']) retrieved from /opt/airflow/dags/transform_and_analysis.py
[2022-10-26 10:37:43,943] {logging_mixin.py:115} INFO - [2022-10-26 10:37:43,943] {dag.py:2371} INFO - Sync 1 DAGs
[2022-10-26 10:37:44,149] {logging_mixin.py:115} INFO - [2022-10-26 10:37:44,149] {dag.py:2919} INFO - Setting next_dagrun for 2_daily_transformation_analysis to None, run_after=None
[2022-10-26 10:37:44,169] {processor.py:161} INFO - Processing /opt/airflow/dags/transform_and_analysis.py took 0.320 seconds
[2022-10-26 10:58:42,329] {processor.py:153} INFO - Started process (PID=813) to work on /opt/airflow/dags/transform_and_analysis.py
[2022-10-26 10:58:42,385] {processor.py:641} INFO - Processing file /opt/airflow/dags/transform_and_analysis.py for tasks to queue
[2022-10-26 10:58:42,567] {logging_mixin.py:115} INFO - [2022-10-26 10:58:42,567] {dagbag.py:507} INFO - Filling up the DagBag from /opt/airflow/dags/transform_and_analysis.py
[2022-10-26 10:58:43,420] {processor.py:651} INFO - DAG(s) dict_keys(['2_daily_transformation_analysis']) retrieved from /opt/airflow/dags/transform_and_analysis.py
[2022-10-26 10:58:44,273] {logging_mixin.py:115} INFO - [2022-10-26 10:58:44,273] {dag.py:2371} INFO - Sync 1 DAGs
[2022-10-26 10:58:44,734] {logging_mixin.py:115} INFO - [2022-10-26 10:58:44,734] {dag.py:2919} INFO - Setting next_dagrun for 2_daily_transformation_analysis to None, run_after=None
[2022-10-26 10:58:45,026] {processor.py:161} INFO - Processing /opt/airflow/dags/transform_and_analysis.py took 3.069 seconds
[2022-10-26 10:59:15,511] {processor.py:153} INFO - Started process (PID=867) to work on /opt/airflow/dags/transform_and_analysis.py
[2022-10-26 10:59:15,512] {processor.py:641} INFO - Processing file /opt/airflow/dags/transform_and_analysis.py for tasks to queue
[2022-10-26 10:59:15,516] {logging_mixin.py:115} INFO - [2022-10-26 10:59:15,516] {dagbag.py:507} INFO - Filling up the DagBag from /opt/airflow/dags/transform_and_analysis.py
[2022-10-26 10:59:15,592] {processor.py:651} INFO - DAG(s) dict_keys(['2_daily_transformation_analysis']) retrieved from /opt/airflow/dags/transform_and_analysis.py
[2022-10-26 10:59:15,663] {logging_mixin.py:115} INFO - [2022-10-26 10:59:15,663] {dag.py:2371} INFO - Sync 1 DAGs
[2022-10-26 10:59:15,727] {logging_mixin.py:115} INFO - [2022-10-26 10:59:15,726] {dag.py:2919} INFO - Setting next_dagrun for 2_daily_transformation_analysis to None, run_after=None
[2022-10-26 10:59:15,779] {processor.py:161} INFO - Processing /opt/airflow/dags/transform_and_analysis.py took 0.273 seconds
[2022-10-26 10:59:46,073] {processor.py:153} INFO - Started process (PID=921) to work on /opt/airflow/dags/transform_and_analysis.py
[2022-10-26 10:59:46,075] {processor.py:641} INFO - Processing file /opt/airflow/dags/transform_and_analysis.py for tasks to queue
[2022-10-26 10:59:46,078] {logging_mixin.py:115} INFO - [2022-10-26 10:59:46,077] {dagbag.py:507} INFO - Filling up the DagBag from /opt/airflow/dags/transform_and_analysis.py
[2022-10-26 10:59:46,144] {processor.py:651} INFO - DAG(s) dict_keys(['2_daily_transformation_analysis']) retrieved from /opt/airflow/dags/transform_and_analysis.py
[2022-10-26 10:59:46,202] {logging_mixin.py:115} INFO - [2022-10-26 10:59:46,202] {dag.py:2371} INFO - Sync 1 DAGs
[2022-10-26 10:59:46,275] {logging_mixin.py:115} INFO - [2022-10-26 10:59:46,265] {dag.py:2919} INFO - Setting next_dagrun for 2_daily_transformation_analysis to None, run_after=None
[2022-10-26 10:59:46,328] {processor.py:161} INFO - Processing /opt/airflow/dags/transform_and_analysis.py took 0.264 seconds
[2022-10-26 11:00:16,827] {processor.py:153} INFO - Started process (PID=975) to work on /opt/airflow/dags/transform_and_analysis.py
[2022-10-26 11:00:16,828] {processor.py:641} INFO - Processing file /opt/airflow/dags/transform_and_analysis.py for tasks to queue
[2022-10-26 11:00:16,829] {logging_mixin.py:115} INFO - [2022-10-26 11:00:16,829] {dagbag.py:507} INFO - Filling up the DagBag from /opt/airflow/dags/transform_and_analysis.py
[2022-10-26 11:00:16,872] {processor.py:651} INFO - DAG(s) dict_keys(['2_daily_transformation_analysis']) retrieved from /opt/airflow/dags/transform_and_analysis.py
[2022-10-26 11:00:16,914] {logging_mixin.py:115} INFO - [2022-10-26 11:00:16,914] {dag.py:2371} INFO - Sync 1 DAGs
[2022-10-26 11:00:16,970] {logging_mixin.py:115} INFO - [2022-10-26 11:00:16,970] {dag.py:2919} INFO - Setting next_dagrun for 2_daily_transformation_analysis to None, run_after=None
[2022-10-26 11:00:17,003] {processor.py:161} INFO - Processing /opt/airflow/dags/transform_and_analysis.py took 0.182 seconds
[2022-10-26 11:00:47,585] {processor.py:153} INFO - Started process (PID=1029) to work on /opt/airflow/dags/transform_and_analysis.py
[2022-10-26 11:00:47,592] {processor.py:641} INFO - Processing file /opt/airflow/dags/transform_and_analysis.py for tasks to queue
[2022-10-26 11:00:47,594] {logging_mixin.py:115} INFO - [2022-10-26 11:00:47,594] {dagbag.py:507} INFO - Filling up the DagBag from /opt/airflow/dags/transform_and_analysis.py
[2022-10-26 11:00:47,697] {processor.py:651} INFO - DAG(s) dict_keys(['2_daily_transformation_analysis']) retrieved from /opt/airflow/dags/transform_and_analysis.py
[2022-10-26 11:00:47,856] {logging_mixin.py:115} INFO - [2022-10-26 11:00:47,856] {dag.py:2371} INFO - Sync 1 DAGs
[2022-10-26 11:00:47,929] {logging_mixin.py:115} INFO - [2022-10-26 11:00:47,929] {dag.py:2919} INFO - Setting next_dagrun for 2_daily_transformation_analysis to None, run_after=None
[2022-10-26 11:00:47,969] {processor.py:161} INFO - Processing /opt/airflow/dags/transform_and_analysis.py took 0.391 seconds
[2022-10-26 11:01:18,377] {processor.py:153} INFO - Started process (PID=1083) to work on /opt/airflow/dags/transform_and_analysis.py
[2022-10-26 11:01:18,379] {processor.py:641} INFO - Processing file /opt/airflow/dags/transform_and_analysis.py for tasks to queue
[2022-10-26 11:01:18,382] {logging_mixin.py:115} INFO - [2022-10-26 11:01:18,382] {dagbag.py:507} INFO - Filling up the DagBag from /opt/airflow/dags/transform_and_analysis.py
[2022-10-26 11:01:18,449] {processor.py:651} INFO - DAG(s) dict_keys(['2_daily_transformation_analysis']) retrieved from /opt/airflow/dags/transform_and_analysis.py
[2022-10-26 11:01:18,548] {logging_mixin.py:115} INFO - [2022-10-26 11:01:18,547] {dag.py:2371} INFO - Sync 1 DAGs
[2022-10-26 11:01:18,646] {logging_mixin.py:115} INFO - [2022-10-26 11:01:18,646] {dag.py:2919} INFO - Setting next_dagrun for 2_daily_transformation_analysis to None, run_after=None
[2022-10-26 11:01:18,713] {processor.py:161} INFO - Processing /opt/airflow/dags/transform_and_analysis.py took 0.343 seconds
[2022-10-26 11:01:49,418] {processor.py:153} INFO - Started process (PID=1137) to work on /opt/airflow/dags/transform_and_analysis.py
[2022-10-26 11:01:49,419] {processor.py:641} INFO - Processing file /opt/airflow/dags/transform_and_analysis.py for tasks to queue
[2022-10-26 11:01:49,420] {logging_mixin.py:115} INFO - [2022-10-26 11:01:49,420] {dagbag.py:507} INFO - Filling up the DagBag from /opt/airflow/dags/transform_and_analysis.py
[2022-10-26 11:01:49,466] {processor.py:651} INFO - DAG(s) dict_keys(['2_daily_transformation_analysis']) retrieved from /opt/airflow/dags/transform_and_analysis.py
[2022-10-26 11:01:49,526] {logging_mixin.py:115} INFO - [2022-10-26 11:01:49,525] {dag.py:2371} INFO - Sync 1 DAGs
[2022-10-26 11:01:49,597] {logging_mixin.py:115} INFO - [2022-10-26 11:01:49,596] {dag.py:2919} INFO - Setting next_dagrun for 2_daily_transformation_analysis to None, run_after=None
[2022-10-26 11:01:49,635] {processor.py:161} INFO - Processing /opt/airflow/dags/transform_and_analysis.py took 0.224 seconds
[2022-10-26 11:02:20,172] {processor.py:153} INFO - Started process (PID=1201) to work on /opt/airflow/dags/transform_and_analysis.py
[2022-10-26 11:02:20,174] {processor.py:641} INFO - Processing file /opt/airflow/dags/transform_and_analysis.py for tasks to queue
[2022-10-26 11:02:20,189] {logging_mixin.py:115} INFO - [2022-10-26 11:02:20,188] {dagbag.py:507} INFO - Filling up the DagBag from /opt/airflow/dags/transform_and_analysis.py
[2022-10-26 11:02:20,312] {processor.py:651} INFO - DAG(s) dict_keys(['2_daily_transformation_analysis']) retrieved from /opt/airflow/dags/transform_and_analysis.py
[2022-10-26 11:02:20,457] {logging_mixin.py:115} INFO - [2022-10-26 11:02:20,457] {dag.py:2371} INFO - Sync 1 DAGs
[2022-10-26 11:02:20,528] {logging_mixin.py:115} INFO - [2022-10-26 11:02:20,528] {dag.py:2919} INFO - Setting next_dagrun for 2_daily_transformation_analysis to None, run_after=None
[2022-10-26 11:02:20,571] {processor.py:161} INFO - Processing /opt/airflow/dags/transform_and_analysis.py took 0.408 seconds
[2022-10-26 11:02:50,964] {processor.py:153} INFO - Started process (PID=1246) to work on /opt/airflow/dags/transform_and_analysis.py
[2022-10-26 11:02:50,965] {processor.py:641} INFO - Processing file /opt/airflow/dags/transform_and_analysis.py for tasks to queue
[2022-10-26 11:02:50,975] {logging_mixin.py:115} INFO - [2022-10-26 11:02:50,974] {dagbag.py:507} INFO - Filling up the DagBag from /opt/airflow/dags/transform_and_analysis.py
[2022-10-26 11:02:51,065] {processor.py:651} INFO - DAG(s) dict_keys(['2_daily_transformation_analysis']) retrieved from /opt/airflow/dags/transform_and_analysis.py
[2022-10-26 11:02:51,157] {logging_mixin.py:115} INFO - [2022-10-26 11:02:51,157] {dag.py:2371} INFO - Sync 1 DAGs
[2022-10-26 11:02:51,277] {logging_mixin.py:115} INFO - [2022-10-26 11:02:51,276] {dag.py:2919} INFO - Setting next_dagrun for 2_daily_transformation_analysis to None, run_after=None
[2022-10-26 11:02:51,358] {processor.py:161} INFO - Processing /opt/airflow/dags/transform_and_analysis.py took 0.402 seconds
[2022-10-26 11:03:22,006] {processor.py:153} INFO - Started process (PID=1300) to work on /opt/airflow/dags/transform_and_analysis.py
[2022-10-26 11:03:22,008] {processor.py:641} INFO - Processing file /opt/airflow/dags/transform_and_analysis.py for tasks to queue
[2022-10-26 11:03:22,019] {logging_mixin.py:115} INFO - [2022-10-26 11:03:22,019] {dagbag.py:507} INFO - Filling up the DagBag from /opt/airflow/dags/transform_and_analysis.py
[2022-10-26 11:03:22,076] {processor.py:651} INFO - DAG(s) dict_keys(['2_daily_transformation_analysis']) retrieved from /opt/airflow/dags/transform_and_analysis.py
[2022-10-26 11:03:22,150] {logging_mixin.py:115} INFO - [2022-10-26 11:03:22,149] {dag.py:2371} INFO - Sync 1 DAGs
[2022-10-26 11:03:22,219] {logging_mixin.py:115} INFO - [2022-10-26 11:03:22,219] {dag.py:2919} INFO - Setting next_dagrun for 2_daily_transformation_analysis to None, run_after=None
[2022-10-26 11:03:22,259] {processor.py:161} INFO - Processing /opt/airflow/dags/transform_and_analysis.py took 0.259 seconds
[2022-10-26 11:03:54,538] {processor.py:153} INFO - Started process (PID=1354) to work on /opt/airflow/dags/transform_and_analysis.py
[2022-10-26 11:03:54,542] {processor.py:641} INFO - Processing file /opt/airflow/dags/transform_and_analysis.py for tasks to queue
[2022-10-26 11:03:54,544] {logging_mixin.py:115} INFO - [2022-10-26 11:03:54,544] {dagbag.py:507} INFO - Filling up the DagBag from /opt/airflow/dags/transform_and_analysis.py
[2022-10-26 11:03:55,160] {processor.py:651} INFO - DAG(s) dict_keys(['2_daily_transformation_analysis']) retrieved from /opt/airflow/dags/transform_and_analysis.py
[2022-10-26 11:03:55,302] {logging_mixin.py:115} INFO - [2022-10-26 11:03:55,302] {dag.py:2371} INFO - Sync 1 DAGs
[2022-10-26 11:03:55,427] {logging_mixin.py:115} INFO - [2022-10-26 11:03:55,427] {dag.py:2919} INFO - Setting next_dagrun for 2_daily_transformation_analysis to None, run_after=None
[2022-10-26 11:03:55,487] {processor.py:161} INFO - Processing /opt/airflow/dags/transform_and_analysis.py took 0.965 seconds
[2022-10-26 11:04:26,068] {processor.py:153} INFO - Started process (PID=1405) to work on /opt/airflow/dags/transform_and_analysis.py
[2022-10-26 11:04:26,072] {processor.py:641} INFO - Processing file /opt/airflow/dags/transform_and_analysis.py for tasks to queue
[2022-10-26 11:04:26,078] {logging_mixin.py:115} INFO - [2022-10-26 11:04:26,077] {dagbag.py:507} INFO - Filling up the DagBag from /opt/airflow/dags/transform_and_analysis.py
[2022-10-26 11:04:26,567] {processor.py:651} INFO - DAG(s) dict_keys(['2_daily_transformation_analysis']) retrieved from /opt/airflow/dags/transform_and_analysis.py
[2022-10-26 11:04:26,691] {logging_mixin.py:115} INFO - [2022-10-26 11:04:26,690] {dag.py:2371} INFO - Sync 1 DAGs
[2022-10-26 11:04:26,833] {logging_mixin.py:115} INFO - [2022-10-26 11:04:26,832] {dag.py:2919} INFO - Setting next_dagrun for 2_daily_transformation_analysis to None, run_after=None
[2022-10-26 11:04:26,986] {processor.py:161} INFO - Processing /opt/airflow/dags/transform_and_analysis.py took 0.930 seconds
[2022-10-26 11:04:57,600] {processor.py:153} INFO - Started process (PID=1453) to work on /opt/airflow/dags/transform_and_analysis.py
[2022-10-26 11:04:57,611] {processor.py:641} INFO - Processing file /opt/airflow/dags/transform_and_analysis.py for tasks to queue
[2022-10-26 11:04:57,614] {logging_mixin.py:115} INFO - [2022-10-26 11:04:57,613] {dagbag.py:507} INFO - Filling up the DagBag from /opt/airflow/dags/transform_and_analysis.py
[2022-10-26 11:04:57,982] {processor.py:651} INFO - DAG(s) dict_keys(['2_daily_transformation_analysis']) retrieved from /opt/airflow/dags/transform_and_analysis.py
[2022-10-26 11:04:58,030] {logging_mixin.py:115} INFO - [2022-10-26 11:04:58,030] {dag.py:2371} INFO - Sync 1 DAGs
[2022-10-26 11:04:58,074] {logging_mixin.py:115} INFO - [2022-10-26 11:04:58,074] {dag.py:2919} INFO - Setting next_dagrun for 2_daily_transformation_analysis to None, run_after=None
[2022-10-26 11:04:58,105] {processor.py:161} INFO - Processing /opt/airflow/dags/transform_and_analysis.py took 0.507 seconds
[2022-10-26 11:05:29,299] {processor.py:153} INFO - Started process (PID=1508) to work on /opt/airflow/dags/transform_and_analysis.py
[2022-10-26 11:05:29,306] {processor.py:641} INFO - Processing file /opt/airflow/dags/transform_and_analysis.py for tasks to queue
[2022-10-26 11:05:29,319] {logging_mixin.py:115} INFO - [2022-10-26 11:05:29,318] {dagbag.py:507} INFO - Filling up the DagBag from /opt/airflow/dags/transform_and_analysis.py
[2022-10-26 11:05:30,236] {processor.py:651} INFO - DAG(s) dict_keys(['2_daily_transformation_analysis']) retrieved from /opt/airflow/dags/transform_and_analysis.py
[2022-10-26 11:05:30,353] {logging_mixin.py:115} INFO - [2022-10-26 11:05:30,353] {dag.py:2371} INFO - Sync 1 DAGs
[2022-10-26 11:05:30,494] {logging_mixin.py:115} INFO - [2022-10-26 11:05:30,494] {dag.py:2919} INFO - Setting next_dagrun for 2_daily_transformation_analysis to None, run_after=None
[2022-10-26 11:05:30,612] {processor.py:161} INFO - Processing /opt/airflow/dags/transform_and_analysis.py took 1.355 seconds
[2022-10-26 11:06:01,316] {processor.py:153} INFO - Started process (PID=1562) to work on /opt/airflow/dags/transform_and_analysis.py
[2022-10-26 11:06:01,329] {processor.py:641} INFO - Processing file /opt/airflow/dags/transform_and_analysis.py for tasks to queue
[2022-10-26 11:06:01,331] {logging_mixin.py:115} INFO - [2022-10-26 11:06:01,331] {dagbag.py:507} INFO - Filling up the DagBag from /opt/airflow/dags/transform_and_analysis.py
[2022-10-26 11:06:02,187] {processor.py:651} INFO - DAG(s) dict_keys(['2_daily_transformation_analysis']) retrieved from /opt/airflow/dags/transform_and_analysis.py
[2022-10-26 11:06:02,449] {logging_mixin.py:115} INFO - [2022-10-26 11:06:02,449] {dag.py:2371} INFO - Sync 1 DAGs
[2022-10-26 11:06:02,582] {logging_mixin.py:115} INFO - [2022-10-26 11:06:02,582] {dag.py:2919} INFO - Setting next_dagrun for 2_daily_transformation_analysis to None, run_after=None
[2022-10-26 11:06:02,717] {processor.py:161} INFO - Processing /opt/airflow/dags/transform_and_analysis.py took 1.441 seconds
[2022-10-26 11:06:39,327] {processor.py:153} INFO - Started process (PID=1608) to work on /opt/airflow/dags/transform_and_analysis.py
[2022-10-26 11:06:39,329] {processor.py:641} INFO - Processing file /opt/airflow/dags/transform_and_analysis.py for tasks to queue
[2022-10-26 11:06:39,344] {logging_mixin.py:115} INFO - [2022-10-26 11:06:39,341] {dagbag.py:507} INFO - Filling up the DagBag from /opt/airflow/dags/transform_and_analysis.py
[2022-10-26 11:06:39,872] {processor.py:651} INFO - DAG(s) dict_keys(['2_daily_transformation_analysis']) retrieved from /opt/airflow/dags/transform_and_analysis.py
[2022-10-26 11:06:40,025] {logging_mixin.py:115} INFO - [2022-10-26 11:06:40,025] {dag.py:2371} INFO - Sync 1 DAGs
[2022-10-26 11:06:40,205] {logging_mixin.py:115} INFO - [2022-10-26 11:06:40,205] {dag.py:2919} INFO - Setting next_dagrun for 2_daily_transformation_analysis to None, run_after=None
[2022-10-26 11:06:40,440] {processor.py:161} INFO - Processing /opt/airflow/dags/transform_and_analysis.py took 1.132 seconds
[2022-10-26 11:07:12,415] {processor.py:153} INFO - Started process (PID=1653) to work on /opt/airflow/dags/transform_and_analysis.py
[2022-10-26 11:07:12,430] {processor.py:641} INFO - Processing file /opt/airflow/dags/transform_and_analysis.py for tasks to queue
[2022-10-26 11:07:12,438] {logging_mixin.py:115} INFO - [2022-10-26 11:07:12,438] {dagbag.py:507} INFO - Filling up the DagBag from /opt/airflow/dags/transform_and_analysis.py
[2022-10-26 11:07:12,816] {processor.py:651} INFO - DAG(s) dict_keys(['2_daily_transformation_analysis']) retrieved from /opt/airflow/dags/transform_and_analysis.py
[2022-10-26 11:07:12,868] {logging_mixin.py:115} INFO - [2022-10-26 11:07:12,868] {dag.py:2371} INFO - Sync 1 DAGs
[2022-10-26 11:07:12,923] {logging_mixin.py:115} INFO - [2022-10-26 11:07:12,923] {dag.py:2919} INFO - Setting next_dagrun for 2_daily_transformation_analysis to None, run_after=None
[2022-10-26 11:07:12,952] {processor.py:161} INFO - Processing /opt/airflow/dags/transform_and_analysis.py took 0.558 seconds
[2022-10-26 11:07:46,427] {processor.py:153} INFO - Started process (PID=1708) to work on /opt/airflow/dags/transform_and_analysis.py
[2022-10-26 11:07:46,471] {processor.py:641} INFO - Processing file /opt/airflow/dags/transform_and_analysis.py for tasks to queue
[2022-10-26 11:07:46,504] {logging_mixin.py:115} INFO - [2022-10-26 11:07:46,503] {dagbag.py:507} INFO - Filling up the DagBag from /opt/airflow/dags/transform_and_analysis.py
[2022-10-26 11:07:48,117] {processor.py:651} INFO - DAG(s) dict_keys(['2_daily_transformation_analysis']) retrieved from /opt/airflow/dags/transform_and_analysis.py
[2022-10-26 11:07:48,400] {logging_mixin.py:115} INFO - [2022-10-26 11:07:48,399] {dag.py:2371} INFO - Sync 1 DAGs
[2022-10-26 11:07:48,751] {logging_mixin.py:115} INFO - [2022-10-26 11:07:48,750] {dag.py:2919} INFO - Setting next_dagrun for 2_daily_transformation_analysis to None, run_after=None
[2022-10-26 11:07:49,234] {processor.py:161} INFO - Processing /opt/airflow/dags/transform_and_analysis.py took 2.859 seconds
[2022-10-26 11:08:19,777] {processor.py:153} INFO - Started process (PID=1752) to work on /opt/airflow/dags/transform_and_analysis.py
[2022-10-26 11:08:19,779] {processor.py:641} INFO - Processing file /opt/airflow/dags/transform_and_analysis.py for tasks to queue
[2022-10-26 11:08:19,783] {logging_mixin.py:115} INFO - [2022-10-26 11:08:19,783] {dagbag.py:507} INFO - Filling up the DagBag from /opt/airflow/dags/transform_and_analysis.py
[2022-10-26 11:08:20,414] {processor.py:651} INFO - DAG(s) dict_keys(['2_daily_transformation_analysis']) retrieved from /opt/airflow/dags/transform_and_analysis.py
[2022-10-26 11:08:20,538] {logging_mixin.py:115} INFO - [2022-10-26 11:08:20,538] {dag.py:2371} INFO - Sync 1 DAGs
[2022-10-26 11:08:20,739] {logging_mixin.py:115} INFO - [2022-10-26 11:08:20,738] {dag.py:2919} INFO - Setting next_dagrun for 2_daily_transformation_analysis to None, run_after=None
[2022-10-26 11:08:20,887] {processor.py:161} INFO - Processing /opt/airflow/dags/transform_and_analysis.py took 1.120 seconds
[2022-10-26 11:08:51,441] {processor.py:153} INFO - Started process (PID=1808) to work on /opt/airflow/dags/transform_and_analysis.py
[2022-10-26 11:08:51,444] {processor.py:641} INFO - Processing file /opt/airflow/dags/transform_and_analysis.py for tasks to queue
[2022-10-26 11:08:51,448] {logging_mixin.py:115} INFO - [2022-10-26 11:08:51,448] {dagbag.py:507} INFO - Filling up the DagBag from /opt/airflow/dags/transform_and_analysis.py
[2022-10-26 11:08:51,568] {processor.py:651} INFO - DAG(s) dict_keys(['2_daily_transformation_analysis']) retrieved from /opt/airflow/dags/transform_and_analysis.py
[2022-10-26 11:08:51,751] {logging_mixin.py:115} INFO - [2022-10-26 11:08:51,751] {dag.py:2371} INFO - Sync 1 DAGs
[2022-10-26 11:08:51,943] {logging_mixin.py:115} INFO - [2022-10-26 11:08:51,943] {dag.py:2919} INFO - Setting next_dagrun for 2_daily_transformation_analysis to None, run_after=None
[2022-10-26 11:08:52,072] {processor.py:161} INFO - Processing /opt/airflow/dags/transform_and_analysis.py took 0.644 seconds
[2022-10-26 11:09:23,059] {processor.py:153} INFO - Started process (PID=1862) to work on /opt/airflow/dags/transform_and_analysis.py
[2022-10-26 11:09:23,065] {processor.py:641} INFO - Processing file /opt/airflow/dags/transform_and_analysis.py for tasks to queue
[2022-10-26 11:09:23,068] {logging_mixin.py:115} INFO - [2022-10-26 11:09:23,067] {dagbag.py:507} INFO - Filling up the DagBag from /opt/airflow/dags/transform_and_analysis.py
[2022-10-26 11:09:23,331] {processor.py:651} INFO - DAG(s) dict_keys(['2_daily_transformation_analysis']) retrieved from /opt/airflow/dags/transform_and_analysis.py
[2022-10-26 11:09:23,697] {logging_mixin.py:115} INFO - [2022-10-26 11:09:23,697] {dag.py:2371} INFO - Sync 1 DAGs
[2022-10-26 11:09:24,167] {logging_mixin.py:115} INFO - [2022-10-26 11:09:24,167] {dag.py:2919} INFO - Setting next_dagrun for 2_daily_transformation_analysis to None, run_after=None
[2022-10-26 11:09:24,295] {processor.py:161} INFO - Processing /opt/airflow/dags/transform_and_analysis.py took 1.246 seconds
[2022-10-26 11:09:54,539] {processor.py:153} INFO - Started process (PID=1916) to work on /opt/airflow/dags/transform_and_analysis.py
[2022-10-26 11:09:54,541] {processor.py:641} INFO - Processing file /opt/airflow/dags/transform_and_analysis.py for tasks to queue
[2022-10-26 11:09:54,542] {logging_mixin.py:115} INFO - [2022-10-26 11:09:54,542] {dagbag.py:507} INFO - Filling up the DagBag from /opt/airflow/dags/transform_and_analysis.py
[2022-10-26 11:09:54,588] {processor.py:651} INFO - DAG(s) dict_keys(['2_daily_transformation_analysis']) retrieved from /opt/airflow/dags/transform_and_analysis.py
[2022-10-26 11:09:54,649] {logging_mixin.py:115} INFO - [2022-10-26 11:09:54,649] {dag.py:2371} INFO - Sync 1 DAGs
[2022-10-26 11:09:54,709] {logging_mixin.py:115} INFO - [2022-10-26 11:09:54,708] {dag.py:2919} INFO - Setting next_dagrun for 2_daily_transformation_analysis to None, run_after=None
[2022-10-26 11:09:54,783] {processor.py:161} INFO - Processing /opt/airflow/dags/transform_and_analysis.py took 0.251 seconds
[2022-10-26 11:10:25,199] {processor.py:153} INFO - Started process (PID=1968) to work on /opt/airflow/dags/transform_and_analysis.py
[2022-10-26 11:10:25,202] {processor.py:641} INFO - Processing file /opt/airflow/dags/transform_and_analysis.py for tasks to queue
[2022-10-26 11:10:25,204] {logging_mixin.py:115} INFO - [2022-10-26 11:10:25,204] {dagbag.py:507} INFO - Filling up the DagBag from /opt/airflow/dags/transform_and_analysis.py
[2022-10-26 11:10:25,258] {processor.py:651} INFO - DAG(s) dict_keys(['2_daily_transformation_analysis']) retrieved from /opt/airflow/dags/transform_and_analysis.py
[2022-10-26 11:10:25,353] {logging_mixin.py:115} INFO - [2022-10-26 11:10:25,351] {dag.py:2371} INFO - Sync 1 DAGs
[2022-10-26 11:10:25,427] {logging_mixin.py:115} INFO - [2022-10-26 11:10:25,427] {dag.py:2919} INFO - Setting next_dagrun for 2_daily_transformation_analysis to None, run_after=None
[2022-10-26 11:10:25,479] {processor.py:161} INFO - Processing /opt/airflow/dags/transform_and_analysis.py took 0.297 seconds
[2022-10-26 11:10:55,820] {processor.py:153} INFO - Started process (PID=2015) to work on /opt/airflow/dags/transform_and_analysis.py
[2022-10-26 11:10:55,827] {processor.py:641} INFO - Processing file /opt/airflow/dags/transform_and_analysis.py for tasks to queue
[2022-10-26 11:10:55,829] {logging_mixin.py:115} INFO - [2022-10-26 11:10:55,829] {dagbag.py:507} INFO - Filling up the DagBag from /opt/airflow/dags/transform_and_analysis.py
[2022-10-26 11:10:55,903] {processor.py:651} INFO - DAG(s) dict_keys(['2_daily_transformation_analysis']) retrieved from /opt/airflow/dags/transform_and_analysis.py
[2022-10-26 11:10:56,035] {logging_mixin.py:115} INFO - [2022-10-26 11:10:56,035] {dag.py:2371} INFO - Sync 1 DAGs
[2022-10-26 11:10:56,142] {logging_mixin.py:115} INFO - [2022-10-26 11:10:56,141] {dag.py:2919} INFO - Setting next_dagrun for 2_daily_transformation_analysis to None, run_after=None
[2022-10-26 11:10:56,202] {processor.py:161} INFO - Processing /opt/airflow/dags/transform_and_analysis.py took 0.389 seconds
[2022-10-26 11:11:27,106] {processor.py:153} INFO - Started process (PID=2069) to work on /opt/airflow/dags/transform_and_analysis.py
[2022-10-26 11:11:27,108] {processor.py:641} INFO - Processing file /opt/airflow/dags/transform_and_analysis.py for tasks to queue
[2022-10-26 11:11:27,117] {logging_mixin.py:115} INFO - [2022-10-26 11:11:27,111] {dagbag.py:507} INFO - Filling up the DagBag from /opt/airflow/dags/transform_and_analysis.py
[2022-10-26 11:11:27,238] {processor.py:651} INFO - DAG(s) dict_keys(['2_daily_transformation_analysis']) retrieved from /opt/airflow/dags/transform_and_analysis.py
[2022-10-26 11:11:27,409] {logging_mixin.py:115} INFO - [2022-10-26 11:11:27,408] {dag.py:2371} INFO - Sync 1 DAGs
[2022-10-26 11:11:27,517] {logging_mixin.py:115} INFO - [2022-10-26 11:11:27,517] {dag.py:2919} INFO - Setting next_dagrun for 2_daily_transformation_analysis to None, run_after=None
[2022-10-26 11:11:27,548] {processor.py:161} INFO - Processing /opt/airflow/dags/transform_and_analysis.py took 0.459 seconds
[2022-10-26 11:11:58,524] {processor.py:153} INFO - Started process (PID=2119) to work on /opt/airflow/dags/transform_and_analysis.py
[2022-10-26 11:11:58,541] {processor.py:641} INFO - Processing file /opt/airflow/dags/transform_and_analysis.py for tasks to queue
[2022-10-26 11:11:58,553] {logging_mixin.py:115} INFO - [2022-10-26 11:11:58,552] {dagbag.py:507} INFO - Filling up the DagBag from /opt/airflow/dags/transform_and_analysis.py
[2022-10-26 11:11:58,875] {processor.py:651} INFO - DAG(s) dict_keys(['2_daily_transformation_analysis']) retrieved from /opt/airflow/dags/transform_and_analysis.py
[2022-10-26 11:11:59,108] {logging_mixin.py:115} INFO - [2022-10-26 11:11:59,108] {dag.py:2371} INFO - Sync 1 DAGs
[2022-10-26 11:11:59,250] {logging_mixin.py:115} INFO - [2022-10-26 11:11:59,250] {dag.py:2919} INFO - Setting next_dagrun for 2_daily_transformation_analysis to None, run_after=None
[2022-10-26 11:11:59,352] {processor.py:161} INFO - Processing /opt/airflow/dags/transform_and_analysis.py took 0.862 seconds
[2022-10-26 11:12:30,654] {processor.py:153} INFO - Started process (PID=2166) to work on /opt/airflow/dags/transform_and_analysis.py
[2022-10-26 11:12:30,668] {processor.py:641} INFO - Processing file /opt/airflow/dags/transform_and_analysis.py for tasks to queue
[2022-10-26 11:12:30,683] {logging_mixin.py:115} INFO - [2022-10-26 11:12:30,683] {dagbag.py:507} INFO - Filling up the DagBag from /opt/airflow/dags/transform_and_analysis.py
[2022-10-26 11:12:30,901] {processor.py:651} INFO - DAG(s) dict_keys(['2_daily_transformation_analysis']) retrieved from /opt/airflow/dags/transform_and_analysis.py
[2022-10-26 11:12:31,088] {logging_mixin.py:115} INFO - [2022-10-26 11:12:31,087] {dag.py:2371} INFO - Sync 1 DAGs
[2022-10-26 11:12:31,260] {logging_mixin.py:115} INFO - [2022-10-26 11:12:31,259] {dag.py:2919} INFO - Setting next_dagrun for 2_daily_transformation_analysis to None, run_after=None
[2022-10-26 11:12:31,391] {processor.py:161} INFO - Processing /opt/airflow/dags/transform_and_analysis.py took 0.757 seconds
[2022-10-26 11:13:01,944] {processor.py:153} INFO - Started process (PID=2221) to work on /opt/airflow/dags/transform_and_analysis.py
[2022-10-26 11:13:01,976] {processor.py:641} INFO - Processing file /opt/airflow/dags/transform_and_analysis.py for tasks to queue
[2022-10-26 11:13:02,023] {logging_mixin.py:115} INFO - [2022-10-26 11:13:02,023] {dagbag.py:507} INFO - Filling up the DagBag from /opt/airflow/dags/transform_and_analysis.py
[2022-10-26 11:13:02,120] {processor.py:651} INFO - DAG(s) dict_keys(['2_daily_transformation_analysis']) retrieved from /opt/airflow/dags/transform_and_analysis.py
[2022-10-26 11:13:02,251] {logging_mixin.py:115} INFO - [2022-10-26 11:13:02,251] {dag.py:2371} INFO - Sync 1 DAGs
[2022-10-26 11:13:02,677] {logging_mixin.py:115} INFO - [2022-10-26 11:13:02,677] {dag.py:2919} INFO - Setting next_dagrun for 2_daily_transformation_analysis to None, run_after=None
[2022-10-26 11:13:02,888] {processor.py:161} INFO - Processing /opt/airflow/dags/transform_and_analysis.py took 0.977 seconds
[2022-10-26 11:13:33,090] {processor.py:153} INFO - Started process (PID=2273) to work on /opt/airflow/dags/transform_and_analysis.py
[2022-10-26 11:13:33,094] {processor.py:641} INFO - Processing file /opt/airflow/dags/transform_and_analysis.py for tasks to queue
[2022-10-26 11:13:33,097] {logging_mixin.py:115} INFO - [2022-10-26 11:13:33,097] {dagbag.py:507} INFO - Filling up the DagBag from /opt/airflow/dags/transform_and_analysis.py
[2022-10-26 11:13:33,167] {processor.py:651} INFO - DAG(s) dict_keys(['2_daily_transformation_analysis']) retrieved from /opt/airflow/dags/transform_and_analysis.py
[2022-10-26 11:13:33,298] {logging_mixin.py:115} INFO - [2022-10-26 11:13:33,298] {dag.py:2371} INFO - Sync 1 DAGs
[2022-10-26 11:13:33,457] {logging_mixin.py:115} INFO - [2022-10-26 11:13:33,457] {dag.py:2919} INFO - Setting next_dagrun for 2_daily_transformation_analysis to None, run_after=None
[2022-10-26 11:13:33,704] {processor.py:161} INFO - Processing /opt/airflow/dags/transform_and_analysis.py took 0.625 seconds
[2022-10-26 11:14:04,350] {processor.py:153} INFO - Started process (PID=2320) to work on /opt/airflow/dags/transform_and_analysis.py
[2022-10-26 11:14:04,360] {processor.py:641} INFO - Processing file /opt/airflow/dags/transform_and_analysis.py for tasks to queue
[2022-10-26 11:14:04,362] {logging_mixin.py:115} INFO - [2022-10-26 11:14:04,362] {dagbag.py:507} INFO - Filling up the DagBag from /opt/airflow/dags/transform_and_analysis.py
[2022-10-26 11:14:04,501] {processor.py:651} INFO - DAG(s) dict_keys(['2_daily_transformation_analysis']) retrieved from /opt/airflow/dags/transform_and_analysis.py
[2022-10-26 11:14:04,687] {logging_mixin.py:115} INFO - [2022-10-26 11:14:04,681] {dag.py:2371} INFO - Sync 1 DAGs
[2022-10-26 11:14:04,861] {logging_mixin.py:115} INFO - [2022-10-26 11:14:04,861] {dag.py:2919} INFO - Setting next_dagrun for 2_daily_transformation_analysis to None, run_after=None
[2022-10-26 11:14:05,006] {processor.py:161} INFO - Processing /opt/airflow/dags/transform_and_analysis.py took 0.663 seconds
[2022-10-26 11:14:35,873] {processor.py:153} INFO - Started process (PID=2381) to work on /opt/airflow/dags/transform_and_analysis.py
[2022-10-26 11:14:35,874] {processor.py:641} INFO - Processing file /opt/airflow/dags/transform_and_analysis.py for tasks to queue
[2022-10-26 11:14:35,875] {logging_mixin.py:115} INFO - [2022-10-26 11:14:35,875] {dagbag.py:507} INFO - Filling up the DagBag from /opt/airflow/dags/transform_and_analysis.py
[2022-10-26 11:14:35,906] {processor.py:651} INFO - DAG(s) dict_keys(['2_daily_transformation_analysis']) retrieved from /opt/airflow/dags/transform_and_analysis.py
[2022-10-26 11:14:35,959] {logging_mixin.py:115} INFO - [2022-10-26 11:14:35,959] {dag.py:2371} INFO - Sync 1 DAGs
[2022-10-26 11:14:36,094] {logging_mixin.py:115} INFO - [2022-10-26 11:14:36,094] {dag.py:2919} INFO - Setting next_dagrun for 2_daily_transformation_analysis to None, run_after=None
[2022-10-26 11:14:36,154] {processor.py:161} INFO - Processing /opt/airflow/dags/transform_and_analysis.py took 0.286 seconds
[2022-10-26 11:15:06,860] {processor.py:153} INFO - Started process (PID=2438) to work on /opt/airflow/dags/transform_and_analysis.py
[2022-10-26 11:15:06,861] {processor.py:641} INFO - Processing file /opt/airflow/dags/transform_and_analysis.py for tasks to queue
[2022-10-26 11:15:06,862] {logging_mixin.py:115} INFO - [2022-10-26 11:15:06,862] {dagbag.py:507} INFO - Filling up the DagBag from /opt/airflow/dags/transform_and_analysis.py
[2022-10-26 11:15:06,894] {processor.py:651} INFO - DAG(s) dict_keys(['2_daily_transformation_analysis']) retrieved from /opt/airflow/dags/transform_and_analysis.py
[2022-10-26 11:15:06,938] {logging_mixin.py:115} INFO - [2022-10-26 11:15:06,938] {dag.py:2371} INFO - Sync 1 DAGs
[2022-10-26 11:15:06,984] {logging_mixin.py:115} INFO - [2022-10-26 11:15:06,984] {dag.py:2919} INFO - Setting next_dagrun for 2_daily_transformation_analysis to None, run_after=None
[2022-10-26 11:15:07,015] {processor.py:161} INFO - Processing /opt/airflow/dags/transform_and_analysis.py took 0.161 seconds
[2022-10-26 11:15:37,514] {processor.py:153} INFO - Started process (PID=2492) to work on /opt/airflow/dags/transform_and_analysis.py
[2022-10-26 11:15:37,516] {processor.py:641} INFO - Processing file /opt/airflow/dags/transform_and_analysis.py for tasks to queue
[2022-10-26 11:15:37,518] {logging_mixin.py:115} INFO - [2022-10-26 11:15:37,518] {dagbag.py:507} INFO - Filling up the DagBag from /opt/airflow/dags/transform_and_analysis.py
[2022-10-26 11:15:37,552] {processor.py:651} INFO - DAG(s) dict_keys(['2_daily_transformation_analysis']) retrieved from /opt/airflow/dags/transform_and_analysis.py
[2022-10-26 11:15:37,611] {logging_mixin.py:115} INFO - [2022-10-26 11:15:37,611] {dag.py:2371} INFO - Sync 1 DAGs
[2022-10-26 11:15:37,663] {logging_mixin.py:115} INFO - [2022-10-26 11:15:37,662] {dag.py:2919} INFO - Setting next_dagrun for 2_daily_transformation_analysis to None, run_after=None
[2022-10-26 11:15:37,686] {processor.py:161} INFO - Processing /opt/airflow/dags/transform_and_analysis.py took 0.178 seconds
[2022-10-26 11:16:07,900] {processor.py:153} INFO - Started process (PID=2555) to work on /opt/airflow/dags/transform_and_analysis.py
[2022-10-26 11:16:07,902] {processor.py:641} INFO - Processing file /opt/airflow/dags/transform_and_analysis.py for tasks to queue
[2022-10-26 11:16:07,904] {logging_mixin.py:115} INFO - [2022-10-26 11:16:07,903] {dagbag.py:507} INFO - Filling up the DagBag from /opt/airflow/dags/transform_and_analysis.py
[2022-10-26 11:16:07,941] {processor.py:651} INFO - DAG(s) dict_keys(['2_daily_transformation_analysis']) retrieved from /opt/airflow/dags/transform_and_analysis.py
[2022-10-26 11:16:07,985] {logging_mixin.py:115} INFO - [2022-10-26 11:16:07,985] {dag.py:2371} INFO - Sync 1 DAGs
[2022-10-26 11:16:08,029] {logging_mixin.py:115} INFO - [2022-10-26 11:16:08,029] {dag.py:2919} INFO - Setting next_dagrun for 2_daily_transformation_analysis to None, run_after=None
[2022-10-26 11:16:08,061] {processor.py:161} INFO - Processing /opt/airflow/dags/transform_and_analysis.py took 0.168 seconds
[2022-10-26 11:16:38,282] {processor.py:153} INFO - Started process (PID=2609) to work on /opt/airflow/dags/transform_and_analysis.py
[2022-10-26 11:16:38,285] {processor.py:641} INFO - Processing file /opt/airflow/dags/transform_and_analysis.py for tasks to queue
[2022-10-26 11:16:38,287] {logging_mixin.py:115} INFO - [2022-10-26 11:16:38,287] {dagbag.py:507} INFO - Filling up the DagBag from /opt/airflow/dags/transform_and_analysis.py
[2022-10-26 11:16:38,337] {processor.py:651} INFO - DAG(s) dict_keys(['2_daily_transformation_analysis']) retrieved from /opt/airflow/dags/transform_and_analysis.py
[2022-10-26 11:16:38,416] {logging_mixin.py:115} INFO - [2022-10-26 11:16:38,416] {dag.py:2371} INFO - Sync 1 DAGs
[2022-10-26 11:16:38,484] {logging_mixin.py:115} INFO - [2022-10-26 11:16:38,484] {dag.py:2919} INFO - Setting next_dagrun for 2_daily_transformation_analysis to None, run_after=None
[2022-10-26 11:16:38,514] {processor.py:161} INFO - Processing /opt/airflow/dags/transform_and_analysis.py took 0.244 seconds
[2022-10-26 11:17:08,677] {processor.py:153} INFO - Started process (PID=2674) to work on /opt/airflow/dags/transform_and_analysis.py
[2022-10-26 11:17:08,678] {processor.py:641} INFO - Processing file /opt/airflow/dags/transform_and_analysis.py for tasks to queue
[2022-10-26 11:17:08,679] {logging_mixin.py:115} INFO - [2022-10-26 11:17:08,679] {dagbag.py:507} INFO - Filling up the DagBag from /opt/airflow/dags/transform_and_analysis.py
[2022-10-26 11:17:08,711] {processor.py:651} INFO - DAG(s) dict_keys(['2_daily_transformation_analysis']) retrieved from /opt/airflow/dags/transform_and_analysis.py
[2022-10-26 11:17:08,749] {logging_mixin.py:115} INFO - [2022-10-26 11:17:08,749] {dag.py:2371} INFO - Sync 1 DAGs
[2022-10-26 11:17:08,801] {logging_mixin.py:115} INFO - [2022-10-26 11:17:08,801] {dag.py:2919} INFO - Setting next_dagrun for 2_daily_transformation_analysis to None, run_after=None
[2022-10-26 11:17:08,826] {processor.py:161} INFO - Processing /opt/airflow/dags/transform_and_analysis.py took 0.155 seconds
[2022-10-26 11:17:39,020] {processor.py:153} INFO - Started process (PID=2728) to work on /opt/airflow/dags/transform_and_analysis.py
[2022-10-26 11:17:39,022] {processor.py:641} INFO - Processing file /opt/airflow/dags/transform_and_analysis.py for tasks to queue
[2022-10-26 11:17:39,023] {logging_mixin.py:115} INFO - [2022-10-26 11:17:39,023] {dagbag.py:507} INFO - Filling up the DagBag from /opt/airflow/dags/transform_and_analysis.py
[2022-10-26 11:17:39,053] {processor.py:651} INFO - DAG(s) dict_keys(['2_daily_transformation_analysis']) retrieved from /opt/airflow/dags/transform_and_analysis.py
[2022-10-26 11:17:39,092] {logging_mixin.py:115} INFO - [2022-10-26 11:17:39,091] {dag.py:2371} INFO - Sync 1 DAGs
[2022-10-26 11:17:39,126] {logging_mixin.py:115} INFO - [2022-10-26 11:17:39,126] {dag.py:2919} INFO - Setting next_dagrun for 2_daily_transformation_analysis to None, run_after=None
[2022-10-26 11:17:39,149] {processor.py:161} INFO - Processing /opt/airflow/dags/transform_and_analysis.py took 0.136 seconds
[2022-10-26 11:18:09,554] {processor.py:153} INFO - Started process (PID=2781) to work on /opt/airflow/dags/transform_and_analysis.py
[2022-10-26 11:18:09,555] {processor.py:641} INFO - Processing file /opt/airflow/dags/transform_and_analysis.py for tasks to queue
[2022-10-26 11:18:09,557] {logging_mixin.py:115} INFO - [2022-10-26 11:18:09,557] {dagbag.py:507} INFO - Filling up the DagBag from /opt/airflow/dags/transform_and_analysis.py
[2022-10-26 11:18:09,601] {processor.py:651} INFO - DAG(s) dict_keys(['2_daily_transformation_analysis']) retrieved from /opt/airflow/dags/transform_and_analysis.py
[2022-10-26 11:18:09,665] {logging_mixin.py:115} INFO - [2022-10-26 11:18:09,664] {dag.py:2371} INFO - Sync 1 DAGs
[2022-10-26 11:18:09,713] {logging_mixin.py:115} INFO - [2022-10-26 11:18:09,713] {dag.py:2919} INFO - Setting next_dagrun for 2_daily_transformation_analysis to None, run_after=None
[2022-10-26 11:18:09,749] {processor.py:161} INFO - Processing /opt/airflow/dags/transform_and_analysis.py took 0.203 seconds
[2022-10-26 11:18:39,819] {processor.py:153} INFO - Started process (PID=2844) to work on /opt/airflow/dags/transform_and_analysis.py
[2022-10-26 11:18:39,820] {processor.py:641} INFO - Processing file /opt/airflow/dags/transform_and_analysis.py for tasks to queue
[2022-10-26 11:18:39,821] {logging_mixin.py:115} INFO - [2022-10-26 11:18:39,821] {dagbag.py:507} INFO - Filling up the DagBag from /opt/airflow/dags/transform_and_analysis.py
[2022-10-26 11:18:39,887] {processor.py:651} INFO - DAG(s) dict_keys(['2_daily_transformation_analysis']) retrieved from /opt/airflow/dags/transform_and_analysis.py
[2022-10-26 11:18:39,998] {logging_mixin.py:115} INFO - [2022-10-26 11:18:39,998] {dag.py:2371} INFO - Sync 1 DAGs
[2022-10-26 11:18:40,115] {logging_mixin.py:115} INFO - [2022-10-26 11:18:40,115] {dag.py:2919} INFO - Setting next_dagrun for 2_daily_transformation_analysis to None, run_after=None
[2022-10-26 11:18:40,185] {processor.py:161} INFO - Processing /opt/airflow/dags/transform_and_analysis.py took 0.377 seconds
[2022-10-26 11:19:21,828] {processor.py:153} INFO - Started process (PID=2893) to work on /opt/airflow/dags/transform_and_analysis.py
[2022-10-26 11:19:21,840] {processor.py:641} INFO - Processing file /opt/airflow/dags/transform_and_analysis.py for tasks to queue
[2022-10-26 11:19:21,842] {logging_mixin.py:115} INFO - [2022-10-26 11:19:21,842] {dagbag.py:507} INFO - Filling up the DagBag from /opt/airflow/dags/transform_and_analysis.py
[2022-10-26 11:19:21,957] {processor.py:651} INFO - DAG(s) dict_keys(['2_daily_transformation_analysis']) retrieved from /opt/airflow/dags/transform_and_analysis.py
[2022-10-26 11:19:22,099] {logging_mixin.py:115} INFO - [2022-10-26 11:19:22,099] {dag.py:2371} INFO - Sync 1 DAGs
[2022-10-26 11:19:22,193] {logging_mixin.py:115} INFO - [2022-10-26 11:19:22,193] {dag.py:2919} INFO - Setting next_dagrun for 2_daily_transformation_analysis to None, run_after=None
[2022-10-26 11:19:22,391] {processor.py:161} INFO - Processing /opt/airflow/dags/transform_and_analysis.py took 0.580 seconds
[2022-10-26 11:19:53,126] {processor.py:153} INFO - Started process (PID=2948) to work on /opt/airflow/dags/transform_and_analysis.py
[2022-10-26 11:19:53,128] {processor.py:641} INFO - Processing file /opt/airflow/dags/transform_and_analysis.py for tasks to queue
[2022-10-26 11:19:53,129] {logging_mixin.py:115} INFO - [2022-10-26 11:19:53,129] {dagbag.py:507} INFO - Filling up the DagBag from /opt/airflow/dags/transform_and_analysis.py
[2022-10-26 11:19:53,160] {processor.py:651} INFO - DAG(s) dict_keys(['2_daily_transformation_analysis']) retrieved from /opt/airflow/dags/transform_and_analysis.py
[2022-10-26 11:19:53,210] {logging_mixin.py:115} INFO - [2022-10-26 11:19:53,210] {dag.py:2371} INFO - Sync 1 DAGs
[2022-10-26 11:19:53,262] {logging_mixin.py:115} INFO - [2022-10-26 11:19:53,262] {dag.py:2919} INFO - Setting next_dagrun for 2_daily_transformation_analysis to None, run_after=None
[2022-10-26 11:19:53,304] {processor.py:161} INFO - Processing /opt/airflow/dags/transform_and_analysis.py took 0.184 seconds
[2022-10-26 11:20:23,528] {processor.py:153} INFO - Started process (PID=3002) to work on /opt/airflow/dags/transform_and_analysis.py
[2022-10-26 11:20:23,529] {processor.py:641} INFO - Processing file /opt/airflow/dags/transform_and_analysis.py for tasks to queue
[2022-10-26 11:20:23,530] {logging_mixin.py:115} INFO - [2022-10-26 11:20:23,530] {dagbag.py:507} INFO - Filling up the DagBag from /opt/airflow/dags/transform_and_analysis.py
[2022-10-26 11:20:23,561] {processor.py:651} INFO - DAG(s) dict_keys(['2_daily_transformation_analysis']) retrieved from /opt/airflow/dags/transform_and_analysis.py
[2022-10-26 11:20:23,599] {logging_mixin.py:115} INFO - [2022-10-26 11:20:23,599] {dag.py:2371} INFO - Sync 1 DAGs
[2022-10-26 11:20:23,633] {logging_mixin.py:115} INFO - [2022-10-26 11:20:23,632] {dag.py:2919} INFO - Setting next_dagrun for 2_daily_transformation_analysis to None, run_after=None
[2022-10-26 11:20:23,652] {processor.py:161} INFO - Processing /opt/airflow/dags/transform_and_analysis.py took 0.130 seconds
[2022-10-26 11:20:53,835] {processor.py:153} INFO - Started process (PID=3065) to work on /opt/airflow/dags/transform_and_analysis.py
[2022-10-26 11:20:53,836] {processor.py:641} INFO - Processing file /opt/airflow/dags/transform_and_analysis.py for tasks to queue
[2022-10-26 11:20:53,837] {logging_mixin.py:115} INFO - [2022-10-26 11:20:53,837] {dagbag.py:507} INFO - Filling up the DagBag from /opt/airflow/dags/transform_and_analysis.py
[2022-10-26 11:20:53,867] {processor.py:651} INFO - DAG(s) dict_keys(['2_daily_transformation_analysis']) retrieved from /opt/airflow/dags/transform_and_analysis.py
[2022-10-26 11:20:53,908] {logging_mixin.py:115} INFO - [2022-10-26 11:20:53,908] {dag.py:2371} INFO - Sync 1 DAGs
[2022-10-26 11:20:53,941] {logging_mixin.py:115} INFO - [2022-10-26 11:20:53,940] {dag.py:2919} INFO - Setting next_dagrun for 2_daily_transformation_analysis to None, run_after=None
[2022-10-26 11:20:53,962] {processor.py:161} INFO - Processing /opt/airflow/dags/transform_and_analysis.py took 0.134 seconds
[2022-10-26 11:21:24,197] {processor.py:153} INFO - Started process (PID=3119) to work on /opt/airflow/dags/transform_and_analysis.py
[2022-10-26 11:21:24,198] {processor.py:641} INFO - Processing file /opt/airflow/dags/transform_and_analysis.py for tasks to queue
[2022-10-26 11:21:24,199] {logging_mixin.py:115} INFO - [2022-10-26 11:21:24,199] {dagbag.py:507} INFO - Filling up the DagBag from /opt/airflow/dags/transform_and_analysis.py
[2022-10-26 11:21:24,223] {processor.py:651} INFO - DAG(s) dict_keys(['2_daily_transformation_analysis']) retrieved from /opt/airflow/dags/transform_and_analysis.py
[2022-10-26 11:21:24,260] {logging_mixin.py:115} INFO - [2022-10-26 11:21:24,260] {dag.py:2371} INFO - Sync 1 DAGs
[2022-10-26 11:21:24,289] {logging_mixin.py:115} INFO - [2022-10-26 11:21:24,289] {dag.py:2919} INFO - Setting next_dagrun for 2_daily_transformation_analysis to None, run_after=None
[2022-10-26 11:21:24,311] {processor.py:161} INFO - Processing /opt/airflow/dags/transform_and_analysis.py took 0.120 seconds
[2022-10-26 11:21:54,414] {processor.py:153} INFO - Started process (PID=3182) to work on /opt/airflow/dags/transform_and_analysis.py
[2022-10-26 11:21:54,416] {processor.py:641} INFO - Processing file /opt/airflow/dags/transform_and_analysis.py for tasks to queue
[2022-10-26 11:21:54,417] {logging_mixin.py:115} INFO - [2022-10-26 11:21:54,416] {dagbag.py:507} INFO - Filling up the DagBag from /opt/airflow/dags/transform_and_analysis.py
[2022-10-26 11:21:54,448] {processor.py:651} INFO - DAG(s) dict_keys(['2_daily_transformation_analysis']) retrieved from /opt/airflow/dags/transform_and_analysis.py
[2022-10-26 11:21:54,491] {logging_mixin.py:115} INFO - [2022-10-26 11:21:54,491] {dag.py:2371} INFO - Sync 1 DAGs
[2022-10-26 11:21:54,533] {logging_mixin.py:115} INFO - [2022-10-26 11:21:54,533] {dag.py:2919} INFO - Setting next_dagrun for 2_daily_transformation_analysis to None, run_after=None
[2022-10-26 11:21:54,557] {processor.py:161} INFO - Processing /opt/airflow/dags/transform_and_analysis.py took 0.148 seconds
[2022-10-26 11:22:24,920] {processor.py:153} INFO - Started process (PID=3238) to work on /opt/airflow/dags/transform_and_analysis.py
[2022-10-26 11:22:24,921] {processor.py:641} INFO - Processing file /opt/airflow/dags/transform_and_analysis.py for tasks to queue
[2022-10-26 11:22:24,922] {logging_mixin.py:115} INFO - [2022-10-26 11:22:24,922] {dagbag.py:507} INFO - Filling up the DagBag from /opt/airflow/dags/transform_and_analysis.py
[2022-10-26 11:22:24,951] {processor.py:651} INFO - DAG(s) dict_keys(['2_daily_transformation_analysis']) retrieved from /opt/airflow/dags/transform_and_analysis.py
[2022-10-26 11:22:25,014] {logging_mixin.py:115} INFO - [2022-10-26 11:22:25,014] {dag.py:2371} INFO - Sync 1 DAGs
[2022-10-26 11:22:25,072] {logging_mixin.py:115} INFO - [2022-10-26 11:22:25,072] {dag.py:2919} INFO - Setting next_dagrun for 2_daily_transformation_analysis to None, run_after=None
[2022-10-26 11:22:25,095] {processor.py:161} INFO - Processing /opt/airflow/dags/transform_and_analysis.py took 0.180 seconds
[2022-10-26 11:22:55,246] {processor.py:153} INFO - Started process (PID=3302) to work on /opt/airflow/dags/transform_and_analysis.py
[2022-10-26 11:22:55,247] {processor.py:641} INFO - Processing file /opt/airflow/dags/transform_and_analysis.py for tasks to queue
[2022-10-26 11:22:55,249] {logging_mixin.py:115} INFO - [2022-10-26 11:22:55,249] {dagbag.py:507} INFO - Filling up the DagBag from /opt/airflow/dags/transform_and_analysis.py
[2022-10-26 11:22:55,277] {processor.py:651} INFO - DAG(s) dict_keys(['2_daily_transformation_analysis']) retrieved from /opt/airflow/dags/transform_and_analysis.py
[2022-10-26 11:22:55,311] {logging_mixin.py:115} INFO - [2022-10-26 11:22:55,311] {dag.py:2371} INFO - Sync 1 DAGs
[2022-10-26 11:22:55,342] {logging_mixin.py:115} INFO - [2022-10-26 11:22:55,342] {dag.py:2919} INFO - Setting next_dagrun for 2_daily_transformation_analysis to None, run_after=None
[2022-10-26 11:22:55,362] {processor.py:161} INFO - Processing /opt/airflow/dags/transform_and_analysis.py took 0.121 seconds
[2022-10-26 11:23:25,773] {processor.py:153} INFO - Started process (PID=3364) to work on /opt/airflow/dags/transform_and_analysis.py
[2022-10-26 11:23:25,774] {processor.py:641} INFO - Processing file /opt/airflow/dags/transform_and_analysis.py for tasks to queue
[2022-10-26 11:23:25,775] {logging_mixin.py:115} INFO - [2022-10-26 11:23:25,775] {dagbag.py:507} INFO - Filling up the DagBag from /opt/airflow/dags/transform_and_analysis.py
[2022-10-26 11:23:25,801] {processor.py:651} INFO - DAG(s) dict_keys(['2_daily_transformation_analysis']) retrieved from /opt/airflow/dags/transform_and_analysis.py
[2022-10-26 11:23:25,846] {logging_mixin.py:115} INFO - [2022-10-26 11:23:25,846] {dag.py:2371} INFO - Sync 1 DAGs
[2022-10-26 11:23:25,881] {logging_mixin.py:115} INFO - [2022-10-26 11:23:25,881] {dag.py:2919} INFO - Setting next_dagrun for 2_daily_transformation_analysis to None, run_after=None
[2022-10-26 11:23:25,905] {processor.py:161} INFO - Processing /opt/airflow/dags/transform_and_analysis.py took 0.137 seconds
[2022-10-26 11:23:56,102] {processor.py:153} INFO - Started process (PID=3420) to work on /opt/airflow/dags/transform_and_analysis.py
[2022-10-26 11:23:56,103] {processor.py:641} INFO - Processing file /opt/airflow/dags/transform_and_analysis.py for tasks to queue
[2022-10-26 11:23:56,104] {logging_mixin.py:115} INFO - [2022-10-26 11:23:56,104] {dagbag.py:507} INFO - Filling up the DagBag from /opt/airflow/dags/transform_and_analysis.py
[2022-10-26 11:23:56,133] {processor.py:651} INFO - DAG(s) dict_keys(['2_daily_transformation_analysis']) retrieved from /opt/airflow/dags/transform_and_analysis.py
[2022-10-26 11:23:56,181] {logging_mixin.py:115} INFO - [2022-10-26 11:23:56,181] {dag.py:2371} INFO - Sync 1 DAGs
[2022-10-26 11:23:56,224] {logging_mixin.py:115} INFO - [2022-10-26 11:23:56,223] {dag.py:2919} INFO - Setting next_dagrun for 2_daily_transformation_analysis to None, run_after=None
[2022-10-26 11:23:56,251] {processor.py:161} INFO - Processing /opt/airflow/dags/transform_and_analysis.py took 0.154 seconds
[2022-10-26 11:24:26,346] {processor.py:153} INFO - Started process (PID=3481) to work on /opt/airflow/dags/transform_and_analysis.py
[2022-10-26 11:24:26,347] {processor.py:641} INFO - Processing file /opt/airflow/dags/transform_and_analysis.py for tasks to queue
[2022-10-26 11:24:26,349] {logging_mixin.py:115} INFO - [2022-10-26 11:24:26,349] {dagbag.py:507} INFO - Filling up the DagBag from /opt/airflow/dags/transform_and_analysis.py
[2022-10-26 11:24:26,390] {processor.py:651} INFO - DAG(s) dict_keys(['2_daily_transformation_analysis']) retrieved from /opt/airflow/dags/transform_and_analysis.py
[2022-10-26 11:24:26,436] {logging_mixin.py:115} INFO - [2022-10-26 11:24:26,436] {dag.py:2371} INFO - Sync 1 DAGs
[2022-10-26 11:24:26,482] {logging_mixin.py:115} INFO - [2022-10-26 11:24:26,482] {dag.py:2919} INFO - Setting next_dagrun for 2_daily_transformation_analysis to None, run_after=None
[2022-10-26 11:24:26,506] {processor.py:161} INFO - Processing /opt/airflow/dags/transform_and_analysis.py took 0.166 seconds
[2022-10-26 11:24:56,910] {processor.py:153} INFO - Started process (PID=3538) to work on /opt/airflow/dags/transform_and_analysis.py
[2022-10-26 11:24:56,911] {processor.py:641} INFO - Processing file /opt/airflow/dags/transform_and_analysis.py for tasks to queue
[2022-10-26 11:24:56,912] {logging_mixin.py:115} INFO - [2022-10-26 11:24:56,912] {dagbag.py:507} INFO - Filling up the DagBag from /opt/airflow/dags/transform_and_analysis.py
[2022-10-26 11:24:56,943] {processor.py:651} INFO - DAG(s) dict_keys(['2_daily_transformation_analysis']) retrieved from /opt/airflow/dags/transform_and_analysis.py
[2022-10-26 11:24:56,982] {logging_mixin.py:115} INFO - [2022-10-26 11:24:56,982] {dag.py:2371} INFO - Sync 1 DAGs
[2022-10-26 11:24:57,020] {logging_mixin.py:115} INFO - [2022-10-26 11:24:57,020] {dag.py:2919} INFO - Setting next_dagrun for 2_daily_transformation_analysis to None, run_after=None
[2022-10-26 11:24:57,043] {processor.py:161} INFO - Processing /opt/airflow/dags/transform_and_analysis.py took 0.138 seconds
[2022-10-26 11:25:27,566] {processor.py:153} INFO - Started process (PID=3592) to work on /opt/airflow/dags/transform_and_analysis.py
[2022-10-26 11:25:27,567] {processor.py:641} INFO - Processing file /opt/airflow/dags/transform_and_analysis.py for tasks to queue
[2022-10-26 11:25:27,569] {logging_mixin.py:115} INFO - [2022-10-26 11:25:27,569] {dagbag.py:507} INFO - Filling up the DagBag from /opt/airflow/dags/transform_and_analysis.py
[2022-10-26 11:25:27,597] {processor.py:651} INFO - DAG(s) dict_keys(['2_daily_transformation_analysis']) retrieved from /opt/airflow/dags/transform_and_analysis.py
[2022-10-26 11:25:27,632] {logging_mixin.py:115} INFO - [2022-10-26 11:25:27,632] {dag.py:2371} INFO - Sync 1 DAGs
[2022-10-26 11:25:27,660] {logging_mixin.py:115} INFO - [2022-10-26 11:25:27,660] {dag.py:2919} INFO - Setting next_dagrun for 2_daily_transformation_analysis to None, run_after=None
[2022-10-26 11:25:27,682] {processor.py:161} INFO - Processing /opt/airflow/dags/transform_and_analysis.py took 0.121 seconds
[2022-10-26 11:25:57,863] {processor.py:153} INFO - Started process (PID=3657) to work on /opt/airflow/dags/transform_and_analysis.py
[2022-10-26 11:25:57,864] {processor.py:641} INFO - Processing file /opt/airflow/dags/transform_and_analysis.py for tasks to queue
[2022-10-26 11:25:57,865] {logging_mixin.py:115} INFO - [2022-10-26 11:25:57,865] {dagbag.py:507} INFO - Filling up the DagBag from /opt/airflow/dags/transform_and_analysis.py
[2022-10-26 11:25:57,898] {processor.py:651} INFO - DAG(s) dict_keys(['2_daily_transformation_analysis']) retrieved from /opt/airflow/dags/transform_and_analysis.py
[2022-10-26 11:25:57,939] {logging_mixin.py:115} INFO - [2022-10-26 11:25:57,939] {dag.py:2371} INFO - Sync 1 DAGs
[2022-10-26 11:25:57,978] {logging_mixin.py:115} INFO - [2022-10-26 11:25:57,978] {dag.py:2919} INFO - Setting next_dagrun for 2_daily_transformation_analysis to None, run_after=None
[2022-10-26 11:25:58,001] {processor.py:161} INFO - Processing /opt/airflow/dags/transform_and_analysis.py took 0.144 seconds
[2022-10-26 11:26:28,946] {processor.py:153} INFO - Started process (PID=3718) to work on /opt/airflow/dags/transform_and_analysis.py
[2022-10-26 11:26:28,948] {processor.py:641} INFO - Processing file /opt/airflow/dags/transform_and_analysis.py for tasks to queue
[2022-10-26 11:26:28,950] {logging_mixin.py:115} INFO - [2022-10-26 11:26:28,949] {dagbag.py:507} INFO - Filling up the DagBag from /opt/airflow/dags/transform_and_analysis.py
[2022-10-26 11:26:28,998] {processor.py:651} INFO - DAG(s) dict_keys(['2_daily_transformation_analysis']) retrieved from /opt/airflow/dags/transform_and_analysis.py
[2022-10-26 11:26:29,038] {logging_mixin.py:115} INFO - [2022-10-26 11:26:29,038] {dag.py:2371} INFO - Sync 1 DAGs
[2022-10-26 11:26:29,072] {logging_mixin.py:115} INFO - [2022-10-26 11:26:29,072] {dag.py:2919} INFO - Setting next_dagrun for 2_daily_transformation_analysis to None, run_after=None
[2022-10-26 11:26:29,095] {processor.py:161} INFO - Processing /opt/airflow/dags/transform_and_analysis.py took 0.158 seconds
[2022-10-26 11:26:59,485] {processor.py:153} INFO - Started process (PID=3776) to work on /opt/airflow/dags/transform_and_analysis.py
[2022-10-26 11:26:59,486] {processor.py:641} INFO - Processing file /opt/airflow/dags/transform_and_analysis.py for tasks to queue
[2022-10-26 11:26:59,488] {logging_mixin.py:115} INFO - [2022-10-26 11:26:59,488] {dagbag.py:507} INFO - Filling up the DagBag from /opt/airflow/dags/transform_and_analysis.py
[2022-10-26 11:26:59,535] {processor.py:651} INFO - DAG(s) dict_keys(['2_daily_transformation_analysis']) retrieved from /opt/airflow/dags/transform_and_analysis.py
[2022-10-26 11:26:59,613] {logging_mixin.py:115} INFO - [2022-10-26 11:26:59,613] {dag.py:2371} INFO - Sync 1 DAGs
[2022-10-26 11:26:59,761] {logging_mixin.py:115} INFO - [2022-10-26 11:26:59,761] {dag.py:2919} INFO - Setting next_dagrun for 2_daily_transformation_analysis to None, run_after=None
[2022-10-26 11:26:59,841] {processor.py:161} INFO - Processing /opt/airflow/dags/transform_and_analysis.py took 0.362 seconds
[2022-10-26 11:27:30,715] {processor.py:153} INFO - Started process (PID=3839) to work on /opt/airflow/dags/transform_and_analysis.py
[2022-10-26 11:27:30,717] {processor.py:641} INFO - Processing file /opt/airflow/dags/transform_and_analysis.py for tasks to queue
[2022-10-26 11:27:30,718] {logging_mixin.py:115} INFO - [2022-10-26 11:27:30,718] {dagbag.py:507} INFO - Filling up the DagBag from /opt/airflow/dags/transform_and_analysis.py
[2022-10-26 11:27:30,746] {processor.py:651} INFO - DAG(s) dict_keys(['2_daily_transformation_analysis']) retrieved from /opt/airflow/dags/transform_and_analysis.py
[2022-10-26 11:27:30,786] {logging_mixin.py:115} INFO - [2022-10-26 11:27:30,786] {dag.py:2371} INFO - Sync 1 DAGs
[2022-10-26 11:27:30,818] {logging_mixin.py:115} INFO - [2022-10-26 11:27:30,818] {dag.py:2919} INFO - Setting next_dagrun for 2_daily_transformation_analysis to None, run_after=None
[2022-10-26 11:27:30,841] {processor.py:161} INFO - Processing /opt/airflow/dags/transform_and_analysis.py took 0.132 seconds
[2022-10-26 11:28:01,072] {processor.py:153} INFO - Started process (PID=3893) to work on /opt/airflow/dags/transform_and_analysis.py
[2022-10-26 11:28:01,074] {processor.py:641} INFO - Processing file /opt/airflow/dags/transform_and_analysis.py for tasks to queue
[2022-10-26 11:28:01,075] {logging_mixin.py:115} INFO - [2022-10-26 11:28:01,075] {dagbag.py:507} INFO - Filling up the DagBag from /opt/airflow/dags/transform_and_analysis.py
[2022-10-26 11:28:01,113] {processor.py:651} INFO - DAG(s) dict_keys(['2_daily_transformation_analysis']) retrieved from /opt/airflow/dags/transform_and_analysis.py
[2022-10-26 11:28:01,161] {logging_mixin.py:115} INFO - [2022-10-26 11:28:01,161] {dag.py:2371} INFO - Sync 1 DAGs
[2022-10-26 11:28:01,233] {logging_mixin.py:115} INFO - [2022-10-26 11:28:01,233] {dag.py:2919} INFO - Setting next_dagrun for 2_daily_transformation_analysis to None, run_after=None
[2022-10-26 11:28:01,272] {processor.py:161} INFO - Processing /opt/airflow/dags/transform_and_analysis.py took 0.207 seconds
[2022-10-26 11:28:31,706] {processor.py:153} INFO - Started process (PID=3956) to work on /opt/airflow/dags/transform_and_analysis.py
[2022-10-26 11:28:31,707] {processor.py:641} INFO - Processing file /opt/airflow/dags/transform_and_analysis.py for tasks to queue
[2022-10-26 11:28:31,709] {logging_mixin.py:115} INFO - [2022-10-26 11:28:31,708] {dagbag.py:507} INFO - Filling up the DagBag from /opt/airflow/dags/transform_and_analysis.py
[2022-10-26 11:28:31,737] {processor.py:651} INFO - DAG(s) dict_keys(['2_daily_transformation_analysis']) retrieved from /opt/airflow/dags/transform_and_analysis.py
[2022-10-26 11:28:31,782] {logging_mixin.py:115} INFO - [2022-10-26 11:28:31,781] {dag.py:2371} INFO - Sync 1 DAGs
[2022-10-26 11:28:31,817] {logging_mixin.py:115} INFO - [2022-10-26 11:28:31,816] {dag.py:2919} INFO - Setting next_dagrun for 2_daily_transformation_analysis to None, run_after=None
[2022-10-26 11:28:31,839] {processor.py:161} INFO - Processing /opt/airflow/dags/transform_and_analysis.py took 0.139 seconds
[2022-10-26 11:29:02,222] {processor.py:153} INFO - Started process (PID=4010) to work on /opt/airflow/dags/transform_and_analysis.py
[2022-10-26 11:29:02,223] {processor.py:641} INFO - Processing file /opt/airflow/dags/transform_and_analysis.py for tasks to queue
[2022-10-26 11:29:02,225] {logging_mixin.py:115} INFO - [2022-10-26 11:29:02,225] {dagbag.py:507} INFO - Filling up the DagBag from /opt/airflow/dags/transform_and_analysis.py
[2022-10-26 11:29:02,255] {processor.py:651} INFO - DAG(s) dict_keys(['2_daily_transformation_analysis']) retrieved from /opt/airflow/dags/transform_and_analysis.py
[2022-10-26 11:29:02,295] {logging_mixin.py:115} INFO - [2022-10-26 11:29:02,295] {dag.py:2371} INFO - Sync 1 DAGs
[2022-10-26 11:29:02,334] {logging_mixin.py:115} INFO - [2022-10-26 11:29:02,334] {dag.py:2919} INFO - Setting next_dagrun for 2_daily_transformation_analysis to None, run_after=None
[2022-10-26 11:29:02,357] {processor.py:161} INFO - Processing /opt/airflow/dags/transform_and_analysis.py took 0.140 seconds
[2022-10-26 11:29:32,820] {processor.py:153} INFO - Started process (PID=4074) to work on /opt/airflow/dags/transform_and_analysis.py
[2022-10-26 11:29:32,821] {processor.py:641} INFO - Processing file /opt/airflow/dags/transform_and_analysis.py for tasks to queue
[2022-10-26 11:29:32,823] {logging_mixin.py:115} INFO - [2022-10-26 11:29:32,823] {dagbag.py:507} INFO - Filling up the DagBag from /opt/airflow/dags/transform_and_analysis.py
[2022-10-26 11:29:32,854] {processor.py:651} INFO - DAG(s) dict_keys(['2_daily_transformation_analysis']) retrieved from /opt/airflow/dags/transform_and_analysis.py
[2022-10-26 11:29:32,894] {logging_mixin.py:115} INFO - [2022-10-26 11:29:32,894] {dag.py:2371} INFO - Sync 1 DAGs
[2022-10-26 11:29:32,930] {logging_mixin.py:115} INFO - [2022-10-26 11:29:32,930] {dag.py:2919} INFO - Setting next_dagrun for 2_daily_transformation_analysis to None, run_after=None
[2022-10-26 11:29:32,958] {processor.py:161} INFO - Processing /opt/airflow/dags/transform_and_analysis.py took 0.144 seconds
[2022-10-26 11:30:03,068] {processor.py:153} INFO - Started process (PID=4129) to work on /opt/airflow/dags/transform_and_analysis.py
[2022-10-26 11:30:03,069] {processor.py:641} INFO - Processing file /opt/airflow/dags/transform_and_analysis.py for tasks to queue
[2022-10-26 11:30:03,071] {logging_mixin.py:115} INFO - [2022-10-26 11:30:03,071] {dagbag.py:507} INFO - Filling up the DagBag from /opt/airflow/dags/transform_and_analysis.py
[2022-10-26 11:30:03,103] {processor.py:651} INFO - DAG(s) dict_keys(['2_daily_transformation_analysis']) retrieved from /opt/airflow/dags/transform_and_analysis.py
[2022-10-26 11:30:03,161] {logging_mixin.py:115} INFO - [2022-10-26 11:30:03,160] {dag.py:2371} INFO - Sync 1 DAGs
[2022-10-26 11:30:03,234] {logging_mixin.py:115} INFO - [2022-10-26 11:30:03,234] {dag.py:2919} INFO - Setting next_dagrun for 2_daily_transformation_analysis to None, run_after=None
[2022-10-26 11:30:03,293] {processor.py:161} INFO - Processing /opt/airflow/dags/transform_and_analysis.py took 0.230 seconds
[2022-10-26 11:30:33,460] {processor.py:153} INFO - Started process (PID=4193) to work on /opt/airflow/dags/transform_and_analysis.py
[2022-10-26 11:30:33,462] {processor.py:641} INFO - Processing file /opt/airflow/dags/transform_and_analysis.py for tasks to queue
[2022-10-26 11:30:33,464] {logging_mixin.py:115} INFO - [2022-10-26 11:30:33,463] {dagbag.py:507} INFO - Filling up the DagBag from /opt/airflow/dags/transform_and_analysis.py
[2022-10-26 11:30:33,608] {processor.py:651} INFO - DAG(s) dict_keys(['2_daily_transformation_analysis']) retrieved from /opt/airflow/dags/transform_and_analysis.py
[2022-10-26 11:30:33,715] {logging_mixin.py:115} INFO - [2022-10-26 11:30:33,715] {dag.py:2371} INFO - Sync 1 DAGs
[2022-10-26 11:30:33,837] {logging_mixin.py:115} INFO - [2022-10-26 11:30:33,837] {dag.py:2919} INFO - Setting next_dagrun for 2_daily_transformation_analysis to None, run_after=None
[2022-10-26 11:30:33,920] {processor.py:161} INFO - Processing /opt/airflow/dags/transform_and_analysis.py took 0.466 seconds
[2022-10-26 11:31:04,495] {processor.py:153} INFO - Started process (PID=4247) to work on /opt/airflow/dags/transform_and_analysis.py
[2022-10-26 11:31:04,496] {processor.py:641} INFO - Processing file /opt/airflow/dags/transform_and_analysis.py for tasks to queue
[2022-10-26 11:31:04,498] {logging_mixin.py:115} INFO - [2022-10-26 11:31:04,497] {dagbag.py:507} INFO - Filling up the DagBag from /opt/airflow/dags/transform_and_analysis.py
[2022-10-26 11:31:04,544] {processor.py:651} INFO - DAG(s) dict_keys(['2_daily_transformation_analysis']) retrieved from /opt/airflow/dags/transform_and_analysis.py
[2022-10-26 11:31:04,595] {logging_mixin.py:115} INFO - [2022-10-26 11:31:04,595] {dag.py:2371} INFO - Sync 1 DAGs
[2022-10-26 11:31:04,661] {logging_mixin.py:115} INFO - [2022-10-26 11:31:04,661] {dag.py:2919} INFO - Setting next_dagrun for 2_daily_transformation_analysis to None, run_after=None
[2022-10-26 11:31:04,700] {processor.py:161} INFO - Processing /opt/airflow/dags/transform_and_analysis.py took 0.214 seconds
[2022-10-26 11:31:34,783] {processor.py:153} INFO - Started process (PID=4302) to work on /opt/airflow/dags/transform_and_analysis.py
[2022-10-26 11:31:34,784] {processor.py:641} INFO - Processing file /opt/airflow/dags/transform_and_analysis.py for tasks to queue
[2022-10-26 11:31:34,785] {logging_mixin.py:115} INFO - [2022-10-26 11:31:34,785] {dagbag.py:507} INFO - Filling up the DagBag from /opt/airflow/dags/transform_and_analysis.py
[2022-10-26 11:31:34,819] {processor.py:651} INFO - DAG(s) dict_keys(['2_daily_transformation_analysis']) retrieved from /opt/airflow/dags/transform_and_analysis.py
[2022-10-26 11:31:34,858] {logging_mixin.py:115} INFO - [2022-10-26 11:31:34,858] {dag.py:2371} INFO - Sync 1 DAGs
[2022-10-26 11:31:34,891] {logging_mixin.py:115} INFO - [2022-10-26 11:31:34,891] {dag.py:2919} INFO - Setting next_dagrun for 2_daily_transformation_analysis to None, run_after=None
[2022-10-26 11:31:34,911] {processor.py:161} INFO - Processing /opt/airflow/dags/transform_and_analysis.py took 0.133 seconds
[2022-10-26 11:32:05,464] {processor.py:153} INFO - Started process (PID=4366) to work on /opt/airflow/dags/transform_and_analysis.py
[2022-10-26 11:32:05,465] {processor.py:641} INFO - Processing file /opt/airflow/dags/transform_and_analysis.py for tasks to queue
[2022-10-26 11:32:05,468] {logging_mixin.py:115} INFO - [2022-10-26 11:32:05,467] {dagbag.py:507} INFO - Filling up the DagBag from /opt/airflow/dags/transform_and_analysis.py
[2022-10-26 11:32:05,522] {processor.py:651} INFO - DAG(s) dict_keys(['2_daily_transformation_analysis']) retrieved from /opt/airflow/dags/transform_and_analysis.py
[2022-10-26 11:32:05,622] {logging_mixin.py:115} INFO - [2022-10-26 11:32:05,622] {dag.py:2371} INFO - Sync 1 DAGs
[2022-10-26 11:32:05,674] {logging_mixin.py:115} INFO - [2022-10-26 11:32:05,674] {dag.py:2919} INFO - Setting next_dagrun for 2_daily_transformation_analysis to None, run_after=None
[2022-10-26 11:32:05,716] {processor.py:161} INFO - Processing /opt/airflow/dags/transform_and_analysis.py took 0.258 seconds
[2022-10-26 11:32:35,984] {processor.py:153} INFO - Started process (PID=4420) to work on /opt/airflow/dags/transform_and_analysis.py
[2022-10-26 11:32:35,985] {processor.py:641} INFO - Processing file /opt/airflow/dags/transform_and_analysis.py for tasks to queue
[2022-10-26 11:32:35,986] {logging_mixin.py:115} INFO - [2022-10-26 11:32:35,986] {dagbag.py:507} INFO - Filling up the DagBag from /opt/airflow/dags/transform_and_analysis.py
[2022-10-26 11:32:36,020] {processor.py:651} INFO - DAG(s) dict_keys(['2_daily_transformation_analysis']) retrieved from /opt/airflow/dags/transform_and_analysis.py
[2022-10-26 11:32:36,064] {logging_mixin.py:115} INFO - [2022-10-26 11:32:36,064] {dag.py:2371} INFO - Sync 1 DAGs
[2022-10-26 11:32:36,097] {logging_mixin.py:115} INFO - [2022-10-26 11:32:36,096] {dag.py:2919} INFO - Setting next_dagrun for 2_daily_transformation_analysis to None, run_after=None
[2022-10-26 11:32:36,116] {processor.py:161} INFO - Processing /opt/airflow/dags/transform_and_analysis.py took 0.138 seconds
[2022-10-26 11:33:06,478] {processor.py:153} INFO - Started process (PID=4483) to work on /opt/airflow/dags/transform_and_analysis.py
[2022-10-26 11:33:06,480] {processor.py:641} INFO - Processing file /opt/airflow/dags/transform_and_analysis.py for tasks to queue
[2022-10-26 11:33:06,481] {logging_mixin.py:115} INFO - [2022-10-26 11:33:06,481] {dagbag.py:507} INFO - Filling up the DagBag from /opt/airflow/dags/transform_and_analysis.py
[2022-10-26 11:33:06,509] {processor.py:651} INFO - DAG(s) dict_keys(['2_daily_transformation_analysis']) retrieved from /opt/airflow/dags/transform_and_analysis.py
[2022-10-26 11:33:06,550] {logging_mixin.py:115} INFO - [2022-10-26 11:33:06,550] {dag.py:2371} INFO - Sync 1 DAGs
[2022-10-26 11:33:06,582] {logging_mixin.py:115} INFO - [2022-10-26 11:33:06,582] {dag.py:2919} INFO - Setting next_dagrun for 2_daily_transformation_analysis to None, run_after=None
[2022-10-26 11:33:06,607] {processor.py:161} INFO - Processing /opt/airflow/dags/transform_and_analysis.py took 0.136 seconds
[2022-10-26 11:33:37,109] {processor.py:153} INFO - Started process (PID=4538) to work on /opt/airflow/dags/transform_and_analysis.py
[2022-10-26 11:33:37,110] {processor.py:641} INFO - Processing file /opt/airflow/dags/transform_and_analysis.py for tasks to queue
[2022-10-26 11:33:37,111] {logging_mixin.py:115} INFO - [2022-10-26 11:33:37,111] {dagbag.py:507} INFO - Filling up the DagBag from /opt/airflow/dags/transform_and_analysis.py
[2022-10-26 11:33:37,145] {processor.py:651} INFO - DAG(s) dict_keys(['2_daily_transformation_analysis']) retrieved from /opt/airflow/dags/transform_and_analysis.py
[2022-10-26 11:33:37,181] {logging_mixin.py:115} INFO - [2022-10-26 11:33:37,181] {dag.py:2371} INFO - Sync 1 DAGs
[2022-10-26 11:33:37,212] {logging_mixin.py:115} INFO - [2022-10-26 11:33:37,211] {dag.py:2919} INFO - Setting next_dagrun for 2_daily_transformation_analysis to None, run_after=None
[2022-10-26 11:33:37,231] {processor.py:161} INFO - Processing /opt/airflow/dags/transform_and_analysis.py took 0.129 seconds
[2022-10-26 11:34:07,906] {processor.py:153} INFO - Started process (PID=4601) to work on /opt/airflow/dags/transform_and_analysis.py
[2022-10-26 11:34:07,908] {processor.py:641} INFO - Processing file /opt/airflow/dags/transform_and_analysis.py for tasks to queue
[2022-10-26 11:34:07,909] {logging_mixin.py:115} INFO - [2022-10-26 11:34:07,909] {dagbag.py:507} INFO - Filling up the DagBag from /opt/airflow/dags/transform_and_analysis.py
[2022-10-26 11:34:07,942] {processor.py:651} INFO - DAG(s) dict_keys(['2_daily_transformation_analysis']) retrieved from /opt/airflow/dags/transform_and_analysis.py
[2022-10-26 11:34:07,979] {logging_mixin.py:115} INFO - [2022-10-26 11:34:07,979] {dag.py:2371} INFO - Sync 1 DAGs
[2022-10-26 11:34:08,017] {logging_mixin.py:115} INFO - [2022-10-26 11:34:08,017] {dag.py:2919} INFO - Setting next_dagrun for 2_daily_transformation_analysis to None, run_after=None
[2022-10-26 11:34:08,041] {processor.py:161} INFO - Processing /opt/airflow/dags/transform_and_analysis.py took 0.140 seconds
[2022-10-26 11:34:38,430] {processor.py:153} INFO - Started process (PID=4655) to work on /opt/airflow/dags/transform_and_analysis.py
[2022-10-26 11:34:38,431] {processor.py:641} INFO - Processing file /opt/airflow/dags/transform_and_analysis.py for tasks to queue
[2022-10-26 11:34:38,432] {logging_mixin.py:115} INFO - [2022-10-26 11:34:38,432] {dagbag.py:507} INFO - Filling up the DagBag from /opt/airflow/dags/transform_and_analysis.py
[2022-10-26 11:34:38,461] {processor.py:651} INFO - DAG(s) dict_keys(['2_daily_transformation_analysis']) retrieved from /opt/airflow/dags/transform_and_analysis.py
[2022-10-26 11:34:38,523] {logging_mixin.py:115} INFO - [2022-10-26 11:34:38,523] {dag.py:2371} INFO - Sync 1 DAGs
[2022-10-26 11:34:38,556] {logging_mixin.py:115} INFO - [2022-10-26 11:34:38,556] {dag.py:2919} INFO - Setting next_dagrun for 2_daily_transformation_analysis to None, run_after=None
[2022-10-26 11:34:38,576] {processor.py:161} INFO - Processing /opt/airflow/dags/transform_and_analysis.py took 0.152 seconds
[2022-10-26 11:35:09,117] {processor.py:153} INFO - Started process (PID=4719) to work on /opt/airflow/dags/transform_and_analysis.py
[2022-10-26 11:35:09,118] {processor.py:641} INFO - Processing file /opt/airflow/dags/transform_and_analysis.py for tasks to queue
[2022-10-26 11:35:09,119] {logging_mixin.py:115} INFO - [2022-10-26 11:35:09,119] {dagbag.py:507} INFO - Filling up the DagBag from /opt/airflow/dags/transform_and_analysis.py
[2022-10-26 11:35:09,145] {processor.py:651} INFO - DAG(s) dict_keys(['2_daily_transformation_analysis']) retrieved from /opt/airflow/dags/transform_and_analysis.py
[2022-10-26 11:35:09,182] {logging_mixin.py:115} INFO - [2022-10-26 11:35:09,182] {dag.py:2371} INFO - Sync 1 DAGs
[2022-10-26 11:35:09,220] {logging_mixin.py:115} INFO - [2022-10-26 11:35:09,220] {dag.py:2919} INFO - Setting next_dagrun for 2_daily_transformation_analysis to None, run_after=None
[2022-10-26 11:35:09,254] {processor.py:161} INFO - Processing /opt/airflow/dags/transform_and_analysis.py took 0.144 seconds
[2022-10-26 11:35:39,332] {processor.py:153} INFO - Started process (PID=4774) to work on /opt/airflow/dags/transform_and_analysis.py
[2022-10-26 11:35:39,333] {processor.py:641} INFO - Processing file /opt/airflow/dags/transform_and_analysis.py for tasks to queue
[2022-10-26 11:35:39,334] {logging_mixin.py:115} INFO - [2022-10-26 11:35:39,334] {dagbag.py:507} INFO - Filling up the DagBag from /opt/airflow/dags/transform_and_analysis.py
[2022-10-26 11:35:39,361] {processor.py:651} INFO - DAG(s) dict_keys(['2_daily_transformation_analysis']) retrieved from /opt/airflow/dags/transform_and_analysis.py
[2022-10-26 11:35:39,401] {logging_mixin.py:115} INFO - [2022-10-26 11:35:39,401] {dag.py:2371} INFO - Sync 1 DAGs
[2022-10-26 11:35:39,444] {logging_mixin.py:115} INFO - [2022-10-26 11:35:39,444] {dag.py:2919} INFO - Setting next_dagrun for 2_daily_transformation_analysis to None, run_after=None
[2022-10-26 11:35:39,475] {processor.py:161} INFO - Processing /opt/airflow/dags/transform_and_analysis.py took 0.147 seconds
[2022-10-26 11:36:09,764] {processor.py:153} INFO - Started process (PID=4838) to work on /opt/airflow/dags/transform_and_analysis.py
[2022-10-26 11:36:09,765] {processor.py:641} INFO - Processing file /opt/airflow/dags/transform_and_analysis.py for tasks to queue
[2022-10-26 11:36:09,767] {logging_mixin.py:115} INFO - [2022-10-26 11:36:09,767] {dagbag.py:507} INFO - Filling up the DagBag from /opt/airflow/dags/transform_and_analysis.py
[2022-10-26 11:36:09,820] {processor.py:651} INFO - DAG(s) dict_keys(['2_daily_transformation_analysis']) retrieved from /opt/airflow/dags/transform_and_analysis.py
[2022-10-26 11:36:09,862] {logging_mixin.py:115} INFO - [2022-10-26 11:36:09,862] {dag.py:2371} INFO - Sync 1 DAGs
[2022-10-26 11:36:09,903] {logging_mixin.py:115} INFO - [2022-10-26 11:36:09,902] {dag.py:2919} INFO - Setting next_dagrun for 2_daily_transformation_analysis to None, run_after=None
[2022-10-26 11:36:09,927] {processor.py:161} INFO - Processing /opt/airflow/dags/transform_and_analysis.py took 0.171 seconds
[2022-10-26 11:36:40,037] {processor.py:153} INFO - Started process (PID=4894) to work on /opt/airflow/dags/transform_and_analysis.py
[2022-10-26 11:36:40,038] {processor.py:641} INFO - Processing file /opt/airflow/dags/transform_and_analysis.py for tasks to queue
[2022-10-26 11:36:40,039] {logging_mixin.py:115} INFO - [2022-10-26 11:36:40,039] {dagbag.py:507} INFO - Filling up the DagBag from /opt/airflow/dags/transform_and_analysis.py
[2022-10-26 11:36:40,066] {processor.py:651} INFO - DAG(s) dict_keys(['2_daily_transformation_analysis']) retrieved from /opt/airflow/dags/transform_and_analysis.py
[2022-10-26 11:36:40,105] {logging_mixin.py:115} INFO - [2022-10-26 11:36:40,105] {dag.py:2371} INFO - Sync 1 DAGs
[2022-10-26 11:36:40,137] {logging_mixin.py:115} INFO - [2022-10-26 11:36:40,137] {dag.py:2919} INFO - Setting next_dagrun for 2_daily_transformation_analysis to None, run_after=None
[2022-10-26 11:36:40,160] {processor.py:161} INFO - Processing /opt/airflow/dags/transform_and_analysis.py took 0.128 seconds
[2022-10-26 11:37:10,850] {processor.py:153} INFO - Started process (PID=4957) to work on /opt/airflow/dags/transform_and_analysis.py
[2022-10-26 11:37:10,851] {processor.py:641} INFO - Processing file /opt/airflow/dags/transform_and_analysis.py for tasks to queue
[2022-10-26 11:37:10,853] {logging_mixin.py:115} INFO - [2022-10-26 11:37:10,853] {dagbag.py:507} INFO - Filling up the DagBag from /opt/airflow/dags/transform_and_analysis.py
[2022-10-26 11:37:10,879] {processor.py:651} INFO - DAG(s) dict_keys(['2_daily_transformation_analysis']) retrieved from /opt/airflow/dags/transform_and_analysis.py
[2022-10-26 11:37:10,919] {logging_mixin.py:115} INFO - [2022-10-26 11:37:10,919] {dag.py:2371} INFO - Sync 1 DAGs
[2022-10-26 11:37:10,958] {logging_mixin.py:115} INFO - [2022-10-26 11:37:10,958] {dag.py:2919} INFO - Setting next_dagrun for 2_daily_transformation_analysis to None, run_after=None
[2022-10-26 11:37:10,980] {processor.py:161} INFO - Processing /opt/airflow/dags/transform_and_analysis.py took 0.135 seconds
[2022-10-26 11:37:42,018] {processor.py:153} INFO - Started process (PID=5012) to work on /opt/airflow/dags/transform_and_analysis.py
[2022-10-26 11:37:42,019] {processor.py:641} INFO - Processing file /opt/airflow/dags/transform_and_analysis.py for tasks to queue
[2022-10-26 11:37:42,020] {logging_mixin.py:115} INFO - [2022-10-26 11:37:42,020] {dagbag.py:507} INFO - Filling up the DagBag from /opt/airflow/dags/transform_and_analysis.py
[2022-10-26 11:37:42,050] {processor.py:651} INFO - DAG(s) dict_keys(['2_daily_transformation_analysis']) retrieved from /opt/airflow/dags/transform_and_analysis.py
[2022-10-26 11:37:42,086] {logging_mixin.py:115} INFO - [2022-10-26 11:37:42,085] {dag.py:2371} INFO - Sync 1 DAGs
[2022-10-26 11:37:42,114] {logging_mixin.py:115} INFO - [2022-10-26 11:37:42,114] {dag.py:2919} INFO - Setting next_dagrun for 2_daily_transformation_analysis to None, run_after=None
[2022-10-26 11:37:42,135] {processor.py:161} INFO - Processing /opt/airflow/dags/transform_and_analysis.py took 0.122 seconds
[2022-10-26 11:38:13,169] {processor.py:153} INFO - Started process (PID=5077) to work on /opt/airflow/dags/transform_and_analysis.py
[2022-10-26 11:38:13,171] {processor.py:641} INFO - Processing file /opt/airflow/dags/transform_and_analysis.py for tasks to queue
[2022-10-26 11:38:13,172] {logging_mixin.py:115} INFO - [2022-10-26 11:38:13,172] {dagbag.py:507} INFO - Filling up the DagBag from /opt/airflow/dags/transform_and_analysis.py
[2022-10-26 11:38:13,216] {processor.py:651} INFO - DAG(s) dict_keys(['2_daily_transformation_analysis']) retrieved from /opt/airflow/dags/transform_and_analysis.py
[2022-10-26 11:38:13,346] {logging_mixin.py:115} INFO - [2022-10-26 11:38:13,346] {dag.py:2371} INFO - Sync 1 DAGs
[2022-10-26 11:38:13,415] {logging_mixin.py:115} INFO - [2022-10-26 11:38:13,415] {dag.py:2919} INFO - Setting next_dagrun for 2_daily_transformation_analysis to None, run_after=None
[2022-10-26 11:38:13,456] {processor.py:161} INFO - Processing /opt/airflow/dags/transform_and_analysis.py took 0.297 seconds
[2022-10-26 11:38:44,366] {processor.py:153} INFO - Started process (PID=5131) to work on /opt/airflow/dags/transform_and_analysis.py
[2022-10-26 11:38:44,367] {processor.py:641} INFO - Processing file /opt/airflow/dags/transform_and_analysis.py for tasks to queue
[2022-10-26 11:38:44,368] {logging_mixin.py:115} INFO - [2022-10-26 11:38:44,368] {dagbag.py:507} INFO - Filling up the DagBag from /opt/airflow/dags/transform_and_analysis.py
[2022-10-26 11:38:44,400] {processor.py:651} INFO - DAG(s) dict_keys(['2_daily_transformation_analysis']) retrieved from /opt/airflow/dags/transform_and_analysis.py
[2022-10-26 11:38:44,451] {logging_mixin.py:115} INFO - [2022-10-26 11:38:44,450] {dag.py:2371} INFO - Sync 1 DAGs
[2022-10-26 11:38:44,497] {logging_mixin.py:115} INFO - [2022-10-26 11:38:44,497] {dag.py:2919} INFO - Setting next_dagrun for 2_daily_transformation_analysis to None, run_after=None
[2022-10-26 11:38:44,562] {processor.py:161} INFO - Processing /opt/airflow/dags/transform_and_analysis.py took 0.201 seconds
[2022-10-26 11:39:15,061] {processor.py:153} INFO - Started process (PID=5194) to work on /opt/airflow/dags/transform_and_analysis.py
[2022-10-26 11:39:15,063] {processor.py:641} INFO - Processing file /opt/airflow/dags/transform_and_analysis.py for tasks to queue
[2022-10-26 11:39:15,064] {logging_mixin.py:115} INFO - [2022-10-26 11:39:15,064] {dagbag.py:507} INFO - Filling up the DagBag from /opt/airflow/dags/transform_and_analysis.py
[2022-10-26 11:39:15,094] {processor.py:651} INFO - DAG(s) dict_keys(['2_daily_transformation_analysis']) retrieved from /opt/airflow/dags/transform_and_analysis.py
[2022-10-26 11:39:15,135] {logging_mixin.py:115} INFO - [2022-10-26 11:39:15,135] {dag.py:2371} INFO - Sync 1 DAGs
[2022-10-26 11:39:15,174] {logging_mixin.py:115} INFO - [2022-10-26 11:39:15,174] {dag.py:2919} INFO - Setting next_dagrun for 2_daily_transformation_analysis to None, run_after=None
[2022-10-26 11:39:15,194] {processor.py:161} INFO - Processing /opt/airflow/dags/transform_and_analysis.py took 0.139 seconds
